#BEGIN: [Wed Jul 19 20:21:57 2023]
#HOST: mini29.local
#TIMELIMIT: 7200
#MEMLIMIT: 0
#FREQ: 10
#SOLVER: sat-based-isr-tj05-230719-15h37m
#ARG1: benchmark/ISR-benchmark/exp_instance/IS_exp_instance008.col
#ARG2: benchmark/ISR-benchmark/exp_instance/IS_exp_instance008.dat
#COMMAND: /Users/soh/app/scala-2.12.4/bin/scala -J-Xms32g -J-Xmx32g -cp /Users/soh/app/IsrForCompetition230719-15h37m/scop.jar:/Users/soh/app/IsrForCompetition230719-15h37m/isr4competition_2.12-1.3.5.jar fun.scop.app.isr.IsrSolverTj05 benchmark/ISR-benchmark/exp_instance/IS_exp_instance008.col benchmark/ISR-benchmark/exp_instance/IS_exp_instance008.dat cadical /Users/soh/app/IsrForCompetition230719-15h37m/cadical
#Nodes: 104
#Edges: 654
c (0) step 1 UNSAT 639 2802
c (0) step 2 UNSAT 1203 4920
c (0) step 3 UNSAT 1812 7140
c (0) step 4 UNSAT 2481 9491
c (0) step 5 UNSAT 3225 12002
c (0) step 6 UNSAT 4059 14702
c (0) step 7 UNSAT 4998 17620
c (0) step 8 UNSAT 6057 20785
c (0) step 9 UNSAT 7251 24226
c (1) step 10 UNSAT 8595 27972
c (3) step 11 UNSAT 10104 32052
c (5) step 12 UNSAT 11793 36495
c (9) step 13 UNSAT 13677 41330
c (23) step 14 UNSAT 15771 46586
c (64) step 15 UNSAT 18090 52292
c (142) step 16 UNSAT 20649 58477
c (281) step 17 UNSAT 23463 65170
c (534) step 18 UNSAT 26277 71863
c (727) step 19 UNSAT 29091 78556
c (1525) step 20 UNSAT 31905 85249
c (2231) step 21 UNSAT 34719 91942
c (3631) step 22 UNSAT 37533 98635
c (4702) step 23 UNSAT 40347 105328
c (5446) step 24 UNSAT 43161 112021
c (7035) step 25 UNSAT 45975 118714
TIMEOUT CPU 7200 MEM 0 MAXMEM 0
#RESULT: UNK
#FIN: TO
#CPU: 7200
#MAXMEM: 0
c 16432 killed(2). 16433 killed(2). 16446 killed(2). 16432 killed(9). 16433 killed(9). 16446 killed(9). 
#END: [Wed Jul 19 22:21:58 2023]
