#BEGIN: [Wed Jul 19 22:23:00 2023]
#HOST: mini21.local
#TIMELIMIT: 7200
#MEMLIMIT: 0
#FREQ: 10
#SOLVER: sat-based-isr-tj05-230719-15h37m
#ARG1: benchmark/ISR-benchmark/exp_instance/IS_exp_instance014.col
#ARG2: benchmark/ISR-benchmark/exp_instance/IS_exp_instance014.dat
#COMMAND: /Users/soh/app/scala-2.12.4/bin/scala -J-Xms32g -J-Xmx32g -cp /Users/soh/app/IsrForCompetition230719-15h37m/scop.jar:/Users/soh/app/IsrForCompetition230719-15h37m/isr4competition_2.12-1.3.5.jar fun.scop.app.isr.IsrSolverTj05 benchmark/ISR-benchmark/exp_instance/IS_exp_instance014.col benchmark/ISR-benchmark/exp_instance/IS_exp_instance014.dat cadical /Users/soh/app/IsrForCompetition230719-15h37m/cadical
#Nodes: 182
#Edges: 1158
c (0) step 1 UNSAT 1119 4938
c (0) step 2 UNSAT 2109 8670
c (0) step 3 UNSAT 3180 12588
c (0) step 4 UNSAT 4359 16745
c (0) step 5 UNSAT 5673 21194
c (0) step 6 UNSAT 7149 25988
c (0) step 7 UNSAT 8814 31180
c (1) step 8 UNSAT 10695 36823
c (2) step 9 UNSAT 12819 42970
c (10) step 10 UNSAT 15213 49674
c (65) step 11 UNSAT 17904 56988
c (492) step 12 UNSAT 20919 64965
c (1223) step 13 UNSAT 24285 73658
c (2470) step 14 UNSAT 28029 83120
c (5418) step 15 UNSAT 32178 93404
TIMEOUT CPU 7200 MEM 0 MAXMEM 0
#RESULT: UNK
#FIN: TO
#CPU: 7200
#MAXMEM: 0
c 54902 killed(2). 54903 killed(2). 54916 killed(2). 54902 killed(9). 54903 killed(9). 54916 killed(9). 
#END: [Thu Jul 20 00:23:01 2023]
