#BEGIN: [Tue Aug  8 16:24:26 2023]
#HOST: mini28.local
#TIMELIMIT: 1800
#MEMLIMIT: 0
#FREQ: 10
#SOLVER: recon
#ARG1: benchmark/ISR-benchmark/exp_instance/IS_exp_instance001.col
#ARG2: benchmark/ISR-benchmark/exp_instance/IS_exp_instance001.dat
#COMMAND: /Users/soh/app/recon/src/recon benchmark/ISR-benchmark/exp_instance/IS_exp_instance001.col benchmark/ISR-benchmark/exp_instance/IS_exp_instance001.dat
c Copyright Volker Turau & Christoph Weyer, 2022
c Institute of Telematics
c Hamburg University of Technology, Hamburg, Germany
c Contact: turau@tuhh.de
c Graph file: benchmark/ISR-benchmark/exp_instance/IS_exp_instance001.col
c Target file: benchmark/ISR-benchmark/exp_instance/IS_exp_instance001.dat
c Size of independent set: 2
c Number of nodes of graph: 13
c Number of edges of graph: 66
c Average degree of graph: 10.15
s 1 8 
t 7 13 
c BFS found 1 new nodes in level 1 (total 2/268435456)
c BFS found 1 new nodes in level 2 (total 3/268435456)
c BFS found 1 new nodes in level 3 (total 4/268435456)
c BFS found 1 new nodes in level 4 (total 5/268435456)
c BFS found 1 new nodes in level 5 (total 6/268435456)
c BFS found 1 new nodes in level 6 (total 7/268435456)
c BFS found 1 new nodes in level 7 (total 8/268435456)
c BFS found 1 new nodes in level 8 (total 9/268435456)
c BFS found 1 new nodes in level 9 (total 10/268435456)
c BFS found 1 new nodes in level 10 (total 11/268435456)
c BFS exiting found=true count=11 max_count=268435456
c Found with: Breadth First Search
a YES
a 1 8 
a 2 8 
a 2 9 
a 3 9 
a 3 10 
a 4 10 
a 4 11 
a 5 11 
a 5 12 
a 6 12 
a 6 13 
a 7 13 
c Length: 11
	Command being timed: "/Users/soh/app/recon/src/recon benchmark/ISR-benchmark/exp_instance/IS_exp_instance001.col benchmark/ISR-benchmark/exp_instance/IS_exp_instance001.dat"
	User time (seconds): 0.00
	System time (seconds): 0.00
	Percent of CPU this job got: 0%
	Elapsed (wall clock) time (h:mm:ss or m:ss): 0:00.00
	Average shared text size (kbytes): 0
	Average unshared data size (kbytes): 0
	Average stack size (kbytes): 0
	Average total size (kbytes): 0
	Maximum resident set size (kbytes): 3211264
	Average resident set size (kbytes): 0
	Major (requiring I/O) page faults: 0
	Minor (reclaiming a frame) page faults: 337
	Voluntary context switches: 15
	Involuntary context switches: 2
	Swaps: 0
	File system inputs: 0
	File system outputs: 0
	Socket messages sent: 30
	Socket messages received: 0
	Signals delivered: 0
	Page size (bytes): 4096
	Exit status: 0
FINISHED CPU 0 MEM 0 MAXMEM 0 STALE 1
#RESULT: UNK
#FIN: FIN
#CPU: 0
#MAXMEM: 0
c 
#END: [Tue Aug  8 16:24:26 2023]
