#BEGIN: [Wed Jul 19 16:20:36 2023]
#HOST: mini21.local
#TIMELIMIT: 7200
#MEMLIMIT: 0
#FREQ: 10
#SOLVER: sat-based-isr-tj05-230719-15h37m
#ARG1: benchmark/ISR-benchmark/exp_instance/IS_exp_instance004.col
#ARG2: benchmark/ISR-benchmark/exp_instance/IS_exp_instance004.dat
#COMMAND: /Users/soh/app/scala-2.12.4/bin/scala -J-Xms32g -J-Xmx32g -cp /Users/soh/app/IsrForCompetition230719-15h37m/scop.jar:/Users/soh/app/IsrForCompetition230719-15h37m/isr4competition_2.12-1.3.5.jar fun.scop.app.isr.IsrSolverTj05 benchmark/ISR-benchmark/exp_instance/IS_exp_instance004.col benchmark/ISR-benchmark/exp_instance/IS_exp_instance004.dat cadical /Users/soh/app/IsrForCompetition230719-15h37m/cadical
#Nodes: 52
#Edges: 318
c (0) step 1 UNSAT 319 1378
c (0) step 2 UNSAT 599 2420
c (0) step 3 UNSAT 900 3508
c (0) step 4 UNSAT 1229 4655
c (0) step 5 UNSAT 1593 5874
c (0) step 6 UNSAT 1999 7178
c (0) step 7 UNSAT 2454 8580
c (0) step 8 UNSAT 2965 10093
c (0) step 9 UNSAT 3539 11730
c (0) step 10 UNSAT 4113 13367
c (0) step 11 UNSAT 4687 15004
c (0) step 12 UNSAT 5261 16641
c (0) step 13 UNSAT 5835 18278
c (0) step 14 UNSAT 6409 19915
c (0) step 15 UNSAT 6983 21552
c (1) step 16 UNSAT 7557 23189
c (1) step 17 UNSAT 8131 24826
c (1) step 18 UNSAT 8705 26463
c (1) step 19 UNSAT 9279 28100
c (2) step 20 UNSAT 9853 29737
c (2) step 21 UNSAT 10427 31374
c (3) step 22 UNSAT 11001 33011
c (4) step 23 UNSAT 11575 34648
c (4) step 24 UNSAT 12149 36285
c (5) step 25 UNSAT 12723 37922
c (8) step 26 UNSAT 13297 39559
c (9) step 27 UNSAT 13871 41196
c (26) step 28 UNSAT 14445 42833
c (27) step 29 UNSAT 15019 44470
c (31) step 30 UNSAT 15593 46107
c (33) step 31 UNSAT 16167 47744
c (36) step 32 UNSAT 16741 49381
c (38) step 33 UNSAT 17315 51018
c (39) step 34 UNSAT 17889 52655
c (42) step 35 UNSAT 18463 54292
c (45) step 36 UNSAT 19037 55929
c (48) step 37 UNSAT 19611 57566
c (53) step 38 UNSAT 20185 59203
c (56) step 39 UNSAT 20759 60840
c (60) step 40 UNSAT 21333 62477
c (65) step 41 UNSAT 21907 64114
c (75) step 42 UNSAT 22481 65751
c (82) step 43 UNSAT 23055 67388
c (88) step 44 UNSAT 23629 69025
c (94) step 45 UNSAT 24203 70662
c (100) step 46 UNSAT 24777 72299
c (106) step 47 UNSAT 25351 73936
c (114) step 48 UNSAT 25925 75573
c (121) step 49 UNSAT 26499 77210
c (128) step 50 UNSAT 27073 78847
c (136) step 51 UNSAT 27647 80484
c (142) step 52 UNSAT 28221 82121
c (299) step 53 UNSAT 28795 83758
c (321) step 54 UNSAT 29369 85395
c (346) step 55 UNSAT 29943 87032
c (351) step 56 UNSAT 30517 88669
c (359) step 57 UNSAT 31091 90306
c (364) step 58 UNSAT 31665 91943
c (372) step 59 UNSAT 32239 93580
c (378) step 60 UNSAT 32813 95217
c (383) step 61 UNSAT 33387 96854
c (390) step 62 UNSAT 33961 98491
c (393) step 63 UNSAT 34535 100128
c (396) step 64 UNSAT 35109 101765
c (400) step 65 UNSAT 35683 103402
c (407) step 66 UNSAT 36257 105039
c (412) step 67 UNSAT 36831 106676
c (416) step 68 UNSAT 37405 108313
c (422) step 69 UNSAT 37979 109950
c (429) step 70 UNSAT 38553 111587
c (435) step 71 UNSAT 39127 113224
c (445) step 72 UNSAT 39701 114861
c (450) step 73 UNSAT 40275 116498
c (455) step 74 UNSAT 40849 118135
c (462) step 75 UNSAT 41423 119772
c (468) step 76 UNSAT 41997 121409
c (474) step 77 UNSAT 42571 123046
c (487) step 78 UNSAT 43145 124683
c (495) step 79 UNSAT 43719 126320
c (500) step 80 UNSAT 44293 127957
c (513) step 81 UNSAT 44867 129594
c (522) step 82 UNSAT 45441 131231
c (532) step 83 UNSAT 46015 132868
c (540) step 84 UNSAT 46589 134505
c (556) step 85 UNSAT 47163 136142
c (564) step 86 UNSAT 47737 137779
c (587) step 87 UNSAT 48311 139416
c (606) step 88 UNSAT 48885 141053
c (631) step 89 UNSAT 49459 142690
c (643) step 90 UNSAT 50033 144327
c (1305) step 91 UNSAT 50607 145964
c (1333) step 92 UNSAT 51181 147601
c (1361) step 93 UNSAT 51755 149238
c (1390) step 94 UNSAT 52329 150875
c (1402) step 95 UNSAT 52903 152512
c (1412) step 96 UNSAT 53477 154149
c (1430) step 97 UNSAT 54051 155786
c (1442) step 98 UNSAT 54625 157423
c (1456) step 99 UNSAT 55199 159060
c (1471) step 100 UNSAT 55773 160697
c (1478) step 101 UNSAT 56347 162334
c (1489) step 102 UNSAT 56921 163971
c (1505) step 103 UNSAT 57495 165608
c (1540) step 104 UNSAT 58069 167245
c (1565) step 105 UNSAT 58643 168882
c (1580) step 106 UNSAT 59217 170519
c (1625) step 107 UNSAT 59791 172156
c (1635) step 108 UNSAT 60365 173793
c (1645) step 109 UNSAT 60939 175430
c (1666) step 110 UNSAT 61513 177067
c (1698) step 111 UNSAT 62087 178704
c (1708) step 112 UNSAT 62661 180341
c (1723) step 113 UNSAT 63235 181978
c (1740) step 114 UNSAT 63809 183615
c (1792) step 115 UNSAT 64383 185252
c (1830) step 116 UNSAT 64957 186889
c (1875) step 117 UNSAT 65531 188526
c (3401) step 118 UNSAT 66105 190163
c (3415) step 119 UNSAT 66679 191800
c (3423) step 120 UNSAT 67253 193437
c (3426) step 121 UNSAT 67827 195074
c (3429) step 122 UNSAT 68401 196711
c (3433) step 123 UNSAT 68975 198348
c (3442) step 124 UNSAT 69549 199985
c (3446) step 125 UNSAT 70123 201622
c (3451) step 126 UNSAT 70697 203259
c (3455) step 127 UNSAT 71271 204896
c (3458) step 128 UNSAT 71845 206533
c (3463) step 129 UNSAT 72419 208170
c (3468) step 130 UNSAT 72993 209807
c (3473) step 131 UNSAT 73567 211444
c (3486) step 132 UNSAT 74141 213081
c (3492) step 133 UNSAT 74715 214718
c (3498) step 134 UNSAT 75289 216355
c (3502) step 135 UNSAT 75863 217992
c (3510) step 136 UNSAT 76437 219629
c (3515) step 137 UNSAT 77011 221266
c (3520) step 138 UNSAT 77585 222903
c (3533) step 139 UNSAT 78159 224540
c (3539) step 140 UNSAT 78733 226177
c (3547) step 141 UNSAT 79307 227814
c (3552) step 142 UNSAT 79881 229451
c (3558) step 143 UNSAT 80455 231088
c (3565) step 144 UNSAT 81029 232725
c (3572) step 145 UNSAT 81603 234362
c (3585) step 146 UNSAT 82177 235999
c (3591) step 147 UNSAT 82751 237636
TIMEOUT CPU 7200 MEM 0 MAXMEM 0
#RESULT: UNK
#FIN: TO
#CPU: 7200
#MAXMEM: 0
c 54525 killed(2). 54511 killed(2). 54512 killed(2). 54525 killed(9). 54511 killed(9). 54512 killed(9). 
#END: [Wed Jul 19 18:20:37 2023]
