#BEGIN: [Tue Aug  1 10:27:16 2023]
#HOST: mini28.local
#TIMELIMIT: 7200
#MEMLIMIT: 0
#FREQ: 10
#SOLVER: ddreconf230801-10h10m
#ARG1: benchmark/ISR-benchmark/exp_instance/IS_exp_instance001.col
#ARG2: benchmark/ISR-benchmark/exp_instance/IS_exp_instance001.dat
#COMMAND: /Users/soh/app/ddreconf230801-10h10m/ddreconf benchmark/ISR-benchmark/exp_instance/IS_exp_instance001.col --indset --stwidth --stfile=benchmark/ISR-benchmark/exp_instance/IS_exp_instance001.dat
Input graph file parsed. # of vertices = 13, # of edges = 66
s 1 8
t 7 13
Solution space ZDD construction start
Solution space ZDD construction end
Solution space ZDD construction time = 0.002101
Solution space ZDD size = 23
# of elements in the solution space = 26
Start computing the width of the solution space graph
Zs_1 construction time = 0.000023, # ZDD nodes = 2, # elems = 1
Zt_1 construction time = 0.000012, # ZDD nodes = 2, # elems = 1
Zs_2 construction time = 0.000016, # ZDD nodes = 2, # elems = 1
Zt_2 construction time = 0.000018, # ZDD nodes = 2, # elems = 1
Zs_3 construction time = 0.000010, # ZDD nodes = 2, # elems = 1
Zt_3 construction time = 0.000009, # ZDD nodes = 2, # elems = 1
Zs_4 construction time = 0.000009, # ZDD nodes = 2, # elems = 1
Zt_4 construction time = 0.000008, # ZDD nodes = 2, # elems = 1
Zs_5 construction time = 0.000006, # ZDD nodes = 2, # elems = 1
Zt_5 construction time = 0.000005, # ZDD nodes = 2, # elems = 1
Zs_6 construction time = 0.000008, # ZDD nodes = 2, # elems = 1
Reconf seq found. Shortest length = 11
Zt_6 construction time = 0.000005, # ZDD nodes = 2, # elems = 1
Zs_7 construction time = 0.000003, # ZDD nodes = 2, # elems = 1
Zt_7 construction time = 0.000004, # ZDD nodes = 2, # elems = 1
Zs_8 construction time = 0.000004, # ZDD nodes = 2, # elems = 1
Zt_8 construction time = 0.000004, # ZDD nodes = 2, # elems = 1
Zs_9 construction time = 0.000004, # ZDD nodes = 2, # elems = 1
Zt_9 construction time = 0.000008, # ZDD nodes = 2, # elems = 1
Zs_10 construction time = 0.000004, # ZDD nodes = 2, # elems = 1
Zt_10 construction time = 0.000008, # ZDD nodes = 2, # elems = 1
Zs_11 construction time = 0.000009, # ZDD nodes = 2, # elems = 1
Zt_11 construction time = 0.000004, # ZDD nodes = 2, # elems = 1
Card(Zs_0 & Zt_11) = 1
Card(Zs_1 & Zt_10) = 1
Card(Zs_2 & Zt_9) = 1
Card(Zs_3 & Zt_8) = 1
Card(Zs_4 & Zt_7) = 1
Card(Zs_5 & Zt_6) = 1
Card(Zs_6 & Zt_5) = 1
Card(Zs_7 & Zt_4) = 1
Card(Zs_8 & Zt_3) = 1
Card(Zs_9 & Zt_2) = 1
Card(Zs_10 & Zt_1) = 1
Card(Zs_11 & Zt_0) = 1
max card = 1
max card index = 0
a YES
a 1 8
a 2 8
a 2 9
a 3 9
a 3 10
a 4 10
a 4 11
a 5 11
a 5 12
a 6 12
a 6 13
a 7 13
Reconfiguration time = 0.001234
	Command being timed: "/Users/soh/app/ddreconf230801-10h10m/ddreconf benchmark/ISR-benchmark/exp_instance/IS_exp_instance001.col --indset --stwidth --stfile=benchmark/ISR-benchmark/exp_instance/IS_exp_instance001.dat"
	User time (seconds): 0.01
	System time (seconds): 0.00
	Percent of CPU this job got: 62%
	Elapsed (wall clock) time (h:mm:ss or m:ss): 0:00.02
	Average shared text size (kbytes): 0
	Average unshared data size (kbytes): 0
	Average stack size (kbytes): 0
	Average total size (kbytes): 0
	Maximum resident set size (kbytes): 123174912
	Average resident set size (kbytes): 0
	Major (requiring I/O) page faults: 0
	Minor (reclaiming a frame) page faults: 7658
	Voluntary context switches: 23
	Involuntary context switches: 3
	Swaps: 0
	File system inputs: 0
	File system outputs: 0
	Socket messages sent: 32
	Socket messages received: 0
	Signals delivered: 0
	Page size (bytes): 4096
	Exit status: 0
FINISHED CPU 0.01 MEM 0 MAXMEM 0 STALE 1
#RESULT: UNK
#FIN: FIN
#CPU: 0.01
#MAXMEM: 0
c 
#END: [Tue Aug  1 10:27:16 2023]
