#BEGIN: [Wed Jul 19 22:23:00 2023]
#HOST: mini26.local
#TIMELIMIT: 7200
#MEMLIMIT: 0
#FREQ: 10
#SOLVER: sat-based-isr-tj05-230719-15h37m
#ARG1: benchmark/ISR-benchmark/exp_instance/IS_exp_instance018.col
#ARG2: benchmark/ISR-benchmark/exp_instance/IS_exp_instance018.dat
#COMMAND: /Users/soh/app/scala-2.12.4/bin/scala -J-Xms32g -J-Xmx32g -cp /Users/soh/app/IsrForCompetition230719-15h37m/scop.jar:/Users/soh/app/IsrForCompetition230719-15h37m/isr4competition_2.12-1.3.5.jar fun.scop.app.isr.IsrSolverTj05 benchmark/ISR-benchmark/exp_instance/IS_exp_instance018.col benchmark/ISR-benchmark/exp_instance/IS_exp_instance018.dat cadical /Users/soh/app/IsrForCompetition230719-15h37m/cadical
#Nodes: 234
#Edges: 1494
c (0) step 1 UNSAT 1439 6362
c (0) step 2 UNSAT 2713 11170
c (0) step 3 UNSAT 4092 16220
c (0) step 4 UNSAT 5611 21581
c (0) step 5 UNSAT 7305 27322
c (0) step 6 UNSAT 9209 33512
c (0) step 7 UNSAT 11358 40220
c (1) step 8 UNSAT 13787 47515
c (7) step 9 UNSAT 16531 55466
c (25) step 10 UNSAT 19625 64142
c (189) step 11 UNSAT 23104 73612
c (3065) step 12 UNSAT 27003 83945
c (5809) step 13 UNSAT 31357 95210
TIMEOUT CPU 7200 MEM 0 MAXMEM 0
#RESULT: UNK
#FIN: TO
#CPU: 7200
#MAXMEM: 0
c 19135 killed(2). 19134 killed(2). 19148 killed(2). 19135 killed(9). 19134 killed(9). 19148 killed(9). 
#END: [Thu Jul 20 00:23:00 2023]
