#BEGIN: [Tue Aug  8 16:56:11 2023]
#HOST: mini24.local
#TIMELIMIT: 1800
#MEMLIMIT: 0
#FREQ: 10
#SOLVER: recon
#ARG1: benchmark/ISR-benchmark/exp_instance/IS_exp_instance020.col
#ARG2: benchmark/ISR-benchmark/exp_instance/IS_exp_instance020.dat
#COMMAND: /Users/soh/app/recon/src/recon benchmark/ISR-benchmark/exp_instance/IS_exp_instance020.col benchmark/ISR-benchmark/exp_instance/IS_exp_instance020.dat
c Copyright Volker Turau & Christoph Weyer, 2022
c Institute of Telematics
c Hamburg University of Technology, Hamburg, Germany
c Contact: turau@tuhh.de
c Graph file: benchmark/ISR-benchmark/exp_instance/IS_exp_instance020.col
c Target file: benchmark/ISR-benchmark/exp_instance/IS_exp_instance020.dat
c Size of independent set: 40
c Number of nodes of graph: 260
c Number of edges of graph: 1662
c Average degree of graph: 12.78
s 1 8 14 21 27 34 40 47 53 60 66 73 79 86 92 99 105 112 118 125 131 138 144 151 157 164 170 177 183 190 196 203 209 216 222 229 235 242 248 255 
t 7 13 14 21 27 34 40 47 53 60 66 73 79 86 92 99 105 112 118 125 131 138 144 151 157 164 170 177 183 190 196 203 209 216 222 229 235 242 248 255 
c BFS found 20 new nodes in level 1 (total 21/191739611)
c BFS found 210 new nodes in level 2 (total 231/191739611)
c BFS found 1521 new nodes in level 3 (total 1752/191739611)
c BFS found 8475 new nodes in level 4 (total 10227/191739611)
c BFS found 38551 new nodes in level 5 (total 48778/191739611)
c BFS found 148714 new nodes in level 6 (total 197444/191739611)
c BFS found 499952 new nodes in level 7 (total 696827/191739611)
c BFS found 1495999 new nodes in level 8 (total 2188901/191739611)
c BFS found 4053394 new nodes in level 9 (total 6221596/191739611)
c BFS found 10087682 new nodes in level 10 (total 16220136/191739611)
c BFS found 23334054 new nodes in level 11 (total 39227711/191739611)
c BFS found 50653125 new nodes in level 12 (total 88835624/191739611)
TIMEOUT CPU 1800 MEM 0 MAXMEM 0
#RESULT: UNK
#FIN: TO
#CPU: 1800
#MAXMEM: 0
c 24332 killed(2). 24331 killed(2). 24332 killed(9). 24331 killed(9). 
#END: [Tue Aug  8 17:26:12 2023]
