#BEGIN: [Wed Jul 19 22:23:00 2023]
#HOST: mini29.local
#TIMELIMIT: 7200
#MEMLIMIT: 0
#FREQ: 10
#SOLVER: sat-based-isr-tj05-230719-15h37m
#ARG1: benchmark/ISR-benchmark/exp_instance/IS_exp_instance015.col
#ARG2: benchmark/ISR-benchmark/exp_instance/IS_exp_instance015.dat
#COMMAND: /Users/soh/app/scala-2.12.4/bin/scala -J-Xms32g -J-Xmx32g -cp /Users/soh/app/IsrForCompetition230719-15h37m/scop.jar:/Users/soh/app/IsrForCompetition230719-15h37m/isr4competition_2.12-1.3.5.jar fun.scop.app.isr.IsrSolverTj05 benchmark/ISR-benchmark/exp_instance/IS_exp_instance015.col benchmark/ISR-benchmark/exp_instance/IS_exp_instance015.dat cadical /Users/soh/app/IsrForCompetition230719-15h37m/cadical
#Nodes: 195
#Edges: 1242
c (0) step 1 UNSAT 1199 5294
c (0) step 2 UNSAT 2260 9295
c (0) step 3 UNSAT 3408 13496
c (0) step 4 UNSAT 4672 17954
c (0) step 5 UNSAT 6081 22726
c (0) step 6 UNSAT 7664 27869
c (0) step 7 UNSAT 9450 33440
c (1) step 8 UNSAT 11468 39496
c (6) step 9 UNSAT 13747 46094
c (28) step 10 UNSAT 16316 53291
c (47) step 11 UNSAT 19204 61144
c (129) step 12 UNSAT 22440 69710
c (4050) step 13 UNSAT 26053 79046
c (4256) step 14 UNSAT 30072 89209
c (6515) step 15 UNSAT 34526 100256
TIMEOUT CPU 7200 MEM 0 MAXMEM 0
#RESULT: UNK
#FIN: TO
#CPU: 7200
#MAXMEM: 0
c 16485 killed(2). 16472 killed(2). 16471 killed(2). 16485 killed(9). 16472 killed(9). 16471 killed(9). 
#END: [Thu Jul 20 00:23:00 2023]
