#BEGIN: [Tue Aug  8 16:25:51 2023]
#HOST: mini27.local
#TIMELIMIT: 1800
#MEMLIMIT: 0
#FREQ: 10
#SOLVER: recon
#ARG1: benchmark/ISR-benchmark/exp_instance/IS_exp_instance011.col
#ARG2: benchmark/ISR-benchmark/exp_instance/IS_exp_instance011.dat
#COMMAND: /Users/soh/app/recon/src/recon benchmark/ISR-benchmark/exp_instance/IS_exp_instance011.col benchmark/ISR-benchmark/exp_instance/IS_exp_instance011.dat
c Copyright Volker Turau & Christoph Weyer, 2022
c Institute of Telematics
c Hamburg University of Technology, Hamburg, Germany
c Contact: turau@tuhh.de
c Graph file: benchmark/ISR-benchmark/exp_instance/IS_exp_instance011.col
c Target file: benchmark/ISR-benchmark/exp_instance/IS_exp_instance011.dat
c Size of independent set: 22
c Number of nodes of graph: 143
c Number of edges of graph: 906
c Average degree of graph: 12.67
s 1 8 14 21 27 34 40 47 53 60 66 73 79 86 92 99 105 112 118 125 131 138 
t 7 13 14 21 27 34 40 47 53 60 66 73 79 86 92 99 105 112 118 125 131 138 
c BFS found 11 new nodes in level 1 (total 12/223696213)
c BFS found 66 new nodes in level 2 (total 78/223696213)
c BFS found 276 new nodes in level 3 (total 354/223696213)
c BFS found 891 new nodes in level 4 (total 1245/223696213)
c BFS found 2362 new nodes in level 5 (total 3606/223696213)
c BFS found 5383 new nodes in level 6 (total 8963/223696213)
c BFS found 10952 new nodes in level 7 (total 19726/223696213)
c BFS found 20473 new nodes in level 8 (total 39490/223696213)
c BFS found 35793 new nodes in level 9 (total 73266/223696213)
c BFS found 59034 new nodes in level 10 (total 127581/223696213)
c BFS found 92352 new nodes in level 11 (total 210188/223696213)
c BFS found 137943 new nodes in level 12 (total 329777/223696213)
c BFS found 198110 new nodes in level 13 (total 495574/223696213)
c BFS found 274762 new nodes in level 14 (total 716582/223696213)
c BFS found 368604 new nodes in level 15 (total 1000444/223696213)
c BFS found 479253 new nodes in level 16 (total 1352789/223696213)
c BFS found 606043 new nodes in level 17 (total 1775563/223696213)
c BFS found 747473 new nodes in level 18 (total 2267167/223696213)
c BFS found 899676 new nodes in level 19 (total 2821716/223696213)
c BFS found 1057169 new nodes in level 20 (total 3428533/223696213)
c BFS found 1215308 new nodes in level 21 (total 4071756/223696213)
c BFS found 1369727 new nodes in level 22 (total 4730961/223696213)
c BFS found 1513795 new nodes in level 23 (total 5385427/223696213)
c BFS found 1640297 new nodes in level 24 (total 6012763/223696213)
c BFS found 1745371 new nodes in level 25 (total 6588184/223696213)
c BFS found 1827214 new nodes in level 26 (total 7088408/223696213)
c BFS found 1882586 new nodes in level 27 (total 7499160/223696213)
c BFS found 1908973 new nodes in level 28 (total 7809233/223696213)
c BFS found 1908232 new nodes in level 29 (total 8008033/223696213)
c BFS found 1884403 new nodes in level 30 (total 8092126/223696213)
c BFS found 1840402 new nodes in level 31 (total 8072421/223696213)
c BFS found 1779400 new nodes in level 32 (total 7961984/223696213)
c BFS found 1706709 new nodes in level 33 (total 7768411/223696213)
c BFS found 1628418 new nodes in level 34 (total 7511148/223696213)
c BFS found 1549406 new nodes in level 35 (total 7214630/223696213)
c BFS found 1472895 new nodes in level 36 (total 6899020/223696213)
c BFS found 1401320 new nodes in level 37 (total 6575101/223696213)
c BFS found 1337222 new nodes in level 38 (total 6258892/223696213)
c BFS found 1282220 new nodes in level 39 (total 5967706/223696213)
c BFS found 1235463 new nodes in level 40 (total 5704901/223696213)
c BFS found 1194808 new nodes in level 41 (total 5469429/223696213)
c BFS found 1158723 new nodes in level 42 (total 5262986/223696213)
c BFS found 1125572 new nodes in level 43 (total 5083722/223696213)
c BFS found 1092687 new nodes in level 44 (total 4920524/223696213)
c BFS found 1057516 new nodes in level 45 (total 4763462/223696213)
c BFS found 1018425 new nodes in level 46 (total 4605730/223696213)
c BFS found 974280 new nodes in level 47 (total 4442887/223696213)
c BFS found 924746 new nodes in level 48 (total 4268346/223696213)
c BFS found 870666 new nodes in level 49 (total 4074359/223696213)
c BFS found 813064 new nodes in level 50 (total 3861859/223696213)
c BFS found 752813 new nodes in level 51 (total 3636153/223696213)
c BFS found 692085 new nodes in level 52 (total 3400332/223696213)
c BFS found 634209 new nodes in level 53 (total 3159525/223696213)
c BFS found 581149 new nodes in level 54 (total 2921320/223696213)
c BFS found 533379 new nodes in level 55 (total 2696120/223696213)
c BFS found 492565 new nodes in level 56 (total 2490626/223696213)
c BFS found 461126 new nodes in level 57 (total 2310368/223696213)
c BFS found 439035 new nodes in level 58 (total 2161876/223696213)
c BFS found 424459 new nodes in level 59 (total 2048612/223696213)
c BFS found 416960 new nodes in level 60 (total 1968257/223696213)
c BFS found 416712 new nodes in level 61 (total 1919935/223696213)
c BFS found 421766 new nodes in level 62 (total 1902331/223696213)
c BFS found 429265 new nodes in level 63 (total 1909992/223696213)
c BFS found 438088 new nodes in level 64 (total 1934965/223696213)
c BFS found 447892 new nodes in level 65 (total 1971067/223696213)
c BFS found 457153 new nodes in level 66 (total 2014138/223696213)
c BFS found 464264 new nodes in level 67 (total 2058978/223696213)
c BFS found 469237 new nodes in level 68 (total 2099749/223696213)
c BFS found 472779 new nodes in level 69 (total 2134691/223696213)
c BFS found 474875 new nodes in level 70 (total 2162740/223696213)
c BFS found 475423 new nodes in level 71 (total 2183713/223696213)
c BFS found 475216 new nodes in level 72 (total 2198093/223696213)
c BFS found 475285 new nodes in level 73 (total 2208806/223696213)
c BFS found 475904 new nodes in level 74 (total 2216402/223696213)
c BFS found 476940 new nodes in level 75 (total 2222024/223696213)
c BFS found 478594 new nodes in level 76 (total 2229368/223696213)
c BFS found 481046 new nodes in level 77 (total 2240740/223696213)
c BFS found 483874 new nodes in level 78 (total 2254049/223696213)
c BFS found 486538 new nodes in level 79 (total 2265045/223696213)
c BFS found 488921 new nodes in level 80 (total 2277531/223696213)
c BFS found 490936 new nodes in level 81 (total 2292918/223696213)
c BFS found 492360 new nodes in level 82 (total 2306674/223696213)
c BFS found 493423 new nodes in level 83 (total 2316249/223696213)
c BFS found 494851 new nodes in level 84 (total 2323181/223696213)
c BFS found 497227 new nodes in level 85 (total 2332446/223696213)
c BFS found 500979 new nodes in level 86 (total 2342779/223696213)
c BFS found 506918 new nodes in level 87 (total 2355341/223696213)
c BFS found 516064 new nodes in level 88 (total 2373266/223696213)
c BFS found 528831 new nodes in level 89 (total 2401627/223696213)
c BFS found 544955 new nodes in level 90 (total 2440826/223696213)
c BFS found 564300 new nodes in level 91 (total 2491746/223696213)
c BFS found 586910 new nodes in level 92 (total 2556764/223696213)
c BFS found 612030 new nodes in level 93 (total 2635632/223696213)
c BFS found 638076 new nodes in level 94 (total 2724335/223696213)
c BFS found 663885 new nodes in level 95 (total 2821294/223696213)
c BFS found 688917 new nodes in level 96 (total 2925188/223696213)
c BFS found 712087 new nodes in level 97 (total 3031007/223696213)
c BFS found 731779 new nodes in level 98 (total 3130341/223696213)
c BFS found 747254 new nodes in level 99 (total 3220354/223696213)
c BFS found 758704 new nodes in level 100 (total 3299980/223696213)
c BFS found 765799 new nodes in level 101 (total 3364797/223696213)
c BFS found 767668 new nodes in level 102 (total 3409497/223696213)
c BFS found 764426 new nodes in level 103 (total 3433435/223696213)
c BFS found 757062 new nodes in level 104 (total 3437044/223696213)
c BFS found 745668 new nodes in level 105 (total 3417969/223696213)
c BFS found 729525 new nodes in level 106 (total 3375384/223696213)
c BFS found 708936 new nodes in level 107 (total 3313852/223696213)
c BFS found 685047 new nodes in level 108 (total 3232346/223696213)
c BFS found 657999 new nodes in level 109 (total 3128677/223696213)
c BFS found 627214 new nodes in level 110 (total 3006016/223696213)
c BFS found 593209 new nodes in level 111 (total 2871268/223696213)
c BFS found 557355 new nodes in level 112 (total 2721632/223696213)
c BFS found 520363 new nodes in level 113 (total 2558994/223696213)
c BFS found 482501 new nodes in level 114 (total 2389261/223696213)
c BFS found 444684 new nodes in level 115 (total 2217348/223696213)
c BFS found 408275 new nodes in level 116 (total 2045587/223696213)
c BFS found 374344 new nodes in level 117 (total 1876901/223696213)
c BFS found 343568 new nodes in level 118 (total 1717550/223696213)
c BFS found 316365 new nodes in level 119 (total 1572130/223696213)
c BFS found 293061 new nodes in level 120 (total 1440348/223696213)
c BFS found 274030 new nodes in level 121 (total 1325041/223696213)
c BFS found 259308 new nodes in level 122 (total 1228772/223696213)
c BFS found 248238 new nodes in level 123 (total 1151247/223696213)
c BFS found 239957 new nodes in level 124 (total 1089488/223696213)
c BFS found 233863 new nodes in level 125 (total 1041212/223696213)
c BFS found 229320 new nodes in level 126 (total 1005702/223696213)
c BFS found 225449 new nodes in level 127 (total 979692/223696213)
c BFS found 221418 new nodes in level 128 (total 958416/223696213)
c BFS found 216644 new nodes in level 129 (total 938175/223696213)
c BFS found 210829 new nodes in level 130 (total 917948/223696213)
c BFS found 204018 new nodes in level 131 (total 896705/223696213)
c BFS found 196451 new nodes in level 132 (total 872034/223696213)
c BFS found 188323 new nodes in level 133 (total 843494/223696213)
c BFS found 179972 new nodes in level 134 (total 812591/223696213)
c BFS found 172202 new nodes in level 135 (total 781203/223696213)
c BFS found 165903 new nodes in level 136 (total 751241/223696213)
c BFS found 161398 new nodes in level 137 (total 724431/223696213)
c BFS found 158711 new nodes in level 138 (total 703154/223696213)
c BFS found 158244 new nodes in level 139 (total 689202/223696213)
c BFS found 160392 new nodes in level 140 (total 683741/223696213)
c BFS found 164736 new nodes in level 141 (total 686573/223696213)
c BFS found 170468 new nodes in level 142 (total 698067/223696213)
c BFS found 177265 new nodes in level 143 (total 717243/223696213)
c BFS found 184910 new nodes in level 144 (total 741951/223696213)
c BFS found 192556 new nodes in level 145 (total 769742/223696213)
c BFS found 199273 new nodes in level 146 (total 799067/223696213)
c BFS found 204864 new nodes in level 147 (total 827810/223696213)
c BFS found 209406 new nodes in level 148 (total 854053/223696213)
c BFS found 212586 new nodes in level 149 (total 875678/223696213)
c BFS found 214177 new nodes in level 150 (total 892247/223696213)
c BFS found 214602 new nodes in level 151 (total 904261/223696213)
c BFS found 214472 new nodes in level 152 (total 912195/223696213)
c BFS found 214022 new nodes in level 153 (total 916651/223696213)
c BFS found 213384 new nodes in level 154 (total 917955/223696213)
c BFS found 212979 new nodes in level 155 (total 918488/223696213)
c BFS found 213215 new nodes in level 156 (total 920348/223696213)
c BFS found 214071 new nodes in level 157 (total 923399/223696213)
c BFS found 215319 new nodes in level 158 (total 926693/223696213)
c BFS found 216861 new nodes in level 159 (total 930747/223696213)
c BFS found 218547 new nodes in level 160 (total 937945/223696213)
c BFS found 220044 new nodes in level 161 (total 946051/223696213)
c BFS found 221157 new nodes in level 162 (total 951923/223696213)
c BFS found 221939 new nodes in level 163 (total 956214/223696213)
c BFS found 222475 new nodes in level 164 (total 960591/223696213)
c BFS found 223003 new nodes in level 165 (total 964560/223696213)
c BFS found 224207 new nodes in level 166 (total 967745/223696213)
c BFS found 227042 new nodes in level 167 (total 972012/223696213)
c BFS found 232377 new nodes in level 168 (total 982072/223696213)
c BFS found 241095 new nodes in level 169 (total 1000697/223696213)
c BFS found 254347 new nodes in level 170 (total 1030644/223696213)
c BFS found 273231 new nodes in level 171 (total 1076833/223696213)
c BFS found 298215 new nodes in level 172 (total 1143683/223696213)
c BFS found 329266 new nodes in level 173 (total 1233573/223696213)
c BFS found 366338 new nodes in level 174 (total 1346232/223696213)
c BFS found 409034 new nodes in level 175 (total 1484124/223696213)
c BFS found 455999 new nodes in level 176 (total 1647424/223696213)
c BFS found 505440 new nodes in level 177 (total 1829767/223696213)
c BFS found 555922 new nodes in level 178 (total 2025179/223696213)
c BFS found 605898 new nodes in level 179 (total 2230091/223696213)
c BFS found 653165 new nodes in level 180 (total 2439464/223696213)
c BFS found 695847 new nodes in level 181 (total 2643206/223696213)
c BFS found 733247 new nodes in level 182 (total 2833330/223696213)
c BFS found 764923 new nodes in level 183 (total 3006406/223696213)
c BFS found 790037 new nodes in level 184 (total 3159473/223696213)
c BFS found 808497 new nodes in level 185 (total 3287263/223696213)
c BFS found 821521 new nodes in level 186 (total 3389575/223696213)
c BFS found 830369 new nodes in level 187 (total 3469789/223696213)
c BFS found 835704 new nodes in level 188 (total 3530140/223696213)
c BFS found 838447 new nodes in level 189 (total 3572272/223696213)
c BFS found 840012 new nodes in level 190 (total 3601145/223696213)
c BFS found 841500 new nodes in level 191 (total 3624686/223696213)
c BFS found 843337 new nodes in level 192 (total 3643552/223696213)
c BFS found 845510 new nodes in level 193 (total 3659156/223696213)
c BFS found 847723 new nodes in level 194 (total 3674804/223696213)
c BFS found 849548 new nodes in level 195 (total 3692243/223696213)
c BFS found 850504 new nodes in level 196 (total 3707860/223696213)
c BFS found 849736 new nodes in level 197 (total 3718832/223696213)
c BFS found 845941 new nodes in level 198 (total 3723430/223696213)
c BFS found 838122 new nodes in level 199 (total 3717122/223696213)
c BFS found 826073 new nodes in level 200 (total 3696155/223696213)
c BFS found 809722 new nodes in level 201 (total 3659029/223696213)
c BFS found 788616 new nodes in level 202 (total 3603634/223696213)
c BFS found 762558 new nodes in level 203 (total 3526894/223696213)
c BFS found 732232 new nodes in level 204 (total 3427997/223696213)
c BFS found 698837 new nodes in level 205 (total 3312504/223696213)
c BFS found 663299 new nodes in level 206 (total 3182413/223696213)
c BFS found 626018 new nodes in level 207 (total 3036556/223696213)
c BFS found 587620 new nodes in level 208 (total 2878507/223696213)
c BFS found 549547 new nodes in level 209 (total 2717043/223696213)
c BFS found 512982 new nodes in level 210 (total 2556344/223696213)
c BFS found 477825 new nodes in level 211 (total 2393486/223696213)
c BFS found 443857 new nodes in level 212 (total 2232554/223696213)
c BFS found 411766 new nodes in level 213 (total 2079682/223696213)
c BFS found 381932 new nodes in level 214 (total 1936977/223696213)
c BFS found 353681 new nodes in level 215 (total 1799084/223696213)
c BFS found 326470 new nodes in level 216 (total 1666109/223696213)
c BFS found 300363 new nodes in level 217 (total 1542684/223696213)
c BFS found 275231 new nodes in level 218 (total 1427955/223696213)
c BFS found 250751 new nodes in level 219 (total 1315463/223696213)
c BFS found 226954 new nodes in level 220 (total 1204331/223696213)
c BFS found 203980 new nodes in level 221 (total 1100107/223696213)
c BFS found 181861 new nodes in level 222 (total 1002251/223696213)
c BFS found 160998 new nodes in level 223 (total 904720/223696213)
c BFS found 142086 new nodes in level 224 (total 809940/223696213)
c BFS found 125363 new nodes in level 225 (total 724350/223696213)
c BFS found 110771 new nodes in level 226 (total 648426/223696213)
c BFS found 98739 new nodes in level 227 (total 578748/223696213)
c BFS found 89799 new nodes in level 228 (total 517829/223696213)
c BFS found 83713 new nodes in level 229 (total 470262/223696213)
c BFS found 79930 new nodes in level 230 (total 435543/223696213)
c BFS found 78387 new nodes in level 231 (total 411044/223696213)
c BFS found 79015 new nodes in level 232 (total 396601/223696213)
c BFS found 81098 new nodes in level 233 (total 392747/223696213)
c BFS found 83840 new nodes in level 234 (total 397791/223696213)
c BFS found 86967 new nodes in level 235 (total 408055/223696213)
c BFS found 90274 new nodes in level 236 (total 421738/223696213)
c BFS found 93205 new nodes in level 237 (total 438101/223696213)
c BFS found 95317 new nodes in level 238 (total 454644/223696213)
c BFS found 96662 new nodes in level 239 (total 469199/223696213)
c BFS found 97412 new nodes in level 240 (total 480866/223696213)
c BFS found 97536 new nodes in level 241 (total 489170/223696213)
c BFS found 97069 new nodes in level 242 (total 494325/223696213)
c BFS found 96340 new nodes in level 243 (total 497298/223696213)
c BFS found 95714 new nodes in level 244 (total 498553/223696213)
c BFS found 95319 new nodes in level 245 (total 497686/223696213)
c BFS found 95177 new nodes in level 246 (total 495839/223696213)
c BFS found 95398 new nodes in level 247 (total 496401/223696213)
c BFS found 96047 new nodes in level 248 (total 500410/223696213)
c BFS found 96991 new nodes in level 249 (total 503714/223696213)
c BFS found 98038 new nodes in level 250 (total 507346/223696213)
c BFS found 99044 new nodes in level 251 (total 514495/223696213)
c BFS found 99833 new nodes in level 252 (total 523301/223696213)
c BFS found 100257 new nodes in level 253 (total 531184/223696213)
c BFS found 100346 new nodes in level 254 (total 535494/223696213)
c BFS found 100225 new nodes in level 255 (total 538785/223696213)
c BFS found 99990 new nodes in level 256 (total 541933/223696213)
c BFS found 99837 new nodes in level 257 (total 543067/223696213)
c BFS found 100186 new nodes in level 258 (total 541817/223696213)
c BFS found 101498 new nodes in level 259 (total 540077/223696213)
c BFS found 104037 new nodes in level 260 (total 539958/223696213)
c BFS found 107980 new nodes in level 261 (total 543420/223696213)
c BFS found 113666 new nodes in level 262 (total 551956/223696213)
c BFS found 121435 new nodes in level 263 (total 567983/223696213)
c BFS found 131266 new nodes in level 264 (total 590756/223696213)
c BFS found 142892 new nodes in level 265 (total 620931/223696213)
c BFS found 156165 new nodes in level 266 (total 661479/223696213)
c BFS found 170937 new nodes in level 267 (total 713096/223696213)
c BFS found 186698 new nodes in level 268 (total 772320/223696213)
c BFS found 202718 new nodes in level 269 (total 836318/223696213)
c BFS found 218476 new nodes in level 270 (total 904544/223696213)
c BFS found 233605 new nodes in level 271 (total 974782/223696213)
c BFS found 247466 new nodes in level 272 (total 1043472/223696213)
c BFS found 259215 new nodes in level 273 (total 1107768/223696213)
c BFS found 268394 new nodes in level 274 (total 1165611/223696213)
c BFS found 274958 new nodes in level 275 (total 1212887/223696213)
c BFS found 278586 new nodes in level 276 (total 1247210/223696213)
c BFS found 278672 new nodes in level 277 (total 1268163/223696213)
c BFS found 275176 new nodes in level 278 (total 1275484/223696213)
c BFS found 268658 new nodes in level 279 (total 1267551/223696213)
c BFS found 259389 new nodes in level 280 (total 1242955/223696213)
c BFS found 247332 new nodes in level 281 (total 1205133/223696213)
c BFS found 232964 new nodes in level 282 (total 1155901/223696213)
c BFS found 217266 new nodes in level 283 (total 1095366/223696213)
c BFS found 201014 new nodes in level 284 (total 1026434/223696213)
c BFS found 184672 new nodes in level 285 (total 954083/223696213)
c BFS found 168763 new nodes in level 286 (total 879614/223696213)
c BFS found 153973 new nodes in level 287 (total 805055/223696213)
c BFS found 140964 new nodes in level 288 (total 734329/223696213)
c BFS found 130082 new nodes in level 289 (total 670867/223696213)
c BFS found 121258 new nodes in level 290 (total 615349/223696213)
c BFS found 114344 new nodes in level 291 (total 567027/223696213)
c BFS found 109339 new nodes in level 292 (total 527889/223696213)
c BFS found 106086 new nodes in level 293 (total 499058/223696213)
c BFS found 104077 new nodes in level 294 (total 478333/223696213)
c BFS found 102733 new nodes in level 295 (total 462412/223696213)
c BFS found 101629 new nodes in level 296 (total 451848/223696213)
c BFS found 100442 new nodes in level 297 (total 444891/223696213)
c BFS found 98891 new nodes in level 298 (total 439581/223696213)
c BFS found 96725 new nodes in level 299 (total 433305/223696213)
c BFS found 93758 new nodes in level 300 (total 425133/223696213)
c BFS found 90030 new nodes in level 301 (total 415461/223696213)
c BFS found 85878 new nodes in level 302 (total 403565/223696213)
c BFS found 81683 new nodes in level 303 (total 388971/223696213)
c BFS found 77629 new nodes in level 304 (total 372741/223696213)
c BFS found 73910 new nodes in level 305 (total 357250/223696213)
c BFS found 70999 new nodes in level 306 (total 342464/223696213)
c BFS found 69344 new nodes in level 307 (total 329941/223696213)
c BFS found 68952 new nodes in level 308 (total 320781/223696213)
c BFS found 69651 new nodes in level 309 (total 316408/223696213)
c BFS found 71499 new nodes in level 310 (total 317287/223696213)
c BFS found 74498 new nodes in level 311 (total 322742/223696213)
c BFS found 78209 new nodes in level 312 (total 332220/223696213)
c BFS found 82105 new nodes in level 313 (total 345577/223696213)
c BFS found 86000 new nodes in level 314 (total 361785/223696213)
c BFS found 89749 new nodes in level 315 (total 379254/223696213)
c BFS found 92924 new nodes in level 316 (total 396063/223696213)
c BFS found 95185 new nodes in level 317 (total 411617/223696213)
c BFS found 96616 new nodes in level 318 (total 425206/223696213)
c BFS found 97402 new nodes in level 319 (total 436049/223696213)
c BFS found 97535 new nodes in level 320 (total 443718/223696213)
c BFS found 97069 new nodes in level 321 (total 447559/223696213)
c BFS found 96340 new nodes in level 322 (total 449441/223696213)
c BFS found 95714 new nodes in level 323 (total 450978/223696213)
c BFS found 95319 new nodes in level 324 (total 450391/223696213)
c BFS found 95177 new nodes in level 325 (total 449100/223696213)
c BFS found 95398 new nodes in level 326 (total 449426/223696213)
c BFS found 96047 new nodes in level 327 (total 452126/223696213)
c BFS found 96991 new nodes in level 328 (total 455727/223696213)
c BFS found 98038 new nodes in level 329 (total 458760/223696213)
c BFS found 99044 new nodes in level 330 (total 463353/223696213)
c BFS found 99833 new nodes in level 331 (total 469890/223696213)
c BFS found 100258 new nodes in level 332 (total 476000/223696213)
c BFS found 100356 new nodes in level 333 (total 479254/223696213)
c BFS found 100278 new nodes in level 334 (total 481380/223696213)
c BFS found 100184 new nodes in level 335 (total 483985/223696213)
c BFS found 100383 new nodes in level 336 (total 485413/223696213)
c BFS found 101451 new nodes in level 337 (total 486271/223696213)
c BFS found 104042 new nodes in level 338 (total 489021/223696213)
c BFS found 108669 new nodes in level 339 (total 496479/223696213)
c BFS found 115834 new nodes in level 340 (total 510379/223696213)
c BFS found 126236 new nodes in level 341 (total 532741/223696213)
c BFS found 140540 new nodes in level 342 (total 567835/223696213)
c BFS found 159039 new nodes in level 343 (total 617265/223696213)
c BFS found 181870 new nodes in level 344 (total 682100/223696213)
c BFS found 209340 new nodes in level 345 (total 765020/223696213)
c BFS found 241588 new nodes in level 346 (total 869637/223696213)
c BFS found 278193 new nodes in level 347 (total 995075/223696213)
c BFS found 318602 new nodes in level 348 (total 1139277/223696213)
c BFS found 362576 new nodes in level 349 (total 1301404/223696213)
c BFS found 409653 new nodes in level 350 (total 1481925/223696213)
c BFS found 458614 new nodes in level 351 (total 1677864/223696213)
c BFS found 508158 new nodes in level 352 (total 1884266/223696213)
c BFS found 557638 new nodes in level 353 (total 2097758/223696213)
c BFS found 606403 new nodes in level 354 (total 2313715/223696213)
c BFS found 653004 new nodes in level 355 (total 2528245/223696213)
c BFS found 696004 new nodes in level 356 (total 2735454/223696213)
c BFS found 735097 new nodes in level 357 (total 2932963/223696213)
c BFS found 770441 new nodes in level 358 (total 3116567/223696213)
c BFS found 801480 new nodes in level 359 (total 3282896/223696213)
c BFS found 827622 new nodes in level 360 (total 3429096/223696213)
c BFS found 849478 new nodes in level 361 (total 3556926/223696213)
c BFS found 868200 new nodes in level 362 (total 3668210/223696213)
c BFS found 884264 new nodes in level 363 (total 3761825/223696213)
c BFS found 897939 new nodes in level 364 (total 3840141/223696213)
c BFS found 910014 new nodes in level 365 (total 3905110/223696213)
c BFS found 921202 new nodes in level 366 (total 3962528/223696213)
c BFS found 931717 new nodes in level 367 (total 4014848/223696213)
c BFS found 941633 new nodes in level 368 (total 4060339/223696213)
c BFS found 950654 new nodes in level 369 (total 4098899/223696213)
c BFS found 957813 new nodes in level 370 (total 4133108/223696213)
c BFS found 962247 new nodes in level 371 (total 4164604/223696213)
c BFS found 963583 new nodes in level 372 (total 4185721/223696213)
c BFS found 960981 new nodes in level 373 (total 4191660/223696213)
c BFS found 952895 new nodes in level 374 (total 4181781/223696213)
c BFS found 938443 new nodes in level 375 (total 4155665/223696213)
c BFS found 918010 new nodes in level 376 (total 4108188/223696213)
c BFS found 892027 new nodes in level 377 (total 4034088/223696213)
c BFS found 860280 new nodes in level 378 (total 3934671/223696213)
c BFS found 823011 new nodes in level 379 (total 3813794/223696213)
c BFS found 781720 new nodes in level 380 (total 3671078/223696213)
c BFS found 738249 new nodes in level 381 (total 3507259/223696213)
c BFS found 693714 new nodes in level 382 (total 3329632/223696213)
c BFS found 648826 new nodes in level 383 (total 3144810/223696213)
c BFS found 604851 new nodes in level 384 (total 2956936/223696213)
c BFS found 563529 new nodes in level 385 (total 2767621/223696213)
c BFS found 525888 new nodes in level 386 (total 2583624/223696213)
c BFS found 491895 new nodes in level 387 (total 2412946/223696213)
c BFS found 461574 new nodes in level 388 (total 2256862/223696213)
c BFS found 435436 new nodes in level 389 (total 2113696/223696213)
TIMEOUT CPU 1800 MEM 0 MAXMEM 0
#RESULT: UNK
#FIN: TO
#CPU: 1800
#MAXMEM: 0
c 22718 killed(2). 22717 killed(2). 22718 killed(9). 22717 killed(9). 
#END: [Tue Aug  8 16:55:52 2023]
