#BEGIN: [Wed Jul 19 22:25:00 2023]
#HOST: mini28.local
#TIMELIMIT: 7200
#MEMLIMIT: 0
#FREQ: 10
#SOLVER: sat-based-isr-tj05-230719-15h37m
#ARG1: benchmark/ISR-benchmark/exp_instance/IS_exp_instance019.col
#ARG2: benchmark/ISR-benchmark/exp_instance/IS_exp_instance019.dat
#COMMAND: /Users/soh/app/scala-2.12.4/bin/scala -J-Xms32g -J-Xmx32g -cp /Users/soh/app/IsrForCompetition230719-15h37m/scop.jar:/Users/soh/app/IsrForCompetition230719-15h37m/isr4competition_2.12-1.3.5.jar fun.scop.app.isr.IsrSolverTj05 benchmark/ISR-benchmark/exp_instance/IS_exp_instance019.col benchmark/ISR-benchmark/exp_instance/IS_exp_instance019.dat cadical /Users/soh/app/IsrForCompetition230719-15h37m/cadical
#Nodes: 247
#Edges: 1578
c (0) step 1 UNSAT 1519 6718
c (0) step 2 UNSAT 2864 11795
c (0) step 3 UNSAT 4320 17128
c (0) step 4 UNSAT 5924 22790
c (0) step 5 UNSAT 7713 28854
c (0) step 6 UNSAT 9724 35393
c (0) step 7 UNSAT 11994 42480
c (3) step 8 UNSAT 14560 50188
c (15) step 9 UNSAT 17459 58590
c (33) step 10 UNSAT 20728 67759
c (200) step 11 UNSAT 24404 77768
c (2396) step 12 UNSAT 28524 88690
TIMEOUT CPU 7200 MEM 0 MAXMEM 0
#RESULT: UNK
#FIN: TO
#CPU: 7200
#MAXMEM: 0
c 18859 killed(2). 18845 killed(2). 18846 killed(2). 18859 killed(9). 18845 killed(9). 18846 killed(9). 
#END: [Thu Jul 20 00:25:01 2023]
