#BEGIN: [Wed Jul 19 22:23:00 2023]
#HOST: mini25.local
#TIMELIMIT: 7200
#MEMLIMIT: 0
#FREQ: 10
#SOLVER: sat-based-isr-tj05-230719-15h37m
#ARG1: benchmark/ISR-benchmark/exp_instance/IS_exp_instance017.col
#ARG2: benchmark/ISR-benchmark/exp_instance/IS_exp_instance017.dat
#COMMAND: /Users/soh/app/scala-2.12.4/bin/scala -J-Xms32g -J-Xmx32g -cp /Users/soh/app/IsrForCompetition230719-15h37m/scop.jar:/Users/soh/app/IsrForCompetition230719-15h37m/isr4competition_2.12-1.3.5.jar fun.scop.app.isr.IsrSolverTj05 benchmark/ISR-benchmark/exp_instance/IS_exp_instance017.col benchmark/ISR-benchmark/exp_instance/IS_exp_instance017.dat cadical /Users/soh/app/IsrForCompetition230719-15h37m/cadical
#Nodes: 221
#Edges: 1410
c (0) step 1 UNSAT 1359 6006
c (0) step 2 UNSAT 2562 10545
c (0) step 3 UNSAT 3864 15312
c (0) step 4 UNSAT 5298 20372
c (0) step 5 UNSAT 6897 25790
c (0) step 6 UNSAT 8694 31631
c (0) step 7 UNSAT 10722 37960
c (1) step 8 UNSAT 13014 44842
c (9) step 9 UNSAT 15603 52342
c (25) step 10 UNSAT 18522 60525
c (139) step 11 UNSAT 21804 69456
c (2328) step 12 UNSAT 25482 79200
c (2451) step 13 UNSAT 29589 89822
TIMEOUT CPU 7200 MEM 0 MAXMEM 0
#RESULT: UNK
#FIN: TO
#CPU: 7200
#MAXMEM: 0
c 19094 killed(2). 19095 killed(2). 19108 killed(2). 19094 killed(9). 19095 killed(9). 19108 killed(9). 
#END: [Thu Jul 20 00:23:01 2023]
