#BEGIN: [Wed Jul 19 16:20:36 2023]
#HOST: mini28.local
#TIMELIMIT: 7200
#MEMLIMIT: 0
#FREQ: 10
#SOLVER: sat-based-isr-tj05-230719-15h37m
#ARG1: benchmark/ISR-benchmark/exp_instance/IS_exp_instance001.col
#ARG2: benchmark/ISR-benchmark/exp_instance/IS_exp_instance001.dat
#COMMAND: /Users/soh/app/scala-2.12.4/bin/scala -J-Xms32g -J-Xmx32g -cp /Users/soh/app/IsrForCompetition230719-15h37m/scop.jar:/Users/soh/app/IsrForCompetition230719-15h37m/isr4competition_2.12-1.3.5.jar fun.scop.app.isr.IsrSolverTj05 benchmark/ISR-benchmark/exp_instance/IS_exp_instance001.col benchmark/ISR-benchmark/exp_instance/IS_exp_instance001.dat cadical /Users/soh/app/IsrForCompetition230719-15h37m/cadical
#Nodes: 13
#Edges: 66
c (0) step 1 UNSAT 79 310
c (0) step 2 UNSAT 146 545
c (0) step 3 UNSAT 216 784
c (0) step 4 UNSAT 286 1023
c (0) step 5 UNSAT 356 1262
c (0) step 6 UNSAT 426 1501
c (0) step 7 UNSAT 496 1740
c (0) step 8 UNSAT 566 1979
c (0) step 9 UNSAT 636 2218
c (0) step 10 UNSAT 706 2457
c (0) step 11 SAT 776 2696
a YES
a 1 8
a 2 8
a 2 9
a 3 9
a 3 10
a 4 10
a 4 11
a 5 11
a 5 12
a 6 12
a 6 13
a 7 13
	Command being timed: "/Users/soh/app/scala-2.12.4/bin/scala -J-Xms32g -J-Xmx32g -cp /Users/soh/app/IsrForCompetition230719-15h37m/scop.jar:/Users/soh/app/IsrForCompetition230719-15h37m/isr4competition_2.12-1.3.5.jar fun.scop.app.isr.IsrSolverTj05 benchmark/ISR-benchmark/exp_instance/IS_exp_instance001.col benchmark/ISR-benchmark/exp_instance/IS_exp_instance001.dat cadical /Users/soh/app/IsrForCompetition230719-15h37m/cadical"
	User time (seconds): 0.78
	System time (seconds): 0.08
	Percent of CPU this job got: 114%
	Elapsed (wall clock) time (h:mm:ss or m:ss): 0:00.75
	Average shared text size (kbytes): 0
	Average unshared data size (kbytes): 0
	Average stack size (kbytes): 0
	Average total size (kbytes): 0
	Maximum resident set size (kbytes): 817446912
	Average resident set size (kbytes): 0
	Major (requiring I/O) page faults: 0
	Minor (reclaiming a frame) page faults: 55832
	Voluntary context switches: 40
	Involuntary context switches: 2628
	Swaps: 0
	File system inputs: 0
	File system outputs: 0
	Socket messages sent: 51
	Socket messages received: 0
	Signals delivered: 5
	Page size (bytes): 4096
	Exit status: 0
FINISHED CPU 0.86 MEM 0 MAXMEM 0 STALE 1
#RESULT: UNK
#FIN: FIN
#CPU: 0.86
#MAXMEM: 0
c 
#END: [Wed Jul 19 16:20:37 2023]
