#BEGIN: [Wed Jul 19 16:20:36 2023]
#HOST: mini24.local
#TIMELIMIT: 7200
#MEMLIMIT: 0
#FREQ: 10
#SOLVER: sat-based-isr-tj05-230719-15h37m
#ARG1: benchmark/ISR-benchmark/exp_instance/IS_exp_instance002.col
#ARG2: benchmark/ISR-benchmark/exp_instance/IS_exp_instance002.dat
#COMMAND: /Users/soh/app/scala-2.12.4/bin/scala -J-Xms32g -J-Xmx32g -cp /Users/soh/app/IsrForCompetition230719-15h37m/scop.jar:/Users/soh/app/IsrForCompetition230719-15h37m/isr4competition_2.12-1.3.5.jar fun.scop.app.isr.IsrSolverTj05 benchmark/ISR-benchmark/exp_instance/IS_exp_instance002.col benchmark/ISR-benchmark/exp_instance/IS_exp_instance002.dat cadical /Users/soh/app/IsrForCompetition230719-15h37m/cadical
#Nodes: 26
#Edges: 150
c (0) step 1 UNSAT 159 666
c (0) step 2 UNSAT 297 1170
c (0) step 3 UNSAT 444 1692
c (0) step 4 UNSAT 603 2237
c (0) step 5 UNSAT 777 2810
c (0) step 6 UNSAT 951 3383
c (0) step 7 UNSAT 1125 3956
c (0) step 8 UNSAT 1299 4529
c (0) step 9 UNSAT 1473 5102
c (0) step 10 UNSAT 1647 5675
c (0) step 11 UNSAT 1821 6248
c (0) step 12 UNSAT 1995 6821
c (0) step 13 UNSAT 2169 7394
c (0) step 14 UNSAT 2343 7967
c (0) step 15 UNSAT 2517 8540
c (0) step 16 UNSAT 2691 9113
c (0) step 17 UNSAT 2865 9686
c (0) step 18 UNSAT 3039 10259
c (0) step 19 UNSAT 3213 10832
c (0) step 20 UNSAT 3387 11405
c (0) step 21 UNSAT 3561 11978
c (0) step 22 UNSAT 3735 12551
c (0) step 23 UNSAT 3909 13124
c (0) step 24 UNSAT 4083 13697
c (0) step 25 UNSAT 4257 14270
c (0) step 26 UNSAT 4431 14843
c (0) step 27 UNSAT 4605 15416
c (0) step 28 UNSAT 4779 15989
c (0) step 29 UNSAT 4953 16562
c (0) step 30 UNSAT 5127 17135
c (0) step 31 UNSAT 5301 17708
c (0) step 32 UNSAT 5475 18281
c (0) step 33 SAT 5649 18854
a YES
a 1 8 14 21
a 2 8 14 21
a 2 9 14 21
a 3 9 14 21
a 3 10 14 21
a 3 10 15 21
a 3 10 15 22
a 3 10 16 22
a 3 10 16 23
a 3 10 17 23
a 3 10 17 24
a 3 10 18 24
a 3 10 18 25
a 3 10 19 25
a 3 10 19 26
a 4 10 19 26
a 4 10 20 26
a 4 11 20 26
a 5 11 20 26
a 5 12 20 26
a 5 12 19 26
a 5 12 19 25
a 5 12 18 25
a 5 12 18 24
a 5 12 17 24
a 5 12 17 23
a 5 12 16 23
a 5 12 16 22
a 5 12 15 22
a 5 12 15 21
a 5 12 14 21
a 6 12 14 21
a 6 13 14 21
a 7 13 14 21
	Command being timed: "/Users/soh/app/scala-2.12.4/bin/scala -J-Xms32g -J-Xmx32g -cp /Users/soh/app/IsrForCompetition230719-15h37m/scop.jar:/Users/soh/app/IsrForCompetition230719-15h37m/isr4competition_2.12-1.3.5.jar fun.scop.app.isr.IsrSolverTj05 benchmark/ISR-benchmark/exp_instance/IS_exp_instance002.col benchmark/ISR-benchmark/exp_instance/IS_exp_instance002.dat cadical /Users/soh/app/IsrForCompetition230719-15h37m/cadical"
	User time (seconds): 1.25
	System time (seconds): 0.09
	Percent of CPU this job got: 135%
	Elapsed (wall clock) time (h:mm:ss or m:ss): 0:00.99
	Average shared text size (kbytes): 0
	Average unshared data size (kbytes): 0
	Average stack size (kbytes): 0
	Average total size (kbytes): 0
	Maximum resident set size (kbytes): 923090944
	Average resident set size (kbytes): 0
	Major (requiring I/O) page faults: 0
	Minor (reclaiming a frame) page faults: 62269
	Voluntary context switches: 43
	Involuntary context switches: 3011
	Swaps: 0
	File system inputs: 0
	File system outputs: 0
	Socket messages sent: 55
	Socket messages received: 0
	Signals delivered: 5
	Page size (bytes): 4096
	Exit status: 0
FINISHED CPU 1.34 MEM 0 MAXMEM 0 STALE 1
#RESULT: UNK
#FIN: FIN
#CPU: 1.34
#MAXMEM: 0
c 
#END: [Wed Jul 19 16:20:37 2023]
