#BEGIN: [Thu Jul 20 02:25:01 2023]
#HOST: mini22.local
#TIMELIMIT: 7200
#MEMLIMIT: 0
#FREQ: 10
#SOLVER: sat-based-isr-tj05-230719-15h37m
#ARG1: benchmark/ISR-benchmark/exp_instance/LGC_exp_instance020.col
#ARG2: benchmark/ISR-benchmark/exp_instance/LGC_exp_instance020.dat
#COMMAND: /Users/soh/app/scala-2.12.4/bin/scala -J-Xms32g -J-Xmx32g -cp /Users/soh/app/IsrForCompetition230719-15h37m/scop.jar:/Users/soh/app/IsrForCompetition230719-15h37m/isr4competition_2.12-1.3.5.jar fun.scop.app.isr.IsrSolverTj05 benchmark/ISR-benchmark/exp_instance/LGC_exp_instance020.col benchmark/ISR-benchmark/exp_instance/LGC_exp_instance020.dat cadical /Users/soh/app/IsrForCompetition230719-15h37m/cadical
#Nodes: 2540
#Edges: 2960
c (0) step 1 UNSAT 16499 45250
c (0) step 2 UNSAT 32975 91294
c (0) step 3 UNSAT 53228 146148
c (0) step 4 UNSAT 78517 212329
c (4) step 5 UNSAT 110101 292354
c (150) step 6 UNSAT 149239 388740
c (331) step 7 UNSAT 197190 504004
TIMEOUT CPU 7200 MEM 0 MAXMEM 0
#RESULT: UNK
#FIN: TO
#CPU: 7200
#MAXMEM: 0
c 19333 killed(2). 19334 killed(2). 19347 killed(2). 19333 killed(9). 19334 killed(9). 19347 killed(9). 
#END: [Thu Jul 20 04:25:02 2023]
