#BEGIN: [Tue Aug  8 16:56:12 2023]
#HOST: mini27.local
#TIMELIMIT: 1800
#MEMLIMIT: 0
#FREQ: 10
#SOLVER: recon
#ARG1: benchmark/ISR-benchmark/exp_instance/LGC_exp_instance007.col
#ARG2: benchmark/ISR-benchmark/exp_instance/LGC_exp_instance007.dat
#COMMAND: /Users/soh/app/recon/src/recon benchmark/ISR-benchmark/exp_instance/LGC_exp_instance007.col benchmark/ISR-benchmark/exp_instance/LGC_exp_instance007.dat
c Copyright Volker Turau & Christoph Weyer, 2022
c Institute of Telematics
c Hamburg University of Technology, Hamburg, Germany
c Contact: turau@tuhh.de
c Graph file: benchmark/ISR-benchmark/exp_instance/LGC_exp_instance007.col
c Target file: benchmark/ISR-benchmark/exp_instance/LGC_exp_instance007.dat
c Size of independent set: 168
c Number of nodes of graph: 343
c Number of edges of graph: 399
c Average degree of graph: 2.33
s 1 4 6 8 10 12 14 17 19 21 23 25 27 30 32 34 36 38 40 43 45 47 49 51 53 56 58 60 62 64 66 69 71 73 75 77 79 82 84 86 88 90 93 95 97 98 100 102 105 107 109 110 112 114 117 119 121 122 124 126 129 131 133 134 136 138 141 143 145 146 148 150 153 155 157 158 160 162 165 167 169 170 172 174 177 179 181 182 184 186 189 191 193 194 196 198 201 203 205 206 208 210 213 215 217 218 220 222 225 227 229 230 232 234 237 239 241 242 244 246 249 251 253 254 256 258 261 263 265 266 268 270 273 275 277 278 280 282 285 287 289 290 292 294 297 299 301 302 304 306 309 311 313 314 316 318 321 323 325 326 328 330 333 335 337 338 340 342 
t 1 4 6 8 10 12 14 17 19 21 23 25 27 30 32 34 36 38 40 43 45 47 49 51 53 56 58 60 62 64 66 69 71 73 75 77 80 81 84 86 88 90 93 95 97 98 100 102 105 107 109 110 112 114 117 119 121 122 124 126 129 131 133 134 136 138 141 143 145 146 148 150 153 155 157 158 160 162 165 167 169 170 172 174 177 179 181 182 184 186 189 191 193 194 196 198 201 203 205 206 208 210 213 215 217 218 220 222 225 227 229 230 232 234 237 239 241 242 244 246 249 251 253 254 256 258 261 263 265 266 268 270 273 275 277 278 280 282 285 287 289 290 292 294 297 299 301 302 304 306 309 311 313 314 316 318 321 323 325 326 328 330 333 335 337 338 340 342 
c BFS found 37 new nodes in level 1 (total 38/178956970)
c BFS found 698 new nodes in level 2 (total 736/178956970)
c BFS found 8964 new nodes in level 3 (total 9700/178956970)
c BFS found 88194 new nodes in level 4 (total 97894/178956970)
c BFS found 708888 new nodes in level 5 (total 806749/178956970)
c BFS found 4845997 new nodes in level 6 (total 5652057/178956970)
c BFS found 28956854 new nodes in level 7 (total 34599955/178956970)
c BFS exiting found=false count=178956970 max_count=178956970
c R=2
c R=4
c R=6
c R=8
c R=9
c R=10
c R=11
c R=12
c R=13
c R=14
c R=15
c R=16
c History level 26 41943040
c History level 27 62914562
TIMEOUT CPU 1800 MEM 0 MAXMEM 0
#RESULT: UNK
#FIN: TO
#CPU: 1800
#MAXMEM: 0
c 22760 killed(2). 22759 killed(2). 22760 killed(9). 22759 killed(9). 
#END: [Tue Aug  8 17:26:12 2023]
