#BEGIN: [Thu Jul 20 00:24:01 2023]
#HOST: mini22.local
#TIMELIMIT: 7200
#MEMLIMIT: 0
#FREQ: 10
#SOLVER: sat-based-isr-tj05-230719-15h37m
#ARG1: benchmark/ISR-benchmark/exp_instance/LGC_exp_instance010.col
#ARG2: benchmark/ISR-benchmark/exp_instance/LGC_exp_instance010.dat
#COMMAND: /Users/soh/app/scala-2.12.4/bin/scala -J-Xms32g -J-Xmx32g -cp /Users/soh/app/IsrForCompetition230719-15h37m/scop.jar:/Users/soh/app/IsrForCompetition230719-15h37m/isr4competition_2.12-1.3.5.jar fun.scop.app.isr.IsrSolverTj05 benchmark/ISR-benchmark/exp_instance/LGC_exp_instance010.col benchmark/ISR-benchmark/exp_instance/LGC_exp_instance010.dat cadical /Users/soh/app/IsrForCompetition230719-15h37m/cadical
#Nodes: 670
#Edges: 780
c (0) step 1 UNSAT 4349 11920
c (0) step 2 UNSAT 8685 24034
c (0) step 3 UNSAT 14008 38448
c (0) step 4 UNSAT 20647 55819
c (0) step 5 UNSAT 28931 76804
c (2) step 6 UNSAT 39189 102060
c (26) step 7 UNSAT 51750 132244
c (178) step 8 UNSAT 66943 168013
c (2539) step 9 UNSAT 85097 210024
c (6909) step 10 UNSAT 106541 258934
TIMEOUT CPU 7200 MEM 0 MAXMEM 0
#RESULT: UNK
#FIN: TO
#CPU: 7200
#MAXMEM: 0
c 19293 killed(2). 19307 killed(2). 19294 killed(2). 19293 killed(9). 19307 killed(9). 19294 killed(9). 
#END: [Thu Jul 20 02:24:01 2023]
