#BEGIN: [Tue Aug  1 10:43:49 2023]
#HOST: mini27.local
#TIMELIMIT: 7200
#MEMLIMIT: 0
#FREQ: 10
#SOLVER: ddreconf230801-10h10m
#ARG1: benchmark/ISR-benchmark/exp_instance/LGC_exp_instance009.col
#ARG2: benchmark/ISR-benchmark/exp_instance/LGC_exp_instance009.dat
#COMMAND: /Users/soh/app/ddreconf230801-10h10m/ddreconf benchmark/ISR-benchmark/exp_instance/LGC_exp_instance009.col --indset --stwidth --stfile=benchmark/ISR-benchmark/exp_instance/LGC_exp_instance009.dat
Input graph file parsed. # of vertices = 549, # of edges = 639
s 1 4 6 8 10 12 14 17 19 21 23 25 27 30 32 34 36 38 40 43 45 47 49 51 53 56 58 60 62 64 66 69 71 73 75 77 79 82 84 86 88 90 92 95 97 99 101 103 105 108 110 112 114 116 119 121 123 124 126 128 131 133 135 136 138 140 143 145 147 148 150 152 155 157 159 160 162 164 167 169 171 172 174 176 179 181 183 184 186 188 191 193 195 196 198 200 203 205 207 208 210 212 215 217 219 220 222 224 227 229 231 232 234 236 239 241 243 244 246 248 251 253 255 256 258 260 263 265 267 268 270 272 275 277 279 280 282 284 287 289 291 292 294 296 299 301 303 304 306 308 311 313 315 316 318 320 323 325 327 328 330 332 335 337 339 340 342 344 347 349 351 352 354 356 359 361 363 364 366 368 371 373 375 376 378 380 383 385 387 388 390 392 395 397 399 400 402 404 407 409 411 412 414 416 419 421 423 424 426 428 431 433 435 436 438 440 443 445 447 448 450 452 455 457 459 460 462 464 467 469 471 472 474 476 479 481 483 484 486 488 491 493 495 496 498 500 503 505 507 508 510 512 515 517 519 520 522 524 527 529 531 532 534 536 539 541 543 544 546 548
t 1 4 6 8 10 12 14 17 19 21 23 25 27 30 32 34 36 38 40 43 45 47 49 51 53 56 58 60 62 64 66 69 71 73 75 77 79 82 84 86 88 90 92 95 97 99 101 103 106 107 110 112 114 116 119 121 123 124 126 128 131 133 135 136 138 140 143 145 147 148 150 152 155 157 159 160 162 164 167 169 171 172 174 176 179 181 183 184 186 188 191 193 195 196 198 200 203 205 207 208 210 212 215 217 219 220 222 224 227 229 231 232 234 236 239 241 243 244 246 248 251 253 255 256 258 260 263 265 267 268 270 272 275 277 279 280 282 284 287 289 291 292 294 296 299 301 303 304 306 308 311 313 315 316 318 320 323 325 327 328 330 332 335 337 339 340 342 344 347 349 351 352 354 356 359 361 363 364 366 368 371 373 375 376 378 380 383 385 387 388 390 392 395 397 399 400 402 404 407 409 411 412 414 416 419 421 423 424 426 428 431 433 435 436 438 440 443 445 447 448 450 452 455 457 459 460 462 464 467 469 471 472 474 476 479 481 483 484 486 488 491 493 495 496 498 500 503 505 507 508 510 512 515 517 519 520 522 524 527 529 531 532 534 536 539 541 543 544 546 548
Solution space ZDD construction start
Command terminated by signal 9
	Command being timed: "/Users/soh/app/ddreconf230801-10h10m/ddreconf benchmark/ISR-benchmark/exp_instance/LGC_exp_instance009.col --indset --stwidth --stfile=benchmark/ISR-benchmark/exp_instance/LGC_exp_instance009.dat"
	User time (seconds): 926.36
	System time (seconds): 731.37
	Percent of CPU this job got: 71%
	Elapsed (wall clock) time (h:mm:ss or m:ss): 38:32.31
	Average shared text size (kbytes): 0
	Average unshared data size (kbytes): 0
	Average stack size (kbytes): 0
	Average total size (kbytes): 0
	Maximum resident set size (kbytes): 251704803328
	Average resident set size (kbytes): 0
	Major (requiring I/O) page faults: 0
	Minor (reclaiming a frame) page faults: 198905720
	Voluntary context switches: 1126265
	Involuntary context switches: 1746472
	Swaps: 0
	File system inputs: 0
	File system outputs: 0
	Socket messages sent: 39
	Socket messages received: 0
	Signals delivered: 0
	Page size (bytes): 4096
	Exit status: 0
FINISHED CPU 1657.73 MEM 0 MAXMEM 0 STALE 1
#RESULT: UNK
#FIN: FIN
#CPU: 1657.73
#MAXMEM: 0
c 
#END: [Tue Aug  1 11:22:22 2023]
