#BEGIN: [Thu Jul 20 02:25:01 2023]
#HOST: mini29.local
#TIMELIMIT: 7200
#MEMLIMIT: 0
#FREQ: 10
#SOLVER: sat-based-isr-tj05-230719-15h37m
#ARG1: benchmark/ISR-benchmark/exp_instance/LGC_exp_instance019.col
#ARG2: benchmark/ISR-benchmark/exp_instance/LGC_exp_instance019.dat
#COMMAND: /Users/soh/app/scala-2.12.4/bin/scala -J-Xms32g -J-Xmx32g -cp /Users/soh/app/IsrForCompetition230719-15h37m/scop.jar:/Users/soh/app/IsrForCompetition230719-15h37m/isr4competition_2.12-1.3.5.jar fun.scop.app.isr.IsrSolverTj05 benchmark/ISR-benchmark/exp_instance/LGC_exp_instance019.col benchmark/ISR-benchmark/exp_instance/LGC_exp_instance019.dat cadical /Users/soh/app/IsrForCompetition230719-15h37m/cadical
#Nodes: 2299
#Edges: 2679
c (0) step 1 UNSAT 14933 40954
c (0) step 2 UNSAT 29844 82624
c (0) step 3 UNSAT 48172 132264
c (0) step 4 UNSAT 71056 192151
c (3) step 5 UNSAT 99635 264562
c (16) step 6 UNSAT 135048 351774
c (119) step 7 UNSAT 178434 456064
c (1209) step 8 UNSAT 230932 579709
TIMEOUT CPU 7200 MEM 0 MAXMEM 0
#RESULT: UNK
#FIN: TO
#CPU: 7200
#MAXMEM: 0
c 16571 killed(2). 16557 killed(2). 16558 killed(2). 16571 killed(9). 16557 killed(9). 16558 killed(9). 
#END: [Thu Jul 20 04:25:02 2023]
