#BEGIN: [Thu Jul 20 00:26:01 2023]
#HOST: mini28.local
#TIMELIMIT: 7200
#MEMLIMIT: 0
#FREQ: 10
#SOLVER: sat-based-isr-tj05-230719-15h37m
#ARG1: benchmark/ISR-benchmark/exp_instance/LGC_exp_instance013.col
#ARG2: benchmark/ISR-benchmark/exp_instance/LGC_exp_instance013.dat
#COMMAND: /Users/soh/app/scala-2.12.4/bin/scala -J-Xms32g -J-Xmx32g -cp /Users/soh/app/IsrForCompetition230719-15h37m/scop.jar:/Users/soh/app/IsrForCompetition230719-15h37m/isr4competition_2.12-1.3.5.jar fun.scop.app.isr.IsrSolverTj05 benchmark/ISR-benchmark/exp_instance/LGC_exp_instance013.col benchmark/ISR-benchmark/exp_instance/LGC_exp_instance013.dat cadical /Users/soh/app/IsrForCompetition230719-15h37m/cadical
#Nodes: 1105
#Edges: 1287
c (0) step 1 UNSAT 7175 19672
c (0) step 2 UNSAT 14334 39676
c (0) step 3 UNSAT 23128 63492
c (0) step 4 UNSAT 34102 92209
c (1) step 5 UNSAT 47801 126916
c (14) step 6 UNSAT 64770 168702
c (156) step 7 UNSAT 85554 218656
c (1440) step 8 UNSAT 110698 277867
c (3621) step 9 UNSAT 140747 347424
TIMEOUT CPU 7200 MEM 0 MAXMEM 0
#RESULT: UNK
#FIN: TO
#CPU: 7200
#MAXMEM: 0
c 18898 killed(2). 18884 killed(2). 18885 killed(2). 18898 killed(9). 18884 killed(9). 18885 killed(9). 
#END: [Thu Jul 20 02:26:01 2023]
