#BEGIN: [Tue Aug  1 10:29:39 2023]
#HOST: mini28.local
#TIMELIMIT: 7200
#MEMLIMIT: 0
#FREQ: 10
#SOLVER: ddreconf230801-10h10m
#ARG1: benchmark/ISR-benchmark/exp_instance/LGC_exp_instance002.col
#ARG2: benchmark/ISR-benchmark/exp_instance/LGC_exp_instance002.dat
#COMMAND: /Users/soh/app/ddreconf230801-10h10m/ddreconf benchmark/ISR-benchmark/exp_instance/LGC_exp_instance002.col --indset --stwidth --stfile=benchmark/ISR-benchmark/exp_instance/LGC_exp_instance002.dat
Input graph file parsed. # of vertices = 38, # of edges = 44
s 1 4 6 8 10 12 14 17 19 21 23 25 28 30 32 33 35 37
t 1 4 6 8 10 12 15 16 19 21 23 25 28 30 32 33 35 37
Solution space ZDD construction start
Solution space ZDD construction end
Solution space ZDD construction time = 0.002030
Solution space ZDD size = 229
# of elements in the solution space = 56829420
Start computing the width of the solution space graph
Zs_1 construction time = 0.000049, # ZDD nodes = 29, # elems = 2
Zt_1 construction time = 0.000036, # ZDD nodes = 29, # elems = 2
Zs_2 construction time = 0.000039, # ZDD nodes = 35, # elems = 3
Zt_2 construction time = 0.000029, # ZDD nodes = 35, # elems = 3
Zs_3 construction time = 0.000038, # ZDD nodes = 41, # elems = 4
Zt_3 construction time = 0.000059, # ZDD nodes = 41, # elems = 4
Zs_4 construction time = 0.000066, # ZDD nodes = 39, # elems = 4
Zt_4 construction time = 0.000024, # ZDD nodes = 39, # elems = 4
Zs_5 construction time = 0.000065, # ZDD nodes = 51, # elems = 6
Zt_5 construction time = 0.000044, # ZDD nodes = 51, # elems = 6
Zs_6 construction time = 0.000095, # ZDD nodes = 73, # elems = 9
Zt_6 construction time = 0.000073, # ZDD nodes = 73, # elems = 9
Zs_7 construction time = 0.000086, # ZDD nodes = 76, # elems = 10
Zt_7 construction time = 0.000065, # ZDD nodes = 76, # elems = 10
Zs_8 construction time = 0.000063, # ZDD nodes = 65, # elems = 9
Zt_8 construction time = 0.000104, # ZDD nodes = 65, # elems = 9
Zs_9 construction time = 0.000034, # ZDD nodes = 51, # elems = 6
Zt_9 construction time = 0.000041, # ZDD nodes = 51, # elems = 6
Zs_10 construction time = 0.000024, # ZDD nodes = 34, # elems = 3
Zt_10 construction time = 0.000020, # ZDD nodes = 34, # elems = 3
Zs_11 construction time = 0.000012, # ZDD nodes = 18, # elems = 1
Zt_11 construction time = 0.000011, # ZDD nodes = 18, # elems = 1
Zs_12 construction time = 0.000018, # ZDD nodes = 18, # elems = 1
Zt_12 construction time = 0.000011, # ZDD nodes = 18, # elems = 1
Zs_13 construction time = 0.000025, # ZDD nodes = 23, # elems = 2
Zt_13 construction time = 0.000020, # ZDD nodes = 23, # elems = 2
Zs_14 construction time = 0.000038, # ZDD nodes = 28, # elems = 3
Reconf seq found. Shortest length = 27
Zt_14 construction time = 0.000032, # ZDD nodes = 28, # elems = 3
Zs_15 construction time = 0.000024, # ZDD nodes = 28, # elems = 3
Zt_15 construction time = 0.000028, # ZDD nodes = 31, # elems = 4
Zs_16 construction time = 0.000021, # ZDD nodes = 26, # elems = 3
Zt_16 construction time = 0.000025, # ZDD nodes = 30, # elems = 4
Zs_17 construction time = 0.000057, # ZDD nodes = 32, # elems = 4
Zt_17 construction time = 0.000067, # ZDD nodes = 29, # elems = 3
Zs_18 construction time = 0.000029, # ZDD nodes = 33, # elems = 4
Zt_18 construction time = 0.000024, # ZDD nodes = 26, # elems = 3
Zs_19 construction time = 0.000032, # ZDD nodes = 30, # elems = 4
Zt_19 construction time = 0.000023, # ZDD nodes = 30, # elems = 4
Zs_20 construction time = 0.000032, # ZDD nodes = 42, # elems = 4
Zt_20 construction time = 0.000028, # ZDD nodes = 42, # elems = 4
Zs_21 construction time = 0.000046, # ZDD nodes = 55, # elems = 5
Zt_21 construction time = 0.000042, # ZDD nodes = 55, # elems = 5
Zs_22 construction time = 0.000099, # ZDD nodes = 63, # elems = 6
Zt_22 construction time = 0.000063, # ZDD nodes = 63, # elems = 6
Zs_23 construction time = 0.000050, # ZDD nodes = 62, # elems = 7
Zt_23 construction time = 0.000040, # ZDD nodes = 62, # elems = 7
Zs_24 construction time = 0.000065, # ZDD nodes = 64, # elems = 7
Zt_24 construction time = 0.000053, # ZDD nodes = 64, # elems = 7
Zs_25 construction time = 0.000068, # ZDD nodes = 55, # elems = 6
Zt_25 construction time = 0.000069, # ZDD nodes = 55, # elems = 6
Zs_26 construction time = 0.000042, # ZDD nodes = 44, # elems = 5
Zt_26 construction time = 0.000052, # ZDD nodes = 44, # elems = 5
Zs_27 construction time = 0.000043, # ZDD nodes = 30, # elems = 4
Zt_27 construction time = 0.000038, # ZDD nodes = 30, # elems = 4
Card(Zs_0 & Zt_27) = 1
Card(Zs_1 & Zt_26) = 1
Card(Zs_2 & Zt_25) = 1
Card(Zs_3 & Zt_24) = 1
Card(Zs_4 & Zt_23) = 2
Card(Zs_5 & Zt_22) = 3
Card(Zs_6 & Zt_21) = 4
Card(Zs_7 & Zt_20) = 4
Card(Zs_8 & Zt_19) = 4
Card(Zs_9 & Zt_18) = 3
Card(Zs_10 & Zt_17) = 2
Card(Zs_11 & Zt_16) = 1
Card(Zs_12 & Zt_15) = 1
Card(Zs_13 & Zt_14) = 1
Card(Zs_14 & Zt_13) = 1
Card(Zs_15 & Zt_12) = 1
Card(Zs_16 & Zt_11) = 1
Card(Zs_17 & Zt_10) = 2
Card(Zs_18 & Zt_9) = 3
Card(Zs_19 & Zt_8) = 4
Card(Zs_20 & Zt_7) = 4
Card(Zs_21 & Zt_6) = 4
Card(Zs_22 & Zt_5) = 3
Card(Zs_23 & Zt_4) = 2
Card(Zs_24 & Zt_3) = 1
Card(Zs_25 & Zt_2) = 1
Card(Zs_26 & Zt_1) = 1
Card(Zs_27 & Zt_0) = 1
max card = 4
max card index = 6
a YES
a 1 4 6 8 10 12 14 17 19 21 23 25 28 30 32 33 35 37
a 1 4 7 8 10 12 14 17 19 21 23 25 28 30 32 33 35 37
a 1 5 7 8 10 12 14 17 19 21 23 25 28 30 32 33 35 37
a 2 5 7 8 10 12 14 17 19 21 23 25 28 30 32 33 35 37
a 2 5 7 8 10 12 14 17 19 21 23 25 28 30 32 34 35 37
a 2 5 7 8 10 12 14 17 19 21 23 25 28 30 32 34 36 37
a 2 5 7 8 10 12 14 17 19 21 23 25 28 30 32 34 36 38
a 2 3 7 8 10 12 14 17 19 21 23 25 28 30 32 34 36 38
a 2 3 6 8 10 12 14 17 19 21 23 25 28 30 32 34 36 38
a 2 3 6 8 10 12 14 17 19 21 23 25 27 30 32 34 36 38
a 2 3 6 8 10 12 14 17 19 21 23 25 27 29 32 34 36 38
a 2 3 6 8 10 12 14 17 19 21 23 25 27 29 31 34 36 38
a 2 3 6 8 10 12 14 17 20 21 23 25 27 29 31 34 36 38
a 2 3 6 8 10 12 14 18 20 21 23 25 27 29 31 34 36 38
a 2 3 6 8 10 12 15 18 20 21 23 25 27 29 31 34 36 38
a 2 3 6 8 10 12 15 16 20 21 23 25 27 29 31 34 36 38
a 2 3 6 8 10 12 15 16 19 21 23 25 27 29 31 34 36 38
a 2 3 6 8 10 12 15 16 19 21 23 25 27 29 31 34 36 37
a 2 3 6 8 10 12 15 16 19 21 23 25 27 29 31 34 35 37
a 2 3 6 8 10 12 15 16 19 21 23 25 27 29 31 33 35 37
a 2 3 6 8 10 12 15 16 19 21 23 25 27 29 32 33 35 37
a 2 3 6 8 10 12 15 16 19 21 23 25 27 30 32 33 35 37
a 2 3 6 8 10 12 15 16 19 21 23 25 28 30 32 33 35 37
a 2 3 7 8 10 12 15 16 19 21 23 25 28 30 32 33 35 37
a 2 5 7 8 10 12 15 16 19 21 23 25 28 30 32 33 35 37
a 1 5 7 8 10 12 15 16 19 21 23 25 28 30 32 33 35 37
a 1 4 7 8 10 12 15 16 19 21 23 25 28 30 32 33 35 37
a 1 4 6 8 10 12 15 16 19 21 23 25 28 30 32 33 35 37
Reconfiguration time = 0.009382
	Command being timed: "/Users/soh/app/ddreconf230801-10h10m/ddreconf benchmark/ISR-benchmark/exp_instance/LGC_exp_instance002.col --indset --stwidth --stfile=benchmark/ISR-benchmark/exp_instance/LGC_exp_instance002.dat"
	User time (seconds): 0.01
	System time (seconds): 0.00
	Percent of CPU this job got: 74%
	Elapsed (wall clock) time (h:mm:ss or m:ss): 0:00.03
	Average shared text size (kbytes): 0
	Average unshared data size (kbytes): 0
	Average stack size (kbytes): 0
	Average total size (kbytes): 0
	Maximum resident set size (kbytes): 127303680
	Average resident set size (kbytes): 0
	Major (requiring I/O) page faults: 0
	Minor (reclaiming a frame) page faults: 7910
	Voluntary context switches: 41
	Involuntary context switches: 3
	Swaps: 0
	File system inputs: 0
	File system outputs: 0
	Socket messages sent: 30
	Socket messages received: 0
	Signals delivered: 0
	Page size (bytes): 4096
	Exit status: 0
FINISHED CPU 0.01 MEM 0 MAXMEM 0 STALE 1
#RESULT: UNK
#FIN: FIN
#CPU: 0.01
#MAXMEM: 0
c 
#END: [Tue Aug  1 10:29:39 2023]
