#BEGIN: [Tue Aug  8 16:56:12 2023]
#HOST: mini21.local
#TIMELIMIT: 1800
#MEMLIMIT: 0
#FREQ: 10
#SOLVER: recon
#ARG1: benchmark/ISR-benchmark/exp_instance/LGC_exp_instance009.col
#ARG2: benchmark/ISR-benchmark/exp_instance/LGC_exp_instance009.dat
#COMMAND: /Users/soh/app/recon/src/recon benchmark/ISR-benchmark/exp_instance/LGC_exp_instance009.col benchmark/ISR-benchmark/exp_instance/LGC_exp_instance009.dat
c Copyright Volker Turau & Christoph Weyer, 2022
c Institute of Telematics
c Hamburg University of Technology, Hamburg, Germany
c Contact: turau@tuhh.de
c Graph file: benchmark/ISR-benchmark/exp_instance/LGC_exp_instance009.col
c Target file: benchmark/ISR-benchmark/exp_instance/LGC_exp_instance009.dat
c Size of independent set: 270
c Number of nodes of graph: 549
c Number of edges of graph: 639
c Average degree of graph: 2.33
s 1 4 6 8 10 12 14 17 19 21 23 25 27 30 32 34 36 38 40 43 45 47 49 51 53 56 58 60 62 64 66 69 71 73 75 77 79 82 84 86 88 90 92 95 97 99 101 103 105 108 110 112 114 116 119 121 123 124 126 128 131 133 135 136 138 140 143 145 147 148 150 152 155 157 159 160 162 164 167 169 171 172 174 176 179 181 183 184 186 188 191 193 195 196 198 200 203 205 207 208 210 212 215 217 219 220 222 224 227 229 231 232 234 236 239 241 243 244 246 248 251 253 255 256 258 260 263 265 267 268 270 272 275 277 279 280 282 284 287 289 291 292 294 296 299 301 303 304 306 308 311 313 315 316 318 320 323 325 327 328 330 332 335 337 339 340 342 344 347 349 351 352 354 356 359 361 363 364 366 368 371 373 375 376 378 380 383 385 387 388 390 392 395 397 399 400 402 404 407 409 411 412 414 416 419 421 423 424 426 428 431 433 435 436 438 440 443 445 447 448 450 452 455 457 459 460 462 464 467 469 471 472 474 476 479 481 483 484 486 488 491 493 495 496 498 500 503 505 507 508 510 512 515 517 519 520 522 524 527 529 531 532 534 536 539 541 543 544 546 548 
t 1 4 6 8 10 12 14 17 19 21 23 25 27 30 32 34 36 38 40 43 45 47 49 51 53 56 58 60 62 64 66 69 71 73 75 77 79 82 84 86 88 90 92 95 97 99 101 103 106 107 110 112 114 116 119 121 123 124 126 128 131 133 135 136 138 140 143 145 147 148 150 152 155 157 159 160 162 164 167 169 171 172 174 176 179 181 183 184 186 188 191 193 195 196 198 200 203 205 207 208 210 212 215 217 219 220 222 224 227 229 231 232 234 236 239 241 243 244 246 248 251 253 255 256 258 260 263 265 267 268 270 272 275 277 279 280 282 284 287 289 291 292 294 296 299 301 303 304 306 308 311 313 315 316 318 320 323 325 327 328 330 332 335 337 339 340 342 344 347 349 351 352 354 356 359 361 363 364 366 368 371 373 375 376 378 380 383 385 387 388 390 392 395 397 399 400 402 404 407 409 411 412 414 416 419 421 423 424 426 428 431 433 435 436 438 440 443 445 447 448 450 452 455 457 459 460 462 464 467 469 471 472 474 476 479 481 483 484 486 488 491 493 495 496 498 500 503 505 507 508 510 512 515 517 519 520 522 524 527 529 531 532 534 536 539 541 543 544 546 548 
c BFS found 65 new nodes in level 1 (total 66/149130808)
c BFS found 2138 new nodes in level 2 (total 2204/149130808)
c BFS found 47471 new nodes in level 3 (total 49675/149130808)
c BFS found 800629 new nodes in level 4 (total 850304/149130808)
c BFS found 10941440 new nodes in level 5 (total 11791692/149130808)
c BFS found 126200986 new nodes in level 6 (total 137989756/149130808)
c BFS exiting found=false count=149130823 max_count=149130808
c R=2
c R=4
c R=6
c R=8
c R=9
c R=10
c R=11
c R=12
c R=13
c R=14
TIMEOUT CPU 1800 MEM 0 MAXMEM 0
#RESULT: UNK
#FIN: TO
#CPU: 1800
#MAXMEM: 0
c 85444 killed(2). 85445 killed(2). 85444 killed(9). 85445 killed(9). 
#END: [Tue Aug  8 17:26:13 2023]
