#BEGIN: [Wed Jul 19 16:20:36 2023]
#HOST: mini30.local
#TIMELIMIT: 7200
#MEMLIMIT: 0
#FREQ: 10
#SOLVER: sat-based-isr-tj05-230719-15h37m
#ARG1: benchmark/ISR-benchmark/exp_instance/LGC_exp_instance001.col
#ARG2: benchmark/ISR-benchmark/exp_instance/LGC_exp_instance001.dat
#COMMAND: /Users/soh/app/scala-2.12.4/bin/scala -J-Xms32g -J-Xmx32g -cp /Users/soh/app/IsrForCompetition230719-15h37m/scop.jar:/Users/soh/app/IsrForCompetition230719-15h37m/isr4competition_2.12-1.3.5.jar fun.scop.app.isr.IsrSolverTj05 benchmark/ISR-benchmark/exp_instance/LGC_exp_instance001.col benchmark/ISR-benchmark/exp_instance/LGC_exp_instance001.dat cadical /Users/soh/app/IsrForCompetition230719-15h37m/cadical
#Nodes: 13
#Edges: 15
c (0) step 1 UNSAT 83 220
c (0) step 2 UNSAT 162 436
c (0) step 3 UNSAT 256 684
c (0) step 4 UNSAT 370 973
c (0) step 5 SAT 509 1312
a YES
a 1 4 6 8 10 12
a 1 4 7 8 10 12
a 1 5 7 8 10 12
a 2 5 7 8 10 12
a 2 3 7 8 10 12
a 2 3 6 8 10 12
	Command being timed: "/Users/soh/app/scala-2.12.4/bin/scala -J-Xms32g -J-Xmx32g -cp /Users/soh/app/IsrForCompetition230719-15h37m/scop.jar:/Users/soh/app/IsrForCompetition230719-15h37m/isr4competition_2.12-1.3.5.jar fun.scop.app.isr.IsrSolverTj05 benchmark/ISR-benchmark/exp_instance/LGC_exp_instance001.col benchmark/ISR-benchmark/exp_instance/LGC_exp_instance001.dat cadical /Users/soh/app/IsrForCompetition230719-15h37m/cadical"
	User time (seconds): 0.74
	System time (seconds): 0.08
	Percent of CPU this job got: 107%
	Elapsed (wall clock) time (h:mm:ss or m:ss): 0:00.77
	Average shared text size (kbytes): 0
	Average unshared data size (kbytes): 0
	Average stack size (kbytes): 0
	Average total size (kbytes): 0
	Maximum resident set size (kbytes): 811515904
	Average resident set size (kbytes): 0
	Major (requiring I/O) page faults: 0
	Minor (reclaiming a frame) page faults: 55463
	Voluntary context switches: 42
	Involuntary context switches: 2555
	Swaps: 0
	File system inputs: 0
	File system outputs: 0
	Socket messages sent: 55
	Socket messages received: 0
	Signals delivered: 5
	Page size (bytes): 4096
	Exit status: 0
FINISHED CPU 0.82 MEM 0 MAXMEM 0 STALE 1
#RESULT: UNK
#FIN: FIN
#CPU: 0.82
#MAXMEM: 0
c 
#END: [Wed Jul 19 16:20:37 2023]
