#BEGIN: [Wed Jul 19 22:25:00 2023]
#HOST: mini30.local
#TIMELIMIT: 7200
#MEMLIMIT: 0
#FREQ: 10
#SOLVER: sat-based-isr-tj05-230719-15h37m
#ARG1: benchmark/ISR-benchmark/exp_instance/LGC_exp_instance006.col
#ARG2: benchmark/ISR-benchmark/exp_instance/LGC_exp_instance006.dat
#COMMAND: /Users/soh/app/scala-2.12.4/bin/scala -J-Xms32g -J-Xmx32g -cp /Users/soh/app/IsrForCompetition230719-15h37m/scop.jar:/Users/soh/app/IsrForCompetition230719-15h37m/isr4competition_2.12-1.3.5.jar fun.scop.app.isr.IsrSolverTj05 benchmark/ISR-benchmark/exp_instance/LGC_exp_instance006.col benchmark/ISR-benchmark/exp_instance/LGC_exp_instance006.dat cadical /Users/soh/app/IsrForCompetition230719-15h37m/cadical
#Nodes: 258
#Edges: 300
c (0) step 1 UNSAT 1673 4580
c (0) step 2 UNSAT 3337 9226
c (0) step 3 UNSAT 5376 14744
c (0) step 4 UNSAT 7915 21383
c (0) step 5 UNSAT 11079 29392
c (0) step 6 UNSAT 14993 39020
c (1) step 7 UNSAT 19782 50516
c (5) step 8 UNSAT 25571 64129
c (42) step 9 UNSAT 32485 80108
c (114) step 10 UNSAT 40649 98702
c (4283) step 11 UNSAT 50188 120160
c (5942) step 12 UNSAT 61227 144731
TIMEOUT CPU 7200 MEM 0 MAXMEM 0
#RESULT: UNK
#FIN: TO
#CPU: 7200
#MAXMEM: 0
c 16582 killed(2). 16595 killed(2). 16581 killed(2). 16582 killed(9). 16595 killed(9). 16581 killed(9). 
#END: [Thu Jul 20 00:25:01 2023]
