#BEGIN: [Thu Jul 20 02:25:01 2023]
#HOST: mini21.local
#TIMELIMIT: 7200
#MEMLIMIT: 0
#FREQ: 10
#SOLVER: sat-based-isr-tj05-230719-15h37m
#ARG1: benchmark/ISR-benchmark/exp_instance/LGC_exp_instance018.col
#ARG2: benchmark/ISR-benchmark/exp_instance/LGC_exp_instance018.dat
#COMMAND: /Users/soh/app/scala-2.12.4/bin/scala -J-Xms32g -J-Xmx32g -cp /Users/soh/app/IsrForCompetition230719-15h37m/scop.jar:/Users/soh/app/IsrForCompetition230719-15h37m/isr4competition_2.12-1.3.5.jar fun.scop.app.isr.IsrSolverTj05 benchmark/ISR-benchmark/exp_instance/LGC_exp_instance018.col benchmark/ISR-benchmark/exp_instance/LGC_exp_instance018.dat cadical /Users/soh/app/IsrForCompetition230719-15h37m/cadical
#Nodes: 2070
#Edges: 2412
c (0) step 1 UNSAT 13445 36872
c (0) step 2 UNSAT 26869 74386
c (0) step 3 UNSAT 43368 119072
c (0) step 4 UNSAT 63967 172979
c (5) step 5 UNSAT 89691 238156
c (17) step 6 UNSAT 121565 316652
c (539) step 7 UNSAT 160614 410516
c (1224) step 8 UNSAT 207863 521797
TIMEOUT CPU 7200 MEM 0 MAXMEM 0
#RESULT: UNK
#FIN: TO
#CPU: 7200
#MAXMEM: 0
c 55144 killed(2). 55158 killed(2). 55145 killed(2). 55144 killed(9). 55158 killed(9). 55145 killed(9). 
#END: [Thu Jul 20 04:25:02 2023]
