#BEGIN: [Tue Aug  8 16:56:12 2023]
#HOST: mini30.local
#TIMELIMIT: 1800
#MEMLIMIT: 0
#FREQ: 10
#SOLVER: recon
#ARG1: benchmark/ISR-benchmark/exp_instance/LGC_exp_instance003.col
#ARG2: benchmark/ISR-benchmark/exp_instance/LGC_exp_instance003.dat
#COMMAND: /Users/soh/app/recon/src/recon benchmark/ISR-benchmark/exp_instance/LGC_exp_instance003.col benchmark/ISR-benchmark/exp_instance/LGC_exp_instance003.dat
c Copyright Volker Turau & Christoph Weyer, 2022
c Institute of Telematics
c Hamburg University of Technology, Hamburg, Germany
c Contact: turau@tuhh.de
c Graph file: benchmark/ISR-benchmark/exp_instance/LGC_exp_instance003.col
c Target file: benchmark/ISR-benchmark/exp_instance/LGC_exp_instance003.dat
c Size of independent set: 36
c Number of nodes of graph: 75
c Number of edges of graph: 87
c Average degree of graph: 2.32
s 1 4 6 8 10 12 14 17 19 21 23 25 27 30 32 34 36 38 41 43 45 46 48 50 53 55 57 58 60 62 65 67 69 70 72 74 
t 1 4 6 8 10 12 14 17 19 21 23 25 28 29 32 34 36 38 41 43 45 46 48 50 53 55 57 58 60 62 65 67 69 70 72 74 
c BFS found 5 new nodes in level 1 (total 6/244032232)
c BFS found 14 new nodes in level 2 (total 20/244032232)
c BFS found 30 new nodes in level 3 (total 50/244032232)
c BFS found 50 new nodes in level 4 (total 100/244032232)
c BFS found 69 new nodes in level 5 (total 168/244032232)
c BFS found 83 new nodes in level 6 (total 247/244032232)
c BFS found 87 new nodes in level 7 (total 314/244032232)
c BFS found 84 new nodes in level 8 (total 365/244032232)
c BFS found 77 new nodes in level 9 (total 384/244032232)
c BFS found 67 new nodes in level 10 (total 384/244032232)
c BFS found 57 new nodes in level 11 (total 362/244032232)
c BFS found 46 new nodes in level 12 (total 329/244032232)
c BFS found 35 new nodes in level 13 (total 289/244032232)
c BFS found 26 new nodes in level 14 (total 237/244032232)
c BFS found 20 new nodes in level 15 (total 185/244032232)
c BFS found 19 new nodes in level 16 (total 158/244032232)
c BFS found 25 new nodes in level 17 (total 140/244032232)
c BFS found 38 new nodes in level 18 (total 141/244032232)
c BFS found 59 new nodes in level 19 (total 178/244032232)
c BFS found 88 new nodes in level 20 (total 241/244032232)
c BFS found 122 new nodes in level 21 (total 353/244032232)
c BFS found 158 new nodes in level 22 (total 490/244032232)
c BFS found 189 new nodes in level 23 (total 640/244032232)
c BFS found 207 new nodes in level 24 (total 793/244032232)
c BFS found 207 new nodes in level 25 (total 910/244032232)
c BFS found 190 new nodes in level 26 (total 982/244032232)
c BFS found 164 new nodes in level 27 (total 987/244032232)
c BFS found 140 new nodes in level 28 (total 938/244032232)
c BFS found 128 new nodes in level 29 (total 875/244032232)
c BFS found 132 new nodes in level 30 (total 788/244032232)
c BFS found 148 new nodes in level 31 (total 751/244032232)
c BFS found 168 new nodes in level 32 (total 751/244032232)
c BFS found 183 new nodes in level 33 (total 803/244032232)
c BFS found 184 new nodes in level 34 (total 855/244032232)
c BFS found 169 new nodes in level 35 (total 889/244032232)
c BFS found 140 new nodes in level 36 (total 885/244032232)
c BFS found 102 new nodes in level 37 (total 812/244032232)
c BFS found 65 new nodes in level 38 (total 696/244032232)
c BFS found 35 new nodes in level 39 (total 537/244032232)
c BFS found 16 new nodes in level 40 (total 383/244032232)
c BFS found 8 new nodes in level 41 (total 261/244032232)
c BFS found 7 new nodes in level 42 (total 163/244032232)
c BFS found 9 new nodes in level 43 (total 125/244032232)
c BFS found 11 new nodes in level 44 (total 82/244032232)
c BFS found 15 new nodes in level 45 (total 95/244032232)
c BFS found 23 new nodes in level 46 (total 116/244032232)
c BFS found 40 new nodes in level 47 (total 153/244032232)
c BFS found 69 new nodes in level 48 (total 217/244032232)
c BFS found 107 new nodes in level 49 (total 312/244032232)
c BFS found 149 new nodes in level 50 (total 454/244032232)
c BFS found 184 new nodes in level 51 (total 618/244032232)
c BFS found 202 new nodes in level 52 (total 783/244032232)
c BFS found 198 new nodes in level 53 (total 912/244032232)
c BFS found 174 new nodes in level 54 (total 970/244032232)
c BFS found 142 new nodes in level 55 (total 955/244032232)
c BFS found 117 new nodes in level 56 (total 872/244032232)
c BFS found 110 new nodes in level 57 (total 769/244032232)
c BFS found 125 new nodes in level 58 (total 694/244032232)
c BFS found 155 new nodes in level 59 (total 674/244032232)
c BFS found 186 new nodes in level 60 (total 743/244032232)
c BFS found 206 new nodes in level 61 (total 852/244032232)
c BFS found 206 new nodes in level 62 (total 962/244032232)
c BFS found 185 new nodes in level 63 (total 1037/244032232)
c BFS found 149 new nodes in level 64 (total 1017/244032232)
c BFS found 107 new nodes in level 65 (total 932/244032232)
c BFS found 70 new nodes in level 66 (total 760/244032232)
c BFS found 44 new nodes in level 67 (total 622/244032232)
c BFS found 31 new nodes in level 68 (total 479/244032232)
c BFS found 27 new nodes in level 69 (total 368/244032232)
c BFS found 26 new nodes in level 70 (total 308/244032232)
c BFS found 25 new nodes in level 71 (total 287/244032232)
c BFS found 22 new nodes in level 72 (total 262/244032232)
c BFS found 19 new nodes in level 73 (total 251/244032232)
c BFS found 19 new nodes in level 74 (total 236/244032232)
c BFS found 24 new nodes in level 75 (total 204/244032232)
c BFS found 33 new nodes in level 76 (total 195/244032232)
c BFS found 44 new nodes in level 77 (total 221/244032232)
c BFS found 53 new nodes in level 78 (total 266/244032232)
c BFS found 56 new nodes in level 79 (total 284/244032232)
c BFS found 53 new nodes in level 80 (total 323/244032232)
c BFS found 45 new nodes in level 81 (total 342/244032232)
c BFS found 36 new nodes in level 82 (total 350/244032232)
c BFS exiting found=true count=307 max_count=244032232
c Found with: Breadth First Search
a YES
a 1 4 6 8 10 12 14 17 19 21 23 25 27 30 32 34 36 38 41 43 45 46 48 50 53 55 57 58 60 62 65 67 69 70 72 74 
a 1 4 7 8 10 12 14 17 19 21 23 25 27 30 32 34 36 38 41 43 45 46 48 50 53 55 57 58 60 62 65 67 69 70 72 74 
a 1 5 7 8 10 12 14 17 19 21 23 25 27 30 32 34 36 38 41 43 45 46 48 50 53 55 57 58 60 62 65 67 69 70 72 74 
a 2 5 7 8 10 12 14 17 19 21 23 25 27 30 32 34 36 38 41 43 45 46 48 50 53 55 57 58 60 62 65 67 69 70 72 74 
a 2 3 7 8 10 12 14 17 19 21 23 25 27 30 32 34 36 38 41 43 45 46 48 50 53 55 57 58 60 62 65 67 69 70 72 74 
a 2 3 6 8 10 12 14 17 19 21 23 25 27 30 32 34 36 38 41 43 45 46 48 50 53 55 57 58 60 62 65 67 69 70 72 74 
a 2 3 6 8 10 12 14 17 19 21 23 25 27 30 32 34 36 38 40 43 45 46 48 50 53 55 57 58 60 62 65 67 69 70 72 74 
a 2 3 6 8 10 12 14 17 19 21 23 25 27 30 32 34 36 38 40 42 45 46 48 50 53 55 57 58 60 62 65 67 69 70 72 74 
a 2 3 6 8 10 12 14 17 19 21 23 25 27 30 32 34 36 38 40 42 44 46 48 50 53 55 57 58 60 62 65 67 69 70 72 74 
a 2 3 6 8 10 12 14 17 19 21 23 25 27 30 32 34 36 38 40 42 44 47 48 50 53 55 57 58 60 62 65 67 69 70 72 74 
a 2 3 6 8 10 12 14 17 19 21 23 25 27 30 32 34 36 38 40 42 44 47 49 50 53 55 57 58 60 62 65 67 69 70 72 74 
a 2 3 6 8 10 12 14 17 19 21 23 25 27 30 32 34 36 38 40 42 44 47 49 51 53 55 57 58 60 62 65 67 69 70 72 74 
a 2 3 6 8 10 12 14 17 20 21 23 25 27 30 32 34 36 38 40 42 44 47 49 51 53 55 57 58 60 62 65 67 69 70 72 74 
a 2 3 6 8 10 12 14 18 20 21 23 25 27 30 32 34 36 38 40 42 44 47 49 51 53 55 57 58 60 62 65 67 69 70 72 74 
a 2 3 6 8 10 12 15 18 20 21 23 25 27 30 32 34 36 38 40 42 44 47 49 51 53 55 57 58 60 62 65 67 69 70 72 74 
a 2 3 6 8 10 12 15 16 20 21 23 25 27 30 32 34 36 38 40 42 44 47 49 51 53 55 57 58 60 62 65 67 69 70 72 74 
a 2 3 6 8 10 12 15 16 19 21 23 25 27 30 32 34 36 38 40 42 44 47 49 51 53 55 57 58 60 62 65 67 69 70 72 74 
a 2 3 6 8 10 12 15 16 19 21 23 25 27 30 32 34 36 38 40 42 44 47 49 51 52 55 57 58 60 62 65 67 69 70 72 74 
a 2 3 6 8 10 12 15 16 19 21 23 25 27 30 32 34 36 38 40 42 44 47 49 51 52 54 57 58 60 62 65 67 69 70 72 74 
a 2 3 6 8 10 12 15 16 19 21 23 25 27 30 32 34 36 38 40 42 44 47 49 50 52 54 57 58 60 62 65 67 69 70 72 74 
a 2 3 6 8 10 12 15 16 19 21 23 25 27 30 32 34 36 38 40 42 44 47 48 50 52 54 57 58 60 62 65 67 69 70 72 74 
a 2 3 6 8 10 12 15 16 19 21 23 25 27 30 32 34 36 38 40 42 44 46 48 50 52 54 57 58 60 62 65 67 69 70 72 74 
a 2 3 6 8 10 12 15 16 19 21 23 25 27 30 32 34 36 38 40 42 45 46 48 50 52 54 57 58 60 62 65 67 69 70 72 74 
a 2 3 6 8 10 12 15 16 19 21 23 25 27 30 32 34 36 38 40 43 45 46 48 50 52 54 57 58 60 62 65 67 69 70 72 74 
a 2 3 6 8 10 12 15 16 19 21 23 25 27 30 32 34 36 38 41 43 45 46 48 50 52 54 57 58 60 62 65 67 69 70 72 74 
a 2 3 7 8 10 12 15 16 19 21 23 25 27 30 32 34 36 38 41 43 45 46 48 50 52 54 57 58 60 62 65 67 69 70 72 74 
a 2 5 7 8 10 12 15 16 19 21 23 25 27 30 32 34 36 38 41 43 45 46 48 50 52 54 57 58 60 62 65 67 69 70 72 74 
a 1 5 7 8 10 12 15 16 19 21 23 25 27 30 32 34 36 38 41 43 45 46 48 50 52 54 57 58 60 62 65 67 69 70 72 74 
a 1 4 7 8 10 12 15 16 19 21 23 25 27 30 32 34 36 38 41 43 45 46 48 50 52 54 57 58 60 62 65 67 69 70 72 74 
a 1 4 6 8 10 12 15 16 19 21 23 25 27 30 32 34 36 38 41 43 45 46 48 50 52 54 57 58 60 62 65 67 69 70 72 74 
a 1 4 6 8 10 12 15 16 19 21 23 25 27 30 32 34 36 38 41 43 45 46 48 50 52 54 57 58 60 62 64 67 69 70 72 74 
a 1 4 6 8 10 12 15 16 19 21 23 25 27 30 32 34 36 38 41 43 45 46 48 50 52 54 57 58 60 62 64 66 69 70 72 74 
a 1 4 6 8 10 12 15 16 19 21 23 25 27 30 32 34 36 38 41 43 45 46 48 50 52 54 57 58 60 62 64 66 69 71 72 74 
a 1 4 6 8 10 12 15 16 19 21 23 25 27 30 32 34 36 38 41 43 45 46 48 50 52 54 56 58 60 62 64 66 69 71 72 74 
a 1 4 6 8 10 12 15 16 19 21 23 25 27 30 32 34 36 38 41 43 45 46 48 50 52 54 56 58 60 62 64 66 69 71 73 74 
a 1 4 6 8 10 12 15 16 19 21 23 25 27 30 32 34 36 38 41 43 45 46 48 50 52 54 56 58 60 62 64 66 68 71 73 74 
a 1 4 6 8 10 12 15 16 19 21 23 25 27 30 32 34 36 38 41 43 45 46 48 50 52 54 56 58 60 62 64 66 68 71 73 75 
a 1 4 6 8 10 12 15 16 19 21 23 25 27 30 32 34 36 38 41 43 45 46 48 50 52 54 56 59 60 62 64 66 68 71 73 75 
a 1 4 6 8 10 12 15 16 19 21 23 25 27 30 32 34 36 38 41 43 45 46 48 50 52 54 56 59 61 62 64 66 68 71 73 75 
a 1 4 6 8 10 12 15 16 19 21 23 25 27 30 32 34 36 38 41 43 45 46 48 50 52 54 56 59 61 63 64 66 68 71 73 75 
a 1 4 6 8 10 12 15 16 19 21 23 25 27 30 33 34 36 38 41 43 45 46 48 50 52 54 56 59 61 63 64 66 68 71 73 75 
a 1 4 6 8 10 12 15 16 19 21 23 25 27 31 33 34 36 38 41 43 45 46 48 50 52 54 56 59 61 63 64 66 68 71 73 75 
a 1 4 6 8 10 12 15 16 19 21 23 25 28 31 33 34 36 38 41 43 45 46 48 50 52 54 56 59 61 63 64 66 68 71 73 75 
a 1 4 6 8 10 12 15 16 19 21 23 25 28 29 33 34 36 38 41 43 45 46 48 50 52 54 56 59 61 63 64 66 68 71 73 75 
a 1 4 6 8 10 12 15 16 19 21 23 25 28 29 32 34 36 38 41 43 45 46 48 50 52 54 56 59 61 63 64 66 68 71 73 75 
a 1 4 6 8 10 12 15 16 19 21 23 25 28 29 32 34 36 38 41 43 45 46 48 50 52 54 56 59 61 62 64 66 68 71 73 75 
a 1 4 6 8 10 12 15 16 19 21 23 25 28 29 32 34 36 38 41 43 45 46 48 50 52 54 56 59 61 62 64 66 69 71 73 75 
a 1 4 6 8 10 12 15 16 19 21 23 25 28 29 32 34 36 38 41 43 45 46 48 50 52 54 56 59 60 62 64 66 69 71 73 75 
a 1 4 6 8 10 12 15 16 19 21 23 25 28 29 32 34 36 38 41 43 45 46 48 50 52 54 56 59 60 62 64 67 69 71 73 75 
a 1 4 6 8 10 12 15 16 19 21 23 25 28 29 32 34 36 38 41 43 45 46 48 50 52 54 56 58 60 62 64 67 69 71 73 75 
a 1 4 6 8 10 12 15 16 19 21 23 25 28 29 32 34 36 38 41 43 45 46 48 50 52 54 56 58 60 62 65 67 69 71 73 75 
a 1 4 7 8 10 12 15 16 19 21 23 25 28 29 32 34 36 38 41 43 45 46 48 50 52 54 56 58 60 62 65 67 69 71 73 75 
a 1 4 7 8 10 12 15 16 19 21 23 25 28 29 32 34 36 38 41 43 45 46 48 50 52 54 56 58 60 62 65 67 69 71 73 74 
a 1 4 7 8 10 12 15 16 19 21 23 25 28 29 32 34 36 38 41 43 45 46 48 50 52 54 56 58 60 62 65 67 69 71 72 74 
a 1 5 7 8 10 12 15 16 19 21 23 25 28 29 32 34 36 38 41 43 45 46 48 50 52 54 56 58 60 62 65 67 69 71 72 74 
a 1 5 7 8 10 12 15 16 19 21 23 25 28 29 32 34 36 38 41 43 45 46 48 50 52 54 56 58 60 62 65 67 69 70 72 74 
a 2 5 7 8 10 12 15 16 19 21 23 25 28 29 32 34 36 38 41 43 45 46 48 50 52 54 56 58 60 62 65 67 69 70 72 74 
a 2 3 7 8 10 12 15 16 19 21 23 25 28 29 32 34 36 38 41 43 45 46 48 50 52 54 56 58 60 62 65 67 69 70 72 74 
a 2 3 6 8 10 12 15 16 19 21 23 25 28 29 32 34 36 38 41 43 45 46 48 50 52 54 56 58 60 62 65 67 69 70 72 74 
a 2 3 6 8 10 12 15 16 19 21 23 25 28 29 32 34 36 38 40 43 45 46 48 50 52 54 56 58 60 62 65 67 69 70 72 74 
a 2 3 6 8 10 12 15 16 19 21 23 25 28 29 32 34 36 38 40 42 45 46 48 50 52 54 56 58 60 62 65 67 69 70 72 74 
a 2 3 6 8 10 12 15 16 19 21 23 25 28 29 32 34 36 38 40 42 44 46 48 50 52 54 56 58 60 62 65 67 69 70 72 74 
a 2 3 6 8 10 12 15 16 19 21 23 25 28 29 32 34 36 38 40 42 44 47 48 50 52 54 56 58 60 62 65 67 69 70 72 74 
a 2 3 6 8 10 12 15 16 19 21 23 25 28 29 32 34 36 38 40 42 44 47 49 50 52 54 56 58 60 62 65 67 69 70 72 74 
a 2 3 6 8 10 12 15 16 19 21 23 25 28 29 32 34 36 38 40 42 44 47 49 51 52 54 56 58 60 62 65 67 69 70 72 74 
a 2 3 6 8 10 12 15 16 19 21 23 25 28 29 32 34 36 38 40 42 44 47 49 51 52 54 57 58 60 62 65 67 69 70 72 74 
a 2 3 6 8 10 12 15 16 19 21 23 25 28 29 32 34 36 38 40 42 44 47 49 51 52 55 57 58 60 62 65 67 69 70 72 74 
a 2 3 6 8 10 12 15 16 19 21 23 25 28 29 32 34 36 38 40 42 44 47 49 51 53 55 57 58 60 62 65 67 69 70 72 74 
a 2 3 6 8 10 12 15 16 20 21 23 25 28 29 32 34 36 38 40 42 44 47 49 51 53 55 57 58 60 62 65 67 69 70 72 74 
a 2 3 6 8 10 12 15 18 20 21 23 25 28 29 32 34 36 38 40 42 44 47 49 51 53 55 57 58 60 62 65 67 69 70 72 74 
a 2 3 6 8 10 12 14 18 20 21 23 25 28 29 32 34 36 38 40 42 44 47 49 51 53 55 57 58 60 62 65 67 69 70 72 74 
a 2 3 6 8 10 12 14 17 20 21 23 25 28 29 32 34 36 38 40 42 44 47 49 51 53 55 57 58 60 62 65 67 69 70 72 74 
a 2 3 6 8 10 12 14 17 19 21 23 25 28 29 32 34 36 38 40 42 44 47 49 51 53 55 57 58 60 62 65 67 69 70 72 74 
a 2 3 6 8 10 12 14 17 19 21 23 25 28 29 32 34 36 38 40 42 44 47 49 50 53 55 57 58 60 62 65 67 69 70 72 74 
a 2 3 6 8 10 12 14 17 19 21 23 25 28 29 32 34 36 38 40 42 44 47 48 50 53 55 57 58 60 62 65 67 69 70 72 74 
a 2 3 6 8 10 12 14 17 19 21 23 25 28 29 32 34 36 38 40 42 44 46 48 50 53 55 57 58 60 62 65 67 69 70 72 74 
a 2 3 6 8 10 12 14 17 19 21 23 25 28 29 32 34 36 38 40 42 45 46 48 50 53 55 57 58 60 62 65 67 69 70 72 74 
a 2 3 6 8 10 12 14 17 19 21 23 25 28 29 32 34 36 38 40 43 45 46 48 50 53 55 57 58 60 62 65 67 69 70 72 74 
a 2 3 6 8 10 12 14 17 19 21 23 25 28 29 32 34 36 38 41 43 45 46 48 50 53 55 57 58 60 62 65 67 69 70 72 74 
a 2 3 7 8 10 12 14 17 19 21 23 25 28 29 32 34 36 38 41 43 45 46 48 50 53 55 57 58 60 62 65 67 69 70 72 74 
a 2 5 7 8 10 12 14 17 19 21 23 25 28 29 32 34 36 38 41 43 45 46 48 50 53 55 57 58 60 62 65 67 69 70 72 74 
a 1 5 7 8 10 12 14 17 19 21 23 25 28 29 32 34 36 38 41 43 45 46 48 50 53 55 57 58 60 62 65 67 69 70 72 74 
a 1 4 7 8 10 12 14 17 19 21 23 25 28 29 32 34 36 38 41 43 45 46 48 50 53 55 57 58 60 62 65 67 69 70 72 74 
a 1 4 6 8 10 12 14 17 19 21 23 25 28 29 32 34 36 38 41 43 45 46 48 50 53 55 57 58 60 62 65 67 69 70 72 74 
c Length: 83
	Command being timed: "/Users/soh/app/recon/src/recon benchmark/ISR-benchmark/exp_instance/LGC_exp_instance003.col benchmark/ISR-benchmark/exp_instance/LGC_exp_instance003.dat"
	User time (seconds): 0.02
	System time (seconds): 0.00
	Percent of CPU this job got: 76%
	Elapsed (wall clock) time (h:mm:ss or m:ss): 0:00.02
	Average shared text size (kbytes): 0
	Average unshared data size (kbytes): 0
	Average stack size (kbytes): 0
	Average total size (kbytes): 0
	Maximum resident set size (kbytes): 3670016
	Average resident set size (kbytes): 0
	Major (requiring I/O) page faults: 0
	Minor (reclaiming a frame) page faults: 365
	Voluntary context switches: 16
	Involuntary context switches: 2
	Swaps: 0
	File system inputs: 0
	File system outputs: 0
	Socket messages sent: 32
	Socket messages received: 0
	Signals delivered: 0
	Page size (bytes): 4096
	Exit status: 0
FINISHED CPU 0.02 MEM 0 MAXMEM 0 STALE 1
#RESULT: UNK
#FIN: FIN
#CPU: 0.02
#MAXMEM: 0
c 
#END: [Tue Aug  8 16:56:12 2023]
