#BEGIN: [Tue Aug  8 16:56:12 2023]
#HOST: mini30.local
#TIMELIMIT: 1800
#MEMLIMIT: 0
#FREQ: 10
#SOLVER: recon
#ARG1: benchmark/ISR-benchmark/exp_instance/LGC_exp_instance008.col
#ARG2: benchmark/ISR-benchmark/exp_instance/LGC_exp_instance008.dat
#COMMAND: /Users/soh/app/recon/src/recon benchmark/ISR-benchmark/exp_instance/LGC_exp_instance008.col benchmark/ISR-benchmark/exp_instance/LGC_exp_instance008.dat
c Copyright Volker Turau & Christoph Weyer, 2022
c Institute of Telematics
c Hamburg University of Technology, Hamburg, Germany
c Contact: turau@tuhh.de
c Graph file: benchmark/ISR-benchmark/exp_instance/LGC_exp_instance008.col
c Target file: benchmark/ISR-benchmark/exp_instance/LGC_exp_instance008.dat
c Size of independent set: 216
c Number of nodes of graph: 440
c Number of edges of graph: 512
c Average degree of graph: 2.33
s 1 4 6 8 10 12 14 17 19 21 23 25 27 30 32 34 36 38 40 43 45 47 49 51 53 56 58 60 62 64 66 69 71 73 75 77 79 82 84 86 88 90 92 95 97 99 101 103 106 108 110 111 113 115 118 120 122 123 125 127 130 132 134 135 137 139 142 144 146 147 149 151 154 156 158 159 161 163 166 168 170 171 173 175 178 180 182 183 185 187 190 192 194 195 197 199 202 204 206 207 209 211 214 216 218 219 221 223 226 228 230 231 233 235 238 240 242 243 245 247 250 252 254 255 257 259 262 264 266 267 269 271 274 276 278 279 281 283 286 288 290 291 293 295 298 300 302 303 305 307 310 312 314 315 317 319 322 324 326 327 329 331 334 336 338 339 341 343 346 348 350 351 353 355 358 360 362 363 365 367 370 372 374 375 377 379 382 384 386 387 389 391 394 396 398 399 401 403 406 408 410 411 413 415 418 420 422 423 425 427 430 432 434 435 437 439 
t 1 4 6 8 10 12 14 17 19 21 23 25 27 30 32 34 36 38 40 43 45 47 49 51 53 56 58 60 62 64 66 69 71 73 75 77 79 82 84 86 88 90 93 94 97 99 101 103 106 108 110 111 113 115 118 120 122 123 125 127 130 132 134 135 137 139 142 144 146 147 149 151 154 156 158 159 161 163 166 168 170 171 173 175 178 180 182 183 185 187 190 192 194 195 197 199 202 204 206 207 209 211 214 216 218 219 221 223 226 228 230 231 233 235 238 240 242 243 245 247 250 252 254 255 257 259 262 264 266 267 269 271 274 276 278 279 281 283 286 288 290 291 293 295 298 300 302 303 305 307 310 312 314 315 317 319 322 324 326 327 329 331 334 336 338 339 341 343 346 348 350 351 353 355 358 360 362 363 365 367 370 372 374 375 377 379 382 384 386 387 389 391 394 396 398 399 401 403 406 408 410 411 413 415 418 420 422 423 425 427 430 432 434 435 437 439 
c BFS found 50 new nodes in level 1 (total 51/167772160)
c BFS found 1269 new nodes in level 2 (total 1320/167772160)
c BFS found 21815 new nodes in level 3 (total 23135/167772160)
c BFS found 285850 new nodes in level 4 (total 308985/167772160)
c BFS found 3045353 new nodes in level 5 (total 3354291/167772160)
c BFS found 27472092 new nodes in level 6 (total 30825120/167772160)
c BFS exiting found=false count=167772161 max_count=167772160
c R=2
c R=4
c R=6
c R=8
c R=9
c R=10
c R=11
c R=12
c R=13
c R=14
c History level 26 41943040
c History level 27 62914562
c R=15
TIMEOUT CPU 1800 MEM 0 MAXMEM 0
#RESULT: UNK
#FIN: TO
#CPU: 1800
#MAXMEM: 0
c 23251 killed(2). 23250 killed(2). 23251 killed(9). 23250 killed(9). 
#END: [Tue Aug  8 17:26:12 2023]
