#BEGIN: [Thu Jul 20 02:25:01 2023]
#HOST: mini24.local
#TIMELIMIT: 7200
#MEMLIMIT: 0
#FREQ: 10
#SOLVER: sat-based-isr-tj05-230719-15h37m
#ARG1: benchmark/ISR-benchmark/exp_instance/LGC_exp_instance017.col
#ARG2: benchmark/ISR-benchmark/exp_instance/LGC_exp_instance017.dat
#COMMAND: /Users/soh/app/scala-2.12.4/bin/scala -J-Xms32g -J-Xmx32g -cp /Users/soh/app/IsrForCompetition230719-15h37m/scop.jar:/Users/soh/app/IsrForCompetition230719-15h37m/isr4competition_2.12-1.3.5.jar fun.scop.app.isr.IsrSolverTj05 benchmark/ISR-benchmark/exp_instance/LGC_exp_instance017.col benchmark/ISR-benchmark/exp_instance/LGC_exp_instance017.dat cadical /Users/soh/app/IsrForCompetition230719-15h37m/cadical
#Nodes: 1853
#Edges: 2159
c (0) step 1 UNSAT 12035 33004
c (0) step 2 UNSAT 24050 66580
c (0) step 3 UNSAT 38816 106572
c (0) step 4 UNSAT 57250 154813
c (3) step 5 UNSAT 80269 213136
c (15) step 6 UNSAT 108790 283374
c (749) step 7 UNSAT 143730 367360
c (3341) step 8 UNSAT 186006 466927
TIMEOUT CPU 7200 MEM 0 MAXMEM 0
#RESULT: UNK
#FIN: TO
#CPU: 7200
#MAXMEM: 0
c 17414 killed(2). 17401 killed(2). 17400 killed(2). 17414 killed(9). 17401 killed(9). 17400 killed(9). 
#END: [Thu Jul 20 04:25:02 2023]
