#BEGIN: [Tue Aug  8 17:27:12 2023]
#HOST: mini28.local
#TIMELIMIT: 1800
#MEMLIMIT: 0
#FREQ: 10
#SOLVER: recon
#ARG1: benchmark/ISR-benchmark/exp_instance/LGC_exp_instance012.col
#ARG2: benchmark/ISR-benchmark/exp_instance/LGC_exp_instance012.dat
#COMMAND: /Users/soh/app/recon/src/recon benchmark/ISR-benchmark/exp_instance/LGC_exp_instance012.col benchmark/ISR-benchmark/exp_instance/LGC_exp_instance012.dat
c Copyright Volker Turau & Christoph Weyer, 2022
c Institute of Telematics
c Hamburg University of Technology, Hamburg, Germany
c Contact: turau@tuhh.de
c Graph file: benchmark/ISR-benchmark/exp_instance/LGC_exp_instance012.col
c Target file: benchmark/ISR-benchmark/exp_instance/LGC_exp_instance012.dat
c Size of independent set: 468
c Number of nodes of graph: 948
c Number of edges of graph: 1104
c Average degree of graph: 2.33
s 1 4 6 8 10 12 14 17 19 21 23 25 27 30 32 34 36 38 40 43 45 47 49 51 53 56 58 60 62 64 66 69 71 73 75 77 79 82 84 86 88 90 92 95 97 99 101 103 105 108 110 112 114 116 118 121 123 125 127 129 131 134 136 138 140 142 144 147 149 151 153 155 158 160 162 163 165 167 170 172 174 175 177 179 182 184 186 187 189 191 194 196 198 199 201 203 206 208 210 211 213 215 218 220 222 223 225 227 230 232 234 235 237 239 242 244 246 247 249 251 254 256 258 259 261 263 266 268 270 271 273 275 278 280 282 283 285 287 290 292 294 295 297 299 302 304 306 307 309 311 314 316 318 319 321 323 326 328 330 331 333 335 338 340 342 343 345 347 350 352 354 355 357 359 362 364 366 367 369 371 374 376 378 379 381 383 386 388 390 391 393 395 398 400 402 403 405 407 410 412 414 415 417 419 422 424 426 427 429 431 434 436 438 439 441 443 446 448 450 451 453 455 458 460 462 463 465 467 470 472 474 475 477 479 482 484 486 487 489 491 494 496 498 499 501 503 506 508 510 511 513 515 518 520 522 523 525 527 530 532 534 535 537 539 542 544 546 547 549 551 554 556 558 559 561 563 566 568 570 571 573 575 578 580 582 583 585 587 590 592 594 595 597 599 602 604 606 607 609 611 614 616 618 619 621 623 626 628 630 631 633 635 638 640 642 643 645 647 650 652 654 655 657 659 662 664 666 667 669 671 674 676 678 679 681 683 686 688 690 691 693 695 698 700 702 703 705 707 710 712 714 715 717 719 722 724 726 727 729 731 734 736 738 739 741 743 746 748 750 751 753 755 758 760 762 763 765 767 770 772 774 775 777 779 782 784 786 787 789 791 794 796 798 799 801 803 806 808 810 811 813 815 818 820 822 823 825 827 830 832 834 835 837 839 842 844 846 847 849 851 854 856 858 859 861 863 866 868 870 871 873 875 878 880 882 883 885 887 890 892 894 895 897 899 902 904 906 907 909 911 914 916 918 919 921 923 926 928 930 931 933 935 938 940 942 943 945 947 
t 1 4 6 8 10 12 14 17 19 21 23 25 27 30 32 34 36 38 40 43 45 47 49 51 53 56 58 60 62 64 66 69 71 73 75 77 79 82 84 86 88 90 92 95 97 99 101 103 105 108 110 112 114 116 118 121 123 125 127 129 131 134 136 138 140 142 145 146 149 151 153 155 158 160 162 163 165 167 170 172 174 175 177 179 182 184 186 187 189 191 194 196 198 199 201 203 206 208 210 211 213 215 218 220 222 223 225 227 230 232 234 235 237 239 242 244 246 247 249 251 254 256 258 259 261 263 266 268 270 271 273 275 278 280 282 283 285 287 290 292 294 295 297 299 302 304 306 307 309 311 314 316 318 319 321 323 326 328 330 331 333 335 338 340 342 343 345 347 350 352 354 355 357 359 362 364 366 367 369 371 374 376 378 379 381 383 386 388 390 391 393 395 398 400 402 403 405 407 410 412 414 415 417 419 422 424 426 427 429 431 434 436 438 439 441 443 446 448 450 451 453 455 458 460 462 463 465 467 470 472 474 475 477 479 482 484 486 487 489 491 494 496 498 499 501 503 506 508 510 511 513 515 518 520 522 523 525 527 530 532 534 535 537 539 542 544 546 547 549 551 554 556 558 559 561 563 566 568 570 571 573 575 578 580 582 583 585 587 590 592 594 595 597 599 602 604 606 607 609 611 614 616 618 619 621 623 626 628 630 631 633 635 638 640 642 643 645 647 650 652 654 655 657 659 662 664 666 667 669 671 674 676 678 679 681 683 686 688 690 691 693 695 698 700 702 703 705 707 710 712 714 715 717 719 722 724 726 727 729 731 734 736 738 739 741 743 746 748 750 751 753 755 758 760 762 763 765 767 770 772 774 775 777 779 782 784 786 787 789 791 794 796 798 799 801 803 806 808 810 811 813 815 818 820 822 823 825 827 830 832 834 835 837 839 842 844 846 847 849 851 854 856 858 859 861 863 866 868 870 871 873 875 878 880 882 883 885 887 890 892 894 895 897 899 902 904 906 907 909 911 914 916 918 919 921 923 926 928 930 931 933 935 938 940 942 943 945 947 
c BFS found 122 new nodes in level 1 (total 123/111848106)
c BFS found 7493 new nodes in level 2 (total 7616/111848106)
c BFS found 308949 new nodes in level 3 (total 316565/111848106)
c BFS found 9621584 new nodes in level 4 (total 9938149/111848106)
c BFS exiting found=false count=111848122 max_count=111848106
c R=2
c R=4
c R=6
c R=8
c R=9
c R=10
c R=11
c R=12
c History level 26 41943040
c History level 27 62914562
TIMEOUT CPU 1800 MEM 0 MAXMEM 0
#RESULT: UNK
#FIN: TO
#CPU: 1800
#MAXMEM: 0
c 26027 killed(2). 26026 killed(2). 26027 killed(9). 26026 killed(9). 
#END: [Tue Aug  8 17:57:12 2023]
