#BEGIN: [Thu Jul 20 00:26:01 2023]
#HOST: mini23.local
#TIMELIMIT: 7200
#MEMLIMIT: 0
#FREQ: 10
#SOLVER: sat-based-isr-tj05-230719-15h37m
#ARG1: benchmark/ISR-benchmark/exp_instance/LGC_exp_instance016.col
#ARG2: benchmark/ISR-benchmark/exp_instance/LGC_exp_instance016.dat
#COMMAND: /Users/soh/app/scala-2.12.4/bin/scala -J-Xms32g -J-Xmx32g -cp /Users/soh/app/IsrForCompetition230719-15h37m/scop.jar:/Users/soh/app/IsrForCompetition230719-15h37m/isr4competition_2.12-1.3.5.jar fun.scop.app.isr.IsrSolverTj05 benchmark/ISR-benchmark/exp_instance/LGC_exp_instance016.col benchmark/ISR-benchmark/exp_instance/LGC_exp_instance016.dat cadical /Users/soh/app/IsrForCompetition230719-15h37m/cadical
#Nodes: 1648
#Edges: 1920
c (0) step 1 UNSAT 10703 29350
c (0) step 2 UNSAT 21387 59206
c (0) step 3 UNSAT 34516 94764
c (0) step 4 UNSAT 50905 137653
c (3) step 5 UNSAT 71369 189502
c (30) step 6 UNSAT 96723 251940
c (647) step 7 UNSAT 127782 326596
c (2711) step 8 UNSAT 165361 415099
TIMEOUT CPU 7200 MEM 0 MAXMEM 0
#RESULT: UNK
#FIN: TO
#CPU: 7200
#MAXMEM: 0
c 04090 killed(2). 04091 killed(2). 04104 killed(2). 04090 killed(9). 04091 killed(9). 04104 killed(9). 
#END: [Thu Jul 20 02:26:02 2023]
