#BEGIN: [Tue Aug  8 16:57:09 2023]
#HOST: mini23.local
#TIMELIMIT: 1800
#MEMLIMIT: 0
#FREQ: 10
#SOLVER: recon
#ARG1: benchmark/ISR-benchmark/exp_instance/LGC_exp_instance010.col
#ARG2: benchmark/ISR-benchmark/exp_instance/LGC_exp_instance010.dat
#COMMAND: /Users/soh/app/recon/src/recon benchmark/ISR-benchmark/exp_instance/LGC_exp_instance010.col benchmark/ISR-benchmark/exp_instance/LGC_exp_instance010.dat
c Copyright Volker Turau & Christoph Weyer, 2022
c Institute of Telematics
c Hamburg University of Technology, Hamburg, Germany
c Contact: turau@tuhh.de
c Graph file: benchmark/ISR-benchmark/exp_instance/LGC_exp_instance010.col
c Target file: benchmark/ISR-benchmark/exp_instance/LGC_exp_instance010.dat
c Size of independent set: 330
c Number of nodes of graph: 670
c Number of edges of graph: 780
c Average degree of graph: 2.33
s 1 4 6 8 10 12 14 17 19 21 23 25 27 30 32 34 36 38 40 43 45 47 49 51 53 56 58 60 62 64 66 69 71 73 75 77 79 82 84 86 88 90 92 95 97 99 101 103 105 108 110 112 114 116 118 121 123 125 127 129 132 134 136 137 139 141 144 146 148 149 151 153 156 158 160 161 163 165 168 170 172 173 175 177 180 182 184 185 187 189 192 194 196 197 199 201 204 206 208 209 211 213 216 218 220 221 223 225 228 230 232 233 235 237 240 242 244 245 247 249 252 254 256 257 259 261 264 266 268 269 271 273 276 278 280 281 283 285 288 290 292 293 295 297 300 302 304 305 307 309 312 314 316 317 319 321 324 326 328 329 331 333 336 338 340 341 343 345 348 350 352 353 355 357 360 362 364 365 367 369 372 374 376 377 379 381 384 386 388 389 391 393 396 398 400 401 403 405 408 410 412 413 415 417 420 422 424 425 427 429 432 434 436 437 439 441 444 446 448 449 451 453 456 458 460 461 463 465 468 470 472 473 475 477 480 482 484 485 487 489 492 494 496 497 499 501 504 506 508 509 511 513 516 518 520 521 523 525 528 530 532 533 535 537 540 542 544 545 547 549 552 554 556 557 559 561 564 566 568 569 571 573 576 578 580 581 583 585 588 590 592 593 595 597 600 602 604 605 607 609 612 614 616 617 619 621 624 626 628 629 631 633 636 638 640 641 643 645 648 650 652 653 655 657 660 662 664 665 667 669 
t 1 4 6 8 10 12 14 17 19 21 23 25 27 30 32 34 36 38 40 43 45 47 49 51 53 56 58 60 62 64 66 69 71 73 75 77 79 82 84 86 88 90 92 95 97 99 101 103 105 108 110 112 114 116 119 120 123 125 127 129 132 134 136 137 139 141 144 146 148 149 151 153 156 158 160 161 163 165 168 170 172 173 175 177 180 182 184 185 187 189 192 194 196 197 199 201 204 206 208 209 211 213 216 218 220 221 223 225 228 230 232 233 235 237 240 242 244 245 247 249 252 254 256 257 259 261 264 266 268 269 271 273 276 278 280 281 283 285 288 290 292 293 295 297 300 302 304 305 307 309 312 314 316 317 319 321 324 326 328 329 331 333 336 338 340 341 343 345 348 350 352 353 355 357 360 362 364 365 367 369 372 374 376 377 379 381 384 386 388 389 391 393 396 398 400 401 403 405 408 410 412 413 415 417 420 422 424 425 427 429 432 434 436 437 439 441 444 446 448 449 451 453 456 458 460 461 463 465 468 470 472 473 475 477 480 482 484 485 487 489 492 494 496 497 499 501 504 506 508 509 511 513 516 518 520 521 523 525 528 530 532 533 535 537 540 542 544 545 547 549 552 554 556 557 559 561 564 566 568 569 571 573 576 578 580 581 583 585 588 590 592 593 595 597 600 602 604 605 607 609 612 614 616 617 619 621 624 626 628 629 631 633 636 638 640 641 643 645 648 650 652 653 655 657 660 662 664 665 667 669 
c BFS found 82 new nodes in level 1 (total 83/134217728)
c BFS found 3395 new nodes in level 2 (total 3478/134217728)
c BFS found 94656 new nodes in level 3 (total 98134/134217728)
c BFS found 1999712 new nodes in level 4 (total 2097846/134217728)
c BFS found 34147588 new nodes in level 5 (total 36245212/134217728)
c BFS exiting found=false count=134217731 max_count=134217728
c R=2
c R=4
c R=6
c R=8
c R=9
c R=10
c R=11
c R=12
c History level 26 41943040
c History level 27 62914562
c R=13
TIMEOUT CPU 1800 MEM 0 MAXMEM 0
#RESULT: UNK
#FIN: TO
#CPU: 1800
#MAXMEM: 0
c 12338 killed(2). 12339 killed(2). 12338 killed(9). 12339 killed(9). 
#END: [Tue Aug  8 17:27:09 2023]
