#BEGIN: [Thu Jul 20 00:24:01 2023]
#HOST: mini24.local
#TIMELIMIT: 7200
#MEMLIMIT: 0
#FREQ: 10
#SOLVER: sat-based-isr-tj05-230719-15h37m
#ARG1: benchmark/ISR-benchmark/exp_instance/LGC_exp_instance007.col
#ARG2: benchmark/ISR-benchmark/exp_instance/LGC_exp_instance007.dat
#COMMAND: /Users/soh/app/scala-2.12.4/bin/scala -J-Xms32g -J-Xmx32g -cp /Users/soh/app/IsrForCompetition230719-15h37m/scop.jar:/Users/soh/app/IsrForCompetition230719-15h37m/isr4competition_2.12-1.3.5.jar fun.scop.app.isr.IsrSolverTj05 benchmark/ISR-benchmark/exp_instance/LGC_exp_instance007.col benchmark/ISR-benchmark/exp_instance/LGC_exp_instance007.dat cadical /Users/soh/app/IsrForCompetition230719-15h37m/cadical
#Nodes: 343
#Edges: 399
c (0) step 1 UNSAT 2225 6094
c (0) step 2 UNSAT 4440 12280
c (0) step 3 UNSAT 7156 19632
c (0) step 4 UNSAT 10540 28483
c (0) step 5 UNSAT 14759 39166
c (0) step 6 UNSAT 19980 52014
c (3) step 7 UNSAT 26370 67360
c (20) step 8 UNSAT 34096 85537
c (170) step 9 UNSAT 43325 106878
c (1623) step 10 UNSAT 54224 131716
c (2312) step 11 UNSAT 66960 160384
c (4942) step 12 UNSAT 81700 193215
TIMEOUT CPU 7200 MEM 0 MAXMEM 0
#RESULT: UNK
#FIN: TO
#CPU: 7200
#MAXMEM: 0
c 17374 killed(2). 17361 killed(2). 17360 killed(2). 17374 killed(9). 17361 killed(9). 17360 killed(9). 
#END: [Thu Jul 20 02:24:02 2023]
