#BEGIN: [Wed Jul 19 22:25:00 2023]
#HOST: mini23.local
#TIMELIMIT: 7200
#MEMLIMIT: 0
#FREQ: 10
#SOLVER: sat-based-isr-tj05-230719-15h37m
#ARG1: benchmark/ISR-benchmark/exp_instance/LGC_exp_instance005.col
#ARG2: benchmark/ISR-benchmark/exp_instance/LGC_exp_instance005.dat
#COMMAND: /Users/soh/app/scala-2.12.4/bin/scala -J-Xms32g -J-Xmx32g -cp /Users/soh/app/IsrForCompetition230719-15h37m/scop.jar:/Users/soh/app/IsrForCompetition230719-15h37m/isr4competition_2.12-1.3.5.jar fun.scop.app.isr.IsrSolverTj05 benchmark/ISR-benchmark/exp_instance/LGC_exp_instance005.col benchmark/ISR-benchmark/exp_instance/LGC_exp_instance005.dat cadical /Users/soh/app/IsrForCompetition230719-15h37m/cadical
#Nodes: 185
#Edges: 215
c (0) step 1 UNSAT 1199 3280
c (0) step 2 UNSAT 2390 6604
c (0) step 3 UNSAT 3848 10548
c (0) step 4 UNSAT 5662 15289
c (0) step 5 UNSAT 7921 21004
c (0) step 6 UNSAT 10714 27870
c (0) step 7 UNSAT 14130 36064
c (1) step 8 UNSAT 18258 45763
c (4) step 9 UNSAT 23187 57144
c (22) step 10 UNSAT 29006 70384
c (63) step 11 UNSAT 35804 85660
c (2699) step 12 UNSAT 43670 103149
TIMEOUT CPU 7200 MEM 0 MAXMEM 0
#RESULT: UNK
#FIN: TO
#CPU: 7200
#MAXMEM: 0
c 04050 killed(2). 04037 killed(2). 04036 killed(2). 04050 killed(9). 04037 killed(9). 04036 killed(9). 
#END: [Thu Jul 20 00:25:01 2023]
