#BEGIN: [Thu Jul 20 00:26:01 2023]
#HOST: mini30.local
#TIMELIMIT: 7200
#MEMLIMIT: 0
#FREQ: 10
#SOLVER: sat-based-isr-tj05-230719-15h37m
#ARG1: benchmark/ISR-benchmark/exp_instance/LGC_exp_instance015.col
#ARG2: benchmark/ISR-benchmark/exp_instance/LGC_exp_instance015.dat
#COMMAND: /Users/soh/app/scala-2.12.4/bin/scala -J-Xms32g -J-Xmx32g -cp /Users/soh/app/IsrForCompetition230719-15h37m/scop.jar:/Users/soh/app/IsrForCompetition230719-15h37m/isr4competition_2.12-1.3.5.jar fun.scop.app.isr.IsrSolverTj05 benchmark/ISR-benchmark/exp_instance/LGC_exp_instance015.col benchmark/ISR-benchmark/exp_instance/LGC_exp_instance015.dat cadical /Users/soh/app/IsrForCompetition230719-15h37m/cadical
#Nodes: 1455
#Edges: 1695
c (0) step 1 UNSAT 9449 25910
c (0) step 2 UNSAT 18880 52264
c (0) step 3 UNSAT 30468 83648
c (0) step 4 UNSAT 44932 121499
c (2) step 5 UNSAT 62991 167254
c (25) step 6 UNSAT 85364 222350
c (146) step 7 UNSAT 112770 288224
c (545) step 8 UNSAT 145928 366313
TIMEOUT CPU 7200 MEM 0 MAXMEM 0
#RESULT: UNK
#FIN: TO
#CPU: 7200
#MAXMEM: 0
c 16635 killed(2). 16621 killed(2). 16622 killed(2). 16635 killed(9). 16621 killed(9). 16622 killed(9). 
#END: [Thu Jul 20 02:26:02 2023]
