#BEGIN: [Tue Aug  8 16:56:12 2023]
#HOST: mini21.local
#TIMELIMIT: 1800
#MEMLIMIT: 0
#FREQ: 10
#SOLVER: recon
#ARG1: benchmark/ISR-benchmark/exp_instance/LGC_exp_instance002.col
#ARG2: benchmark/ISR-benchmark/exp_instance/LGC_exp_instance002.dat
#COMMAND: /Users/soh/app/recon/src/recon benchmark/ISR-benchmark/exp_instance/LGC_exp_instance002.col benchmark/ISR-benchmark/exp_instance/LGC_exp_instance002.dat
c Copyright Volker Turau & Christoph Weyer, 2022
c Institute of Telematics
c Hamburg University of Technology, Hamburg, Germany
c Contact: turau@tuhh.de
c Graph file: benchmark/ISR-benchmark/exp_instance/LGC_exp_instance002.col
c Target file: benchmark/ISR-benchmark/exp_instance/LGC_exp_instance002.dat
c Size of independent set: 18
c Number of nodes of graph: 38
c Number of edges of graph: 44
c Average degree of graph: 2.32
s 1 4 6 8 10 12 14 17 19 21 23 25 28 30 32 33 35 37 
t 1 4 6 8 10 12 15 16 19 21 23 25 28 30 32 33 35 37 
c BFS found 2 new nodes in level 1 (total 3/268435456)
c BFS found 3 new nodes in level 2 (total 6/268435456)
c BFS found 4 new nodes in level 3 (total 10/268435456)
c BFS found 4 new nodes in level 4 (total 14/268435456)
c BFS found 6 new nodes in level 5 (total 20/268435456)
c BFS found 9 new nodes in level 6 (total 25/268435456)
c BFS found 10 new nodes in level 7 (total 34/268435456)
c BFS found 9 new nodes in level 8 (total 43/268435456)
c BFS found 6 new nodes in level 9 (total 44/268435456)
c BFS found 3 new nodes in level 10 (total 44/268435456)
c BFS found 1 new nodes in level 11 (total 33/268435456)
c BFS found 1 new nodes in level 12 (total 26/268435456)
c BFS found 2 new nodes in level 13 (total 15/268435456)
c BFS found 3 new nodes in level 14 (total 18/268435456)
c BFS found 3 new nodes in level 15 (total 21/268435456)
c BFS found 3 new nodes in level 16 (total 24/268435456)
c BFS found 4 new nodes in level 17 (total 27/268435456)
c BFS found 4 new nodes in level 18 (total 30/268435456)
c BFS found 4 new nodes in level 19 (total 34/268435456)
c BFS found 4 new nodes in level 20 (total 36/268435456)
c BFS found 5 new nodes in level 21 (total 35/268435456)
c BFS found 6 new nodes in level 22 (total 38/268435456)
c BFS found 7 new nodes in level 23 (total 42/268435456)
c BFS found 7 new nodes in level 24 (total 46/268435456)
c BFS found 6 new nodes in level 25 (total 49/268435456)
c BFS found 5 new nodes in level 26 (total 51/268435456)
c BFS exiting found=true count=46 max_count=268435456
c Found with: Breadth First Search
a YES
a 1 4 6 8 10 12 14 17 19 21 23 25 28 30 32 33 35 37 
a 1 4 7 8 10 12 14 17 19 21 23 25 28 30 32 33 35 37 
a 1 5 7 8 10 12 14 17 19 21 23 25 28 30 32 33 35 37 
a 2 5 7 8 10 12 14 17 19 21 23 25 28 30 32 33 35 37 
a 2 5 7 8 10 12 14 17 19 21 23 25 28 30 32 34 35 37 
a 2 3 7 8 10 12 14 17 19 21 23 25 28 30 32 34 35 37 
a 2 3 7 8 10 12 14 17 19 21 23 25 28 30 32 34 36 37 
a 2 3 7 8 10 12 14 17 19 21 23 25 28 30 32 34 36 38 
a 2 3 6 8 10 12 14 17 19 21 23 25 28 30 32 34 36 38 
a 2 3 6 8 10 12 14 17 19 21 23 25 27 30 32 34 36 38 
a 2 3 6 8 10 12 14 17 19 21 23 25 27 29 32 34 36 38 
a 2 3 6 8 10 12 14 17 19 21 23 25 27 29 31 34 36 38 
a 2 3 6 8 10 12 14 17 20 21 23 25 27 29 31 34 36 38 
a 2 3 6 8 10 12 14 18 20 21 23 25 27 29 31 34 36 38 
a 2 3 6 8 10 12 15 18 20 21 23 25 27 29 31 34 36 38 
a 2 3 6 8 10 12 15 16 20 21 23 25 27 29 31 34 36 38 
a 2 3 6 8 10 12 15 16 19 21 23 25 27 29 31 34 36 38 
a 2 3 6 8 10 12 15 16 19 21 23 25 27 29 32 34 36 38 
a 2 3 6 8 10 12 15 16 19 21 23 25 27 30 32 34 36 38 
a 2 3 6 8 10 12 15 16 19 21 23 25 27 30 32 34 36 37 
a 2 3 6 8 10 12 15 16 19 21 23 25 28 30 32 34 36 37 
a 2 3 7 8 10 12 15 16 19 21 23 25 28 30 32 34 36 37 
a 2 5 7 8 10 12 15 16 19 21 23 25 28 30 32 34 36 37 
a 2 5 7 8 10 12 15 16 19 21 23 25 28 30 32 34 35 37 
a 2 5 7 8 10 12 15 16 19 21 23 25 28 30 32 33 35 37 
a 1 5 7 8 10 12 15 16 19 21 23 25 28 30 32 33 35 37 
a 1 4 7 8 10 12 15 16 19 21 23 25 28 30 32 33 35 37 
a 1 4 6 8 10 12 15 16 19 21 23 25 28 30 32 33 35 37 
c Length: 27
	Command being timed: "/Users/soh/app/recon/src/recon benchmark/ISR-benchmark/exp_instance/LGC_exp_instance002.col benchmark/ISR-benchmark/exp_instance/LGC_exp_instance002.dat"
	User time (seconds): 0.00
	System time (seconds): 0.00
	Percent of CPU this job got: 0%
	Elapsed (wall clock) time (h:mm:ss or m:ss): 0:00.00
	Average shared text size (kbytes): 0
	Average unshared data size (kbytes): 0
	Average stack size (kbytes): 0
	Average total size (kbytes): 0
	Maximum resident set size (kbytes): 3244032
	Average resident set size (kbytes): 0
	Major (requiring I/O) page faults: 0
	Minor (reclaiming a frame) page faults: 339
	Voluntary context switches: 16
	Involuntary context switches: 2
	Swaps: 0
	File system inputs: 0
	File system outputs: 0
	Socket messages sent: 32
	Socket messages received: 0
	Signals delivered: 0
	Page size (bytes): 4096
	Exit status: 0
FINISHED CPU 0 MEM 0 MAXMEM 0 STALE 1
#RESULT: UNK
#FIN: FIN
#CPU: 0
#MAXMEM: 0
c 
#END: [Tue Aug  8 16:56:12 2023]
