#BEGIN: [Thu Jul 20 00:24:01 2023]
#HOST: mini25.local
#TIMELIMIT: 7200
#MEMLIMIT: 0
#FREQ: 10
#SOLVER: sat-based-isr-tj05-230719-15h37m
#ARG1: benchmark/ISR-benchmark/exp_instance/LGC_exp_instance011.col
#ARG2: benchmark/ISR-benchmark/exp_instance/LGC_exp_instance011.dat
#COMMAND: /Users/soh/app/scala-2.12.4/bin/scala -J-Xms32g -J-Xmx32g -cp /Users/soh/app/IsrForCompetition230719-15h37m/scop.jar:/Users/soh/app/IsrForCompetition230719-15h37m/isr4competition_2.12-1.3.5.jar fun.scop.app.isr.IsrSolverTj05 benchmark/ISR-benchmark/exp_instance/LGC_exp_instance011.col benchmark/ISR-benchmark/exp_instance/LGC_exp_instance011.dat cadical /Users/soh/app/IsrForCompetition230719-15h37m/cadical
#Nodes: 803
#Edges: 935
c (0) step 1 UNSAT 5213 14290
c (0) step 2 UNSAT 10412 28816
c (0) step 3 UNSAT 16796 46104
c (0) step 4 UNSAT 24760 66943
c (0) step 5 UNSAT 34699 92122
c (3) step 6 UNSAT 47008 122430
c (57) step 7 UNSAT 62082 158656
c (503) step 8 UNSAT 80316 201589
TIMEOUT CPU 7200 MEM 0 MAXMEM 0
#RESULT: UNK
#FIN: TO
#CPU: 7200
#MAXMEM: 0
c 19148 killed(2). 19134 killed(2). 19135 killed(2). 19148 killed(9). 19134 killed(9). 19135 killed(9). 
#END: [Thu Jul 20 02:24:01 2023]
