#BEGIN: [Thu Jul 20 00:24:01 2023]
#HOST: mini26.local
#TIMELIMIT: 7200
#MEMLIMIT: 0
#FREQ: 10
#SOLVER: sat-based-isr-tj05-230719-15h37m
#ARG1: benchmark/ISR-benchmark/exp_instance/LGC_exp_instance012.col
#ARG2: benchmark/ISR-benchmark/exp_instance/LGC_exp_instance012.dat
#COMMAND: /Users/soh/app/scala-2.12.4/bin/scala -J-Xms32g -J-Xmx32g -cp /Users/soh/app/IsrForCompetition230719-15h37m/scop.jar:/Users/soh/app/IsrForCompetition230719-15h37m/isr4competition_2.12-1.3.5.jar fun.scop.app.isr.IsrSolverTj05 benchmark/ISR-benchmark/exp_instance/LGC_exp_instance012.col benchmark/ISR-benchmark/exp_instance/LGC_exp_instance012.dat cadical /Users/soh/app/IsrForCompetition230719-15h37m/cadical
#Nodes: 948
#Edges: 1104
c (0) step 1 UNSAT 6155 16874
c (0) step 2 UNSAT 12295 34030
c (0) step 3 UNSAT 19836 54452
c (0) step 4 UNSAT 29245 79073
c (1) step 5 UNSAT 40989 108826
c (11) step 6 UNSAT 55535 144644
c (26) step 7 UNSAT 73350 187460
c (901) step 8 UNSAT 94901 238207
TIMEOUT CPU 7200 MEM 0 MAXMEM 0
#RESULT: UNK
#FIN: TO
#CPU: 7200
#MAXMEM: 0
c 19188 killed(2). 19174 killed(2). 19175 killed(2). 19188 killed(9). 19174 killed(9). 19175 killed(9). 
#END: [Thu Jul 20 02:24:02 2023]
