#BEGIN: [Tue Aug  8 16:56:11 2023]
#HOST: mini27.local
#TIMELIMIT: 1800
#MEMLIMIT: 0
#FREQ: 10
#SOLVER: recon
#ARG1: benchmark/ISR-benchmark/exp_instance/LGC_exp_instance001.col
#ARG2: benchmark/ISR-benchmark/exp_instance/LGC_exp_instance001.dat
#COMMAND: /Users/soh/app/recon/src/recon benchmark/ISR-benchmark/exp_instance/LGC_exp_instance001.col benchmark/ISR-benchmark/exp_instance/LGC_exp_instance001.dat
c Copyright Volker Turau & Christoph Weyer, 2022
c Institute of Telematics
c Hamburg University of Technology, Hamburg, Germany
c Contact: turau@tuhh.de
c Graph file: benchmark/ISR-benchmark/exp_instance/LGC_exp_instance001.col
c Target file: benchmark/ISR-benchmark/exp_instance/LGC_exp_instance001.dat
c Size of independent set: 6
c Number of nodes of graph: 13
c Number of edges of graph: 15
c Average degree of graph: 2.31
s 1 4 6 8 10 12 
t 2 3 6 8 10 12 
c BFS found 1 new nodes in level 1 (total 2/268435456)
c BFS found 2 new nodes in level 2 (total 4/268435456)
c BFS found 3 new nodes in level 3 (total 7/268435456)
c BFS found 3 new nodes in level 4 (total 10/268435456)
c BFS exiting found=true count=12 max_count=268435456
c Found with: Breadth First Search
a YES
a 1 4 6 8 10 12 
a 1 4 7 8 10 12 
a 1 5 7 8 10 12 
a 2 5 7 8 10 12 
a 2 3 7 8 10 12 
a 2 3 6 8 10 12 
c Length: 5
	Command being timed: "/Users/soh/app/recon/src/recon benchmark/ISR-benchmark/exp_instance/LGC_exp_instance001.col benchmark/ISR-benchmark/exp_instance/LGC_exp_instance001.dat"
	User time (seconds): 0.00
	System time (seconds): 0.00
	Percent of CPU this job got: 0%
	Elapsed (wall clock) time (h:mm:ss or m:ss): 0:00.00
	Average shared text size (kbytes): 0
	Average unshared data size (kbytes): 0
	Average stack size (kbytes): 0
	Average total size (kbytes): 0
	Maximum resident set size (kbytes): 3260416
	Average resident set size (kbytes): 0
	Major (requiring I/O) page faults: 0
	Minor (reclaiming a frame) page faults: 340
	Voluntary context switches: 17
	Involuntary context switches: 2
	Swaps: 0
	File system inputs: 0
	File system outputs: 0
	Socket messages sent: 35
	Socket messages received: 0
	Signals delivered: 0
	Page size (bytes): 4096
	Exit status: 0
FINISHED CPU 0 MEM 0 MAXMEM 0 STALE 1
#RESULT: UNK
#FIN: FIN
#CPU: 0
#MAXMEM: 0
c 
#END: [Tue Aug  8 16:56:12 2023]
