#BEGIN: [Tue Aug  8 17:00:12 2023]
#HOST: mini25.local
#TIMELIMIT: 1800
#MEMLIMIT: 0
#FREQ: 10
#SOLVER: recon
#ARG1: benchmark/ISR-benchmark/exp_instance/LGC_exp_instance011.col
#ARG2: benchmark/ISR-benchmark/exp_instance/LGC_exp_instance011.dat
#COMMAND: /Users/soh/app/recon/src/recon benchmark/ISR-benchmark/exp_instance/LGC_exp_instance011.col benchmark/ISR-benchmark/exp_instance/LGC_exp_instance011.dat
c Copyright Volker Turau & Christoph Weyer, 2022
c Institute of Telematics
c Hamburg University of Technology, Hamburg, Germany
c Contact: turau@tuhh.de
c Graph file: benchmark/ISR-benchmark/exp_instance/LGC_exp_instance011.col
c Target file: benchmark/ISR-benchmark/exp_instance/LGC_exp_instance011.dat
c Size of independent set: 396
c Number of nodes of graph: 803
c Number of edges of graph: 935
c Average degree of graph: 2.33
s 1 4 6 8 10 12 14 17 19 21 23 25 27 30 32 34 36 38 40 43 45 47 49 51 53 56 58 60 62 64 66 69 71 73 75 77 79 82 84 86 88 90 92 95 97 99 101 103 105 108 110 112 114 116 118 121 123 125 127 129 131 134 136 138 140 142 145 147 149 150 152 154 157 159 161 162 164 166 169 171 173 174 176 178 181 183 185 186 188 190 193 195 197 198 200 202 205 207 209 210 212 214 217 219 221 222 224 226 229 231 233 234 236 238 241 243 245 246 248 250 253 255 257 258 260 262 265 267 269 270 272 274 277 279 281 282 284 286 289 291 293 294 296 298 301 303 305 306 308 310 313 315 317 318 320 322 325 327 329 330 332 334 337 339 341 342 344 346 349 351 353 354 356 358 361 363 365 366 368 370 373 375 377 378 380 382 385 387 389 390 392 394 397 399 401 402 404 406 409 411 413 414 416 418 421 423 425 426 428 430 433 435 437 438 440 442 445 447 449 450 452 454 457 459 461 462 464 466 469 471 473 474 476 478 481 483 485 486 488 490 493 495 497 498 500 502 505 507 509 510 512 514 517 519 521 522 524 526 529 531 533 534 536 538 541 543 545 546 548 550 553 555 557 558 560 562 565 567 569 570 572 574 577 579 581 582 584 586 589 591 593 594 596 598 601 603 605 606 608 610 613 615 617 618 620 622 625 627 629 630 632 634 637 639 641 642 644 646 649 651 653 654 656 658 661 663 665 666 668 670 673 675 677 678 680 682 685 687 689 690 692 694 697 699 701 702 704 706 709 711 713 714 716 718 721 723 725 726 728 730 733 735 737 738 740 742 745 747 749 750 752 754 757 759 761 762 764 766 769 771 773 774 776 778 781 783 785 786 788 790 793 795 797 798 800 802 
t 1 4 6 8 10 12 14 17 19 21 23 25 27 30 32 34 36 38 40 43 45 47 49 51 53 56 58 60 62 64 66 69 71 73 75 77 79 82 84 86 88 90 92 95 97 99 101 103 105 108 110 112 114 116 118 121 123 125 127 129 132 133 136 138 140 142 145 147 149 150 152 154 157 159 161 162 164 166 169 171 173 174 176 178 181 183 185 186 188 190 193 195 197 198 200 202 205 207 209 210 212 214 217 219 221 222 224 226 229 231 233 234 236 238 241 243 245 246 248 250 253 255 257 258 260 262 265 267 269 270 272 274 277 279 281 282 284 286 289 291 293 294 296 298 301 303 305 306 308 310 313 315 317 318 320 322 325 327 329 330 332 334 337 339 341 342 344 346 349 351 353 354 356 358 361 363 365 366 368 370 373 375 377 378 380 382 385 387 389 390 392 394 397 399 401 402 404 406 409 411 413 414 416 418 421 423 425 426 428 430 433 435 437 438 440 442 445 447 449 450 452 454 457 459 461 462 464 466 469 471 473 474 476 478 481 483 485 486 488 490 493 495 497 498 500 502 505 507 509 510 512 514 517 519 521 522 524 526 529 531 533 534 536 538 541 543 545 546 548 550 553 555 557 558 560 562 565 567 569 570 572 574 577 579 581 582 584 586 589 591 593 594 596 598 601 603 605 606 608 610 613 615 617 618 620 622 625 627 629 630 632 634 637 639 641 642 644 646 649 651 653 654 656 658 661 663 665 666 668 670 673 675 677 678 680 682 685 687 689 690 692 694 697 699 701 702 704 706 709 711 713 714 716 718 721 723 725 726 728 730 733 735 737 738 740 742 745 747 749 750 752 754 757 759 761 762 764 766 769 771 773 774 776 778 781 783 785 786 788 790 793 795 797 798 800 802 
c BFS found 101 new nodes in level 1 (total 102/122016116)
c BFS found 5142 new nodes in level 2 (total 5244/122016116)
c BFS found 175978 new nodes in level 3 (total 181222/122016116)
c BFS found 4555210 new nodes in level 4 (total 4736432/122016116)
c BFS found 95135175 new nodes in level 5 (total 99871328/122016116)
c BFS exiting found=false count=122016176 max_count=122016116
c R=2
c R=4
c R=6
c R=8
c R=9
c R=10
c R=11
c R=12
c History level 26 41943040
c History level 27 62914562
c History level 28 125829119
TIMEOUT CPU 1800 MEM 0 MAXMEM 0
#RESULT: UNK
#FIN: TO
#CPU: 1800
#MAXMEM: 0
c 25746 killed(2). 25747 killed(2). 25746 killed(9). 25747 killed(9). 
#END: [Tue Aug  8 17:30:12 2023]
