#BEGIN: [Tue Aug  8 16:56:12 2023]
#HOST: mini23.local
#TIMELIMIT: 1800
#MEMLIMIT: 0
#FREQ: 10
#SOLVER: recon
#ARG1: benchmark/ISR-benchmark/exp_instance/LGC_exp_instance004.col
#ARG2: benchmark/ISR-benchmark/exp_instance/LGC_exp_instance004.dat
#COMMAND: /Users/soh/app/recon/src/recon benchmark/ISR-benchmark/exp_instance/LGC_exp_instance004.col benchmark/ISR-benchmark/exp_instance/LGC_exp_instance004.dat
c Copyright Volker Turau & Christoph Weyer, 2022
c Institute of Telematics
c Hamburg University of Technology, Hamburg, Germany
c Contact: turau@tuhh.de
c Graph file: benchmark/ISR-benchmark/exp_instance/LGC_exp_instance004.col
c Target file: benchmark/ISR-benchmark/exp_instance/LGC_exp_instance004.dat
c Size of independent set: 60
c Number of nodes of graph: 124
c Number of edges of graph: 144
c Average degree of graph: 2.32
s 1 4 6 8 10 12 14 17 19 21 23 25 27 30 32 34 36 38 40 43 45 47 49 51 54 56 58 59 61 63 66 68 70 71 73 75 78 80 82 83 85 87 90 92 94 95 97 99 102 104 106 107 109 111 114 116 118 119 121 123 
t 1 4 6 8 10 12 14 17 19 21 23 25 27 30 32 34 36 38 41 42 45 47 49 51 54 56 58 59 61 63 66 68 70 71 73 75 78 80 82 83 85 87 90 92 94 95 97 99 102 104 106 107 109 111 114 116 118 119 121 123 
c BFS found 10 new nodes in level 1 (total 11/244032232)
c BFS found 53 new nodes in level 2 (total 64/244032232)
c BFS found 201 new nodes in level 3 (total 265/244032232)
c BFS found 604 new nodes in level 4 (total 869/244032232)
c BFS found 1514 new nodes in level 5 (total 2383/244032232)
c BFS found 3272 new nodes in level 6 (total 5638/244032232)
c BFS found 6226 new nodes in level 7 (total 11756/244032232)
c BFS found 10587 new nodes in level 8 (total 21956/244032232)
c BFS found 16271 new nodes in level 9 (total 37147/244032232)
c BFS found 22791 new nodes in level 10 (total 57401/244032232)
c BFS found 29291 new nodes in level 11 (total 81580/244032232)
c BFS found 34729 new nodes in level 12 (total 107263/244032232)
c BFS found 38151 new nodes in level 13 (total 131107/244032232)
c BFS found 38973 new nodes in level 14 (total 149506/244032232)
c BFS found 37131 new nodes in level 15 (total 159805/244032232)
c BFS found 33067 new nodes in level 16 (total 160515/244032232)
c BFS found 27578 new nodes in level 17 (total 152020/244032232)
c BFS found 21577 new nodes in level 18 (total 135828/244032232)
c BFS found 15892 new nodes in level 19 (total 114916/244032232)
c BFS found 11138 new nodes in level 20 (total 92178/244032232)
c BFS found 7667 new nodes in level 21 (total 70365/244032232)
c BFS found 5597 new nodes in level 22 (total 51849/244032232)
c BFS found 4848 new nodes in level 23 (total 38119/244032232)
c BFS found 5177 new nodes in level 24 (total 29818/244032232)
c BFS found 6218 new nodes in level 25 (total 26692/244032232)
c BFS found 7523 new nodes in level 26 (total 27919/244032232)
c BFS found 8644 new nodes in level 27 (total 31929/244032232)
c BFS found 9242 new nodes in level 28 (total 36950/244032232)
c BFS found 9186 new nodes in level 29 (total 41308/244032232)
c BFS found 8609 new nodes in level 30 (total 43775/244032232)
c BFS found 7880 new nodes in level 31 (total 43949/244032232)
c BFS found 7501 new nodes in level 32 (total 42457/244032232)
c BFS found 7968 new nodes in level 33 (total 40721/244032232)
c BFS found 9634 new nodes in level 34 (total 40674/244032232)
c BFS found 12609 new nodes in level 35 (total 44178/244032232)
c BFS found 16704 new nodes in level 36 (total 52405/244032232)
c BFS found 21418 new nodes in level 37 (total 65411/244032232)
c BFS found 25996 new nodes in level 38 (total 81857/244032232)
c BFS found 29565 new nodes in level 39 (total 99345/244032232)
c BFS found 31342 new nodes in level 40 (total 114754/244032232)
c BFS found 30871 new nodes in level 41 (total 125087/244032232)
c BFS found 28177 new nodes in level 42 (total 128032/244032232)
c BFS found 23774 new nodes in level 43 (total 123053/244032232)
c BFS found 18509 new nodes in level 44 (total 110848/244032232)
c BFS found 13298 new nodes in level 45 (total 93615/244032232)
c BFS found 8889 new nodes in level 46 (total 74011/244032232)
c BFS found 5745 new nodes in level 47 (total 54981/244032232)
c BFS found 4095 new nodes in level 48 (total 39066/244032232)
c BFS found 4115 new nodes in level 49 (total 28129/244032232)
c BFS found 6139 new nodes in level 50 (total 23806/244032232)
c BFS found 10781 new nodes in level 51 (total 27657/244032232)
c BFS found 18859 new nodes in level 52 (total 41758/244032232)
c BFS found 31097 new nodes in level 53 (total 68799/244032232)
c BFS found 47654 new nodes in level 54 (total 111102/244032232)
c BFS found 67662 new nodes in level 55 (total 169535/244032232)
c BFS found 89021 new nodes in level 56 (total 242110/244032232)
c BFS found 108628 new nodes in level 57 (total 323107/244032232)
c BFS found 123093 new nodes in level 58 (total 402962/244032232)
c BFS found 129732 new nodes in level 59 (total 470412/244032232)
c BFS found 127452 new nodes in level 60 (total 514795/244032232)
c BFS found 117165 new nodes in level 61 (total 529306/244032232)
c BFS found 101507 new nodes in level 62 (total 512851/244032232)
c BFS found 83967 new nodes in level 63 (total 470755/244032232)
c BFS found 67789 new nodes in level 64 (total 412743/244032232)
c BFS found 55061 new nodes in level 65 (total 350324/244032232)
c BFS found 46335 new nodes in level 66 (total 293135/244032232)
c BFS found 40840 new nodes in level 67 (total 247093/244032232)
c BFS found 37098 new nodes in level 68 (total 213744/244032232)
c BFS found 33650 new nodes in level 69 (total 190481/244032232)
c BFS found 29578 new nodes in level 70 (total 172237/244032232)
c BFS found 24682 new nodes in level 71 (total 154712/244032232)
c BFS found 19339 new nodes in level 72 (total 135314/244032232)
c BFS found 14183 new nodes in level 73 (total 113092/244032232)
c BFS found 9801 new nodes in level 74 (total 89538/244032232)
c BFS found 6558 new nodes in level 75 (total 67090/244032232)
c BFS found 4589 new nodes in level 76 (total 47997/244032232)
c BFS found 3904 new nodes in level 77 (total 33867/244032232)
c BFS found 4507 new nodes in level 78 (total 25628/244032232)
c BFS found 6453 new nodes in level 79 (total 23588/244032232)
c BFS found 9795 new nodes in level 80 (total 27966/244032232)
c BFS found 14446 new nodes in level 81 (total 38695/244032232)
c BFS found 20031 new nodes in level 82 (total 55518/244032232)
c BFS found 25831 new nodes in level 83 (total 77529/244032232)
c BFS found 30894 new nodes in level 84 (total 102632/244032232)
c BFS found 34313 new nodes in level 85 (total 127707/244032232)
c BFS found 35584 new nodes in level 86 (total 149239/244032232)
c BFS found 34888 new nodes in level 87 (total 164140/244032232)
c BFS found 33169 new nodes in level 88 (total 170958/244032232)
c BFS found 31957 new nodes in level 89 (total 171123/244032232)
c BFS found 32983 new nodes in level 90 (total 168298/244032232)
c BFS found 37712 new nodes in level 91 (total 168605/244032232)
c BFS found 46915 new nodes in level 92 (total 178608/244032232)
c BFS found 60365 new nodes in level 93 (total 203414/244032232)
c BFS found 76727 new nodes in level 94 (total 244733/244032232)
c BFS found 93683 new nodes in level 95 (total 299884/244032232)
c BFS found 108320 new nodes in level 96 (total 362172/244032232)
c BFS found 117767 new nodes in level 97 (total 421757/244032232)
c BFS found 119927 new nodes in level 98 (total 467710/244032232)
c BFS found 114080 new nodes in level 99 (total 491390/244032232)
c BFS found 101125 new nodes in level 100 (total 487253/244032232)
c BFS found 83319 new nodes in level 101 (total 455380/244032232)
c BFS found 63616 new nodes in level 102 (total 400469/244032232)
c BFS found 44853 new nodes in level 103 (total 330885/244032232)
c BFS found 29080 new nodes in level 104 (total 256314/244032232)
c BFS found 17261 new nodes in level 105 (total 185800/244032232)
c BFS found 9356 new nodes in level 106 (total 125691/244032232)
c BFS found 4667 new nodes in level 107 (total 79036/244032232)
c BFS found 2263 new nodes in level 108 (total 46335/244032232)
c BFS found 1330 new nodes in level 109 (total 25725/244032232)
c BFS found 1401 new nodes in level 110 (total 14588/244032232)
c BFS found 2462 new nodes in level 111 (total 10341/244032232)
c BFS found 4971 new nodes in level 112 (total 12097/244032232)
c BFS found 9781 new nodes in level 113 (total 20105/244032232)
c BFS found 17924 new nodes in level 114 (total 36493/244032232)
c BFS found 30252 new nodes in level 115 (total 64475/244032232)
c BFS found 46961 new nodes in level 116 (total 107118/244032232)
c BFS found 67160 new nodes in level 117 (total 166055/244032232)
c BFS found 88705 new nodes in level 118 (total 239854/244032232)
c BFS found 108458 new nodes in level 119 (total 323292/244032232)
c BFS found 123017 new nodes in level 120 (total 407243/244032232)
c BFS found 129705 new nodes in level 121 (total 480144/244032232)
c BFS found 127445 new nodes in level 122 (total 531089/244032232)
c BFS found 117164 new nodes in level 123 (total 552192/244032232)
c BFS found 101507 new nodes in level 124 (total 541107/244032232)
c BFS found 83967 new nodes in level 125 (total 501840/244032232)
c BFS found 67789 new nodes in level 126 (total 443448/244032232)
c BFS found 55061 new nodes in level 127 (total 377976/244032232)
c BFS found 46335 new nodes in level 128 (total 315443/244032232)
c BFS found 40840 new nodes in level 129 (total 263299/244032232)
c BFS found 37097 new nodes in level 130 (total 223880/244032232)
c BFS found 33644 new nodes in level 131 (total 195333/244032232)
c BFS found 29558 new nodes in level 132 (total 173394/244032232)
c BFS found 24632 new nodes in level 133 (total 153402/244032232)
c BFS found 19239 new nodes in level 134 (total 132507/244032232)
c BFS found 14018 new nodes in level 135 (total 109724/244032232)
c BFS found 9571 new nodes in level 136 (total 86218/244032232)
c BFS found 6288 new nodes in level 137 (total 64060/244032232)
c BFS found 4329 new nodes in level 138 (total 45470/244032232)
c BFS found 3714 new nodes in level 139 (total 32056/244032232)
c BFS found 4437 new nodes in level 140 (total 24230/244032232)
c BFS found 6523 new nodes in level 141 (total 22907/244032232)
c BFS found 9985 new nodes in level 142 (total 27724/244032232)
c BFS found 14706 new nodes in level 143 (total 38810/244032232)
c BFS found 20301 new nodes in level 144 (total 55903/244032232)
c BFS found 26061 new nodes in level 145 (total 77918/244032232)
c BFS found 31059 new nodes in level 146 (total 102779/244032232)
c BFS found 34413 new nodes in level 147 (total 127428/244032232)
c BFS found 35634 new nodes in level 148 (total 148336/244032232)
c BFS found 34908 new nodes in level 149 (total 162445/244032232)
c BFS found 33175 new nodes in level 150 (total 168519/244032232)
c BFS found 31958 new nodes in level 151 (total 167984/244032232)
c BFS found 32983 new nodes in level 152 (total 164860/244032232)
c BFS found 37712 new nodes in level 153 (total 165221/244032232)
c BFS found 46915 new nodes in level 154 (total 175453/244032232)
c BFS found 60365 new nodes in level 155 (total 200371/244032232)
c BFS found 76727 new nodes in level 156 (total 241646/244032232)
c BFS found 93683 new nodes in level 157 (total 296482/244032232)
c BFS found 108320 new nodes in level 158 (total 358075/244032232)
c BFS found 117767 new nodes in level 159 (total 416462/244032232)
c BFS found 119927 new nodes in level 160 (total 460926/244032232)
c BFS found 114081 new nodes in level 161 (total 482633/244032232)
c BFS found 101132 new nodes in level 162 (total 476583/244032232)
c BFS found 83346 new nodes in level 163 (total 443124/244032232)
c BFS found 63692 new nodes in level 164 (total 387540/244032232)
c BFS found 45023 new nodes in level 165 (total 318485/244032232)
c BFS found 29396 new nodes in level 166 (total 245599/244032232)
c BFS found 17764 new nodes in level 167 (total 177645/244032232)
c BFS found 10053 new nodes in level 168 (total 120530/244032232)
c BFS found 5515 new nodes in level 169 (total 76889/244032232)
c BFS found 3168 new nodes in level 170 (total 46628/244032232)
c BFS found 2148 new nodes in level 171 (total 27550/244032232)
c BFS found 1915 new nodes in level 172 (total 16969/244032232)
c BFS found 2300 new nodes in level 173 (total 12173/244032232)
c BFS found 3434 new nodes in level 174 (total 11701/244032232)
c BFS found 5604 new nodes in level 175 (total 14941/244032232)
c BFS found 9059 new nodes in level 176 (total 22126/244032232)
c BFS found 13813 new nodes in level 177 (total 33907/244032232)
c BFS found 19498 new nodes in level 178 (total 50399/244032232)
c BFS found 25342 new nodes in level 179 (total 70702/244032232)
c BFS found 30314 new nodes in level 180 (total 92571/244032232)
c BFS found 33409 new nodes in level 181 (total 112844/244032232)
c BFS found 33986 new nodes in level 182 (total 127958/244032232)
c BFS found 32004 new nodes in level 183 (total 135250/244032232)
c BFS found 28047 new nodes in level 184 (total 133605/244032232)
c BFS found 23127 new nodes in level 185 (total 123738/244032232)
c BFS found 18329 new nodes in level 186 (total 108457/244032232)
c BFS found 14464 new nodes in level 187 (total 90996/244032232)
c BFS found 11869 new nodes in level 188 (total 75022/244032232)
c BFS found 10399 new nodes in level 189 (total 62367/244032232)
c BFS found 9603 new nodes in level 190 (total 53740/244032232)
c BFS found 8969 new nodes in level 191 (total 48535/244032232)
c BFS found 8127 new nodes in level 192 (total 44913/244032232)
c BFS found 6951 new nodes in level 193 (total 41360/244032232)
c BFS found 5531 new nodes in level 194 (total 36917/244032232)
c BFS found 4073 new nodes in level 195 (total 31092/244032232)
c BFS found 2784 new nodes in level 196 (total 24708/244032232)
c BFS found 1795 new nodes in level 197 (total 18456/244032232)
c BFS found 1149 new nodes in level 198 (total 12999/244032232)
c BFS found 830 new nodes in level 199 (total 8839/244032232)
c BFS found 815 new nodes in level 200 (total 6197/244032232)
c BFS found 1110 new nodes in level 201 (total 5069/244032232)
c BFS found 1752 new nodes in level 202 (total 5447/244032232)
c BFS found 2776 new nodes in level 203 (total 7351/244032232)
c BFS found 4157 new nodes in level 204 (total 10889/244032232)
c BFS found 5761 new nodes in level 205 (total 15952/244032232)
c BFS found 7337 new nodes in level 206 (total 22290/244032232)
c BFS exiting found=true count=29200 max_count=244032232
c Found with: Breadth First Search
a YES
a 1 4 6 8 10 12 14 17 19 21 23 25 27 30 32 34 36 38 40 43 45 47 49 51 54 56 58 59 61 63 66 68 70 71 73 75 78 80 82 83 85 87 90 92 94 95 97 99 102 104 106 107 109 111 114 116 118 119 121 123 
a 1 4 7 8 10 12 14 17 19 21 23 25 27 30 32 34 36 38 40 43 45 47 49 51 54 56 58 59 61 63 66 68 70 71 73 75 78 80 82 83 85 87 90 92 94 95 97 99 102 104 106 107 109 111 114 116 118 119 121 123 
a 1 5 7 8 10 12 14 17 19 21 23 25 27 30 32 34 36 38 40 43 45 47 49 51 54 56 58 59 61 63 66 68 70 71 73 75 78 80 82 83 85 87 90 92 94 95 97 99 102 104 106 107 109 111 114 116 118 119 121 123 
a 2 5 7 8 10 12 14 17 19 21 23 25 27 30 32 34 36 38 40 43 45 47 49 51 54 56 58 59 61 63 66 68 70 71 73 75 78 80 82 83 85 87 90 92 94 95 97 99 102 104 106 107 109 111 114 116 118 119 121 123 
a 2 5 7 8 10 12 14 17 19 21 23 25 27 30 32 34 36 38 40 43 45 47 49 51 54 56 58 60 61 63 66 68 70 71 73 75 78 80 82 83 85 87 90 92 94 95 97 99 102 104 106 107 109 111 114 116 118 119 121 123 
a 2 5 7 8 10 12 14 17 19 21 23 25 27 30 32 34 36 38 40 43 45 47 49 51 54 56 58 60 62 63 66 68 70 71 73 75 78 80 82 83 85 87 90 92 94 95 97 99 102 104 106 107 109 111 114 116 118 119 121 123 
a 2 5 7 8 10 12 14 17 19 21 23 25 27 30 32 34 36 38 40 43 45 47 49 51 54 56 58 60 62 64 66 68 70 71 73 75 78 80 82 83 85 87 90 92 94 95 97 99 102 104 106 107 109 111 114 116 118 119 121 123 
a 2 3 7 8 10 12 14 17 19 21 23 25 27 30 32 34 36 38 40 43 45 47 49 51 54 56 58 60 62 64 66 68 70 71 73 75 78 80 82 83 85 87 90 92 94 95 97 99 102 104 106 107 109 111 114 116 118 119 121 123 
a 2 3 6 8 10 12 14 17 19 21 23 25 27 30 32 34 36 38 40 43 45 47 49 51 54 56 58 60 62 64 66 68 70 71 73 75 78 80 82 83 85 87 90 92 94 95 97 99 102 104 106 107 109 111 114 116 118 119 121 123 
a 2 3 6 8 10 12 14 17 19 21 23 25 27 30 32 34 36 38 40 43 45 47 49 51 53 56 58 60 62 64 66 68 70 71 73 75 78 80 82 83 85 87 90 92 94 95 97 99 102 104 106 107 109 111 114 116 118 119 121 123 
a 2 3 6 8 10 12 14 17 19 21 23 25 27 30 32 34 36 38 40 43 45 47 49 51 53 55 58 60 62 64 66 68 70 71 73 75 78 80 82 83 85 87 90 92 94 95 97 99 102 104 106 107 109 111 114 116 118 119 121 123 
a 2 3 6 8 10 12 14 17 19 21 23 25 27 30 32 34 36 38 40 43 45 47 49 51 53 55 57 60 62 64 66 68 70 71 73 75 78 80 82 83 85 87 90 92 94 95 97 99 102 104 106 107 109 111 114 116 118 119 121 123 
a 2 3 6 8 10 12 14 17 20 21 23 25 27 30 32 34 36 38 40 43 45 47 49 51 53 55 57 60 62 64 66 68 70 71 73 75 78 80 82 83 85 87 90 92 94 95 97 99 102 104 106 107 109 111 114 116 118 119 121 123 
a 2 3 6 8 10 12 14 18 20 21 23 25 27 30 32 34 36 38 40 43 45 47 49 51 53 55 57 60 62 64 66 68 70 71 73 75 78 80 82 83 85 87 90 92 94 95 97 99 102 104 106 107 109 111 114 116 118 119 121 123 
a 2 3 6 8 10 12 15 18 20 21 23 25 27 30 32 34 36 38 40 43 45 47 49 51 53 55 57 60 62 64 66 68 70 71 73 75 78 80 82 83 85 87 90 92 94 95 97 99 102 104 106 107 109 111 114 116 118 119 121 123 
a 2 3 6 8 10 12 15 16 20 21 23 25 27 30 32 34 36 38 40 43 45 47 49 51 53 55 57 60 62 64 66 68 70 71 73 75 78 80 82 83 85 87 90 92 94 95 97 99 102 104 106 107 109 111 114 116 118 119 121 123 
a 2 3 6 8 10 12 15 16 19 21 23 25 27 30 32 34 36 38 40 43 45 47 49 51 53 55 57 60 62 64 66 68 70 71 73 75 78 80 82 83 85 87 90 92 94 95 97 99 102 104 106 107 109 111 114 116 118 119 121 123 
a 2 3 6 8 10 12 15 16 19 21 23 25 27 30 32 34 36 38 40 43 45 47 49 51 53 55 58 60 62 64 66 68 70 71 73 75 78 80 82 83 85 87 90 92 94 95 97 99 102 104 106 107 109 111 114 116 118 119 121 123 
a 2 3 6 8 10 12 15 16 19 21 23 25 27 30 32 34 36 38 40 43 45 47 49 51 53 56 58 60 62 64 66 68 70 71 73 75 78 80 82 83 85 87 90 92 94 95 97 99 102 104 106 107 109 111 114 116 118 119 121 123 
a 2 3 6 8 10 12 15 16 19 21 23 25 27 30 32 34 36 38 40 43 45 47 49 51 54 56 58 60 62 64 66 68 70 71 73 75 78 80 82 83 85 87 90 92 94 95 97 99 102 104 106 107 109 111 114 116 118 119 121 123 
a 2 3 7 8 10 12 15 16 19 21 23 25 27 30 32 34 36 38 40 43 45 47 49 51 54 56 58 60 62 64 66 68 70 71 73 75 78 80 82 83 85 87 90 92 94 95 97 99 102 104 106 107 109 111 114 116 118 119 121 123 
a 2 5 7 8 10 12 15 16 19 21 23 25 27 30 32 34 36 38 40 43 45 47 49 51 54 56 58 60 62 64 66 68 70 71 73 75 78 80 82 83 85 87 90 92 94 95 97 99 102 104 106 107 109 111 114 116 118 119 121 123 
a 2 5 7 8 10 12 15 16 19 21 23 25 27 30 32 34 36 38 40 43 45 47 49 51 54 56 58 60 62 63 66 68 70 71 73 75 78 80 82 83 85 87 90 92 94 95 97 99 102 104 106 107 109 111 114 116 118 119 121 123 
a 2 5 7 8 10 12 15 16 19 21 23 25 27 30 32 34 36 38 40 43 45 47 49 51 54 56 58 60 61 63 66 68 70 71 73 75 78 80 82 83 85 87 90 92 94 95 97 99 102 104 106 107 109 111 114 116 118 119 121 123 
a 2 5 7 8 10 12 15 16 19 21 23 25 27 30 32 34 36 38 40 43 45 47 49 51 54 56 58 59 61 63 66 68 70 71 73 75 78 80 82 83 85 87 90 92 94 95 97 99 102 104 106 107 109 111 114 116 118 119 121 123 
a 1 5 7 8 10 12 15 16 19 21 23 25 27 30 32 34 36 38 40 43 45 47 49 51 54 56 58 59 61 63 66 68 70 71 73 75 78 80 82 83 85 87 90 92 94 95 97 99 102 104 106 107 109 111 114 116 118 119 121 123 
a 1 4 7 8 10 12 15 16 19 21 23 25 27 30 32 34 36 38 40 43 45 47 49 51 54 56 58 59 61 63 66 68 70 71 73 75 78 80 82 83 85 87 90 92 94 95 97 99 102 104 106 107 109 111 114 116 118 119 121 123 
a 1 4 6 8 10 12 15 16 19 21 23 25 27 30 32 34 36 38 40 43 45 47 49 51 54 56 58 59 61 63 66 68 70 71 73 75 78 80 82 83 85 87 90 92 94 95 97 99 102 104 106 107 109 111 114 116 118 119 121 123 
a 1 4 6 8 10 12 15 16 19 21 23 25 27 30 32 34 36 38 40 43 45 47 49 51 54 56 58 59 61 63 66 68 70 71 73 75 78 80 82 83 85 87 89 92 94 95 97 99 102 104 106 107 109 111 114 116 118 119 121 123 
a 1 4 6 8 10 12 15 16 19 21 23 25 27 30 32 34 36 38 40 43 45 47 49 51 54 56 58 59 61 63 66 68 70 71 73 75 78 80 82 83 85 87 89 91 94 95 97 99 102 104 106 107 109 111 114 116 118 119 121 123 
a 1 4 6 8 10 12 15 16 19 21 23 25 27 30 32 34 36 38 40 43 45 47 49 51 54 56 58 59 61 63 66 68 70 72 73 75 78 80 82 83 85 87 89 91 94 95 97 99 102 104 106 107 109 111 114 116 118 119 121 123 
a 1 4 6 8 10 12 15 16 19 21 23 25 27 30 32 34 36 38 40 43 45 47 49 51 54 56 58 59 61 63 66 68 70 72 74 75 78 80 82 83 85 87 89 91 94 95 97 99 102 104 106 107 109 111 114 116 118 119 121 123 
a 1 4 6 8 10 12 15 16 19 21 23 25 27 30 32 34 36 38 40 43 45 47 49 51 54 56 58 59 61 63 66 68 70 72 74 76 78 80 82 83 85 87 89 91 94 95 97 99 102 104 106 107 109 111 114 116 118 119 121 123 
a 1 4 6 8 10 12 15 16 19 21 23 25 27 30 32 34 36 38 40 43 45 47 49 51 54 56 58 59 61 63 65 68 70 72 74 76 78 80 82 83 85 87 89 91 94 95 97 99 102 104 106 107 109 111 114 116 118 119 121 123 
a 1 4 6 8 10 12 15 16 19 21 23 25 27 30 32 34 36 38 40 43 45 47 49 51 54 56 58 59 61 63 65 67 70 72 74 76 78 80 82 83 85 87 89 91 94 95 97 99 102 104 106 107 109 111 114 116 118 119 121 123 
a 1 4 6 8 10 12 15 16 19 21 23 25 27 30 32 34 36 38 40 43 45 47 49 51 54 56 58 59 61 63 65 67 69 72 74 76 78 80 82 83 85 87 89 91 94 95 97 99 102 104 106 107 109 111 114 116 118 119 121 123 
a 1 4 6 8 10 12 15 16 19 21 23 25 27 30 32 34 36 38 40 43 45 47 49 51 54 56 58 59 61 63 65 67 69 72 74 76 78 80 82 83 85 87 89 91 93 95 97 99 102 104 106 107 109 111 114 116 118 119 121 123 
a 1 4 6 8 10 12 15 16 19 21 23 25 27 30 32 34 36 38 40 43 45 47 49 51 54 56 58 59 61 63 65 67 69 72 74 76 78 80 82 83 85 87 89 91 93 96 97 99 102 104 106 107 109 111 114 116 118 119 121 123 
a 1 4 6 8 10 12 15 16 19 21 23 25 27 30 32 34 36 38 40 43 45 47 49 51 54 56 58 59 61 63 65 67 69 72 74 76 78 80 82 83 85 87 89 91 93 96 98 99 102 104 106 107 109 111 114 116 118 119 121 123 
a 1 4 6 8 10 12 15 16 19 21 23 25 27 30 32 34 36 38 40 43 45 47 49 51 54 56 58 59 61 63 65 67 69 72 74 76 78 80 82 83 85 87 89 91 93 96 98 100 102 104 106 107 109 111 114 116 118 119 121 123 
a 1 4 6 8 10 12 15 16 19 21 23 25 27 30 33 34 36 38 40 43 45 47 49 51 54 56 58 59 61 63 65 67 69 72 74 76 78 80 82 83 85 87 89 91 93 96 98 100 102 104 106 107 109 111 114 116 118 119 121 123 
a 1 4 6 8 10 12 15 16 19 21 23 25 27 31 33 34 36 38 40 43 45 47 49 51 54 56 58 59 61 63 65 67 69 72 74 76 78 80 82 83 85 87 89 91 93 96 98 100 102 104 106 107 109 111 114 116 118 119 121 123 
a 1 4 6 8 10 12 15 16 19 21 23 25 28 31 33 34 36 38 40 43 45 47 49 51 54 56 58 59 61 63 65 67 69 72 74 76 78 80 82 83 85 87 89 91 93 96 98 100 102 104 106 107 109 111 114 116 118 119 121 123 
a 1 4 6 8 10 12 15 16 19 21 23 25 28 29 33 34 36 38 40 43 45 47 49 51 54 56 58 59 61 63 65 67 69 72 74 76 78 80 82 83 85 87 89 91 93 96 98 100 102 104 106 107 109 111 114 116 118 119 121 123 
a 1 4 6 8 10 12 15 16 19 21 23 25 28 29 32 34 36 38 40 43 45 47 49 51 54 56 58 59 61 63 65 67 69 72 74 76 78 80 82 83 85 87 89 91 93 96 98 100 102 104 106 107 109 111 114 116 118 119 121 123 
a 1 4 6 8 10 12 15 16 19 21 23 25 28 29 32 34 36 38 40 43 45 47 49 51 54 56 58 59 61 63 65 67 69 72 74 76 78 80 82 83 85 87 89 91 93 96 98 99 102 104 106 107 109 111 114 116 118 119 121 123 
a 1 4 6 8 10 12 15 16 19 21 23 25 28 29 32 34 36 38 40 43 45 47 49 51 54 56 58 59 61 63 65 67 69 72 74 76 78 80 82 83 85 87 89 91 93 96 97 99 102 104 106 107 109 111 114 116 118 119 121 123 
a 1 4 6 8 10 12 15 16 19 21 23 25 28 29 32 34 36 38 40 43 45 47 49 51 54 56 58 59 61 63 65 67 69 72 74 76 78 80 82 83 85 87 89 91 93 95 97 99 102 104 106 107 109 111 114 116 118 119 121 123 
a 1 4 6 8 10 12 15 16 19 21 23 25 28 29 32 34 36 38 40 43 45 47 49 51 54 56 58 59 61 63 65 67 69 72 74 76 78 80 82 83 85 87 89 91 94 95 97 99 102 104 106 107 109 111 114 116 118 119 121 123 
a 1 4 6 8 10 12 15 16 19 21 23 25 28 29 32 34 36 38 40 43 45 47 49 51 54 56 58 59 61 63 65 67 69 72 74 76 78 80 82 83 85 87 89 92 94 95 97 99 102 104 106 107 109 111 114 116 118 119 121 123 
a 1 4 6 8 10 12 15 16 19 21 23 25 28 29 32 34 36 38 40 43 45 47 49 51 54 56 58 59 61 63 65 67 69 72 74 76 78 80 82 83 85 87 90 92 94 95 97 99 102 104 106 107 109 111 114 116 118 119 121 123 
a 1 4 7 8 10 12 15 16 19 21 23 25 28 29 32 34 36 38 40 43 45 47 49 51 54 56 58 59 61 63 65 67 69 72 74 76 78 80 82 83 85 87 90 92 94 95 97 99 102 104 106 107 109 111 114 116 118 119 121 123 
a 1 5 7 8 10 12 15 16 19 21 23 25 28 29 32 34 36 38 40 43 45 47 49 51 54 56 58 59 61 63 65 67 69 72 74 76 78 80 82 83 85 87 90 92 94 95 97 99 102 104 106 107 109 111 114 116 118 119 121 123 
a 2 5 7 8 10 12 15 16 19 21 23 25 28 29 32 34 36 38 40 43 45 47 49 51 54 56 58 59 61 63 65 67 69 72 74 76 78 80 82 83 85 87 90 92 94 95 97 99 102 104 106 107 109 111 114 116 118 119 121 123 
a 2 5 7 8 10 12 15 16 19 21 23 25 28 29 32 34 36 38 40 43 45 47 49 51 54 56 58 60 61 63 65 67 69 72 74 76 78 80 82 83 85 87 90 92 94 95 97 99 102 104 106 107 109 111 114 116 118 119 121 123 
a 2 5 7 8 10 12 15 16 19 21 23 25 28 29 32 34 36 38 40 43 45 47 49 51 54 56 58 60 62 63 65 67 69 72 74 76 78 80 82 83 85 87 90 92 94 95 97 99 102 104 106 107 109 111 114 116 118 119 121 123 
a 2 5 7 8 10 12 15 16 19 21 23 25 28 29 32 34 36 38 40 43 45 47 49 51 54 56 58 60 62 64 65 67 69 72 74 76 78 80 82 83 85 87 90 92 94 95 97 99 102 104 106 107 109 111 114 116 118 119 121 123 
a 2 5 7 8 10 12 15 16 19 21 23 25 28 29 32 34 36 38 40 43 45 47 49 51 54 56 58 60 62 64 65 67 70 72 74 76 78 80 82 83 85 87 90 92 94 95 97 99 102 104 106 107 109 111 114 116 118 119 121 123 
a 2 5 7 8 10 12 15 16 19 21 23 25 28 29 32 34 36 38 40 43 45 47 49 51 54 56 58 60 62 64 65 68 70 72 74 76 78 80 82 83 85 87 90 92 94 95 97 99 102 104 106 107 109 111 114 116 118 119 121 123 
a 2 5 7 8 10 12 15 16 19 21 23 25 28 29 32 34 36 38 40 43 45 47 49 51 54 56 58 60 62 64 66 68 70 72 74 76 78 80 82 83 85 87 90 92 94 95 97 99 102 104 106 107 109 111 114 116 118 119 121 123 
a 2 3 7 8 10 12 15 16 19 21 23 25 28 29 32 34 36 38 40 43 45 47 49 51 54 56 58 60 62 64 66 68 70 72 74 76 78 80 82 83 85 87 90 92 94 95 97 99 102 104 106 107 109 111 114 116 118 119 121 123 
a 2 3 6 8 10 12 15 16 19 21 23 25 28 29 32 34 36 38 40 43 45 47 49 51 54 56 58 60 62 64 66 68 70 72 74 76 78 80 82 83 85 87 90 92 94 95 97 99 102 104 106 107 109 111 114 116 118 119 121 123 
a 2 3 6 8 10 12 15 16 19 21 23 25 28 29 32 34 36 38 40 43 45 47 49 51 53 56 58 60 62 64 66 68 70 72 74 76 78 80 82 83 85 87 90 92 94 95 97 99 102 104 106 107 109 111 114 116 118 119 121 123 
a 2 3 6 8 10 12 15 16 19 21 23 25 28 29 32 34 36 38 40 43 45 47 49 51 53 55 58 60 62 64 66 68 70 72 74 76 78 80 82 83 85 87 90 92 94 95 97 99 102 104 106 107 109 111 114 116 118 119 121 123 
a 2 3 6 8 10 12 15 16 19 21 23 25 28 29 32 34 36 38 40 43 45 47 49 51 53 55 57 60 62 64 66 68 70 72 74 76 78 80 82 83 85 87 90 92 94 95 97 99 102 104 106 107 109 111 114 116 118 119 121 123 
a 2 3 6 8 10 12 15 16 20 21 23 25 28 29 32 34 36 38 40 43 45 47 49 51 53 55 57 60 62 64 66 68 70 72 74 76 78 80 82 83 85 87 90 92 94 95 97 99 102 104 106 107 109 111 114 116 118 119 121 123 
a 2 3 6 8 10 12 15 16 20 21 23 25 28 29 32 34 36 38 40 43 45 47 49 51 53 55 57 60 62 64 66 68 70 72 74 75 78 80 82 83 85 87 90 92 94 95 97 99 102 104 106 107 109 111 114 116 118 119 121 123 
a 2 3 6 8 10 12 15 18 20 21 23 25 28 29 32 34 36 38 40 43 45 47 49 51 53 55 57 60 62 64 66 68 70 72 74 75 78 80 82 83 85 87 90 92 94 95 97 99 102 104 106 107 109 111 114 116 118 119 121 123 
a 2 3 6 8 10 12 15 18 20 21 23 25 28 29 32 34 36 38 40 43 45 47 49 51 53 55 57 60 62 64 66 68 70 72 73 75 78 80 82 83 85 87 90 92 94 95 97 99 102 104 106 107 109 111 114 116 118 119 121 123 
a 2 3 6 8 10 12 15 18 20 21 23 25 28 29 32 34 36 38 40 43 45 47 49 51 53 55 57 60 62 64 66 68 70 71 73 75 78 80 82 83 85 87 90 92 94 95 97 99 102 104 106 107 109 111 114 116 118 119 121 123 
a 2 3 6 8 10 12 14 18 20 21 23 25 28 29 32 34 36 38 40 43 45 47 49 51 53 55 57 60 62 64 66 68 70 71 73 75 78 80 82 83 85 87 90 92 94 95 97 99 102 104 106 107 109 111 114 116 118 119 121 123 
a 2 3 6 8 10 12 14 17 20 21 23 25 28 29 32 34 36 38 40 43 45 47 49 51 53 55 57 60 62 64 66 68 70 71 73 75 78 80 82 83 85 87 90 92 94 95 97 99 102 104 106 107 109 111 114 116 118 119 121 123 
a 2 3 6 8 10 12 14 17 19 21 23 25 28 29 32 34 36 38 40 43 45 47 49 51 53 55 57 60 62 64 66 68 70 71 73 75 78 80 82 83 85 87 90 92 94 95 97 99 102 104 106 107 109 111 114 116 118 119 121 123 
a 2 3 6 8 10 12 14 17 19 21 23 25 28 29 32 34 36 38 40 43 45 47 49 51 53 55 58 60 62 64 66 68 70 71 73 75 78 80 82 83 85 87 90 92 94 95 97 99 102 104 106 107 109 111 114 116 118 119 121 123 
a 2 3 6 8 10 12 14 17 19 21 23 25 28 29 32 34 36 38 40 43 45 47 49 51 53 56 58 60 62 64 66 68 70 71 73 75 78 80 82 83 85 87 90 92 94 95 97 99 102 104 106 107 109 111 114 116 118 119 121 123 
a 2 3 6 8 10 12 14 17 19 21 23 25 28 29 32 34 36 38 40 43 45 47 49 51 54 56 58 60 62 64 66 68 70 71 73 75 78 80 82 83 85 87 90 92 94 95 97 99 102 104 106 107 109 111 114 116 118 119 121 123 
a 2 3 7 8 10 12 14 17 19 21 23 25 28 29 32 34 36 38 40 43 45 47 49 51 54 56 58 60 62 64 66 68 70 71 73 75 78 80 82 83 85 87 90 92 94 95 97 99 102 104 106 107 109 111 114 116 118 119 121 123 
a 2 5 7 8 10 12 14 17 19 21 23 25 28 29 32 34 36 38 40 43 45 47 49 51 54 56 58 60 62 64 66 68 70 71 73 75 78 80 82 83 85 87 90 92 94 95 97 99 102 104 106 107 109 111 114 116 118 119 121 123 
a 2 5 7 8 10 12 14 17 19 21 23 25 28 29 32 34 36 38 40 43 45 47 49 51 54 56 58 60 62 63 66 68 70 71 73 75 78 80 82 83 85 87 90 92 94 95 97 99 102 104 106 107 109 111 114 116 118 119 121 123 
a 2 5 7 8 10 12 14 17 19 21 23 25 28 29 32 34 36 38 40 43 45 47 49 51 54 56 58 60 61 63 66 68 70 71 73 75 78 80 82 83 85 87 90 92 94 95 97 99 102 104 106 107 109 111 114 116 118 119 121 123 
a 2 5 7 8 10 12 14 17 19 21 23 25 28 29 32 34 36 38 40 43 45 47 49 51 54 56 58 59 61 63 66 68 70 71 73 75 78 80 82 83 85 87 90 92 94 95 97 99 102 104 106 107 109 111 114 116 118 119 121 123 
a 1 5 7 8 10 12 14 17 19 21 23 25 28 29 32 34 36 38 40 43 45 47 49 51 54 56 58 59 61 63 66 68 70 71 73 75 78 80 82 83 85 87 90 92 94 95 97 99 102 104 106 107 109 111 114 116 118 119 121 123 
a 1 5 7 8 10 12 14 17 19 21 23 25 28 29 32 34 36 38 40 43 45 47 49 51 54 56 58 59 61 63 66 68 70 71 73 75 78 80 82 83 85 87 90 92 94 95 97 99 102 104 106 107 109 111 114 116 118 120 121 123 
a 1 5 7 8 10 12 14 17 19 21 23 25 28 29 32 34 36 38 40 43 45 47 49 51 54 56 58 59 61 63 66 68 70 71 73 75 78 80 82 83 85 87 90 92 94 95 97 99 102 104 106 107 109 111 114 116 118 120 122 123 
a 1 5 7 8 10 12 14 17 19 21 23 25 28 29 32 34 36 38 40 43 45 47 49 51 54 56 58 59 61 63 66 68 70 71 73 75 78 80 82 83 85 87 90 92 94 95 97 99 102 104 106 107 109 111 114 116 118 120 122 124 
a 1 4 7 8 10 12 14 17 19 21 23 25 28 29 32 34 36 38 40 43 45 47 49 51 54 56 58 59 61 63 66 68 70 71 73 75 78 80 82 83 85 87 90 92 94 95 97 99 102 104 106 107 109 111 114 116 118 120 122 124 
a 1 4 6 8 10 12 14 17 19 21 23 25 28 29 32 34 36 38 40 43 45 47 49 51 54 56 58 59 61 63 66 68 70 71 73 75 78 80 82 83 85 87 90 92 94 95 97 99 102 104 106 107 109 111 114 116 118 120 122 124 
a 1 4 6 8 10 12 14 17 19 21 23 25 28 29 32 34 36 38 40 43 45 47 49 51 54 56 58 59 61 63 66 68 70 71 73 75 78 80 82 83 85 87 90 92 94 95 97 99 102 104 106 107 109 111 113 116 118 120 122 124 
a 1 4 6 8 10 12 14 17 19 21 23 25 28 29 32 34 36 38 40 43 45 47 49 51 54 56 58 59 61 63 66 68 70 71 73 75 78 80 82 83 85 87 90 92 94 95 97 99 102 104 106 107 109 111 113 115 118 120 122 124 
a 1 4 6 8 10 12 14 17 19 21 23 25 28 29 32 34 36 38 40 43 45 47 49 51 54 56 58 59 61 63 66 68 70 71 73 75 78 80 82 83 85 87 90 92 94 95 97 99 102 104 106 108 109 111 113 115 118 120 122 124 
a 1 4 6 8 10 12 14 17 19 21 23 25 28 29 32 34 36 38 40 43 45 47 49 51 54 56 58 59 61 63 66 68 70 71 73 75 78 80 82 83 85 87 90 92 94 95 97 99 102 104 106 108 110 111 113 115 118 120 122 124 
a 1 4 6 8 10 12 14 17 19 21 23 25 28 29 32 34 36 38 40 43 45 47 49 51 54 56 58 59 61 63 66 68 70 71 73 75 78 80 82 83 85 87 90 92 94 95 97 99 102 104 106 108 110 112 113 115 118 120 122 124 
a 1 4 6 8 10 12 14 17 19 21 23 25 28 29 32 34 36 38 40 43 45 47 49 51 54 56 58 59 61 63 66 68 70 71 73 75 77 80 82 83 85 87 90 92 94 95 97 99 102 104 106 108 110 112 113 115 118 120 122 124 
a 1 4 6 8 10 12 14 17 19 21 23 25 28 29 32 34 36 38 40 43 45 47 49 51 54 56 58 59 61 63 66 68 70 71 73 75 77 79 82 83 85 87 90 92 94 95 97 99 102 104 106 108 110 112 113 115 118 120 122 124 
a 1 4 6 8 10 12 14 17 19 21 23 25 28 29 32 34 36 38 40 43 45 47 49 51 54 56 58 59 61 63 66 68 70 71 73 75 77 79 81 83 85 87 90 92 94 95 97 99 102 104 106 108 110 112 113 115 118 120 122 124 
a 1 4 6 8 10 12 14 17 19 21 23 25 28 29 32 34 36 38 40 43 45 47 49 51 54 56 58 59 61 63 66 68 70 71 73 75 77 79 81 84 85 87 90 92 94 95 97 99 102 104 106 108 110 112 113 115 118 120 122 124 
a 1 4 6 8 10 12 14 17 19 21 23 25 28 29 32 34 36 38 40 43 45 47 49 51 54 56 58 59 61 63 66 68 70 71 73 75 77 79 81 84 86 87 90 92 94 95 97 99 102 104 106 108 110 112 113 115 118 120 122 124 
a 1 4 6 8 10 12 14 17 19 21 23 25 28 29 32 34 36 38 40 43 45 47 49 51 54 56 58 59 61 63 66 68 70 71 73 75 77 79 81 84 86 88 90 92 94 95 97 99 102 104 106 108 110 112 113 115 118 120 122 124 
a 1 4 6 8 10 12 14 17 19 21 23 25 28 29 32 34 36 38 40 43 45 47 49 51 54 56 58 59 61 63 66 68 70 71 73 75 77 79 81 84 86 88 90 92 94 95 97 99 101 104 106 108 110 112 113 115 118 120 122 124 
a 1 4 6 8 10 12 14 17 19 21 23 25 28 29 32 34 36 38 40 43 45 47 49 51 54 56 58 59 61 63 66 68 70 71 73 75 77 79 81 84 86 88 90 92 94 95 97 99 101 103 106 108 110 112 113 115 118 120 122 124 
a 1 4 6 8 10 12 14 17 19 21 23 25 28 29 32 34 36 38 40 43 45 47 49 51 54 56 58 59 61 63 66 68 70 71 73 75 77 79 81 84 86 88 90 92 94 95 97 99 101 103 105 108 110 112 113 115 118 120 122 124 
a 1 4 6 8 10 12 14 17 19 21 23 25 28 29 32 34 36 38 40 43 45 47 49 51 54 56 58 59 61 63 66 68 70 71 73 75 77 79 81 84 86 88 90 92 94 95 97 99 101 103 105 108 110 112 113 115 117 120 122 124 
a 1 4 6 8 10 12 14 17 19 21 23 25 28 29 32 34 36 38 40 43 46 47 49 51 54 56 58 59 61 63 66 68 70 71 73 75 77 79 81 84 86 88 90 92 94 95 97 99 101 103 105 108 110 112 113 115 117 120 122 124 
a 1 4 6 8 10 12 14 17 19 21 23 25 28 29 32 34 36 38 40 44 46 47 49 51 54 56 58 59 61 63 66 68 70 71 73 75 77 79 81 84 86 88 90 92 94 95 97 99 101 103 105 108 110 112 113 115 117 120 122 124 
a 1 4 6 8 10 12 14 17 19 21 23 25 28 29 32 34 36 38 41 44 46 47 49 51 54 56 58 59 61 63 66 68 70 71 73 75 77 79 81 84 86 88 90 92 94 95 97 99 101 103 105 108 110 112 113 115 117 120 122 124 
a 1 4 6 8 10 12 14 17 19 21 23 25 28 29 32 34 36 38 41 42 46 47 49 51 54 56 58 59 61 63 66 68 70 71 73 75 77 79 81 84 86 88 90 92 94 95 97 99 101 103 105 108 110 112 113 115 117 120 122 124 
a 1 4 6 8 10 12 14 17 19 21 23 25 28 29 32 34 36 38 41 42 45 47 49 51 54 56 58 59 61 63 66 68 70 71 73 75 77 79 81 84 86 88 90 92 94 95 97 99 101 103 105 108 110 112 113 115 117 120 122 124 
a 1 4 6 8 10 12 14 17 19 21 23 25 28 29 32 34 36 38 41 42 45 47 49 51 54 56 58 59 61 63 66 68 70 71 73 75 77 79 81 84 86 88 90 92 94 95 97 99 101 103 105 108 110 112 113 115 117 120 122 123 
a 1 4 6 8 10 12 14 17 19 21 23 25 28 29 32 34 36 38 41 42 45 47 49 51 54 56 58 59 61 63 66 68 70 71 73 75 77 79 81 84 86 88 90 92 94 95 97 99 101 103 105 108 110 112 113 115 117 120 121 123 
a 1 4 6 8 10 12 14 17 19 21 23 25 28 29 32 34 36 38 41 42 45 47 49 51 54 56 58 59 61 63 66 68 70 71 73 75 77 79 81 84 86 88 90 92 94 95 97 99 101 103 105 108 110 112 113 115 117 119 121 123 
a 1 4 6 8 10 12 14 17 19 21 23 25 28 29 32 34 36 38 41 42 45 47 49 51 54 56 58 59 61 63 66 68 70 71 73 75 77 79 81 84 86 88 90 92 94 95 97 99 101 103 105 108 110 112 113 115 118 119 121 123 
a 1 4 6 8 10 12 14 17 19 21 23 25 28 29 32 34 36 38 41 42 45 47 49 51 54 56 58 59 61 63 66 68 70 71 73 75 77 79 81 84 86 88 90 92 94 95 97 99 101 103 105 108 110 112 113 116 118 119 121 123 
a 1 4 6 8 10 12 14 17 19 21 23 25 28 29 32 34 36 38 41 42 45 47 49 51 54 56 58 59 61 63 66 68 70 71 73 75 77 79 81 84 86 88 90 92 94 95 97 99 101 103 105 108 110 112 114 116 118 119 121 123 
a 1 4 7 8 10 12 14 17 19 21 23 25 28 29 32 34 36 38 41 42 45 47 49 51 54 56 58 59 61 63 66 68 70 71 73 75 77 79 81 84 86 88 90 92 94 95 97 99 101 103 105 108 110 112 114 116 118 119 121 123 
a 1 5 7 8 10 12 14 17 19 21 23 25 28 29 32 34 36 38 41 42 45 47 49 51 54 56 58 59 61 63 66 68 70 71 73 75 77 79 81 84 86 88 90 92 94 95 97 99 101 103 105 108 110 112 114 116 118 119 121 123 
a 2 5 7 8 10 12 14 17 19 21 23 25 28 29 32 34 36 38 41 42 45 47 49 51 54 56 58 59 61 63 66 68 70 71 73 75 77 79 81 84 86 88 90 92 94 95 97 99 101 103 105 108 110 112 114 116 118 119 121 123 
a 2 5 7 8 10 12 14 17 19 21 23 25 28 29 32 34 36 38 41 42 45 47 49 51 54 56 58 60 61 63 66 68 70 71 73 75 77 79 81 84 86 88 90 92 94 95 97 99 101 103 105 108 110 112 114 116 118 119 121 123 
a 2 5 7 8 10 12 14 17 19 21 23 25 28 29 32 34 36 38 41 42 45 47 49 51 54 56 58 60 62 63 66 68 70 71 73 75 77 79 81 84 86 88 90 92 94 95 97 99 101 103 105 108 110 112 114 116 118 119 121 123 
a 2 5 7 8 10 12 14 17 19 21 23 25 28 29 32 34 36 38 41 42 45 47 49 51 54 56 58 60 62 63 66 68 70 71 73 75 77 79 81 84 86 88 90 92 94 95 97 99 101 103 106 108 110 112 114 116 118 119 121 123 
a 2 5 7 8 10 12 14 17 19 21 23 25 28 29 32 34 36 38 41 42 45 47 49 51 54 56 58 60 62 64 66 68 70 71 73 75 77 79 81 84 86 88 90 92 94 95 97 99 101 103 106 108 110 112 114 116 118 119 121 123 
a 2 5 7 8 10 12 14 17 19 21 23 25 28 29 32 34 36 38 41 42 45 47 49 51 54 56 58 60 62 64 66 68 70 71 73 75 77 79 81 84 86 88 90 92 94 95 97 99 101 103 106 108 110 111 114 116 118 119 121 123 
a 2 5 7 8 10 12 14 17 19 21 23 25 28 29 32 34 36 38 41 42 45 47 49 51 54 56 58 60 62 64 66 68 70 71 73 75 77 79 81 84 86 88 90 92 94 95 97 99 101 103 106 108 109 111 114 116 118 119 121 123 
a 2 5 7 8 10 12 14 17 19 21 23 25 28 29 32 34 36 38 41 42 45 47 49 51 54 56 58 60 62 64 66 68 70 71 73 75 77 79 81 84 86 88 90 92 94 95 97 99 101 103 106 107 109 111 114 116 118 119 121 123 
a 2 5 7 8 10 12 14 17 19 21 23 25 28 29 32 34 36 38 41 42 45 47 49 51 54 56 58 60 62 64 66 68 70 71 73 75 77 79 81 84 86 88 90 92 94 95 97 99 101 104 106 107 109 111 114 116 118 119 121 123 
a 2 5 7 8 10 12 14 17 19 21 23 25 28 29 32 34 36 38 41 42 45 47 49 51 54 56 58 60 62 64 66 68 70 71 73 75 77 79 81 84 86 88 90 92 94 95 97 99 102 104 106 107 109 111 114 116 118 119 121 123 
a 2 3 7 8 10 12 14 17 19 21 23 25 28 29 32 34 36 38 41 42 45 47 49 51 54 56 58 60 62 64 66 68 70 71 73 75 77 79 81 84 86 88 90 92 94 95 97 99 102 104 106 107 109 111 114 116 118 119 121 123 
a 2 3 6 8 10 12 14 17 19 21 23 25 28 29 32 34 36 38 41 42 45 47 49 51 54 56 58 60 62 64 66 68 70 71 73 75 77 79 81 84 86 88 90 92 94 95 97 99 102 104 106 107 109 111 114 116 118 119 121 123 
a 2 3 6 8 10 12 14 17 19 21 23 25 28 29 32 34 36 38 41 42 45 47 49 51 53 56 58 60 62 64 66 68 70 71 73 75 77 79 81 84 86 88 90 92 94 95 97 99 102 104 106 107 109 111 114 116 118 119 121 123 
a 2 3 6 8 10 12 14 17 19 21 23 25 28 29 32 34 36 38 41 42 45 47 49 51 53 55 58 60 62 64 66 68 70 71 73 75 77 79 81 84 86 88 90 92 94 95 97 99 102 104 106 107 109 111 114 116 118 119 121 123 
a 2 3 6 8 10 12 14 17 19 21 23 25 28 29 32 34 36 38 41 42 45 47 49 51 53 55 57 60 62 64 66 68 70 71 73 75 77 79 81 84 86 88 90 92 94 95 97 99 102 104 106 107 109 111 114 116 118 119 121 123 
a 2 3 6 8 10 12 14 17 20 21 23 25 28 29 32 34 36 38 41 42 45 47 49 51 53 55 57 60 62 64 66 68 70 71 73 75 77 79 81 84 86 88 90 92 94 95 97 99 102 104 106 107 109 111 114 116 118 119 121 123 
a 2 3 6 8 10 12 14 18 20 21 23 25 28 29 32 34 36 38 41 42 45 47 49 51 53 55 57 60 62 64 66 68 70 71 73 75 77 79 81 84 86 88 90 92 94 95 97 99 102 104 106 107 109 111 114 116 118 119 121 123 
a 2 3 6 8 10 12 15 18 20 21 23 25 28 29 32 34 36 38 41 42 45 47 49 51 53 55 57 60 62 64 66 68 70 71 73 75 77 79 81 84 86 88 90 92 94 95 97 99 102 104 106 107 109 111 114 116 118 119 121 123 
a 2 3 6 8 10 12 15 16 20 21 23 25 28 29 32 34 36 38 41 42 45 47 49 51 53 55 57 60 62 64 66 68 70 71 73 75 77 79 81 84 86 88 90 92 94 95 97 99 102 104 106 107 109 111 114 116 118 119 121 123 
a 2 3 6 8 10 12 15 16 19 21 23 25 28 29 32 34 36 38 41 42 45 47 49 51 53 55 57 60 62 64 66 68 70 71 73 75 77 79 81 84 86 88 90 92 94 95 97 99 102 104 106 107 109 111 114 116 118 119 121 123 
a 2 3 6 8 10 12 15 16 19 21 23 25 28 29 32 34 36 38 41 42 45 47 49 51 53 55 58 60 62 64 66 68 70 71 73 75 77 79 81 84 86 88 90 92 94 95 97 99 102 104 106 107 109 111 114 116 118 119 121 123 
a 2 3 6 8 10 12 15 16 19 21 23 25 28 29 32 34 36 38 41 42 45 47 49 51 53 56 58 60 62 64 66 68 70 71 73 75 77 79 81 84 86 88 90 92 94 95 97 99 102 104 106 107 109 111 114 116 118 119 121 123 
a 2 3 6 8 10 12 15 16 19 21 23 25 28 29 32 34 36 38 41 42 45 47 49 51 54 56 58 60 62 64 66 68 70 71 73 75 77 79 81 84 86 88 90 92 94 95 97 99 102 104 106 107 109 111 114 116 118 119 121 123 
a 2 3 7 8 10 12 15 16 19 21 23 25 28 29 32 34 36 38 41 42 45 47 49 51 54 56 58 60 62 64 66 68 70 71 73 75 77 79 81 84 86 88 90 92 94 95 97 99 102 104 106 107 109 111 114 116 118 119 121 123 
a 2 5 7 8 10 12 15 16 19 21 23 25 28 29 32 34 36 38 41 42 45 47 49 51 54 56 58 60 62 64 66 68 70 71 73 75 77 79 81 84 86 88 90 92 94 95 97 99 102 104 106 107 109 111 114 116 118 119 121 123 
a 2 5 7 8 10 12 15 16 19 21 23 25 28 29 32 34 36 38 41 42 45 47 49 51 54 56 58 60 62 63 66 68 70 71 73 75 77 79 81 84 86 88 90 92 94 95 97 99 102 104 106 107 109 111 114 116 118 119 121 123 
a 2 5 7 8 10 12 15 16 19 21 23 25 28 29 32 34 36 38 41 42 45 47 49 51 54 56 58 60 61 63 66 68 70 71 73 75 77 79 81 84 86 88 90 92 94 95 97 99 102 104 106 107 109 111 114 116 118 119 121 123 
a 2 5 7 8 10 12 15 16 19 21 23 25 28 29 32 34 36 38 41 42 45 47 49 51 54 56 58 59 61 63 66 68 70 71 73 75 77 79 81 84 86 88 90 92 94 95 97 99 102 104 106 107 109 111 114 116 118 119 121 123 
a 1 5 7 8 10 12 15 16 19 21 23 25 28 29 32 34 36 38 41 42 45 47 49 51 54 56 58 59 61 63 66 68 70 71 73 75 77 79 81 84 86 88 90 92 94 95 97 99 102 104 106 107 109 111 114 116 118 119 121 123 
a 1 4 7 8 10 12 15 16 19 21 23 25 28 29 32 34 36 38 41 42 45 47 49 51 54 56 58 59 61 63 66 68 70 71 73 75 77 79 81 84 86 88 90 92 94 95 97 99 102 104 106 107 109 111 114 116 118 119 121 123 
a 1 4 6 8 10 12 15 16 19 21 23 25 28 29 32 34 36 38 41 42 45 47 49 51 54 56 58 59 61 63 66 68 70 71 73 75 77 79 81 84 86 88 90 92 94 95 97 99 102 104 106 107 109 111 114 116 118 119 121 123 
a 1 4 6 8 10 12 15 16 19 21 23 25 28 29 32 34 36 38 41 42 45 47 49 51 54 56 58 59 61 63 66 68 70 71 73 75 77 79 81 84 86 88 89 92 94 95 97 99 102 104 106 107 109 111 114 116 118 119 121 123 
a 1 4 6 8 10 12 15 16 19 21 23 25 28 29 32 34 36 38 41 42 45 47 49 51 54 56 58 59 61 63 66 68 70 71 73 75 77 79 81 84 86 88 89 91 94 95 97 99 102 104 106 107 109 111 114 116 118 119 121 123 
a 1 4 6 8 10 12 15 16 19 21 23 25 28 29 32 34 36 38 41 42 45 47 49 51 54 56 58 59 61 63 66 68 70 71 73 75 77 79 81 84 86 88 89 91 93 95 97 99 102 104 106 107 109 111 114 116 118 119 121 123 
a 1 4 6 8 10 12 15 16 19 21 23 25 28 29 32 34 36 38 41 42 45 47 49 51 54 56 58 59 61 63 66 68 70 71 73 75 77 79 82 84 86 88 89 91 93 95 97 99 102 104 106 107 109 111 114 116 118 119 121 123 
a 1 4 6 8 10 12 15 16 19 21 23 25 28 29 32 34 36 38 41 42 45 47 49 51 54 56 58 59 61 63 66 68 70 72 73 75 77 79 82 84 86 88 89 91 93 95 97 99 102 104 106 107 109 111 114 116 118 119 121 123 
a 1 4 6 8 10 12 15 16 19 21 23 25 28 29 32 34 36 38 41 42 45 47 49 51 54 56 58 59 61 63 66 68 70 72 74 75 77 79 82 84 86 88 89 91 93 95 97 99 102 104 106 107 109 111 114 116 118 119 121 123 
a 1 4 6 8 10 12 15 16 19 21 23 25 28 29 32 34 36 38 41 42 45 47 49 51 54 56 58 59 61 63 65 68 70 72 74 75 77 79 82 84 86 88 89 91 93 95 97 99 102 104 106 107 109 111 114 116 118 119 121 123 
a 1 4 6 8 10 12 15 16 19 21 23 25 28 29 32 34 36 38 41 42 45 47 49 51 54 56 58 59 61 63 65 67 70 72 74 75 77 79 82 84 86 88 89 91 93 95 97 99 102 104 106 107 109 111 114 116 118 119 121 123 
a 1 4 6 8 10 12 15 16 19 21 23 25 28 29 32 34 36 38 41 42 45 47 49 51 54 56 58 59 61 63 65 67 70 72 74 75 77 79 82 84 86 87 89 91 93 95 97 99 102 104 106 107 109 111 114 116 118 119 121 123 
a 1 4 6 8 10 12 15 16 19 21 23 25 28 29 32 34 36 38 41 42 45 47 49 51 54 56 58 59 61 63 65 67 70 72 74 75 77 80 82 84 86 87 89 91 93 95 97 99 102 104 106 107 109 111 114 116 118 119 121 123 
a 1 4 6 8 10 12 15 16 19 21 23 25 28 29 32 34 36 38 41 42 45 47 49 51 54 56 58 59 61 63 65 67 70 72 74 75 77 80 82 84 85 87 89 91 93 95 97 99 102 104 106 107 109 111 114 116 118 119 121 123 
a 1 4 6 8 10 12 15 16 19 21 23 25 28 29 32 34 36 38 41 42 45 47 49 51 54 56 58 59 61 63 65 67 70 72 74 75 78 80 82 84 85 87 89 91 93 95 97 99 102 104 106 107 109 111 114 116 118 119 121 123 
a 1 4 6 8 10 12 15 16 19 21 23 25 28 29 32 34 36 38 41 42 45 47 49 51 54 56 58 59 61 63 65 67 69 72 74 75 78 80 82 84 85 87 89 91 93 95 97 99 102 104 106 107 109 111 114 116 118 119 121 123 
a 1 4 6 8 10 12 15 16 19 21 23 25 28 29 32 34 36 38 41 42 45 47 49 51 54 56 58 59 61 63 65 67 69 72 74 76 78 80 82 84 85 87 89 91 93 95 97 99 102 104 106 107 109 111 114 116 118 119 121 123 
a 1 4 6 8 10 12 15 16 19 21 23 25 28 29 32 34 36 38 41 42 45 47 49 51 54 56 58 59 61 63 65 67 69 72 74 76 78 80 82 84 85 87 89 91 93 96 97 99 102 104 106 107 109 111 114 116 118 119 121 123 
a 1 4 6 8 10 12 15 16 19 21 23 25 28 29 32 34 36 38 41 42 45 47 49 51 54 56 58 59 61 63 65 67 69 72 74 76 78 80 82 84 85 87 89 91 93 96 98 99 102 104 106 107 109 111 114 116 118 119 121 123 
a 1 4 6 8 10 12 15 16 19 21 23 25 28 29 32 34 36 38 41 42 45 47 49 51 54 56 58 59 61 63 65 67 69 72 74 76 78 80 82 84 85 87 89 91 93 96 98 100 102 104 106 107 109 111 114 116 118 119 121 123 
a 1 4 6 8 10 12 15 16 19 21 23 25 28 29 33 34 36 38 41 42 45 47 49 51 54 56 58 59 61 63 65 67 69 72 74 76 78 80 82 84 85 87 89 91 93 96 98 100 102 104 106 107 109 111 114 116 118 119 121 123 
a 1 4 6 8 10 12 15 16 19 21 23 25 28 29 33 34 36 38 41 42 45 47 49 51 54 56 58 59 61 63 65 67 69 72 74 76 78 80 82 83 85 87 89 91 93 96 98 100 102 104 106 107 109 111 114 116 118 119 121 123 
a 1 4 6 8 10 12 15 16 19 21 23 25 28 31 33 34 36 38 41 42 45 47 49 51 54 56 58 59 61 63 65 67 69 72 74 76 78 80 82 83 85 87 89 91 93 96 98 100 102 104 106 107 109 111 114 116 118 119 121 123 
a 1 4 6 8 10 12 15 16 19 21 23 25 27 31 33 34 36 38 41 42 45 47 49 51 54 56 58 59 61 63 65 67 69 72 74 76 78 80 82 83 85 87 89 91 93 96 98 100 102 104 106 107 109 111 114 116 118 119 121 123 
a 1 4 6 8 10 12 15 16 19 21 23 25 27 30 33 34 36 38 41 42 45 47 49 51 54 56 58 59 61 63 65 67 69 72 74 76 78 80 82 83 85 87 89 91 93 96 98 100 102 104 106 107 109 111 114 116 118 119 121 123 
a 1 4 6 8 10 12 15 16 19 21 23 25 27 30 32 34 36 38 41 42 45 47 49 51 54 56 58 59 61 63 65 67 69 72 74 76 78 80 82 83 85 87 89 91 93 96 98 100 102 104 106 107 109 111 114 116 118 119 121 123 
a 1 4 6 8 10 12 15 16 19 21 23 25 27 30 32 34 36 38 41 42 45 47 49 51 54 56 58 59 61 63 65 67 69 72 74 76 78 80 82 83 85 87 89 91 94 96 98 100 102 104 106 107 109 111 114 116 118 119 121 123 
a 1 4 6 8 10 12 15 16 19 21 23 25 27 30 32 34 36 38 41 42 45 47 49 51 54 56 58 59 61 63 65 67 69 72 74 76 78 80 82 83 85 87 89 91 94 96 98 99 102 104 106 107 109 111 114 116 118 119 121 123 
a 1 4 6 8 10 12 15 16 19 21 23 25 27 30 32 34 36 38 41 42 45 47 49 51 54 56 58 59 61 63 65 67 69 72 74 76 78 80 82 83 85 87 89 91 94 96 97 99 102 104 106 107 109 111 114 116 118 119 121 123 
a 1 4 6 8 10 12 15 16 19 21 23 25 27 30 32 34 36 38 41 42 45 47 49 51 54 56 58 59 61 63 65 67 69 72 74 76 78 80 82 83 85 87 89 91 94 95 97 99 102 104 106 107 109 111 114 116 118 119 121 123 
a 1 4 6 8 10 12 15 16 19 21 23 25 27 30 32 34 36 38 41 42 45 47 49 51 54 56 58 59 61 63 65 67 69 72 74 76 78 80 82 83 85 87 89 92 94 95 97 99 102 104 106 107 109 111 114 116 118 119 121 123 
a 1 4 6 8 10 12 15 16 19 21 23 25 27 30 32 34 36 38 41 42 45 47 49 51 54 56 58 59 61 63 65 67 69 72 74 76 78 80 82 83 85 87 90 92 94 95 97 99 102 104 106 107 109 111 114 116 118 119 121 123 
a 1 4 7 8 10 12 15 16 19 21 23 25 27 30 32 34 36 38 41 42 45 47 49 51 54 56 58 59 61 63 65 67 69 72 74 76 78 80 82 83 85 87 90 92 94 95 97 99 102 104 106 107 109 111 114 116 118 119 121 123 
a 1 5 7 8 10 12 15 16 19 21 23 25 27 30 32 34 36 38 41 42 45 47 49 51 54 56 58 59 61 63 65 67 69 72 74 76 78 80 82 83 85 87 90 92 94 95 97 99 102 104 106 107 109 111 114 116 118 119 121 123 
a 2 5 7 8 10 12 15 16 19 21 23 25 27 30 32 34 36 38 41 42 45 47 49 51 54 56 58 59 61 63 65 67 69 72 74 76 78 80 82 83 85 87 90 92 94 95 97 99 102 104 106 107 109 111 114 116 118 119 121 123 
a 2 5 7 8 10 12 15 16 19 21 23 25 27 30 32 34 36 38 41 42 45 47 49 51 54 56 58 60 61 63 65 67 69 72 74 76 78 80 82 83 85 87 90 92 94 95 97 99 102 104 106 107 109 111 114 116 118 119 121 123 
a 2 5 7 8 10 12 15 16 19 21 23 25 27 30 32 34 36 38 41 42 45 47 49 51 54 56 58 60 62 63 65 67 69 72 74 76 78 80 82 83 85 87 90 92 94 95 97 99 102 104 106 107 109 111 114 116 118 119 121 123 
a 2 5 7 8 10 12 15 16 19 21 23 25 27 30 32 34 36 38 41 42 45 47 49 51 54 56 58 60 62 63 65 67 70 72 74 76 78 80 82 83 85 87 90 92 94 95 97 99 102 104 106 107 109 111 114 116 118 119 121 123 
a 2 5 7 8 10 12 15 16 19 21 23 25 27 30 32 34 36 38 41 42 45 47 49 51 54 56 58 60 62 64 65 67 70 72 74 76 78 80 82 83 85 87 90 92 94 95 97 99 102 104 106 107 109 111 114 116 118 119 121 123 
a 2 5 7 8 10 12 15 16 19 21 23 25 27 30 32 34 36 38 41 42 45 47 49 51 54 56 58 60 62 64 65 68 70 72 74 76 78 80 82 83 85 87 90 92 94 95 97 99 102 104 106 107 109 111 114 116 118 119 121 123 
a 2 3 7 8 10 12 15 16 19 21 23 25 27 30 32 34 36 38 41 42 45 47 49 51 54 56 58 60 62 64 65 68 70 72 74 76 78 80 82 83 85 87 90 92 94 95 97 99 102 104 106 107 109 111 114 116 118 119 121 123 
a 2 3 7 8 10 12 15 16 19 21 23 25 27 30 32 34 36 38 41 42 45 47 49 51 54 56 58 60 62 64 66 68 70 72 74 76 78 80 82 83 85 87 90 92 94 95 97 99 102 104 106 107 109 111 114 116 118 119 121 123 
a 2 3 6 8 10 12 15 16 19 21 23 25 27 30 32 34 36 38 41 42 45 47 49 51 54 56 58 60 62 64 66 68 70 72 74 76 78 80 82 83 85 87 90 92 94 95 97 99 102 104 106 107 109 111 114 116 118 119 121 123 
a 2 3 6 8 10 12 15 16 19 21 23 25 27 30 32 34 36 38 41 42 45 47 49 51 53 56 58 60 62 64 66 68 70 72 74 76 78 80 82 83 85 87 90 92 94 95 97 99 102 104 106 107 109 111 114 116 118 119 121 123 
a 2 3 6 8 10 12 15 16 19 21 23 25 27 30 32 34 36 38 41 42 45 47 49 51 53 55 58 60 62 64 66 68 70 72 74 76 78 80 82 83 85 87 90 92 94 95 97 99 102 104 106 107 109 111 114 116 118 119 121 123 
a 2 3 6 8 10 12 15 16 19 21 23 25 27 30 32 34 36 38 41 42 45 47 49 51 53 55 57 60 62 64 66 68 70 72 74 76 78 80 82 83 85 87 90 92 94 95 97 99 102 104 106 107 109 111 114 116 118 119 121 123 
a 2 3 6 8 10 12 15 16 20 21 23 25 27 30 32 34 36 38 41 42 45 47 49 51 53 55 57 60 62 64 66 68 70 72 74 76 78 80 82 83 85 87 90 92 94 95 97 99 102 104 106 107 109 111 114 116 118 119 121 123 
a 2 3 6 8 10 12 15 16 20 21 23 25 27 30 32 34 36 38 41 42 45 47 49 51 53 55 57 60 62 64 66 68 70 72 74 75 78 80 82 83 85 87 90 92 94 95 97 99 102 104 106 107 109 111 114 116 118 119 121 123 
a 2 3 6 8 10 12 15 16 20 21 23 25 27 30 32 34 36 38 41 42 45 47 49 51 53 55 57 60 62 64 66 68 70 72 73 75 78 80 82 83 85 87 90 92 94 95 97 99 102 104 106 107 109 111 114 116 118 119 121 123 
a 2 3 6 8 10 12 15 16 20 21 23 25 27 30 32 34 36 38 41 42 45 47 49 51 53 55 57 60 62 64 66 68 70 71 73 75 78 80 82 83 85 87 90 92 94 95 97 99 102 104 106 107 109 111 114 116 118 119 121 123 
a 2 3 6 8 10 12 15 18 20 21 23 25 27 30 32 34 36 38 41 42 45 47 49 51 53 55 57 60 62 64 66 68 70 71 73 75 78 80 82 83 85 87 90 92 94 95 97 99 102 104 106 107 109 111 114 116 118 119 121 123 
a 2 3 6 8 10 12 14 18 20 21 23 25 27 30 32 34 36 38 41 42 45 47 49 51 53 55 57 60 62 64 66 68 70 71 73 75 78 80 82 83 85 87 90 92 94 95 97 99 102 104 106 107 109 111 114 116 118 119 121 123 
a 2 3 6 8 10 12 14 17 20 21 23 25 27 30 32 34 36 38 41 42 45 47 49 51 53 55 57 60 62 64 66 68 70 71 73 75 78 80 82 83 85 87 90 92 94 95 97 99 102 104 106 107 109 111 114 116 118 119 121 123 
a 2 3 6 8 10 12 14 17 19 21 23 25 27 30 32 34 36 38 41 42 45 47 49 51 53 55 57 60 62 64 66 68 70 71 73 75 78 80 82 83 85 87 90 92 94 95 97 99 102 104 106 107 109 111 114 116 118 119 121 123 
a 2 3 6 8 10 12 14 17 19 21 23 25 27 30 32 34 36 38 41 42 45 47 49 51 53 55 58 60 62 64 66 68 70 71 73 75 78 80 82 83 85 87 90 92 94 95 97 99 102 104 106 107 109 111 114 116 118 119 121 123 
a 2 3 6 8 10 12 14 17 19 21 23 25 27 30 32 34 36 38 41 42 45 47 49 51 53 56 58 60 62 64 66 68 70 71 73 75 78 80 82 83 85 87 90 92 94 95 97 99 102 104 106 107 109 111 114 116 118 119 121 123 
a 2 3 6 8 10 12 14 17 19 21 23 25 27 30 32 34 36 38 41 42 45 47 49 51 54 56 58 60 62 64 66 68 70 71 73 75 78 80 82 83 85 87 90 92 94 95 97 99 102 104 106 107 109 111 114 116 118 119 121 123 
a 2 3 7 8 10 12 14 17 19 21 23 25 27 30 32 34 36 38 41 42 45 47 49 51 54 56 58 60 62 64 66 68 70 71 73 75 78 80 82 83 85 87 90 92 94 95 97 99 102 104 106 107 109 111 114 116 118 119 121 123 
a 2 5 7 8 10 12 14 17 19 21 23 25 27 30 32 34 36 38 41 42 45 47 49 51 54 56 58 60 62 64 66 68 70 71 73 75 78 80 82 83 85 87 90 92 94 95 97 99 102 104 106 107 109 111 114 116 118 119 121 123 
a 2 5 7 8 10 12 14 17 19 21 23 25 27 30 32 34 36 38 41 42 45 47 49 51 54 56 58 60 62 63 66 68 70 71 73 75 78 80 82 83 85 87 90 92 94 95 97 99 102 104 106 107 109 111 114 116 118 119 121 123 
a 2 5 7 8 10 12 14 17 19 21 23 25 27 30 32 34 36 38 41 42 45 47 49 51 54 56 58 60 61 63 66 68 70 71 73 75 78 80 82 83 85 87 90 92 94 95 97 99 102 104 106 107 109 111 114 116 118 119 121 123 
a 2 5 7 8 10 12 14 17 19 21 23 25 27 30 32 34 36 38 41 42 45 47 49 51 54 56 58 59 61 63 66 68 70 71 73 75 78 80 82 83 85 87 90 92 94 95 97 99 102 104 106 107 109 111 114 116 118 119 121 123 
a 1 5 7 8 10 12 14 17 19 21 23 25 27 30 32 34 36 38 41 42 45 47 49 51 54 56 58 59 61 63 66 68 70 71 73 75 78 80 82 83 85 87 90 92 94 95 97 99 102 104 106 107 109 111 114 116 118 119 121 123 
a 1 4 7 8 10 12 14 17 19 21 23 25 27 30 32 34 36 38 41 42 45 47 49 51 54 56 58 59 61 63 66 68 70 71 73 75 78 80 82 83 85 87 90 92 94 95 97 99 102 104 106 107 109 111 114 116 118 119 121 123 
a 1 4 6 8 10 12 14 17 19 21 23 25 27 30 32 34 36 38 41 42 45 47 49 51 54 56 58 59 61 63 66 68 70 71 73 75 78 80 82 83 85 87 90 92 94 95 97 99 102 104 106 107 109 111 114 116 118 119 121 123 
c Length: 207
	Command being timed: "/Users/soh/app/recon/src/recon benchmark/ISR-benchmark/exp_instance/LGC_exp_instance004.col benchmark/ISR-benchmark/exp_instance/LGC_exp_instance004.dat"
	User time (seconds): 56.93
	System time (seconds): 0.10
	Percent of CPU this job got: 99%
	Elapsed (wall clock) time (h:mm:ss or m:ss): 0:57.04
	Average shared text size (kbytes): 0
	Average unshared data size (kbytes): 0
	Average stack size (kbytes): 0
	Average total size (kbytes): 0
	Maximum resident set size (kbytes): 326041600
	Average resident set size (kbytes): 0
	Major (requiring I/O) page faults: 0
	Minor (reclaiming a frame) page faults: 38644
	Voluntary context switches: 16
	Involuntary context switches: 204
	Swaps: 0
	File system inputs: 0
	File system outputs: 0
	Socket messages sent: 32
	Socket messages received: 0
	Signals delivered: 0
	Page size (bytes): 4096
	Exit status: 0
FINISHED CPU 57.03 MEM 0 MAXMEM 0 STALE 1
#RESULT: UNK
#FIN: FIN
#CPU: 57.03
#MAXMEM: 0
c 
#END: [Tue Aug  8 16:57:09 2023]
