#BEGIN: [Wed Jul 19 16:20:36 2023]
#HOST: mini22.local
#TIMELIMIT: 7200
#MEMLIMIT: 0
#FREQ: 10
#SOLVER: sat-based-isr-tj05-230719-15h37m
#ARG1: benchmark/ISR-benchmark/exp_instance/LGC_exp_instance004.col
#ARG2: benchmark/ISR-benchmark/exp_instance/LGC_exp_instance004.dat
#COMMAND: /Users/soh/app/scala-2.12.4/bin/scala -J-Xms32g -J-Xmx32g -cp /Users/soh/app/IsrForCompetition230719-15h37m/scop.jar:/Users/soh/app/IsrForCompetition230719-15h37m/isr4competition_2.12-1.3.5.jar fun.scop.app.isr.IsrSolverTj05 benchmark/ISR-benchmark/exp_instance/LGC_exp_instance004.col benchmark/ISR-benchmark/exp_instance/LGC_exp_instance004.dat cadical /Users/soh/app/IsrForCompetition230719-15h37m/cadical
#Nodes: 124
#Edges: 144
c (0) step 1 UNSAT 803 2194
c (0) step 2 UNSAT 1599 4414
c (0) step 3 UNSAT 2572 7044
c (0) step 4 UNSAT 3781 10201
c (0) step 5 UNSAT 5285 14002
c (0) step 6 UNSAT 7143 18564
c (0) step 7 UNSAT 9414 24004
c (0) step 8 UNSAT 12157 30439
c (1) step 9 UNSAT 15431 37986
c (3) step 10 UNSAT 19295 46762
c (8) step 11 UNSAT 23808 56884
c (25) step 12 UNSAT 29029 68469
c (78) step 13 UNSAT 35017 81634
c (103) step 14 UNSAT 41831 96496
c (601) step 15 UNSAT 49530 113172
c (1331) step 16 UNSAT 58173 131779
c (1474) step 17 UNSAT 67819 152434
c (2493) step 18 UNSAT 78527 175254
c (4705) step 19 UNSAT 90356 200356
c (6633) step 20 UNSAT 103365 227857
TIMEOUT CPU 7200 MEM 0 MAXMEM 0
#RESULT: UNK
#FIN: TO
#CPU: 7200
#MAXMEM: 0
c 19095 killed(2). 19109 killed(2). 19096 killed(2). 19095 killed(9). 19109 killed(9). 19096 killed(9). 
#END: [Wed Jul 19 18:20:37 2023]
