#BEGIN: [Wed Jul 19 16:20:36 2023]
#HOST: mini29.local
#TIMELIMIT: 7200
#MEMLIMIT: 0
#FREQ: 10
#SOLVER: sat-based-isr-tj05-230719-15h37m
#ARG1: benchmark/ISR-benchmark/exp_instance/LGC_exp_instance003.col
#ARG2: benchmark/ISR-benchmark/exp_instance/LGC_exp_instance003.dat
#COMMAND: /Users/soh/app/scala-2.12.4/bin/scala -J-Xms32g -J-Xmx32g -cp /Users/soh/app/IsrForCompetition230719-15h37m/scop.jar:/Users/soh/app/IsrForCompetition230719-15h37m/isr4competition_2.12-1.3.5.jar fun.scop.app.isr.IsrSolverTj05 benchmark/ISR-benchmark/exp_instance/LGC_exp_instance003.col benchmark/ISR-benchmark/exp_instance/LGC_exp_instance003.dat cadical /Users/soh/app/IsrForCompetition230719-15h37m/cadical
#Nodes: 75
#Edges: 87
c (0) step 1 UNSAT 485 1322
c (0) step 2 UNSAT 964 2656
c (0) step 3 UNSAT 1548 4232
c (0) step 4 UNSAT 2272 6119
c (0) step 5 UNSAT 3171 8386
c (0) step 6 UNSAT 4280 11102
c (0) step 7 UNSAT 5634 14336
c (0) step 8 UNSAT 7268 18157
c (0) step 9 UNSAT 9217 22634
c (0) step 10 UNSAT 11516 27836
c (0) step 11 UNSAT 14200 33832
c (1) step 12 UNSAT 17304 40691
c (1) step 13 UNSAT 20863 48482
c (2) step 14 UNSAT 24912 57274
c (4) step 15 UNSAT 29486 67136
c (6) step 16 UNSAT 34620 78137
c (10) step 17 UNSAT 40349 90346
c (13) step 18 UNSAT 46708 103832
c (16) step 19 UNSAT 53732 118664
c (31) step 20 UNSAT 61456 134911
c (37) step 21 UNSAT 69915 152642
c (51) step 22 UNSAT 79144 171926
c (67) step 23 UNSAT 89178 192832
c (84) step 24 UNSAT 100052 215429
c (109) step 25 UNSAT 111801 239786
c (158) step 26 UNSAT 124460 265972
c (206) step 27 UNSAT 138064 294056
c (273) step 28 UNSAT 152648 324107
c (440) step 29 UNSAT 168247 356194
c (581) step 30 UNSAT 184896 390386
c (699) step 31 UNSAT 202630 426752
c (786) step 32 UNSAT 221484 465361
c (1299) step 33 UNSAT 241493 506282
c (1445) step 34 UNSAT 262692 549584
c (1834) step 35 UNSAT 285116 595336
c (1942) step 36 UNSAT 308800 643607
c (2152) step 37 UNSAT 333779 694466
c (2247) step 38 UNSAT 358758 745325
c (2384) step 39 UNSAT 383737 796184
c (2502) step 40 UNSAT 408716 847043
c (2962) step 41 UNSAT 433695 897902
c (3309) step 42 UNSAT 458674 948761
c (3697) step 43 UNSAT 483653 999620
c (3989) step 44 UNSAT 508632 1050479
c (4947) step 45 UNSAT 533611 1101338
c (5342) step 46 UNSAT 558590 1152197
c (6459) step 47 UNSAT 583569 1203056
TIMEOUT CPU 7200 MEM 0 MAXMEM 0
#RESULT: UNK
#FIN: TO
#CPU: 7200
#MAXMEM: 0
c 16362 killed(2). 16348 killed(2). 16349 killed(2). 16362 killed(9). 16348 killed(9). 16349 killed(9). 
#END: [Wed Jul 19 18:20:37 2023]
