#BEGIN: [Tue Aug  1 12:57:37 2023]
#HOST: mini30.local
#TIMELIMIT: 7200
#MEMLIMIT: 0
#FREQ: 10
#SOLVER: ddreconf230801-10h10m
#ARG1: benchmark/ISR-benchmark/exp_instance/SAT_exp_instance019.col
#ARG2: benchmark/ISR-benchmark/exp_instance/SAT_exp_instance019.dat
#COMMAND: /Users/soh/app/ddreconf230801-10h10m/ddreconf benchmark/ISR-benchmark/exp_instance/SAT_exp_instance019.col --indset --stwidth --stfile=benchmark/ISR-benchmark/exp_instance/SAT_exp_instance019.dat
Input graph file parsed. # of vertices = 272, # of edges = 478
s 2 4 6 8 10 12 14 16 18 20 22 24 26 28 30 32 34 36 38 39 41 44 47 49 52 55 58 61 63 66 69 72 75 78 81 83 86 89 92 95 98 101 104 107 109 112 115 118 121 124 127 130 133 136 139 141 144 147 150 153 156 159 162 165 168 171 174 177 179 182 185 188 191 194 197 200 203 206 209 212 215 218 221 223 226 229 232 235 238 241 244 247 250 253 256 259 262 265 268 271
t 2 4 6 8 10 12 14 16 18 20 22 24 26 28 30 32 34 35 37 39 41 44 47 49 52 55 58 61 63 66 69 72 75 78 81 83 86 89 92 95 98 101 104 107 109 112 115 118 121 124 127 130 133 136 139 141 144 147 150 153 156 159 162 165 168 171 174 177 179 182 185 188 191 194 197 200 203 206 209 212 215 218 221 224 225 228 231 234 237 240 243 246 249 252 255 258 261 264 267 270
Solution space ZDD construction start
Command terminated by signal 9
	Command being timed: "/Users/soh/app/ddreconf230801-10h10m/ddreconf benchmark/ISR-benchmark/exp_instance/SAT_exp_instance019.col --indset --stwidth --stfile=benchmark/ISR-benchmark/exp_instance/SAT_exp_instance019.dat"
	User time (seconds): 1202.01
	System time (seconds): 858.31
	Percent of CPU this job got: 74%
	Elapsed (wall clock) time (h:mm:ss or m:ss): 45:56.07
	Average shared text size (kbytes): 0
	Average unshared data size (kbytes): 0
	Average stack size (kbytes): 0
	Average total size (kbytes): 0
	Maximum resident set size (kbytes): 256155451392
	Average resident set size (kbytes): 0
	Major (requiring I/O) page faults: 0
	Minor (reclaiming a frame) page faults: 205912544
	Voluntary context switches: 1228052
	Involuntary context switches: 1765888
	Swaps: 0
	File system inputs: 0
	File system outputs: 0
	Socket messages sent: 38
	Socket messages received: 0
	Signals delivered: 0
	Page size (bytes): 4096
	Exit status: 0
FINISHED CPU 2060.32 MEM 0 MAXMEM 0 STALE 1
#RESULT: UNK
#FIN: FIN
#CPU: 2060.32
#MAXMEM: 0
c 
#END: [Tue Aug  1 13:43:33 2023]
