#BEGIN: [Tue Aug  1 12:28:40 2023]
#HOST: mini26.local
#TIMELIMIT: 7200
#MEMLIMIT: 0
#FREQ: 10
#SOLVER: ddreconf230801-10h10m
#ARG1: benchmark/ISR-benchmark/exp_instance/SAT_exp_instance010.col
#ARG2: benchmark/ISR-benchmark/exp_instance/SAT_exp_instance010.dat
#COMMAND: /Users/soh/app/ddreconf230801-10h10m/ddreconf benchmark/ISR-benchmark/exp_instance/SAT_exp_instance010.col --indset --stwidth --stfile=benchmark/ISR-benchmark/exp_instance/SAT_exp_instance010.dat
Input graph file parsed. # of vertices = 90, # of edges = 145
s 2 4 6 8 10 12 14 16 18 20 21 23 26 29 31 34 37 40 43 45 48 51 54 57 60 63 65 68 71 74 77 80 83 86 89
t 2 4 6 8 10 12 14 16 17 19 21 23 26 29 31 34 37 40 43 45 48 51 54 57 60 63 66 67 70 73 76 79 82 85 88
Solution space ZDD construction start
Solution space ZDD construction end
Solution space ZDD construction time = 31.526276
Solution space ZDD size = 8354830
# of elements in the solution space = 77378485134230208
Start computing the width of the solution space graph
Zs_1 construction time = 0.000254, # ZDD nodes = 78, # elems = 13
Zt_1 construction time = 0.000191, # ZDD nodes = 78, # elems = 13
Zs_2 construction time = 0.000656, # ZDD nodes = 130, # elems = 77
Zt_2 construction time = 0.000619, # ZDD nodes = 130, # elems = 77
Zs_3 construction time = 0.001324, # ZDD nodes = 187, # elems = 276
Zt_3 construction time = 0.001314, # ZDD nodes = 187, # elems = 276
Zs_4 construction time = 0.001913, # ZDD nodes = 244, # elems = 668
Zt_4 construction time = 0.001905, # ZDD nodes = 244, # elems = 668
Zs_5 construction time = 0.002378, # ZDD nodes = 290, # elems = 1150
Zt_5 construction time = 0.002401, # ZDD nodes = 290, # elems = 1150
Zs_6 construction time = 0.002391, # ZDD nodes = 332, # elems = 1443
Zt_6 construction time = 0.002341, # ZDD nodes = 332, # elems = 1443
Zs_7 construction time = 0.002183, # ZDD nodes = 364, # elems = 1330
Zt_7 construction time = 0.002157, # ZDD nodes = 364, # elems = 1330
Zs_8 construction time = 0.002014, # ZDD nodes = 386, # elems = 897
Zt_8 construction time = 0.001998, # ZDD nodes = 386, # elems = 897
Zs_9 construction time = 0.001730, # ZDD nodes = 392, # elems = 439
Zt_9 construction time = 0.001682, # ZDD nodes = 392, # elems = 439
Zs_10 construction time = 0.001448, # ZDD nodes = 363, # elems = 160
Zt_10 construction time = 0.001439, # ZDD nodes = 363, # elems = 160
Zs_11 construction time = 0.001098, # ZDD nodes = 306, # elems = 59
Zt_11 construction time = 0.001088, # ZDD nodes = 306, # elems = 59
Zs_12 construction time = 0.000852, # ZDD nodes = 228, # elems = 54
Zt_12 construction time = 0.000863, # ZDD nodes = 228, # elems = 54
Zs_13 construction time = 0.000802, # ZDD nodes = 168, # elems = 91
Zt_13 construction time = 0.000749, # ZDD nodes = 168, # elems = 91
Zs_14 construction time = 0.000795, # ZDD nodes = 172, # elems = 137
Zt_14 construction time = 0.000827, # ZDD nodes = 172, # elems = 137
Zs_15 construction time = 0.001210, # ZDD nodes = 164, # elems = 171
Zt_15 construction time = 0.000830, # ZDD nodes = 164, # elems = 171
Zs_16 construction time = 0.000905, # ZDD nodes = 179, # elems = 204
Zt_16 construction time = 0.000916, # ZDD nodes = 179, # elems = 204
Zs_17 construction time = 0.000978, # ZDD nodes = 184, # elems = 246
Zt_17 construction time = 0.000962, # ZDD nodes = 184, # elems = 246
Zs_18 construction time = 0.000904, # ZDD nodes = 182, # elems = 262
Zt_18 construction time = 0.000945, # ZDD nodes = 182, # elems = 262
Zs_19 construction time = 0.000847, # ZDD nodes = 183, # elems = 218
Zt_19 construction time = 0.000876, # ZDD nodes = 183, # elems = 218
Zs_20 construction time = 0.000909, # ZDD nodes = 182, # elems = 142
Zt_20 construction time = 0.000918, # ZDD nodes = 182, # elems = 142
Zs_21 construction time = 0.000881, # ZDD nodes = 201, # elems = 90
Zt_21 construction time = 0.000932, # ZDD nodes = 201, # elems = 90
Zs_22 construction time = 0.001078, # ZDD nodes = 218, # elems = 91
Zt_22 construction time = 0.001090, # ZDD nodes = 218, # elems = 91
Zs_23 construction time = 0.001184, # ZDD nodes = 221, # elems = 151
Zt_23 construction time = 0.001180, # ZDD nodes = 221, # elems = 151
Zs_24 construction time = 0.001293, # ZDD nodes = 208, # elems = 253
Zt_24 construction time = 0.001332, # ZDD nodes = 208, # elems = 253
Zs_25 construction time = 0.001319, # ZDD nodes = 219, # elems = 338
Zt_25 construction time = 0.001313, # ZDD nodes = 219, # elems = 338
Zs_26 construction time = 0.001290, # ZDD nodes = 215, # elems = 342
Zt_26 construction time = 0.001260, # ZDD nodes = 215, # elems = 342
Zs_27 construction time = 0.001229, # ZDD nodes = 226, # elems = 261
Zt_27 construction time = 0.001193, # ZDD nodes = 226, # elems = 261
Zs_28 construction time = 0.000999, # ZDD nodes = 213, # elems = 149
Zt_28 construction time = 0.000999, # ZDD nodes = 213, # elems = 149
Zs_29 construction time = 0.000786, # ZDD nodes = 202, # elems = 62
Zt_29 construction time = 0.000777, # ZDD nodes = 202, # elems = 62
Zs_30 construction time = 0.000638, # ZDD nodes = 177, # elems = 22
Zt_30 construction time = 0.000700, # ZDD nodes = 177, # elems = 22
Zs_31 construction time = 0.001001, # ZDD nodes = 120, # elems = 17
Zt_31 construction time = 0.000575, # ZDD nodes = 120, # elems = 17
Zs_32 construction time = 0.000480, # ZDD nodes = 91, # elems = 21
Zt_32 construction time = 0.000473, # ZDD nodes = 91, # elems = 21
Zs_33 construction time = 0.000517, # ZDD nodes = 112, # elems = 23
Zt_33 construction time = 0.000457, # ZDD nodes = 112, # elems = 23
Zs_34 construction time = 0.000539, # ZDD nodes = 139, # elems = 35
Zt_34 construction time = 0.000528, # ZDD nodes = 139, # elems = 35
Zs_35 construction time = 0.000687, # ZDD nodes = 158, # elems = 68
Zt_35 construction time = 0.000688, # ZDD nodes = 158, # elems = 68
Zs_36 construction time = 0.001235, # ZDD nodes = 157, # elems = 125
Zt_36 construction time = 0.000863, # ZDD nodes = 157, # elems = 125
Zs_37 construction time = 0.001014, # ZDD nodes = 190, # elems = 222
Zt_37 construction time = 0.001012, # ZDD nodes = 190, # elems = 222
Zs_38 construction time = 0.001225, # ZDD nodes = 216, # elems = 370
Zt_38 construction time = 0.001236, # ZDD nodes = 216, # elems = 370
Zs_39 construction time = 0.001347, # ZDD nodes = 228, # elems = 536
Zt_39 construction time = 0.001343, # ZDD nodes = 228, # elems = 536
Zs_40 construction time = 0.001569, # ZDD nodes = 225, # elems = 683
Zt_40 construction time = 0.001519, # ZDD nodes = 225, # elems = 683
Zs_41 construction time = 0.001651, # ZDD nodes = 206, # elems = 825
Zt_41 construction time = 0.001655, # ZDD nodes = 206, # elems = 825
Zs_42 construction time = 0.001671, # ZDD nodes = 205, # elems = 957
Zt_42 construction time = 0.001686, # ZDD nodes = 205, # elems = 957
Zs_43 construction time = 0.001506, # ZDD nodes = 192, # elems = 979
Zt_43 construction time = 0.001514, # ZDD nodes = 192, # elems = 979
Zs_44 construction time = 0.001225, # ZDD nodes = 189, # elems = 804
Zt_44 construction time = 0.001214, # ZDD nodes = 189, # elems = 804
Zs_45 construction time = 0.001060, # ZDD nodes = 188, # elems = 504
Zt_45 construction time = 0.001040, # ZDD nodes = 188, # elems = 504
Zs_46 construction time = 0.000945, # ZDD nodes = 196, # elems = 249
Zt_46 construction time = 0.000946, # ZDD nodes = 196, # elems = 249
Zs_47 construction time = 0.000887, # ZDD nodes = 225, # elems = 136
Zt_47 construction time = 0.000887, # ZDD nodes = 225, # elems = 136
Zs_48 construction time = 0.001061, # ZDD nodes = 259, # elems = 174
Zt_48 construction time = 0.001077, # ZDD nodes = 259, # elems = 174
Zs_49 construction time = 0.001681, # ZDD nodes = 268, # elems = 434
Zt_49 construction time = 0.001691, # ZDD nodes = 268, # elems = 434
Zs_50 construction time = 0.002487, # ZDD nodes = 272, # elems = 1107
Zt_50 construction time = 0.002563, # ZDD nodes = 272, # elems = 1107
Zs_51 construction time = 0.003348, # ZDD nodes = 305, # elems = 2297
Zt_51 construction time = 0.003402, # ZDD nodes = 305, # elems = 2297
Zs_52 construction time = 0.004006, # ZDD nodes = 319, # elems = 3729
Zt_52 construction time = 0.004094, # ZDD nodes = 319, # elems = 3729
Zs_53 construction time = 0.004278, # ZDD nodes = 325, # elems = 4764
Zt_53 construction time = 0.004298, # ZDD nodes = 325, # elems = 4764
Zs_54 construction time = 0.004101, # ZDD nodes = 339, # elems = 4839
Zt_54 construction time = 0.004166, # ZDD nodes = 339, # elems = 4839
Zs_55 construction time = 0.003637, # ZDD nodes = 363, # elems = 3929
Zt_55 construction time = 0.003753, # ZDD nodes = 363, # elems = 3929
Zs_56 construction time = 0.003203, # ZDD nodes = 380, # elems = 2548
Zt_56 construction time = 0.003198, # ZDD nodes = 380, # elems = 2548
Zs_57 construction time = 0.002706, # ZDD nodes = 379, # elems = 1317
Zt_57 construction time = 0.002682, # ZDD nodes = 379, # elems = 1317
Zs_58 construction time = 0.002074, # ZDD nodes = 378, # elems = 554
Zt_58 construction time = 0.002075, # ZDD nodes = 378, # elems = 554
Zs_59 construction time = 0.001581, # ZDD nodes = 349, # elems = 215
Zt_59 construction time = 0.005707, # ZDD nodes = 349, # elems = 215
Zs_60 construction time = 0.001326, # ZDD nodes = 309, # elems = 109
Zt_60 construction time = 0.001280, # ZDD nodes = 309, # elems = 109
Zs_61 construction time = 0.001017, # ZDD nodes = 261, # elems = 97
Zt_61 construction time = 0.001011, # ZDD nodes = 261, # elems = 97
Zs_62 construction time = 0.001002, # ZDD nodes = 223, # elems = 133
Zt_62 construction time = 0.001011, # ZDD nodes = 223, # elems = 133
Zs_63 construction time = 0.001091, # ZDD nodes = 233, # elems = 223
Zt_63 construction time = 0.001089, # ZDD nodes = 233, # elems = 223
Zs_64 construction time = 0.001178, # ZDD nodes = 227, # elems = 370
Zt_64 construction time = 0.001189, # ZDD nodes = 227, # elems = 370
Zs_65 construction time = 0.001434, # ZDD nodes = 243, # elems = 536
Zt_65 construction time = 0.001255, # ZDD nodes = 243, # elems = 536
Zs_66 construction time = 0.001397, # ZDD nodes = 244, # elems = 683
Zt_66 construction time = 0.001406, # ZDD nodes = 244, # elems = 683
Zs_67 construction time = 0.001479, # ZDD nodes = 225, # elems = 825
Zt_67 construction time = 0.001562, # ZDD nodes = 225, # elems = 825
Zs_68 construction time = 0.001472, # ZDD nodes = 224, # elems = 957
Zt_68 construction time = 0.001503, # ZDD nodes = 224, # elems = 957
Zs_69 construction time = 0.001345, # ZDD nodes = 236, # elems = 980
Zt_69 construction time = 0.001351, # ZDD nodes = 236, # elems = 980
Zs_70 construction time = 0.001266, # ZDD nodes = 233, # elems = 812
Zt_70 construction time = 0.001262, # ZDD nodes = 233, # elems = 812
Zs_71 construction time = 0.001159, # ZDD nodes = 219, # elems = 532
Zt_71 construction time = 0.001164, # ZDD nodes = 219, # elems = 532
Zs_72 construction time = 0.001208, # ZDD nodes = 215, # elems = 305
Zt_72 construction time = 0.001181, # ZDD nodes = 215, # elems = 305
Zs_73 construction time = 0.001297, # ZDD nodes = 231, # elems = 204
Zt_73 construction time = 0.001303, # ZDD nodes = 231, # elems = 204
Zs_74 construction time = 0.001398, # ZDD nodes = 253, # elems = 205
Zt_74 construction time = 0.001399, # ZDD nodes = 253, # elems = 205
Zs_75 construction time = 0.001611, # ZDD nodes = 268, # elems = 316
Zt_75 construction time = 0.001623, # ZDD nodes = 268, # elems = 316
Zs_76 construction time = 0.001896, # ZDD nodes = 272, # elems = 586
Zt_76 construction time = 0.002023, # ZDD nodes = 272, # elems = 586
Zs_77 construction time = 0.002029, # ZDD nodes = 299, # elems = 967
Zt_77 construction time = 0.002031, # ZDD nodes = 299, # elems = 967
Zs_78 construction time = 0.002033, # ZDD nodes = 314, # elems = 1263
Zt_78 construction time = 0.002042, # ZDD nodes = 314, # elems = 1263
Zs_79 construction time = 0.002051, # ZDD nodes = 317, # elems = 1282
Zt_79 construction time = 0.002041, # ZDD nodes = 317, # elems = 1282
Zs_80 construction time = 0.001858, # ZDD nodes = 321, # elems = 1013
Zt_80 construction time = 0.001863, # ZDD nodes = 321, # elems = 1013
Zs_81 construction time = 0.001618, # ZDD nodes = 329, # elems = 621
Zt_81 construction time = 0.001621, # ZDD nodes = 329, # elems = 621
Zs_82 construction time = 0.001382, # ZDD nodes = 318, # elems = 295
Zt_82 construction time = 0.001376, # ZDD nodes = 318, # elems = 295
Zs_83 construction time = 0.001147, # ZDD nodes = 281, # elems = 123
Zt_83 construction time = 0.001146, # ZDD nodes = 281, # elems = 123
Zs_84 construction time = 0.000960, # ZDD nodes = 249, # elems = 77
Zt_84 construction time = 0.000985, # ZDD nodes = 249, # elems = 77
Zs_85 construction time = 0.000939, # ZDD nodes = 206, # elems = 82
Zt_85 construction time = 0.000957, # ZDD nodes = 206, # elems = 82
Zs_86 construction time = 0.001006, # ZDD nodes = 185, # elems = 102
Zt_86 construction time = 0.001031, # ZDD nodes = 185, # elems = 102
Zs_87 construction time = 0.001171, # ZDD nodes = 218, # elems = 161
Zt_87 construction time = 0.001192, # ZDD nodes = 218, # elems = 161
Zs_88 construction time = 0.001468, # ZDD nodes = 234, # elems = 296
Zt_88 construction time = 0.001502, # ZDD nodes = 234, # elems = 296
Zs_89 construction time = 0.001779, # ZDD nodes = 252, # elems = 540
Zt_89 construction time = 0.001823, # ZDD nodes = 252, # elems = 540
Zs_90 construction time = 0.002149, # ZDD nodes = 259, # elems = 939
Zt_90 construction time = 0.002169, # ZDD nodes = 259, # elems = 939
Zs_91 construction time = 0.002495, # ZDD nodes = 284, # elems = 1498
Zt_91 construction time = 0.002517, # ZDD nodes = 284, # elems = 1498
Zs_92 construction time = 0.002984, # ZDD nodes = 298, # elems = 2125
Zt_92 construction time = 0.002915, # ZDD nodes = 298, # elems = 2125
Zs_93 construction time = 0.003201, # ZDD nodes = 298, # elems = 2727
Zt_93 construction time = 0.003240, # ZDD nodes = 298, # elems = 2727
Zs_94 construction time = 0.003510, # ZDD nodes = 284, # elems = 3290
Zt_94 construction time = 0.003549, # ZDD nodes = 284, # elems = 3290
Zs_95 construction time = 0.003555, # ZDD nodes = 255, # elems = 3718
Zt_95 construction time = 0.003621, # ZDD nodes = 255, # elems = 3718
Zs_96 construction time = 0.003315, # ZDD nodes = 246, # elems = 3718
Zt_96 construction time = 0.003561, # ZDD nodes = 246, # elems = 3718
Zs_97 construction time = 0.002921, # ZDD nodes = 227, # elems = 3081
Zt_97 construction time = 0.002916, # ZDD nodes = 227, # elems = 3081
Zs_98 construction time = 0.002381, # ZDD nodes = 217, # elems = 2016
Zt_98 construction time = 0.002581, # ZDD nodes = 218, # elems = 2016
Zs_99 construction time = 0.002098, # ZDD nodes = 201, # elems = 1009
Reconf seq found. Shortest length = 197
Zt_99 construction time = 0.003004, # ZDD nodes = 202, # elems = 1009
Zs_100 construction time = 0.001699, # ZDD nodes = 183, # elems = 386
Zt_100 construction time = 0.002576, # ZDD nodes = 183, # elems = 386
Zs_101 construction time = 0.001208, # ZDD nodes = 198, # elems = 140
Zt_101 construction time = 0.001147, # ZDD nodes = 198, # elems = 140
Zs_102 construction time = 0.001000, # ZDD nodes = 230, # elems = 141
Zt_102 construction time = 0.000990, # ZDD nodes = 230, # elems = 141
Zs_103 construction time = 0.001246, # ZDD nodes = 239, # elems = 399
Zt_103 construction time = 0.001228, # ZDD nodes = 239, # elems = 399
Zs_104 construction time = 0.001926, # ZDD nodes = 251, # elems = 1086
Zt_104 construction time = 0.001713, # ZDD nodes = 250, # elems = 1086
Zs_105 construction time = 0.002401, # ZDD nodes = 292, # elems = 2290
Zt_105 construction time = 0.002575, # ZDD nodes = 291, # elems = 2290
Zs_106 construction time = 0.003014, # ZDD nodes = 318, # elems = 3728
Zt_106 construction time = 0.003020, # ZDD nodes = 318, # elems = 3728
Zs_107 construction time = 0.003236, # ZDD nodes = 345, # elems = 4764
Zt_107 construction time = 0.003192, # ZDD nodes = 345, # elems = 4764
Zs_108 construction time = 0.003086, # ZDD nodes = 354, # elems = 4839
Zt_108 construction time = 0.003036, # ZDD nodes = 354, # elems = 4839
Zs_109 construction time = 0.002702, # ZDD nodes = 375, # elems = 3929
Zt_109 construction time = 0.002676, # ZDD nodes = 375, # elems = 3929
Zs_110 construction time = 0.002340, # ZDD nodes = 378, # elems = 2548
Zt_110 construction time = 0.002285, # ZDD nodes = 378, # elems = 2548
Zs_111 construction time = 0.001781, # ZDD nodes = 361, # elems = 1317
Zt_111 construction time = 0.001750, # ZDD nodes = 361, # elems = 1317
Zs_112 construction time = 0.001300, # ZDD nodes = 362, # elems = 554
Zt_112 construction time = 0.001278, # ZDD nodes = 362, # elems = 554
Zs_113 construction time = 0.000991, # ZDD nodes = 330, # elems = 215
Zt_113 construction time = 0.000970, # ZDD nodes = 330, # elems = 215
Zs_114 construction time = 0.000759, # ZDD nodes = 289, # elems = 109
Zt_114 construction time = 0.000731, # ZDD nodes = 289, # elems = 109
Zs_115 construction time = 0.000607, # ZDD nodes = 254, # elems = 97
Zt_115 construction time = 0.000578, # ZDD nodes = 254, # elems = 97
Zs_116 construction time = 0.000615, # ZDD nodes = 226, # elems = 133
Zt_116 construction time = 0.000592, # ZDD nodes = 226, # elems = 133
Zs_117 construction time = 0.000653, # ZDD nodes = 236, # elems = 223
Zt_117 construction time = 0.000636, # ZDD nodes = 236, # elems = 223
Zs_118 construction time = 0.000719, # ZDD nodes = 235, # elems = 370
Zt_118 construction time = 0.000698, # ZDD nodes = 235, # elems = 370
Zs_119 construction time = 0.000818, # ZDD nodes = 251, # elems = 536
Zt_119 construction time = 0.000798, # ZDD nodes = 251, # elems = 536
Zs_120 construction time = 0.000946, # ZDD nodes = 252, # elems = 683
Zt_120 construction time = 0.000928, # ZDD nodes = 252, # elems = 683
Zs_121 construction time = 0.001099, # ZDD nodes = 235, # elems = 825
Zt_121 construction time = 0.001074, # ZDD nodes = 235, # elems = 825
Zs_122 construction time = 0.001198, # ZDD nodes = 233, # elems = 957
Zt_122 construction time = 0.001175, # ZDD nodes = 233, # elems = 957
Zs_123 construction time = 0.001187, # ZDD nodes = 254, # elems = 980
Zt_123 construction time = 0.001178, # ZDD nodes = 254, # elems = 980
Zs_124 construction time = 0.001299, # ZDD nodes = 254, # elems = 812
Zt_124 construction time = 0.001231, # ZDD nodes = 254, # elems = 812
Zs_125 construction time = 0.001215, # ZDD nodes = 238, # elems = 532
Zt_125 construction time = 0.001187, # ZDD nodes = 238, # elems = 532
Zs_126 construction time = 0.001166, # ZDD nodes = 233, # elems = 305
Zt_126 construction time = 0.001138, # ZDD nodes = 233, # elems = 305
Zs_127 construction time = 0.001175, # ZDD nodes = 241, # elems = 204
Zt_127 construction time = 0.001151, # ZDD nodes = 241, # elems = 204
Zs_128 construction time = 0.001157, # ZDD nodes = 246, # elems = 205
Zt_128 construction time = 0.001087, # ZDD nodes = 246, # elems = 205
Zs_129 construction time = 0.001043, # ZDD nodes = 255, # elems = 316
Zt_129 construction time = 0.001021, # ZDD nodes = 255, # elems = 316
Zs_130 construction time = 0.001077, # ZDD nodes = 256, # elems = 586
Zt_130 construction time = 0.001058, # ZDD nodes = 256, # elems = 586
Zs_131 construction time = 0.001052, # ZDD nodes = 279, # elems = 967
Zt_131 construction time = 0.001031, # ZDD nodes = 279, # elems = 967
Zs_132 construction time = 0.001050, # ZDD nodes = 296, # elems = 1263
Zt_132 construction time = 0.001228, # ZDD nodes = 296, # elems = 1263
Zs_133 construction time = 0.001186, # ZDD nodes = 305, # elems = 1282
Zt_133 construction time = 0.001166, # ZDD nodes = 305, # elems = 1282
Zs_134 construction time = 0.001154, # ZDD nodes = 311, # elems = 1013
Zt_134 construction time = 0.001227, # ZDD nodes = 311, # elems = 1013
Zs_135 construction time = 0.001083, # ZDD nodes = 319, # elems = 621
Zt_135 construction time = 0.001063, # ZDD nodes = 319, # elems = 621
Zs_136 construction time = 0.000912, # ZDD nodes = 311, # elems = 295
Zt_136 construction time = 0.000896, # ZDD nodes = 311, # elems = 295
Zs_137 construction time = 0.000684, # ZDD nodes = 279, # elems = 123
Zt_137 construction time = 0.000665, # ZDD nodes = 279, # elems = 123
Zs_138 construction time = 0.000437, # ZDD nodes = 247, # elems = 77
Zt_138 construction time = 0.000421, # ZDD nodes = 247, # elems = 77
Zs_139 construction time = 0.000276, # ZDD nodes = 197, # elems = 82
Zt_139 construction time = 0.000265, # ZDD nodes = 197, # elems = 82
Zs_140 construction time = 0.000376, # ZDD nodes = 178, # elems = 102
Zt_140 construction time = 0.000358, # ZDD nodes = 178, # elems = 102
Zs_141 construction time = 0.000625, # ZDD nodes = 217, # elems = 161
Zt_141 construction time = 0.000615, # ZDD nodes = 217, # elems = 161
Zs_142 construction time = 0.001042, # ZDD nodes = 234, # elems = 296
Zt_142 construction time = 0.001013, # ZDD nodes = 234, # elems = 296
Zs_143 construction time = 0.001413, # ZDD nodes = 247, # elems = 540
Zt_143 construction time = 0.001395, # ZDD nodes = 247, # elems = 540
Zs_144 construction time = 0.001955, # ZDD nodes = 253, # elems = 939
Zt_144 construction time = 0.002094, # ZDD nodes = 253, # elems = 939
Zs_145 construction time = 0.002225, # ZDD nodes = 282, # elems = 1498
Zt_145 construction time = 0.002273, # ZDD nodes = 282, # elems = 1498
Zs_146 construction time = 0.002447, # ZDD nodes = 295, # elems = 2125
Zt_146 construction time = 0.002398, # ZDD nodes = 295, # elems = 2125
Zs_147 construction time = 0.002676, # ZDD nodes = 292, # elems = 2727
Zt_147 construction time = 0.002647, # ZDD nodes = 292, # elems = 2727
Zs_148 construction time = 0.002953, # ZDD nodes = 281, # elems = 3290
Zt_148 construction time = 0.002893, # ZDD nodes = 281, # elems = 3290
Zs_149 construction time = 0.002995, # ZDD nodes = 254, # elems = 3718
Zt_149 construction time = 0.003013, # ZDD nodes = 254, # elems = 3718
Zs_150 construction time = 0.002912, # ZDD nodes = 244, # elems = 3718
Zt_150 construction time = 0.002880, # ZDD nodes = 244, # elems = 3718
Zs_151 construction time = 0.002575, # ZDD nodes = 256, # elems = 3082
Zt_151 construction time = 0.002542, # ZDD nodes = 256, # elems = 3082
Zs_152 construction time = 0.002329, # ZDD nodes = 250, # elems = 2023
Zt_152 construction time = 0.002293, # ZDD nodes = 250, # elems = 2023
Zs_153 construction time = 0.001843, # ZDD nodes = 232, # elems = 1030
Zt_153 construction time = 0.001787, # ZDD nodes = 232, # elems = 1030
Zs_154 construction time = 0.001363, # ZDD nodes = 228, # elems = 421
Zt_154 construction time = 0.001333, # ZDD nodes = 228, # elems = 421
Zs_155 construction time = 0.001083, # ZDD nodes = 240, # elems = 173
Zt_155 construction time = 0.001030, # ZDD nodes = 240, # elems = 173
Zs_156 construction time = 0.000865, # ZDD nodes = 247, # elems = 137
Zt_156 construction time = 0.000841, # ZDD nodes = 247, # elems = 137
Zs_157 construction time = 0.000950, # ZDD nodes = 240, # elems = 260
Zt_157 construction time = 0.000927, # ZDD nodes = 240, # elems = 260
Zs_158 construction time = 0.001248, # ZDD nodes = 228, # elems = 558
Zt_158 construction time = 0.001254, # ZDD nodes = 228, # elems = 558
Zs_159 construction time = 0.001750, # ZDD nodes = 243, # elems = 959
Zt_159 construction time = 0.001548, # ZDD nodes = 243, # elems = 959
Zs_160 construction time = 0.001778, # ZDD nodes = 256, # elems = 1262
Zt_160 construction time = 0.001767, # ZDD nodes = 256, # elems = 1262
Zs_161 construction time = 0.001865, # ZDD nodes = 281, # elems = 1282
Zt_161 construction time = 0.001864, # ZDD nodes = 281, # elems = 1282
Zs_162 construction time = 0.001710, # ZDD nodes = 285, # elems = 1013
Zt_162 construction time = 0.001678, # ZDD nodes = 285, # elems = 1013
Zs_163 construction time = 0.001360, # ZDD nodes = 297, # elems = 621
Zt_163 construction time = 0.001339, # ZDD nodes = 297, # elems = 621
Zs_164 construction time = 0.001002, # ZDD nodes = 298, # elems = 293
Zt_164 construction time = 0.000989, # ZDD nodes = 298, # elems = 293
Zs_165 construction time = 0.000732, # ZDD nodes = 266, # elems = 110
Zt_165 construction time = 0.000719, # ZDD nodes = 266, # elems = 110
Zs_166 construction time = 0.000424, # ZDD nodes = 226, # elems = 41
Zt_166 construction time = 0.000419, # ZDD nodes = 226, # elems = 41
Zs_167 construction time = 0.000237, # ZDD nodes = 164, # elems = 23
Zt_167 construction time = 0.000238, # ZDD nodes = 164, # elems = 23
Zs_168 construction time = 0.000218, # ZDD nodes = 128, # elems = 22
Zt_168 construction time = 0.000205, # ZDD nodes = 128, # elems = 22
Zs_169 construction time = 0.000177, # ZDD nodes = 137, # elems = 30
Zt_169 construction time = 0.000209, # ZDD nodes = 137, # elems = 30
Zs_170 construction time = 0.000283, # ZDD nodes = 128, # elems = 51
Zt_170 construction time = 0.000274, # ZDD nodes = 128, # elems = 51
Zs_171 construction time = 0.000281, # ZDD nodes = 150, # elems = 91
Zt_171 construction time = 0.000305, # ZDD nodes = 150, # elems = 91
Zs_172 construction time = 0.000321, # ZDD nodes = 157, # elems = 137
Zt_172 construction time = 0.000305, # ZDD nodes = 157, # elems = 137
Zs_173 construction time = 0.000343, # ZDD nodes = 150, # elems = 171
Zt_173 construction time = 0.001966, # ZDD nodes = 150, # elems = 171
Zs_174 construction time = 0.000419, # ZDD nodes = 162, # elems = 204
Zt_174 construction time = 0.000420, # ZDD nodes = 162, # elems = 204
Zs_175 construction time = 0.000451, # ZDD nodes = 164, # elems = 246
Zt_175 construction time = 0.000435, # ZDD nodes = 164, # elems = 246
Zs_176 construction time = 0.000450, # ZDD nodes = 150, # elems = 261
Zt_176 construction time = 0.000424, # ZDD nodes = 150, # elems = 261
Zs_177 construction time = 0.000438, # ZDD nodes = 148, # elems = 212
Zt_177 construction time = 0.000416, # ZDD nodes = 148, # elems = 212
Zs_178 construction time = 0.000455, # ZDD nodes = 133, # elems = 127
Zt_178 construction time = 0.000425, # ZDD nodes = 133, # elems = 127
Zs_179 construction time = 0.000799, # ZDD nodes = 137, # elems = 66
Zt_179 construction time = 0.000411, # ZDD nodes = 137, # elems = 66
Zs_180 construction time = 0.000461, # ZDD nodes = 149, # elems = 46
Zt_180 construction time = 0.000542, # ZDD nodes = 149, # elems = 46
Zs_181 construction time = 0.000463, # ZDD nodes = 152, # elems = 46
Zt_181 construction time = 0.000461, # ZDD nodes = 152, # elems = 46
Zs_182 construction time = 0.000470, # ZDD nodes = 163, # elems = 67
Zt_182 construction time = 0.000467, # ZDD nodes = 163, # elems = 67
Zs_183 construction time = 0.000558, # ZDD nodes = 189, # elems = 136
Zt_183 construction time = 0.000526, # ZDD nodes = 189, # elems = 136
Zs_184 construction time = 0.000650, # ZDD nodes = 200, # elems = 247
Zt_184 construction time = 0.000620, # ZDD nodes = 200, # elems = 247
Zs_185 construction time = 0.000667, # ZDD nodes = 211, # elems = 337
Zt_185 construction time = 0.000611, # ZDD nodes = 211, # elems = 337
Zs_186 construction time = 0.000608, # ZDD nodes = 236, # elems = 342
Zt_186 construction time = 0.000601, # ZDD nodes = 236, # elems = 342
Zs_187 construction time = 0.000700, # ZDD nodes = 250, # elems = 261
Zt_187 construction time = 0.000695, # ZDD nodes = 250, # elems = 261
Zs_188 construction time = 0.000654, # ZDD nodes = 234, # elems = 149
Zt_188 construction time = 0.002118, # ZDD nodes = 234, # elems = 149
Zs_189 construction time = 0.000573, # ZDD nodes = 220, # elems = 62
Zt_189 construction time = 0.000563, # ZDD nodes = 220, # elems = 62
Zs_190 construction time = 0.000439, # ZDD nodes = 192, # elems = 22
Zt_190 construction time = 0.000426, # ZDD nodes = 192, # elems = 22
Zs_191 construction time = 0.000322, # ZDD nodes = 133, # elems = 17
Zt_191 construction time = 0.000311, # ZDD nodes = 133, # elems = 17
Zs_192 construction time = 0.000270, # ZDD nodes = 105, # elems = 21
Zt_192 construction time = 0.000253, # ZDD nodes = 105, # elems = 21
Zs_193 construction time = 0.000290, # ZDD nodes = 126, # elems = 23
Zt_193 construction time = 0.000271, # ZDD nodes = 126, # elems = 23
Zs_194 construction time = 0.000396, # ZDD nodes = 148, # elems = 35
Zt_194 construction time = 0.000371, # ZDD nodes = 148, # elems = 35
Zs_195 construction time = 0.000529, # ZDD nodes = 168, # elems = 68
Zt_195 construction time = 0.000507, # ZDD nodes = 168, # elems = 68
Zs_196 construction time = 0.000776, # ZDD nodes = 169, # elems = 125
Zt_196 construction time = 0.000726, # ZDD nodes = 169, # elems = 125
Zs_197 construction time = 0.000926, # ZDD nodes = 200, # elems = 222
Zt_197 construction time = 0.000913, # ZDD nodes = 200, # elems = 222
Card(Zs_0 & Zt_197) = 1
Card(Zs_1 & Zt_196) = 1
Card(Zs_2 & Zt_195) = 2
Card(Zs_3 & Zt_194) = 2
Card(Zs_4 & Zt_193) = 2
Card(Zs_5 & Zt_192) = 1
Card(Zs_6 & Zt_191) = 1
Card(Zs_7 & Zt_190) = 2
Card(Zs_8 & Zt_189) = 2
Card(Zs_9 & Zt_188) = 4
Card(Zs_10 & Zt_187) = 7
Card(Zs_11 & Zt_186) = 9
Card(Zs_12 & Zt_185) = 11
Card(Zs_13 & Zt_184) = 11
Card(Zs_14 & Zt_183) = 9
Card(Zs_15 & Zt_182) = 7
Card(Zs_16 & Zt_181) = 4
Card(Zs_17 & Zt_180) = 1
Card(Zs_18 & Zt_179) = 1
Card(Zs_19 & Zt_178) = 2
Card(Zs_20 & Zt_177) = 2
Card(Zs_21 & Zt_176) = 6
Card(Zs_22 & Zt_175) = 16
Card(Zs_23 & Zt_174) = 27
Card(Zs_24 & Zt_173) = 36
Card(Zs_25 & Zt_172) = 42
Card(Zs_26 & Zt_171) = 42
Card(Zs_27 & Zt_170) = 36
Card(Zs_28 & Zt_169) = 27
Card(Zs_29 & Zt_168) = 17
Card(Zs_30 & Zt_167) = 11
Card(Zs_31 & Zt_166) = 11
Card(Zs_32 & Zt_165) = 11
Card(Zs_33 & Zt_164) = 11
Card(Zs_34 & Zt_163) = 17
Card(Zs_35 & Zt_162) = 27
Card(Zs_36 & Zt_161) = 36
Card(Zs_37 & Zt_160) = 42
Card(Zs_38 & Zt_159) = 42
Card(Zs_39 & Zt_158) = 36
Card(Zs_40 & Zt_157) = 27
Card(Zs_41 & Zt_156) = 16
Card(Zs_42 & Zt_155) = 6
Card(Zs_43 & Zt_154) = 1
Card(Zs_44 & Zt_153) = 1
Card(Zs_45 & Zt_152) = 2
Card(Zs_46 & Zt_151) = 2
Card(Zs_47 & Zt_150) = 8
Card(Zs_48 & Zt_149) = 29
Card(Zs_49 & Zt_148) = 65
Card(Zs_50 & Zt_147) = 106
Card(Zs_51 & Zt_146) = 141
Card(Zs_52 & Zt_145) = 162
Card(Zs_53 & Zt_144) = 162
Card(Zs_54 & Zt_143) = 141
Card(Zs_55 & Zt_142) = 107
Card(Zs_56 & Zt_141) = 72
Card(Zs_57 & Zt_140) = 50
Card(Zs_58 & Zt_139) = 44
Card(Zs_59 & Zt_138) = 44
Card(Zs_60 & Zt_137) = 50
Card(Zs_61 & Zt_136) = 72
Card(Zs_62 & Zt_135) = 107
Card(Zs_63 & Zt_134) = 141
Card(Zs_64 & Zt_133) = 162
Card(Zs_65 & Zt_132) = 162
Card(Zs_66 & Zt_131) = 141
Card(Zs_67 & Zt_130) = 106
Card(Zs_68 & Zt_129) = 65
Card(Zs_69 & Zt_128) = 30
Card(Zs_70 & Zt_127) = 13
Card(Zs_71 & Zt_126) = 11
Card(Zs_72 & Zt_125) = 11
Card(Zs_73 & Zt_124) = 13
Card(Zs_74 & Zt_123) = 30
Card(Zs_75 & Zt_122) = 65
Card(Zs_76 & Zt_121) = 106
Card(Zs_77 & Zt_120) = 141
Card(Zs_78 & Zt_119) = 162
Card(Zs_79 & Zt_118) = 162
Card(Zs_80 & Zt_117) = 141
Card(Zs_81 & Zt_116) = 107
Card(Zs_82 & Zt_115) = 72
Card(Zs_83 & Zt_114) = 50
Card(Zs_84 & Zt_113) = 44
Card(Zs_85 & Zt_112) = 44
Card(Zs_86 & Zt_111) = 50
Card(Zs_87 & Zt_110) = 72
Card(Zs_88 & Zt_109) = 107
Card(Zs_89 & Zt_108) = 141
Card(Zs_90 & Zt_107) = 162
Card(Zs_91 & Zt_106) = 162
Card(Zs_92 & Zt_105) = 141
Card(Zs_93 & Zt_104) = 106
Card(Zs_94 & Zt_103) = 65
Card(Zs_95 & Zt_102) = 29
Card(Zs_96 & Zt_101) = 8
Card(Zs_97 & Zt_100) = 1
Card(Zs_98 & Zt_99) = 1
Card(Zs_99 & Zt_98) = 1
Card(Zs_100 & Zt_97) = 1
Card(Zs_101 & Zt_96) = 8
Card(Zs_102 & Zt_95) = 29
Card(Zs_103 & Zt_94) = 65
Card(Zs_104 & Zt_93) = 106
Card(Zs_105 & Zt_92) = 141
Card(Zs_106 & Zt_91) = 162
Card(Zs_107 & Zt_90) = 162
Card(Zs_108 & Zt_89) = 141
Card(Zs_109 & Zt_88) = 107
Card(Zs_110 & Zt_87) = 72
Card(Zs_111 & Zt_86) = 50
Card(Zs_112 & Zt_85) = 44
Card(Zs_113 & Zt_84) = 44
Card(Zs_114 & Zt_83) = 50
Card(Zs_115 & Zt_82) = 72
Card(Zs_116 & Zt_81) = 107
Card(Zs_117 & Zt_80) = 141
Card(Zs_118 & Zt_79) = 162
Card(Zs_119 & Zt_78) = 162
Card(Zs_120 & Zt_77) = 141
Card(Zs_121 & Zt_76) = 106
Card(Zs_122 & Zt_75) = 65
Card(Zs_123 & Zt_74) = 30
Card(Zs_124 & Zt_73) = 13
Card(Zs_125 & Zt_72) = 11
Card(Zs_126 & Zt_71) = 11
Card(Zs_127 & Zt_70) = 13
Card(Zs_128 & Zt_69) = 30
Card(Zs_129 & Zt_68) = 65
Card(Zs_130 & Zt_67) = 106
Card(Zs_131 & Zt_66) = 141
Card(Zs_132 & Zt_65) = 162
Card(Zs_133 & Zt_64) = 162
Card(Zs_134 & Zt_63) = 141
Card(Zs_135 & Zt_62) = 107
Card(Zs_136 & Zt_61) = 72
Card(Zs_137 & Zt_60) = 50
Card(Zs_138 & Zt_59) = 44
Card(Zs_139 & Zt_58) = 44
Card(Zs_140 & Zt_57) = 50
Card(Zs_141 & Zt_56) = 72
Card(Zs_142 & Zt_55) = 107
Card(Zs_143 & Zt_54) = 141
Card(Zs_144 & Zt_53) = 162
Card(Zs_145 & Zt_52) = 162
Card(Zs_146 & Zt_51) = 141
Card(Zs_147 & Zt_50) = 106
Card(Zs_148 & Zt_49) = 65
Card(Zs_149 & Zt_48) = 29
Card(Zs_150 & Zt_47) = 8
Card(Zs_151 & Zt_46) = 2
Card(Zs_152 & Zt_45) = 2
Card(Zs_153 & Zt_44) = 1
Card(Zs_154 & Zt_43) = 1
Card(Zs_155 & Zt_42) = 6
Card(Zs_156 & Zt_41) = 16
Card(Zs_157 & Zt_40) = 27
Card(Zs_158 & Zt_39) = 36
Card(Zs_159 & Zt_38) = 42
Card(Zs_160 & Zt_37) = 42
Card(Zs_161 & Zt_36) = 36
Card(Zs_162 & Zt_35) = 27
Card(Zs_163 & Zt_34) = 17
Card(Zs_164 & Zt_33) = 11
Card(Zs_165 & Zt_32) = 11
Card(Zs_166 & Zt_31) = 11
Card(Zs_167 & Zt_30) = 11
Card(Zs_168 & Zt_29) = 17
Card(Zs_169 & Zt_28) = 27
Card(Zs_170 & Zt_27) = 36
Card(Zs_171 & Zt_26) = 42
Card(Zs_172 & Zt_25) = 42
Card(Zs_173 & Zt_24) = 36
Card(Zs_174 & Zt_23) = 27
Card(Zs_175 & Zt_22) = 16
Card(Zs_176 & Zt_21) = 6
Card(Zs_177 & Zt_20) = 2
Card(Zs_178 & Zt_19) = 2
Card(Zs_179 & Zt_18) = 1
Card(Zs_180 & Zt_17) = 1
Card(Zs_181 & Zt_16) = 4
Card(Zs_182 & Zt_15) = 7
Card(Zs_183 & Zt_14) = 9
Card(Zs_184 & Zt_13) = 11
Card(Zs_185 & Zt_12) = 11
Card(Zs_186 & Zt_11) = 9
Card(Zs_187 & Zt_10) = 7
Card(Zs_188 & Zt_9) = 4
Card(Zs_189 & Zt_8) = 2
Card(Zs_190 & Zt_7) = 2
Card(Zs_191 & Zt_6) = 1
Card(Zs_192 & Zt_5) = 1
Card(Zs_193 & Zt_4) = 2
Card(Zs_194 & Zt_3) = 2
Card(Zs_195 & Zt_2) = 2
Card(Zs_196 & Zt_1) = 1
Card(Zs_197 & Zt_0) = 1
max card = 162
max card index = 52
a YES
a 2 4 6 8 10 12 14 16 18 20 21 23 26 29 31 34 37 40 43 45 48 51 54 57 60 63 65 68 71 74 77 80 83 86 89
a 2 3 6 8 10 12 14 16 18 20 21 23 26 29 31 34 37 40 43 45 48 51 54 57 60 63 65 68 71 74 77 80 83 86 89
a 2 3 6 8 10 12 14 16 18 20 21 23 26 30 31 34 37 40 43 45 48 51 54 57 60 63 65 68 71 74 77 80 83 86 89
a 2 3 6 8 10 12 14 16 18 20 22 23 26 30 31 34 37 40 43 45 48 51 54 57 60 63 65 68 71 74 77 80 83 86 89
a 1 3 6 8 10 12 14 16 18 20 22 23 26 30 31 34 37 40 43 45 48 51 54 57 60 63 65 68 71 74 77 80 83 86 89
a 1 3 6 8 10 12 14 16 18 20 22 23 27 30 31 34 37 40 43 45 48 51 54 57 60 63 65 68 71 74 77 80 83 86 89
a 1 3 6 7 10 12 14 16 18 20 22 23 27 30 31 34 37 40 43 45 48 51 54 57 60 63 65 68 71 74 77 80 83 86 89
a 1 3 6 7 10 12 14 16 18 20 22 23 27 30 31 34 37 40 44 45 48 51 54 57 60 63 65 68 71 74 77 80 83 86 89
a 1 3 6 7 10 12 14 16 18 20 22 24 27 30 31 34 37 40 44 45 48 51 54 57 60 63 65 68 71 74 77 80 83 86 89
a 1 3 5 7 10 12 14 16 18 20 22 24 27 30 31 34 37 40 44 45 48 51 54 57 60 63 65 68 71 74 77 80 83 86 89
a 1 3 5 7 10 12 14 16 18 20 22 24 27 30 31 34 37 41 44 45 48 51 54 57 60 63 65 68 71 74 77 80 83 86 89
a 1 3 5 7 10 12 14 16 18 20 22 24 27 28 31 34 37 41 44 45 48 51 54 57 60 63 65 68 71 74 77 80 83 86 89
a 1 3 5 7 10 12 14 16 18 20 22 24 25 28 31 34 37 41 44 45 48 51 54 57 60 63 65 68 71 74 77 80 83 86 89
a 2 3 5 7 10 12 14 16 18 20 22 24 25 28 31 34 37 41 44 45 48 51 54 57 60 63 65 68 71 74 77 80 83 86 89
a 2 3 5 7 10 12 14 16 18 20 21 24 25 28 31 34 37 41 44 45 48 51 54 57 60 63 65 68 71 74 77 80 83 86 89
a 2 4 5 7 10 12 14 16 18 20 21 24 25 28 31 34 37 41 44 45 48 51 54 57 60 63 65 68 71 74 77 80 83 86 89
a 2 4 5 7 10 12 14 16 18 20 21 24 25 28 31 34 38 41 44 45 48 51 54 57 60 63 65 68 71 74 77 80 83 86 89
a 2 4 5 7 10 12 14 16 18 20 21 24 25 28 31 35 38 41 44 45 48 51 54 57 60 63 65 68 71 74 77 80 83 86 89
a 2 4 5 7 10 11 14 16 18 20 21 24 25 28 31 35 38 41 44 45 48 51 54 57 60 63 65 68 71 74 77 80 83 86 89
a 2 4 5 7 10 11 14 16 18 20 21 24 25 28 31 35 38 41 44 45 48 51 54 57 60 64 65 68 71 74 77 80 83 86 89
a 2 4 5 7 10 11 14 16 18 20 21 24 25 28 32 35 38 41 44 45 48 51 54 57 60 64 65 68 71 74 77 80 83 86 89
a 2 4 5 7 9 11 14 16 18 20 21 24 25 28 32 35 38 41 44 45 48 51 54 57 60 64 65 68 71 74 77 80 83 86 89
a 2 4 5 7 9 11 14 16 18 20 21 24 25 28 32 35 38 41 44 45 48 51 54 57 61 64 65 68 71 74 77 80 83 86 89
a 2 4 5 7 9 11 14 16 18 20 21 24 25 28 32 35 38 41 42 45 48 51 54 57 61 64 65 68 71 74 77 80 83 86 89
a 2 4 5 7 9 11 14 16 18 20 21 24 25 28 32 35 38 39 42 45 48 51 54 57 61 64 65 68 71 74 77 80 83 86 89
a 2 4 5 7 9 11 14 16 18 20 21 24 25 28 32 35 36 39 42 45 48 51 54 57 61 64 65 68 71 74 77 80 83 86 89
a 2 4 5 7 9 11 14 16 18 20 21 24 25 28 32 33 36 39 42 45 48 51 54 57 61 64 65 68 71 74 77 80 83 86 89
a 2 3 5 7 9 11 14 16 18 20 21 24 25 28 32 33 36 39 42 45 48 51 54 57 61 64 65 68 71 74 77 80 83 86 89
a 2 3 5 7 9 11 14 16 18 20 21 24 25 30 32 33 36 39 42 45 48 51 54 57 61 64 65 68 71 74 77 80 83 86 89
a 2 3 5 7 9 11 14 16 18 20 22 24 25 30 32 33 36 39 42 45 48 51 54 57 61 64 65 68 71 74 77 80 83 86 89
a 1 3 5 7 9 11 14 16 18 20 22 24 25 30 32 33 36 39 42 45 48 51 54 57 61 64 65 68 71 74 77 80 83 86 89
a 1 3 5 7 9 11 14 16 18 20 22 24 27 30 32 33 36 39 42 45 48 51 54 57 61 64 65 68 71 74 77 80 83 86 89
a 1 3 6 7 9 11 14 16 18 20 22 24 27 30 32 33 36 39 42 45 48 51 54 57 61 64 65 68 71 74 77 80 83 86 89
a 1 3 6 7 9 11 14 16 18 20 22 23 27 30 32 33 36 39 42 45 48 51 54 57 61 64 65 68 71 74 77 80 83 86 89
a 1 3 6 8 9 11 14 16 18 20 22 23 27 30 32 33 36 39 42 45 48 51 54 57 61 64 65 68 71 74 77 80 83 86 89
a 1 3 6 8 9 11 14 16 18 20 22 23 27 30 32 33 36 39 42 45 48 51 54 58 61 64 65 68 71 74 77 80 83 86 89
a 1 3 6 8 9 11 14 16 18 20 22 23 27 30 32 33 36 39 42 45 48 51 55 58 61 64 65 68 71 74 77 80 83 86 89
a 1 3 6 8 9 11 14 16 18 20 22 23 27 29 32 33 36 39 42 45 48 51 55 58 61 64 65 68 71 74 77 80 83 86 89
a 1 3 6 8 9 11 14 16 18 20 22 23 26 29 32 33 36 39 42 45 48 51 55 58 61 64 65 68 71 74 77 80 83 86 89
a 2 3 6 8 9 11 14 16 18 20 22 23 26 29 32 33 36 39 42 45 48 51 55 58 61 64 65 68 71 74 77 80 83 86 89
a 2 3 6 8 9 11 14 16 18 20 21 23 26 29 32 33 36 39 42 45 48 51 55 58 61 64 65 68 71 74 77 80 83 86 89
a 2 4 6 8 9 11 14 16 18 20 21 23 26 29 32 33 36 39 42 45 48 51 55 58 61 64 65 68 71 74 77 80 83 86 89
a 2 4 6 8 9 11 14 16 18 20 21 23 26 29 32 33 36 39 42 45 48 52 55 58 61 64 65 68 71 74 77 80 83 86 89
a 2 4 6 8 9 11 14 16 18 20 21 23 26 29 32 33 36 39 42 45 49 52 55 58 61 64 65 68 71 74 77 80 83 86 89
a 2 4 6 8 9 11 14 15 18 20 21 23 26 29 32 33 36 39 42 45 49 52 55 58 61 64 65 68 71 74 77 80 83 86 89
a 2 4 6 8 9 11 14 15 18 20 21 23 26 29 32 33 36 39 42 45 49 52 55 58 61 64 65 68 71 74 77 80 83 86 90
a 2 4 6 8 9 11 14 15 18 20 21 23 26 29 32 33 36 39 42 46 49 52 55 58 61 64 65 68 71 74 77 80 83 86 90
a 2 4 6 8 9 11 13 15 18 20 21 23 26 29 32 33 36 39 42 46 49 52 55 58 61 64 65 68 71 74 77 80 83 86 90
a 2 4 6 8 9 11 13 15 18 20 21 23 26 29 32 33 36 39 42 46 49 52 55 58 61 64 65 68 71 74 77 80 83 87 90
a 2 4 6 8 9 11 13 15 18 20 21 23 26 29 32 33 36 39 42 46 49 52 55 58 61 62 65 68 71 74 77 80 83 87 90
a 2 4 6 8 9 11 13 15 18 20 21 23 26 29 32 33 36 39 42 46 49 52 55 58 59 62 65 68 71 74 77 80 83 87 90
a 2 4 6 8 9 11 13 15 18 20 21 23 26 29 32 33 36 39 42 46 49 52 55 56 59 62 65 68 71 74 77 80 83 87 90
a 2 4 6 8 9 11 13 15 18 20 21 23 26 29 32 33 36 39 42 46 49 52 53 56 59 62 65 68 71 74 77 80 83 87 90
a 2 4 6 8 9 11 13 15 18 20 21 23 26 29 32 33 36 39 42 46 49 50 53 56 59 62 65 68 71 74 77 80 83 87 90
a 2 4 6 8 9 11 13 15 18 20 21 23 26 29 32 33 36 39 42 46 47 50 53 56 59 62 65 68 71 74 77 80 83 87 90
a 2 3 6 8 9 11 13 15 18 20 21 23 26 29 32 33 36 39 42 46 47 50 53 56 59 62 65 68 71 74 77 80 83 87 90
a 2 3 6 8 9 11 13 15 18 20 21 23 26 30 32 33 36 39 42 46 47 50 53 56 59 62 65 68 71 74 77 80 83 87 90
a 2 3 6 8 9 11 13 15 18 20 22 23 26 30 32 33 36 39 42 46 47 50 53 56 59 62 65 68 71 74 77 80 83 87 90
a 1 3 6 8 9 11 13 15 18 20 22 23 26 30 32 33 36 39 42 46 47 50 53 56 59 62 65 68 71 74 77 80 83 87 90
a 1 3 6 8 9 11 13 15 18 20 22 23 27 30 32 33 36 39 42 46 47 50 53 56 59 62 65 68 71 74 77 80 83 87 90
a 1 3 6 7 9 11 13 15 18 20 22 23 27 30 32 33 36 39 42 46 47 50 53 56 59 62 65 68 71 74 77 80 83 87 90
a 1 3 6 7 9 11 13 15 18 20 22 23 27 30 32 33 36 39 44 46 47 50 53 56 59 62 65 68 71 74 77 80 83 87 90
a 1 3 6 7 9 11 13 15 18 20 22 24 27 30 32 33 36 39 44 46 47 50 53 56 59 62 65 68 71 74 77 80 83 87 90
a 1 3 5 7 9 11 13 15 18 20 22 24 27 30 32 33 36 39 44 46 47 50 53 56 59 62 65 68 71 74 77 80 83 87 90
a 1 3 5 7 9 11 13 15 18 20 22 24 27 30 32 33 36 41 44 46 47 50 53 56 59 62 65 68 71 74 77 80 83 87 90
a 1 3 5 7 9 11 13 15 18 20 22 24 27 28 32 33 36 41 44 46 47 50 53 56 59 62 65 68 71 74 77 80 83 87 90
a 1 3 5 7 9 11 13 15 18 20 22 24 25 28 32 33 36 41 44 46 47 50 53 56 59 62 65 68 71 74 77 80 83 87 90
a 2 3 5 7 9 11 13 15 18 20 22 24 25 28 32 33 36 41 44 46 47 50 53 56 59 62 65 68 71 74 77 80 83 87 90
a 2 3 5 7 9 11 13 15 18 20 21 24 25 28 32 33 36 41 44 46 47 50 53 56 59 62 65 68 71 74 77 80 83 87 90
a 2 4 5 7 9 11 13 15 18 20 21 24 25 28 32 33 36 41 44 46 47 50 53 56 59 62 65 68 71 74 77 80 83 87 90
a 2 4 5 7 9 11 13 15 18 20 21 24 25 28 32 33 38 41 44 46 47 50 53 56 59 62 65 68 71 74 77 80 83 87 90
a 2 4 5 7 9 11 13 15 18 20 21 24 25 28 32 35 38 41 44 46 47 50 53 56 59 62 65 68 71 74 77 80 83 87 90
a 2 4 5 7 10 11 13 15 18 20 21 24 25 28 32 35 38 41 44 46 47 50 53 56 59 62 65 68 71 74 77 80 83 87 90
a 2 4 5 7 10 11 13 15 18 20 21 24 25 28 31 35 38 41 44 46 47 50 53 56 59 62 65 68 71 74 77 80 83 87 90
a 2 4 5 7 10 12 13 15 18 20 21 24 25 28 31 35 38 41 44 46 47 50 53 56 59 62 65 68 71 74 77 80 83 87 90
a 2 4 5 7 10 12 13 15 18 20 21 24 25 28 31 35 38 41 44 46 47 50 53 56 59 62 65 68 71 74 77 80 84 87 90
a 2 4 5 7 10 12 13 15 18 20 21 24 25 28 31 35 38 41 44 46 47 50 53 56 59 62 65 68 71 74 77 81 84 87 90
a 2 4 5 7 10 12 13 15 18 20 21 24 25 28 31 35 38 41 43 46 47 50 53 56 59 62 65 68 71 74 77 81 84 87 90
a 2 4 5 7 10 12 13 15 18 20 21 24 25 28 31 35 38 40 43 46 47 50 53 56 59 62 65 68 71 74 77 81 84 87 90
a 2 4 5 7 10 12 13 15 18 20 21 24 25 28 31 35 37 40 43 46 47 50 53 56 59 62 65 68 71 74 77 81 84 87 90
a 2 4 5 7 10 12 13 15 18 20 21 24 25 28 31 34 37 40 43 46 47 50 53 56 59 62 65 68 71 74 77 81 84 87 90
a 2 3 5 7 10 12 13 15 18 20 21 24 25 28 31 34 37 40 43 46 47 50 53 56 59 62 65 68 71 74 77 81 84 87 90
a 2 3 5 7 10 12 13 15 18 20 21 24 25 30 31 34 37 40 43 46 47 50 53 56 59 62 65 68 71 74 77 81 84 87 90
a 2 3 5 7 10 12 13 15 18 20 22 24 25 30 31 34 37 40 43 46 47 50 53 56 59 62 65 68 71 74 77 81 84 87 90
a 1 3 5 7 10 12 13 15 18 20 22 24 25 30 31 34 37 40 43 46 47 50 53 56 59 62 65 68 71 74 77 81 84 87 90
a 1 3 5 7 10 12 13 15 18 20 22 24 27 30 31 34 37 40 43 46 47 50 53 56 59 62 65 68 71 74 77 81 84 87 90
a 1 3 6 7 10 12 13 15 18 20 22 24 27 30 31 34 37 40 43 46 47 50 53 56 59 62 65 68 71 74 77 81 84 87 90
a 1 3 6 7 10 12 13 15 18 20 22 23 27 30 31 34 37 40 43 46 47 50 53 56 59 62 65 68 71 74 77 81 84 87 90
a 1 3 6 8 10 12 13 15 18 20 22 23 27 30 31 34 37 40 43 46 47 50 53 56 59 62 65 68 71 74 77 81 84 87 90
a 1 3 6 8 10 12 13 15 18 20 22 23 27 30 31 34 37 40 43 46 47 50 53 56 59 62 65 68 71 74 78 81 84 87 90
a 1 3 6 8 10 12 13 15 18 20 22 23 27 30 31 34 37 40 43 46 47 50 53 56 59 62 65 68 71 75 78 81 84 87 90
a 1 3 6 8 10 12 13 15 18 20 22 23 27 29 31 34 37 40 43 46 47 50 53 56 59 62 65 68 71 75 78 81 84 87 90
a 1 3 6 8 10 12 13 15 18 20 22 23 26 29 31 34 37 40 43 46 47 50 53 56 59 62 65 68 71 75 78 81 84 87 90
a 2 3 6 8 10 12 13 15 18 20 22 23 26 29 31 34 37 40 43 46 47 50 53 56 59 62 65 68 71 75 78 81 84 87 90
a 2 3 6 8 10 12 13 15 18 20 21 23 26 29 31 34 37 40 43 46 47 50 53 56 59 62 65 68 71 75 78 81 84 87 90
a 2 4 6 8 10 12 13 15 18 20 21 23 26 29 31 34 37 40 43 46 47 50 53 56 59 62 65 68 71 75 78 81 84 87 90
a 2 4 6 8 10 12 13 15 18 20 21 23 26 29 31 34 37 40 43 46 47 50 53 56 59 62 65 68 72 75 78 81 84 87 90
a 2 4 6 8 10 12 13 15 18 20 21 23 26 29 31 34 37 40 43 46 47 50 53 56 59 62 65 69 72 75 78 81 84 87 90
a 2 4 6 8 10 12 13 15 18 19 21 23 26 29 31 34 37 40 43 46 47 50 53 56 59 62 65 69 72 75 78 81 84 87 90
a 2 4 6 8 10 12 13 15 18 19 21 23 26 29 31 34 37 40 43 46 47 50 53 56 59 62 66 69 72 75 78 81 84 87 90
a 2 4 6 8 10 12 13 15 17 19 21 23 26 29 31 34 37 40 43 46 47 50 53 56 59 62 66 69 72 75 78 81 84 87 90
a 2 4 6 8 10 12 13 15 17 19 21 23 26 29 31 34 37 40 43 46 47 50 53 56 59 62 66 69 72 75 78 81 84 87 88
a 2 4 6 8 10 12 13 15 17 19 21 23 26 29 31 34 37 40 43 46 47 50 53 56 59 62 66 69 72 75 78 81 84 85 88
a 2 4 6 8 10 12 13 15 17 19 21 23 26 29 31 34 37 40 43 46 47 50 53 56 59 62 66 69 72 75 78 81 82 85 88
a 2 4 6 8 10 12 13 15 17 19 21 23 26 29 31 34 37 40 43 46 47 50 53 56 59 62 66 69 72 75 78 79 82 85 88
a 2 4 6 8 10 12 13 15 17 19 21 23 26 29 31 34 37 40 43 46 47 50 53 56 59 62 66 69 72 75 76 79 82 85 88
a 2 4 6 8 10 12 13 15 17 19 21 23 26 29 31 34 37 40 43 46 47 50 53 56 59 62 66 69 72 73 76 79 82 85 88
a 2 4 6 8 10 12 13 15 17 19 21 23 26 29 31 34 37 40 43 46 47 50 53 56 59 62 66 69 70 73 76 79 82 85 88
a 2 4 6 8 10 12 13 15 17 19 21 23 26 29 31 34 37 40 43 46 47 50 53 56 59 62 66 67 70 73 76 79 82 85 88
a 2 3 6 8 10 12 13 15 17 19 21 23 26 29 31 34 37 40 43 46 47 50 53 56 59 62 66 67 70 73 76 79 82 85 88
a 2 3 6 8 10 12 13 15 17 19 21 23 26 30 31 34 37 40 43 46 47 50 53 56 59 62 66 67 70 73 76 79 82 85 88
a 2 3 6 8 10 12 13 15 17 19 22 23 26 30 31 34 37 40 43 46 47 50 53 56 59 62 66 67 70 73 76 79 82 85 88
a 1 3 6 8 10 12 13 15 17 19 22 23 26 30 31 34 37 40 43 46 47 50 53 56 59 62 66 67 70 73 76 79 82 85 88
a 1 3 6 8 10 12 13 15 17 19 22 23 27 30 31 34 37 40 43 46 47 50 53 56 59 62 66 67 70 73 76 79 82 85 88
a 1 3 6 7 10 12 13 15 17 19 22 23 27 30 31 34 37 40 43 46 47 50 53 56 59 62 66 67 70 73 76 79 82 85 88
a 1 3 6 7 10 12 13 15 17 19 22 23 27 30 31 34 37 40 44 46 47 50 53 56 59 62 66 67 70 73 76 79 82 85 88
a 1 3 6 7 10 12 13 15 17 19 22 24 27 30 31 34 37 40 44 46 47 50 53 56 59 62 66 67 70 73 76 79 82 85 88
a 1 3 5 7 10 12 13 15 17 19 22 24 27 30 31 34 37 40 44 46 47 50 53 56 59 62 66 67 70 73 76 79 82 85 88
a 1 3 5 7 10 12 13 15 17 19 22 24 27 30 31 34 37 41 44 46 47 50 53 56 59 62 66 67 70 73 76 79 82 85 88
a 1 3 5 7 10 12 13 15 17 19 22 24 27 28 31 34 37 41 44 46 47 50 53 56 59 62 66 67 70 73 76 79 82 85 88
a 1 3 5 7 10 12 13 15 17 19 22 24 25 28 31 34 37 41 44 46 47 50 53 56 59 62 66 67 70 73 76 79 82 85 88
a 2 3 5 7 10 12 13 15 17 19 22 24 25 28 31 34 37 41 44 46 47 50 53 56 59 62 66 67 70 73 76 79 82 85 88
a 2 3 5 7 10 12 13 15 17 19 21 24 25 28 31 34 37 41 44 46 47 50 53 56 59 62 66 67 70 73 76 79 82 85 88
a 2 4 5 7 10 12 13 15 17 19 21 24 25 28 31 34 37 41 44 46 47 50 53 56 59 62 66 67 70 73 76 79 82 85 88
a 2 4 5 7 10 12 13 15 17 19 21 24 25 28 31 34 38 41 44 46 47 50 53 56 59 62 66 67 70 73 76 79 82 85 88
a 2 4 5 7 10 12 13 15 17 19 21 24 25 28 31 35 38 41 44 46 47 50 53 56 59 62 66 67 70 73 76 79 82 85 88
a 2 4 5 7 10 11 13 15 17 19 21 24 25 28 31 35 38 41 44 46 47 50 53 56 59 62 66 67 70 73 76 79 82 85 88
a 2 4 5 7 10 11 13 15 17 19 21 24 25 28 31 35 38 41 44 46 47 50 53 56 59 64 66 67 70 73 76 79 82 85 88
a 2 4 5 7 10 11 13 15 17 19 21 24 25 28 32 35 38 41 44 46 47 50 53 56 59 64 66 67 70 73 76 79 82 85 88
a 2 4 5 7 9 11 13 15 17 19 21 24 25 28 32 35 38 41 44 46 47 50 53 56 59 64 66 67 70 73 76 79 82 85 88
a 2 4 5 7 9 11 13 15 17 19 21 24 25 28 32 35 38 41 44 46 47 50 53 56 61 64 66 67 70 73 76 79 82 85 88
a 2 4 5 7 9 11 13 15 17 19 21 24 25 28 32 35 38 41 42 46 47 50 53 56 61 64 66 67 70 73 76 79 82 85 88
a 2 4 5 7 9 11 13 15 17 19 21 24 25 28 32 35 38 39 42 46 47 50 53 56 61 64 66 67 70 73 76 79 82 85 88
a 2 4 5 7 9 11 13 15 17 19 21 24 25 28 32 35 36 39 42 46 47 50 53 56 61 64 66 67 70 73 76 79 82 85 88
a 2 4 5 7 9 11 13 15 17 19 21 24 25 28 32 33 36 39 42 46 47 50 53 56 61 64 66 67 70 73 76 79 82 85 88
a 2 3 5 7 9 11 13 15 17 19 21 24 25 28 32 33 36 39 42 46 47 50 53 56 61 64 66 67 70 73 76 79 82 85 88
a 2 3 5 7 9 11 13 15 17 19 21 24 25 30 32 33 36 39 42 46 47 50 53 56 61 64 66 67 70 73 76 79 82 85 88
a 2 3 5 7 9 11 13 15 17 19 22 24 25 30 32 33 36 39 42 46 47 50 53 56 61 64 66 67 70 73 76 79 82 85 88
a 1 3 5 7 9 11 13 15 17 19 22 24 25 30 32 33 36 39 42 46 47 50 53 56 61 64 66 67 70 73 76 79 82 85 88
a 1 3 5 7 9 11 13 15 17 19 22 24 27 30 32 33 36 39 42 46 47 50 53 56 61 64 66 67 70 73 76 79 82 85 88
a 1 3 6 7 9 11 13 15 17 19 22 24 27 30 32 33 36 39 42 46 47 50 53 56 61 64 66 67 70 73 76 79 82 85 88
a 1 3 6 7 9 11 13 15 17 19 22 23 27 30 32 33 36 39 42 46 47 50 53 56 61 64 66 67 70 73 76 79 82 85 88
a 1 3 6 8 9 11 13 15 17 19 22 23 27 30 32 33 36 39 42 46 47 50 53 56 61 64 66 67 70 73 76 79 82 85 88
a 1 3 6 8 9 11 13 15 17 19 22 23 27 30 32 33 36 39 42 46 47 50 53 58 61 64 66 67 70 73 76 79 82 85 88
a 1 3 6 8 9 11 13 15 17 19 22 23 27 30 32 33 36 39 42 46 47 50 55 58 61 64 66 67 70 73 76 79 82 85 88
a 1 3 6 8 9 11 13 15 17 19 22 23 27 29 32 33 36 39 42 46 47 50 55 58 61 64 66 67 70 73 76 79 82 85 88
a 1 3 6 8 9 11 13 15 17 19 22 23 26 29 32 33 36 39 42 46 47 50 55 58 61 64 66 67 70 73 76 79 82 85 88
a 2 3 6 8 9 11 13 15 17 19 22 23 26 29 32 33 36 39 42 46 47 50 55 58 61 64 66 67 70 73 76 79 82 85 88
a 2 3 6 8 9 11 13 15 17 19 21 23 26 29 32 33 36 39 42 46 47 50 55 58 61 64 66 67 70 73 76 79 82 85 88
a 2 4 6 8 9 11 13 15 17 19 21 23 26 29 32 33 36 39 42 46 47 50 55 58 61 64 66 67 70 73 76 79 82 85 88
a 2 4 6 8 9 11 13 15 17 19 21 23 26 29 32 33 36 39 42 46 47 52 55 58 61 64 66 67 70 73 76 79 82 85 88
a 2 4 6 8 9 11 13 15 17 19 21 23 26 29 32 33 36 39 42 46 49 52 55 58 61 64 66 67 70 73 76 79 82 85 88
a 2 4 6 8 9 11 14 15 17 19 21 23 26 29 32 33 36 39 42 46 49 52 55 58 61 64 66 67 70 73 76 79 82 85 88
a 2 4 6 8 9 11 14 15 17 19 21 23 26 29 32 33 36 39 42 45 49 52 55 58 61 64 66 67 70 73 76 79 82 85 88
a 2 4 6 8 9 11 14 16 17 19 21 23 26 29 32 33 36 39 42 45 49 52 55 58 61 64 66 67 70 73 76 79 82 85 88
a 2 4 6 8 9 11 14 16 17 19 21 23 26 29 32 33 36 39 42 45 49 52 55 58 61 63 66 67 70 73 76 79 82 85 88
a 2 4 6 8 9 11 14 16 17 19 21 23 26 29 32 33 36 39 42 45 49 52 55 58 60 63 66 67 70 73 76 79 82 85 88
a 2 4 6 8 9 11 14 16 17 19 21 23 26 29 32 33 36 39 42 45 49 52 55 57 60 63 66 67 70 73 76 79 82 85 88
a 2 4 6 8 9 11 14 16 17 19 21 23 26 29 32 33 36 39 42 45 49 52 54 57 60 63 66 67 70 73 76 79 82 85 88
a 2 4 6 8 9 11 14 16 17 19 21 23 26 29 32 33 36 39 42 45 49 51 54 57 60 63 66 67 70 73 76 79 82 85 88
a 2 4 6 8 9 11 14 16 17 19 21 23 26 29 32 33 36 39 42 45 48 51 54 57 60 63 66 67 70 73 76 79 82 85 88
a 2 3 6 8 9 11 14 16 17 19 21 23 26 29 32 33 36 39 42 45 48 51 54 57 60 63 66 67 70 73 76 79 82 85 88
a 2 3 6 8 9 11 14 16 17 19 21 23 26 30 32 33 36 39 42 45 48 51 54 57 60 63 66 67 70 73 76 79 82 85 88
a 2 3 6 8 9 11 14 16 17 19 22 23 26 30 32 33 36 39 42 45 48 51 54 57 60 63 66 67 70 73 76 79 82 85 88
a 1 3 6 8 9 11 14 16 17 19 22 23 26 30 32 33 36 39 42 45 48 51 54 57 60 63 66 67 70 73 76 79 82 85 88
a 1 3 6 8 9 11 14 16 17 19 22 23 27 30 32 33 36 39 42 45 48 51 54 57 60 63 66 67 70 73 76 79 82 85 88
a 1 3 6 7 9 11 14 16 17 19 22 23 27 30 32 33 36 39 42 45 48 51 54 57 60 63 66 67 70 73 76 79 82 85 88
a 1 3 6 7 9 11 14 16 17 19 22 23 27 30 32 33 36 39 44 45 48 51 54 57 60 63 66 67 70 73 76 79 82 85 88
a 1 3 6 7 9 11 14 16 17 19 22 24 27 30 32 33 36 39 44 45 48 51 54 57 60 63 66 67 70 73 76 79 82 85 88
a 1 3 5 7 9 11 14 16 17 19 22 24 27 30 32 33 36 39 44 45 48 51 54 57 60 63 66 67 70 73 76 79 82 85 88
a 1 3 5 7 9 11 14 16 17 19 22 24 27 30 32 33 36 41 44 45 48 51 54 57 60 63 66 67 70 73 76 79 82 85 88
a 1 3 5 7 9 11 14 16 17 19 22 24 27 28 32 33 36 41 44 45 48 51 54 57 60 63 66 67 70 73 76 79 82 85 88
a 1 3 5 7 9 11 14 16 17 19 22 24 25 28 32 33 36 41 44 45 48 51 54 57 60 63 66 67 70 73 76 79 82 85 88
a 2 3 5 7 9 11 14 16 17 19 22 24 25 28 32 33 36 41 44 45 48 51 54 57 60 63 66 67 70 73 76 79 82 85 88
a 2 3 5 7 9 11 14 16 17 19 21 24 25 28 32 33 36 41 44 45 48 51 54 57 60 63 66 67 70 73 76 79 82 85 88
a 2 4 5 7 9 11 14 16 17 19 21 24 25 28 32 33 36 41 44 45 48 51 54 57 60 63 66 67 70 73 76 79 82 85 88
a 2 4 5 7 9 11 14 16 17 19 21 24 25 28 32 33 38 41 44 45 48 51 54 57 60 63 66 67 70 73 76 79 82 85 88
a 2 4 5 7 9 11 14 16 17 19 21 24 25 28 32 35 38 41 44 45 48 51 54 57 60 63 66 67 70 73 76 79 82 85 88
a 2 4 5 7 10 11 14 16 17 19 21 24 25 28 32 35 38 41 44 45 48 51 54 57 60 63 66 67 70 73 76 79 82 85 88
a 2 4 5 7 10 11 14 16 17 19 21 24 25 28 31 35 38 41 44 45 48 51 54 57 60 63 66 67 70 73 76 79 82 85 88
a 2 4 5 7 10 12 14 16 17 19 21 24 25 28 31 35 38 41 44 45 48 51 54 57 60 63 66 67 70 73 76 79 82 85 88
a 2 4 5 7 10 12 14 16 17 19 21 24 25 28 31 35 38 41 43 45 48 51 54 57 60 63 66 67 70 73 76 79 82 85 88
a 2 4 5 7 10 12 14 16 17 19 21 24 25 28 31 35 38 40 43 45 48 51 54 57 60 63 66 67 70 73 76 79 82 85 88
a 2 4 5 7 10 12 14 16 17 19 21 24 25 28 31 35 37 40 43 45 48 51 54 57 60 63 66 67 70 73 76 79 82 85 88
a 2 4 5 7 10 12 14 16 17 19 21 24 25 28 31 34 37 40 43 45 48 51 54 57 60 63 66 67 70 73 76 79 82 85 88
a 2 3 5 7 10 12 14 16 17 19 21 24 25 28 31 34 37 40 43 45 48 51 54 57 60 63 66 67 70 73 76 79 82 85 88
a 2 3 5 7 10 12 14 16 17 19 21 24 25 30 31 34 37 40 43 45 48 51 54 57 60 63 66 67 70 73 76 79 82 85 88
a 2 3 5 7 10 12 14 16 17 19 22 24 25 30 31 34 37 40 43 45 48 51 54 57 60 63 66 67 70 73 76 79 82 85 88
a 1 3 5 7 10 12 14 16 17 19 22 24 25 30 31 34 37 40 43 45 48 51 54 57 60 63 66 67 70 73 76 79 82 85 88
a 1 3 5 7 10 12 14 16 17 19 22 24 27 30 31 34 37 40 43 45 48 51 54 57 60 63 66 67 70 73 76 79 82 85 88
a 1 3 6 7 10 12 14 16 17 19 22 24 27 30 31 34 37 40 43 45 48 51 54 57 60 63 66 67 70 73 76 79 82 85 88
a 1 3 6 7 10 12 14 16 17 19 22 23 27 30 31 34 37 40 43 45 48 51 54 57 60 63 66 67 70 73 76 79 82 85 88
a 1 3 6 8 10 12 14 16 17 19 22 23 27 30 31 34 37 40 43 45 48 51 54 57 60 63 66 67 70 73 76 79 82 85 88
a 1 3 6 8 10 12 14 16 17 19 22 23 27 29 31 34 37 40 43 45 48 51 54 57 60 63 66 67 70 73 76 79 82 85 88
a 1 3 6 8 10 12 14 16 17 19 22 23 26 29 31 34 37 40 43 45 48 51 54 57 60 63 66 67 70 73 76 79 82 85 88
a 2 3 6 8 10 12 14 16 17 19 22 23 26 29 31 34 37 40 43 45 48 51 54 57 60 63 66 67 70 73 76 79 82 85 88
a 2 3 6 8 10 12 14 16 17 19 21 23 26 29 31 34 37 40 43 45 48 51 54 57 60 63 66 67 70 73 76 79 82 85 88
a 2 4 6 8 10 12 14 16 17 19 21 23 26 29 31 34 37 40 43 45 48 51 54 57 60 63 66 67 70 73 76 79 82 85 88
Reconfiguration time = 0.764955
	Command being timed: "/Users/soh/app/ddreconf230801-10h10m/ddreconf benchmark/ISR-benchmark/exp_instance/SAT_exp_instance010.col --indset --stwidth --stfile=benchmark/ISR-benchmark/exp_instance/SAT_exp_instance010.dat"
	User time (seconds): 32.55
	System time (seconds): 1.75
	Percent of CPU this job got: 99%
	Elapsed (wall clock) time (h:mm:ss or m:ss): 0:34.32
	Average shared text size (kbytes): 0
	Average unshared data size (kbytes): 0
	Average stack size (kbytes): 0
	Average total size (kbytes): 0
	Maximum resident set size (kbytes): 24000462848
	Average resident set size (kbytes): 0
	Major (requiring I/O) page faults: 0
	Minor (reclaiming a frame) page faults: 1969617
	Voluntary context switches: 52
	Involuntary context switches: 155
	Swaps: 0
	File system inputs: 0
	File system outputs: 0
	Socket messages sent: 34
	Socket messages received: 0
	Signals delivered: 0
	Page size (bytes): 4096
	Exit status: 0
FINISHED CPU 34.3 MEM 0 MAXMEM 0 STALE 1
#RESULT: UNK
#FIN: FIN
#CPU: 34.3
#MAXMEM: 0
c 
#END: [Tue Aug  1 12:29:14 2023]
