#BEGIN: [Tue Aug  8 17:58:12 2023]
#HOST: mini29.local
#TIMELIMIT: 1800
#MEMLIMIT: 0
#FREQ: 10
#SOLVER: recon
#ARG1: benchmark/ISR-benchmark/exp_instance/SAT_exp_instance006.col
#ARG2: benchmark/ISR-benchmark/exp_instance/SAT_exp_instance006.dat
#COMMAND: /Users/soh/app/recon/src/recon benchmark/ISR-benchmark/exp_instance/SAT_exp_instance006.col benchmark/ISR-benchmark/exp_instance/SAT_exp_instance006.dat
c Copyright Volker Turau & Christoph Weyer, 2022
c Institute of Telematics
c Hamburg University of Technology, Hamburg, Germany
c Contact: turau@tuhh.de
c Graph file: benchmark/ISR-benchmark/exp_instance/SAT_exp_instance006.col
c Target file: benchmark/ISR-benchmark/exp_instance/SAT_exp_instance006.dat
c Size of independent set: 15
c Number of nodes of graph: 36
c Number of edges of graph: 51
c Average degree of graph: 2.83
s 2 4 6 8 10 12 13 15 18 21 23 26 29 32 35 
t 2 4 6 8 9 11 13 15 18 21 24 25 28 31 34 
c BFS found 3 new nodes in level 1 (total 4/268435456)
c BFS found 4 new nodes in level 2 (total 8/268435456)
c BFS found 4 new nodes in level 3 (total 12/268435456)
c BFS found 3 new nodes in level 4 (total 14/268435456)
c BFS found 1 new nodes in level 5 (total 12/268435456)
c BFS found 1 new nodes in level 6 (total 10/268435456)
c BFS found 2 new nodes in level 7 (total 9/268435456)
c BFS found 2 new nodes in level 8 (total 11/268435456)
c BFS found 4 new nodes in level 9 (total 15/268435456)
c BFS found 7 new nodes in level 10 (total 22/268435456)
c BFS found 9 new nodes in level 11 (total 31/268435456)
c BFS found 11 new nodes in level 12 (total 41/268435456)
c BFS found 11 new nodes in level 13 (total 49/268435456)
c BFS found 9 new nodes in level 14 (total 54/268435456)
c BFS found 7 new nodes in level 15 (total 53/268435456)
c BFS found 4 new nodes in level 16 (total 52/268435456)
c BFS found 1 new nodes in level 17 (total 47/268435456)
c BFS found 1 new nodes in level 18 (total 38/268435456)
c BFS found 1 new nodes in level 19 (total 20/268435456)
c BFS found 1 new nodes in level 20 (total 21/268435456)
c BFS found 4 new nodes in level 21 (total 25/268435456)
c BFS found 7 new nodes in level 22 (total 32/268435456)
c BFS found 9 new nodes in level 23 (total 41/268435456)
c BFS found 11 new nodes in level 24 (total 52/268435456)
c BFS found 11 new nodes in level 25 (total 63/268435456)
c BFS found 9 new nodes in level 26 (total 68/268435456)
c BFS found 7 new nodes in level 27 (total 67/268435456)
c BFS found 4 new nodes in level 28 (total 59/268435456)
c BFS found 2 new nodes in level 29 (total 54/268435456)
c BFS found 2 new nodes in level 30 (total 45/268435456)
c BFS found 1 new nodes in level 31 (total 35/268435456)
c BFS found 1 new nodes in level 32 (total 36/268435456)
c BFS found 2 new nodes in level 33 (total 35/268435456)
c BFS found 2 new nodes in level 34 (total 37/268435456)
c BFS found 3 new nodes in level 35 (total 40/268435456)
c BFS found 3 new nodes in level 36 (total 43/268435456)
c BFS exiting found=true count=44 max_count=268435456
c Found with: Breadth First Search
a YES
a 2 4 6 8 10 12 13 15 18 21 23 26 29 32 35 
a 2 3 6 8 10 12 13 15 18 21 23 26 29 32 35 
a 2 3 6 8 10 12 14 15 18 21 23 26 29 32 35 
a 1 3 6 8 10 12 14 15 18 21 23 26 29 32 35 
a 1 3 6 8 10 12 14 15 19 21 23 26 29 32 35 
a 1 3 6 8 10 12 14 15 19 22 23 26 29 32 35 
a 1 3 6 7 10 12 14 15 19 22 23 26 29 32 35 
a 1 3 6 7 10 12 14 15 19 22 23 26 29 32 36 
a 1 3 6 7 10 12 14 16 19 22 23 26 29 32 36 
a 1 3 5 7 10 12 14 16 19 22 23 26 29 32 36 
a 1 3 5 7 10 12 14 16 17 22 23 26 29 32 36 
a 2 3 5 7 10 12 14 16 17 22 23 26 29 32 36 
a 2 3 5 7 10 12 13 16 17 22 23 26 29 32 36 
a 2 3 5 7 10 12 13 16 17 20 23 26 29 32 36 
a 2 4 5 7 10 12 13 16 17 20 23 26 29 32 36 
a 2 4 5 7 10 12 13 16 17 20 23 26 29 33 36 
a 2 4 5 7 10 12 13 16 17 20 23 26 30 33 36 
a 2 4 5 7 10 12 13 16 17 20 23 27 30 33 36 
a 2 4 5 7 10 11 13 16 17 20 23 27 30 33 36 
a 2 4 5 7 10 11 13 16 17 20 24 27 30 33 36 
a 2 4 5 7 9 11 13 16 17 20 24 27 30 33 36 
a 2 4 5 7 9 11 13 16 17 20 24 27 30 31 36 
a 2 4 5 7 9 11 13 16 17 20 24 25 30 31 36 
a 2 4 5 7 9 11 13 16 17 20 24 25 28 31 36 
a 2 3 5 7 9 11 13 16 17 20 24 25 28 31 36 
a 2 3 5 7 9 11 14 16 17 20 24 25 28 31 36 
a 1 3 5 7 9 11 14 16 17 20 24 25 28 31 36 
a 1 3 5 7 9 11 14 16 19 20 24 25 28 31 36 
a 1 3 5 7 9 11 14 16 19 20 24 25 28 31 34 
a 1 3 5 7 9 11 14 16 19 22 24 25 28 31 34 
a 1 3 6 7 9 11 14 16 19 22 24 25 28 31 34 
a 1 3 6 7 9 11 14 15 19 22 24 25 28 31 34 
a 1 3 6 8 9 11 14 15 19 22 24 25 28 31 34 
a 1 3 6 8 9 11 14 15 19 21 24 25 28 31 34 
a 1 3 6 8 9 11 14 15 18 21 24 25 28 31 34 
a 2 3 6 8 9 11 14 15 18 21 24 25 28 31 34 
a 2 3 6 8 9 11 13 15 18 21 24 25 28 31 34 
a 2 4 6 8 9 11 13 15 18 21 24 25 28 31 34 
c Length: 37
	Command being timed: "/Users/soh/app/recon/src/recon benchmark/ISR-benchmark/exp_instance/SAT_exp_instance006.col benchmark/ISR-benchmark/exp_instance/SAT_exp_instance006.dat"
	User time (seconds): 0.00
	System time (seconds): 0.00
	Percent of CPU this job got: 25%
	Elapsed (wall clock) time (h:mm:ss or m:ss): 0:00.00
	Average shared text size (kbytes): 0
	Average unshared data size (kbytes): 0
	Average stack size (kbytes): 0
	Average total size (kbytes): 0
	Maximum resident set size (kbytes): 3227648
	Average resident set size (kbytes): 0
	Major (requiring I/O) page faults: 0
	Minor (reclaiming a frame) page faults: 338
	Voluntary context switches: 18
	Involuntary context switches: 2
	Swaps: 0
	File system inputs: 0
	File system outputs: 0
	Socket messages sent: 36
	Socket messages received: 0
	Signals delivered: 0
	Page size (bytes): 4096
	Exit status: 0
FINISHED CPU 0 MEM 0 MAXMEM 0 STALE 1
#RESULT: UNK
#FIN: FIN
#CPU: 0
#MAXMEM: 0
c 
#END: [Tue Aug  8 17:58:12 2023]
