#BEGIN: [Tue Aug  1 12:28:38 2023]
#HOST: mini25.local
#TIMELIMIT: 7200
#MEMLIMIT: 0
#FREQ: 10
#SOLVER: ddreconf230801-10h10m
#ARG1: benchmark/ISR-benchmark/exp_instance/SAT_exp_instance001.col
#ARG2: benchmark/ISR-benchmark/exp_instance/SAT_exp_instance001.dat
#COMMAND: /Users/soh/app/ddreconf230801-10h10m/ddreconf benchmark/ISR-benchmark/exp_instance/SAT_exp_instance001.col --indset --stwidth --stfile=benchmark/ISR-benchmark/exp_instance/SAT_exp_instance001.dat
Input graph file parsed. # of vertices = 2, # of edges = 1
s 2
t 1
Solution space ZDD construction start
Solution space ZDD construction end
Solution space ZDD construction time = 0.000111
Solution space ZDD size = 2
# of elements in the solution space = 3
Start computing the width of the solution space graph
Zs_1 construction time = 0.000012, # ZDD nodes = 1, # elems = 1
Reconf seq found. Shortest length = 1
Zt_1 construction time = 0.000007, # ZDD nodes = 1, # elems = 1
Card(Zs_0 & Zt_1) = 1
Card(Zs_1 & Zt_0) = 1
max card = 1
max card index = 0
a YES
a 2
a 1
Reconfiguration time = 0.000190
	Command being timed: "/Users/soh/app/ddreconf230801-10h10m/ddreconf benchmark/ISR-benchmark/exp_instance/SAT_exp_instance001.col --indset --stwidth --stfile=benchmark/ISR-benchmark/exp_instance/SAT_exp_instance001.dat"
	User time (seconds): 0.00
	System time (seconds): 0.00
	Percent of CPU this job got: 28%
	Elapsed (wall clock) time (h:mm:ss or m:ss): 0:00.03
	Average shared text size (kbytes): 0
	Average unshared data size (kbytes): 0
	Average stack size (kbytes): 0
	Average total size (kbytes): 0
	Maximum resident set size (kbytes): 122109952
	Average resident set size (kbytes): 0
	Major (requiring I/O) page faults: 0
	Minor (reclaiming a frame) page faults: 7593
	Voluntary context switches: 18
	Involuntary context switches: 3
	Swaps: 0
	File system inputs: 0
	File system outputs: 0
	Socket messages sent: 36
	Socket messages received: 0
	Signals delivered: 0
	Page size (bytes): 4096
	Exit status: 0
FINISHED CPU 0 MEM 0 MAXMEM 0 STALE 1
#RESULT: UNK
#FIN: FIN
#CPU: 0
#MAXMEM: 0
c 
#END: [Tue Aug  1 12:28:38 2023]
