#BEGIN: [Tue Aug  1 12:28:38 2023]
#HOST: mini26.local
#TIMELIMIT: 7200
#MEMLIMIT: 0
#FREQ: 10
#SOLVER: ddreconf230801-10h10m
#ARG1: benchmark/ISR-benchmark/exp_instance/SAT_exp_instance004.col
#ARG2: benchmark/ISR-benchmark/exp_instance/SAT_exp_instance004.dat
#COMMAND: /Users/soh/app/ddreconf230801-10h10m/ddreconf benchmark/ISR-benchmark/exp_instance/SAT_exp_instance004.col --indset --stwidth --stfile=benchmark/ISR-benchmark/exp_instance/SAT_exp_instance004.dat
Input graph file parsed. # of vertices = 18, # of edges = 22
s 2 4 6 8 9 11 14 17
t 2 4 5 7 9 12 13 16
Solution space ZDD construction start
Solution space ZDD construction end
Solution space ZDD construction time = 0.000725
Solution space ZDD size = 218
# of elements in the solution space = 3988
Start computing the width of the solution space graph
Zs_1 construction time = 0.000032, # ZDD nodes = 8, # elems = 1
Zt_1 construction time = 0.000018, # ZDD nodes = 8, # elems = 1
Zs_2 construction time = 0.000018, # ZDD nodes = 12, # elems = 2
Zt_2 construction time = 0.000016, # ZDD nodes = 12, # elems = 2
Zs_3 construction time = 0.000027, # ZDD nodes = 16, # elems = 2
Zt_3 construction time = 0.000018, # ZDD nodes = 16, # elems = 2
Zs_4 construction time = 0.000026, # ZDD nodes = 10, # elems = 2
Zt_4 construction time = 0.000037, # ZDD nodes = 10, # elems = 2
Zs_5 construction time = 0.000033, # ZDD nodes = 8, # elems = 1
Zt_5 construction time = 0.000025, # ZDD nodes = 8, # elems = 1
Zs_6 construction time = 0.000007, # ZDD nodes = 8, # elems = 1
Zt_6 construction time = 0.000011, # ZDD nodes = 8, # elems = 1
Zs_7 construction time = 0.000013, # ZDD nodes = 8, # elems = 1
Reconf seq found. Shortest length = 13
Zt_7 construction time = 0.000010, # ZDD nodes = 8, # elems = 1
Zs_8 construction time = 0.000004, # ZDD nodes = 8, # elems = 1
Zt_8 construction time = 0.000005, # ZDD nodes = 8, # elems = 1
Zs_9 construction time = 0.000005, # ZDD nodes = 10, # elems = 2
Zt_9 construction time = 0.000005, # ZDD nodes = 10, # elems = 2
Zs_10 construction time = 0.000006, # ZDD nodes = 16, # elems = 2
Zt_10 construction time = 0.000006, # ZDD nodes = 16, # elems = 2
Zs_11 construction time = 0.000005, # ZDD nodes = 12, # elems = 2
Zt_11 construction time = 0.000006, # ZDD nodes = 12, # elems = 2
Zs_12 construction time = 0.000005, # ZDD nodes = 8, # elems = 1
Zt_12 construction time = 0.000004, # ZDD nodes = 8, # elems = 1
Zs_13 construction time = 0.000005, # ZDD nodes = 8, # elems = 1
Zt_13 construction time = 0.000005, # ZDD nodes = 8, # elems = 1
Card(Zs_0 & Zt_13) = 1
Card(Zs_1 & Zt_12) = 1
Card(Zs_2 & Zt_11) = 2
Card(Zs_3 & Zt_10) = 2
Card(Zs_4 & Zt_9) = 2
Card(Zs_5 & Zt_8) = 1
Card(Zs_6 & Zt_7) = 1
Card(Zs_7 & Zt_6) = 1
Card(Zs_8 & Zt_5) = 1
Card(Zs_9 & Zt_4) = 2
Card(Zs_10 & Zt_3) = 2
Card(Zs_11 & Zt_2) = 2
Card(Zs_12 & Zt_1) = 1
Card(Zs_13 & Zt_0) = 1
max card = 2
max card index = 2
a YES
a 2 4 6 8 9 11 14 17
a 2 3 6 8 9 11 14 17
a 2 3 6 8 9 11 14 18
a 2 3 6 8 10 11 14 18
a 1 3 6 8 10 11 14 18
a 1 3 6 8 10 11 15 18
a 1 3 6 7 10 11 15 18
a 1 3 6 7 10 12 15 18
a 1 3 5 7 10 12 15 18
a 1 3 5 7 10 12 15 16
a 1 3 5 7 10 12 13 16
a 2 3 5 7 10 12 13 16
a 2 3 5 7 9 12 13 16
a 2 4 5 7 9 12 13 16
Reconfiguration time = 0.001684
	Command being timed: "/Users/soh/app/ddreconf230801-10h10m/ddreconf benchmark/ISR-benchmark/exp_instance/SAT_exp_instance004.col --indset --stwidth --stfile=benchmark/ISR-benchmark/exp_instance/SAT_exp_instance004.dat"
	User time (seconds): 0.00
	System time (seconds): 0.00
	Percent of CPU this job got: 60%
	Elapsed (wall clock) time (h:mm:ss or m:ss): 0:00.02
	Average shared text size (kbytes): 0
	Average unshared data size (kbytes): 0
	Average stack size (kbytes): 0
	Average total size (kbytes): 0
	Maximum resident set size (kbytes): 123666432
	Average resident set size (kbytes): 0
	Major (requiring I/O) page faults: 0
	Minor (reclaiming a frame) page faults: 7688
	Voluntary context switches: 23
	Involuntary context switches: 3
	Swaps: 0
	File system inputs: 0
	File system outputs: 0
	Socket messages sent: 34
	Socket messages received: 0
	Signals delivered: 0
	Page size (bytes): 4096
	Exit status: 0
FINISHED CPU 0 MEM 0 MAXMEM 0 STALE 1
#RESULT: UNK
#FIN: FIN
#CPU: 0
#MAXMEM: 0
c 
#END: [Tue Aug  1 12:28:38 2023]
