#BEGIN: [Tue Aug  1 12:28:38 2023]
#HOST: mini25.local
#TIMELIMIT: 7200
#MEMLIMIT: 0
#FREQ: 10
#SOLVER: ddreconf230801-10h10m
#ARG1: benchmark/ISR-benchmark/exp_instance/SAT_exp_instance005.col
#ARG2: benchmark/ISR-benchmark/exp_instance/SAT_exp_instance005.dat
#COMMAND: /Users/soh/app/ddreconf230801-10h10m/ddreconf benchmark/ISR-benchmark/exp_instance/SAT_exp_instance005.col --indset --stwidth --stfile=benchmark/ISR-benchmark/exp_instance/SAT_exp_instance005.dat
Input graph file parsed. # of vertices = 20, # of edges = 23
s 2 4 6 8 10 11 13 16 19
t 2 4 6 7 9 11 14 15 18
Solution space ZDD construction start
Solution space ZDD construction end
Solution space ZDD construction time = 0.000936
Solution space ZDD size = 368
# of elements in the solution space = 11964
Start computing the width of the solution space graph
The goal set is not in the solution space.
Command exited with non-zero status 3
	Command being timed: "/Users/soh/app/ddreconf230801-10h10m/ddreconf benchmark/ISR-benchmark/exp_instance/SAT_exp_instance005.col --indset --stwidth --stfile=benchmark/ISR-benchmark/exp_instance/SAT_exp_instance005.dat"
	User time (seconds): 0.00
	System time (seconds): 0.00
	Percent of CPU this job got: 59%
	Elapsed (wall clock) time (h:mm:ss or m:ss): 0:00.02
	Average shared text size (kbytes): 0
	Average unshared data size (kbytes): 0
	Average stack size (kbytes): 0
	Average total size (kbytes): 0
	Maximum resident set size (kbytes): 122208256
	Average resident set size (kbytes): 0
	Major (requiring I/O) page faults: 0
	Minor (reclaiming a frame) page faults: 7599
	Voluntary context switches: 17
	Involuntary context switches: 4
	Swaps: 0
	File system inputs: 0
	File system outputs: 0
	Socket messages sent: 34
	Socket messages received: 0
	Signals delivered: 0
	Page size (bytes): 4096
	Exit status: 3
FINISHED CPU 0 MEM 0 MAXMEM 0 STALE 1
#RESULT: UNK
#FIN: FIN
#CPU: 0
#MAXMEM: 0
c 
#END: [Tue Aug  1 12:28:38 2023]
