#BEGIN: [Tue Aug  1 12:28:39 2023]
#HOST: mini25.local
#TIMELIMIT: 7200
#MEMLIMIT: 0
#FREQ: 10
#SOLVER: ddreconf230801-10h10m
#ARG1: benchmark/ISR-benchmark/exp_instance/SAT_exp_instance009.col
#ARG2: benchmark/ISR-benchmark/exp_instance/SAT_exp_instance009.dat
#COMMAND: /Users/soh/app/ddreconf230801-10h10m/ddreconf benchmark/ISR-benchmark/exp_instance/SAT_exp_instance009.col --indset --stwidth --stfile=benchmark/ISR-benchmark/exp_instance/SAT_exp_instance009.dat
Input graph file parsed. # of vertices = 62, # of edges = 93
s 2 4 6 8 10 12 14 16 18 19 21 24 27 29 32 35 38 41 43 46 49 52 55 58 61
t 2 4 6 8 10 12 14 15 17 19 21 24 27 29 32 35 38 41 44 45 48 51 54 57 60
Solution space ZDD construction start
Solution space ZDD construction end
Solution space ZDD construction time = 1.205779
Solution space ZDD size = 527540
# of elements in the solution space = 638715535884
Start computing the width of the solution space graph
The goal set is not in the solution space.
Command exited with non-zero status 3
	Command being timed: "/Users/soh/app/ddreconf230801-10h10m/ddreconf benchmark/ISR-benchmark/exp_instance/SAT_exp_instance009.col --indset --stwidth --stfile=benchmark/ISR-benchmark/exp_instance/SAT_exp_instance009.dat"
	User time (seconds): 1.23
	System time (seconds): 0.07
	Percent of CPU this job got: 99%
	Elapsed (wall clock) time (h:mm:ss or m:ss): 0:01.32
	Average shared text size (kbytes): 0
	Average unshared data size (kbytes): 0
	Average stack size (kbytes): 0
	Average total size (kbytes): 0
	Maximum resident set size (kbytes): 1528004608
	Average resident set size (kbytes): 0
	Major (requiring I/O) page faults: 0
	Minor (reclaiming a frame) page faults: 93402
	Voluntary context switches: 19
	Involuntary context switches: 9
	Swaps: 0
	File system inputs: 0
	File system outputs: 0
	Socket messages sent: 34
	Socket messages received: 0
	Signals delivered: 0
	Page size (bytes): 4096
	Exit status: 3
FINISHED CPU 1.3 MEM 0 MAXMEM 0 STALE 1
#RESULT: UNK
#FIN: FIN
#CPU: 1.3
#MAXMEM: 0
c 
#END: [Tue Aug  1 12:28:40 2023]
