#BEGIN: [Tue Aug  1 12:28:38 2023]
#HOST: mini26.local
#TIMELIMIT: 7200
#MEMLIMIT: 0
#FREQ: 10
#SOLVER: ddreconf230801-10h10m
#ARG1: benchmark/ISR-benchmark/exp_instance/SAT_exp_instance002.col
#ARG2: benchmark/ISR-benchmark/exp_instance/SAT_exp_instance002.dat
#COMMAND: /Users/soh/app/ddreconf230801-10h10m/ddreconf benchmark/ISR-benchmark/exp_instance/SAT_exp_instance002.col --indset --stwidth --stfile=benchmark/ISR-benchmark/exp_instance/SAT_exp_instance002.dat
Input graph file parsed. # of vertices = 6, # of edges = 5
s 2 4 5
t 1 3 6
Solution space ZDD construction start
Solution space ZDD construction end
Solution space ZDD construction time = 0.000211
Solution space ZDD size = 8
# of elements in the solution space = 21
Start computing the width of the solution space graph
Zs_1 construction time = 0.000024, # ZDD nodes = 3, # elems = 1
Zt_1 construction time = 0.000010, # ZDD nodes = 3, # elems = 1
Zs_2 construction time = 0.000019, # ZDD nodes = 3, # elems = 1
Reconf seq found. Shortest length = 3
Zt_2 construction time = 0.000008, # ZDD nodes = 3, # elems = 1
Zs_3 construction time = 0.000007, # ZDD nodes = 3, # elems = 1
Zt_3 construction time = 0.000006, # ZDD nodes = 3, # elems = 1
Card(Zs_0 & Zt_3) = 1
Card(Zs_1 & Zt_2) = 1
Card(Zs_2 & Zt_1) = 1
Card(Zs_3 & Zt_0) = 1
max card = 1
max card index = 0
a YES
a 2 4 5
a 2 3 5
a 2 3 6
a 1 3 6
Reconfiguration time = 0.000583
	Command being timed: "/Users/soh/app/ddreconf230801-10h10m/ddreconf benchmark/ISR-benchmark/exp_instance/SAT_exp_instance002.col --indset --stwidth --stfile=benchmark/ISR-benchmark/exp_instance/SAT_exp_instance002.dat"
	User time (seconds): 0.00
	System time (seconds): 0.00
	Percent of CPU this job got: 52%
	Elapsed (wall clock) time (h:mm:ss or m:ss): 0:00.02
	Average shared text size (kbytes): 0
	Average unshared data size (kbytes): 0
	Average stack size (kbytes): 0
	Average total size (kbytes): 0
	Maximum resident set size (kbytes): 122601472
	Average resident set size (kbytes): 0
	Major (requiring I/O) page faults: 0
	Minor (reclaiming a frame) page faults: 7623
	Voluntary context switches: 23
	Involuntary context switches: 2
	Swaps: 0
	File system inputs: 0
	File system outputs: 0
	Socket messages sent: 36
	Socket messages received: 0
	Signals delivered: 0
	Page size (bytes): 4096
	Exit status: 0
FINISHED CPU 0 MEM 0 MAXMEM 0 STALE 1
#RESULT: UNK
#FIN: FIN
#CPU: 0
#MAXMEM: 0
c 
#END: [Tue Aug  1 12:28:38 2023]
