#BEGIN: [Tue Aug  1 12:43:06 2023]
#HOST: mini26.local
#TIMELIMIT: 7200
#MEMLIMIT: 0
#FREQ: 10
#SOLVER: ddreconf230801-10h10m
#ARG1: benchmark/ISR-benchmark/exp_instance/SAT_exp_instance016.col
#ARG2: benchmark/ISR-benchmark/exp_instance/SAT_exp_instance016.dat
#COMMAND: /Users/soh/app/ddreconf230801-10h10m/ddreconf benchmark/ISR-benchmark/exp_instance/SAT_exp_instance016.col --indset --stwidth --stfile=benchmark/ISR-benchmark/exp_instance/SAT_exp_instance016.dat
Input graph file parsed. # of vertices = 216, # of edges = 376
s 2 4 6 8 10 12 14 16 18 20 22 24 26 28 30 32 33 35 38 41 43 46 49 52 55 57 60 63 66 69 72 75 77 80 83 86 89 92 95 98 101 103 106 109 112 115 118 121 124 127 130 133 135 138 141 144 147 150 153 156 159 162 165 168 171 173 176 179 182 185 188 191 194 197 200 203 206 209 212 215
t 2 4 6 8 10 12 14 16 18 20 22 24 26 28 29 31 33 35 38 41 43 46 49 52 55 57 60 63 66 69 72 75 77 80 83 86 89 92 95 98 101 103 106 109 112 115 118 121 124 127 130 133 135 138 141 144 147 150 153 156 159 162 165 168 171 174 175 178 181 184 187 190 193 196 199 202 205 208 211 214
Solution space ZDD construction start
Command terminated by signal 9
	Command being timed: "/Users/soh/app/ddreconf230801-10h10m/ddreconf benchmark/ISR-benchmark/exp_instance/SAT_exp_instance016.col --indset --stwidth --stfile=benchmark/ISR-benchmark/exp_instance/SAT_exp_instance016.dat"
	User time (seconds): 1297.06
	System time (seconds): 1042.53
	Percent of CPU this job got: 71%
	Elapsed (wall clock) time (h:mm:ss or m:ss): 54:54.46
	Average shared text size (kbytes): 0
	Average unshared data size (kbytes): 0
	Average stack size (kbytes): 0
	Average total size (kbytes): 0
	Maximum resident set size (kbytes): 256510754816
	Average resident set size (kbytes): 0
	Major (requiring I/O) page faults: 0
	Minor (reclaiming a frame) page faults: 205355626
	Voluntary context switches: 1689295
	Involuntary context switches: 2173495
	Swaps: 0
	File system inputs: 0
	File system outputs: 0
	Socket messages sent: 37
	Socket messages received: 0
	Signals delivered: 0
	Page size (bytes): 4096
	Exit status: 0
FINISHED CPU 2339.59 MEM 0 MAXMEM 0 STALE 1
#RESULT: UNK
#FIN: FIN
#CPU: 2339.59
#MAXMEM: 0
c 
#END: [Tue Aug  1 13:38:01 2023]
