#BEGIN: [Tue Aug  8 17:58:13 2023]
#HOST: mini29.local
#TIMELIMIT: 1800
#MEMLIMIT: 0
#FREQ: 10
#SOLVER: recon
#ARG1: benchmark/ISR-benchmark/exp_instance/SAT_exp_instance010.col
#ARG2: benchmark/ISR-benchmark/exp_instance/SAT_exp_instance010.dat
#COMMAND: /Users/soh/app/recon/src/recon benchmark/ISR-benchmark/exp_instance/SAT_exp_instance010.col benchmark/ISR-benchmark/exp_instance/SAT_exp_instance010.dat
c Copyright Volker Turau & Christoph Weyer, 2022
c Institute of Telematics
c Hamburg University of Technology, Hamburg, Germany
c Contact: turau@tuhh.de
c Graph file: benchmark/ISR-benchmark/exp_instance/SAT_exp_instance010.col
c Target file: benchmark/ISR-benchmark/exp_instance/SAT_exp_instance010.dat
c Size of independent set: 35
c Number of nodes of graph: 90
c Number of edges of graph: 145
c Average degree of graph: 3.22
s 2 4 6 8 10 12 14 16 18 20 21 23 26 29 31 34 37 40 43 45 48 51 54 57 60 63 65 68 71 74 77 80 83 86 89 
t 2 4 6 8 10 12 14 16 17 19 21 23 26 29 31 34 37 40 43 45 48 51 54 57 60 63 66 67 70 73 76 79 82 85 88 
c BFS found 13 new nodes in level 1 (total 14/244032232)
c BFS found 77 new nodes in level 2 (total 91/244032232)
c BFS found 276 new nodes in level 3 (total 367/244032232)
c BFS found 668 new nodes in level 4 (total 1034/244032232)
c BFS found 1150 new nodes in level 5 (total 2171/244032232)
c BFS found 1443 new nodes in level 6 (total 3537/244032232)
c BFS found 1330 new nodes in level 7 (total 4591/244032232)
c BFS found 897 new nodes in level 8 (total 4819/244032232)
c BFS found 439 new nodes in level 9 (total 4099/244032232)
c BFS found 160 new nodes in level 10 (total 2818/244032232)
c BFS found 59 new nodes in level 11 (total 1546/244032232)
c BFS found 54 new nodes in level 12 (total 706/244032232)
c BFS found 91 new nodes in level 13 (total 365/244032232)
c BFS found 137 new nodes in level 14 (total 351/244032232)
c BFS found 171 new nodes in level 15 (total 464/244032232)
c BFS found 204 new nodes in level 16 (total 625/244032232)
c BFS found 246 new nodes in level 17 (total 781/244032232)
c BFS found 262 new nodes in level 18 (total 908/244032232)
c BFS found 218 new nodes in level 19 (total 955/244032232)
c BFS found 142 new nodes in level 20 (total 888/244032232)
c BFS found 90 new nodes in level 21 (total 736/244032232)
c BFS found 91 new nodes in level 22 (total 572/244032232)
c BFS found 151 new nodes in level 23 (total 515/244032232)
c BFS found 253 new nodes in level 24 (total 622/244032232)
c BFS found 338 new nodes in level 25 (total 868/244032232)
c BFS found 342 new nodes in level 26 (total 1129/244032232)
c BFS found 261 new nodes in level 27 (total 1254/244032232)
c BFS found 149 new nodes in level 28 (total 1156/244032232)
c BFS found 62 new nodes in level 29 (total 886/244032232)
c BFS found 22 new nodes in level 30 (total 559/244032232)
c BFS found 17 new nodes in level 31 (total 312/244032232)
c BFS found 21 new nodes in level 32 (total 149/244032232)
c BFS found 23 new nodes in level 33 (total 124/244032232)
c BFS found 35 new nodes in level 34 (total 148/244032232)
c BFS found 68 new nodes in level 35 (total 198/244032232)
c BFS found 125 new nodes in level 36 (total 305/244032232)
c BFS found 222 new nodes in level 37 (total 512/244032232)
c BFS found 370 new nodes in level 38 (total 854/244032232)
c BFS found 536 new nodes in level 39 (total 1308/244032232)
c BFS found 683 new nodes in level 40 (total 1858/244032232)
c BFS found 825 new nodes in level 41 (total 2465/244032232)
c BFS found 957 new nodes in level 42 (total 3065/244032232)
c BFS found 979 new nodes in level 43 (total 3508/244032232)
c BFS found 804 new nodes in level 44 (total 3639/244032232)
c BFS found 504 new nodes in level 45 (total 3321/244032232)
c BFS found 249 new nodes in level 46 (total 2627/244032232)
c BFS found 136 new nodes in level 47 (total 1821/244032232)
c BFS found 174 new nodes in level 48 (total 1204/244032232)
c BFS found 434 new nodes in level 49 (total 1158/244032232)
c BFS found 1107 new nodes in level 50 (total 1998/244032232)
c BFS found 2297 new nodes in level 51 (total 4149/244032232)
c BFS found 3729 new nodes in level 52 (total 7659/244032232)
c BFS found 4764 new nodes in level 53 (total 11956/244032232)
c BFS found 4839 new nodes in level 54 (total 15656/244032232)
c BFS found 3929 new nodes in level 55 (total 17269/244032232)
c BFS found 2548 new nodes in level 56 (total 16071/244032232)
c BFS found 1317 new nodes in level 57 (total 12574/244032232)
c BFS found 554 new nodes in level 58 (total 8293/244032232)
c BFS found 215 new nodes in level 59 (total 4593/244032232)
c BFS found 109 new nodes in level 60 (total 2218/244032232)
c BFS found 97 new nodes in level 61 (total 1070/244032232)
c BFS found 133 new nodes in level 62 (total 663/244032232)
c BFS found 223 new nodes in level 63 (total 663/244032232)
c BFS found 370 new nodes in level 64 (total 905/244032232)
c BFS found 536 new nodes in level 65 (total 1335/244032232)
c BFS found 683 new nodes in level 66 (total 1889/244032232)
c BFS found 825 new nodes in level 67 (total 2492/244032232)
c BFS found 957 new nodes in level 68 (total 3082/244032232)
c BFS found 980 new nodes in level 69 (total 3533/244032232)
c BFS found 812 new nodes in level 70 (total 3668/244032232)
c BFS found 532 new nodes in level 71 (total 3380/244032232)
c BFS found 305 new nodes in level 72 (total 2738/244032232)
c BFS found 204 new nodes in level 73 (total 1974/244032232)
c BFS found 205 new nodes in level 74 (total 1385/244032232)
c BFS found 316 new nodes in level 75 (total 1161/244032232)
c BFS found 586 new nodes in level 76 (total 1442/244032232)
c BFS found 967 new nodes in level 77 (total 2206/244032232)
c BFS found 1263 new nodes in level 78 (total 3270/244032232)
c BFS found 1282 new nodes in level 79 (total 4235/244032232)
c BFS found 1013 new nodes in level 80 (total 4676/244032232)
c BFS found 621 new nodes in level 81 (total 4354/244032232)
c BFS found 295 new nodes in level 82 (total 3375/244032232)
c BFS found 123 new nodes in level 83 (total 2185/244032232)
c BFS found 77 new nodes in level 84 (total 1215/244032232)
c BFS found 82 new nodes in level 85 (total 671/244032232)
c BFS found 102 new nodes in level 86 (total 455/244032232)
c BFS found 161 new nodes in level 87 (total 508/244032232)
c BFS found 296 new nodes in level 88 (total 739/244032232)
c BFS found 540 new nodes in level 89 (total 1189/244032232)
c BFS found 939 new nodes in level 90 (total 2027/244032232)
c BFS found 1498 new nodes in level 91 (total 3375/244032232)
c BFS found 2125 new nodes in level 92 (total 5199/244032232)
c BFS found 2727 new nodes in level 93 (total 7389/244032232)
c BFS found 3290 new nodes in level 94 (total 9741/244032232)
c BFS found 3718 new nodes in level 95 (total 11966/244032232)
c BFS found 3718 new nodes in level 96 (total 13586/244032232)
c BFS found 3081 new nodes in level 97 (total 13961/244032232)
c BFS found 2016 new nodes in level 98 (total 12688/244032232)
c BFS found 1009 new nodes in level 99 (total 9977/244032232)
c BFS found 386 new nodes in level 100 (total 6642/244032232)
c BFS found 140 new nodes in level 101 (total 3690/244032232)
c BFS found 141 new nodes in level 102 (total 1819/244032232)
c BFS found 399 new nodes in level 103 (total 1196/244032232)
c BFS found 1086 new nodes in level 104 (total 1869/244032232)
c BFS found 2290 new nodes in level 105 (total 4037/244032232)
c BFS found 3728 new nodes in level 106 (total 7623/244032232)
c BFS found 4764 new nodes in level 107 (total 11982/244032232)
c BFS found 4839 new nodes in level 108 (total 15739/244032232)
c BFS found 3929 new nodes in level 109 (total 17378/244032232)
c BFS found 2548 new nodes in level 110 (total 16197/244032232)
c BFS found 1317 new nodes in level 111 (total 12745/244032232)
c BFS found 554 new nodes in level 112 (total 8455/244032232)
c BFS found 215 new nodes in level 113 (total 4738/244032232)
c BFS found 109 new nodes in level 114 (total 2294/244032232)
c BFS found 97 new nodes in level 115 (total 1085/244032232)
c BFS found 133 new nodes in level 116 (total 664/244032232)
c BFS found 223 new nodes in level 117 (total 695/244032232)
c BFS found 370 new nodes in level 118 (total 961/244032232)
c BFS found 536 new nodes in level 119 (total 1402/244032232)
c BFS found 683 new nodes in level 120 (total 1961/244032232)
c BFS found 825 new nodes in level 121 (total 2574/244032232)
c BFS found 957 new nodes in level 122 (total 3175/244032232)
c BFS found 980 new nodes in level 123 (total 3625/244032232)
c BFS found 812 new nodes in level 124 (total 3738/244032232)
c BFS found 532 new nodes in level 125 (total 3450/244032232)
c BFS found 305 new nodes in level 126 (total 2806/244032232)
c BFS found 204 new nodes in level 127 (total 2051/244032232)
c BFS found 205 new nodes in level 128 (total 1463/244032232)
c BFS found 316 new nodes in level 129 (total 1244/244032232)
c BFS found 586 new nodes in level 130 (total 1511/244032232)
c BFS found 967 new nodes in level 131 (total 2238/244032232)
c BFS found 1263 new nodes in level 132 (total 3283/244032232)
c BFS found 1282 new nodes in level 133 (total 4238/244032232)
c BFS found 1013 new nodes in level 134 (total 4667/244032232)
c BFS found 621 new nodes in level 135 (total 4321/244032232)
c BFS found 295 new nodes in level 136 (total 3358/244032232)
c BFS found 123 new nodes in level 137 (total 2192/244032232)
c BFS found 77 new nodes in level 138 (total 1275/244032232)
c BFS found 82 new nodes in level 139 (total 741/244032232)
c BFS found 102 new nodes in level 140 (total 533/244032232)
c BFS found 161 new nodes in level 141 (total 571/244032232)
c BFS found 296 new nodes in level 142 (total 791/244032232)
c BFS found 540 new nodes in level 143 (total 1241/244032232)
c BFS found 939 new nodes in level 144 (total 2083/244032232)
c BFS found 1498 new nodes in level 145 (total 3419/244032232)
c BFS found 2125 new nodes in level 146 (total 5252/244032232)
c BFS found 2727 new nodes in level 147 (total 7439/244032232)
c BFS found 3290 new nodes in level 148 (total 9791/244032232)
c BFS found 3718 new nodes in level 149 (total 12018/244032232)
c BFS found 3718 new nodes in level 150 (total 13628/244032232)
c BFS found 3082 new nodes in level 151 (total 14003/244032232)
c BFS found 2023 new nodes in level 152 (total 12761/244032232)
c BFS found 1030 new nodes in level 153 (total 10074/244032232)
c BFS found 421 new nodes in level 154 (total 6772/244032232)
c BFS found 173 new nodes in level 155 (total 3914/244032232)
c BFS found 137 new nodes in level 156 (total 2099/244032232)
c BFS found 260 new nodes in level 157 (total 1393/244032232)
c BFS found 558 new nodes in level 158 (total 1563/244032232)
c BFS found 959 new nodes in level 159 (total 2328/244032232)
c BFS found 1262 new nodes in level 160 (total 3443/244032232)
c BFS found 1282 new nodes in level 161 (total 4469/244032232)
c BFS found 1013 new nodes in level 162 (total 4878/244032232)
c BFS found 621 new nodes in level 163 (total 4502/244032232)
c BFS found 293 new nodes in level 164 (total 3461/244032232)
c BFS found 110 new nodes in level 165 (total 2245/244032232)
c BFS found 41 new nodes in level 166 (total 1265/244032232)
c BFS found 23 new nodes in level 167 (total 672/244032232)
c BFS found 22 new nodes in level 168 (total 392/244032232)
c BFS found 30 new nodes in level 169 (total 320/244032232)
c BFS found 51 new nodes in level 170 (total 317/244032232)
c BFS found 91 new nodes in level 171 (total 374/244032232)
c BFS found 137 new nodes in level 172 (total 489/244032232)
c BFS found 171 new nodes in level 173 (total 631/244032232)
c BFS found 204 new nodes in level 174 (total 786/244032232)
c BFS found 246 new nodes in level 175 (total 944/244032232)
c BFS found 261 new nodes in level 176 (total 1069/244032232)
c BFS found 212 new nodes in level 177 (total 1112/244032232)
c BFS found 127 new nodes in level 178 (total 1040/244032232)
c BFS found 66 new nodes in level 179 (total 870/244032232)
c BFS found 46 new nodes in level 180 (total 649/244032232)
c BFS found 46 new nodes in level 181 (total 478/244032232)
c BFS found 67 new nodes in level 182 (total 435/244032232)
c BFS found 136 new nodes in level 183 (total 522/244032232)
c BFS found 247 new nodes in level 184 (total 739/244032232)
c BFS found 337 new nodes in level 185 (total 1022/244032232)
c BFS found 342 new nodes in level 186 (total 1306/244032232)
c BFS found 261 new nodes in level 187 (total 1434/244032232)
c BFS found 149 new nodes in level 188 (total 1347/244032232)
c BFS found 62 new nodes in level 189 (total 1075/244032232)
c BFS found 22 new nodes in level 190 (total 729/244032232)
c BFS found 17 new nodes in level 191 (total 472/244032232)
c BFS found 21 new nodes in level 192 (total 317/244032232)
c BFS found 23 new nodes in level 193 (total 279/244032232)
c BFS found 35 new nodes in level 194 (total 293/244032232)
c BFS found 68 new nodes in level 195 (total 348/244032232)
c BFS found 125 new nodes in level 196 (total 457/244032232)
c BFS exiting found=true count=626 max_count=244032232
c Found with: Breadth First Search
a YES
a 2 4 6 8 10 12 14 16 18 20 21 23 26 29 31 34 37 40 43 45 48 51 54 57 60 63 65 68 71 74 77 80 83 86 89 
a 2 3 6 8 10 12 14 16 18 20 21 23 26 29 31 34 37 40 43 45 48 51 54 57 60 63 65 68 71 74 77 80 83 86 89 
a 2 3 6 8 10 12 14 16 18 20 21 23 26 30 31 34 37 40 43 45 48 51 54 57 60 63 65 68 71 74 77 80 83 86 89 
a 2 3 6 8 10 12 14 16 18 20 22 23 26 30 31 34 37 40 43 45 48 51 54 57 60 63 65 68 71 74 77 80 83 86 89 
a 1 3 6 8 10 12 14 16 18 20 22 23 26 30 31 34 37 40 43 45 48 51 54 57 60 63 65 68 71 74 77 80 83 86 89 
a 1 3 6 8 10 12 14 16 18 20 22 23 27 30 31 34 37 40 43 45 48 51 54 57 60 63 65 68 71 74 77 80 83 86 89 
a 1 3 6 7 10 12 14 16 18 20 22 23 27 30 31 34 37 40 43 45 48 51 54 57 60 63 65 68 71 74 77 80 83 86 89 
a 1 3 6 7 10 12 14 16 18 20 22 23 27 30 31 34 37 40 44 45 48 51 54 57 60 63 65 68 71 74 77 80 83 86 89 
a 1 3 6 7 10 12 14 16 18 20 22 24 27 30 31 34 37 40 44 45 48 51 54 57 60 63 65 68 71 74 77 80 83 86 89 
a 1 3 5 7 10 12 14 16 18 20 22 24 27 30 31 34 37 40 44 45 48 51 54 57 60 63 65 68 71 74 77 80 83 86 89 
a 1 3 5 7 10 12 14 16 18 20 22 24 27 28 31 34 37 40 44 45 48 51 54 57 60 63 65 68 71 74 77 80 83 86 89 
a 1 3 5 7 10 12 14 16 18 20 22 24 25 28 31 34 37 40 44 45 48 51 54 57 60 63 65 68 71 74 77 80 83 86 89 
a 2 3 5 7 10 12 14 16 18 20 22 24 25 28 31 34 37 40 44 45 48 51 54 57 60 63 65 68 71 74 77 80 83 86 89 
a 2 3 5 7 10 12 14 16 18 20 21 24 25 28 31 34 37 40 44 45 48 51 54 57 60 63 65 68 71 74 77 80 83 86 89 
a 2 4 5 7 10 12 14 16 18 20 21 24 25 28 31 34 37 40 44 45 48 51 54 57 60 63 65 68 71 74 77 80 83 86 89 
a 2 4 5 7 10 12 14 16 18 20 21 24 25 28 31 34 38 40 44 45 48 51 54 57 60 63 65 68 71 74 77 80 83 86 89 
a 2 4 5 7 10 12 14 16 18 20 21 24 25 28 31 35 38 40 44 45 48 51 54 57 60 63 65 68 71 74 77 80 83 86 89 
a 2 4 5 7 10 12 14 16 18 20 21 24 25 28 31 35 38 41 44 45 48 51 54 57 60 63 65 68 71 74 77 80 83 86 89 
a 2 4 5 7 10 11 14 16 18 20 21 24 25 28 31 35 38 41 44 45 48 51 54 57 60 63 65 68 71 74 77 80 83 86 89 
a 2 4 5 7 10 11 14 16 18 20 21 24 25 28 32 35 38 41 44 45 48 51 54 57 60 63 65 68 71 74 77 80 83 86 89 
a 2 4 5 7 9 11 14 16 18 20 21 24 25 28 32 35 38 41 44 45 48 51 54 57 60 63 65 68 71 74 77 80 83 86 89 
a 2 4 5 7 9 11 14 16 18 20 21 24 25 28 32 35 38 39 44 45 48 51 54 57 60 63 65 68 71 74 77 80 83 86 89 
a 2 4 5 7 9 11 14 16 18 20 21 24 25 28 32 33 38 39 44 45 48 51 54 57 60 63 65 68 71 74 77 80 83 86 89 
a 2 4 5 7 9 11 14 16 18 20 21 24 25 28 32 33 36 39 44 45 48 51 54 57 60 63 65 68 71 74 77 80 83 86 89 
a 2 3 5 7 9 11 14 16 18 20 21 24 25 28 32 33 36 39 44 45 48 51 54 57 60 63 65 68 71 74 77 80 83 86 89 
a 2 3 5 7 9 11 14 16 18 20 22 24 25 28 32 33 36 39 44 45 48 51 54 57 60 63 65 68 71 74 77 80 83 86 89 
a 2 3 5 7 9 11 14 16 18 20 22 24 25 28 32 33 36 39 42 45 48 51 54 57 60 63 65 68 71 74 77 80 83 86 89 
a 1 3 5 7 9 11 14 16 18 20 22 24 25 28 32 33 36 39 42 45 48 51 54 57 60 63 65 68 71 74 77 80 83 86 89 
a 1 3 5 7 9 11 14 16 18 20 22 24 27 28 32 33 36 39 42 45 48 51 54 57 60 63 65 68 71 74 77 80 83 86 89 
a 1 3 5 7 9 11 14 16 18 20 22 24 27 30 32 33 36 39 42 45 48 51 54 57 60 63 65 68 71 74 77 80 83 86 89 
a 1 3 6 7 9 11 14 16 18 20 22 24 27 30 32 33 36 39 42 45 48 51 54 57 60 63 65 68 71 74 77 80 83 86 89 
a 1 3 6 7 9 11 14 16 18 20 22 23 27 30 32 33 36 39 42 45 48 51 54 57 60 63 65 68 71 74 77 80 83 86 89 
a 1 3 6 8 9 11 14 16 18 20 22 23 27 30 32 33 36 39 42 45 48 51 54 57 60 63 65 68 71 74 77 80 83 86 89 
a 1 3 6 8 9 11 14 16 18 20 22 23 27 30 32 33 36 39 42 45 48 51 54 58 60 63 65 68 71 74 77 80 83 86 89 
a 1 3 6 8 9 11 14 16 18 20 22 23 26 30 32 33 36 39 42 45 48 51 54 58 60 63 65 68 71 74 77 80 83 86 89 
a 2 3 6 8 9 11 14 16 18 20 22 23 26 30 32 33 36 39 42 45 48 51 54 58 60 63 65 68 71 74 77 80 83 86 89 
a 2 3 6 8 9 11 14 16 18 20 21 23 26 30 32 33 36 39 42 45 48 51 54 58 60 63 65 68 71 74 77 80 83 86 89 
a 2 3 6 8 9 11 14 16 18 20 21 23 26 29 32 33 36 39 42 45 48 51 54 58 60 63 65 68 71 74 77 80 83 86 89 
a 2 4 6 8 9 11 14 16 18 20 21 23 26 29 32 33 36 39 42 45 48 51 54 58 60 63 65 68 71 74 77 80 83 86 89 
a 2 4 6 8 9 11 14 16 18 20 21 23 26 29 32 33 36 39 42 45 48 52 54 58 60 63 65 68 71 74 77 80 83 86 89 
a 2 4 6 8 9 11 14 16 18 20 21 23 26 29 32 33 36 39 42 45 49 52 54 58 60 63 65 68 71 74 77 80 83 86 89 
a 2 4 6 8 9 11 14 16 18 20 21 23 26 29 32 33 36 39 42 45 49 52 55 58 60 63 65 68 71 74 77 80 83 86 89 
a 2 4 6 8 9 11 14 16 18 20 21 23 26 29 32 33 36 39 42 45 49 52 55 58 60 64 65 68 71 74 77 80 83 86 89 
a 2 4 6 8 9 11 14 16 18 20 21 23 26 29 32 33 36 39 42 45 49 52 55 58 61 64 65 68 71 74 77 80 83 86 89 
a 2 4 6 8 9 11 14 15 18 20 21 23 26 29 32 33 36 39 42 45 49 52 55 58 61 64 65 68 71 74 77 80 83 86 89 
a 2 4 6 8 9 11 14 15 18 20 21 23 26 29 32 33 36 39 42 46 49 52 55 58 61 64 65 68 71 74 77 80 83 86 89 
a 2 4 6 8 9 11 13 15 18 20 21 23 26 29 32 33 36 39 42 46 49 52 55 58 61 64 65 68 71 74 77 80 83 86 89 
a 2 4 6 8 9 11 13 15 18 20 21 23 26 29 32 33 36 39 42 46 49 52 55 58 59 64 65 68 71 74 77 80 83 86 89 
a 2 4 6 8 9 11 13 15 18 20 21 23 26 29 32 33 36 39 42 46 49 52 53 58 59 64 65 68 71 74 77 80 83 86 89 
a 2 4 6 8 9 11 13 15 18 20 21 23 26 29 32 33 36 39 42 46 47 52 53 58 59 64 65 68 71 74 77 80 83 86 89 
a 2 4 6 8 9 11 13 15 18 20 21 23 26 29 32 33 36 39 42 46 47 50 53 58 59 64 65 68 71 74 77 80 83 86 89 
a 2 3 6 8 9 11 13 15 18 20 21 23 26 29 32 33 36 39 42 46 47 50 53 58 59 64 65 68 71 74 77 80 83 86 89 
a 2 3 6 8 9 11 13 15 18 20 21 23 26 30 32 33 36 39 42 46 47 50 53 58 59 64 65 68 71 74 77 80 83 86 89 
a 2 3 6 8 9 11 13 15 18 20 22 23 26 30 32 33 36 39 42 46 47 50 53 58 59 64 65 68 71 74 77 80 83 86 89 
a 2 3 6 8 9 11 13 15 18 20 22 23 26 30 32 33 36 39 42 46 47 50 53 56 59 64 65 68 71 74 77 80 83 86 89 
a 1 3 6 8 9 11 13 15 18 20 22 23 26 30 32 33 36 39 42 46 47 50 53 56 59 64 65 68 71 74 77 80 83 86 89 
a 1 3 6 8 9 11 13 15 18 20 22 23 27 30 32 33 36 39 42 46 47 50 53 56 59 64 65 68 71 74 77 80 83 86 89 
a 1 3 6 7 9 11 13 15 18 20 22 23 27 30 32 33 36 39 42 46 47 50 53 56 59 64 65 68 71 74 77 80 83 86 89 
a 1 3 6 7 9 11 13 15 18 20 22 24 27 30 32 33 36 39 42 46 47 50 53 56 59 64 65 68 71 74 77 80 83 86 89 
a 1 3 5 7 9 11 13 15 18 20 22 24 27 30 32 33 36 39 42 46 47 50 53 56 59 64 65 68 71 74 77 80 83 86 89 
a 1 3 5 7 9 11 13 15 18 20 22 24 25 30 32 33 36 39 42 46 47 50 53 56 59 64 65 68 71 74 77 80 83 86 89 
a 2 3 5 7 9 11 13 15 18 20 22 24 25 30 32 33 36 39 42 46 47 50 53 56 59 64 65 68 71 74 77 80 83 86 89 
a 2 3 5 7 9 11 13 15 18 20 22 24 25 28 32 33 36 39 42 46 47 50 53 56 59 64 65 68 71 74 77 80 83 86 89 
a 2 3 5 7 9 11 13 15 18 20 21 24 25 28 32 33 36 39 42 46 47 50 53 56 59 64 65 68 71 74 77 80 83 86 89 
a 2 4 5 7 9 11 13 15 18 20 21 24 25 28 32 33 36 39 42 46 47 50 53 56 59 64 65 68 71 74 77 80 83 86 89 
a 2 4 5 7 9 11 13 15 18 20 21 24 25 28 32 33 36 39 44 46 47 50 53 56 59 64 65 68 71 74 77 80 83 86 89 
a 2 4 5 7 9 11 13 15 18 20 21 24 25 28 32 33 38 39 44 46 47 50 53 56 59 64 65 68 71 74 77 80 83 86 89 
a 2 4 5 7 9 11 13 15 18 20 21 24 25 28 32 35 38 39 44 46 47 50 53 56 59 64 65 68 71 74 77 80 83 86 89 
a 2 4 5 7 9 11 13 15 18 20 21 24 25 28 32 35 38 41 44 46 47 50 53 56 59 64 65 68 71 74 77 80 83 86 89 
a 2 4 5 7 10 11 13 15 18 20 21 24 25 28 32 35 38 41 44 46 47 50 53 56 59 64 65 68 71 74 77 80 83 86 89 
a 2 4 5 7 10 11 13 15 18 20 21 24 25 28 32 35 38 41 44 46 47 50 53 56 59 62 65 68 71 74 77 80 83 86 89 
a 2 4 5 7 10 11 13 15 18 20 21 24 25 28 31 35 38 41 44 46 47 50 53 56 59 62 65 68 71 74 77 80 83 86 89 
a 2 4 5 7 10 12 13 15 18 20 21 24 25 28 31 35 38 41 44 46 47 50 53 56 59 62 65 68 71 74 77 80 83 86 89 
a 2 4 5 7 10 12 13 15 18 20 21 24 25 28 31 35 38 40 44 46 47 50 53 56 59 62 65 68 71 74 77 80 83 86 89 
a 2 4 5 7 10 12 13 15 18 20 21 24 25 28 31 34 38 40 44 46 47 50 53 56 59 62 65 68 71 74 77 80 83 86 89 
a 2 4 5 7 10 12 13 15 18 20 21 24 25 28 31 34 37 40 44 46 47 50 53 56 59 62 65 68 71 74 77 80 83 86 89 
a 2 3 5 7 10 12 13 15 18 20 21 24 25 28 31 34 37 40 44 46 47 50 53 56 59 62 65 68 71 74 77 80 83 86 89 
a 2 3 5 7 10 12 13 15 18 20 22 24 25 28 31 34 37 40 44 46 47 50 53 56 59 62 65 68 71 74 77 80 83 86 89 
a 2 3 5 7 10 12 13 15 18 20 22 24 25 30 31 34 37 40 44 46 47 50 53 56 59 62 65 68 71 74 77 80 83 86 89 
a 1 3 5 7 10 12 13 15 18 20 22 24 25 30 31 34 37 40 44 46 47 50 53 56 59 62 65 68 71 74 77 80 83 86 89 
a 1 3 5 7 10 12 13 15 18 20 22 24 27 30 31 34 37 40 44 46 47 50 53 56 59 62 65 68 71 74 77 80 83 86 89 
a 1 3 6 7 10 12 13 15 18 20 22 24 27 30 31 34 37 40 44 46 47 50 53 56 59 62 65 68 71 74 77 80 83 86 89 
a 1 3 6 7 10 12 13 15 18 20 22 23 27 30 31 34 37 40 44 46 47 50 53 56 59 62 65 68 71 74 77 80 83 86 89 
a 1 3 6 7 10 12 13 15 18 20 22 23 27 30 31 34 37 40 43 46 47 50 53 56 59 62 65 68 71 74 77 80 83 86 89 
a 1 3 6 8 10 12 13 15 18 20 22 23 27 30 31 34 37 40 43 46 47 50 53 56 59 62 65 68 71 74 77 80 83 86 89 
a 1 3 6 8 10 12 13 15 18 20 22 23 26 30 31 34 37 40 43 46 47 50 53 56 59 62 65 68 71 74 77 80 83 86 89 
a 1 3 6 8 10 12 13 15 18 20 22 23 26 30 31 34 37 40 43 46 47 50 53 56 59 62 65 68 71 74 78 80 83 86 89 
a 1 3 6 8 10 12 13 15 18 20 22 23 26 30 31 34 37 40 43 46 47 50 53 56 59 62 65 68 71 74 78 80 83 87 89 
a 2 3 6 8 10 12 13 15 18 20 22 23 26 30 31 34 37 40 43 46 47 50 53 56 59 62 65 68 71 74 78 80 83 87 89 
a 2 3 6 8 10 12 13 15 18 20 22 23 26 30 31 34 37 40 43 46 47 50 53 56 59 62 65 69 71 74 78 80 83 87 89 
a 2 3 6 8 10 12 13 15 18 20 21 23 26 30 31 34 37 40 43 46 47 50 53 56 59 62 65 69 71 74 78 80 83 87 89 
a 2 3 6 8 10 12 13 15 18 20 21 23 26 29 31 34 37 40 43 46 47 50 53 56 59 62 65 69 71 74 78 80 83 87 89 
a 2 4 6 8 10 12 13 15 18 20 21 23 26 29 31 34 37 40 43 46 47 50 53 56 59 62 65 69 71 74 78 80 83 87 89 
a 2 4 6 8 10 12 13 15 18 20 21 23 26 29 31 34 37 40 43 46 47 50 53 56 59 62 65 69 72 74 78 80 83 87 89 
a 2 4 6 8 10 12 13 15 18 20 21 23 26 29 31 34 37 40 43 46 47 50 53 56 59 62 65 69 72 75 78 80 83 87 89 
a 2 4 6 8 10 12 13 15 18 20 21 23 26 29 31 34 37 40 43 46 47 50 53 56 59 62 65 69 72 75 78 81 83 87 89 
a 2 4 6 8 10 12 13 15 18 20 21 23 26 29 31 34 37 40 43 46 47 50 53 56 59 62 65 69 72 75 78 81 84 87 89 
a 2 4 6 8 10 12 13 15 18 20 21 23 26 29 31 34 37 40 43 46 47 50 53 56 59 62 65 69 72 75 78 81 84 87 90 
a 2 4 6 8 10 12 13 15 18 19 21 23 26 29 31 34 37 40 43 46 47 50 53 56 59 62 65 69 72 75 78 81 84 87 90 
a 2 4 6 8 10 12 13 15 18 19 21 23 26 29 31 34 37 40 43 46 47 50 53 56 59 62 66 69 72 75 78 81 84 87 90 
a 2 4 6 8 10 12 13 15 17 19 21 23 26 29 31 34 37 40 43 46 47 50 53 56 59 62 66 69 72 75 78 81 84 87 90 
a 2 4 6 8 10 12 13 15 17 19 21 23 26 29 31 34 37 40 43 46 47 50 53 56 59 62 66 69 70 75 78 81 84 87 90 
a 2 3 6 8 10 12 13 15 17 19 21 23 26 29 31 34 37 40 43 46 47 50 53 56 59 62 66 69 70 75 78 81 84 87 90 
a 2 3 6 8 10 12 13 15 17 19 21 23 26 30 31 34 37 40 43 46 47 50 53 56 59 62 66 69 70 75 78 81 84 87 90 
a 2 3 6 8 10 12 13 15 17 19 22 23 26 30 31 34 37 40 43 46 47 50 53 56 59 62 66 69 70 75 78 81 84 87 90 
a 2 3 6 8 10 12 13 15 17 19 22 23 26 30 31 34 37 40 43 46 47 50 53 56 59 62 66 67 70 75 78 81 84 87 90 
a 1 3 6 8 10 12 13 15 17 19 22 23 26 30 31 34 37 40 43 46 47 50 53 56 59 62 66 67 70 75 78 81 84 87 90 
a 1 3 6 8 10 12 13 15 17 19 22 23 26 30 31 34 37 40 43 46 47 50 53 56 59 62 66 67 70 75 76 81 84 87 90 
a 1 3 6 8 10 12 13 15 17 19 22 23 27 30 31 34 37 40 43 46 47 50 53 56 59 62 66 67 70 75 76 81 84 87 90 
a 1 3 6 7 10 12 13 15 17 19 22 23 27 30 31 34 37 40 43 46 47 50 53 56 59 62 66 67 70 75 76 81 84 87 90 
a 1 3 6 7 10 12 13 15 17 19 22 23 27 30 31 34 37 40 44 46 47 50 53 56 59 62 66 67 70 75 76 81 84 87 90 
a 1 3 6 7 10 12 13 15 17 19 22 23 27 30 31 34 37 40 44 46 47 50 53 56 59 62 66 67 70 73 76 81 84 87 90 
a 1 3 6 7 10 12 13 15 17 19 22 24 27 30 31 34 37 40 44 46 47 50 53 56 59 62 66 67 70 73 76 81 84 87 90 
a 1 3 5 7 10 12 13 15 17 19 22 24 27 30 31 34 37 40 44 46 47 50 53 56 59 62 66 67 70 73 76 81 84 87 90 
a 1 3 5 7 10 12 13 15 17 19 22 24 25 30 31 34 37 40 44 46 47 50 53 56 59 62 66 67 70 73 76 81 84 87 90 
a 1 3 5 7 10 12 13 15 17 19 22 24 25 28 31 34 37 40 44 46 47 50 53 56 59 62 66 67 70 73 76 81 84 87 90 
a 2 3 5 7 10 12 13 15 17 19 22 24 25 28 31 34 37 40 44 46 47 50 53 56 59 62 66 67 70 73 76 81 84 87 90 
a 2 3 5 7 10 12 13 15 17 19 21 24 25 28 31 34 37 40 44 46 47 50 53 56 59 62 66 67 70 73 76 81 84 87 90 
a 2 4 5 7 10 12 13 15 17 19 21 24 25 28 31 34 37 40 44 46 47 50 53 56 59 62 66 67 70 73 76 81 84 87 90 
a 2 4 5 7 10 12 13 15 17 19 21 24 25 28 31 34 38 40 44 46 47 50 53 56 59 62 66 67 70 73 76 81 84 87 90 
a 2 4 5 7 10 12 13 15 17 19 21 24 25 28 31 34 38 40 44 46 47 50 53 56 59 62 66 67 70 73 76 81 82 87 90 
a 2 4 5 7 10 12 13 15 17 19 21 24 25 28 31 35 38 40 44 46 47 50 53 56 59 62 66 67 70 73 76 81 82 87 90 
a 2 4 5 7 10 12 13 15 17 19 21 24 25 28 31 35 38 41 44 46 47 50 53 56 59 62 66 67 70 73 76 81 82 87 90 
a 2 4 5 7 10 11 13 15 17 19 21 24 25 28 31 35 38 41 44 46 47 50 53 56 59 62 66 67 70 73 76 81 82 87 90 
a 2 4 5 7 10 11 13 15 17 19 21 24 25 28 32 35 38 41 44 46 47 50 53 56 59 62 66 67 70 73 76 81 82 87 90 
a 2 4 5 7 10 11 13 15 17 19 21 24 25 28 32 35 38 41 44 46 47 50 53 56 59 62 66 67 70 73 76 79 82 87 90 
a 2 4 5 7 9 11 13 15 17 19 21 24 25 28 32 35 38 41 44 46 47 50 53 56 59 62 66 67 70 73 76 79 82 87 90 
a 2 4 5 7 9 11 13 15 17 19 21 24 25 28 32 35 38 39 44 46 47 50 53 56 59 62 66 67 70 73 76 79 82 87 90 
a 2 4 5 7 9 11 13 15 17 19 21 24 25 28 32 33 38 39 44 46 47 50 53 56 59 62 66 67 70 73 76 79 82 87 90 
a 2 4 5 7 9 11 13 15 17 19 21 24 25 28 32 33 36 39 44 46 47 50 53 56 59 62 66 67 70 73 76 79 82 87 90 
a 2 3 5 7 9 11 13 15 17 19 21 24 25 28 32 33 36 39 44 46 47 50 53 56 59 62 66 67 70 73 76 79 82 87 90 
a 2 3 5 7 9 11 13 15 17 19 22 24 25 28 32 33 36 39 44 46 47 50 53 56 59 62 66 67 70 73 76 79 82 87 90 
a 1 3 5 7 9 11 13 15 17 19 22 24 25 28 32 33 36 39 44 46 47 50 53 56 59 62 66 67 70 73 76 79 82 87 90 
a 1 3 5 7 9 11 13 15 17 19 22 24 25 30 32 33 36 39 44 46 47 50 53 56 59 62 66 67 70 73 76 79 82 87 90 
a 1 3 5 7 9 11 13 15 17 19 22 24 27 30 32 33 36 39 44 46 47 50 53 56 59 62 66 67 70 73 76 79 82 87 90 
a 1 3 6 7 9 11 13 15 17 19 22 24 27 30 32 33 36 39 44 46 47 50 53 56 59 62 66 67 70 73 76 79 82 87 90 
a 1 3 6 7 9 11 13 15 17 19 22 23 27 30 32 33 36 39 44 46 47 50 53 56 59 62 66 67 70 73 76 79 82 87 90 
a 1 3 6 7 9 11 13 15 17 19 22 23 27 30 32 33 36 39 42 46 47 50 53 56 59 62 66 67 70 73 76 79 82 87 90 
a 1 3 6 8 9 11 13 15 17 19 22 23 27 30 32 33 36 39 42 46 47 50 53 56 59 62 66 67 70 73 76 79 82 87 90 
a 1 3 6 8 9 11 13 15 17 19 22 23 26 30 32 33 36 39 42 46 47 50 53 56 59 62 66 67 70 73 76 79 82 87 90 
a 1 3 6 8 9 11 13 15 17 19 22 23 26 30 32 33 36 39 42 46 47 50 53 56 59 62 66 67 70 73 76 79 82 87 88 
a 2 3 6 8 9 11 13 15 17 19 22 23 26 30 32 33 36 39 42 46 47 50 53 56 59 62 66 67 70 73 76 79 82 87 88 
a 2 3 6 8 9 11 13 15 17 19 21 23 26 30 32 33 36 39 42 46 47 50 53 56 59 62 66 67 70 73 76 79 82 87 88 
a 2 3 6 8 9 11 13 15 17 19 21 23 26 29 32 33 36 39 42 46 47 50 53 56 59 62 66 67 70 73 76 79 82 87 88 
a 2 4 6 8 9 11 13 15 17 19 21 23 26 29 32 33 36 39 42 46 47 50 53 56 59 62 66 67 70 73 76 79 82 87 88 
a 2 4 6 8 9 11 13 15 17 19 21 23 26 29 32 33 36 39 42 46 47 52 53 56 59 62 66 67 70 73 76 79 82 87 88 
a 2 4 6 8 9 11 13 15 17 19 21 23 26 29 32 33 36 39 42 46 47 52 53 58 59 62 66 67 70 73 76 79 82 87 88 
a 2 4 6 8 9 11 13 15 17 19 21 23 26 29 32 33 36 39 42 46 47 52 53 58 59 64 66 67 70 73 76 79 82 87 88 
a 2 4 6 8 9 11 13 15 17 19 21 23 26 29 32 33 36 39 42 46 47 52 53 58 59 64 66 67 70 73 76 79 82 85 88 
a 2 4 6 8 9 11 13 15 17 19 21 23 26 29 32 33 36 39 42 46 49 52 53 58 59 64 66 67 70 73 76 79 82 85 88 
a 2 4 6 8 9 11 13 15 17 19 21 23 26 29 32 33 36 39 42 46 49 52 55 58 59 64 66 67 70 73 76 79 82 85 88 
a 2 4 6 8 9 11 13 15 17 19 21 23 26 29 32 33 36 39 42 46 49 52 55 58 61 64 66 67 70 73 76 79 82 85 88 
a 2 4 6 8 9 11 14 15 17 19 21 23 26 29 32 33 36 39 42 46 49 52 55 58 61 64 66 67 70 73 76 79 82 85 88 
a 2 4 6 8 9 11 14 15 17 19 21 23 26 29 32 33 36 39 42 45 49 52 55 58 61 64 66 67 70 73 76 79 82 85 88 
a 2 4 6 8 9 11 14 16 17 19 21 23 26 29 32 33 36 39 42 45 49 52 55 58 61 64 66 67 70 73 76 79 82 85 88 
a 2 4 6 8 9 11 14 16 17 19 21 23 26 29 32 33 36 39 42 45 49 52 55 58 60 64 66 67 70 73 76 79 82 85 88 
a 2 4 6 8 9 11 14 16 17 19 21 23 26 29 32 33 36 39 42 45 48 52 55 58 60 64 66 67 70 73 76 79 82 85 88 
a 2 4 6 8 9 11 14 16 17 19 21 23 26 29 32 33 36 39 42 45 48 52 54 58 60 64 66 67 70 73 76 79 82 85 88 
a 2 4 6 8 9 11 14 16 17 19 21 23 26 29 32 33 36 39 42 45 48 51 54 58 60 64 66 67 70 73 76 79 82 85 88 
a 2 3 6 8 9 11 14 16 17 19 21 23 26 29 32 33 36 39 42 45 48 51 54 58 60 64 66 67 70 73 76 79 82 85 88 
a 2 3 6 8 9 11 14 16 17 19 21 23 26 30 32 33 36 39 42 45 48 51 54 58 60 64 66 67 70 73 76 79 82 85 88 
a 2 3 6 8 9 11 14 16 17 19 22 23 26 30 32 33 36 39 42 45 48 51 54 58 60 64 66 67 70 73 76 79 82 85 88 
a 1 3 6 8 9 11 14 16 17 19 22 23 26 30 32 33 36 39 42 45 48 51 54 58 60 64 66 67 70 73 76 79 82 85 88 
a 1 3 6 8 9 11 14 16 17 19 22 23 27 30 32 33 36 39 42 45 48 51 54 58 60 64 66 67 70 73 76 79 82 85 88 
a 1 3 6 8 9 11 14 16 17 19 22 23 27 30 32 33 36 39 42 45 48 51 54 57 60 64 66 67 70 73 76 79 82 85 88 
a 1 3 6 7 9 11 14 16 17 19 22 23 27 30 32 33 36 39 42 45 48 51 54 57 60 64 66 67 70 73 76 79 82 85 88 
a 1 3 6 7 9 11 14 16 17 19 22 24 27 30 32 33 36 39 42 45 48 51 54 57 60 64 66 67 70 73 76 79 82 85 88 
a 1 3 5 7 9 11 14 16 17 19 22 24 27 30 32 33 36 39 42 45 48 51 54 57 60 64 66 67 70 73 76 79 82 85 88 
a 1 3 5 7 9 11 14 16 17 19 22 24 25 30 32 33 36 39 42 45 48 51 54 57 60 64 66 67 70 73 76 79 82 85 88 
a 2 3 5 7 9 11 14 16 17 19 22 24 25 30 32 33 36 39 42 45 48 51 54 57 60 64 66 67 70 73 76 79 82 85 88 
a 2 3 5 7 9 11 14 16 17 19 21 24 25 30 32 33 36 39 42 45 48 51 54 57 60 64 66 67 70 73 76 79 82 85 88 
a 2 3 5 7 9 11 14 16 17 19 21 24 25 28 32 33 36 39 42 45 48 51 54 57 60 64 66 67 70 73 76 79 82 85 88 
a 2 4 5 7 9 11 14 16 17 19 21 24 25 28 32 33 36 39 42 45 48 51 54 57 60 64 66 67 70 73 76 79 82 85 88 
a 2 4 5 7 9 11 14 16 17 19 21 24 25 28 32 33 38 39 42 45 48 51 54 57 60 64 66 67 70 73 76 79 82 85 88 
a 2 4 5 7 9 11 14 16 17 19 21 24 25 28 32 33 38 39 44 45 48 51 54 57 60 64 66 67 70 73 76 79 82 85 88 
a 2 4 5 7 9 11 14 16 17 19 21 24 25 28 32 35 38 39 44 45 48 51 54 57 60 64 66 67 70 73 76 79 82 85 88 
a 2 4 5 7 9 11 14 16 17 19 21 24 25 28 32 35 38 41 44 45 48 51 54 57 60 64 66 67 70 73 76 79 82 85 88 
a 2 4 5 7 10 11 14 16 17 19 21 24 25 28 32 35 38 41 44 45 48 51 54 57 60 64 66 67 70 73 76 79 82 85 88 
a 2 4 5 7 10 11 14 16 17 19 21 24 25 28 31 35 38 41 44 45 48 51 54 57 60 64 66 67 70 73 76 79 82 85 88 
a 2 4 5 7 10 11 14 16 17 19 21 24 25 28 31 35 38 41 44 45 48 51 54 57 60 63 66 67 70 73 76 79 82 85 88 
a 2 4 5 7 10 12 14 16 17 19 21 24 25 28 31 35 38 41 44 45 48 51 54 57 60 63 66 67 70 73 76 79 82 85 88 
a 2 4 5 7 10 12 14 16 17 19 21 24 25 28 31 35 38 40 44 45 48 51 54 57 60 63 66 67 70 73 76 79 82 85 88 
a 2 4 5 7 10 12 14 16 17 19 21 24 25 28 31 34 38 40 44 45 48 51 54 57 60 63 66 67 70 73 76 79 82 85 88 
a 2 4 5 7 10 12 14 16 17 19 21 24 25 28 31 34 37 40 44 45 48 51 54 57 60 63 66 67 70 73 76 79 82 85 88 
a 2 3 5 7 10 12 14 16 17 19 21 24 25 28 31 34 37 40 44 45 48 51 54 57 60 63 66 67 70 73 76 79 82 85 88 
a 2 3 5 7 10 12 14 16 17 19 22 24 25 28 31 34 37 40 44 45 48 51 54 57 60 63 66 67 70 73 76 79 82 85 88 
a 1 3 5 7 10 12 14 16 17 19 22 24 25 28 31 34 37 40 44 45 48 51 54 57 60 63 66 67 70 73 76 79 82 85 88 
a 1 3 5 7 10 12 14 16 17 19 22 24 27 28 31 34 37 40 44 45 48 51 54 57 60 63 66 67 70 73 76 79 82 85 88 
a 1 3 5 7 10 12 14 16 17 19 22 24 27 30 31 34 37 40 44 45 48 51 54 57 60 63 66 67 70 73 76 79 82 85 88 
a 1 3 6 7 10 12 14 16 17 19 22 24 27 30 31 34 37 40 44 45 48 51 54 57 60 63 66 67 70 73 76 79 82 85 88 
a 1 3 6 7 10 12 14 16 17 19 22 23 27 30 31 34 37 40 44 45 48 51 54 57 60 63 66 67 70 73 76 79 82 85 88 
a 1 3 6 7 10 12 14 16 17 19 22 23 27 30 31 34 37 40 43 45 48 51 54 57 60 63 66 67 70 73 76 79 82 85 88 
a 1 3 6 8 10 12 14 16 17 19 22 23 27 30 31 34 37 40 43 45 48 51 54 57 60 63 66 67 70 73 76 79 82 85 88 
a 1 3 6 8 10 12 14 16 17 19 22 23 26 30 31 34 37 40 43 45 48 51 54 57 60 63 66 67 70 73 76 79 82 85 88 
a 2 3 6 8 10 12 14 16 17 19 22 23 26 30 31 34 37 40 43 45 48 51 54 57 60 63 66 67 70 73 76 79 82 85 88 
a 2 3 6 8 10 12 14 16 17 19 21 23 26 30 31 34 37 40 43 45 48 51 54 57 60 63 66 67 70 73 76 79 82 85 88 
a 2 3 6 8 10 12 14 16 17 19 21 23 26 29 31 34 37 40 43 45 48 51 54 57 60 63 66 67 70 73 76 79 82 85 88 
a 2 4 6 8 10 12 14 16 17 19 21 23 26 29 31 34 37 40 43 45 48 51 54 57 60 63 66 67 70 73 76 79 82 85 88 
c Length: 197
	Command being timed: "/Users/soh/app/recon/src/recon benchmark/ISR-benchmark/exp_instance/SAT_exp_instance010.col benchmark/ISR-benchmark/exp_instance/SAT_exp_instance010.dat"
	User time (seconds): 0.91
	System time (seconds): 0.00
	Percent of CPU this job got: 99%
	Elapsed (wall clock) time (h:mm:ss or m:ss): 0:00.92
	Average shared text size (kbytes): 0
	Average unshared data size (kbytes): 0
	Average stack size (kbytes): 0
	Average total size (kbytes): 0
	Maximum resident set size (kbytes): 14811136
	Average resident set size (kbytes): 0
	Major (requiring I/O) page faults: 0
	Minor (reclaiming a frame) page faults: 1045
	Voluntary context switches: 17
	Involuntary context switches: 6
	Swaps: 0
	File system inputs: 0
	File system outputs: 0
	Socket messages sent: 34
	Socket messages received: 0
	Signals delivered: 0
	Page size (bytes): 4096
	Exit status: 0
FINISHED CPU 0.91 MEM 0 MAXMEM 0 STALE 1
#RESULT: UNK
#FIN: FIN
#CPU: 0.91
#MAXMEM: 0
c 
#END: [Tue Aug  8 17:58:14 2023]
