#BEGIN: [Thu Jul 20 02:27:01 2023]
#HOST: mini23.local
#TIMELIMIT: 7200
#MEMLIMIT: 0
#FREQ: 10
#SOLVER: sat-based-isr-tj05-230719-15h37m
#ARG1: benchmark/ISR-benchmark/exp_instance/SAT_exp_instance014.col
#ARG2: benchmark/ISR-benchmark/exp_instance/SAT_exp_instance014.dat
#COMMAND: /Users/soh/app/scala-2.12.4/bin/scala -J-Xms32g -J-Xmx32g -cp /Users/soh/app/IsrForCompetition230719-15h37m/scop.jar:/Users/soh/app/IsrForCompetition230719-15h37m/isr4competition_2.12-1.3.5.jar fun.scop.app.isr.IsrSolverTj05 benchmark/ISR-benchmark/exp_instance/SAT_exp_instance014.col benchmark/ISR-benchmark/exp_instance/SAT_exp_instance014.dat cadical /Users/soh/app/IsrForCompetition230719-15h37m/cadical
#Nodes: 168
#Edges: 287
c (0) step 1 UNSAT 1070 3105
c (0) step 2 UNSAT 2095 6064
c (0) step 3 UNSAT 3306 9454
c (0) step 4 UNSAT 4765 13398
c (0) step 5 UNSAT 6534 18019
c (0) step 6 UNSAT 8675 23440
c (0) step 7 UNSAT 11250 29784
c (0) step 8 UNSAT 14321 37174
c (0) step 9 UNSAT 17950 45733
c (0) step 10 UNSAT 22199 55584
c (0) step 11 UNSAT 27130 66850
c (0) step 12 UNSAT 32805 79654
c (0) step 13 UNSAT 39286 94119
c (0) step 14 UNSAT 46635 110368
c (0) step 15 UNSAT 54914 128524
c (0) step 16 UNSAT 64185 148710
c (0) step 17 UNSAT 74510 171049
c (0) step 18 UNSAT 85951 195664
c (3) step 19 UNSAT 98570 222678
c (19) step 20 UNSAT 112429 252214
c (180) step 21 UNSAT 127590 284395
c (398) step 22 UNSAT 144115 319344
c (753) step 23 UNSAT 162066 357184
c (1138) step 24 UNSAT 181505 398038
c (2156) step 25 UNSAT 202494 442029
c (3676) step 26 UNSAT 225095 489280
TIMEOUT CPU 7200 MEM 0 MAXMEM 0
#RESULT: UNK
#FIN: TO
#CPU: 7200
#MAXMEM: 0
c 04142 killed(2). 04143 killed(2). 04156 killed(2). 04142 killed(9). 04143 killed(9). 04156 killed(9). 
#END: [Thu Jul 20 04:27:02 2023]
