#BEGIN: [Tue Aug  8 17:58:12 2023]
#HOST: mini27.local
#TIMELIMIT: 1800
#MEMLIMIT: 0
#FREQ: 10
#SOLVER: recon
#ARG1: benchmark/ISR-benchmark/exp_instance/SAT_exp_instance003.col
#ARG2: benchmark/ISR-benchmark/exp_instance/SAT_exp_instance003.dat
#COMMAND: /Users/soh/app/recon/src/recon benchmark/ISR-benchmark/exp_instance/SAT_exp_instance003.col benchmark/ISR-benchmark/exp_instance/SAT_exp_instance003.dat
c Copyright Volker Turau & Christoph Weyer, 2022
c Institute of Telematics
c Hamburg University of Technology, Hamburg, Germany
c Contact: turau@tuhh.de
c Graph file: benchmark/ISR-benchmark/exp_instance/SAT_exp_instance003.col
c Target file: benchmark/ISR-benchmark/exp_instance/SAT_exp_instance003.dat
c Size of independent set: 4
c Number of nodes of graph: 8
c Number of edges of graph: 6
c Average degree of graph: 1.50
s 2 4 6 7 
t 2 3 5 8 
c BFS found 2 new nodes in level 1 (total 3/268435456)
c BFS found 2 new nodes in level 2 (total 5/268435456)
c BFS exiting found=true count=5 max_count=268435456
c Found with: Breadth First Search
a YES
a 2 4 6 7 
a 2 4 5 7 
a 2 3 5 7 
a 2 3 5 8 
c Length: 3
	Command being timed: "/Users/soh/app/recon/src/recon benchmark/ISR-benchmark/exp_instance/SAT_exp_instance003.col benchmark/ISR-benchmark/exp_instance/SAT_exp_instance003.dat"
	User time (seconds): 0.00
	System time (seconds): 0.00
	Percent of CPU this job got: 0%
	Elapsed (wall clock) time (h:mm:ss or m:ss): 0:00.00
	Average shared text size (kbytes): 0
	Average unshared data size (kbytes): 0
	Average stack size (kbytes): 0
	Average total size (kbytes): 0
	Maximum resident set size (kbytes): 3194880
	Average resident set size (kbytes): 0
	Major (requiring I/O) page faults: 0
	Minor (reclaiming a frame) page faults: 336
	Voluntary context switches: 18
	Involuntary context switches: 2
	Swaps: 0
	File system inputs: 0
	File system outputs: 0
	Socket messages sent: 37
	Socket messages received: 0
	Signals delivered: 0
	Page size (bytes): 4096
	Exit status: 0
FINISHED CPU 0 MEM 0 MAXMEM 0 STALE 1
#RESULT: UNK
#FIN: FIN
#CPU: 0
#MAXMEM: 0
c 
#END: [Tue Aug  8 17:58:13 2023]
