#BEGIN: [Wed Jul 19 16:20:36 2023]
#HOST: mini26.local
#TIMELIMIT: 7200
#MEMLIMIT: 0
#FREQ: 10
#SOLVER: sat-based-isr-tj05-230719-15h37m
#ARG1: benchmark/ISR-benchmark/exp_instance/SAT_exp_instance002.col
#ARG2: benchmark/ISR-benchmark/exp_instance/SAT_exp_instance002.dat
#COMMAND: /Users/soh/app/scala-2.12.4/bin/scala -J-Xms32g -J-Xmx32g -cp /Users/soh/app/IsrForCompetition230719-15h37m/scop.jar:/Users/soh/app/IsrForCompetition230719-15h37m/isr4competition_2.12-1.3.5.jar fun.scop.app.isr.IsrSolverTj05 benchmark/ISR-benchmark/exp_instance/SAT_exp_instance002.col benchmark/ISR-benchmark/exp_instance/SAT_exp_instance002.dat cadical /Users/soh/app/IsrForCompetition230719-15h37m/cadical
#Nodes: 6
#Edges: 5
c (0) step 1 UNSAT 38 93
c (0) step 2 UNSAT 73 184
c (0) step 3 SAT 114 286
a YES
a 2 4 5
a 2 3 5
a 2 3 6
a 1 3 6
	Command being timed: "/Users/soh/app/scala-2.12.4/bin/scala -J-Xms32g -J-Xmx32g -cp /Users/soh/app/IsrForCompetition230719-15h37m/scop.jar:/Users/soh/app/IsrForCompetition230719-15h37m/isr4competition_2.12-1.3.5.jar fun.scop.app.isr.IsrSolverTj05 benchmark/ISR-benchmark/exp_instance/SAT_exp_instance002.col benchmark/ISR-benchmark/exp_instance/SAT_exp_instance002.dat cadical /Users/soh/app/IsrForCompetition230719-15h37m/cadical"
	User time (seconds): 0.73
	System time (seconds): 0.08
	Percent of CPU this job got: 112%
	Elapsed (wall clock) time (h:mm:ss or m:ss): 0:00.72
	Average shared text size (kbytes): 0
	Average unshared data size (kbytes): 0
	Average stack size (kbytes): 0
	Average total size (kbytes): 0
	Maximum resident set size (kbytes): 812072960
	Average resident set size (kbytes): 0
	Major (requiring I/O) page faults: 0
	Minor (reclaiming a frame) page faults: 55516
	Voluntary context switches: 42
	Involuntary context switches: 2282
	Swaps: 0
	File system inputs: 0
	File system outputs: 0
	Socket messages sent: 54
	Socket messages received: 0
	Signals delivered: 5
	Page size (bytes): 4096
	Exit status: 0
FINISHED CPU 0.81 MEM 0 MAXMEM 0 STALE 1
#RESULT: UNK
#FIN: FIN
#CPU: 0.81
#MAXMEM: 0
c 
#END: [Wed Jul 19 16:20:37 2023]
