#BEGIN: [Tue Aug  1 12:28:38 2023]
#HOST: mini26.local
#TIMELIMIT: 7200
#MEMLIMIT: 0
#FREQ: 10
#SOLVER: ddreconf230801-10h10m
#ARG1: benchmark/ISR-benchmark/exp_instance/SAT_exp_instance006.col
#ARG2: benchmark/ISR-benchmark/exp_instance/SAT_exp_instance006.dat
#COMMAND: /Users/soh/app/ddreconf230801-10h10m/ddreconf benchmark/ISR-benchmark/exp_instance/SAT_exp_instance006.col --indset --stwidth --stfile=benchmark/ISR-benchmark/exp_instance/SAT_exp_instance006.dat
Input graph file parsed. # of vertices = 36, # of edges = 51
s 2 4 6 8 10 12 13 15 18 21 23 26 29 32 35
t 2 4 6 8 9 11 13 15 18 21 24 25 28 31 34
Solution space ZDD construction start
Solution space ZDD construction end
Solution space ZDD construction time = 0.014079
Solution space ZDD size = 14084
# of elements in the solution space = 8181566
Start computing the width of the solution space graph
Zs_1 construction time = 0.000033, # ZDD nodes = 28, # elems = 3
Zt_1 construction time = 0.000025, # ZDD nodes = 28, # elems = 3
Zs_2 construction time = 0.000056, # ZDD nodes = 34, # elems = 4
Zt_2 construction time = 0.000048, # ZDD nodes = 34, # elems = 4
Zs_3 construction time = 0.000056, # ZDD nodes = 32, # elems = 4
Zt_3 construction time = 0.000054, # ZDD nodes = 32, # elems = 4
Zs_4 construction time = 0.000052, # ZDD nodes = 29, # elems = 3
Zt_4 construction time = 0.000047, # ZDD nodes = 29, # elems = 3
Zs_5 construction time = 0.000038, # ZDD nodes = 15, # elems = 1
Zt_5 construction time = 0.000036, # ZDD nodes = 15, # elems = 1
Zs_6 construction time = 0.000019, # ZDD nodes = 15, # elems = 1
Zt_6 construction time = 0.000044, # ZDD nodes = 15, # elems = 1
Zs_7 construction time = 0.000047, # ZDD nodes = 23, # elems = 2
Zt_7 construction time = 0.000028, # ZDD nodes = 23, # elems = 2
Zs_8 construction time = 0.000092, # ZDD nodes = 28, # elems = 2
Zt_8 construction time = 0.000041, # ZDD nodes = 28, # elems = 2
Zs_9 construction time = 0.000045, # ZDD nodes = 24, # elems = 4
Zt_9 construction time = 0.000039, # ZDD nodes = 24, # elems = 4
Zs_10 construction time = 0.000051, # ZDD nodes = 39, # elems = 7
Zt_10 construction time = 0.000073, # ZDD nodes = 39, # elems = 7
Zs_11 construction time = 0.000092, # ZDD nodes = 46, # elems = 9
Zt_11 construction time = 0.000065, # ZDD nodes = 46, # elems = 9
Zs_12 construction time = 0.000076, # ZDD nodes = 45, # elems = 11
Zt_12 construction time = 0.000140, # ZDD nodes = 45, # elems = 11
Zs_13 construction time = 0.000121, # ZDD nodes = 44, # elems = 11
Zt_13 construction time = 0.000085, # ZDD nodes = 44, # elems = 11
Zs_14 construction time = 0.000092, # ZDD nodes = 42, # elems = 9
Zt_14 construction time = 0.000093, # ZDD nodes = 42, # elems = 9
Zs_15 construction time = 0.000085, # ZDD nodes = 34, # elems = 7
Zt_15 construction time = 0.000070, # ZDD nodes = 34, # elems = 7
Zs_16 construction time = 0.000051, # ZDD nodes = 21, # elems = 4
Zt_16 construction time = 0.000055, # ZDD nodes = 21, # elems = 4
Zs_17 construction time = 0.000036, # ZDD nodes = 15, # elems = 1
Zt_17 construction time = 0.000034, # ZDD nodes = 15, # elems = 1
Zs_18 construction time = 0.000016, # ZDD nodes = 15, # elems = 1
Zt_18 construction time = 0.000016, # ZDD nodes = 15, # elems = 1
Zs_19 construction time = 0.000029, # ZDD nodes = 15, # elems = 1
Reconf seq found. Shortest length = 37
Zt_19 construction time = 0.000027, # ZDD nodes = 15, # elems = 1
Zs_20 construction time = 0.000006, # ZDD nodes = 15, # elems = 1
Zt_20 construction time = 0.000007, # ZDD nodes = 15, # elems = 1
Zs_21 construction time = 0.000007, # ZDD nodes = 21, # elems = 4
Zt_21 construction time = 0.000008, # ZDD nodes = 21, # elems = 4
Zs_22 construction time = 0.000010, # ZDD nodes = 34, # elems = 7
Zt_22 construction time = 0.000012, # ZDD nodes = 34, # elems = 7
Zs_23 construction time = 0.000012, # ZDD nodes = 42, # elems = 9
Zt_23 construction time = 0.000012, # ZDD nodes = 42, # elems = 9
Zs_24 construction time = 0.000012, # ZDD nodes = 44, # elems = 11
Zt_24 construction time = 0.000011, # ZDD nodes = 44, # elems = 11
Zs_25 construction time = 0.000012, # ZDD nodes = 45, # elems = 11
Zt_25 construction time = 0.000011, # ZDD nodes = 45, # elems = 11
Zs_26 construction time = 0.000012, # ZDD nodes = 46, # elems = 9
Zt_26 construction time = 0.000012, # ZDD nodes = 46, # elems = 9
Zs_27 construction time = 0.000011, # ZDD nodes = 39, # elems = 7
Zt_27 construction time = 0.000011, # ZDD nodes = 39, # elems = 7
Zs_28 construction time = 0.000008, # ZDD nodes = 24, # elems = 4
Zt_28 construction time = 0.000008, # ZDD nodes = 24, # elems = 4
Zs_29 construction time = 0.000009, # ZDD nodes = 28, # elems = 2
Zt_29 construction time = 0.000009, # ZDD nodes = 28, # elems = 2
Zs_30 construction time = 0.000009, # ZDD nodes = 23, # elems = 2
Zt_30 construction time = 0.000012, # ZDD nodes = 23, # elems = 2
Zs_31 construction time = 0.000007, # ZDD nodes = 15, # elems = 1
Zt_31 construction time = 0.000006, # ZDD nodes = 15, # elems = 1
Zs_32 construction time = 0.000007, # ZDD nodes = 15, # elems = 1
Zt_32 construction time = 0.000007, # ZDD nodes = 15, # elems = 1
Zs_33 construction time = 0.000008, # ZDD nodes = 17, # elems = 2
Zt_33 construction time = 0.000007, # ZDD nodes = 17, # elems = 2
Zs_34 construction time = 0.000014, # ZDD nodes = 25, # elems = 2
Zt_34 construction time = 0.000013, # ZDD nodes = 25, # elems = 2
Zs_35 construction time = 0.000013, # ZDD nodes = 22, # elems = 3
Zt_35 construction time = 0.000014, # ZDD nodes = 22, # elems = 3
Zs_36 construction time = 0.000018, # ZDD nodes = 22, # elems = 3
Zt_36 construction time = 0.000017, # ZDD nodes = 22, # elems = 3
Zs_37 construction time = 0.000015, # ZDD nodes = 26, # elems = 2
Zt_37 construction time = 0.000015, # ZDD nodes = 26, # elems = 2
Card(Zs_0 & Zt_37) = 1
Card(Zs_1 & Zt_36) = 1
Card(Zs_2 & Zt_35) = 2
Card(Zs_3 & Zt_34) = 2
Card(Zs_4 & Zt_33) = 2
Card(Zs_5 & Zt_32) = 1
Card(Zs_6 & Zt_31) = 1
Card(Zs_7 & Zt_30) = 2
Card(Zs_8 & Zt_29) = 2
Card(Zs_9 & Zt_28) = 4
Card(Zs_10 & Zt_27) = 7
Card(Zs_11 & Zt_26) = 9
Card(Zs_12 & Zt_25) = 11
Card(Zs_13 & Zt_24) = 11
Card(Zs_14 & Zt_23) = 9
Card(Zs_15 & Zt_22) = 7
Card(Zs_16 & Zt_21) = 4
Card(Zs_17 & Zt_20) = 1
Card(Zs_18 & Zt_19) = 1
Card(Zs_19 & Zt_18) = 1
Card(Zs_20 & Zt_17) = 1
Card(Zs_21 & Zt_16) = 4
Card(Zs_22 & Zt_15) = 7
Card(Zs_23 & Zt_14) = 9
Card(Zs_24 & Zt_13) = 11
Card(Zs_25 & Zt_12) = 11
Card(Zs_26 & Zt_11) = 9
Card(Zs_27 & Zt_10) = 7
Card(Zs_28 & Zt_9) = 4
Card(Zs_29 & Zt_8) = 2
Card(Zs_30 & Zt_7) = 2
Card(Zs_31 & Zt_6) = 1
Card(Zs_32 & Zt_5) = 1
Card(Zs_33 & Zt_4) = 2
Card(Zs_34 & Zt_3) = 2
Card(Zs_35 & Zt_2) = 2
Card(Zs_36 & Zt_1) = 1
Card(Zs_37 & Zt_0) = 1
max card = 11
max card index = 12
a YES
a 2 4 6 8 10 12 13 15 18 21 23 26 29 32 35
a 2 3 6 8 10 12 13 15 18 21 23 26 29 32 35
a 2 3 6 8 10 12 13 15 18 22 23 26 29 32 35
a 2 3 6 8 10 12 14 15 18 22 23 26 29 32 35
a 1 3 6 8 10 12 14 15 18 22 23 26 29 32 35
a 1 3 6 8 10 12 14 15 19 22 23 26 29 32 35
a 1 3 6 7 10 12 14 15 19 22 23 26 29 32 35
a 1 3 6 7 10 12 14 15 19 22 23 26 29 32 36
a 1 3 6 7 10 12 14 16 19 22 23 26 29 32 36
a 1 3 5 7 10 12 14 16 19 22 23 26 29 32 36
a 1 3 5 7 10 12 14 16 19 22 23 26 29 33 36
a 1 3 5 7 10 12 14 16 19 20 23 26 29 33 36
a 1 3 5 7 10 12 14 16 17 20 23 26 29 33 36
a 2 3 5 7 10 12 14 16 17 20 23 26 29 33 36
a 2 3 5 7 10 12 13 16 17 20 23 26 29 33 36
a 2 4 5 7 10 12 13 16 17 20 23 26 29 33 36
a 2 4 5 7 10 12 13 16 17 20 23 26 30 33 36
a 2 4 5 7 10 12 13 16 17 20 23 27 30 33 36
a 2 4 5 7 10 11 13 16 17 20 23 27 30 33 36
a 2 4 5 7 10 11 13 16 17 20 24 27 30 33 36
a 2 4 5 7 9 11 13 16 17 20 24 27 30 33 36
a 2 4 5 7 9 11 13 16 17 20 24 27 30 33 34
a 2 4 5 7 9 11 13 16 17 20 24 27 30 31 34
a 2 4 5 7 9 11 13 16 17 20 24 27 28 31 34
a 2 4 5 7 9 11 13 16 17 20 24 25 28 31 34
a 2 3 5 7 9 11 13 16 17 20 24 25 28 31 34
a 2 3 5 7 9 11 13 16 17 22 24 25 28 31 34
a 2 3 5 7 9 11 14 16 17 22 24 25 28 31 34
a 1 3 5 7 9 11 14 16 17 22 24 25 28 31 34
a 1 3 5 7 9 11 14 16 19 22 24 25 28 31 34
a 1 3 6 7 9 11 14 16 19 22 24 25 28 31 34
a 1 3 6 7 9 11 14 15 19 22 24 25 28 31 34
a 1 3 6 8 9 11 14 15 19 22 24 25 28 31 34
a 1 3 6 8 9 11 14 15 19 21 24 25 28 31 34
a 1 3 6 8 9 11 14 15 18 21 24 25 28 31 34
a 2 3 6 8 9 11 14 15 18 21 24 25 28 31 34
a 2 3 6 8 9 11 13 15 18 21 24 25 28 31 34
a 2 4 6 8 9 11 13 15 18 21 24 25 28 31 34
Reconfiguration time = 0.010126
	Command being timed: "/Users/soh/app/ddreconf230801-10h10m/ddreconf benchmark/ISR-benchmark/exp_instance/SAT_exp_instance006.col --indset --stwidth --stfile=benchmark/ISR-benchmark/exp_instance/SAT_exp_instance006.dat"
	User time (seconds): 0.03
	System time (seconds): 0.00
	Percent of CPU this job got: 82%
	Elapsed (wall clock) time (h:mm:ss or m:ss): 0:00.05
	Average shared text size (kbytes): 0
	Average unshared data size (kbytes): 0
	Average stack size (kbytes): 0
	Average total size (kbytes): 0
	Maximum resident set size (kbytes): 131973120
	Average resident set size (kbytes): 0
	Major (requiring I/O) page faults: 0
	Minor (reclaiming a frame) page faults: 8195
	Voluntary context switches: 35
	Involuntary context switches: 3
	Swaps: 0
	File system inputs: 0
	File system outputs: 0
	Socket messages sent: 34
	Socket messages received: 0
	Signals delivered: 0
	Page size (bytes): 4096
	Exit status: 0
FINISHED CPU 0.03 MEM 0 MAXMEM 0 STALE 1
#RESULT: UNK
#FIN: FIN
#CPU: 0.03
#MAXMEM: 0
c 
#END: [Tue Aug  1 12:28:38 2023]
