#BEGIN: [Tue Aug  1 12:28:40 2023]
#HOST: mini25.local
#TIMELIMIT: 7200
#MEMLIMIT: 0
#FREQ: 10
#SOLVER: ddreconf230801-10h10m
#ARG1: benchmark/ISR-benchmark/exp_instance/SAT_exp_instance011.col
#ARG2: benchmark/ISR-benchmark/exp_instance/SAT_exp_instance011.dat
#COMMAND: /Users/soh/app/ddreconf230801-10h10m/ddreconf benchmark/ISR-benchmark/exp_instance/SAT_exp_instance011.col --indset --stwidth --stfile=benchmark/ISR-benchmark/exp_instance/SAT_exp_instance011.dat
Input graph file parsed. # of vertices = 92, # of edges = 146
s 2 4 6 8 10 12 14 16 18 20 22 23 25 28 31 33 36 39 42 45 47 50 53 56 59 62 65 67 70 73 76 79 82 85 88 91
t 2 4 6 8 10 12 14 16 18 19 21 23 25 28 31 33 36 39 42 45 47 50 53 56 59 62 65 68 69 72 75 78 81 84 87 90
Solution space ZDD construction start
Solution space ZDD construction end
Solution space ZDD construction time = 36.100601
Solution space ZDD size = 9927694
# of elements in the solution space = 232135455402690624
Start computing the width of the solution space graph
The goal set is not in the solution space.
Command exited with non-zero status 3
	Command being timed: "/Users/soh/app/ddreconf230801-10h10m/ddreconf benchmark/ISR-benchmark/exp_instance/SAT_exp_instance011.col --indset --stwidth --stfile=benchmark/ISR-benchmark/exp_instance/SAT_exp_instance011.dat"
	User time (seconds): 36.81
	System time (seconds): 1.81
	Percent of CPU this job got: 99%
	Elapsed (wall clock) time (h:mm:ss or m:ss): 0:38.64
	Average shared text size (kbytes): 0
	Average unshared data size (kbytes): 0
	Average stack size (kbytes): 0
	Average total size (kbytes): 0
	Maximum resident set size (kbytes): 24923144192
	Average resident set size (kbytes): 0
	Major (requiring I/O) page faults: 0
	Minor (reclaiming a frame) page faults: 2025040
	Voluntary context switches: 21
	Involuntary context switches: 198
	Swaps: 0
	File system inputs: 0
	File system outputs: 0
	Socket messages sent: 34
	Socket messages received: 0
	Signals delivered: 0
	Page size (bytes): 4096
	Exit status: 3
FINISHED CPU 38.62 MEM 0 MAXMEM 0 STALE 1
#RESULT: UNK
#FIN: FIN
#CPU: 38.62
#MAXMEM: 0
c 
#END: [Tue Aug  1 12:29:19 2023]
