#BEGIN: [Thu Jul 20 04:26:04 2023]
#HOST: mini22.local
#TIMELIMIT: 7200
#MEMLIMIT: 0
#FREQ: 10
#SOLVER: sat-based-isr-tj05-230719-15h37m
#ARG1: benchmark/ISR-benchmark/exp_instance/SAT_exp_instance018.col
#ARG2: benchmark/ISR-benchmark/exp_instance/SAT_exp_instance018.dat
#COMMAND: /Users/soh/app/scala-2.12.4/bin/scala -J-Xms32g -J-Xmx32g -cp /Users/soh/app/IsrForCompetition230719-15h37m/scop.jar:/Users/soh/app/IsrForCompetition230719-15h37m/isr4competition_2.12-1.3.5.jar fun.scop.app.isr.IsrSolverTj05 benchmark/ISR-benchmark/exp_instance/SAT_exp_instance018.col benchmark/ISR-benchmark/exp_instance/SAT_exp_instance018.dat cadical /Users/soh/app/IsrForCompetition230719-15h37m/cadical
#Nodes: 270
#Edges: 477
c (0) step 1 UNSAT 1718 5021
c (0) step 2 UNSAT 3361 9784
c (0) step 3 UNSAT 5298 15230
c (0) step 4 UNSAT 7627 21554
c (0) step 5 UNSAT 10446 28951
c (0) step 6 UNSAT 13853 37616
c (0) step 7 UNSAT 17946 47744
c (0) step 8 UNSAT 22823 59530
c (0) step 9 UNSAT 28582 73169
c (0) step 10 UNSAT 35321 88856
c (0) step 11 UNSAT 43138 106786
c (0) step 12 UNSAT 52131 127154
c (0) step 13 UNSAT 62398 150155
c (0) step 14 UNSAT 74037 175984
c (0) step 15 UNSAT 87146 204836
c (0) step 16 UNSAT 101823 236906
c (0) step 17 UNSAT 118166 272389
c (0) step 18 UNSAT 136273 311480
c (0) step 19 UNSAT 156242 354374
c (0) step 20 UNSAT 178171 401266
c (0) step 21 UNSAT 202158 452351
c (2) step 22 UNSAT 228301 507824
c (14) step 23 UNSAT 256698 567880
c (125) step 24 UNSAT 287447 632714
c (472) step 25 UNSAT 320646 702521
c (2028) step 26 UNSAT 356393 777496
c (6712) step 27 UNSAT 394786 857834
TIMEOUT CPU 7200 MEM 0 MAXMEM 0
#RESULT: UNK
#FIN: TO
#CPU: 7200
#MAXMEM: 0
c 19414 killed(2). 19400 killed(2). 19401 killed(2). 19414 killed(9). 19400 killed(9). 19401 killed(9). 
#END: [Thu Jul 20 06:26:04 2023]
