#BEGIN: [Thu Jul 20 02:27:01 2023]
#HOST: mini27.local
#TIMELIMIT: 7200
#MEMLIMIT: 0
#FREQ: 10
#SOLVER: sat-based-isr-tj05-230719-15h37m
#ARG1: benchmark/ISR-benchmark/exp_instance/SAT_exp_instance012.col
#ARG2: benchmark/ISR-benchmark/exp_instance/SAT_exp_instance012.dat
#COMMAND: /Users/soh/app/scala-2.12.4/bin/scala -J-Xms32g -J-Xmx32g -cp /Users/soh/app/IsrForCompetition230719-15h37m/scop.jar:/Users/soh/app/IsrForCompetition230719-15h37m/isr4competition_2.12-1.3.5.jar fun.scop.app.isr.IsrSolverTj05 benchmark/ISR-benchmark/exp_instance/SAT_exp_instance012.col benchmark/ISR-benchmark/exp_instance/SAT_exp_instance012.dat cadical /Users/soh/app/IsrForCompetition230719-15h37m/cadical
#Nodes: 126
#Edges: 210
c (0) step 1 UNSAT 803 2318
c (0) step 2 UNSAT 1573 4534
c (0) step 3 UNSAT 2484 7076
c (0) step 4 UNSAT 3583 10037
c (0) step 5 UNSAT 4917 13510
c (0) step 6 UNSAT 6533 17588
c (0) step 7 UNSAT 8478 22364
c (0) step 8 UNSAT 10799 27931
c (0) step 9 UNSAT 13543 34382
c (0) step 10 UNSAT 16757 41810
c (0) step 11 UNSAT 20488 50308
c (0) step 12 UNSAT 24783 59969
c (0) step 13 UNSAT 29689 70886
c (0) step 14 UNSAT 35253 83152
c (0) step 15 UNSAT 41522 96860
c (0) step 16 UNSAT 48543 112103
c (1) step 17 UNSAT 56363 128974
c (5) step 18 UNSAT 65029 147566
c (17) step 19 UNSAT 74588 167972
c (42) step 20 UNSAT 85087 190285
c (117) step 21 UNSAT 96573 214598
c (368) step 22 UNSAT 109093 241004
c (1199) step 23 UNSAT 122694 269596
c (2157) step 24 UNSAT 137423 300467
c (4577) step 25 UNSAT 153327 333710
TIMEOUT CPU 7200 MEM 0 MAXMEM 0
#RESULT: UNK
#FIN: TO
#CPU: 7200
#MAXMEM: 0
c 16276 killed(2). 16289 killed(2). 16275 killed(2). 16276 killed(9). 16289 killed(9). 16275 killed(9). 
#END: [Thu Jul 20 04:27:02 2023]
