#BEGIN: [Thu Jul 20 04:26:04 2023]
#HOST: mini21.local
#TIMELIMIT: 7200
#MEMLIMIT: 0
#FREQ: 10
#SOLVER: sat-based-isr-tj05-230719-15h37m
#ARG1: benchmark/ISR-benchmark/exp_instance/SAT_exp_instance016.col
#ARG2: benchmark/ISR-benchmark/exp_instance/SAT_exp_instance016.dat
#COMMAND: /Users/soh/app/scala-2.12.4/bin/scala -J-Xms32g -J-Xmx32g -cp /Users/soh/app/IsrForCompetition230719-15h37m/scop.jar:/Users/soh/app/IsrForCompetition230719-15h37m/isr4competition_2.12-1.3.5.jar fun.scop.app.isr.IsrSolverTj05 benchmark/ISR-benchmark/exp_instance/SAT_exp_instance016.col benchmark/ISR-benchmark/exp_instance/SAT_exp_instance016.dat cadical /Users/soh/app/IsrForCompetition230719-15h37m/cadical
#Nodes: 216
#Edges: 376
c (0) step 1 UNSAT 1375 4006
c (0) step 2 UNSAT 2691 7814
c (0) step 3 UNSAT 4244 12172
c (0) step 4 UNSAT 6113 17237
c (0) step 5 UNSAT 8377 23166
c (0) step 6 UNSAT 11115 30116
c (0) step 7 UNSAT 14406 38244
c (0) step 8 UNSAT 18329 47707
c (0) step 9 UNSAT 22963 58662
c (0) step 10 UNSAT 28387 71266
c (0) step 11 UNSAT 34680 85676
c (0) step 12 UNSAT 41921 102049
c (0) step 13 UNSAT 50189 120542
c (0) step 14 UNSAT 59563 141312
c (0) step 15 UNSAT 70122 164516
c (0) step 16 UNSAT 81945 190311
c (0) step 17 UNSAT 95111 218854
c (0) step 18 UNSAT 109699 250302
c (0) step 19 UNSAT 125788 284812
c (1) step 20 UNSAT 143457 322541
c (5) step 21 UNSAT 162785 363646
c (30) step 22 UNSAT 183851 408284
c (211) step 23 UNSAT 206734 456612
c (739) step 24 UNSAT 231513 508787
c (2002) step 25 UNSAT 258267 564966
c (3413) step 26 UNSAT 287075 625306
c (5997) step 27 UNSAT 318016 689964
TIMEOUT CPU 7200 MEM 0 MAXMEM 0
#RESULT: UNK
#FIN: TO
#CPU: 7200
#MAXMEM: 0
c 55300 killed(2). 55299 killed(2). 55313 killed(2). 55300 killed(9). 55299 killed(9). 55313 killed(9). 
#END: [Thu Jul 20 06:26:05 2023]
