#BEGIN: [Wed Jul 19 16:20:37 2023]
#HOST: mini28.local
#TIMELIMIT: 7200
#MEMLIMIT: 0
#FREQ: 10
#SOLVER: sat-based-isr-tj05-230719-15h37m
#ARG1: benchmark/ISR-benchmark/exp_instance/SAT_exp_instance004.col
#ARG2: benchmark/ISR-benchmark/exp_instance/SAT_exp_instance004.dat
#COMMAND: /Users/soh/app/scala-2.12.4/bin/scala -J-Xms32g -J-Xmx32g -cp /Users/soh/app/IsrForCompetition230719-15h37m/scop.jar:/Users/soh/app/IsrForCompetition230719-15h37m/isr4competition_2.12-1.3.5.jar fun.scop.app.isr.IsrSolverTj05 benchmark/ISR-benchmark/exp_instance/SAT_exp_instance004.col benchmark/ISR-benchmark/exp_instance/SAT_exp_instance004.dat cadical /Users/soh/app/IsrForCompetition230719-15h37m/cadical
#Nodes: 18
#Edges: 22
c (0) step 1 UNSAT 115 310
c (0) step 2 UNSAT 225 614
c (0) step 3 UNSAT 356 964
c (0) step 4 UNSAT 515 1373
c (0) step 5 UNSAT 709 1854
c (0) step 6 UNSAT 945 2420
c (0) step 7 UNSAT 1230 3084
c (0) step 8 UNSAT 1571 3859
c (0) step 9 UNSAT 1975 4758
c (0) step 10 UNSAT 2379 5657
c (0) step 11 UNSAT 2783 6556
c (0) step 12 UNSAT 3187 7455
c (0) step 13 SAT 3591 8354
a YES
a 2 4 6 8 9 11 14 17
a 2 3 6 8 9 11 14 17
a 2 3 6 8 9 11 14 18
a 2 3 6 8 10 11 14 18
a 1 3 6 8 10 11 14 18
a 1 3 6 8 10 11 15 18
a 1 3 6 7 10 11 15 18
a 1 3 6 7 10 12 15 18
a 1 3 5 7 10 12 15 18
a 1 3 5 7 10 12 15 16
a 1 3 5 7 10 12 13 16
a 2 3 5 7 10 12 13 16
a 2 3 5 7 9 12 13 16
a 2 4 5 7 9 12 13 16
	Command being timed: "/Users/soh/app/scala-2.12.4/bin/scala -J-Xms32g -J-Xmx32g -cp /Users/soh/app/IsrForCompetition230719-15h37m/scop.jar:/Users/soh/app/IsrForCompetition230719-15h37m/isr4competition_2.12-1.3.5.jar fun.scop.app.isr.IsrSolverTj05 benchmark/ISR-benchmark/exp_instance/SAT_exp_instance004.col benchmark/ISR-benchmark/exp_instance/SAT_exp_instance004.dat cadical /Users/soh/app/IsrForCompetition230719-15h37m/cadical"
	User time (seconds): 0.93
	System time (seconds): 0.09
	Percent of CPU this job got: 143%
	Elapsed (wall clock) time (h:mm:ss or m:ss): 0:00.71
	Average shared text size (kbytes): 0
	Average unshared data size (kbytes): 0
	Average stack size (kbytes): 0
	Average total size (kbytes): 0
	Maximum resident set size (kbytes): 862896128
	Average resident set size (kbytes): 0
	Major (requiring I/O) page faults: 0
	Minor (reclaiming a frame) page faults: 58593
	Voluntary context switches: 34
	Involuntary context switches: 2758
	Swaps: 0
	File system inputs: 0
	File system outputs: 0
	Socket messages sent: 39
	Socket messages received: 0
	Signals delivered: 5
	Page size (bytes): 4096
	Exit status: 0
FINISHED CPU 1.02 MEM 0 MAXMEM 0 STALE 1
#RESULT: UNK
#FIN: FIN
#CPU: 1.02
#MAXMEM: 0
c 
#END: [Wed Jul 19 16:20:38 2023]
