#BEGIN: [Wed Jul 19 16:20:38 2023]
#HOST: mini25.local
#TIMELIMIT: 7200
#MEMLIMIT: 0
#FREQ: 10
#SOLVER: sat-based-isr-tj05-230719-15h37m
#ARG1: benchmark/ISR-benchmark/exp_instance/SAT_exp_instance008.col
#ARG2: benchmark/ISR-benchmark/exp_instance/SAT_exp_instance008.dat
#COMMAND: /Users/soh/app/scala-2.12.4/bin/scala -J-Xms32g -J-Xmx32g -cp /Users/soh/app/IsrForCompetition230719-15h37m/scop.jar:/Users/soh/app/IsrForCompetition230719-15h37m/isr4competition_2.12-1.3.5.jar fun.scop.app.isr.IsrSolverTj05 benchmark/ISR-benchmark/exp_instance/SAT_exp_instance008.col benchmark/ISR-benchmark/exp_instance/SAT_exp_instance008.dat cadical /Users/soh/app/IsrForCompetition230719-15h37m/cadical
#Nodes: 60
#Edges: 92
c (0) step 1 UNSAT 383 1086
c (0) step 2 UNSAT 751 2134
c (0) step 3 UNSAT 1188 3340
c (0) step 4 UNSAT 1717 4749
c (0) step 5 UNSAT 2361 6406
c (0) step 6 UNSAT 3143 8356
c (0) step 7 UNSAT 4086 10644
c (0) step 8 UNSAT 5213 13315
c (0) step 9 UNSAT 6547 16414
c (0) step 10 UNSAT 8111 19986
c (0) step 11 UNSAT 9928 24076
c (0) step 12 UNSAT 12021 28729
c (0) step 13 UNSAT 14413 33990
c (0) step 14 UNSAT 17127 39904
c (0) step 15 UNSAT 20186 46516
c (0) step 16 UNSAT 23613 53871
c (1) step 17 UNSAT 27431 62014
c (1) step 18 UNSAT 31663 70990
c (2) step 19 UNSAT 36332 80844
c (3) step 20 UNSAT 41461 91621
c (5) step 21 UNSAT 47073 103366
c (6) step 22 UNSAT 53191 116124
c (9) step 23 UNSAT 59838 129940
c (14) step 24 UNSAT 67037 144859
c (18) step 25 UNSAT 74811 160926
c (23) step 26 UNSAT 82585 176993
c (31) step 27 UNSAT 90359 193060
c (37) step 28 UNSAT 98133 209127
c (41) step 29 UNSAT 105907 225194
c (51) step 30 UNSAT 113681 241261
c (73) step 31 UNSAT 121455 257328
c (102) step 32 UNSAT 129229 273395
c (120) step 33 UNSAT 137003 289462
c (141) step 34 UNSAT 144777 305529
c (159) step 35 UNSAT 152551 321596
c (181) step 36 UNSAT 160325 337663
c (195) step 37 UNSAT 168099 353730
c (214) step 38 UNSAT 175873 369797
c (233) step 39 UNSAT 183647 385864
c (264) step 40 UNSAT 191421 401931
c (291) step 41 UNSAT 199195 417998
c (317) step 42 UNSAT 206969 434065
c (355) step 43 UNSAT 214743 450132
c (402) step 44 UNSAT 222517 466199
c (452) step 45 UNSAT 230291 482266
c (490) step 46 UNSAT 238065 498333
c (534) step 47 UNSAT 245839 514400
c (593) step 48 UNSAT 253613 530467
c (643) step 49 UNSAT 261387 546534
c (709) step 50 UNSAT 269161 562601
c (803) step 51 UNSAT 276935 578668
c (895) step 52 UNSAT 284709 594735
c (986) step 53 UNSAT 292483 610802
c (1164) step 54 UNSAT 300257 626869
c (1370) step 55 UNSAT 308031 642936
c (1529) step 56 UNSAT 315805 659003
c (1763) step 57 UNSAT 323579 675070
c (1946) step 58 UNSAT 331353 691137
c (2155) step 59 UNSAT 339127 707204
c (2399) step 60 UNSAT 346901 723271
c (2675) step 61 UNSAT 354675 739338
c (2989) step 62 UNSAT 362449 755405
c (3275) step 63 UNSAT 370223 771472
c (3571) step 64 UNSAT 377997 787539
c (3900) step 65 UNSAT 385771 803606
c (4184) step 66 UNSAT 393545 819673
c (4519) step 67 UNSAT 401319 835740
c (4850) step 68 UNSAT 409093 851807
c (5232) step 69 UNSAT 416867 867874
c (5691) step 70 UNSAT 424641 883941
c (6200) step 71 UNSAT 432415 900008
c (6932) step 72 UNSAT 440189 916075
TIMEOUT CPU 7200 MEM 0 MAXMEM 0
#RESULT: UNK
#FIN: TO
#CPU: 7200
#MAXMEM: 0
c 18985 killed(2). 18972 killed(2). 18971 killed(2). 18985 killed(9). 18972 killed(9). 18971 killed(9). 
#END: [Wed Jul 19 18:20:38 2023]
