#BEGIN: [Tue Aug  1 12:38:38 2023]
#HOST: mini28.local
#TIMELIMIT: 7200
#MEMLIMIT: 0
#FREQ: 10
#SOLVER: ddreconf230801-10h10m
#ARG1: benchmark/ISR-benchmark/exp_instance/SAT_exp_instance015.col
#ARG2: benchmark/ISR-benchmark/exp_instance/SAT_exp_instance015.dat
#COMMAND: /Users/soh/app/ddreconf230801-10h10m/ddreconf benchmark/ISR-benchmark/exp_instance/SAT_exp_instance015.col --indset --stwidth --stfile=benchmark/ISR-benchmark/exp_instance/SAT_exp_instance015.dat
Input graph file parsed. # of vertices = 170, # of edges = 288
s 2 4 6 8 10 12 14 16 18 20 22 24 26 28 30 31 33 36 39 41 44 47 50 53 55 58 61 64 67 70 73 75 78 81 84 87 90 93 96 99 101 104 107 110 113 116 119 122 125 128 131 133 136 139 142 145 148 151 154 157 160 163 166 169
t 2 4 6 8 10 12 14 16 18 20 22 24 26 27 29 31 33 36 39 41 44 47 50 53 55 58 61 64 67 70 73 75 78 81 84 87 90 93 96 99 101 104 107 110 113 116 119 122 125 128 131 134 135 138 141 144 147 150 153 156 159 162 165 168
Solution space ZDD construction start
Command terminated by signal 9
	Command being timed: "/Users/soh/app/ddreconf230801-10h10m/ddreconf benchmark/ISR-benchmark/exp_instance/SAT_exp_instance015.col --indset --stwidth --stfile=benchmark/ISR-benchmark/exp_instance/SAT_exp_instance015.dat"
	User time (seconds): 1188.57
	System time (seconds): 1143.45
	Percent of CPU this job got: 66%
	Elapsed (wall clock) time (h:mm:ss or m:ss): 58:20.46
	Average shared text size (kbytes): 0
	Average unshared data size (kbytes): 0
	Average stack size (kbytes): 0
	Average total size (kbytes): 0
	Maximum resident set size (kbytes): 256334594048
	Average resident set size (kbytes): 0
	Major (requiring I/O) page faults: 0
	Minor (reclaiming a frame) page faults: 203465288
	Voluntary context switches: 2046099
	Involuntary context switches: 2002047
	Swaps: 0
	File system inputs: 0
	File system outputs: 0
	Socket messages sent: 40
	Socket messages received: 0
	Signals delivered: 0
	Page size (bytes): 4096
	Exit status: 0
FINISHED CPU 2332.02 MEM 0 MAXMEM 0 STALE 1
#RESULT: UNK
#FIN: FIN
#CPU: 2332.02
#MAXMEM: 0
c 
#END: [Tue Aug  1 13:36:58 2023]
