#BEGIN: [Tue Aug  1 12:29:19 2023]
#HOST: mini25.local
#TIMELIMIT: 7200
#MEMLIMIT: 0
#FREQ: 10
#SOLVER: ddreconf230801-10h10m
#ARG1: benchmark/ISR-benchmark/exp_instance/SAT_exp_instance013.col
#ARG2: benchmark/ISR-benchmark/exp_instance/SAT_exp_instance013.dat
#COMMAND: /Users/soh/app/ddreconf230801-10h10m/ddreconf benchmark/ISR-benchmark/exp_instance/SAT_exp_instance013.col --indset --stwidth --stfile=benchmark/ISR-benchmark/exp_instance/SAT_exp_instance013.dat
Input graph file parsed. # of vertices = 128, # of edges = 211
s 2 4 6 8 10 12 14 16 18 20 22 24 26 27 29 32 35 37 40 43 46 49 51 54 57 60 63 66 69 71 74 77 80 83 86 89 92 95 97 100 103 106 109 112 115 118 121 124 127
t 2 4 6 8 10 12 14 16 18 20 22 23 25 27 29 32 35 37 40 43 46 49 51 54 57 60 63 66 69 71 74 77 80 83 86 89 92 95 98 99 102 105 108 111 114 117 120 123 126
Solution space ZDD construction start
Solution space ZDD construction end
Solution space ZDD construction time = 1150.328132
Solution space ZDD size = 167705415
# of elements in the solution space = 1246960095384825371044800
Start computing the width of the solution space graph
The goal set is not in the solution space.
Command exited with non-zero status 3
	Command being timed: "/Users/soh/app/ddreconf230801-10h10m/ddreconf benchmark/ISR-benchmark/exp_instance/SAT_exp_instance013.col --indset --stwidth --stfile=benchmark/ISR-benchmark/exp_instance/SAT_exp_instance013.dat"
	User time (seconds): 872.21
	System time (seconds): 248.40
	Percent of CPU this job got: 90%
	Elapsed (wall clock) time (h:mm:ss or m:ss): 20:44.35
	Average shared text size (kbytes): 0
	Average unshared data size (kbytes): 0
	Average stack size (kbytes): 0
	Average total size (kbytes): 0
	Maximum resident set size (kbytes): 253819387904
	Average resident set size (kbytes): 0
	Major (requiring I/O) page faults: 0
	Minor (reclaiming a frame) page faults: 106506290
	Voluntary context switches: 239418
	Involuntary context switches: 626674
	Swaps: 0
	File system inputs: 0
	File system outputs: 0
	Socket messages sent: 40
	Socket messages received: 0
	Signals delivered: 0
	Page size (bytes): 4096
	Exit status: 3
FINISHED CPU 1120.61 MEM 0 MAXMEM 0 STALE 1
#RESULT: UNK
#FIN: FIN
#CPU: 1120.61
#MAXMEM: 0
c 
#END: [Tue Aug  1 12:50:04 2023]
