#BEGIN: [Tue Aug  1 12:28:38 2023]
#HOST: mini25.local
#TIMELIMIT: 7200
#MEMLIMIT: 0
#FREQ: 10
#SOLVER: ddreconf230801-10h10m
#ARG1: benchmark/ISR-benchmark/exp_instance/SAT_exp_instance003.col
#ARG2: benchmark/ISR-benchmark/exp_instance/SAT_exp_instance003.dat
#COMMAND: /Users/soh/app/ddreconf230801-10h10m/ddreconf benchmark/ISR-benchmark/exp_instance/SAT_exp_instance003.col --indset --stwidth --stfile=benchmark/ISR-benchmark/exp_instance/SAT_exp_instance003.dat
Input graph file parsed. # of vertices = 8, # of edges = 6
s 2 4 6 7
t 2 3 5 8
Solution space ZDD construction start
Solution space ZDD construction end
Solution space ZDD construction time = 0.000268
Solution space ZDD size = 14
# of elements in the solution space = 63
Start computing the width of the solution space graph
Zs_1 construction time = 0.000024, # ZDD nodes = 6, # elems = 2
Zt_1 construction time = 0.000017, # ZDD nodes = 9, # elems = 3
Zs_2 construction time = 0.000017, # ZDD nodes = 6, # elems = 2
Reconf seq found. Shortest length = 3
Zt_2 construction time = 0.000024, # ZDD nodes = 10, # elems = 3
Zs_3 construction time = 0.000010, # ZDD nodes = 7, # elems = 2
Zt_3 construction time = 0.000016, # ZDD nodes = 4, # elems = 1
Card(Zs_0 & Zt_3) = 1
Card(Zs_1 & Zt_2) = 2
Card(Zs_2 & Zt_1) = 2
Card(Zs_3 & Zt_0) = 1
max card = 2
max card index = 1
a YES
a 2 4 6 7
a 2 3 6 7
a 2 3 6 8
a 2 3 5 8
Reconfiguration time = 0.000612
	Command being timed: "/Users/soh/app/ddreconf230801-10h10m/ddreconf benchmark/ISR-benchmark/exp_instance/SAT_exp_instance003.col --indset --stwidth --stfile=benchmark/ISR-benchmark/exp_instance/SAT_exp_instance003.dat"
	User time (seconds): 0.00
	System time (seconds): 0.00
	Percent of CPU this job got: 44%
	Elapsed (wall clock) time (h:mm:ss or m:ss): 0:00.02
	Average shared text size (kbytes): 0
	Average unshared data size (kbytes): 0
	Average stack size (kbytes): 0
	Average total size (kbytes): 0
	Maximum resident set size (kbytes): 122126336
	Average resident set size (kbytes): 0
	Major (requiring I/O) page faults: 0
	Minor (reclaiming a frame) page faults: 7594
	Voluntary context switches: 18
	Involuntary context switches: 3
	Swaps: 0
	File system inputs: 0
	File system outputs: 0
	Socket messages sent: 34
	Socket messages received: 0
	Signals delivered: 0
	Page size (bytes): 4096
	Exit status: 0
FINISHED CPU 0 MEM 0 MAXMEM 0 STALE 1
#RESULT: UNK
#FIN: FIN
#CPU: 0
#MAXMEM: 0
c 
#END: [Tue Aug  1 12:28:38 2023]
