#BEGIN: [Tue Aug  1 12:50:38 2023]
#HOST: mini25.local
#TIMELIMIT: 7200
#MEMLIMIT: 0
#FREQ: 10
#SOLVER: ddreconf230801-10h10m
#ARG1: benchmark/ISR-benchmark/exp_instance/SAT_exp_instance017.col
#ARG2: benchmark/ISR-benchmark/exp_instance/SAT_exp_instance017.dat
#COMMAND: /Users/soh/app/ddreconf230801-10h10m/ddreconf benchmark/ISR-benchmark/exp_instance/SAT_exp_instance017.col --indset --stwidth --stfile=benchmark/ISR-benchmark/exp_instance/SAT_exp_instance017.dat
Input graph file parsed. # of vertices = 218, # of edges = 377
s 2 4 6 8 10 12 14 16 18 20 22 24 26 28 30 32 34 35 37 40 43 45 48 51 54 57 59 62 65 68 71 74 77 79 82 85 88 91 94 97 100 103 105 108 111 114 117 120 123 126 129 132 135 137 140 143 146 149 152 155 158 161 164 167 170 173 175 178 181 184 187 190 193 196 199 202 205 208 211 214 217
t 2 4 6 8 10 12 14 16 18 20 22 24 26 28 30 31 33 35 37 40 43 45 48 51 54 57 59 62 65 68 71 74 77 79 82 85 88 91 94 97 100 103 105 108 111 114 117 120 123 126 129 132 135 137 140 143 146 149 152 155 158 161 164 167 170 173 176 177 180 183 186 189 192 195 198 201 204 207 210 213 216
Solution space ZDD construction start
Command terminated by signal 9
	Command being timed: "/Users/soh/app/ddreconf230801-10h10m/ddreconf benchmark/ISR-benchmark/exp_instance/SAT_exp_instance017.col --indset --stwidth --stfile=benchmark/ISR-benchmark/exp_instance/SAT_exp_instance017.dat"
	User time (seconds): 1373.19
	System time (seconds): 1184.17
	Percent of CPU this job got: 70%
	Elapsed (wall clock) time (h:mm:ss or m:ss): 1:00:44
	Average shared text size (kbytes): 0
	Average unshared data size (kbytes): 0
	Average stack size (kbytes): 0
	Average total size (kbytes): 0
	Maximum resident set size (kbytes): 256559349760
	Average resident set size (kbytes): 0
	Major (requiring I/O) page faults: 0
	Minor (reclaiming a frame) page faults: 239246475
	Voluntary context switches: 1889798
	Involuntary context switches: 2334301
	Swaps: 0
	File system inputs: 0
	File system outputs: 0
	Socket messages sent: 40
	Socket messages received: 0
	Signals delivered: 0
	Page size (bytes): 4096
	Exit status: 0
FINISHED CPU 2557.36 MEM 0 MAXMEM 0 STALE 1
#RESULT: UNK
#FIN: FIN
#CPU: 2557.36
#MAXMEM: 0
c 
#END: [Tue Aug  1 13:51:23 2023]
