#BEGIN: [Thu Jul 20 02:25:02 2023]
#HOST: mini26.local
#TIMELIMIT: 7200
#MEMLIMIT: 0
#FREQ: 10
#SOLVER: sat-based-isr-tj05-230719-15h37m
#ARG1: benchmark/ISR-benchmark/exp_instance/SAT_exp_instance010.col
#ARG2: benchmark/ISR-benchmark/exp_instance/SAT_exp_instance010.dat
#COMMAND: /Users/soh/app/scala-2.12.4/bin/scala -J-Xms32g -J-Xmx32g -cp /Users/soh/app/IsrForCompetition230719-15h37m/scop.jar:/Users/soh/app/IsrForCompetition230719-15h37m/isr4competition_2.12-1.3.5.jar fun.scop.app.isr.IsrSolverTj05 benchmark/ISR-benchmark/exp_instance/SAT_exp_instance010.col benchmark/ISR-benchmark/exp_instance/SAT_exp_instance010.dat cadical /Users/soh/app/IsrForCompetition230719-15h37m/cadical
#Nodes: 90
#Edges: 145
c (0) step 1 UNSAT 574 1645
c (0) step 2 UNSAT 1125 3224
c (0) step 3 UNSAT 1778 5038
c (0) step 4 UNSAT 2567 7154
c (0) step 5 UNSAT 3526 9639
c (0) step 6 UNSAT 4689 12560
c (0) step 7 UNSAT 6090 15984
c (0) step 8 UNSAT 7763 19978
c (0) step 9 UNSAT 9742 24609
c (0) step 10 UNSAT 12061 29944
c (0) step 11 UNSAT 14754 36050
c (0) step 12 UNSAT 17855 42994
c (0) step 13 UNSAT 21398 50843
c (0) step 14 UNSAT 25417 59664
c (0) step 15 UNSAT 29946 69524
c (1) step 16 UNSAT 35019 80490
c (3) step 17 UNSAT 40670 92629
c (14) step 18 UNSAT 46933 106008
c (38) step 19 UNSAT 53842 120694
c (81) step 20 UNSAT 61431 136754
c (176) step 21 UNSAT 69734 154255
c (296) step 22 UNSAT 78785 173264
c (508) step 23 UNSAT 88618 193848
c (712) step 24 UNSAT 99267 216074
c (1063) step 25 UNSAT 110766 240009
c (1731) step 26 UNSAT 123149 265720
c (2626) step 27 UNSAT 136450 293274
c (3585) step 28 UNSAT 150703 322738
c (4685) step 29 UNSAT 165942 354179
c (5176) step 30 UNSAT 182201 387664
c (6003) step 31 UNSAT 199514 423260
c (6644) step 32 UNSAT 217915 461034
TIMEOUT CPU 7200 MEM 0 MAXMEM 0
#RESULT: UNK
#FIN: TO
#CPU: 7200
#MAXMEM: 0
c 19248 killed(2). 19234 killed(2). 19235 killed(2). 19248 killed(9). 19234 killed(9). 19235 killed(9). 
#END: [Thu Jul 20 04:25:02 2023]
