#BEGIN: [Wed Jul 19 16:20:53 2023]
#HOST: mini28.local
#TIMELIMIT: 7200
#MEMLIMIT: 0
#FREQ: 10
#SOLVER: sat-based-isr-tj05-230719-15h37m
#ARG1: benchmark/ISR-benchmark/random_instance/random_instance007_graph003.col
#ARG2: benchmark/ISR-benchmark/random_instance/random_instance007_graph003.dat
#COMMAND: /Users/soh/app/scala-2.12.4/bin/scala -J-Xms32g -J-Xmx32g -cp /Users/soh/app/IsrForCompetition230719-15h37m/scop.jar:/Users/soh/app/IsrForCompetition230719-15h37m/isr4competition_2.12-1.3.5.jar fun.scop.app.isr.IsrSolverTj05 benchmark/ISR-benchmark/random_instance/random_instance007_graph003.col benchmark/ISR-benchmark/random_instance/random_instance007_graph003.dat cadical /Users/soh/app/IsrForCompetition230719-15h37m/cadical
#Nodes: 91
#Edges: 273
c (0) step 1 UNSAT 577 1906
c (0) step 2 UNSAT 1124 3602
c (0) step 3 UNSAT 1764 5512
c (0) step 4 UNSAT 2528 7697
c (0) step 5 UNSAT 3447 10218
c (0) step 6 UNSAT 4552 13136
c (0) step 7 UNSAT 5874 16512
c (0) step 8 UNSAT 7444 20407
c (0) step 9 UNSAT 9293 24882
c (0) step 10 UNSAT 11452 29998
c (0) step 11 UNSAT 13952 35816
c (0) step 12 UNSAT 16824 42397
c (0) step 13 UNSAT 20099 49802
c (0) step 14 UNSAT 23808 58092
c (0) step 15 SAT 27982 67328
a YES
a 6 9 11 12 13 15 17 18 20 29 31 33 34 36 43 45 46 47 50 56 58 72 76 77 79 81 82 85 86 87 88 91
a 6 9 11 12 13 15 17 18 20 22 29 31 33 34 36 43 45 46 47 50 56 58 72 76 77 79 81 82 85 86 88 91
a 6 9 11 12 13 15 17 18 20 22 29 33 34 36 43 45 46 47 49 50 56 58 72 76 77 79 81 82 85 86 88 91
a 6 9 11 12 13 15 17 18 20 22 33 34 36 42 43 45 46 47 49 50 56 58 72 76 77 79 81 82 85 86 88 91
a 4 6 11 12 13 15 17 18 20 22 33 34 36 42 43 45 46 47 49 50 56 58 72 76 77 79 81 82 85 86 88 91
a 4 6 11 12 15 17 18 20 22 28 33 34 36 42 43 45 46 47 49 50 56 58 72 76 77 79 81 82 85 86 88 91
a 4 6 11 12 15 17 18 19 20 22 28 33 34 36 42 43 45 46 47 49 50 56 72 76 77 79 81 82 85 86 88 91
a 4 6 11 15 17 18 19 20 22 28 33 34 36 42 43 45 46 47 49 50 56 65 72 76 77 79 81 82 85 86 88 91
a 4 6 15 17 18 19 20 22 28 33 34 36 42 43 45 46 47 49 50 56 65 70 72 76 77 79 81 82 85 86 88 91
a 4 6 15 17 18 19 20 22 27 28 33 34 36 42 43 45 46 47 49 56 65 70 72 76 77 79 81 82 85 86 88 91
a 3 4 6 15 18 19 20 22 27 28 33 34 36 42 43 45 46 47 49 56 65 70 72 76 77 79 81 82 85 86 88 91
a 3 4 6 15 18 19 20 22 27 28 33 34 36 40 42 43 45 46 47 49 56 65 70 72 76 77 79 81 82 85 88 91
a 3 4 6 15 18 19 20 22 27 28 33 34 36 40 42 43 45 46 47 49 56 65 70 72 76 79 81 82 85 88 90 91
a 3 4 6 15 18 19 20 22 27 28 32 33 34 36 40 42 43 45 46 47 49 56 65 70 76 79 81 82 85 88 90 91
a 3 4 6 15 18 19 20 22 27 28 32 33 34 36 40 42 43 45 46 49 56 65 66 70 76 79 81 82 85 88 90 91
a 3 4 6 15 18 19 20 22 27 28 32 33 36 40 42 43 45 46 49 56 65 66 67 70 76 79 81 82 85 88 90 91
	Command being timed: "/Users/soh/app/scala-2.12.4/bin/scala -J-Xms32g -J-Xmx32g -cp /Users/soh/app/IsrForCompetition230719-15h37m/scop.jar:/Users/soh/app/IsrForCompetition230719-15h37m/isr4competition_2.12-1.3.5.jar fun.scop.app.isr.IsrSolverTj05 benchmark/ISR-benchmark/random_instance/random_instance007_graph003.col benchmark/ISR-benchmark/random_instance/random_instance007_graph003.dat cadical /Users/soh/app/IsrForCompetition230719-15h37m/cadical"
	User time (seconds): 1.41
	System time (seconds): 0.11
	Percent of CPU this job got: 183%
	Elapsed (wall clock) time (h:mm:ss or m:ss): 0:00.83
	Average shared text size (kbytes): 0
	Average unshared data size (kbytes): 0
	Average stack size (kbytes): 0
	Average total size (kbytes): 0
	Maximum resident set size (kbytes): 1251360768
	Average resident set size (kbytes): 0
	Major (requiring I/O) page faults: 0
	Minor (reclaiming a frame) page faults: 82319
	Voluntary context switches: 35
	Involuntary context switches: 3029
	Swaps: 0
	File system inputs: 0
	File system outputs: 0
	Socket messages sent: 39
	Socket messages received: 0
	Signals delivered: 5
	Page size (bytes): 4096
	Exit status: 0
FINISHED CPU 1.52 MEM 0 MAXMEM 0 STALE 1
#RESULT: UNK
#FIN: FIN
#CPU: 1.52
#MAXMEM: 0
c 
#END: [Wed Jul 19 16:20:54 2023]
