#BEGIN: [Wed Jul 19 16:21:02 2023]
#HOST: mini23.local
#TIMELIMIT: 7200
#MEMLIMIT: 0
#FREQ: 10
#SOLVER: sat-based-isr-tj05-230719-15h37m
#ARG1: benchmark/ISR-benchmark/random_instance/random_instance011_graph002.col
#ARG2: benchmark/ISR-benchmark/random_instance/random_instance011_graph002.dat
#COMMAND: /Users/soh/app/scala-2.12.4/bin/scala -J-Xms32g -J-Xmx32g -cp /Users/soh/app/IsrForCompetition230719-15h37m/scop.jar:/Users/soh/app/IsrForCompetition230719-15h37m/isr4competition_2.12-1.3.5.jar fun.scop.app.isr.IsrSolverTj05 benchmark/ISR-benchmark/random_instance/random_instance011_graph002.col benchmark/ISR-benchmark/random_instance/random_instance011_graph002.dat cadical /Users/soh/app/IsrForCompetition230719-15h37m/cadical
#Nodes: 142
#Edges: 429
WARNING. There is missing goal nodes: {121}
c (0) step 1 UNSAT 896 2971
c (0) step 2 UNSAT 1737 5590
c (0) step 3 UNSAT 2710 8514
c (0) step 4 UNSAT 3859 11830
c (0) step 5 UNSAT 5228 15625
c (0) step 6 UNSAT 6861 19986
c (0) step 7 UNSAT 8802 25000
c (0) step 8 UNSAT 11095 30754
c (0) step 9 UNSAT 13784 37335
c (0) step 10 UNSAT 16913 44830
c (0) step 11 UNSAT 20526 53326
c (0) step 12 UNSAT 24667 62910
c (0) step 13 UNSAT 29380 73669
c (0) step 14 UNSAT 34709 85690
c (0) step 15 UNSAT 40698 99060
c (0) step 16 UNSAT 47391 113866
c (0) step 17 UNSAT 54832 130195
c (0) step 18 UNSAT 63065 148134
c (0) step 19 UNSAT 72134 167770
c (0) step 20 UNSAT 82083 189190
c (0) step 21 UNSAT 92956 212481
c (0) step 22 UNSAT 104797 237730
c (0) step 23 UNSAT 117650 265024
c (0) step 24 UNSAT 131559 294450
c (0) step 25 UNSAT 146568 326095
c (0) step 26 SAT 162721 360046
a YES
a 15 28 30 31 33 37 38 39 41 45 53 55 59 67 68 69 71 73 80 81 83 85 90 91 102 105 107 108 111 112 113 115 119 122 124 126 128 129 132 134 136 137 138 141 143
a 15 27 28 30 31 33 37 38 39 41 45 53 55 59 67 68 69 71 73 80 81 83 85 90 91 102 105 108 111 112 113 115 119 122 124 126 128 129 132 134 136 137 138 141 143
a 15 17 27 28 30 31 37 38 39 41 45 53 55 59 67 68 69 71 73 80 81 83 85 90 91 102 105 108 111 112 113 115 119 122 124 126 128 129 132 134 136 137 138 141 143
a 15 17 27 28 30 37 38 39 41 45 48 53 55 59 67 68 69 71 73 80 81 83 85 90 91 102 105 108 111 112 113 115 119 122 124 126 128 129 132 134 136 137 138 141 143
a 17 27 28 30 37 38 39 41 45 48 53 55 59 67 68 69 71 73 80 81 83 85 90 91 100 102 105 108 111 112 113 115 119 122 124 126 128 129 132 134 136 137 138 141 143
a 17 27 28 30 37 38 39 41 45 48 53 55 58 59 67 69 71 73 80 81 83 85 90 91 100 102 105 108 111 112 113 115 119 122 124 126 128 129 132 134 136 137 138 141 143
a 17 27 28 30 37 38 39 41 45 48 53 55 56 58 59 67 69 71 73 80 81 83 85 91 100 102 105 108 111 112 113 115 119 122 124 126 128 129 132 134 136 137 138 141 143
a 17 27 28 30 35 37 38 39 41 45 48 53 55 56 58 59 67 69 71 73 80 81 83 85 91 100 105 108 111 112 113 115 119 122 124 126 128 129 132 134 136 137 138 141 143
a 17 27 30 35 37 38 39 41 45 48 53 55 56 58 59 67 69 71 73 80 81 83 85 91 98 100 105 108 111 112 113 115 119 122 124 126 128 129 132 134 136 137 138 141 143
a 17 19 27 30 35 37 38 39 41 45 48 53 55 56 58 59 67 69 73 80 81 83 85 91 98 100 105 108 111 112 113 115 119 122 124 126 128 129 132 134 136 137 138 141 143
a 17 19 27 30 35 37 38 39 41 45 47 48 53 55 56 58 67 69 73 80 81 83 85 91 98 100 105 108 111 112 113 115 119 122 124 126 128 129 132 134 136 137 138 141 143
a 17 19 27 30 35 37 39 41 45 47 48 53 55 56 58 67 69 70 73 80 81 83 85 91 98 100 105 108 111 112 113 115 119 122 124 126 128 129 132 134 136 137 138 141 143
a 6 17 19 27 30 35 37 39 45 47 48 53 55 56 58 67 69 70 73 80 81 83 85 91 98 100 105 108 111 112 113 115 119 122 124 126 128 129 132 134 136 137 138 141 143
a 6 17 19 27 30 35 37 39 45 47 48 53 55 56 58 67 69 70 73 80 81 83 85 91 98 100 105 108 111 112 113 115 119 122 124 126 128 129 130 132 134 136 138 141 143
a 6 17 19 27 30 35 37 39 45 47 48 49 53 55 56 58 67 69 70 73 80 81 83 85 91 98 100 105 108 111 112 113 115 119 122 124 126 128 129 130 132 134 136 138 141
a 6 8 17 19 27 30 35 37 39 45 47 48 49 53 55 56 58 67 69 70 73 80 81 83 85 91 98 100 105 108 111 112 113 115 122 124 126 128 129 130 132 134 136 138 141
a 6 8 17 19 27 30 35 37 39 45 47 48 49 53 55 56 58 64 67 69 70 73 80 81 83 85 91 98 100 105 111 112 113 115 122 124 126 128 129 130 132 134 136 138 141
a 6 8 17 19 27 30 34 35 37 39 47 48 49 53 55 56 58 64 67 69 70 73 80 81 83 85 91 98 100 105 111 112 113 115 122 124 126 128 129 130 132 134 136 138 141
a 6 8 17 19 27 30 34 35 37 39 47 48 49 53 55 56 58 64 67 69 70 73 80 83 85 87 91 98 100 105 111 112 113 115 122 124 126 128 129 130 132 134 136 138 141
a 6 8 17 19 27 30 34 35 37 39 47 48 49 51 53 56 58 64 67 69 70 73 80 83 85 87 91 98 100 105 111 112 113 115 122 124 126 128 129 130 132 134 136 138 141
a 6 8 17 19 27 30 34 35 37 39 47 48 49 50 51 53 56 58 64 67 69 70 73 80 85 87 91 98 100 105 111 112 113 115 122 124 126 128 129 130 132 134 136 138 141
a 6 8 17 19 27 30 34 35 39 44 47 48 49 50 51 53 56 58 64 67 69 70 73 80 85 87 91 98 100 105 111 112 113 115 122 124 126 128 129 130 132 134 136 138 141
a 6 8 17 19 27 30 34 35 39 44 47 48 49 50 51 53 56 58 63 64 67 69 70 73 80 87 91 98 100 105 111 112 113 115 122 124 126 128 129 130 132 134 136 138 141
a 6 8 17 19 27 30 34 35 39 44 47 48 49 50 51 53 56 58 63 64 67 69 70 73 77 80 87 91 98 100 105 111 112 113 115 122 124 128 129 130 132 134 136 138 141
a 6 8 17 19 27 30 34 35 39 44 47 48 49 50 51 53 56 58 63 64 67 69 70 73 77 79 80 87 91 98 100 105 111 112 113 115 122 124 129 130 132 134 136 138 141
a 6 8 17 19 27 30 34 35 39 44 47 48 49 50 51 53 56 58 63 64 67 69 70 73 77 79 80 87 91 98 100 105 109 111 112 113 115 122 124 129 130 134 136 138 141
a 6 8 17 19 22 27 30 34 35 39 44 47 48 49 50 51 53 56 58 63 64 67 69 70 73 77 79 80 87 91 98 100 105 109 111 112 113 115 124 129 130 134 136 138 141
	Command being timed: "/Users/soh/app/scala-2.12.4/bin/scala -J-Xms32g -J-Xmx32g -cp /Users/soh/app/IsrForCompetition230719-15h37m/scop.jar:/Users/soh/app/IsrForCompetition230719-15h37m/isr4competition_2.12-1.3.5.jar fun.scop.app.isr.IsrSolverTj05 benchmark/ISR-benchmark/random_instance/random_instance011_graph002.col benchmark/ISR-benchmark/random_instance/random_instance011_graph002.dat cadical /Users/soh/app/IsrForCompetition230719-15h37m/cadical"
	User time (seconds): 2.03
	System time (seconds): 0.21
	Percent of CPU this job got: 152%
	Elapsed (wall clock) time (h:mm:ss or m:ss): 0:01.47
	Average shared text size (kbytes): 0
	Average unshared data size (kbytes): 0
	Average stack size (kbytes): 0
	Average total size (kbytes): 0
	Maximum resident set size (kbytes): 3178348544
	Average resident set size (kbytes): 0
	Major (requiring I/O) page faults: 0
	Minor (reclaiming a frame) page faults: 200365
	Voluntary context switches: 34
	Involuntary context switches: 3387
	Swaps: 0
	File system inputs: 0
	File system outputs: 0
	Socket messages sent: 39
	Socket messages received: 0
	Signals delivered: 6
	Page size (bytes): 4096
	Exit status: 0
FINISHED CPU 2.24 MEM 0 MAXMEM 0 STALE 1
#RESULT: UNK
#FIN: FIN
#CPU: 2.24
#MAXMEM: 0
c 
#END: [Wed Jul 19 16:21:03 2023]
