#BEGIN: [Wed Jul 19 16:20:50 2023]
#HOST: mini28.local
#TIMELIMIT: 7200
#MEMLIMIT: 0
#FREQ: 10
#SOLVER: sat-based-isr-tj05-230719-15h37m
#ARG1: benchmark/ISR-benchmark/random_instance/random_instance005_graph005.col
#ARG2: benchmark/ISR-benchmark/random_instance/random_instance005_graph005.dat
#COMMAND: /Users/soh/app/scala-2.12.4/bin/scala -J-Xms32g -J-Xmx32g -cp /Users/soh/app/IsrForCompetition230719-15h37m/scop.jar:/Users/soh/app/IsrForCompetition230719-15h37m/isr4competition_2.12-1.3.5.jar fun.scop.app.isr.IsrSolverTj05 benchmark/ISR-benchmark/random_instance/random_instance005_graph005.col benchmark/ISR-benchmark/random_instance/random_instance005_graph005.dat cadical /Users/soh/app/IsrForCompetition230719-15h37m/cadical
#Nodes: 65
#Edges: 195
c (0) step 1 UNSAT 409 1350
c (0) step 2 UNSAT 790 2534
c (0) step 3 UNSAT 1228 3848
c (0) step 4 UNSAT 1742 5329
c (0) step 5 UNSAT 2351 7014
c (0) step 6 UNSAT 3074 8940
c (0) step 7 UNSAT 3930 11144
c (0) step 8 UNSAT 4938 13663
c (0) step 9 UNSAT 6117 16534
c (0) step 10 UNSAT 7486 19794
c (0) step 11 SAT 9064 23480
a YES
a 1 3 5 8 9 10 13 19 20 26 32 39 41 43 46 47 51 53 58 59
a 3 5 7 8 9 10 13 19 20 26 32 39 41 43 46 47 51 53 58 59
a 3 5 7 8 9 10 13 19 20 26 32 39 41 43 46 47 51 53 58 62
a 3 5 7 9 10 13 19 20 26 32 39 41 43 46 47 51 53 55 58 62
a 3 5 7 10 13 14 19 20 26 32 39 41 43 46 47 51 53 55 58 62
a 3 5 6 7 10 13 14 19 20 26 32 41 43 46 47 51 53 55 58 62
a 3 5 6 7 10 13 14 19 20 26 32 43 44 46 47 51 53 55 58 62
a 3 5 6 7 10 13 14 19 20 21 26 32 43 44 46 51 53 55 58 62
a 3 6 7 10 13 14 15 19 20 21 26 32 43 44 46 51 53 55 58 62
a 3 6 7 10 13 14 15 19 20 21 32 43 44 46 48 51 53 55 58 62
a 6 7 10 13 14 15 19 20 21 29 32 43 44 46 48 51 53 55 58 62
a 6 7 10 13 14 15 19 21 28 29 32 43 44 46 48 51 53 55 58 62
	Command being timed: "/Users/soh/app/scala-2.12.4/bin/scala -J-Xms32g -J-Xmx32g -cp /Users/soh/app/IsrForCompetition230719-15h37m/scop.jar:/Users/soh/app/IsrForCompetition230719-15h37m/isr4competition_2.12-1.3.5.jar fun.scop.app.isr.IsrSolverTj05 benchmark/ISR-benchmark/random_instance/random_instance005_graph005.col benchmark/ISR-benchmark/random_instance/random_instance005_graph005.dat cadical /Users/soh/app/IsrForCompetition230719-15h37m/cadical"
	User time (seconds): 1.08
	System time (seconds): 0.09
	Percent of CPU this job got: 156%
	Elapsed (wall clock) time (h:mm:ss or m:ss): 0:00.75
	Average shared text size (kbytes): 0
	Average unshared data size (kbytes): 0
	Average stack size (kbytes): 0
	Average total size (kbytes): 0
	Maximum resident set size (kbytes): 959856640
	Average resident set size (kbytes): 0
	Major (requiring I/O) page faults: 0
	Minor (reclaiming a frame) page faults: 64513
	Voluntary context switches: 34
	Involuntary context switches: 2978
	Swaps: 0
	File system inputs: 0
	File system outputs: 0
	Socket messages sent: 38
	Socket messages received: 0
	Signals delivered: 6
	Page size (bytes): 4096
	Exit status: 0
FINISHED CPU 1.17 MEM 0 MAXMEM 0 STALE 1
#RESULT: UNK
#FIN: FIN
#CPU: 1.17
#MAXMEM: 0
c 
#END: [Wed Jul 19 16:20:51 2023]
