#BEGIN: [Wed Jul 19 16:21:17 2023]
#HOST: mini23.local
#TIMELIMIT: 7200
#MEMLIMIT: 0
#FREQ: 10
#SOLVER: sat-based-isr-tj05-230719-15h37m
#ARG1: benchmark/ISR-benchmark/random_instance/random_instance015_graph003.col
#ARG2: benchmark/ISR-benchmark/random_instance/random_instance015_graph003.dat
#COMMAND: /Users/soh/app/scala-2.12.4/bin/scala -J-Xms32g -J-Xmx32g -cp /Users/soh/app/IsrForCompetition230719-15h37m/scop.jar:/Users/soh/app/IsrForCompetition230719-15h37m/isr4competition_2.12-1.3.5.jar fun.scop.app.isr.IsrSolverTj05 benchmark/ISR-benchmark/random_instance/random_instance015_graph003.col benchmark/ISR-benchmark/random_instance/random_instance015_graph003.dat cadical /Users/soh/app/IsrForCompetition230719-15h37m/cadical
#Nodes: 195
#Edges: 585
c (0) step 1 UNSAT 1230 4073
c (0) step 2 UNSAT 2384 7665
c (0) step 3 UNSAT 3718 11674
c (0) step 4 UNSAT 5292 16219
c (0) step 5 UNSAT 7166 21419
c (0) step 6 UNSAT 9400 27393
c (0) step 7 UNSAT 12054 34260
c (0) step 8 UNSAT 15188 42139
c (0) step 9 UNSAT 18862 51149
c (0) step 10 UNSAT 23136 61409
c (0) step 11 UNSAT 28070 73038
c (0) step 12 UNSAT 33724 86155
c (0) step 13 UNSAT 40158 100879
c (0) step 14 UNSAT 47432 117329
c (0) step 15 UNSAT 55606 135624
c (0) step 16 UNSAT 64740 155883
c (0) step 17 UNSAT 74894 178225
c (0) step 18 UNSAT 86128 202769
c (0) step 19 UNSAT 98502 229634
c (0) step 20 UNSAT 112076 258939
c (0) step 21 UNSAT 126910 290803
c (0) step 22 UNSAT 143064 325345
c (0) step 23 UNSAT 160598 362684
c (0) step 24 UNSAT 179572 402939
c (0) step 25 UNSAT 200046 446229
c (0) step 26 UNSAT 222080 492673
c (0) step 27 UNSAT 245734 542390
c (0) step 28 UNSAT 271068 595499
c (0) step 29 UNSAT 298142 652119
c (1) step 30 UNSAT 327016 712369
c (1) step 31 UNSAT 357750 776368
c (1) step 32 UNSAT 390404 844235
c (1) step 33 UNSAT 425038 916089
c (1) step 34 UNSAT 461712 992049
c (1) step 35 UNSAT 500486 1072234
c (1) step 36 UNSAT 541420 1156763
c (1) step 37 UNSAT 584574 1245755
c (1) step 38 UNSAT 630008 1339329
c (1) step 39 UNSAT 677782 1437604
c (2) step 40 SAT 727956 1540699
a YES
a 3 5 7 11 22 27 29 32 40 47 48 50 52 55 59 60 64 68 69 71 72 79 83 84 86 87 91 93 94 102 103 106 108 115 123 126 136 139 144 147 149 150 152 153 154 155 157 162 165 166 167 170 171 175 184 185 186 187 188 194 195
a 3 5 7 11 22 27 29 32 40 47 48 50 52 55 60 61 64 68 69 71 72 79 83 84 86 87 91 93 94 102 103 106 108 115 123 126 136 139 144 147 149 150 152 153 154 155 157 162 165 166 167 170 171 175 184 185 186 187 188 194 195
a 3 5 7 11 22 27 29 32 40 47 48 50 52 55 60 61 64 68 69 71 72 79 83 84 86 87 91 93 94 102 103 106 108 115 123 126 132 136 139 144 147 150 152 153 154 155 157 162 165 166 167 170 171 175 184 185 186 187 188 194 195
a 3 5 7 11 22 27 29 32 40 47 48 50 52 55 60 61 64 68 69 71 72 79 83 86 87 91 93 94 102 103 106 108 115 123 126 132 136 139 144 147 150 152 153 154 155 157 162 165 166 167 170 171 175 184 185 186 187 188 191 194 195
a 3 5 7 11 22 27 29 32 40 47 48 50 52 55 60 61 64 68 69 71 72 79 83 86 87 93 94 102 103 106 108 115 123 126 132 136 139 144 147 150 152 153 154 155 157 159 162 165 166 167 170 171 175 184 185 186 187 188 191 194 195
a 5 7 11 14 22 27 29 32 40 47 48 50 52 55 60 61 64 68 69 71 72 79 83 86 87 93 94 102 103 106 108 115 123 126 132 136 139 144 147 150 152 153 154 155 157 159 162 165 166 167 170 171 175 184 185 186 187 188 191 194 195
a 5 7 11 14 22 27 29 32 40 47 48 50 52 60 61 64 68 69 71 72 79 83 86 87 93 94 97 102 103 106 108 115 123 126 132 136 139 144 147 150 152 153 154 155 157 159 162 165 166 167 170 171 175 184 185 186 187 188 191 194 195
a 5 7 11 14 22 27 29 32 40 47 48 50 52 60 61 64 68 69 71 72 83 86 87 93 94 95 97 102 103 106 108 115 123 126 132 136 139 144 147 150 152 153 154 155 157 159 162 165 166 167 170 171 175 184 185 186 187 188 191 194 195
a 5 7 11 14 22 27 29 32 40 47 48 50 52 60 61 64 68 69 71 72 83 86 87 93 94 95 97 102 103 106 108 113 115 123 126 132 136 139 144 147 150 152 153 154 157 159 162 165 166 167 170 171 175 184 185 186 187 188 191 194 195
a 5 7 11 14 22 27 29 32 40 47 48 50 52 60 61 64 68 69 71 72 83 85 86 87 93 94 95 97 102 103 106 108 113 115 123 126 132 136 139 144 147 150 152 154 157 159 162 165 166 167 170 171 175 184 185 186 187 188 191 194 195
a 5 7 11 14 22 27 29 32 40 47 48 50 52 60 61 64 68 69 71 72 83 85 86 87 93 94 95 97 102 103 106 108 113 115 123 126 132 136 137 139 144 147 150 152 154 157 159 162 165 166 167 170 171 175 184 185 186 187 188 191 194
a 5 7 11 14 22 27 29 32 40 47 48 50 52 60 61 64 68 69 71 72 83 85 86 87 93 94 95 97 102 103 106 108 113 115 123 126 132 136 137 144 147 150 152 154 157 159 162 165 166 167 168 170 171 175 184 185 186 187 188 191 194
a 5 7 11 14 22 27 29 32 40 47 48 50 60 61 64 68 69 71 72 83 85 86 87 93 94 95 97 102 103 106 108 113 115 123 126 132 136 137 144 147 150 152 154 157 159 162 165 166 167 168 170 171 175 184 185 186 187 188 191 193 194
a 5 7 11 14 22 27 29 32 40 47 48 50 60 61 64 68 71 72 83 85 86 87 93 94 95 97 102 103 106 108 113 115 123 126 132 136 137 144 145 147 150 152 154 157 159 162 165 166 167 168 170 171 175 184 185 186 187 188 191 193 194
a 5 7 11 14 22 27 29 32 40 47 48 50 60 61 64 68 71 72 83 85 86 87 93 94 95 97 102 103 106 108 113 115 123 126 132 136 137 140 144 145 147 150 152 154 157 159 162 165 167 168 170 171 175 184 185 186 187 188 191 193 194
a 5 7 11 14 22 27 29 32 47 48 50 60 61 64 68 71 72 83 85 86 87 93 94 95 97 102 103 106 108 113 115 117 123 126 132 136 137 140 144 145 147 150 152 154 157 159 162 165 167 168 170 171 175 184 185 186 187 188 191 193 194
a 5 7 11 14 22 27 29 32 47 48 50 60 61 64 68 71 72 83 85 86 87 93 94 95 97 102 103 106 108 113 115 117 123 126 132 136 137 140 144 145 147 150 152 154 157 159 162 167 168 170 171 175 180 184 185 186 187 188 191 193 194
a 5 7 11 14 22 27 29 32 47 48 50 60 61 64 68 71 72 83 85 86 87 93 94 95 97 102 106 108 113 115 117 123 126 130 132 136 137 140 144 145 147 150 152 154 157 159 162 167 168 170 171 175 180 184 185 186 187 188 191 193 194
a 5 7 11 14 22 27 29 32 47 50 60 61 64 68 71 72 83 85 86 87 88 93 94 95 97 102 106 108 113 115 117 123 126 130 132 136 137 140 144 145 147 150 152 154 157 159 162 167 168 170 171 175 180 184 185 186 187 188 191 193 194
a 5 7 11 14 22 27 29 32 47 50 60 61 64 68 71 72 83 85 86 87 88 93 94 95 97 102 106 108 113 115 117 123 126 130 132 136 137 140 144 145 147 150 152 154 159 162 167 168 170 171 175 180 183 184 185 186 187 188 191 193 194
a 5 7 11 14 22 27 29 32 47 50 60 61 64 68 71 72 83 85 86 87 88 93 94 95 97 102 106 108 113 114 115 117 123 130 132 136 137 140 144 145 147 150 152 154 159 162 167 168 170 171 175 180 183 184 185 186 187 188 191 193 194
a 5 7 11 14 22 27 29 32 47 50 56 60 61 64 68 71 72 83 85 86 87 88 93 94 95 97 102 106 108 113 114 115 117 123 130 132 136 137 140 144 145 147 150 152 154 159 162 167 168 170 171 175 180 183 185 186 187 188 191 193 194
a 5 7 11 14 22 27 29 32 47 50 56 60 61 64 68 71 72 83 85 86 87 88 93 94 95 97 102 106 108 113 114 115 117 123 130 132 136 137 138 140 144 145 147 150 152 154 159 162 167 168 171 175 180 183 185 186 187 188 191 193 194
a 5 7 11 14 22 27 29 32 47 50 56 60 61 64 68 71 72 83 85 86 87 88 93 94 95 97 102 106 108 113 114 115 117 123 124 130 132 136 137 138 140 144 145 147 150 152 154 159 162 167 168 171 175 180 183 185 186 187 191 193 194
a 5 7 11 14 22 27 29 32 47 50 56 58 60 61 64 68 71 72 83 85 86 87 88 93 95 97 102 106 108 113 114 115 117 123 124 130 132 136 137 138 140 144 145 147 150 152 154 159 162 167 168 171 175 180 183 185 186 187 191 193 194
a 5 7 11 14 22 29 32 34 47 50 56 58 60 61 64 68 71 72 83 85 86 87 88 93 95 97 102 106 108 113 114 115 117 123 124 130 132 136 137 138 140 144 145 147 150 152 154 159 162 167 168 171 175 180 183 185 186 187 191 193 194
a 5 7 14 22 29 32 34 47 50 56 58 60 61 64 68 71 72 83 85 86 87 88 93 95 97 102 106 108 113 114 115 117 123 124 130 132 136 137 138 140 144 145 147 150 152 154 159 162 167 168 171 174 175 180 183 185 186 187 191 193 194
a 5 7 14 22 29 31 32 34 47 50 56 58 60 61 64 68 71 72 83 85 86 87 88 93 95 97 102 106 108 113 114 115 117 123 124 130 132 136 137 138 140 144 145 147 150 152 154 159 167 168 171 174 175 180 183 185 186 187 191 193 194
a 5 7 14 22 29 31 32 34 47 56 58 60 61 64 68 71 72 83 85 86 87 88 93 95 97 102 106 108 113 114 115 117 123 124 130 132 136 137 138 140 144 145 147 150 152 154 158 159 167 168 171 174 175 180 183 185 186 187 191 193 194
a 5 7 14 22 29 31 32 34 47 56 58 60 61 64 68 72 83 85 86 87 88 93 95 97 99 102 106 108 113 114 115 117 123 124 130 132 136 137 138 140 144 145 147 150 152 154 158 159 167 168 171 174 175 180 183 185 186 187 191 193 194
a 5 7 14 26 29 31 32 34 47 56 58 60 61 64 68 72 83 85 86 87 88 93 95 97 99 102 106 108 113 114 115 117 123 124 130 132 136 137 138 140 144 145 147 150 152 154 158 159 167 168 171 174 175 180 183 185 186 187 191 193 194
a 5 7 14 21 26 29 31 32 34 56 58 60 61 64 68 72 83 85 86 87 88 93 95 97 99 102 106 108 113 114 115 117 123 124 130 132 136 137 138 140 144 145 147 150 152 154 158 159 167 168 171 174 175 180 183 185 186 187 191 193 194
a 5 7 14 21 26 29 31 32 34 56 57 58 60 61 64 68 72 83 85 86 87 88 93 95 97 99 102 106 108 113 114 115 117 123 124 130 132 136 137 138 140 144 145 147 150 152 154 158 159 167 168 171 174 180 183 185 186 187 191 193 194
a 5 7 14 21 26 29 31 32 34 43 56 57 58 60 61 64 68 72 83 85 86 87 88 93 95 97 99 102 106 108 113 114 117 123 124 130 132 136 137 138 140 144 145 147 150 152 154 158 159 167 168 171 174 180 183 185 186 187 191 193 194
a 5 7 10 14 21 26 29 31 32 34 43 56 57 58 60 61 64 68 72 83 85 86 87 88 93 95 97 99 102 106 108 113 114 117 123 124 130 132 136 137 138 140 144 145 147 152 154 158 159 167 168 171 174 180 183 185 186 187 191 193 194
a 5 7 10 14 21 26 29 31 32 34 43 56 57 58 60 61 64 68 72 83 85 86 87 88 92 93 95 97 99 102 106 108 113 114 117 123 124 130 132 136 137 138 140 145 147 152 154 158 159 167 168 171 174 180 183 185 186 187 191 193 194
a 5 7 10 14 21 26 29 31 32 34 43 56 57 58 60 61 64 68 72 75 85 86 87 88 92 93 95 97 99 102 106 108 113 114 117 123 124 130 132 136 137 138 140 145 147 152 154 158 159 167 168 171 174 180 183 185 186 187 191 193 194
a 5 6 7 10 14 21 26 29 31 32 34 43 56 57 58 60 61 64 68 72 75 85 86 87 88 92 93 95 97 99 102 106 108 113 114 117 123 124 130 132 136 137 138 140 145 147 154 158 159 167 168 171 174 180 183 185 186 187 191 193 194
a 2 5 6 7 10 14 21 26 29 31 32 34 43 56 57 58 60 61 64 68 72 75 85 86 88 92 93 95 97 99 102 106 108 113 114 117 123 124 130 132 136 137 138 140 145 147 154 158 159 167 168 171 174 180 183 185 186 187 191 193 194
a 2 5 6 7 10 14 17 21 26 31 32 34 43 56 57 58 60 61 64 68 72 75 85 86 88 92 93 95 97 99 102 106 108 113 114 117 123 124 130 132 136 137 138 140 145 147 154 158 159 167 168 171 174 180 183 185 186 187 191 193 194
a 2 5 6 7 10 14 17 21 23 26 31 32 34 43 56 57 58 60 61 64 68 72 75 85 86 88 92 93 95 97 99 102 106 108 113 114 117 123 124 130 132 136 137 138 140 145 147 154 158 159 167 168 171 174 180 183 185 186 191 193 194
	Command being timed: "/Users/soh/app/scala-2.12.4/bin/scala -J-Xms32g -J-Xmx32g -cp /Users/soh/app/IsrForCompetition230719-15h37m/scop.jar:/Users/soh/app/IsrForCompetition230719-15h37m/isr4competition_2.12-1.3.5.jar fun.scop.app.isr.IsrSolverTj05 benchmark/ISR-benchmark/random_instance/random_instance015_graph003.col benchmark/ISR-benchmark/random_instance/random_instance015_graph003.dat cadical /Users/soh/app/IsrForCompetition230719-15h37m/cadical"
	User time (seconds): 4.12
	System time (seconds): 0.60
	Percent of CPU this job got: 129%
	Elapsed (wall clock) time (h:mm:ss or m:ss): 0:03.65
	Average shared text size (kbytes): 0
	Average unshared data size (kbytes): 0
	Average stack size (kbytes): 0
	Average total size (kbytes): 0
	Maximum resident set size (kbytes): 11340906496
	Average resident set size (kbytes): 0
	Major (requiring I/O) page faults: 0
	Minor (reclaiming a frame) page faults: 704552
	Voluntary context switches: 36
	Involuntary context switches: 3494
	Swaps: 0
	File system inputs: 0
	File system outputs: 0
	Socket messages sent: 40
	Socket messages received: 0
	Signals delivered: 6
	Page size (bytes): 4096
	Exit status: 0
FINISHED CPU 4.72 MEM 0 MAXMEM 0 STALE 1
#RESULT: UNK
#FIN: FIN
#CPU: 4.72
#MAXMEM: 0
c 
#END: [Wed Jul 19 16:21:21 2023]
