#BEGIN: [Tue Aug  1 17:28:42 2023]
#HOST: mini28.local
#TIMELIMIT: 7200
#MEMLIMIT: 0
#FREQ: 10
#SOLVER: ddreconf230801-10h10m
#ARG1: benchmark/ISR-benchmark/random_instance/random_instance012_graph002.col
#ARG2: benchmark/ISR-benchmark/random_instance/random_instance012_graph002.dat
#COMMAND: /Users/soh/app/ddreconf230801-10h10m/ddreconf benchmark/ISR-benchmark/random_instance/random_instance012_graph002.col --indset --stwidth --stfile=benchmark/ISR-benchmark/random_instance/random_instance012_graph002.dat
Input graph file parsed. # of vertices = 156, # of edges = 468
s 4 10 14 15 152 17 22 74 66 29 30 129 58 34 39 40 42 43 44 46 47 48 51 52 56 57 61 62 63 67 73 75 76 148 82 83 105 87 106 92 93 98 99 101 144 142 118 150 124 126 147 141 154
t 4 6 7 9 13 152 19 22 74 25 66 58 35 37 39 43 44 45 47 48 64 52 53 55 57 59 63 65 68 71 73 75 148 78 105 86 91 96 94 95 99 127 107 103 110 111 121 122 125 130 146 137 141
Solution space ZDD construction start
Command terminated by signal 9
	Command being timed: "/Users/soh/app/ddreconf230801-10h10m/ddreconf benchmark/ISR-benchmark/random_instance/random_instance012_graph002.col --indset --stwidth --stfile=benchmark/ISR-benchmark/random_instance/random_instance012_graph002.dat"
	User time (seconds): 1922.56
	System time (seconds): 1641.18
	Percent of CPU this job got: 74%
	Elapsed (wall clock) time (h:mm:ss or m:ss): 1:19:26
	Average shared text size (kbytes): 0
	Average unshared data size (kbytes): 0
	Average stack size (kbytes): 0
	Average total size (kbytes): 0
	Maximum resident set size (kbytes): 256116195328
	Average resident set size (kbytes): 0
	Major (requiring I/O) page faults: 0
	Minor (reclaiming a frame) page faults: 330484488
	Voluntary context switches: 2093096
	Involuntary context switches: 3775470
	Swaps: 0
	File system inputs: 0
	File system outputs: 0
	Socket messages sent: 36
	Socket messages received: 0
	Signals delivered: 0
	Page size (bytes): 4096
	Exit status: 0
FINISHED CPU 3563.74 MEM 0 MAXMEM 0 STALE 1
#RESULT: UNK
#FIN: FIN
#CPU: 3563.74
#MAXMEM: 0
c 
#END: [Tue Aug  1 18:48:08 2023]
