#BEGIN: [Tue Aug  1 20:03:45 2023]
#HOST: mini26.local
#TIMELIMIT: 7200
#MEMLIMIT: 0
#FREQ: 10
#SOLVER: ddreconf230801-10h10m
#ARG1: benchmark/ISR-benchmark/random_instance/random_instance018_graph003.col
#ARG2: benchmark/ISR-benchmark/random_instance/random_instance018_graph003.dat
#COMMAND: /Users/soh/app/ddreconf230801-10h10m/ddreconf benchmark/ISR-benchmark/random_instance/random_instance018_graph003.col --indset --stwidth --stfile=benchmark/ISR-benchmark/random_instance/random_instance018_graph003.dat
Input graph file parsed. # of vertices = 234, # of edges = 702
s 1 2 4 9 11 14 15 22 23 25 27 29 32 33 40 41 42 46 198 102 60 61 63 187 65 67 101 74 79 86 90 93 137 98 104 105 108 200 113 115 120 122 124 126 131 133 135 139 141 149 181 152 155 156 157 223 170 172 175 176 177 221 184 186 188 204 193 195 199 216 220 217 225 224
t 2 3 4 6 14 19 28 30 32 38 39 40 41 45 46 47 198 58 102 61 187 65 71 101 74 77 79 84 87 88 89 95 96 100 105 200 111 113 115 119 124 127 130 131 136 140 141 142 143 149 148 151 154 229 157 159 227 161 213 223 166 167 168 174 212 176 179 183 186 219 195 207 218 228
Solution space ZDD construction start
Command terminated by signal 9
	Command being timed: "/Users/soh/app/ddreconf230801-10h10m/ddreconf benchmark/ISR-benchmark/random_instance/random_instance018_graph003.col --indset --stwidth --stfile=benchmark/ISR-benchmark/random_instance/random_instance018_graph003.dat"
	User time (seconds): 1548.62
	System time (seconds): 1386.10
	Percent of CPU this job got: 66%
	Elapsed (wall clock) time (h:mm:ss or m:ss): 1:13:15
	Average shared text size (kbytes): 0
	Average unshared data size (kbytes): 0
	Average stack size (kbytes): 0
	Average total size (kbytes): 0
	Maximum resident set size (kbytes): 254763614208
	Average resident set size (kbytes): 0
	Major (requiring I/O) page faults: 0
	Minor (reclaiming a frame) page faults: 227818063
	Voluntary context switches: 2561671
	Involuntary context switches: 2694236
	Swaps: 0
	File system inputs: 0
	File system outputs: 0
	Socket messages sent: 36
	Socket messages received: 0
	Signals delivered: 0
	Page size (bytes): 4096
	Exit status: 0
FINISHED CPU 2934.72 MEM 0 MAXMEM 0 STALE 1
#RESULT: UNK
#FIN: FIN
#CPU: 2934.72
#MAXMEM: 0
c 
#END: [Tue Aug  1 21:17:00 2023]
