#BEGIN: [Tue Aug  8 17:58:15 2023]
#HOST: mini29.local
#TIMELIMIT: 1800
#MEMLIMIT: 0
#FREQ: 10
#SOLVER: recon
#ARG1: benchmark/ISR-benchmark/random_instance/random_instance003_graph005.col
#ARG2: benchmark/ISR-benchmark/random_instance/random_instance003_graph005.dat
#COMMAND: /Users/soh/app/recon/src/recon benchmark/ISR-benchmark/random_instance/random_instance003_graph005.col benchmark/ISR-benchmark/random_instance/random_instance003_graph005.dat
c Copyright Volker Turau & Christoph Weyer, 2022
c Institute of Telematics
c Hamburg University of Technology, Hamburg, Germany
c Contact: turau@tuhh.de
c Graph file: benchmark/ISR-benchmark/random_instance/random_instance003_graph005.col
c Target file: benchmark/ISR-benchmark/random_instance/random_instance003_graph005.dat
c Size of independent set: 11
c Number of nodes of graph: 39
c Number of edges of graph: 117
c Average degree of graph: 6.00
s 1 6 9 10 12 13 27 29 30 34 35 
t 3 8 12 13 19 21 25 28 32 37 39 
c BFS found 9 new nodes in level 1 (total 10/268435456)
c BFS found 67 new nodes in level 2 (total 77/268435456)
c BFS found 278 new nodes in level 3 (total 355/268435456)
c BFS found 773 new nodes in level 4 (total 1128/268435456)
c BFS found 1598 new nodes in level 5 (total 2709/268435456)
c BFS found 2841 new nodes in level 6 (total 5458/268435456)
c BFS found 5124 new nodes in level 7 (total 10254/268435456)
c BFS found 8603 new nodes in level 8 (total 18109/268435456)
c BFS exiting found=true count=27224 max_count=268435456
c Found with: Breadth First Search
a YES
a 1 6 9 10 12 13 27 29 30 34 35 
a 1 6 9 10 12 13 29 30 32 34 35 
a 1 6 9 10 12 13 28 29 32 34 35 
a 1 3 9 10 12 13 28 29 32 34 35 
a 3 8 9 10 12 13 28 29 32 34 35 
a 3 8 9 10 12 13 21 28 29 32 35 
a 3 8 10 12 13 21 25 28 29 32 35 
a 3 8 12 13 21 25 28 29 32 35 37 
a 3 8 12 13 21 25 28 29 32 37 39 
a 3 8 12 13 19 21 25 28 32 37 39 
c Length: 9
	Command being timed: "/Users/soh/app/recon/src/recon benchmark/ISR-benchmark/random_instance/random_instance003_graph005.col benchmark/ISR-benchmark/random_instance/random_instance003_graph005.dat"
	User time (seconds): 0.23
	System time (seconds): 0.00
	Percent of CPU this job got: 97%
	Elapsed (wall clock) time (h:mm:ss or m:ss): 0:00.24
	Average shared text size (kbytes): 0
	Average unshared data size (kbytes): 0
	Average stack size (kbytes): 0
	Average total size (kbytes): 0
	Maximum resident set size (kbytes): 14385152
	Average resident set size (kbytes): 0
	Major (requiring I/O) page faults: 0
	Minor (reclaiming a frame) page faults: 1019
	Voluntary context switches: 17
	Involuntary context switches: 5
	Swaps: 0
	File system inputs: 0
	File system outputs: 0
	Socket messages sent: 34
	Socket messages received: 0
	Signals delivered: 0
	Page size (bytes): 4096
	Exit status: 0
FINISHED CPU 0.23 MEM 0 MAXMEM 0 STALE 1
#RESULT: UNK
#FIN: FIN
#CPU: 0.23
#MAXMEM: 0
c 
#END: [Tue Aug  8 17:58:16 2023]
