#BEGIN: [Tue Aug  8 21:39:13 2023]
#HOST: mini25.local
#TIMELIMIT: 1800
#MEMLIMIT: 0
#FREQ: 10
#SOLVER: recon
#ARG1: benchmark/ISR-benchmark/random_instance/random_instance019_graph001.col
#ARG2: benchmark/ISR-benchmark/random_instance/random_instance019_graph001.dat
#COMMAND: /Users/soh/app/recon/src/recon benchmark/ISR-benchmark/random_instance/random_instance019_graph001.col benchmark/ISR-benchmark/random_instance/random_instance019_graph001.dat
c Copyright Volker Turau & Christoph Weyer, 2022
c Institute of Telematics
c Hamburg University of Technology, Hamburg, Germany
c Contact: turau@tuhh.de
c Graph file: benchmark/ISR-benchmark/random_instance/random_instance019_graph001.col
c Target file: benchmark/ISR-benchmark/random_instance/random_instance019_graph001.dat
c Size of independent set: 79
c Number of nodes of graph: 247
c Number of edges of graph: 741
c Average degree of graph: 6.00
s 5 10 12 16 18 19 25 27 30 32 38 44 45 46 56 61 62 63 68 71 76 78 81 82 86 88 89 91 100 111 112 117 119 125 128 130 132 133 136 138 139 145 146 149 151 155 156 157 163 168 169 171 172 177 179 180 184 185 186 190 194 196 198 199 201 202 203 205 206 211 217 219 220 226 227 228 236 238 239 
t 3 4 5 8 10 13 16 18 19 20 23 27 29 30 34 35 38 42 43 45 48 49 50 55 60 63 74 78 83 84 88 90 91 94 99 103 104 105 109 112 126 129 130 141 144 145 146 147 155 161 163 164 166 168 170 172 175 178 179 180 181 184 189 190 191 193 194 202 207 208 209 212 219 220 235 236 239 240 246 
c BFS found 48 new nodes in level 1 (total 49/206488812)
c BFS found 2594 new nodes in level 2 (total 2643/206488812)
c BFS found 96175 new nodes in level 3 (total 98818/206488812)
c BFS found 2738625 new nodes in level 4 (total 2837443/206488812)
c BFS found 63046094 new nodes in level 5 (total 65883455/206488812)
TIMEOUT CPU 1800 MEM 0 MAXMEM 0
#RESULT: UNK
#FIN: TO
#CPU: 1800
#MAXMEM: 0
c 25914 killed(2). 25913 killed(2). 25914 killed(9). 25913 killed(9). 
#END: [Tue Aug  8 22:09:14 2023]
