#BEGIN: [Tue Aug  8 19:34:12 2023]
#HOST: mini23.local
#TIMELIMIT: 1800
#MEMLIMIT: 0
#FREQ: 10
#SOLVER: recon
#ARG1: benchmark/ISR-benchmark/random_instance/random_instance011_graph004.col
#ARG2: benchmark/ISR-benchmark/random_instance/random_instance011_graph004.dat
#COMMAND: /Users/soh/app/recon/src/recon benchmark/ISR-benchmark/random_instance/random_instance011_graph004.col benchmark/ISR-benchmark/random_instance/random_instance011_graph004.dat
c Copyright Volker Turau & Christoph Weyer, 2022
c Institute of Telematics
c Hamburg University of Technology, Hamburg, Germany
c Contact: turau@tuhh.de
c Graph file: benchmark/ISR-benchmark/random_instance/random_instance011_graph004.col
c Target file: benchmark/ISR-benchmark/random_instance/random_instance011_graph004.dat
c Size of independent set: 46
c Number of nodes of graph: 143
c Number of edges of graph: 429
c Average degree of graph: 6.00
s 1 3 8 11 13 19 21 26 28 29 33 43 49 53 63 65 69 70 72 77 78 79 80 83 85 86 87 92 97 98 100 101 102 105 106 107 113 119 126 130 131 134 135 136 142 143 
t 1 2 3 4 8 14 15 18 21 26 31 40 42 44 48 50 54 55 58 65 66 67 74 76 80 83 85 88 92 94 98 99 100 104 108 113 114 119 123 124 127 132 137 139 141 143 
c BFS found 26 new nodes in level 1 (total 27/223696213)
c BFS found 559 new nodes in level 2 (total 586/223696213)
c BFS found 8202 new nodes in level 3 (total 8788/223696213)
c BFS found 91284 new nodes in level 4 (total 100072/223696213)
c BFS found 802537 new nodes in level 5 (total 902567/223696213)
c BFS found 5828599 new nodes in level 6 (total 6729770/223696213)
c BFS found 36284711 new nodes in level 7 (total 42990631/223696213)
TIMEOUT CPU 1800 MEM 0 MAXMEM 0
#RESULT: UNK
#FIN: TO
#CPU: 1800
#MAXMEM: 0
c 12460 killed(2). 12459 killed(2). 12460 killed(9). 12459 killed(9). 
#END: [Tue Aug  8 20:04:13 2023]
