#BEGIN: [Tue Aug  1 12:58:40 2023]
#HOST: mini24.local
#TIMELIMIT: 7200
#MEMLIMIT: 0
#FREQ: 10
#SOLVER: ddreconf230801-10h10m
#ARG1: benchmark/ISR-benchmark/random_instance/random_instance003_graph001.col
#ARG2: benchmark/ISR-benchmark/random_instance/random_instance003_graph001.dat
#COMMAND: /Users/soh/app/ddreconf230801-10h10m/ddreconf benchmark/ISR-benchmark/random_instance/random_instance003_graph001.col --indset --stwidth --stfile=benchmark/ISR-benchmark/random_instance/random_instance003_graph001.dat
Input graph file parsed. # of vertices = 39, # of edges = 117
s 4 6 9 14 16 17 21 25 28 29 30 34
t 2 6 10 12 14 21 25 31 28 29 30 34
Solution space ZDD construction start
Solution space ZDD construction end
Solution space ZDD construction time = 0.038753
Solution space ZDD size = 8874
# of elements in the solution space = 1797410
Start computing the width of the solution space graph
Zs_1 construction time = 0.000046, # ZDD nodes = 41, # elems = 7
Zt_1 construction time = 0.000039, # ZDD nodes = 36, # elems = 7
Zs_2 construction time = 0.000149, # ZDD nodes = 112, # elems = 39
Zt_2 construction time = 0.000120, # ZDD nodes = 118, # elems = 72
Reconf seq found. Shortest length = 4
Zs_3 construction time = 0.000436, # ZDD nodes = 284, # elems = 163
Zt_3 construction time = 0.000463, # ZDD nodes = 339, # elems = 435
Zs_4 construction time = 0.002319, # ZDD nodes = 635, # elems = 491
Zt_4 construction time = 0.002275, # ZDD nodes = 801, # elems = 1397
Card(Zs_0 & Zt_4) = 1
Card(Zs_1 & Zt_3) = 1
Card(Zs_2 & Zt_2) = 1
Card(Zs_3 & Zt_1) = 1
Card(Zs_4 & Zt_0) = 1
max card = 1
max card index = 0
a YES
a 4 6 9 14 16 17 21 25 28 29 30 34
a 4 6 9 14 17 21 25 28 29 30 31 34
a 4 6 9 10 14 21 25 28 29 30 31 34
a 6 9 10 12 14 21 25 28 29 30 31 34
a 2 6 10 12 14 21 25 28 29 30 31 34
Reconfiguration time = 0.007252
	Command being timed: "/Users/soh/app/ddreconf230801-10h10m/ddreconf benchmark/ISR-benchmark/random_instance/random_instance003_graph001.col --indset --stwidth --stfile=benchmark/ISR-benchmark/random_instance/random_instance003_graph001.dat"
	User time (seconds): 0.06
	System time (seconds): 0.00
	Percent of CPU this job got: 86%
	Elapsed (wall clock) time (h:mm:ss or m:ss): 0:00.08
	Average shared text size (kbytes): 0
	Average unshared data size (kbytes): 0
	Average stack size (kbytes): 0
	Average total size (kbytes): 0
	Maximum resident set size (kbytes): 131825664
	Average resident set size (kbytes): 0
	Major (requiring I/O) page faults: 0
	Minor (reclaiming a frame) page faults: 8186
	Voluntary context switches: 19
	Involuntary context switches: 2
	Swaps: 0
	File system inputs: 0
	File system outputs: 0
	Socket messages sent: 34
	Socket messages received: 0
	Signals delivered: 0
	Page size (bytes): 4096
	Exit status: 0
FINISHED CPU 0.06 MEM 0 MAXMEM 0 STALE 1
#RESULT: UNK
#FIN: FIN
#CPU: 0.06
#MAXMEM: 0
c 
#END: [Tue Aug  1 12:58:40 2023]
