#BEGIN: [Tue Aug  8 21:35:13 2023]
#HOST: mini27.local
#TIMELIMIT: 1800
#MEMLIMIT: 0
#FREQ: 10
#SOLVER: recon
#ARG1: benchmark/ISR-benchmark/random_instance/random_instance018_graph001.col
#ARG2: benchmark/ISR-benchmark/random_instance/random_instance018_graph001.dat
#COMMAND: /Users/soh/app/recon/src/recon benchmark/ISR-benchmark/random_instance/random_instance018_graph001.col benchmark/ISR-benchmark/random_instance/random_instance018_graph001.dat
c Copyright Volker Turau & Christoph Weyer, 2022
c Institute of Telematics
c Hamburg University of Technology, Hamburg, Germany
c Contact: turau@tuhh.de
c Graph file: benchmark/ISR-benchmark/random_instance/random_instance018_graph001.col
c Target file: benchmark/ISR-benchmark/random_instance/random_instance018_graph001.dat
c Size of independent set: 79
c Number of nodes of graph: 234
c Number of edges of graph: 702
c Average degree of graph: 6.00
s 2 6 9 20 21 24 28 29 30 34 42 43 44 46 51 54 55 62 73 75 76 82 83 97 99 100 101 102 106 107 108 109 110 117 119 122 126 130 135 136 138 144 145 148 149 150 151 152 157 158 159 162 163 166 168 169 170 171 172 174 177 179 182 197 206 207 208 214 216 220 224 225 226 227 228 229 231 232 233 
t 1 2 9 15 16 17 21 22 24 27 29 34 36 38 42 45 48 49 50 54 55 64 65 69 72 73 75 78 87 91 93 95 96 97 100 102 103 106 107 109 110 114 115 117 119 120 130 144 146 149 151 157 158 160 163 164 165 166 169 172 178 179 181 182 183 185 192 195 196 197 204 207 208 210 212 214 229 230 233 
c BFS found 42 new nodes in level 1 (total 43/206488812)
c BFS found 1594 new nodes in level 2 (total 1637/206488812)
c BFS found 41993 new nodes in level 3 (total 43630/206488812)
c BFS found 867477 new nodes in level 4 (total 911107/206488812)
c BFS found 14527831 new nodes in level 5 (total 15438773/206488812)
TIMEOUT CPU 1800 MEM 0 MAXMEM 0
#RESULT: UNK
#FIN: TO
#CPU: 1800
#MAXMEM: 0
c 22944 killed(2). 22943 killed(2). 22944 killed(9). 22943 killed(9). 
#END: [Tue Aug  8 22:05:14 2023]
