#BEGIN: [Tue Aug  8 17:58:15 2023]
#HOST: mini24.local
#TIMELIMIT: 1800
#MEMLIMIT: 0
#FREQ: 10
#SOLVER: recon
#ARG1: benchmark/ISR-benchmark/random_instance/random_instance003_graph002.col
#ARG2: benchmark/ISR-benchmark/random_instance/random_instance003_graph002.dat
#COMMAND: /Users/soh/app/recon/src/recon benchmark/ISR-benchmark/random_instance/random_instance003_graph002.col benchmark/ISR-benchmark/random_instance/random_instance003_graph002.dat
c Copyright Volker Turau & Christoph Weyer, 2022
c Institute of Telematics
c Hamburg University of Technology, Hamburg, Germany
c Contact: turau@tuhh.de
c Graph file: benchmark/ISR-benchmark/random_instance/random_instance003_graph002.col
c Target file: benchmark/ISR-benchmark/random_instance/random_instance003_graph002.dat
c Size of independent set: 14
c Number of nodes of graph: 39
c Number of edges of graph: 117
c Average degree of graph: 6.00
s 4 6 7 9 17 18 22 24 25 29 32 34 35 36 
t 1 5 6 7 9 10 11 18 24 25 27 34 35 39 
c BFS found 4 new nodes in level 1 (total 5/268435456)
c BFS found 12 new nodes in level 2 (total 17/268435456)
c BFS found 48 new nodes in level 3 (total 65/268435456)
c BFS found 168 new nodes in level 4 (total 233/268435456)
c BFS found 408 new nodes in level 5 (total 639/268435456)
c BFS found 545 new nodes in level 6 (total 1166/268435456)
c BFS exiting found=true count=1393 max_count=268435456
c Found with: Breadth First Search
a YES
a 4 6 7 9 17 18 22 24 25 29 32 34 35 36 
a 4 6 7 9 18 22 24 25 28 29 32 34 35 36 
a 4 5 6 7 9 18 24 25 28 29 32 34 35 36 
a 4 5 6 7 9 10 18 24 25 28 29 32 34 35 
a 1 5 6 7 9 10 18 24 25 28 29 32 34 35 
a 1 5 6 7 9 10 11 18 24 25 29 32 34 35 
a 1 5 6 7 9 10 11 18 24 25 32 34 35 39 
a 1 5 6 7 9 10 11 18 24 25 27 34 35 39 
c Length: 7
	Command being timed: "/Users/soh/app/recon/src/recon benchmark/ISR-benchmark/random_instance/random_instance003_graph002.col benchmark/ISR-benchmark/random_instance/random_instance003_graph002.dat"
	User time (seconds): 0.01
	System time (seconds): 0.00
	Percent of CPU this job got: 33%
	Elapsed (wall clock) time (h:mm:ss or m:ss): 0:00.03
	Average shared text size (kbytes): 0
	Average unshared data size (kbytes): 0
	Average stack size (kbytes): 0
	Average total size (kbytes): 0
	Maximum resident set size (kbytes): 3850240
	Average resident set size (kbytes): 0
	Major (requiring I/O) page faults: 0
	Minor (reclaiming a frame) page faults: 376
	Voluntary context switches: 17
	Involuntary context switches: 2
	Swaps: 0
	File system inputs: 0
	File system outputs: 0
	Socket messages sent: 34
	Socket messages received: 0
	Signals delivered: 0
	Page size (bytes): 4096
	Exit status: 0
FINISHED CPU 0.01 MEM 0 MAXMEM 0 STALE 1
#RESULT: UNK
#FIN: FIN
#CPU: 0.01
#MAXMEM: 0
c 
#END: [Tue Aug  8 17:58:15 2023]
