#BEGIN: [Tue Aug  1 17:21:41 2023]
#HOST: mini30.local
#TIMELIMIT: 7200
#MEMLIMIT: 0
#FREQ: 10
#SOLVER: ddreconf230801-10h10m
#ARG1: benchmark/ISR-benchmark/random_instance/random_instance011_graph004.col
#ARG2: benchmark/ISR-benchmark/random_instance/random_instance011_graph004.dat
#COMMAND: /Users/soh/app/ddreconf230801-10h10m/ddreconf benchmark/ISR-benchmark/random_instance/random_instance011_graph004.col --indset --stwidth --stfile=benchmark/ISR-benchmark/random_instance/random_instance011_graph004.dat
Input graph file parsed. # of vertices = 143, # of edges = 429
s 1 3 8 11 13 19 21 26 28 29 33 43 80 49 53 130 63 65 79 69 70 72 77 78 83 85 86 87 143 92 131 135 97 98 100 101 102 105 106 107 136 113 119 126 134 142
t 1 2 3 4 8 14 15 18 21 26 31 40 42 44 80 48 50 54 55 58 65 66 67 74 76 99 83 85 88 143 92 94 108 98 100 104 113 114 119 132 123 124 137 127 141 139
Solution space ZDD construction start
Command terminated by signal 9
	Command being timed: "/Users/soh/app/ddreconf230801-10h10m/ddreconf benchmark/ISR-benchmark/random_instance/random_instance011_graph004.col --indset --stwidth --stfile=benchmark/ISR-benchmark/random_instance/random_instance011_graph004.dat"
	User time (seconds): 1633.04
	System time (seconds): 2095.38
	Percent of CPU this job got: 59%
	Elapsed (wall clock) time (h:mm:ss or m:ss): 1:44:45
	Average shared text size (kbytes): 0
	Average unshared data size (kbytes): 0
	Average stack size (kbytes): 0
	Average total size (kbytes): 0
	Maximum resident set size (kbytes): 255235751936
	Average resident set size (kbytes): 0
	Major (requiring I/O) page faults: 0
	Minor (reclaiming a frame) page faults: 268068559
	Voluntary context switches: 4460778
	Involuntary context switches: 2774780
	Swaps: 0
	File system inputs: 0
	File system outputs: 0
	Socket messages sent: 36
	Socket messages received: 0
	Signals delivered: 0
	Page size (bytes): 4096
	Exit status: 0
FINISHED CPU 3728.42 MEM 0 MAXMEM 0 STALE 1
#RESULT: UNK
#FIN: FIN
#CPU: 3728.42
#MAXMEM: 0
c 
#END: [Tue Aug  1 19:06:27 2023]
