#BEGIN: [Tue Aug  8 21:35:13 2023]
#HOST: mini22.local
#TIMELIMIT: 1800
#MEMLIMIT: 0
#FREQ: 10
#SOLVER: recon
#ARG1: benchmark/ISR-benchmark/random_instance/random_instance018_graph004.col
#ARG2: benchmark/ISR-benchmark/random_instance/random_instance018_graph004.dat
#COMMAND: /Users/soh/app/recon/src/recon benchmark/ISR-benchmark/random_instance/random_instance018_graph004.col benchmark/ISR-benchmark/random_instance/random_instance018_graph004.dat
c Copyright Volker Turau & Christoph Weyer, 2022
c Institute of Telematics
c Hamburg University of Technology, Hamburg, Germany
c Contact: turau@tuhh.de
c Graph file: benchmark/ISR-benchmark/random_instance/random_instance018_graph004.col
c Target file: benchmark/ISR-benchmark/random_instance/random_instance018_graph004.dat
c Size of independent set: 76
c Number of nodes of graph: 234
c Number of edges of graph: 702
c Average degree of graph: 6.00
s 1 2 6 9 10 13 15 16 17 19 20 23 27 29 30 31 34 35 38 43 49 53 57 58 62 64 68 82 83 84 90 91 93 95 96 97 99 101 104 108 112 116 119 120 122 126 131 137 140 142 156 157 162 164 167 168 172 173 175 176 177 179 180 189 190 199 200 203 204 207 211 218 224 225 229 230 
t 4 6 9 10 11 14 15 18 22 23 26 27 33 36 37 40 44 45 49 55 57 59 61 64 65 66 68 72 80 81 83 87 88 90 94 97 100 102 103 109 112 113 115 118 120 127 137 146 149 155 166 169 170 176 177 179 180 181 182 183 185 186 188 189 190 193 202 204 206 208 210 218 227 229 232 233 
c BFS found 48 new nodes in level 1 (total 49/206488812)
c BFS found 2577 new nodes in level 2 (total 2626/206488812)
c BFS found 95463 new nodes in level 3 (total 98089/206488812)
c BFS found 2674056 new nodes in level 4 (total 2772145/206488812)
c BFS found 60134417 new nodes in level 5 (total 62906412/206488812)
TIMEOUT CPU 1800 MEM 0 MAXMEM 0
#RESULT: UNK
#FIN: TO
#CPU: 1800
#MAXMEM: 0
c 25880 killed(2). 25881 killed(2). 25880 killed(9). 25881 killed(9). 
#END: [Tue Aug  8 22:05:14 2023]
