#BEGIN: [Tue Aug  8 21:43:14 2023]
#HOST: mini30.local
#TIMELIMIT: 1800
#MEMLIMIT: 0
#FREQ: 10
#SOLVER: recon
#ARG1: benchmark/ISR-benchmark/random_instance/random_instance019_graph002.col
#ARG2: benchmark/ISR-benchmark/random_instance/random_instance019_graph002.dat
#COMMAND: /Users/soh/app/recon/src/recon benchmark/ISR-benchmark/random_instance/random_instance019_graph002.col benchmark/ISR-benchmark/random_instance/random_instance019_graph002.dat
c Copyright Volker Turau & Christoph Weyer, 2022
c Institute of Telematics
c Hamburg University of Technology, Hamburg, Germany
c Contact: turau@tuhh.de
c Graph file: benchmark/ISR-benchmark/random_instance/random_instance019_graph002.col
c Target file: benchmark/ISR-benchmark/random_instance/random_instance019_graph002.dat
c Size of independent set: 83
c Number of nodes of graph: 247
c Number of edges of graph: 741
c Average degree of graph: 6.00
s 3 7 8 15 16 17 18 19 21 22 23 24 29 30 36 40 43 49 53 56 57 62 66 71 73 75 81 83 84 87 89 91 94 96 99 103 106 107 108 110 113 114 117 118 120 125 130 135 136 138 142 144 146 148 153 154 158 161 170 171 175 183 186 192 193 198 199 200 207 210 212 213 216 218 221 224 225 235 238 241 243 245 247 
t 4 7 15 16 19 20 23 24 29 30 46 48 49 53 56 57 62 66 71 75 80 82 83 84 88 89 90 91 94 96 101 105 117 118 120 122 125 130 132 135 138 140 142 146 149 150 153 154 157 160 161 162 164 166 171 173 178 179 180 184 186 188 195 199 200 201 202 205 210 212 213 216 218 220 223 224 227 237 239 243 244 246 247 
c BFS found 45 new nodes in level 1 (total 46/206488812)
c BFS found 2238 new nodes in level 2 (total 2284/206488812)
c BFS found 100550 new nodes in level 3 (total 102834/206488812)
c BFS found 3270206 new nodes in level 4 (total 3373040/206488812)
c BFS found 76195768 new nodes in level 5 (total 79568738/206488812)
TIMEOUT CPU 1800 MEM 0 MAXMEM 0
#RESULT: UNK
#FIN: TO
#CPU: 1800
#MAXMEM: 0
c 23467 killed(2). 23468 killed(2). 23467 killed(9). 23468 killed(9). 
#END: [Tue Aug  8 22:13:14 2023]
