#BEGIN: [Tue Aug  1 12:59:33 2023]
#HOST: mini24.local
#TIMELIMIT: 7200
#MEMLIMIT: 0
#FREQ: 10
#SOLVER: ddreconf230801-10h10m
#ARG1: benchmark/ISR-benchmark/random_instance/random_instance004_graph004.col
#ARG2: benchmark/ISR-benchmark/random_instance/random_instance004_graph004.dat
#COMMAND: /Users/soh/app/ddreconf230801-10h10m/ddreconf benchmark/ISR-benchmark/random_instance/random_instance004_graph004.col --indset --stwidth --stfile=benchmark/ISR-benchmark/random_instance/random_instance004_graph004.dat
Input graph file parsed. # of vertices = 52, # of edges = 156
s 6 8 19 20 23 28 29 47 31 40 34 42 39 46 45
t 6 16 17 19 28 29 47 32 33 34 42 38 43 44 49
Solution space ZDD construction start
Solution space ZDD construction end
Solution space ZDD construction time = 1.235059
Solution space ZDD size = 109540
# of elements in the solution space = 245353332
Start computing the width of the solution space graph
Zs_1 construction time = 0.000108, # ZDD nodes = 82, # elems = 12
Zt_1 construction time = 0.000099, # ZDD nodes = 79, # elems = 10
Zs_2 construction time = 0.000592, # ZDD nodes = 345, # elems = 103
Zt_2 construction time = 0.000533, # ZDD nodes = 294, # elems = 89
Zs_3 construction time = 0.003048, # ZDD nodes = 1221, # elems = 683
Zt_3 construction time = 0.002489, # ZDD nodes = 1011, # elems = 586
Zs_4 construction time = 0.014681, # ZDD nodes = 3699, # elems = 3539
Zt_4 construction time = 0.011345, # ZDD nodes = 2862, # elems = 2886
Reconf seq found. Shortest length = 8
Zs_5 construction time = 0.065555, # ZDD nodes = 9460, # elems = 14396
Zt_5 construction time = 0.055827, # ZDD nodes = 6916, # elems = 10504
Zs_6 construction time = 0.221221, # ZDD nodes = 20223, # elems = 45885
Zt_6 construction time = 0.211063, # ZDD nodes = 14588, # elems = 29162
Zs_7 construction time = 0.737301, # ZDD nodes = 38005, # elems = 115398
Zt_7 construction time = 0.466791, # ZDD nodes = 27627, # elems = 65966
Zs_8 construction time = 1.654225, # ZDD nodes = 63540, # elems = 234049
Zt_8 construction time = 1.349506, # ZDD nodes = 47396, # elems = 132276
Card(Zs_0 & Zt_8) = 1
Card(Zs_1 & Zt_7) = 4
Card(Zs_2 & Zt_6) = 13
Card(Zs_3 & Zt_5) = 22
Card(Zs_4 & Zt_4) = 27
Card(Zs_5 & Zt_3) = 27
Card(Zs_6 & Zt_2) = 16
Card(Zs_7 & Zt_1) = 5
Card(Zs_8 & Zt_0) = 1
max card = 27
max card index = 4
a YES
a 6 8 19 20 23 28 29 31 34 39 40 42 45 46 47
a 6 8 19 20 23 28 29 31 34 40 42 44 45 46 47
a 6 8 19 20 23 28 29 31 34 40 42 43 44 46 47
a 6 8 19 20 23 28 29 34 40 42 43 44 46 47 49
a 6 8 19 20 23 28 29 33 34 42 43 44 46 47 49
a 6 8 17 19 20 23 28 29 33 34 42 43 44 47 49
a 6 8 17 19 20 28 29 33 34 38 42 43 44 47 49
a 6 8 17 19 28 29 32 33 34 38 42 43 44 47 49
a 6 16 17 19 28 29 32 33 34 38 42 43 44 47 49
Reconfiguration time = 4.852650
	Command being timed: "/Users/soh/app/ddreconf230801-10h10m/ddreconf benchmark/ISR-benchmark/random_instance/random_instance004_graph004.col --indset --stwidth --stfile=benchmark/ISR-benchmark/random_instance/random_instance004_graph004.dat"
	User time (seconds): 5.99
	System time (seconds): 0.17
	Percent of CPU this job got: 99%
	Elapsed (wall clock) time (h:mm:ss or m:ss): 0:06.17
	Average shared text size (kbytes): 0
	Average unshared data size (kbytes): 0
	Average stack size (kbytes): 0
	Average total size (kbytes): 0
	Maximum resident set size (kbytes): 3094757376
	Average resident set size (kbytes): 0
	Major (requiring I/O) page faults: 0
	Minor (reclaiming a frame) page faults: 189029
	Voluntary context switches: 21
	Involuntary context switches: 41
	Swaps: 0
	File system inputs: 0
	File system outputs: 0
	Socket messages sent: 34
	Socket messages received: 0
	Signals delivered: 0
	Page size (bytes): 4096
	Exit status: 0
FINISHED CPU 6.16 MEM 0 MAXMEM 0 STALE 1
#RESULT: UNK
#FIN: FIN
#CPU: 6.16
#MAXMEM: 0
c 
#END: [Tue Aug  1 12:59:39 2023]
