#BEGIN: [Tue Aug  8 19:31:13 2023]
#HOST: mini28.local
#TIMELIMIT: 1800
#MEMLIMIT: 0
#FREQ: 10
#SOLVER: recon
#ARG1: benchmark/ISR-benchmark/random_instance/random_instance010_graph004.col
#ARG2: benchmark/ISR-benchmark/random_instance/random_instance010_graph004.dat
#COMMAND: /Users/soh/app/recon/src/recon benchmark/ISR-benchmark/random_instance/random_instance010_graph004.col benchmark/ISR-benchmark/random_instance/random_instance010_graph004.dat
c Copyright Volker Turau & Christoph Weyer, 2022
c Institute of Telematics
c Hamburg University of Technology, Hamburg, Germany
c Contact: turau@tuhh.de
c Graph file: benchmark/ISR-benchmark/random_instance/random_instance010_graph004.col
c Target file: benchmark/ISR-benchmark/random_instance/random_instance010_graph004.dat
c Size of independent set: 41
c Number of nodes of graph: 130
c Number of edges of graph: 390
c Average degree of graph: 6.00
s 1 6 7 11 20 21 26 27 29 32 36 38 41 42 46 47 48 53 55 57 58 59 60 62 63 68 69 71 74 78 86 87 89 92 104 110 113 115 123 127 130 
t 1 4 5 6 10 11 15 16 20 21 24 26 27 37 42 43 48 53 58 60 62 64 69 72 73 76 79 83 85 89 91 94 100 103 104 110 119 120 122 126 127 
c BFS found 21 new nodes in level 1 (total 22/223696213)
c BFS found 538 new nodes in level 2 (total 560/223696213)
c BFS found 10566 new nodes in level 3 (total 11126/223696213)
c BFS found 136425 new nodes in level 4 (total 147550/223696213)
c BFS found 1273737 new nodes in level 5 (total 1421261/223696213)
c BFS found 9354898 new nodes in level 6 (total 10775297/223696213)
TIMEOUT CPU 1800 MEM 0 MAXMEM 0
#RESULT: UNK
#FIN: TO
#CPU: 1800
#MAXMEM: 0
c 26149 killed(2). 26150 killed(2). 26149 killed(9). 26150 killed(9). 
#END: [Tue Aug  8 20:01:13 2023]
