#BEGIN: [Wed Jul 19 16:20:52 2023]
#HOST: mini30.local
#TIMELIMIT: 7200
#MEMLIMIT: 0
#FREQ: 10
#SOLVER: sat-based-isr-tj05-230719-15h37m
#ARG1: benchmark/ISR-benchmark/random_instance/random_instance006_graph004.col
#ARG2: benchmark/ISR-benchmark/random_instance/random_instance006_graph004.dat
#COMMAND: /Users/soh/app/scala-2.12.4/bin/scala -J-Xms32g -J-Xmx32g -cp /Users/soh/app/IsrForCompetition230719-15h37m/scop.jar:/Users/soh/app/IsrForCompetition230719-15h37m/isr4competition_2.12-1.3.5.jar fun.scop.app.isr.IsrSolverTj05 benchmark/ISR-benchmark/random_instance/random_instance006_graph004.col benchmark/ISR-benchmark/random_instance/random_instance006_graph004.dat cadical /Users/soh/app/IsrForCompetition230719-15h37m/cadical
#Nodes: 77
#Edges: 234
WARNING. There is missing goal nodes: {43}
c (0) step 1 UNSAT 486 1611
c (0) step 2 UNSAT 942 3030
c (0) step 3 UNSAT 1470 4614
c (0) step 4 UNSAT 2094 6410
c (0) step 5 UNSAT 2838 8465
c (0) step 6 UNSAT 3726 10826
c (0) step 7 UNSAT 4782 13540
c (0) step 8 SAT 6030 16654
a YES
a 3 5 6 11 17 19 28 29 30 33 38 41 42 49 50 55 57 58 62 63 64 66 70 74 75
a 3 5 6 11 17 19 29 30 33 38 41 42 49 50 55 57 58 62 63 64 66 68 70 74 75
a 3 5 6 11 17 19 29 30 33 38 41 42 49 50 55 57 58 62 63 64 68 69 70 74 75
a 3 5 6 11 17 19 29 30 33 38 41 42 47 49 55 57 58 62 63 64 68 69 70 74 75
a 3 5 6 11 17 19 29 30 33 38 39 41 42 47 55 57 58 62 63 64 68 69 70 74 75
a 3 5 6 11 17 19 29 30 33 38 39 41 42 47 52 55 57 58 62 63 64 68 69 70 75
a 5 6 11 17 19 24 29 30 33 38 39 41 42 47 52 55 57 58 62 63 64 68 69 70 75
a 5 6 11 17 19 21 24 29 30 33 38 39 42 47 52 55 57 58 62 63 64 68 69 70 75
a 6 11 17 19 21 24 29 30 33 38 39 42 47 52 55 57 58 59 62 63 64 68 69 70 75
	Command being timed: "/Users/soh/app/scala-2.12.4/bin/scala -J-Xms32g -J-Xmx32g -cp /Users/soh/app/IsrForCompetition230719-15h37m/scop.jar:/Users/soh/app/IsrForCompetition230719-15h37m/isr4competition_2.12-1.3.5.jar fun.scop.app.isr.IsrSolverTj05 benchmark/ISR-benchmark/random_instance/random_instance006_graph004.col benchmark/ISR-benchmark/random_instance/random_instance006_graph004.dat cadical /Users/soh/app/IsrForCompetition230719-15h37m/cadical"
	User time (seconds): 1.03
	System time (seconds): 0.09
	Percent of CPU this job got: 153%
	Elapsed (wall clock) time (h:mm:ss or m:ss): 0:00.73
	Average shared text size (kbytes): 0
	Average unshared data size (kbytes): 0
	Average stack size (kbytes): 0
	Average total size (kbytes): 0
	Maximum resident set size (kbytes): 914522112
	Average resident set size (kbytes): 0
	Major (requiring I/O) page faults: 0
	Minor (reclaiming a frame) page faults: 61736
	Voluntary context switches: 34
	Involuntary context switches: 2916
	Swaps: 0
	File system inputs: 0
	File system outputs: 0
	Socket messages sent: 38
	Socket messages received: 0
	Signals delivered: 5
	Page size (bytes): 4096
	Exit status: 0
FINISHED CPU 1.12 MEM 0 MAXMEM 0 STALE 1
#RESULT: UNK
#FIN: FIN
#CPU: 1.12
#MAXMEM: 0
c 
#END: [Wed Jul 19 16:20:52 2023]
