#BEGIN: [Tue Aug  1 12:58:40 2023]
#HOST: mini24.local
#TIMELIMIT: 7200
#MEMLIMIT: 0
#FREQ: 10
#SOLVER: ddreconf230801-10h10m
#ARG1: benchmark/ISR-benchmark/random_instance/random_instance003_graph003.col
#ARG2: benchmark/ISR-benchmark/random_instance/random_instance003_graph003.dat
#COMMAND: /Users/soh/app/ddreconf230801-10h10m/ddreconf benchmark/ISR-benchmark/random_instance/random_instance003_graph003.col --indset --stwidth --stfile=benchmark/ISR-benchmark/random_instance/random_instance003_graph003.dat
Input graph file parsed. # of vertices = 39, # of edges = 117
s 1 5 7 8 14 30 33 37 28 31 39
t 4 7 14 30 24 25 26 28 32 34 36
Solution space ZDD construction start
Solution space ZDD construction end
Solution space ZDD construction time = 0.063153
Solution space ZDD size = 11820
# of elements in the solution space = 1346850
Start computing the width of the solution space graph
Zs_1 construction time = 0.000040, # ZDD nodes = 30, # elems = 7
Zt_1 construction time = 0.000036, # ZDD nodes = 37, # elems = 7
Zs_2 construction time = 0.000134, # ZDD nodes = 98, # elems = 56
Zt_2 construction time = 0.000149, # ZDD nodes = 122, # elems = 46
Zs_3 construction time = 0.000519, # ZDD nodes = 267, # elems = 254
Zt_3 construction time = 0.000603, # ZDD nodes = 333, # elems = 191
Zs_4 construction time = 0.001834, # ZDD nodes = 642, # elems = 782
Zt_4 construction time = 0.002808, # ZDD nodes = 802, # elems = 579
Reconf seq found. Shortest length = 8
Zs_5 construction time = 0.006311, # ZDD nodes = 1345, # elems = 1830
Zt_5 construction time = 0.006577, # ZDD nodes = 1618, # elems = 1295
Zs_6 construction time = 0.015741, # ZDD nodes = 2461, # elems = 3442
Zt_6 construction time = 0.018982, # ZDD nodes = 2811, # elems = 2467
Zs_7 construction time = 0.035885, # ZDD nodes = 3738, # elems = 5163
Zt_7 construction time = 0.034872, # ZDD nodes = 4154, # elems = 4211
Zs_8 construction time = 0.054423, # ZDD nodes = 4662, # elems = 5862
Zt_8 construction time = 0.063198, # ZDD nodes = 5201, # elems = 6135
Card(Zs_0 & Zt_8) = 1
Card(Zs_1 & Zt_7) = 4
Card(Zs_2 & Zt_6) = 11
Card(Zs_3 & Zt_5) = 11
Card(Zs_4 & Zt_4) = 10
Card(Zs_5 & Zt_3) = 10
Card(Zs_6 & Zt_2) = 8
Card(Zs_7 & Zt_1) = 3
Card(Zs_8 & Zt_0) = 1
max card = 11
max card index = 2
a YES
a 1 5 7 8 14 28 30 31 33 37 39
a 1 5 7 8 14 24 28 30 31 33 37
a 1 7 8 14 24 28 30 31 33 34 37
a 1 7 8 14 24 28 30 32 33 34 37
a 3 7 8 14 24 28 30 32 33 34 37
a 3 7 8 14 24 26 28 30 32 33 34
a 3 4 7 14 24 26 28 30 32 33 34
a 4 7 14 24 26 28 30 32 33 34 36
a 4 7 14 24 25 26 28 30 32 34 36
Reconfiguration time = 0.250672
	Command being timed: "/Users/soh/app/ddreconf230801-10h10m/ddreconf benchmark/ISR-benchmark/random_instance/random_instance003_graph003.col --indset --stwidth --stfile=benchmark/ISR-benchmark/random_instance/random_instance003_graph003.dat"
	User time (seconds): 0.33
	System time (seconds): 0.00
	Percent of CPU this job got: 97%
	Elapsed (wall clock) time (h:mm:ss or m:ss): 0:00.34
	Average shared text size (kbytes): 0
	Average unshared data size (kbytes): 0
	Average stack size (kbytes): 0
	Average total size (kbytes): 0
	Maximum resident set size (kbytes): 158318592
	Average resident set size (kbytes): 0
	Major (requiring I/O) page faults: 0
	Minor (reclaiming a frame) page faults: 9803
	Voluntary context switches: 18
	Involuntary context switches: 5
	Swaps: 0
	File system inputs: 0
	File system outputs: 0
	Socket messages sent: 34
	Socket messages received: 0
	Signals delivered: 0
	Page size (bytes): 4096
	Exit status: 0
FINISHED CPU 0.33 MEM 0 MAXMEM 0 STALE 1
#RESULT: UNK
#FIN: FIN
#CPU: 0.33
#MAXMEM: 0
c 
#END: [Tue Aug  1 12:58:41 2023]
