#BEGIN: [Wed Jul 19 16:20:54 2023]
#HOST: mini30.local
#TIMELIMIT: 7200
#MEMLIMIT: 0
#FREQ: 10
#SOLVER: sat-based-isr-tj05-230719-15h37m
#ARG1: benchmark/ISR-benchmark/random_instance/random_instance007_graph005.col
#ARG2: benchmark/ISR-benchmark/random_instance/random_instance007_graph005.dat
#COMMAND: /Users/soh/app/scala-2.12.4/bin/scala -J-Xms32g -J-Xmx32g -cp /Users/soh/app/IsrForCompetition230719-15h37m/scop.jar:/Users/soh/app/IsrForCompetition230719-15h37m/isr4competition_2.12-1.3.5.jar fun.scop.app.isr.IsrSolverTj05 benchmark/ISR-benchmark/random_instance/random_instance007_graph005.col benchmark/ISR-benchmark/random_instance/random_instance007_graph005.dat cadical /Users/soh/app/IsrForCompetition230719-15h37m/cadical
#Nodes: 91
#Edges: 273
c (0) step 1 UNSAT 577 1906
c (0) step 2 UNSAT 1124 3602
c (0) step 3 UNSAT 1764 5512
c (0) step 4 UNSAT 2528 7697
c (0) step 5 UNSAT 3447 10218
c (0) step 6 UNSAT 4552 13136
c (0) step 7 UNSAT 5874 16512
c (0) step 8 UNSAT 7444 20407
c (0) step 9 UNSAT 9293 24882
c (0) step 10 UNSAT 11452 29998
c (0) step 11 UNSAT 13952 35816
c (0) step 12 UNSAT 16824 42397
c (0) step 13 UNSAT 20099 49802
c (0) step 14 UNSAT 23808 58092
c (0) step 15 UNSAT 27982 67328
c (0) step 16 UNSAT 32652 77571
c (0) step 17 UNSAT 37849 88882
c (0) step 18 UNSAT 43604 101322
c (0) step 19 UNSAT 49948 114952
c (0) step 20 SAT 56912 129833
a YES
a 3 4 6 10 11 15 16 18 21 22 24 25 31 39 41 42 46 51 52 58 59 64 65 74 75 78 81 83 84 87 88 89
a 3 4 6 9 10 11 15 16 18 21 22 24 25 31 39 41 42 46 52 58 59 64 65 74 75 78 81 83 84 87 88 89
a 3 4 9 10 11 15 16 18 21 22 24 25 31 39 41 42 46 47 52 58 59 64 65 74 75 78 81 83 84 87 88 89
a 3 9 10 11 15 16 18 21 22 24 25 31 39 41 42 46 47 52 58 59 63 64 65 74 75 78 81 83 84 87 88 89
a 3 9 10 11 15 16 18 21 22 24 25 31 39 41 42 45 46 47 52 58 59 63 64 65 74 75 78 81 83 84 87 89
a 3 9 10 11 15 16 18 21 22 24 25 31 39 41 42 45 46 47 52 58 59 63 64 65 70 74 75 78 81 84 87 89
a 3 9 10 11 15 16 18 22 24 25 31 39 41 42 45 46 47 52 58 59 63 64 65 70 74 75 78 81 84 87 89 91
a 3 9 10 11 15 16 18 22 24 25 31 39 41 42 45 46 47 52 58 59 63 64 65 69 70 74 78 81 84 87 89 91
a 3 9 10 11 15 16 18 20 22 25 31 39 41 42 45 46 47 52 58 59 63 64 65 69 70 74 78 81 84 87 89 91
a 3 9 10 11 15 16 18 20 22 25 31 39 41 42 45 46 47 52 58 59 63 64 65 66 69 70 74 78 81 84 89 91
a 3 9 10 11 15 16 18 20 22 25 31 39 41 42 45 46 47 52 59 63 64 65 66 67 69 70 74 78 81 84 89 91
a 9 10 11 15 16 18 20 22 25 31 39 41 42 45 46 47 52 59 63 64 65 66 67 69 70 74 78 81 84 85 89 91
a 9 10 11 15 16 18 20 22 25 31 33 39 41 42 45 46 47 52 59 63 64 65 66 67 69 70 74 78 84 85 89 91
a 9 10 11 15 16 18 20 22 25 31 33 39 41 42 45 46 47 52 59 61 63 64 66 67 69 70 74 78 84 85 89 91
a 9 10 11 15 16 18 19 20 22 25 31 33 39 41 42 45 46 47 52 59 61 63 64 66 67 69 70 74 78 85 89 91
a 9 10 11 15 16 18 19 20 22 25 31 33 39 41 42 45 46 47 52 59 61 63 64 66 67 69 70 73 78 85 89 91
a 9 10 15 16 18 19 20 22 25 29 31 33 39 41 42 45 46 47 52 59 61 63 64 66 67 69 70 73 78 85 89 91
a 9 10 15 16 17 19 20 22 25 29 31 33 39 41 42 45 46 47 52 59 61 63 64 66 67 69 70 73 78 85 89 91
a 8 9 10 15 16 17 19 20 22 25 29 31 33 39 41 42 45 46 47 52 59 61 63 66 67 69 70 73 78 85 89 91
a 8 9 10 15 16 17 19 20 22 25 28 29 31 33 41 42 45 46 47 52 59 61 63 66 67 69 70 73 78 85 89 91
a 8 9 10 12 15 16 17 19 20 22 25 28 29 31 33 41 45 46 47 52 59 61 63 66 67 69 70 73 78 85 89 91
	Command being timed: "/Users/soh/app/scala-2.12.4/bin/scala -J-Xms32g -J-Xmx32g -cp /Users/soh/app/IsrForCompetition230719-15h37m/scop.jar:/Users/soh/app/IsrForCompetition230719-15h37m/isr4competition_2.12-1.3.5.jar fun.scop.app.isr.IsrSolverTj05 benchmark/ISR-benchmark/random_instance/random_instance007_graph005.col benchmark/ISR-benchmark/random_instance/random_instance007_graph005.dat cadical /Users/soh/app/IsrForCompetition230719-15h37m/cadical"
	User time (seconds): 1.57
	System time (seconds): 0.13
	Percent of CPU this job got: 165%
	Elapsed (wall clock) time (h:mm:ss or m:ss): 0:01.03
	Average shared text size (kbytes): 0
	Average unshared data size (kbytes): 0
	Average stack size (kbytes): 0
	Average total size (kbytes): 0
	Maximum resident set size (kbytes): 1652162560
	Average resident set size (kbytes): 0
	Major (requiring I/O) page faults: 0
	Minor (reclaiming a frame) page faults: 106785
	Voluntary context switches: 34
	Involuntary context switches: 3208
	Swaps: 0
	File system inputs: 0
	File system outputs: 0
	Socket messages sent: 39
	Socket messages received: 0
	Signals delivered: 5
	Page size (bytes): 4096
	Exit status: 0
FINISHED CPU 1.7 MEM 0 MAXMEM 0 STALE 1
#RESULT: UNK
#FIN: FIN
#CPU: 1.7
#MAXMEM: 0
c 
#END: [Wed Jul 19 16:20:55 2023]
