#BEGIN: [Tue Aug  8 18:02:12 2023]
#HOST: mini25.local
#TIMELIMIT: 1800
#MEMLIMIT: 0
#FREQ: 10
#SOLVER: recon
#ARG1: benchmark/ISR-benchmark/random_instance/random_instance006_graph002.col
#ARG2: benchmark/ISR-benchmark/random_instance/random_instance006_graph002.dat
#COMMAND: /Users/soh/app/recon/src/recon benchmark/ISR-benchmark/random_instance/random_instance006_graph002.col benchmark/ISR-benchmark/random_instance/random_instance006_graph002.dat
c Copyright Volker Turau & Christoph Weyer, 2022
c Institute of Telematics
c Hamburg University of Technology, Hamburg, Germany
c Contact: turau@tuhh.de
c Graph file: benchmark/ISR-benchmark/random_instance/random_instance006_graph002.col
c Target file: benchmark/ISR-benchmark/random_instance/random_instance006_graph002.dat
c Size of independent set: 24
c Number of nodes of graph: 78
c Number of edges of graph: 234
c Average degree of graph: 6.00
s 3 4 7 8 12 13 15 16 24 25 29 40 41 45 46 52 59 63 65 66 69 72 73 77 
t 1 16 21 22 23 25 27 34 37 39 42 43 44 48 50 52 56 57 58 59 64 66 74 77 
c BFS found 11 new nodes in level 1 (total 12/244032232)
c BFS found 88 new nodes in level 2 (total 100/244032232)
c BFS found 520 new nodes in level 3 (total 620/244032232)
c BFS found 2562 new nodes in level 4 (total 3181/244032232)
c BFS found 11376 new nodes in level 5 (total 14538/244032232)
c BFS found 44750 new nodes in level 6 (total 59125/244032232)
c BFS found 155830 new nodes in level 7 (total 214090/244032232)
c BFS found 496482 new nodes in level 8 (total 706269/244032232)
c BFS found 1518032 new nodes in level 9 (total 2204692/244032232)
c BFS found 4516707 new nodes in level 10 (total 6644262/244032232)
c BFS found 12735181 new nodes in level 11 (total 19114879/244032232)
c BFS found 32698346 new nodes in level 12 (total 50965101/244032232)
TIMEOUT CPU 1800 MEM 0 MAXMEM 0
#RESULT: UNK
#FIN: TO
#CPU: 1800
#MAXMEM: 0
c 25784 killed(2). 25783 killed(2). 25784 killed(9). 25783 killed(9). 
#END: [Tue Aug  8 18:32:12 2023]
