#BEGIN: [Wed Jul 19 16:21:07 2023]
#HOST: mini28.local
#TIMELIMIT: 7200
#MEMLIMIT: 0
#FREQ: 10
#SOLVER: sat-based-isr-tj05-230719-15h37m
#ARG1: benchmark/ISR-benchmark/random_instance/random_instance013_graph002.col
#ARG2: benchmark/ISR-benchmark/random_instance/random_instance013_graph002.dat
#COMMAND: /Users/soh/app/scala-2.12.4/bin/scala -J-Xms32g -J-Xmx32g -cp /Users/soh/app/IsrForCompetition230719-15h37m/scop.jar:/Users/soh/app/IsrForCompetition230719-15h37m/isr4competition_2.12-1.3.5.jar fun.scop.app.isr.IsrSolverTj05 benchmark/ISR-benchmark/random_instance/random_instance013_graph002.col benchmark/ISR-benchmark/random_instance/random_instance013_graph002.dat cadical /Users/soh/app/IsrForCompetition230719-15h37m/cadical
#Nodes: 169
#Edges: 507
c (0) step 1 UNSAT 1069 3538
c (0) step 2 UNSAT 2078 6674
c (0) step 3 UNSAT 3252 10192
c (0) step 4 UNSAT 4646 14201
c (0) step 5 UNSAT 6315 18810
c (0) step 6 UNSAT 8314 24128
c (0) step 7 UNSAT 10698 30264
c (0) step 8 UNSAT 13522 37327
c (0) step 9 UNSAT 16841 45426
c (0) step 10 UNSAT 20710 54670
c (0) step 11 UNSAT 25184 65168
c (0) step 12 UNSAT 30318 77029
c (0) step 13 UNSAT 36167 90362
c (0) step 14 UNSAT 42786 105276
c (0) step 15 UNSAT 50230 121880
c (0) step 16 UNSAT 58554 140283
c (0) step 17 UNSAT 67813 160594
c (0) step 18 UNSAT 78062 182922
c (0) step 19 UNSAT 89356 207376
c (0) step 20 UNSAT 101750 234065
c (0) step 21 UNSAT 115299 263098
c (0) step 22 UNSAT 130058 294584
c (0) step 23 UNSAT 146082 328632
c (0) step 24 UNSAT 163426 365351
c (0) step 25 UNSAT 182145 404850
c (0) step 26 UNSAT 202294 447238
c (0) step 27 UNSAT 223928 492624
c (0) step 28 UNSAT 247102 541117
c (0) step 29 UNSAT 271871 592826
c (0) step 30 UNSAT 298290 647860
c (1) step 31 UNSAT 326414 706328
c (1) step 32 UNSAT 356298 768339
c (1) step 33 UNSAT 387997 834002
c (1) step 34 SAT 421566 903426
a YES
a 1 3 6 7 8 24 25 33 35 38 39 40 41 48 53 61 62 63 67 68 70 74 76 78 79 84 88 89 91 104 105 106 107 108 109 110 126 130 131 132 137 141 142 143 145 147 149 150 152 153 156 159 160 164 166 169
a 1 3 6 7 8 24 25 33 35 38 39 40 41 48 53 61 62 63 67 68 70 74 76 79 84 88 89 91 104 105 106 107 108 109 110 114 126 130 131 132 137 141 142 143 145 147 149 150 152 153 156 159 160 164 166 169
a 1 3 6 7 8 24 25 33 35 38 39 40 41 53 58 61 62 63 67 68 70 74 76 79 84 88 89 91 104 105 106 107 108 109 110 114 126 130 131 132 137 141 142 143 145 147 149 150 152 153 156 159 160 164 166 169
a 1 3 6 7 8 24 25 33 35 39 40 41 53 58 61 62 63 67 68 70 74 76 79 84 88 89 91 104 105 106 107 108 109 110 114 126 130 131 132 137 141 142 143 145 147 149 150 151 152 153 156 159 160 164 166 169
a 1 3 6 7 8 24 25 33 35 39 40 53 58 61 62 63 67 68 70 74 76 79 84 88 89 91 97 104 105 106 107 108 109 110 114 126 130 131 132 137 141 142 143 145 147 149 150 151 152 153 156 159 160 164 166 169
a 1 3 6 7 24 25 33 35 36 39 40 53 58 61 62 63 67 68 70 74 76 79 84 88 89 91 97 104 105 106 107 108 109 110 114 126 130 131 132 137 141 142 143 145 147 149 150 151 152 153 156 159 160 164 166 169
a 1 3 7 24 25 33 35 36 39 40 53 54 58 61 62 63 67 68 70 74 76 79 84 88 89 91 97 104 105 106 107 108 109 110 114 126 130 131 132 137 141 142 143 145 147 149 150 151 152 153 156 159 160 164 166 169
a 1 3 7 24 25 33 35 36 39 40 53 54 58 61 62 63 67 68 70 74 76 79 84 88 89 91 97 104 105 106 107 108 109 110 114 126 130 131 137 141 142 143 145 147 149 150 151 152 153 155 156 159 160 164 166 169
a 1 3 7 24 25 29 33 36 39 40 53 54 58 61 62 63 67 68 70 74 76 79 84 88 89 91 97 104 105 106 107 108 109 110 114 126 130 131 137 141 142 143 145 147 149 150 151 152 153 155 156 159 160 164 166 169
a 1 3 7 24 25 29 33 36 39 40 53 54 58 61 62 63 68 70 74 76 79 84 88 89 91 97 104 105 106 107 108 109 110 114 126 130 131 137 141 142 143 145 147 149 150 151 152 153 155 156 159 160 163 164 166 169
a 1 3 7 24 25 29 33 36 39 40 53 54 58 61 62 63 68 70 74 76 79 84 88 89 91 97 104 105 106 107 108 109 110 114 126 128 130 131 141 142 143 145 147 149 150 151 152 153 155 156 159 160 163 164 166 169
a 1 3 7 24 25 29 33 36 39 40 53 54 58 61 62 68 70 74 76 79 84 88 89 91 97 100 104 105 106 107 108 109 110 114 126 128 130 131 141 142 143 145 147 149 150 151 152 153 155 156 159 160 163 164 166 169
a 1 3 7 23 24 25 29 33 36 39 40 53 54 58 61 62 68 70 74 76 79 84 88 89 91 97 100 104 105 106 107 108 109 110 114 126 128 130 131 141 142 143 145 147 149 150 151 152 153 155 159 160 163 164 166 169
a 1 3 7 23 24 25 29 33 36 39 40 53 54 58 61 62 68 70 74 76 79 84 88 89 91 97 100 104 105 106 107 108 109 110 114 120 126 128 130 131 141 142 143 145 147 149 151 152 153 155 159 160 163 164 166 169
a 1 3 7 23 24 25 29 33 36 39 40 53 54 58 61 62 68 70 74 76 79 84 89 91 97 100 104 105 106 107 108 109 110 114 120 126 128 130 131 141 142 143 145 147 148 149 151 152 153 155 159 160 163 164 166 169
a 1 3 7 10 23 24 25 29 33 36 39 40 53 54 58 61 62 68 70 74 76 79 84 89 91 97 100 104 105 107 108 109 110 114 120 126 128 130 131 141 142 143 145 147 148 149 151 152 153 155 159 160 163 164 166 169
a 1 3 10 23 24 25 29 33 36 39 40 53 54 58 61 62 68 70 74 76 79 84 89 91 97 98 100 104 105 107 108 109 110 114 120 126 128 130 131 141 142 143 145 147 148 149 151 152 153 155 159 160 163 164 166 169
a 1 3 10 23 24 25 29 33 36 39 40 53 54 58 61 62 68 70 74 76 84 89 91 97 98 100 104 105 107 108 109 110 114 116 120 126 128 130 131 141 142 143 145 147 148 149 151 152 153 155 159 160 163 164 166 169
a 1 3 10 23 25 29 33 36 39 40 53 54 56 58 61 62 68 70 74 76 84 89 91 97 98 100 104 105 107 108 109 110 114 116 120 126 128 130 131 141 142 143 145 147 148 149 151 152 153 155 159 160 163 164 166 169
a 1 3 10 13 23 25 29 33 36 39 40 53 54 56 58 61 62 68 70 74 76 84 89 91 97 98 100 105 107 108 109 110 114 116 120 126 128 130 131 141 142 143 145 147 148 149 151 152 153 155 159 160 163 164 166 169
a 1 3 10 13 23 25 29 33 36 39 40 53 54 56 58 61 62 68 70 74 76 77 84 89 91 97 98 100 105 107 108 109 110 114 116 120 128 130 131 141 142 143 145 147 148 149 151 152 153 155 159 160 163 164 166 169
a 1 3 10 13 23 25 29 33 36 39 40 53 54 56 58 61 62 68 70 74 76 77 89 91 97 98 100 105 107 108 109 110 114 116 118 120 128 130 131 141 142 143 145 147 148 149 151 152 153 155 159 160 163 164 166 169
a 1 3 10 12 13 23 25 29 33 36 39 40 53 54 56 58 61 62 68 70 74 76 77 89 91 97 98 100 105 107 109 110 114 116 118 120 128 130 131 141 142 143 145 147 148 149 151 152 153 155 159 160 163 164 166 169
a 1 3 10 12 13 23 25 29 33 36 39 40 53 54 56 58 61 62 65 68 70 74 76 77 89 91 97 98 100 105 107 109 110 114 116 118 120 128 130 141 142 143 145 147 148 149 151 152 153 155 159 160 163 164 166 169
a 1 3 10 12 13 21 23 25 29 33 36 39 40 53 54 56 58 61 62 65 68 70 74 76 77 89 91 97 98 100 105 107 109 110 114 116 118 120 128 130 141 142 145 147 148 149 151 152 153 155 159 160 163 164 166 169
a 1 3 10 12 13 21 23 25 29 33 36 39 40 46 53 54 56 58 61 62 65 68 70 74 76 77 89 91 97 98 100 105 107 109 110 114 116 118 120 128 130 141 142 147 148 149 151 152 153 155 159 160 163 164 166 169
a 1 3 10 12 13 21 23 25 29 33 36 39 40 46 53 54 56 58 61 62 65 68 70 74 76 77 89 91 97 98 100 107 109 110 114 116 118 120 122 128 130 141 142 147 148 149 151 152 153 155 159 160 163 164 166 169
a 1 3 10 12 13 21 23 25 29 33 36 39 40 46 53 54 56 58 61 62 65 68 70 74 76 77 89 91 97 98 100 102 107 109 110 114 116 118 120 122 128 130 141 142 147 148 149 151 152 153 155 159 163 164 166 169
a 1 3 10 12 13 21 23 25 29 33 36 39 40 46 53 54 56 58 61 62 65 66 68 70 74 76 77 89 91 97 98 100 102 107 109 110 114 116 118 120 122 128 130 142 147 148 149 151 152 153 155 159 163 164 166 169
a 1 3 10 12 13 21 23 25 29 33 36 39 40 46 47 53 54 56 58 61 62 65 66 68 70 74 76 77 89 91 97 98 100 102 107 110 114 116 118 120 122 128 130 142 147 148 149 151 152 153 155 159 163 164 166 169
a 1 3 10 12 13 21 23 25 29 33 36 39 40 46 47 54 56 58 61 62 65 66 68 70 74 76 77 89 91 97 98 100 102 107 110 114 116 118 120 122 128 130 138 142 147 148 149 151 152 153 155 159 163 164 166 169
a 1 3 10 12 13 21 23 25 29 33 36 39 40 46 47 54 56 58 61 62 65 66 68 70 74 76 77 89 91 97 98 100 102 107 110 114 116 118 120 122 128 130 138 142 147 148 149 151 152 155 159 161 163 164 166 169
a 1 3 10 12 13 21 23 25 29 33 36 39 40 46 47 54 56 58 61 62 65 66 68 70 74 76 77 89 91 97 98 100 102 107 110 114 116 118 120 122 125 128 130 138 142 147 148 151 152 155 159 161 163 164 166 169
a 1 3 10 12 13 21 23 25 28 29 33 36 39 40 46 47 54 56 58 61 62 65 66 68 70 76 77 89 91 97 98 100 102 107 110 114 116 118 120 122 125 128 130 138 142 147 148 151 152 155 159 161 163 164 166 169
a 1 3 10 12 13 21 23 25 28 29 33 36 39 40 46 47 54 56 58 61 62 65 66 68 70 76 77 89 91 97 98 100 102 107 110 112 114 116 118 120 122 125 128 130 138 142 147 148 151 152 155 161 163 164 166 169
	Command being timed: "/Users/soh/app/scala-2.12.4/bin/scala -J-Xms32g -J-Xmx32g -cp /Users/soh/app/IsrForCompetition230719-15h37m/scop.jar:/Users/soh/app/IsrForCompetition230719-15h37m/isr4competition_2.12-1.3.5.jar fun.scop.app.isr.IsrSolverTj05 benchmark/ISR-benchmark/random_instance/random_instance013_graph002.col benchmark/ISR-benchmark/random_instance/random_instance013_graph002.dat cadical /Users/soh/app/IsrForCompetition230719-15h37m/cadical"
	User time (seconds): 3.10
	System time (seconds): 0.44
	Percent of CPU this job got: 141%
	Elapsed (wall clock) time (h:mm:ss or m:ss): 0:02.51
	Average shared text size (kbytes): 0
	Average unshared data size (kbytes): 0
	Average stack size (kbytes): 0
	Average total size (kbytes): 0
	Maximum resident set size (kbytes): 7173554176
	Average resident set size (kbytes): 0
	Major (requiring I/O) page faults: 0
	Minor (reclaiming a frame) page faults: 447349
	Voluntary context switches: 38
	Involuntary context switches: 3563
	Swaps: 0
	File system inputs: 0
	File system outputs: 0
	Socket messages sent: 41
	Socket messages received: 0
	Signals delivered: 5
	Page size (bytes): 4096
	Exit status: 0
FINISHED CPU 3.54 MEM 0 MAXMEM 0 STALE 1
#RESULT: UNK
#FIN: FIN
#CPU: 3.54
#MAXMEM: 0
c 
#END: [Wed Jul 19 16:21:09 2023]
