#BEGIN: [Wed Jul 19 16:21:18 2023]
#HOST: mini27.local
#TIMELIMIT: 7200
#MEMLIMIT: 0
#FREQ: 10
#SOLVER: sat-based-isr-tj05-230719-15h37m
#ARG1: benchmark/ISR-benchmark/random_instance/random_instance016_graph001.col
#ARG2: benchmark/ISR-benchmark/random_instance/random_instance016_graph001.dat
#COMMAND: /Users/soh/app/scala-2.12.4/bin/scala -J-Xms32g -J-Xmx32g -cp /Users/soh/app/IsrForCompetition230719-15h37m/scop.jar:/Users/soh/app/IsrForCompetition230719-15h37m/isr4competition_2.12-1.3.5.jar fun.scop.app.isr.IsrSolverTj05 benchmark/ISR-benchmark/random_instance/random_instance016_graph001.col benchmark/ISR-benchmark/random_instance/random_instance016_graph001.dat cadical /Users/soh/app/IsrForCompetition230719-15h37m/cadical
#Nodes: 207
#Edges: 624
WARNING. There is missing goal nodes: {93}
c (0) step 1 UNSAT 1307 4334
c (0) step 2 UNSAT 2536 8161
c (0) step 3 UNSAT 3960 12440
c (0) step 4 UNSAT 5644 17300
c (0) step 5 UNSAT 7653 22870
c (0) step 6 UNSAT 10052 29279
c (0) step 7 UNSAT 12906 36656
c (0) step 8 UNSAT 16280 45130
c (0) step 9 UNSAT 20239 54830
c (0) step 10 UNSAT 24848 65885
c (0) step 11 UNSAT 30172 78424
c (0) step 12 UNSAT 36276 92576
c (0) step 13 UNSAT 43225 108470
c (0) step 14 UNSAT 51084 126235
c (0) step 15 UNSAT 59918 146000
c (0) step 16 UNSAT 69792 167894
c (0) step 17 UNSAT 80771 192046
c (0) step 18 UNSAT 92920 218585
c (0) step 19 UNSAT 106304 247640
c (0) step 20 UNSAT 120988 279340
c (0) step 21 UNSAT 137037 313814
c (0) step 22 UNSAT 154516 351191
c (0) step 23 UNSAT 173490 391600
c (0) step 24 UNSAT 194024 435170
c (0) step 25 UNSAT 216183 482030
c (0) step 26 UNSAT 240032 532309
c (0) step 27 UNSAT 265636 586136
c (0) step 28 UNSAT 293060 643640
c (1) step 29 UNSAT 322369 704950
c (1) step 30 UNSAT 353628 770195
c (1) step 31 UNSAT 386902 839504
c (1) step 32 UNSAT 422256 913006
c (1) step 33 UNSAT 459755 990830
c (1) step 34 UNSAT 499464 1073105
c (1) step 35 UNSAT 541448 1159960
c (1) step 36 UNSAT 585772 1251524
c (1) step 37 UNSAT 632501 1347926
c (2) step 38 UNSAT 681700 1449295
c (2) step 39 UNSAT 733434 1555760
c (2) step 40 UNSAT 787768 1667450
c (2) step 41 UNSAT 844767 1784494
c (2) step 42 UNSAT 904496 1907021
c (3) step 43 SAT 967020 2035160
a YES
a 3 5 11 13 14 16 20 22 23 30 32 34 37 38 40 41 43 44 46 47 48 49 56 57 58 63 68 81 86 88 89 90 102 105 106 107 112 118 120 121 125 131 139 142 143 144 146 148 151 156 158 161 162 164 165 167 170 172 173 177 185 187 189 191 200 204
a 3 5 11 13 14 16 20 22 23 30 32 34 37 38 40 41 43 44 46 48 49 56 57 58 63 68 81 86 88 89 90 102 105 106 107 112 118 120 121 125 131 139 142 143 144 146 148 151 156 158 161 162 164 165 167 170 172 173 177 185 187 189 191 197 200 204
a 3 5 11 13 14 16 20 22 23 30 32 34 37 38 40 41 43 44 46 48 49 56 57 58 63 68 81 86 88 89 97 102 105 106 107 112 118 120 121 125 131 139 142 143 144 146 148 151 156 158 161 162 164 165 167 170 172 173 177 185 187 189 191 197 200 204
a 5 11 13 14 16 20 22 23 30 32 33 34 37 38 40 41 43 44 46 48 49 56 57 58 63 68 81 86 88 89 97 102 105 106 107 112 118 120 121 125 131 139 142 143 144 146 148 151 156 158 161 162 164 165 167 170 172 173 177 185 187 189 191 197 200 204
a 5 11 13 14 15 16 20 22 23 30 32 33 34 37 38 40 41 43 44 46 48 49 56 57 58 63 68 86 88 89 97 102 105 106 107 112 118 120 121 125 131 139 142 143 144 146 148 151 156 158 161 162 164 165 167 170 172 173 177 185 187 189 191 197 200 204
a 5 11 13 15 16 20 22 23 30 32 33 34 37 38 40 41 43 44 46 48 49 56 57 58 63 68 86 88 89 97 102 105 106 107 112 115 118 120 121 125 131 139 142 143 144 146 148 151 156 158 161 162 164 165 167 170 172 173 177 185 187 189 191 197 200 204
a 5 11 15 16 20 22 23 30 32 33 34 37 38 40 41 43 44 46 48 49 56 57 58 63 68 86 88 89 97 102 105 106 107 112 115 118 120 121 125 131 139 142 143 144 146 148 151 156 158 161 162 164 165 167 170 172 173 177 185 187 189 190 191 197 200 204
a 5 11 15 16 20 22 23 30 32 33 34 37 38 41 43 44 46 48 49 56 57 58 62 63 68 86 88 89 97 102 105 106 107 112 115 118 120 121 125 131 139 142 143 144 146 148 151 156 158 161 162 164 165 167 170 172 173 177 185 187 189 190 191 197 200 204
a 5 11 15 16 20 22 23 30 32 33 34 37 38 43 44 46 48 49 56 57 58 62 63 68 86 88 89 97 102 105 106 107 112 115 118 120 121 125 131 139 141 142 143 144 146 148 151 156 158 161 162 164 165 167 170 172 173 177 185 187 189 190 191 197 200 204
a 5 11 15 16 20 22 23 30 32 33 34 37 38 44 46 48 49 56 57 58 62 63 68 83 86 88 89 97 102 105 106 107 112 115 118 120 121 125 131 139 141 142 143 144 146 148 151 156 158 161 162 164 165 167 170 172 173 177 185 187 189 190 191 197 200 204
a 5 11 15 16 20 22 23 30 32 33 34 37 38 44 46 48 49 56 57 58 62 63 68 83 86 88 89 97 102 105 106 107 112 115 118 120 121 125 131 139 141 142 143 144 146 148 151 156 158 161 162 164 165 167 170 172 173 177 185 187 189 190 191 194 197 200
a 5 11 15 16 20 22 23 30 32 33 34 37 38 44 46 48 49 56 57 58 62 63 68 83 86 88 89 97 102 105 106 107 112 115 118 120 121 125 131 139 141 142 143 144 146 148 151 156 158 162 164 165 167 170 172 173 177 185 187 189 190 191 194 197 200 206
a 5 11 15 16 20 22 23 30 32 33 34 37 38 44 46 48 49 56 57 58 62 63 68 83 86 88 89 97 102 105 106 107 112 115 118 120 121 125 139 140 141 142 143 144 146 148 151 156 158 162 164 165 167 170 172 173 177 185 187 189 190 191 194 197 200 206
a 5 11 15 20 22 23 30 32 33 34 37 38 44 46 48 49 56 57 58 62 63 68 83 86 88 89 97 102 105 106 107 110 112 115 118 120 121 125 139 140 141 142 143 144 146 148 151 156 158 162 164 165 167 170 172 173 177 185 187 189 190 191 194 197 200 206
a 5 11 15 20 22 23 30 32 33 34 37 38 44 46 48 49 56 57 58 62 63 68 83 86 88 89 97 102 105 106 107 110 112 113 115 118 120 121 125 139 140 141 142 143 144 146 148 151 156 158 162 164 165 167 170 172 173 185 187 189 190 191 194 197 200 206
a 5 11 15 20 22 23 30 32 33 34 37 38 44 46 49 56 57 58 62 63 68 74 83 86 88 89 97 102 105 106 107 110 112 113 115 118 120 121 125 139 140 141 142 143 144 146 148 151 156 158 162 164 165 167 170 172 173 185 187 189 190 191 194 197 200 206
a 5 11 15 22 23 30 32 33 34 37 38 44 46 49 56 57 58 62 63 68 74 83 86 88 89 97 102 105 106 107 110 112 113 115 118 120 121 125 128 139 140 141 142 143 144 146 148 151 156 158 162 164 165 167 170 172 173 185 187 189 190 191 194 197 200 206
a 5 11 15 22 23 30 32 33 34 37 38 44 46 49 56 57 58 62 63 68 74 83 86 88 89 97 102 105 106 107 110 112 113 115 118 120 121 125 128 139 140 141 142 143 144 146 148 151 156 158 162 163 164 165 167 170 172 173 185 187 190 191 194 197 200 206
a 5 11 15 22 23 30 32 33 34 37 38 44 46 49 56 57 58 62 63 68 74 83 86 88 89 97 102 105 106 107 110 112 113 115 118 120 121 125 128 139 140 141 142 143 144 148 151 156 158 162 163 164 165 167 170 172 173 184 185 187 190 191 194 197 200 206
a 5 11 15 22 23 32 33 34 37 38 44 46 49 56 57 58 62 63 68 74 83 86 88 89 97 102 105 106 107 110 112 113 115 118 120 121 125 128 139 140 141 142 143 144 148 151 156 158 162 163 164 165 167 170 172 173 184 185 187 190 191 194 195 197 200 206
a 5 11 15 22 23 32 33 34 37 38 44 46 49 56 57 58 62 63 68 74 83 86 88 89 97 102 105 106 107 110 112 113 115 118 120 121 125 128 139 140 141 142 143 144 148 151 156 158 162 163 164 167 170 172 173 184 185 187 190 191 194 195 196 197 200 206
a 5 11 15 22 32 33 34 37 38 44 46 49 56 57 58 59 62 63 68 74 83 86 88 89 97 102 105 106 107 110 112 113 115 118 120 121 125 128 139 140 141 142 143 144 148 151 156 158 162 163 164 167 170 172 173 184 185 187 190 191 194 195 196 197 200 206
a 5 11 15 22 32 33 34 37 38 44 46 49 56 57 58 59 62 63 68 74 83 86 88 89 97 102 105 106 107 110 112 113 115 118 120 121 125 128 139 140 141 143 144 148 151 156 158 162 163 164 167 170 172 173 184 185 187 190 191 194 195 196 197 200 203 206
a 5 9 11 15 32 33 34 37 38 44 46 49 56 57 58 59 62 63 68 74 83 86 88 89 97 102 105 106 107 110 112 113 115 118 120 121 125 128 139 140 141 143 144 148 151 156 158 162 163 164 167 170 172 173 184 185 187 190 191 194 195 196 197 200 203 206
a 5 9 11 15 31 32 33 37 38 44 46 49 56 57 58 59 62 63 68 74 83 86 88 89 97 102 105 106 107 110 112 113 115 118 120 121 125 128 139 140 141 143 144 148 151 156 158 162 163 164 167 170 172 173 184 185 187 190 191 194 195 196 197 200 203 206
a 5 9 11 15 31 32 33 37 38 44 49 56 57 58 59 62 63 68 74 83 86 88 89 97 102 105 106 107 110 112 113 115 118 120 121 125 128 139 140 141 143 144 148 151 154 156 158 162 163 164 167 170 172 173 184 185 187 190 191 194 195 196 197 200 203 206
a 5 9 11 15 31 32 33 35 37 38 44 49 56 57 58 59 62 63 68 74 83 86 88 89 97 102 105 106 107 110 112 113 115 118 120 121 125 128 139 140 141 143 144 148 151 154 156 158 162 163 164 167 170 172 173 184 185 190 191 194 195 196 197 200 203 206
a 5 9 11 15 31 32 33 35 37 38 44 49 56 57 58 59 62 63 68 74 83 86 88 89 97 105 106 107 110 112 113 115 118 120 121 125 128 137 139 140 141 143 144 148 151 154 156 158 162 163 164 167 170 172 173 184 185 190 191 194 195 196 197 200 203 206
a 5 9 11 15 31 32 33 35 37 38 49 56 57 58 59 62 63 68 74 83 86 88 89 97 105 106 107 110 112 113 115 118 120 121 125 128 134 137 139 140 141 143 144 148 151 154 156 158 162 163 164 167 170 172 173 184 185 190 191 194 195 196 197 200 203 206
a 5 9 11 15 31 32 33 35 37 38 49 56 57 58 59 62 63 68 74 83 86 88 89 97 105 106 107 110 112 113 115 117 118 120 121 125 128 134 137 139 140 141 143 144 148 151 154 156 158 162 163 164 167 172 173 184 185 190 191 194 195 196 197 200 203 206
a 5 9 11 15 31 32 33 35 37 38 49 56 57 58 59 62 63 68 74 83 86 88 89 97 105 106 107 110 112 113 115 117 118 120 121 125 128 134 137 139 140 141 143 144 148 151 152 154 156 158 162 163 164 172 173 184 185 190 191 194 195 196 197 200 203 206
a 5 9 10 11 15 31 32 33 35 37 38 49 56 58 59 62 63 68 74 83 86 88 89 97 105 106 107 110 112 113 115 117 118 120 121 125 128 134 137 139 140 141 143 144 148 151 152 154 156 158 162 163 164 172 173 184 185 190 191 194 195 196 197 200 203 206
a 5 9 10 11 15 31 32 33 35 37 38 49 56 58 59 62 63 68 71 74 83 86 88 89 97 105 106 107 110 113 115 117 118 120 121 125 128 134 137 139 140 141 143 144 148 151 152 154 156 158 162 163 164 172 173 184 185 190 191 194 195 196 197 200 203 206
a 5 9 10 11 15 31 32 33 35 37 38 49 56 58 59 62 63 68 71 74 80 83 86 88 89 97 105 106 107 110 113 115 117 118 120 121 128 134 137 139 140 141 143 144 148 151 152 154 156 158 162 163 164 172 173 184 185 190 191 194 195 196 197 200 203 206
a 5 9 10 11 15 31 32 33 35 37 38 49 56 58 59 62 63 68 71 74 78 80 83 86 88 89 97 105 106 107 110 113 115 117 118 120 121 128 134 137 139 140 141 143 144 148 151 152 154 156 158 162 163 164 173 184 185 190 191 194 195 196 197 200 203 206
a 5 9 10 11 15 31 32 33 35 37 38 49 56 58 59 62 63 68 71 74 78 80 83 86 87 88 89 97 105 106 110 113 115 117 118 120 121 128 134 137 139 140 141 143 144 148 151 152 154 156 158 162 163 164 173 184 185 190 191 194 195 196 197 200 203 206
a 5 9 10 11 15 31 32 33 35 37 38 49 56 58 59 62 63 68 71 74 76 78 80 83 86 87 88 89 97 106 110 113 115 117 118 120 121 128 134 137 139 140 141 143 144 148 151 152 154 156 158 162 163 164 173 184 185 190 191 194 195 196 197 200 203 206
a 5 9 10 11 15 31 32 33 35 37 38 49 56 58 59 62 63 71 74 76 78 80 83 86 87 88 89 97 106 110 113 115 117 118 120 121 128 134 137 139 140 141 143 144 148 151 152 154 156 158 162 163 164 173 184 185 190 191 194 195 196 197 200 203 205 206
a 5 9 10 11 15 31 32 33 35 37 38 49 53 56 58 59 62 63 71 74 76 78 80 83 86 87 88 89 97 106 110 113 115 117 118 121 128 134 137 139 140 141 143 144 148 151 152 154 156 158 162 163 164 173 184 185 190 191 194 195 196 197 200 203 205 206
a 5 9 10 11 15 31 32 33 35 37 38 49 53 56 58 59 62 63 65 71 74 76 78 80 83 86 87 89 97 106 110 113 115 117 118 121 128 134 137 139 140 141 143 144 148 151 152 154 156 158 162 163 164 173 184 185 190 191 194 195 196 197 200 203 205 206
a 5 9 10 11 15 24 31 32 33 35 37 38 49 53 56 58 59 62 63 65 71 74 76 78 80 83 86 87 89 97 106 110 113 115 117 118 121 128 134 137 139 140 141 143 144 148 152 154 156 158 162 163 164 173 184 185 190 191 194 195 196 197 200 203 205 206
a 5 9 10 11 15 19 24 31 32 33 35 37 38 49 53 56 58 59 62 63 65 71 74 76 78 80 83 86 87 89 97 106 110 113 115 117 118 121 128 134 137 139 140 141 143 144 148 152 154 156 158 163 164 173 184 185 190 191 194 195 196 197 200 203 205 206
a 5 9 10 11 15 19 24 31 32 33 35 37 38 49 53 56 58 59 62 63 65 71 74 76 78 80 83 86 87 89 97 100 106 110 113 115 117 118 121 128 134 137 139 140 141 143 144 148 152 154 156 158 163 164 184 185 190 191 194 195 196 197 200 203 205 206
a 5 9 10 11 15 19 24 31 32 33 35 37 38 45 49 53 56 58 59 62 63 65 71 74 76 78 80 83 87 89 97 100 106 110 113 115 117 118 121 128 134 137 139 140 141 143 144 148 152 154 156 158 163 164 184 185 190 191 194 195 196 197 200 203 205 206
	Command being timed: "/Users/soh/app/scala-2.12.4/bin/scala -J-Xms32g -J-Xmx32g -cp /Users/soh/app/IsrForCompetition230719-15h37m/scop.jar:/Users/soh/app/IsrForCompetition230719-15h37m/isr4competition_2.12-1.3.5.jar fun.scop.app.isr.IsrSolverTj05 benchmark/ISR-benchmark/random_instance/random_instance016_graph001.col benchmark/ISR-benchmark/random_instance/random_instance016_graph001.dat cadical /Users/soh/app/IsrForCompetition230719-15h37m/cadical"
	User time (seconds): 4.90
	System time (seconds): 0.87
	Percent of CPU this job got: 123%
	Elapsed (wall clock) time (h:mm:ss or m:ss): 0:04.69
	Average shared text size (kbytes): 0
	Average unshared data size (kbytes): 0
	Average stack size (kbytes): 0
	Average total size (kbytes): 0
	Maximum resident set size (kbytes): 15138078720
	Average resident set size (kbytes): 0
	Major (requiring I/O) page faults: 4
	Minor (reclaiming a frame) page faults: 938078
	Voluntary context switches: 34
	Involuntary context switches: 3652
	Swaps: 0
	File system inputs: 0
	File system outputs: 0
	Socket messages sent: 40
	Socket messages received: 0
	Signals delivered: 7
	Page size (bytes): 4096
	Exit status: 0
FINISHED CPU 5.77 MEM 0 MAXMEM 0 STALE 1
#RESULT: UNK
#FIN: FIN
#CPU: 5.77
#MAXMEM: 0
c 
#END: [Wed Jul 19 16:21:23 2023]
