#BEGIN: [Wed Jul 19 16:21:14 2023]
#HOST: mini27.local
#TIMELIMIT: 7200
#MEMLIMIT: 0
#FREQ: 10
#SOLVER: sat-based-isr-tj05-230719-15h37m
#ARG1: benchmark/ISR-benchmark/random_instance/random_instance015_graph001.col
#ARG2: benchmark/ISR-benchmark/random_instance/random_instance015_graph001.dat
#COMMAND: /Users/soh/app/scala-2.12.4/bin/scala -J-Xms32g -J-Xmx32g -cp /Users/soh/app/IsrForCompetition230719-15h37m/scop.jar:/Users/soh/app/IsrForCompetition230719-15h37m/isr4competition_2.12-1.3.5.jar fun.scop.app.isr.IsrSolverTj05 benchmark/ISR-benchmark/random_instance/random_instance015_graph001.col benchmark/ISR-benchmark/random_instance/random_instance015_graph001.dat cadical /Users/soh/app/IsrForCompetition230719-15h37m/cadical
#Nodes: 194
#Edges: 585
WARNING. There is missing goal nodes: {70}
c (0) step 1 UNSAT 1225 4062
c (0) step 2 UNSAT 2377 7649
c (0) step 3 UNSAT 3712 11660
c (0) step 4 UNSAT 5291 16216
c (0) step 5 UNSAT 7175 21438
c (0) step 6 UNSAT 9425 27447
c (0) step 7 UNSAT 12102 34364
c (0) step 8 UNSAT 15267 42310
c (0) step 9 UNSAT 18981 51406
c (0) step 10 UNSAT 23305 61773
c (0) step 11 UNSAT 28300 73532
c (0) step 12 UNSAT 34027 86804
c (0) step 13 UNSAT 40547 101710
c (0) step 14 UNSAT 47921 118371
c (0) step 15 UNSAT 56210 136908
c (0) step 16 UNSAT 65475 157442
c (0) step 17 UNSAT 75777 180094
c (0) step 18 UNSAT 87177 204985
c (0) step 19 UNSAT 99736 232236
c (0) step 20 UNSAT 113515 261968
c (0) step 21 UNSAT 128575 294302
c (0) step 22 UNSAT 144977 329359
c (0) step 23 UNSAT 162782 367260
c (0) step 24 UNSAT 182051 408126
c (0) step 25 UNSAT 202845 452078
c (0) step 26 UNSAT 225225 499237
c (0) step 27 UNSAT 249252 549724
c (0) step 28 UNSAT 274987 603660
c (0) step 29 UNSAT 302491 661166
c (1) step 30 UNSAT 331825 722363
c (1) step 31 UNSAT 363050 787372
c (1) step 32 UNSAT 396227 856314
c (3) step 33 SAT 431417 929310
a YES
a 4 8 19 23 24 28 32 34 36 37 38 39 45 51 55 57 60 61 63 65 66 69 72 73 76 78 79 83 84 89 93 95 100 105 107 108 110 114 115 118 121 126 129 136 140 142 146 151 153 160 161 162 164 167 168 169 171 177 186 187 188 194
a 4 8 19 23 24 28 32 34 36 37 38 39 45 51 55 57 60 61 63 65 66 69 72 73 76 79 83 84 89 93 95 100 105 107 108 110 114 115 118 121 126 129 136 140 142 143 146 151 153 160 161 162 164 167 168 169 171 177 186 187 188 194
a 4 8 19 23 24 28 32 34 36 37 38 39 45 48 51 55 57 60 61 63 65 66 69 72 73 76 79 83 84 89 93 95 100 105 107 108 110 114 115 118 121 126 129 136 140 142 143 146 151 153 160 161 162 164 167 168 169 171 186 187 188 194
a 4 8 19 23 24 28 32 34 36 37 38 39 45 48 51 55 57 60 61 63 65 66 69 72 73 76 79 83 84 89 93 95 100 105 107 108 110 114 115 118 121 126 129 136 140 142 143 146 151 153 160 161 162 167 168 169 171 183 186 187 188 194
a 4 8 19 23 24 28 32 34 36 37 38 39 45 48 51 55 57 60 61 63 65 66 69 72 73 76 79 83 84 89 93 95 100 105 107 108 110 114 115 118 121 126 129 136 140 142 143 146 151 153 160 161 162 167 168 169 170 171 183 186 187 194
a 4 8 19 23 24 28 32 34 36 37 38 39 45 48 51 55 57 60 61 63 65 66 72 73 76 79 81 83 84 89 93 95 100 105 107 108 110 114 115 118 121 126 129 136 140 142 143 146 151 153 160 161 162 167 168 169 170 171 183 186 187 194
a 4 8 19 22 23 24 28 32 34 36 37 38 45 48 51 55 57 60 61 63 65 66 72 73 76 79 81 83 84 89 93 95 100 105 107 108 110 114 115 118 121 126 129 136 140 142 143 146 151 153 160 161 162 167 168 169 170 171 183 186 187 194
a 4 8 19 22 23 24 28 32 34 36 37 38 45 48 51 55 57 60 61 63 65 66 72 73 76 79 81 83 84 89 93 95 100 105 107 108 110 114 115 118 121 126 129 135 136 140 143 146 151 153 160 161 162 167 168 169 170 171 183 186 187 194
a 4 8 18 19 22 23 24 28 32 34 36 37 38 45 48 51 55 57 60 61 63 65 66 72 73 76 79 81 83 84 89 93 95 100 105 107 108 110 114 115 118 121 126 129 135 136 143 146 151 153 160 161 162 167 168 169 170 171 183 186 187 194
a 4 8 18 19 22 23 24 28 32 34 36 37 38 45 48 49 51 55 57 60 61 63 65 66 72 73 76 79 81 83 84 89 93 95 100 105 107 110 114 115 118 121 126 129 135 136 143 146 151 153 160 161 162 167 168 169 170 171 183 186 187 194
a 4 8 18 19 22 23 24 28 32 34 37 38 45 48 49 51 55 57 60 61 63 65 66 72 73 76 79 81 83 84 89 93 95 100 105 107 110 114 115 118 121 126 129 135 136 143 146 151 153 155 160 161 162 167 168 169 170 171 183 186 187 194
a 4 8 18 19 22 23 24 28 32 34 37 38 45 48 49 51 55 57 60 61 63 65 66 72 73 76 79 81 83 84 89 93 95 100 105 107 110 114 115 118 126 129 135 136 137 143 146 151 153 155 160 161 162 167 168 169 170 171 183 186 187 194
a 4 8 13 18 19 22 23 24 28 32 34 37 38 45 48 49 51 55 57 60 61 63 65 66 72 73 76 79 81 83 84 89 93 95 100 105 107 110 114 115 118 126 129 135 136 137 143 146 151 153 155 160 161 167 168 169 170 171 183 186 187 194
a 4 8 13 18 19 22 23 24 28 32 34 37 38 43 45 48 49 51 55 57 60 61 63 65 66 72 73 76 79 81 83 84 89 93 95 100 105 107 110 114 115 126 129 135 136 137 143 146 151 153 155 160 161 167 168 169 170 171 183 186 187 194
a 4 13 18 19 22 23 24 27 28 32 34 37 38 43 45 48 49 51 55 57 60 61 63 65 66 72 73 76 79 81 83 84 89 93 95 100 105 107 110 114 115 126 129 135 136 137 143 146 151 153 155 160 161 167 168 169 170 171 183 186 187 194
a 4 13 18 19 22 23 24 26 27 28 32 34 37 38 43 45 48 49 51 55 57 60 61 63 65 66 72 76 79 81 83 84 89 93 95 100 105 107 110 114 115 126 129 135 136 137 143 146 151 153 155 160 161 167 168 169 170 171 183 186 187 194
a 4 13 18 19 22 23 24 26 27 28 32 34 37 38 43 45 48 49 51 55 60 61 63 65 66 72 75 76 79 81 83 84 89 93 95 100 105 107 110 114 115 126 129 135 136 137 143 146 151 153 155 160 161 167 168 169 170 171 183 186 187 194
a 4 13 18 19 22 23 24 26 27 28 32 34 37 38 43 45 48 49 51 55 60 61 63 65 72 75 76 79 81 83 84 89 93 95 100 105 107 110 114 115 126 128 129 135 136 137 143 146 151 153 155 160 161 167 168 169 170 171 183 186 187 194
a 4 13 18 19 22 23 24 26 27 28 32 37 38 43 45 48 49 51 55 60 61 63 65 72 75 76 79 81 83 84 89 93 95 100 105 107 110 114 115 126 128 129 135 136 137 143 146 151 153 155 160 161 167 168 169 170 171 181 183 186 187 194
a 4 13 18 19 22 23 24 26 27 28 32 37 38 43 45 48 49 51 55 60 61 63 65 72 75 76 79 81 83 89 93 95 100 105 107 110 114 115 126 128 129 135 136 137 143 146 150 151 153 155 160 161 167 168 169 170 171 181 183 186 187 194
a 4 13 18 19 22 23 24 26 27 28 32 37 38 43 45 48 49 51 55 56 60 61 63 65 75 76 79 81 83 89 93 95 100 105 107 110 114 115 126 128 129 135 136 137 143 146 150 151 153 155 160 161 167 168 169 170 171 181 183 186 187 194
a 4 13 18 19 22 23 24 26 27 28 32 37 38 43 48 49 51 55 56 60 61 63 65 75 76 79 81 83 89 93 95 100 105 107 110 114 115 126 128 129 135 136 137 143 146 150 151 153 155 160 161 167 168 169 170 171 181 183 186 187 190 194
a 4 13 18 19 22 23 24 26 27 28 32 37 38 43 48 49 51 55 56 60 61 63 65 75 76 81 83 85 89 93 95 100 105 107 110 114 115 126 128 129 135 136 137 143 146 150 151 153 155 160 161 167 168 169 170 171 181 183 186 187 190 194
a 4 13 18 19 22 23 24 26 27 28 32 37 38 43 48 49 55 56 60 61 63 65 75 76 81 83 85 89 93 95 100 105 107 110 114 115 126 128 129 135 136 137 141 143 146 150 151 153 155 160 161 167 168 169 170 171 181 183 186 187 190 194
a 4 13 18 19 22 23 24 26 27 28 32 37 38 43 48 49 55 56 60 61 63 65 75 76 81 83 85 88 89 93 95 100 105 107 110 114 115 126 128 129 135 136 137 141 143 146 150 151 153 155 160 161 167 168 169 170 181 183 186 187 190 194
a 4 13 18 19 22 23 24 26 27 28 32 37 38 43 48 49 55 56 60 61 63 65 75 76 81 83 85 88 89 93 95 100 105 107 110 114 115 126 128 129 135 136 137 141 143 146 150 151 153 155 160 161 167 169 170 181 183 186 187 190 192 194
a 4 13 18 19 20 22 23 24 26 27 28 32 37 38 43 48 49 55 56 60 61 63 75 76 81 83 85 88 89 93 95 100 105 107 110 114 115 126 128 129 135 136 137 141 143 146 150 151 153 155 160 161 167 169 170 181 183 186 187 190 192 194
a 4 13 18 19 20 22 23 24 26 27 28 32 37 38 43 48 49 55 56 60 61 63 75 76 81 83 85 88 89 93 95 100 105 107 110 114 115 126 128 135 136 137 141 143 146 150 151 152 153 155 160 161 167 169 170 181 183 186 187 190 192 194
a 4 13 18 19 20 22 23 24 26 27 28 32 37 38 43 48 49 55 56 61 63 75 76 81 83 85 88 89 93 95 100 105 107 110 114 115 126 128 135 136 137 141 143 146 150 151 152 153 155 156 160 161 167 169 170 181 183 186 187 190 192 194
a 4 10 13 18 20 22 23 24 26 27 28 32 37 38 43 48 49 55 56 61 63 75 76 81 83 85 88 89 93 95 100 105 107 110 114 115 126 128 135 136 137 141 143 146 150 151 152 153 155 156 160 161 167 169 170 181 183 186 187 190 192 194
a 4 10 13 18 20 22 23 24 26 27 28 32 37 38 43 48 49 55 56 61 63 75 76 81 83 85 88 89 93 95 100 105 107 110 114 119 126 128 135 136 137 141 143 146 150 151 152 153 155 156 160 161 167 169 170 181 183 186 187 190 192 194
a 4 10 13 18 20 22 23 24 26 27 28 32 37 38 43 48 49 55 56 61 63 75 76 81 83 85 88 89 93 95 96 100 105 107 110 119 126 128 135 136 137 141 143 146 150 151 152 153 155 156 160 161 167 169 170 181 183 186 187 190 192 194
a 4 10 13 18 20 22 23 24 25 26 27 28 32 37 38 43 48 49 55 56 61 63 75 76 81 85 88 89 93 95 96 100 105 107 110 119 126 128 135 136 137 141 143 146 150 151 152 153 155 156 160 161 167 169 170 181 183 186 187 190 192 194
a 4 10 13 18 20 22 23 25 26 27 28 32 37 38 43 48 49 55 56 61 63 75 76 81 85 88 89 93 95 96 100 105 107 110 119 126 128 131 135 136 137 141 143 146 150 151 152 153 155 156 160 161 167 169 170 181 183 186 187 190 192 194
	Command being timed: "/Users/soh/app/scala-2.12.4/bin/scala -J-Xms32g -J-Xmx32g -cp /Users/soh/app/IsrForCompetition230719-15h37m/scop.jar:/Users/soh/app/IsrForCompetition230719-15h37m/isr4competition_2.12-1.3.5.jar fun.scop.app.isr.IsrSolverTj05 benchmark/ISR-benchmark/random_instance/random_instance015_graph001.col benchmark/ISR-benchmark/random_instance/random_instance015_graph001.dat cadical /Users/soh/app/IsrForCompetition230719-15h37m/cadical"
	User time (seconds): 4.50
	System time (seconds): 0.46
	Percent of CPU this job got: 124%
	Elapsed (wall clock) time (h:mm:ss or m:ss): 0:03.97
	Average shared text size (kbytes): 0
	Average unshared data size (kbytes): 0
	Average stack size (kbytes): 0
	Average total size (kbytes): 0
	Maximum resident set size (kbytes): 7275970560
	Average resident set size (kbytes): 0
	Major (requiring I/O) page faults: 0
	Minor (reclaiming a frame) page faults: 459143
	Voluntary context switches: 36
	Involuntary context switches: 3497
	Swaps: 0
	File system inputs: 0
	File system outputs: 0
	Socket messages sent: 42
	Socket messages received: 0
	Signals delivered: 6
	Page size (bytes): 4096
	Exit status: 0
FINISHED CPU 4.96 MEM 0 MAXMEM 0 STALE 1
#RESULT: UNK
#FIN: FIN
#CPU: 4.96
#MAXMEM: 0
c 
#END: [Wed Jul 19 16:21:18 2023]
