#BEGIN: [Wed Jul 19 16:20:56 2023]
#HOST: mini30.local
#TIMELIMIT: 7200
#MEMLIMIT: 0
#FREQ: 10
#SOLVER: sat-based-isr-tj05-230719-15h37m
#ARG1: benchmark/ISR-benchmark/random_instance/random_instance009_graph001.col
#ARG2: benchmark/ISR-benchmark/random_instance/random_instance009_graph001.dat
#COMMAND: /Users/soh/app/scala-2.12.4/bin/scala -J-Xms32g -J-Xmx32g -cp /Users/soh/app/IsrForCompetition230719-15h37m/scop.jar:/Users/soh/app/IsrForCompetition230719-15h37m/isr4competition_2.12-1.3.5.jar fun.scop.app.isr.IsrSolverTj05 benchmark/ISR-benchmark/random_instance/random_instance009_graph001.col benchmark/ISR-benchmark/random_instance/random_instance009_graph001.dat cadical /Users/soh/app/IsrForCompetition230719-15h37m/cadical
#Nodes: 117
#Edges: 351
c (0) step 1 UNSAT 734 2429
c (0) step 2 UNSAT 1414 4549
c (0) step 3 UNSAT 2190 6890
c (0) step 4 UNSAT 3094 9515
c (0) step 5 UNSAT 4158 12487
c (0) step 6 UNSAT 5414 15869
c (0) step 7 UNSAT 6894 19724
c (0) step 8 UNSAT 8630 24115
c (0) step 9 UNSAT 10654 29105
c (0) step 10 UNSAT 12998 34757
c (0) step 11 UNSAT 15694 41134
c (0) step 12 UNSAT 18774 48299
c (0) step 13 UNSAT 22270 56315
c (0) step 14 UNSAT 26214 65245
c (0) step 15 UNSAT 30638 75152
c (0) step 16 UNSAT 35574 86099
c (0) step 17 UNSAT 41054 98149
c (0) step 18 UNSAT 47110 111365
c (0) step 19 UNSAT 53774 125810
c (0) step 20 UNSAT 61078 141547
c (0) step 21 SAT 69054 158639
a YES
a 1 10 13 14 15 19 23 31 33 34 41 47 48 50 53 55 56 61 62 73 74 85 86 88 91 92 95 101 103 108 110 111 113
a 1 10 13 14 15 19 23 31 33 34 41 47 48 50 53 55 56 61 62 73 74 85 86 88 91 92 95 98 101 103 108 110 111
a 1 7 10 13 14 15 19 23 31 33 34 41 47 48 53 55 56 61 62 73 74 85 86 88 91 92 95 98 101 103 108 110 111
a 7 10 13 14 15 19 23 31 33 34 41 43 47 48 53 55 56 61 62 73 74 85 86 88 91 92 95 98 101 103 108 110 111
a 7 10 13 14 15 19 23 31 33 34 41 43 48 51 53 55 56 61 62 73 74 85 86 88 91 92 95 98 101 103 108 110 111
a 7 10 13 14 15 19 23 31 33 34 41 43 48 51 53 55 56 61 62 73 74 85 86 88 91 92 95 98 101 103 108 110 117
a 7 10 13 14 15 19 23 31 33 34 41 43 48 51 53 55 56 61 62 72 73 74 85 86 91 92 95 98 101 103 108 110 117
a 7 10 11 14 15 19 23 31 33 34 41 43 48 51 53 55 56 61 62 72 73 74 85 86 91 92 95 98 101 103 108 110 117
a 7 8 10 11 14 15 19 23 31 33 34 41 43 51 53 55 56 61 62 72 73 74 85 86 91 92 95 98 101 103 108 110 117
a 7 8 10 11 14 15 19 23 31 33 34 41 43 51 53 56 61 62 72 73 74 85 86 87 91 92 95 98 101 103 108 110 117
a 7 8 10 11 14 15 19 23 25 31 33 34 41 43 51 53 61 62 72 73 74 85 86 87 91 92 95 98 101 103 108 110 117
a 7 8 10 11 14 15 19 23 25 31 33 34 41 43 51 53 61 62 72 73 85 86 87 91 92 95 98 101 103 107 108 110 117
a 7 8 10 11 14 15 19 23 25 31 33 34 41 43 51 53 61 62 72 73 85 86 87 91 92 95 98 103 107 108 110 114 117
a 7 8 10 11 14 15 19 23 25 31 34 40 41 43 51 53 61 62 72 73 85 86 87 91 92 95 98 103 107 108 110 114 117
a 7 8 10 11 14 15 19 23 25 27 31 34 40 41 43 51 53 61 72 73 85 86 87 91 92 95 98 103 107 108 110 114 117
a 7 8 10 11 14 15 19 23 25 27 31 34 40 41 43 51 61 72 73 78 85 86 87 91 92 95 98 103 107 108 110 114 117
a 7 8 10 11 14 15 19 25 27 31 32 34 40 41 43 51 61 72 73 78 85 86 87 91 92 95 98 103 107 108 110 114 117
a 7 8 10 11 15 19 25 27 31 32 34 40 41 42 43 51 61 72 73 78 85 86 87 91 92 95 98 103 107 108 110 114 117
a 7 8 10 11 15 19 25 27 31 32 40 41 42 43 51 61 72 73 78 80 85 86 87 91 92 95 98 103 107 108 110 114 117
a 7 8 10 11 15 19 25 27 31 32 40 41 42 43 51 61 72 73 78 80 85 86 87 90 91 92 95 98 103 107 110 114 117
a 7 8 10 11 15 19 25 27 31 32 40 41 42 43 51 61 72 73 78 80 85 86 87 90 91 92 98 100 103 107 110 114 117
a 7 8 10 11 15 19 25 27 31 32 40 41 42 43 51 61 72 73 78 80 85 86 87 90 92 98 100 103 104 107 110 114 117
	Command being timed: "/Users/soh/app/scala-2.12.4/bin/scala -J-Xms32g -J-Xmx32g -cp /Users/soh/app/IsrForCompetition230719-15h37m/scop.jar:/Users/soh/app/IsrForCompetition230719-15h37m/isr4competition_2.12-1.3.5.jar fun.scop.app.isr.IsrSolverTj05 benchmark/ISR-benchmark/random_instance/random_instance009_graph001.col benchmark/ISR-benchmark/random_instance/random_instance009_graph001.dat cadical /Users/soh/app/IsrForCompetition230719-15h37m/cadical"
	User time (seconds): 2.24
	System time (seconds): 0.15
	Percent of CPU this job got: 168%
	Elapsed (wall clock) time (h:mm:ss or m:ss): 0:01.42
	Average shared text size (kbytes): 0
	Average unshared data size (kbytes): 0
	Average stack size (kbytes): 0
	Average total size (kbytes): 0
	Maximum resident set size (kbytes): 1920221184
	Average resident set size (kbytes): 0
	Major (requiring I/O) page faults: 0
	Minor (reclaiming a frame) page faults: 123397
	Voluntary context switches: 37
	Involuntary context switches: 3120
	Swaps: 0
	File system inputs: 0
	File system outputs: 0
	Socket messages sent: 44
	Socket messages received: 0
	Signals delivered: 5
	Page size (bytes): 4096
	Exit status: 0
FINISHED CPU 2.39 MEM 0 MAXMEM 0 STALE 1
#RESULT: UNK
#FIN: FIN
#CPU: 2.39
#MAXMEM: 0
c 
#END: [Wed Jul 19 16:20:58 2023]
