#BEGIN: [Wed Jul 19 16:21:01 2023]
#HOST: mini27.local
#TIMELIMIT: 7200
#MEMLIMIT: 0
#FREQ: 10
#SOLVER: sat-based-isr-tj05-230719-15h37m
#ARG1: benchmark/ISR-benchmark/random_instance/random_instance011_graph001.col
#ARG2: benchmark/ISR-benchmark/random_instance/random_instance011_graph001.dat
#COMMAND: /Users/soh/app/scala-2.12.4/bin/scala -J-Xms32g -J-Xmx32g -cp /Users/soh/app/IsrForCompetition230719-15h37m/scop.jar:/Users/soh/app/IsrForCompetition230719-15h37m/isr4competition_2.12-1.3.5.jar fun.scop.app.isr.IsrSolverTj05 benchmark/ISR-benchmark/random_instance/random_instance011_graph001.col benchmark/ISR-benchmark/random_instance/random_instance011_graph001.dat cadical /Users/soh/app/IsrForCompetition230719-15h37m/cadical
#Nodes: 143
#Edges: 429
c (0) step 1 UNSAT 902 2985
c (0) step 2 UNSAT 1748 5617
c (0) step 3 UNSAT 2726 8554
c (0) step 4 UNSAT 3880 11883
c (0) step 5 UNSAT 5254 15691
c (0) step 6 UNSAT 6892 20065
c (0) step 7 UNSAT 8838 25092
c (0) step 8 UNSAT 11136 30859
c (0) step 9 UNSAT 13830 37453
c (0) step 10 UNSAT 16964 44961
c (0) step 11 UNSAT 20582 53470
c (0) step 12 UNSAT 24728 63067
c (0) step 13 UNSAT 29446 73839
c (0) step 14 UNSAT 34780 85873
c (0) step 15 UNSAT 40774 99256
c (0) step 16 UNSAT 47472 114075
c (0) step 17 UNSAT 54918 130417
c (0) step 18 UNSAT 63156 148369
c (0) step 19 UNSAT 72230 168018
c (0) step 20 SAT 82184 189451
a YES
a 5 10 11 14 20 22 27 32 36 37 38 41 48 53 58 59 60 62 63 68 70 74 76 78 79 81 85 86 93 97 109 110 111 112 114 119 124 126 130 131 132 135 137 141 142
a 5 9 10 11 14 20 22 27 32 36 37 38 41 48 53 58 59 60 62 63 68 70 74 76 78 79 81 85 86 93 97 109 110 111 112 119 124 126 130 131 132 135 137 141 142
a 5 9 10 11 14 20 22 27 32 36 37 38 41 48 53 58 59 60 62 63 64 68 70 74 76 78 79 81 85 86 93 97 109 110 111 112 119 124 126 130 131 132 135 141 142
a 5 9 10 11 14 20 22 27 30 32 36 37 38 41 48 53 58 59 60 62 63 64 68 70 74 76 78 79 81 85 86 93 97 109 110 111 112 119 124 126 130 131 132 141 142
a 5 9 10 11 14 20 22 27 30 32 36 37 38 41 48 53 58 59 60 62 63 64 68 70 74 76 78 79 81 85 86 93 109 110 111 112 119 124 125 126 130 131 132 141 142
a 9 10 11 14 20 22 27 30 32 36 37 38 41 48 53 58 59 60 62 63 64 68 70 74 76 78 79 81 85 86 93 109 110 111 112 119 124 125 126 129 130 131 132 141 142
a 9 10 11 14 20 22 27 30 32 36 37 38 41 44 48 53 58 59 60 62 63 64 68 70 74 76 78 79 81 85 86 93 109 110 111 119 124 125 126 129 130 131 132 141 142
a 9 10 11 14 20 22 27 30 32 36 37 38 44 48 53 58 59 60 62 63 64 68 70 74 76 78 79 81 85 86 93 109 110 111 113 119 124 125 126 129 130 131 132 141 142
a 1 9 10 11 14 20 22 27 30 32 37 38 44 48 53 58 59 60 62 63 64 68 70 74 76 78 79 81 85 86 93 109 110 111 113 119 124 125 126 129 130 131 132 141 142
a 1 9 10 11 14 20 22 27 30 32 37 38 44 48 53 58 59 60 62 63 64 65 68 70 74 76 78 79 81 85 86 93 109 110 111 113 119 125 126 129 130 131 132 141 142
a 1 9 10 11 14 20 22 27 30 32 37 38 44 48 52 53 58 59 60 62 63 64 65 68 70 76 78 79 81 85 86 93 109 110 111 113 119 125 126 129 130 131 132 141 142
a 1 9 10 11 14 20 22 27 30 32 37 38 44 48 52 53 58 59 60 62 63 64 65 68 70 76 78 79 81 85 86 89 93 109 110 111 113 119 125 126 129 131 132 141 142
a 1 9 10 11 14 20 22 27 30 32 37 38 44 48 52 53 58 59 60 62 63 64 65 68 70 76 78 79 81 85 86 89 93 107 109 110 111 113 119 125 126 129 131 132 141
a 1 9 10 11 14 20 22 27 30 32 37 38 44 48 51 52 53 58 59 60 62 63 64 65 68 70 76 78 79 81 85 86 89 93 107 110 111 113 119 125 126 129 131 132 141
a 1 9 11 14 20 22 27 30 32 37 38 44 48 51 52 53 55 58 59 60 62 63 64 65 68 70 76 78 79 81 85 86 89 93 107 110 111 113 119 125 126 129 131 132 141
a 1 9 11 14 20 22 27 30 32 37 38 44 48 51 52 53 55 58 59 60 62 63 64 65 68 70 76 78 79 81 85 86 89 93 107 111 113 119 122 125 126 129 131 132 141
a 1 9 14 20 22 27 30 32 37 38 44 48 51 52 53 55 58 59 60 62 63 64 65 68 70 76 78 79 81 85 86 89 93 107 111 113 118 119 122 125 126 129 131 132 141
a 1 3 9 14 20 22 27 30 32 37 38 44 48 51 52 53 55 58 59 60 62 63 64 65 68 70 76 78 79 81 85 86 89 93 107 111 113 118 122 125 126 129 131 132 141
a 1 3 9 14 20 22 27 30 32 37 38 44 48 51 52 53 55 58 59 60 62 63 64 65 68 70 76 78 81 85 86 89 92 93 107 111 113 118 122 125 126 129 131 132 141
a 1 3 9 14 20 22 27 30 32 37 38 44 48 51 52 55 58 59 60 62 63 64 65 68 70 76 78 81 85 86 89 92 93 96 107 111 113 118 122 125 126 129 131 132 141
a 1 3 9 14 20 22 27 30 32 37 38 44 48 51 52 55 58 59 60 62 63 64 65 70 76 78 81 85 86 89 92 93 96 107 111 113 118 122 125 126 129 131 132 141 143
	Command being timed: "/Users/soh/app/scala-2.12.4/bin/scala -J-Xms32g -J-Xmx32g -cp /Users/soh/app/IsrForCompetition230719-15h37m/scop.jar:/Users/soh/app/IsrForCompetition230719-15h37m/isr4competition_2.12-1.3.5.jar fun.scop.app.isr.IsrSolverTj05 benchmark/ISR-benchmark/random_instance/random_instance011_graph001.col benchmark/ISR-benchmark/random_instance/random_instance011_graph001.dat cadical /Users/soh/app/IsrForCompetition230719-15h37m/cadical"
	User time (seconds): 1.87
	System time (seconds): 0.16
	Percent of CPU this job got: 178%
	Elapsed (wall clock) time (h:mm:ss or m:ss): 0:01.14
	Average shared text size (kbytes): 0
	Average unshared data size (kbytes): 0
	Average stack size (kbytes): 0
	Average total size (kbytes): 0
	Maximum resident set size (kbytes): 2046885888
	Average resident set size (kbytes): 0
	Major (requiring I/O) page faults: 0
	Minor (reclaiming a frame) page faults: 130885
	Voluntary context switches: 34
	Involuntary context switches: 3170
	Swaps: 0
	File system inputs: 0
	File system outputs: 0
	Socket messages sent: 39
	Socket messages received: 0
	Signals delivered: 5
	Page size (bytes): 4096
	Exit status: 0
FINISHED CPU 2.03 MEM 0 MAXMEM 0 STALE 1
#RESULT: UNK
#FIN: FIN
#CPU: 2.03
#MAXMEM: 0
c 
#END: [Wed Jul 19 16:21:02 2023]
