#BEGIN: [Wed Jul 19 16:21:09 2023]
#HOST: mini23.local
#TIMELIMIT: 7200
#MEMLIMIT: 0
#FREQ: 10
#SOLVER: sat-based-isr-tj05-230719-15h37m
#ARG1: benchmark/ISR-benchmark/random_instance/random_instance013_graph004.col
#ARG2: benchmark/ISR-benchmark/random_instance/random_instance013_graph004.dat
#COMMAND: /Users/soh/app/scala-2.12.4/bin/scala -J-Xms32g -J-Xmx32g -cp /Users/soh/app/IsrForCompetition230719-15h37m/scop.jar:/Users/soh/app/IsrForCompetition230719-15h37m/isr4competition_2.12-1.3.5.jar fun.scop.app.isr.IsrSolverTj05 benchmark/ISR-benchmark/random_instance/random_instance013_graph004.col benchmark/ISR-benchmark/random_instance/random_instance013_graph004.dat cadical /Users/soh/app/IsrForCompetition230719-15h37m/cadical
#Nodes: 169
#Edges: 507
c (0) step 1 UNSAT 1065 3526
c (0) step 2 UNSAT 2062 6630
c (0) step 3 UNSAT 3212 10088
c (0) step 4 UNSAT 4566 14001
c (0) step 5 UNSAT 6175 18470
c (0) step 6 UNSAT 8090 23596
c (0) step 7 UNSAT 10362 29480
c (0) step 8 UNSAT 13042 36223
c (0) step 9 UNSAT 16181 43926
c (0) step 10 UNSAT 19830 52690
c (0) step 11 UNSAT 24040 62616
c (0) step 12 UNSAT 28862 73805
c (0) step 13 UNSAT 34347 86358
c (0) step 14 UNSAT 40546 100376
c (0) step 15 UNSAT 47510 115960
c (0) step 16 UNSAT 55290 133211
c (0) step 17 UNSAT 63937 152230
c (0) step 18 UNSAT 73502 173118
c (0) step 19 UNSAT 84036 195976
c (0) step 20 UNSAT 95590 220905
c (0) step 21 UNSAT 108215 248006
c (0) step 22 UNSAT 121962 277380
c (0) step 23 UNSAT 136882 309128
c (0) step 24 UNSAT 153026 343351
c (0) step 25 UNSAT 170445 380150
c (0) step 26 UNSAT 189190 419626
c (0) step 27 UNSAT 209312 461880
c (0) step 28 UNSAT 230862 507013
c (0) step 29 UNSAT 253891 555126
c (0) step 30 UNSAT 278450 606320
c (0) step 31 UNSAT 304590 660696
c (1) step 32 UNSAT 332362 718355
c (3) step 33 SAT 361817 779398
a YES
a 1 3 6 9 12 13 15 16 17 20 28 34 40 45 49 51 57 61 63 64 70 72 74 76 79 84 86 94 98 99 105 109 110 112 113 121 125 132 134 135 136 143 146 147 148 150 152 154 163 164 166 169
a 1 3 6 9 12 13 15 16 17 20 22 28 34 40 45 49 51 57 61 64 70 72 74 76 79 84 86 94 98 99 105 109 110 112 113 121 125 132 134 135 136 143 146 147 148 150 152 154 163 164 166 169
a 1 3 6 9 12 13 15 16 17 20 22 28 34 40 45 49 51 57 61 64 70 72 74 76 79 84 86 94 96 98 99 105 109 112 113 121 125 132 134 135 136 143 146 147 148 150 152 154 163 164 166 169
a 1 3 6 9 12 15 16 17 20 22 28 34 40 45 49 51 57 61 64 70 72 74 76 79 84 86 88 94 96 98 99 105 109 112 113 121 125 132 134 135 136 143 146 147 148 150 152 154 163 164 166 169
a 1 3 6 9 12 15 16 17 20 22 28 34 40 45 49 51 57 61 64 70 72 74 76 79 84 86 88 94 96 99 100 105 109 112 113 121 125 132 134 135 136 143 146 147 148 150 152 154 163 164 166 169
a 1 3 6 9 12 15 16 17 20 22 28 34 40 45 49 51 57 61 64 70 72 74 76 79 84 86 88 94 96 99 100 105 109 112 113 121 125 131 132 134 135 136 143 146 147 148 150 152 154 163 164 166
a 1 3 6 9 12 15 16 17 20 22 28 34 40 45 49 51 57 61 64 70 72 74 76 79 83 84 86 88 94 96 99 100 105 109 113 121 125 131 132 134 135 136 143 146 147 148 150 152 154 163 164 166
a 1 3 6 9 12 15 16 17 20 22 28 34 40 45 49 51 61 64 70 72 74 76 79 83 84 86 88 89 94 96 99 100 105 109 113 121 125 131 132 134 135 136 143 146 147 148 150 152 154 163 164 166
a 1 3 6 9 15 16 17 20 22 28 34 40 45 49 51 61 64 70 72 74 76 79 83 84 86 88 89 94 96 99 100 105 109 113 121 125 131 132 134 135 136 143 146 147 148 150 152 154 163 164 166 168
a 1 3 6 9 15 16 20 22 28 34 40 45 49 51 61 64 70 72 74 76 79 83 84 86 88 89 94 96 97 99 100 105 109 113 121 125 131 132 134 135 136 143 146 147 148 150 152 154 163 164 166 168
a 1 3 6 9 15 16 20 22 28 34 40 45 49 51 61 64 72 74 76 79 83 84 86 88 89 94 96 97 99 100 101 105 109 113 121 125 131 132 134 135 136 143 146 147 148 150 152 154 163 164 166 168
a 1 3 6 9 15 16 20 22 28 34 40 45 47 49 51 61 64 72 74 76 79 83 84 86 88 89 94 96 97 99 100 101 105 109 113 121 125 131 132 134 135 136 143 146 147 148 152 154 163 164 166 168
a 1 3 6 7 9 15 16 20 22 28 34 40 45 47 49 51 61 64 72 74 76 79 83 84 86 88 89 94 96 97 99 100 101 105 113 121 125 131 132 134 135 136 143 146 147 148 152 154 163 164 166 168
a 1 3 6 7 9 15 16 20 22 28 29 34 40 47 49 51 61 64 72 74 76 79 83 84 86 88 89 94 96 97 99 100 101 105 113 121 125 131 132 134 135 136 143 146 147 148 152 154 163 164 166 168
a 1 3 6 7 9 15 16 20 22 28 29 34 47 49 51 61 64 72 74 76 79 83 84 86 88 89 94 96 97 99 100 101 105 113 119 121 125 131 132 134 135 136 143 146 147 148 152 154 163 164 166 168
a 1 3 6 7 9 15 16 20 22 28 29 34 47 49 51 61 64 72 74 76 79 83 84 86 88 89 94 96 97 99 100 101 105 113 119 121 125 131 134 135 136 141 143 146 147 148 152 154 163 164 166 168
a 1 3 6 7 9 15 20 22 28 29 34 47 49 51 61 64 72 74 76 79 83 84 86 88 89 94 96 97 99 100 101 105 113 119 121 125 131 134 135 136 141 143 146 147 148 152 154 163 164 165 166 168
a 1 3 6 7 9 15 20 22 28 29 34 47 49 51 64 66 72 74 76 79 83 84 86 88 89 94 96 97 99 100 101 105 113 119 121 125 131 134 135 136 141 143 146 147 148 152 154 163 164 165 166 168
a 1 3 6 7 9 15 20 22 23 28 29 34 47 49 51 64 66 72 76 79 83 84 86 88 89 94 96 97 99 100 101 105 113 119 121 125 131 134 135 136 141 143 146 147 148 152 154 163 164 165 166 168
a 1 3 6 7 9 15 20 22 23 28 29 34 47 49 51 64 66 72 76 79 83 84 86 88 89 94 96 97 99 100 101 105 113 119 121 125 131 134 135 136 141 143 146 147 148 154 158 163 164 165 166 168
a 1 3 6 7 9 15 20 22 23 28 29 47 49 51 64 66 72 76 79 83 84 86 88 89 94 96 97 99 100 101 105 113 119 121 125 131 134 135 136 141 142 143 146 147 148 154 158 163 164 165 166 168
a 1 6 7 9 15 20 22 23 28 29 35 47 49 51 64 66 72 76 79 83 84 86 88 89 94 96 97 99 100 101 105 113 119 121 125 131 134 135 136 141 142 143 146 147 148 154 158 163 164 165 166 168
a 1 6 7 9 15 20 22 23 28 29 35 47 49 51 64 66 72 76 81 83 84 86 88 89 94 96 97 99 100 101 105 113 119 121 125 131 134 135 136 141 142 143 146 147 148 154 158 163 164 165 166 168
a 6 7 9 15 20 22 23 28 29 35 47 49 51 64 66 72 76 81 83 84 86 88 89 94 96 97 99 100 101 105 108 113 119 121 125 131 134 135 136 141 142 143 146 147 148 154 158 163 164 165 166 168
a 6 7 15 20 22 23 28 29 35 47 49 51 64 66 72 76 81 83 84 86 88 89 94 95 96 97 99 100 101 105 108 113 119 121 125 131 134 135 136 141 142 143 146 147 148 154 158 163 164 165 166 168
a 6 7 15 20 22 23 28 29 35 47 49 51 64 66 72 76 81 83 84 86 88 89 90 94 95 96 97 99 100 101 105 108 113 119 121 125 131 134 135 136 141 142 143 146 147 148 154 158 163 165 166 168
a 6 7 15 20 22 23 28 29 35 47 49 51 64 66 72 76 81 83 84 86 88 89 90 94 95 96 97 99 100 101 105 108 113 119 121 125 131 134 135 136 141 142 143 146 147 148 154 158 162 163 165 168
a 6 7 15 20 22 23 28 29 35 47 49 51 64 66 72 76 81 83 84 86 87 88 89 90 95 96 97 99 100 101 105 108 113 119 121 125 131 134 135 136 141 142 143 146 147 148 154 158 162 163 165 168
a 6 7 15 20 22 23 28 29 35 47 49 51 64 66 72 76 81 83 84 86 87 88 89 90 95 96 97 99 100 101 105 108 113 119 121 125 131 133 134 135 136 141 142 146 147 148 154 158 162 163 165 168
a 6 7 15 20 22 23 28 29 35 47 49 64 66 72 76 81 83 84 86 87 88 89 90 92 95 96 97 99 100 101 105 108 113 119 121 125 131 133 134 135 136 141 142 146 147 148 154 158 162 163 165 168
a 6 7 15 18 20 22 23 28 29 35 47 49 64 66 72 76 81 83 84 86 87 88 89 90 92 95 96 97 99 100 101 108 113 119 121 125 131 133 134 135 136 141 142 146 147 148 154 158 162 163 165 168
a 6 7 18 20 22 23 28 29 35 47 49 64 66 72 76 81 83 84 86 87 88 89 90 92 95 96 97 99 100 101 108 113 119 121 125 131 133 134 135 136 141 142 146 147 148 151 154 158 162 163 165 168
a 6 7 18 20 22 23 28 29 35 47 49 64 66 72 76 81 83 84 86 87 88 89 90 92 95 96 97 99 100 101 108 119 121 125 130 131 133 134 135 136 141 142 146 147 148 151 154 158 162 163 165 168
a 6 7 18 20 22 23 28 29 35 47 49 64 66 72 76 81 83 84 86 87 88 89 90 92 95 96 97 99 100 101 108 119 121 125 130 131 133 134 136 141 142 146 147 148 151 153 154 158 162 163 165 168
	Command being timed: "/Users/soh/app/scala-2.12.4/bin/scala -J-Xms32g -J-Xmx32g -cp /Users/soh/app/IsrForCompetition230719-15h37m/scop.jar:/Users/soh/app/IsrForCompetition230719-15h37m/isr4competition_2.12-1.3.5.jar fun.scop.app.isr.IsrSolverTj05 benchmark/ISR-benchmark/random_instance/random_instance013_graph004.col benchmark/ISR-benchmark/random_instance/random_instance013_graph004.dat cadical /Users/soh/app/IsrForCompetition230719-15h37m/cadical"
	User time (seconds): 5.18
	System time (seconds): 0.39
	Percent of CPU this job got: 121%
	Elapsed (wall clock) time (h:mm:ss or m:ss): 0:04.59
	Average shared text size (kbytes): 0
	Average unshared data size (kbytes): 0
	Average stack size (kbytes): 0
	Average total size (kbytes): 0
	Maximum resident set size (kbytes): 6304595968
	Average resident set size (kbytes): 0
	Major (requiring I/O) page faults: 0
	Minor (reclaiming a frame) page faults: 398149
	Voluntary context switches: 34
	Involuntary context switches: 3435
	Swaps: 0
	File system inputs: 0
	File system outputs: 0
	Socket messages sent: 40
	Socket messages received: 0
	Signals delivered: 6
	Page size (bytes): 4096
	Exit status: 0
FINISHED CPU 5.57 MEM 0 MAXMEM 0 STALE 1
#RESULT: UNK
#FIN: FIN
#CPU: 5.57
#MAXMEM: 0
c 
#END: [Wed Jul 19 16:21:14 2023]
