#BEGIN: [Tue Aug  8 22:06:15 2023]
#HOST: mini29.local
#TIMELIMIT: 1800
#MEMLIMIT: 0
#FREQ: 10
#SOLVER: recon
#ARG1: benchmark/ISR-benchmark/random_instance/random_instance020_graph002.col
#ARG2: benchmark/ISR-benchmark/random_instance/random_instance020_graph002.dat
#COMMAND: /Users/soh/app/recon/src/recon benchmark/ISR-benchmark/random_instance/random_instance020_graph002.col benchmark/ISR-benchmark/random_instance/random_instance020_graph002.dat
c Copyright Volker Turau & Christoph Weyer, 2022
c Institute of Telematics
c Hamburg University of Technology, Hamburg, Germany
c Contact: turau@tuhh.de
c Graph file: benchmark/ISR-benchmark/random_instance/random_instance020_graph002.col
c Target file: benchmark/ISR-benchmark/random_instance/random_instance020_graph002.dat
c Size of independent set: 81
c Number of nodes of graph: 260
c Number of edges of graph: 780
c Average degree of graph: 6.00
s 1 3 7 8 14 15 16 20 23 24 25 27 30 32 34 41 43 45 50 53 54 61 72 75 77 78 80 92 95 102 106 107 109 113 114 116 123 125 129 131 132 134 136 137 140 141 142 147 148 155 156 159 168 171 172 175 177 178 179 180 182 183 187 188 189 190 200 206 207 208 210 215 226 227 228 230 238 242 244 245 249 
t 4 5 16 17 26 27 29 33 34 38 44 47 49 50 51 53 54 55 60 63 69 74 76 81 85 89 90 93 97 101 107 109 110 113 119 122 131 137 139 143 144 145 152 156 161 162 167 168 169 174 181 184 185 188 193 197 201 202 205 206 209 210 212 213 216 219 224 225 227 229 230 237 238 241 243 244 245 248 249 253 257 
c BFS found 50 new nodes in level 1 (total 51/191739611)
c BFS found 2684 new nodes in level 2 (total 2735/191739611)
c BFS found 110866 new nodes in level 3 (total 113601/191739611)
c BFS found 3326934 new nodes in level 4 (total 3440535/191739611)
c BFS found 77629289 new nodes in level 5 (total 81069674/191739611)
TIMEOUT CPU 1800 MEM 0 MAXMEM 0
#RESULT: UNK
#FIN: TO
#CPU: 1800
#MAXMEM: 0
c 23369 killed(2). 23370 killed(2). 23369 killed(9). 23370 killed(9). 
#END: [Tue Aug  8 22:36:16 2023]
