#BEGIN: [Tue Aug  1 17:40:42 2023]
#HOST: mini26.local
#TIMELIMIT: 7200
#MEMLIMIT: 0
#FREQ: 10
#SOLVER: ddreconf230801-10h10m
#ARG1: benchmark/ISR-benchmark/random_instance/random_instance012_graph004.col
#ARG2: benchmark/ISR-benchmark/random_instance/random_instance012_graph004.dat
#COMMAND: /Users/soh/app/ddreconf230801-10h10m/ddreconf benchmark/ISR-benchmark/random_instance/random_instance012_graph004.col --indset --stwidth --stfile=benchmark/ISR-benchmark/random_instance/random_instance012_graph004.dat
Input graph file parsed. # of vertices = 156, # of edges = 468
s 145 6 10 11 12 15 19 20 23 24 27 29 40 46 47 49 149 62 150 81 65 66 70 72 73 74 76 83 93 112 98 104 105 106 138 108 115 116 142 121 126 152 148 133 135 137 144
t 4 145 6 9 10 15 31 33 39 42 50 52 53 55 58 61 62 64 68 136 70 71 76 77 79 83 86 89 90 93 94 99 101 103 123 125 105 106 138 110 113 140 118 120 121 134 137
Solution space ZDD construction start
Command terminated by signal 9
	Command being timed: "/Users/soh/app/ddreconf230801-10h10m/ddreconf benchmark/ISR-benchmark/random_instance/random_instance012_graph004.col --indset --stwidth --stfile=benchmark/ISR-benchmark/random_instance/random_instance012_graph004.dat"
	User time (seconds): 1774.64
	System time (seconds): 1784.62
	Percent of CPU this job got: 63%
	Elapsed (wall clock) time (h:mm:ss or m:ss): 1:33:21
	Average shared text size (kbytes): 0
	Average unshared data size (kbytes): 0
	Average stack size (kbytes): 0
	Average total size (kbytes): 0
	Maximum resident set size (kbytes): 256148324352
	Average resident set size (kbytes): 0
	Major (requiring I/O) page faults: 0
	Minor (reclaiming a frame) page faults: 260799607
	Voluntary context switches: 3640732
	Involuntary context switches: 2920322
	Swaps: 0
	File system inputs: 0
	File system outputs: 0
	Socket messages sent: 36
	Socket messages received: 0
	Signals delivered: 0
	Page size (bytes): 4096
	Exit status: 0
FINISHED CPU 3559.26 MEM 0 MAXMEM 0 STALE 1
#RESULT: UNK
#FIN: FIN
#CPU: 3559.26
#MAXMEM: 0
c 
#END: [Tue Aug  1 19:14:04 2023]
