#BEGIN: [Wed Jul 19 16:20:44 2023]
#HOST: mini28.local
#TIMELIMIT: 7200
#MEMLIMIT: 0
#FREQ: 10
#SOLVER: sat-based-isr-tj05-230719-15h37m
#ARG1: benchmark/ISR-benchmark/random_instance/random_instance003_graph002.col
#ARG2: benchmark/ISR-benchmark/random_instance/random_instance003_graph002.dat
#COMMAND: /Users/soh/app/scala-2.12.4/bin/scala -J-Xms32g -J-Xmx32g -cp /Users/soh/app/IsrForCompetition230719-15h37m/scop.jar:/Users/soh/app/IsrForCompetition230719-15h37m/isr4competition_2.12-1.3.5.jar fun.scop.app.isr.IsrSolverTj05 benchmark/ISR-benchmark/random_instance/random_instance003_graph002.col benchmark/ISR-benchmark/random_instance/random_instance003_graph002.dat cadical /Users/soh/app/IsrForCompetition230719-15h37m/cadical
#Nodes: 39
#Edges: 117
c (0) step 1 UNSAT 247 812
c (0) step 2 UNSAT 480 1532
c (0) step 3 UNSAT 752 2340
c (0) step 4 UNSAT 1076 3261
c (0) step 5 UNSAT 1465 4320
c (0) step 6 UNSAT 1932 5542
c (0) step 7 SAT 2490 6952
a YES
a 4 6 7 9 17 18 22 24 25 29 32 34 35 36
a 4 6 7 9 13 18 22 24 25 29 32 34 35 36
a 6 7 9 11 13 18 22 24 25 29 32 34 35 36
a 5 6 7 9 11 13 18 24 25 29 32 34 35 36
a 1 5 6 7 9 11 13 18 24 25 29 32 34 35
a 1 5 6 7 9 10 11 18 24 25 29 32 34 35
a 1 5 6 7 9 10 11 18 24 25 32 34 35 39
a 1 5 6 7 9 10 11 18 24 25 27 34 35 39
	Command being timed: "/Users/soh/app/scala-2.12.4/bin/scala -J-Xms32g -J-Xmx32g -cp /Users/soh/app/IsrForCompetition230719-15h37m/scop.jar:/Users/soh/app/IsrForCompetition230719-15h37m/isr4competition_2.12-1.3.5.jar fun.scop.app.isr.IsrSolverTj05 benchmark/ISR-benchmark/random_instance/random_instance003_graph002.col benchmark/ISR-benchmark/random_instance/random_instance003_graph002.dat cadical /Users/soh/app/IsrForCompetition230719-15h37m/cadical"
	User time (seconds): 0.93
	System time (seconds): 0.09
	Percent of CPU this job got: 141%
	Elapsed (wall clock) time (h:mm:ss or m:ss): 0:00.72
	Average shared text size (kbytes): 0
	Average unshared data size (kbytes): 0
	Average stack size (kbytes): 0
	Average total size (kbytes): 0
	Maximum resident set size (kbytes): 857522176
	Average resident set size (kbytes): 0
	Major (requiring I/O) page faults: 0
	Minor (reclaiming a frame) page faults: 58284
	Voluntary context switches: 34
	Involuntary context switches: 2766
	Swaps: 0
	File system inputs: 0
	File system outputs: 0
	Socket messages sent: 39
	Socket messages received: 0
	Signals delivered: 5
	Page size (bytes): 4096
	Exit status: 0
FINISHED CPU 1.02 MEM 0 MAXMEM 0 STALE 1
#RESULT: UNK
#FIN: FIN
#CPU: 1.02
#MAXMEM: 0
c 
#END: [Wed Jul 19 16:20:45 2023]
