#BEGIN: [Tue Aug  1 17:49:42 2023]
#HOST: mini29.local
#TIMELIMIT: 7200
#MEMLIMIT: 0
#FREQ: 10
#SOLVER: ddreconf230801-10h10m
#ARG1: benchmark/ISR-benchmark/random_instance/random_instance013_graph002.col
#ARG2: benchmark/ISR-benchmark/random_instance/random_instance013_graph002.dat
#COMMAND: /Users/soh/app/ddreconf230801-10h10m/ddreconf benchmark/ISR-benchmark/random_instance/random_instance013_graph002.col --indset --stwidth --stfile=benchmark/ISR-benchmark/random_instance/random_instance013_graph002.dat
Input graph file parsed. # of vertices = 169, # of edges = 507
s 1 3 6 7 8 24 25 33 35 38 39 40 41 48 53 61 62 63 67 68 70 74 76 78 79 84 88 89 91 169 147 104 105 106 107 108 109 110 159 126 142 145 160 130 131 132 137 156 164 141 143 149 150 152 153 166
t 1 3 10 12 13 21 23 25 33 28 29 36 39 40 46 47 54 56 58 61 62 65 66 68 70 76 77 151 89 91 169 97 98 147 100 102 116 107 110 112 114 148 118 142 120 122 125 128 130 163 164 138 152 155 161 166
Solution space ZDD construction start
Command terminated by signal 9
	Command being timed: "/Users/soh/app/ddreconf230801-10h10m/ddreconf benchmark/ISR-benchmark/random_instance/random_instance013_graph002.col --indset --stwidth --stfile=benchmark/ISR-benchmark/random_instance/random_instance013_graph002.dat"
	User time (seconds): 1419.74
	System time (seconds): 1113.60
	Percent of CPU this job got: 68%
	Elapsed (wall clock) time (h:mm:ss or m:ss): 1:01:57
	Average shared text size (kbytes): 0
	Average unshared data size (kbytes): 0
	Average stack size (kbytes): 0
	Average total size (kbytes): 0
	Maximum resident set size (kbytes): 255023284224
	Average resident set size (kbytes): 0
	Major (requiring I/O) page faults: 0
	Minor (reclaiming a frame) page faults: 199447574
	Voluntary context switches: 2122898
	Involuntary context switches: 1857014
	Swaps: 0
	File system inputs: 0
	File system outputs: 0
	Socket messages sent: 38
	Socket messages received: 0
	Signals delivered: 0
	Page size (bytes): 4096
	Exit status: 0
FINISHED CPU 2533.34 MEM 0 MAXMEM 0 STALE 1
#RESULT: UNK
#FIN: FIN
#CPU: 2533.34
#MAXMEM: 0
c 
#END: [Tue Aug  1 18:51:39 2023]
