#BEGIN: [Wed Jul 19 16:20:57 2023]
#HOST: mini23.local
#TIMELIMIT: 7200
#MEMLIMIT: 0
#FREQ: 10
#SOLVER: sat-based-isr-tj05-230719-15h37m
#ARG1: benchmark/ISR-benchmark/random_instance/random_instance009_graph003.col
#ARG2: benchmark/ISR-benchmark/random_instance/random_instance009_graph003.dat
#COMMAND: /Users/soh/app/scala-2.12.4/bin/scala -J-Xms32g -J-Xmx32g -cp /Users/soh/app/IsrForCompetition230719-15h37m/scop.jar:/Users/soh/app/IsrForCompetition230719-15h37m/isr4competition_2.12-1.3.5.jar fun.scop.app.isr.IsrSolverTj05 benchmark/ISR-benchmark/random_instance/random_instance009_graph003.col benchmark/ISR-benchmark/random_instance/random_instance009_graph003.dat cadical /Users/soh/app/IsrForCompetition230719-15h37m/cadical
#Nodes: 117
#Edges: 351
c (0) step 1 UNSAT 739 2444
c (0) step 2 UNSAT 1434 4604
c (0) step 3 UNSAT 2240 7020
c (0) step 4 UNSAT 3194 9765
c (0) step 5 UNSAT 4333 12912
c (0) step 6 UNSAT 5694 16534
c (0) step 7 UNSAT 7314 20704
c (0) step 8 UNSAT 9230 25495
c (0) step 9 UNSAT 11479 30980
c (0) step 10 UNSAT 14098 37232
c (0) step 11 UNSAT 17124 44324
c (0) step 12 UNSAT 20594 52329
c (0) step 13 UNSAT 24545 61320
c (0) step 14 UNSAT 29014 71370
c (0) step 15 UNSAT 34038 82552
c (0) step 16 UNSAT 39654 94939
c (0) step 17 UNSAT 45899 108604
c (0) step 18 UNSAT 52810 123620
c (0) step 19 UNSAT 60424 140060
c (0) step 20 UNSAT 68778 157997
c (0) step 21 UNSAT 77909 177504
c (0) step 22 UNSAT 87854 198654
c (0) step 23 UNSAT 98650 221520
c (0) step 24 UNSAT 110334 246175
c (0) step 25 UNSAT 122943 272692
c (0) step 26 UNSAT 136514 301144
c (0) step 27 SAT 151084 331604
a YES
a 2 3 8 9 18 19 20 21 22 23 25 31 32 33 34 36 38 42 43 45 46 47 50 53 59 60 65 71 76 78 82 85 86 98 99 100 104 108
a 2 3 5 8 9 18 19 20 21 22 23 25 31 32 33 34 36 38 42 43 45 46 47 50 53 59 60 71 76 78 82 85 86 98 99 100 104 108
a 2 3 5 7 8 9 18 19 20 21 22 23 25 31 32 33 34 36 38 42 43 45 46 47 50 53 59 60 76 78 82 85 86 98 99 100 104 108
a 2 3 5 7 8 9 18 19 20 21 22 23 25 31 32 33 34 36 38 42 43 45 46 47 50 59 60 76 78 82 85 86 98 99 100 104 108 117
a 2 3 5 7 8 9 18 19 20 21 22 25 27 31 32 33 34 36 38 42 43 45 46 47 50 59 60 76 78 82 85 86 98 99 100 104 108 117
a 2 3 5 7 8 9 15 18 19 20 21 22 25 27 31 32 33 34 36 38 42 43 45 46 47 50 59 60 78 82 85 86 98 99 100 104 108 117
a 2 3 5 7 8 9 15 18 19 20 21 22 25 27 32 33 34 36 38 42 43 45 46 47 50 51 59 60 78 82 85 86 98 99 100 104 108 117
a 2 3 5 7 8 9 15 18 19 20 21 25 27 32 33 34 36 38 42 43 45 46 47 50 51 59 60 78 82 85 86 98 99 100 101 104 108 117
a 2 3 5 7 8 9 15 18 19 20 25 27 32 33 34 36 38 42 43 45 46 47 50 51 59 60 78 82 85 86 98 99 100 101 104 108 112 117
a 2 3 5 7 8 9 15 18 19 20 27 32 33 34 36 38 42 43 45 46 47 50 51 59 60 74 78 82 85 86 98 99 100 101 104 108 112 117
a 2 3 5 7 8 9 15 18 19 27 32 33 34 36 38 42 43 45 46 47 50 51 59 60 61 74 78 82 85 86 98 99 100 101 104 108 112 117
a 2 3 5 7 8 9 10 15 18 19 27 32 33 36 38 42 43 45 46 47 50 51 59 60 61 74 78 82 85 86 98 99 100 101 104 108 112 117
a 2 3 5 7 8 10 15 18 19 27 32 33 36 38 42 43 45 46 47 50 51 59 60 61 74 78 82 85 86 90 98 99 100 101 104 108 112 117
a 2 5 7 8 10 15 18 19 27 32 33 36 38 42 43 45 46 47 50 51 59 60 61 74 78 82 85 86 90 95 98 99 100 101 104 108 112 117
a 2 5 7 8 10 15 18 19 27 33 36 38 42 43 45 46 47 50 51 59 60 61 74 78 82 85 86 90 95 98 99 100 101 103 104 108 112 117
a 5 7 8 10 15 18 19 27 33 36 38 42 43 45 46 47 50 51 59 60 61 63 74 78 82 85 86 90 95 98 99 100 101 103 104 108 112 117
a 5 7 8 10 15 18 19 27 33 36 38 42 43 45 46 47 50 51 57 59 60 61 63 74 82 85 86 90 95 98 99 100 101 103 104 108 112 117
a 5 7 8 10 15 18 19 27 33 35 36 42 43 45 46 47 50 51 57 59 60 61 63 74 82 85 86 90 95 98 99 100 101 103 104 108 112 117
a 1 5 7 8 10 15 18 19 27 33 35 36 42 43 46 47 50 51 57 59 60 61 63 74 82 85 86 90 95 98 99 100 101 103 104 108 112 117
a 1 5 7 8 10 15 18 19 27 33 35 36 42 43 46 47 50 51 54 57 60 61 63 74 82 85 86 90 95 98 99 100 101 103 104 108 112 117
a 1 5 7 8 10 15 18 19 24 27 33 35 36 42 43 46 47 50 51 54 57 60 61 63 74 85 86 90 95 98 99 100 101 103 104 108 112 117
a 1 5 7 8 10 15 18 19 24 27 33 35 36 42 43 46 47 51 54 57 60 61 63 74 80 85 86 90 95 98 99 100 101 103 104 108 112 117
a 1 5 7 8 10 14 15 18 19 24 27 33 35 36 42 43 46 51 54 57 60 61 63 74 80 85 86 90 95 98 99 100 101 103 104 108 112 117
a 1 5 7 8 10 14 15 18 19 24 27 33 35 42 43 46 51 54 57 60 61 63 74 80 84 85 86 90 95 98 99 100 101 103 104 108 112 117
a 1 5 7 8 10 14 15 18 19 24 27 33 35 42 43 46 51 54 57 60 61 63 74 80 84 85 86 90 95 98 99 101 103 104 108 111 112 117
a 1 5 7 8 10 14 15 18 19 24 27 33 35 42 43 51 54 57 60 61 63 68 74 80 84 85 86 90 95 98 99 101 103 104 108 111 112 117
a 1 5 7 8 10 14 15 18 19 24 27 33 35 42 43 51 54 57 60 61 63 68 74 79 80 84 85 86 90 95 98 99 101 103 108 111 112 117
a 1 5 7 8 10 14 15 18 19 24 27 33 35 42 43 51 54 57 60 61 63 68 72 74 79 80 84 86 90 95 98 99 101 103 108 111 112 117
	Command being timed: "/Users/soh/app/scala-2.12.4/bin/scala -J-Xms32g -J-Xmx32g -cp /Users/soh/app/IsrForCompetition230719-15h37m/scop.jar:/Users/soh/app/IsrForCompetition230719-15h37m/isr4competition_2.12-1.3.5.jar fun.scop.app.isr.IsrSolverTj05 benchmark/ISR-benchmark/random_instance/random_instance009_graph003.col benchmark/ISR-benchmark/random_instance/random_instance009_graph003.dat cadical /Users/soh/app/IsrForCompetition230719-15h37m/cadical"
	User time (seconds): 2.18
	System time (seconds): 0.20
	Percent of CPU this job got: 171%
	Elapsed (wall clock) time (h:mm:ss or m:ss): 0:01.39
	Average shared text size (kbytes): 0
	Average unshared data size (kbytes): 0
	Average stack size (kbytes): 0
	Average total size (kbytes): 0
	Maximum resident set size (kbytes): 2950791168
	Average resident set size (kbytes): 0
	Major (requiring I/O) page faults: 0
	Minor (reclaiming a frame) page faults: 186338
	Voluntary context switches: 35
	Involuntary context switches: 3327
	Swaps: 0
	File system inputs: 0
	File system outputs: 0
	Socket messages sent: 41
	Socket messages received: 0
	Signals delivered: 5
	Page size (bytes): 4096
	Exit status: 0
FINISHED CPU 2.38 MEM 0 MAXMEM 0 STALE 1
#RESULT: UNK
#FIN: FIN
#CPU: 2.38
#MAXMEM: 0
c 
#END: [Wed Jul 19 16:20:59 2023]
