#BEGIN: [Wed Jul 19 16:20:53 2023]
#HOST: mini30.local
#TIMELIMIT: 7200
#MEMLIMIT: 0
#FREQ: 10
#SOLVER: sat-based-isr-tj05-230719-15h37m
#ARG1: benchmark/ISR-benchmark/random_instance/random_instance007_graph002.col
#ARG2: benchmark/ISR-benchmark/random_instance/random_instance007_graph002.dat
#COMMAND: /Users/soh/app/scala-2.12.4/bin/scala -J-Xms32g -J-Xmx32g -cp /Users/soh/app/IsrForCompetition230719-15h37m/scop.jar:/Users/soh/app/IsrForCompetition230719-15h37m/isr4competition_2.12-1.3.5.jar fun.scop.app.isr.IsrSolverTj05 benchmark/ISR-benchmark/random_instance/random_instance007_graph002.col benchmark/ISR-benchmark/random_instance/random_instance007_graph002.dat cadical /Users/soh/app/IsrForCompetition230719-15h37m/cadical
#Nodes: 90
#Edges: 273
WARNING. There is missing goal nodes: {64}
c (0) step 1 UNSAT 567 1880
c (0) step 2 UNSAT 1097 3531
c (0) step 3 UNSAT 1708 5368
c (0) step 4 UNSAT 2427 7444
c (0) step 5 UNSAT 3281 9812
c (0) step 6 UNSAT 4297 12525
c (0) step 7 UNSAT 5502 15636
c (0) step 8 UNSAT 6923 19198
c (0) step 9 UNSAT 8587 23264
c (0) step 10 UNSAT 10521 27887
c (0) step 11 UNSAT 12752 33120
c (0) step 12 UNSAT 15307 39016
c (0) step 13 UNSAT 18213 45628
c (0) step 14 UNSAT 21497 53009
c (0) step 15 UNSAT 25186 61212
c (0) step 16 UNSAT 29307 70290
c (0) step 17 SAT 33887 80296
a YES
a 7 9 11 14 16 22 23 25 36 38 39 40 41 43 44 46 48 49 54 55 60 62 63 67 71 79 81 89
a 7 9 11 14 16 22 23 25 36 38 39 41 43 44 46 48 49 54 55 60 62 63 67 71 72 79 81 89
a 7 9 11 14 16 22 23 25 36 38 39 41 43 44 46 48 49 54 55 60 62 63 67 71 72 77 79 89
a 7 9 11 14 16 22 23 25 36 38 39 41 43 46 48 49 54 55 60 62 63 67 71 72 74 77 79 89
a 7 9 11 14 16 22 23 25 36 38 39 41 43 46 48 49 52 54 55 60 62 63 71 72 74 77 79 89
a 7 9 11 14 16 22 23 25 27 36 38 39 41 43 48 49 52 54 55 60 62 63 71 72 74 77 79 89
a 7 9 11 14 16 22 23 25 27 36 38 39 41 48 49 52 54 55 60 61 62 63 71 72 74 77 79 89
a 2 7 9 11 14 16 22 23 25 27 36 38 39 41 48 49 52 54 55 60 61 62 71 72 74 77 79 89
a 2 7 9 11 14 16 22 23 25 27 36 38 39 41 48 49 52 54 55 60 61 62 65 71 72 74 77 89
a 2 7 9 11 14 16 22 23 25 27 36 38 39 48 49 52 54 55 60 61 62 65 71 72 74 77 80 89
a 2 6 7 9 11 14 16 22 25 27 36 38 39 48 49 52 54 55 60 61 62 65 71 72 74 77 80 89
a 2 6 7 9 11 14 16 22 25 26 27 36 38 39 48 49 52 54 55 60 61 65 71 72 74 77 80 89
a 2 6 7 9 11 14 16 22 25 26 27 34 36 38 39 48 49 52 54 55 60 61 65 71 72 74 77 80
a 2 6 7 9 11 14 16 22 26 27 34 36 38 39 48 49 52 54 55 60 61 65 71 72 73 74 77 80
a 2 6 7 9 10 11 14 16 22 26 27 34 36 38 48 49 52 54 55 60 61 65 71 72 73 74 77 80
a 2 4 6 7 9 10 11 14 16 22 26 27 34 36 38 48 52 54 55 60 61 65 71 72 73 74 77 80
a 2 4 6 7 9 10 11 14 16 22 26 27 34 36 38 48 52 54 60 61 65 71 72 73 74 75 77 80
a 2 4 5 6 7 9 10 11 16 22 26 27 34 36 38 48 52 54 60 61 65 71 72 73 74 75 77 80
	Command being timed: "/Users/soh/app/scala-2.12.4/bin/scala -J-Xms32g -J-Xmx32g -cp /Users/soh/app/IsrForCompetition230719-15h37m/scop.jar:/Users/soh/app/IsrForCompetition230719-15h37m/isr4competition_2.12-1.3.5.jar fun.scop.app.isr.IsrSolverTj05 benchmark/ISR-benchmark/random_instance/random_instance007_graph002.col benchmark/ISR-benchmark/random_instance/random_instance007_graph002.dat cadical /Users/soh/app/IsrForCompetition230719-15h37m/cadical"
	User time (seconds): 1.56
	System time (seconds): 0.12
	Percent of CPU this job got: 195%
	Elapsed (wall clock) time (h:mm:ss or m:ss): 0:00.86
	Average shared text size (kbytes): 0
	Average unshared data size (kbytes): 0
	Average stack size (kbytes): 0
	Average total size (kbytes): 0
	Maximum resident set size (kbytes): 1353990144
	Average resident set size (kbytes): 0
	Major (requiring I/O) page faults: 0
	Minor (reclaiming a frame) page faults: 88621
	Voluntary context switches: 34
	Involuntary context switches: 2953
	Swaps: 0
	File system inputs: 0
	File system outputs: 0
	Socket messages sent: 38
	Socket messages received: 0
	Signals delivered: 5
	Page size (bytes): 4096
	Exit status: 0
FINISHED CPU 1.68 MEM 0 MAXMEM 0 STALE 1
#RESULT: UNK
#FIN: FIN
#CPU: 1.68
#MAXMEM: 0
c 
#END: [Wed Jul 19 16:20:53 2023]
