#BEGIN: [Wed Jul 19 16:21:06 2023]
#HOST: mini30.local
#TIMELIMIT: 7200
#MEMLIMIT: 0
#FREQ: 10
#SOLVER: sat-based-isr-tj05-230719-15h37m
#ARG1: benchmark/ISR-benchmark/random_instance/random_instance013_graph001.col
#ARG2: benchmark/ISR-benchmark/random_instance/random_instance013_graph001.dat
#COMMAND: /Users/soh/app/scala-2.12.4/bin/scala -J-Xms32g -J-Xmx32g -cp /Users/soh/app/IsrForCompetition230719-15h37m/scop.jar:/Users/soh/app/IsrForCompetition230719-15h37m/isr4competition_2.12-1.3.5.jar fun.scop.app.isr.IsrSolverTj05 benchmark/ISR-benchmark/random_instance/random_instance013_graph001.col benchmark/ISR-benchmark/random_instance/random_instance013_graph001.dat cadical /Users/soh/app/IsrForCompetition230719-15h37m/cadical
#Nodes: 169
#Edges: 507
c (0) step 1 UNSAT 1066 3529
c (0) step 2 UNSAT 2066 6641
c (0) step 3 UNSAT 3222 10114
c (0) step 4 UNSAT 4586 14051
c (0) step 5 UNSAT 6210 18555
c (0) step 6 UNSAT 8146 23729
c (0) step 7 UNSAT 10446 29676
c (0) step 8 UNSAT 13162 36499
c (0) step 9 UNSAT 16346 44301
c (0) step 10 UNSAT 20050 53185
c (0) step 11 UNSAT 24326 63254
c (0) step 12 UNSAT 29226 74611
c (0) step 13 UNSAT 34802 87359
c (0) step 14 UNSAT 41106 101601
c (0) step 15 UNSAT 48190 117440
c (0) step 16 UNSAT 56106 134979
c (0) step 17 UNSAT 64906 154321
c (0) step 18 UNSAT 74642 175569
c (0) step 19 UNSAT 85366 198826
c (0) step 20 UNSAT 97130 224195
c (0) step 21 UNSAT 109986 251779
c (0) step 22 UNSAT 123986 281681
c (0) step 23 UNSAT 139182 314004
c (0) step 24 UNSAT 155626 348851
c (0) step 25 UNSAT 173370 386325
c (0) step 26 UNSAT 192466 426529
c (0) step 27 UNSAT 212966 469566
c (0) step 28 UNSAT 234922 515539
c (0) step 29 UNSAT 258386 564551
c (0) step 30 UNSAT 283410 616705
c (0) step 31 UNSAT 310046 672104
c (1) step 32 UNSAT 338346 730851
c (1) step 33 UNSAT 368362 793049
c (1) step 34 SAT 400146 858801
a YES
a 8 12 15 16 18 21 27 28 29 35 40 44 45 47 49 52 55 59 66 69 77 78 80 83 87 91 95 100 101 102 105 107 111 113 115 118 119 120 126 128 129 130 139 140 145 147 148 149 154 158 159 162 168
a 8 12 15 16 18 21 27 28 29 35 40 44 45 47 49 52 55 59 66 69 75 77 78 80 83 87 91 95 100 101 102 105 107 111 115 118 119 120 126 128 129 130 139 140 145 147 148 149 154 158 159 162 168
a 7 8 12 15 16 18 21 27 28 29 35 40 44 45 47 49 52 55 59 66 69 75 77 78 80 83 87 91 95 100 101 102 105 107 111 118 119 120 126 128 129 130 139 140 145 147 148 149 154 158 159 162 168
a 7 8 12 15 18 21 27 28 29 35 40 44 45 47 49 52 54 55 59 66 69 75 77 78 80 83 87 91 95 100 101 102 105 107 111 118 119 120 126 128 129 130 139 140 145 147 148 149 154 158 159 162 168
a 7 8 12 15 18 21 27 28 29 35 40 44 45 49 52 54 55 59 66 69 75 77 78 80 83 87 91 95 100 101 102 105 107 111 112 118 119 120 126 128 129 130 139 140 145 147 148 149 154 158 159 162 168
a 7 8 12 15 18 21 27 28 29 35 40 44 45 49 52 54 55 66 69 75 77 78 80 83 87 89 91 95 100 101 102 105 107 111 112 118 119 120 126 128 129 130 139 140 145 147 148 149 154 158 159 162 168
a 7 12 15 18 21 27 28 29 35 40 44 45 49 52 54 55 66 69 75 77 78 80 83 87 89 91 95 100 101 102 105 107 111 112 114 118 119 120 126 128 129 130 139 140 145 147 148 149 154 158 159 162 168
a 7 12 15 18 21 27 28 29 35 40 44 45 49 52 54 55 66 69 75 77 78 80 87 89 91 95 100 101 102 105 107 111 112 114 118 119 120 123 126 128 129 130 139 140 145 147 148 149 154 158 159 162 168
a 7 12 15 18 21 27 28 29 35 40 44 45 49 52 54 55 66 69 75 77 80 87 89 91 95 100 101 102 105 107 111 112 114 118 119 120 123 126 128 129 130 139 140 145 147 148 149 154 158 159 162 164 168
a 7 12 13 15 18 21 27 28 29 35 40 44 45 49 52 54 55 66 69 75 77 80 87 89 91 95 100 101 102 105 107 111 112 114 118 119 120 123 128 129 130 139 140 145 147 148 149 154 158 159 162 164 168
a 7 12 13 15 18 21 27 28 29 35 40 44 45 49 52 54 55 66 69 75 77 80 87 89 91 95 100 101 102 105 107 111 112 114 118 119 120 123 128 129 130 139 140 147 148 149 154 158 159 162 164 166 168
a 7 9 12 13 15 18 21 27 28 29 35 40 44 45 49 52 54 55 66 69 75 77 80 87 89 91 95 100 101 102 107 111 112 114 118 119 120 123 128 129 130 139 140 147 148 149 154 158 159 162 164 166 168
a 7 9 12 13 15 18 21 27 28 29 35 40 44 45 49 52 54 55 66 69 75 77 80 85 87 89 91 95 100 102 107 111 112 114 118 119 120 123 128 129 130 139 140 147 148 149 154 158 159 162 164 166 168
a 7 9 12 13 15 18 21 27 28 29 35 40 44 45 49 52 54 55 66 69 75 77 80 85 87 89 91 95 102 107 111 112 114 118 119 120 123 128 129 130 139 140 147 148 149 151 154 158 159 162 164 166 168
a 7 9 12 13 15 18 21 27 28 29 35 40 44 45 49 52 54 55 66 73 75 77 80 85 87 89 91 95 102 107 111 112 114 118 119 120 123 128 129 130 139 140 147 148 149 151 154 158 159 162 164 166 168
a 7 9 12 13 15 18 21 27 28 29 35 40 44 45 49 52 54 55 66 73 75 77 80 85 87 89 91 95 102 107 111 112 114 118 119 120 123 128 130 139 140 147 148 149 151 154 156 158 159 162 164 166 168
a 7 9 12 13 15 18 21 27 28 29 35 40 44 45 49 51 52 54 55 66 73 75 77 80 85 87 89 91 95 102 107 111 112 114 118 119 120 123 128 130 139 140 147 148 149 151 154 156 158 159 162 164 166
a 7 9 12 13 15 18 21 27 28 29 35 40 44 45 49 51 52 54 55 66 73 75 77 80 85 87 89 91 95 107 111 112 114 118 119 120 123 128 130 139 140 146 147 148 149 151 154 156 158 159 162 164 166
a 7 9 12 13 15 18 21 27 28 29 35 40 45 49 51 52 54 55 66 73 75 77 80 85 87 89 91 95 104 107 111 112 114 118 119 120 123 128 130 139 140 146 147 148 149 151 154 156 158 159 162 164 166
a 7 9 12 13 15 18 21 27 28 29 35 40 45 49 51 52 54 55 66 73 75 77 80 85 87 89 91 95 104 107 111 112 114 118 120 123 128 130 139 140 146 147 148 149 151 154 155 156 158 159 162 164 166
a 7 9 12 13 15 18 21 27 28 29 35 40 45 49 51 52 54 55 58 66 73 75 77 80 85 87 89 91 95 104 107 111 112 114 118 120 123 128 130 139 140 146 147 149 151 154 155 156 158 159 162 164 166
a 7 9 12 13 15 18 21 27 28 29 35 40 45 49 51 52 54 55 58 66 67 73 75 77 80 85 87 89 91 95 104 107 111 112 114 118 120 123 128 130 139 140 146 149 151 154 155 156 158 159 162 164 166
a 7 9 12 13 15 18 21 27 28 35 40 45 49 51 52 54 55 58 60 66 67 73 75 77 80 85 87 89 91 95 104 107 111 112 114 118 120 123 128 130 139 140 146 149 151 154 155 156 158 159 162 164 166
a 7 9 12 13 15 18 21 27 28 35 40 45 49 51 54 55 58 60 63 66 67 73 75 77 80 85 87 89 91 95 104 107 111 112 114 118 120 123 128 130 139 140 146 149 151 154 155 156 158 159 162 164 166
a 7 9 12 13 15 18 21 27 28 35 40 45 49 51 54 55 58 60 63 67 73 75 77 80 84 85 87 89 91 95 104 107 111 112 114 118 120 123 128 130 139 140 146 149 151 154 155 156 158 159 162 164 166
a 7 9 12 13 15 18 21 27 28 35 40 45 49 51 54 55 58 60 63 67 73 75 77 80 84 85 87 89 91 95 104 107 111 112 114 118 120 121 123 128 130 139 140 146 149 151 155 156 158 159 162 164 166
a 7 9 12 13 15 18 21 27 28 35 40 45 49 51 54 55 58 60 62 63 67 73 75 77 80 84 85 87 89 91 95 104 107 111 112 114 118 120 121 123 128 130 139 140 146 151 155 156 158 159 162 164 166
a 7 9 12 13 15 18 21 27 28 35 40 45 49 51 54 55 58 60 62 63 67 73 75 77 80 84 85 87 89 91 95 104 107 111 112 114 118 121 123 128 130 139 140 146 151 152 155 156 158 159 162 164 166
a 7 9 12 13 15 18 21 27 28 40 45 49 51 54 55 58 60 62 63 67 73 75 77 80 81 84 85 87 89 91 95 104 107 111 112 114 118 121 123 128 130 139 140 146 151 152 155 156 158 159 162 164 166
a 7 9 12 13 15 18 21 27 28 40 45 49 51 54 55 58 60 62 63 67 73 75 77 80 81 84 85 87 89 91 95 104 111 112 114 118 121 123 125 128 130 139 140 146 151 152 155 156 158 159 162 164 166
a 7 9 12 13 15 18 21 27 28 40 45 49 51 54 55 58 60 62 63 67 73 75 76 77 80 81 84 85 87 89 95 104 111 112 114 118 121 123 125 128 130 139 140 146 151 152 155 156 158 159 162 164 166
a 7 9 12 13 15 18 21 28 40 45 49 51 54 55 58 60 62 63 67 73 75 76 77 80 81 84 85 87 89 95 104 111 112 114 118 121 123 125 128 130 139 140 146 151 152 155 156 158 159 161 162 164 166
a 7 9 12 13 15 21 28 40 45 49 51 54 55 58 60 62 63 67 73 75 76 77 80 81 84 85 87 89 95 104 111 112 114 118 121 123 125 128 130 139 140 146 151 152 155 156 158 159 161 162 164 166 169
a 7 9 12 13 21 28 40 45 49 51 54 55 58 60 62 63 67 73 75 76 77 80 81 84 85 87 89 95 104 109 111 112 114 118 121 123 125 128 130 139 140 146 151 152 155 156 158 159 161 162 164 166 169
a 7 9 12 13 17 21 28 40 45 49 51 54 55 58 60 62 63 67 73 75 76 77 80 81 84 85 87 89 95 104 109 111 112 114 121 123 125 128 130 139 140 146 151 152 155 156 158 159 161 162 164 166 169
	Command being timed: "/Users/soh/app/scala-2.12.4/bin/scala -J-Xms32g -J-Xmx32g -cp /Users/soh/app/IsrForCompetition230719-15h37m/scop.jar:/Users/soh/app/IsrForCompetition230719-15h37m/isr4competition_2.12-1.3.5.jar fun.scop.app.isr.IsrSolverTj05 benchmark/ISR-benchmark/random_instance/random_instance013_graph001.col benchmark/ISR-benchmark/random_instance/random_instance013_graph001.dat cadical /Users/soh/app/IsrForCompetition230719-15h37m/cadical"
	User time (seconds): 3.06
	System time (seconds): 0.41
	Percent of CPU this job got: 141%
	Elapsed (wall clock) time (h:mm:ss or m:ss): 0:02.45
	Average shared text size (kbytes): 0
	Average unshared data size (kbytes): 0
	Average stack size (kbytes): 0
	Average total size (kbytes): 0
	Maximum resident set size (kbytes): 6525190144
	Average resident set size (kbytes): 0
	Major (requiring I/O) page faults: 2
	Minor (reclaiming a frame) page faults: 408110
	Voluntary context switches: 36
	Involuntary context switches: 3587
	Swaps: 0
	File system inputs: 0
	File system outputs: 0
	Socket messages sent: 40
	Socket messages received: 0
	Signals delivered: 5
	Page size (bytes): 4096
	Exit status: 0
FINISHED CPU 3.47 MEM 0 MAXMEM 0 STALE 1
#RESULT: UNK
#FIN: FIN
#CPU: 3.47
#MAXMEM: 0
c 
#END: [Wed Jul 19 16:21:09 2023]
