#BEGIN: [Wed Jul 19 16:21:47 2023]
#HOST: mini30.local
#TIMELIMIT: 7200
#MEMLIMIT: 0
#FREQ: 10
#SOLVER: sat-based-isr-tj05-230719-15h37m
#ARG1: benchmark/ISR-benchmark/random_instance/random_instance019_graph004.col
#ARG2: benchmark/ISR-benchmark/random_instance/random_instance019_graph004.dat
#COMMAND: /Users/soh/app/scala-2.12.4/bin/scala -J-Xms32g -J-Xmx32g -cp /Users/soh/app/IsrForCompetition230719-15h37m/scop.jar:/Users/soh/app/IsrForCompetition230719-15h37m/isr4competition_2.12-1.3.5.jar fun.scop.app.isr.IsrSolverTj05 benchmark/ISR-benchmark/random_instance/random_instance019_graph004.col benchmark/ISR-benchmark/random_instance/random_instance019_graph004.dat cadical /Users/soh/app/IsrForCompetition230719-15h37m/cadical
#Nodes: 246
#Edges: 741
WARNING. There is missing goal nodes: {66}
c (0) step 1 UNSAT 1554 5153
c (0) step 2 UNSAT 3017 9708
c (0) step 3 UNSAT 4714 14806
c (0) step 4 UNSAT 6723 20602
c (0) step 5 UNSAT 9122 27251
c (0) step 6 UNSAT 11989 34908
c (0) step 7 UNSAT 15402 43728
c (0) step 8 UNSAT 19439 53866
c (0) step 9 UNSAT 24178 65477
c (0) step 10 UNSAT 29697 78716
c (0) step 11 UNSAT 36074 93738
c (0) step 12 UNSAT 43387 110698
c (0) step 13 UNSAT 51714 129751
c (0) step 14 UNSAT 61133 151052
c (0) step 15 UNSAT 71722 174756
c (0) step 16 UNSAT 83559 201018
c (0) step 17 UNSAT 96722 229993
c (0) step 18 UNSAT 111289 261836
c (0) step 19 UNSAT 127338 296702
c (0) step 20 UNSAT 144947 334746
c (0) step 21 UNSAT 164194 376123
c (0) step 22 UNSAT 185157 420988
c (0) step 23 UNSAT 207914 469496
c (0) step 24 UNSAT 232543 521802
c (0) step 25 UNSAT 259122 578061
c (0) step 26 UNSAT 287729 638428
c (1) step 27 UNSAT 318442 703058
c (1) step 28 UNSAT 351339 772106
c (1) step 29 UNSAT 386498 845727
c (1) step 30 UNSAT 423997 924076
c (1) step 31 UNSAT 463914 1007308
c (1) step 32 UNSAT 506327 1095578
c (1) step 33 UNSAT 551314 1189041
c (1) step 34 UNSAT 598953 1287852
c (1) step 35 UNSAT 649322 1392166
c (2) step 36 UNSAT 702499 1502138
c (2) step 37 UNSAT 758562 1617923
c (2) step 38 UNSAT 817589 1739676
c (2) step 39 UNSAT 879658 1867552
c (2) step 40 UNSAT 944847 2001706
c (2) step 41 UNSAT 1013234 2142293
c (3) step 42 UNSAT 1084897 2289468
c (3) step 43 UNSAT 1159914 2443386
c (3) step 44 UNSAT 1238363 2604202
c (3) step 45 UNSAT 1320322 2772071
c (3) step 46 UNSAT 1405869 2947148
c (4) step 47 UNSAT 1495082 3129588
c (4) step 48 UNSAT 1588039 3319546
c (4) step 49 UNSAT 1684818 3517177
c (5) step 50 UNSAT 1785497 3722636
c (5) step 51 UNSAT 1890154 3936078
c (7) step 52 SAT 1998867 4157658
a YES
a 1 3 5 6 7 10 13 14 22 23 32 33 35 45 46 52 53 55 57 60 62 65 67 68 69 70 73 76 77 88 94 98 99 100 101 105 110 116 119 124 129 137 142 144 145 147 148 149 150 154 155 163 166 167 172 173 175 179 183 186 191 195 196 201 207 209 211 213 218 224 225 226 229 230 231 234 238 243 245
a 1 3 5 6 7 10 13 14 22 23 32 33 35 45 46 52 53 55 57 60 62 65 67 68 69 70 73 76 77 88 94 98 99 100 101 105 110 116 119 124 129 137 142 144 145 147 148 149 150 154 155 163 166 167 172 173 175 179 183 186 191 195 196 201 207 209 211 213 218 225 226 229 230 231 234 238 239 243 245
a 1 3 5 6 7 10 13 14 22 23 32 33 35 45 46 52 53 55 57 60 62 65 67 68 69 70 73 76 77 88 98 99 100 101 105 110 116 119 124 129 137 142 144 145 147 148 149 150 154 155 163 166 167 172 173 175 179 183 186 191 195 196 201 207 209 211 213 218 225 226 229 230 231 234 236 238 239 243 245
a 1 3 5 6 7 10 13 14 22 23 32 33 35 45 46 52 53 55 57 60 62 65 67 68 69 70 73 76 77 88 98 99 101 105 110 116 119 124 129 137 142 144 145 147 148 149 150 154 155 163 166 167 172 173 175 179 183 186 191 195 196 201 207 209 211 213 218 220 225 226 229 230 231 234 236 238 239 243 245
a 1 3 5 6 7 10 13 14 22 23 32 33 35 45 46 52 53 55 57 60 62 65 67 68 69 70 76 77 88 98 99 101 105 110 116 119 124 129 137 142 144 145 147 148 149 150 154 155 163 166 167 172 173 175 179 183 186 191 195 196 201 207 209 211 213 218 219 220 225 226 229 230 231 234 236 238 239 243 245
a 1 3 5 6 7 10 13 14 22 23 32 33 35 45 46 52 53 55 57 60 62 65 67 68 69 70 76 77 88 98 99 101 105 110 116 119 124 129 137 142 144 145 148 149 150 154 155 163 166 167 172 173 175 179 183 186 191 195 196 201 207 209 211 213 216 218 219 220 225 226 229 230 231 234 236 238 239 243 245
a 1 3 5 6 7 10 13 14 22 23 32 33 35 45 46 52 53 55 57 60 62 65 67 68 69 70 76 77 88 98 99 101 105 110 116 119 124 129 137 142 144 145 148 149 150 154 155 163 166 167 173 175 179 183 186 191 195 196 201 204 207 209 211 213 216 218 219 220 225 226 229 230 231 234 236 238 239 243 245
a 1 3 5 6 7 10 13 14 22 23 32 33 35 45 46 52 53 55 57 60 62 65 67 68 69 70 76 77 98 99 101 105 110 116 119 124 129 137 142 144 145 148 149 150 154 155 163 166 167 173 175 179 183 186 191 195 196 199 201 204 207 209 211 213 216 218 219 220 225 226 229 230 231 234 236 238 239 243 245
a 1 3 5 6 7 10 13 14 22 23 32 33 35 45 46 52 53 55 57 60 62 65 67 68 69 70 76 77 98 99 101 105 110 116 119 124 129 137 142 144 145 148 149 150 154 155 163 166 167 173 174 175 179 183 186 191 195 196 199 201 204 207 209 211 213 216 218 219 220 225 229 230 231 234 236 238 239 243 245
a 1 3 5 6 7 10 13 14 22 23 32 33 35 45 46 52 53 55 60 62 65 67 68 69 70 76 77 98 99 101 105 110 116 119 124 129 137 142 144 145 148 149 150 154 155 163 166 167 173 174 175 179 183 186 191 195 196 199 201 204 207 209 211 213 216 217 218 219 220 225 229 230 231 234 236 238 239 243 245
a 1 3 5 7 10 13 14 22 23 32 33 35 45 46 52 53 55 60 62 65 67 68 69 70 76 77 98 99 101 105 110 116 119 124 129 137 142 144 145 148 149 150 154 155 163 164 166 167 173 174 175 179 183 186 191 195 196 199 201 204 207 209 211 213 216 217 218 219 220 225 229 230 231 234 236 238 239 243 245
a 1 3 5 7 10 13 14 22 23 32 33 35 45 46 52 53 55 60 62 65 67 68 69 70 76 77 98 99 101 105 110 116 119 124 137 142 144 145 148 149 150 154 155 157 163 164 166 167 173 174 175 179 183 186 191 195 196 199 201 204 207 209 211 213 216 217 218 219 220 225 229 230 231 234 236 238 239 243 245
a 1 3 5 7 10 13 14 22 23 32 33 35 45 46 52 53 55 60 62 65 67 68 69 70 76 77 98 99 101 105 110 116 119 124 137 142 144 145 148 149 150 153 154 155 157 163 164 166 167 173 174 175 179 183 186 191 195 196 199 201 204 207 209 211 213 216 217 219 220 225 229 230 231 234 236 238 239 243 245
a 1 3 5 7 10 13 14 22 23 32 33 35 45 46 52 53 55 60 62 65 67 68 69 70 76 77 98 99 101 105 110 116 119 124 135 137 142 144 145 149 150 153 154 155 157 163 164 166 167 173 174 175 179 183 186 191 195 196 199 201 204 207 209 211 213 216 217 219 220 225 229 230 231 234 236 238 239 243 245
a 1 3 5 7 10 13 14 22 23 32 33 35 45 46 52 53 55 60 62 65 67 68 69 70 76 77 98 99 101 105 110 116 119 124 135 137 142 144 145 149 150 153 154 155 157 163 164 166 167 173 174 175 179 183 186 191 195 196 199 201 204 207 209 211 213 216 217 219 220 225 229 230 231 236 238 239 242 243 245
a 1 3 5 7 10 13 14 22 23 32 33 35 45 46 52 53 55 60 65 67 68 69 70 76 77 98 99 101 105 110 116 119 124 131 135 137 142 144 145 149 150 153 154 155 157 163 164 166 167 173 174 175 179 183 186 191 195 196 199 201 204 207 209 211 213 216 217 219 220 225 229 230 231 236 238 239 242 243 245
a 1 3 5 7 10 13 14 22 23 32 33 35 45 46 52 53 55 60 65 67 68 69 70 76 77 98 99 101 105 110 116 119 131 135 137 142 144 145 149 150 153 154 155 157 163 164 166 167 173 174 175 179 183 186 191 194 195 196 199 201 204 207 209 211 213 216 217 219 220 225 229 230 231 236 238 239 242 243 245
a 1 3 5 7 10 13 14 22 23 32 33 35 45 46 52 53 55 60 65 68 69 70 76 77 98 99 101 105 110 116 118 119 131 135 137 142 144 145 149 150 153 154 155 157 163 164 166 167 173 174 175 179 183 186 191 194 195 196 199 201 204 207 209 211 213 216 217 219 220 225 229 230 231 236 238 239 242 243 245
a 1 3 5 7 10 13 14 22 23 32 33 35 46 52 53 55 60 65 68 69 70 76 77 91 98 99 101 105 110 116 118 119 131 135 137 142 144 145 149 150 153 154 155 157 163 164 166 167 173 174 175 179 183 186 191 194 195 196 199 201 204 207 209 211 213 216 217 219 220 225 229 230 231 236 238 239 242 243 245
a 1 3 5 7 10 13 14 22 23 32 33 35 46 52 53 55 65 68 69 70 76 77 89 91 98 99 101 105 110 116 118 119 131 135 137 142 144 145 149 150 153 154 155 157 163 164 166 167 173 174 175 179 183 186 191 194 195 196 199 201 204 207 209 211 213 216 217 219 220 225 229 230 231 236 238 239 242 243 245
a 1 3 5 7 10 13 14 22 23 32 33 35 46 52 53 55 65 68 69 70 76 77 87 89 91 98 99 101 105 110 116 118 119 131 135 137 144 145 149 150 153 154 155 157 163 164 166 167 173 174 175 179 183 186 191 194 195 196 199 201 204 207 209 211 213 216 217 219 220 225 229 230 231 236 238 239 242 243 245
a 1 3 5 7 10 13 14 22 23 33 35 46 52 53 55 65 68 69 70 76 77 87 89 91 98 99 101 105 110 116 118 119 131 135 137 144 145 149 150 153 154 155 157 161 163 164 166 167 173 174 175 179 183 186 191 194 195 196 199 201 204 207 209 211 213 216 217 219 220 225 229 230 231 236 238 239 242 243 245
a 1 3 5 7 10 13 14 22 23 33 35 46 52 53 65 68 69 70 76 77 87 89 91 98 99 101 105 110 116 118 119 130 131 135 137 144 145 149 150 153 154 155 157 161 163 164 166 167 173 174 175 179 183 186 191 194 195 196 199 201 204 207 209 211 213 216 217 219 220 225 229 230 231 236 238 239 242 243 245
a 1 3 5 7 10 13 14 22 23 33 35 46 52 53 65 68 69 70 76 77 87 89 91 98 99 101 105 110 116 118 119 130 131 135 137 141 144 145 149 150 153 154 155 157 161 163 164 166 173 174 175 179 183 186 191 194 195 196 199 201 204 207 209 211 213 216 217 219 220 225 229 230 231 236 238 239 242 243 245
a 1 3 5 7 10 13 14 22 23 33 35 46 52 53 65 68 69 70 76 77 84 87 89 91 98 99 101 105 110 116 118 119 130 131 135 137 141 144 145 149 150 153 154 155 157 161 163 164 166 173 174 175 179 183 191 194 195 196 199 201 204 207 209 211 213 216 217 219 220 225 229 230 231 236 238 239 242 243 245
a 1 3 5 7 10 13 14 22 23 33 35 46 52 53 61 65 68 69 70 76 77 84 87 89 91 98 99 101 105 110 116 118 130 131 135 137 141 144 145 149 150 153 154 155 157 161 163 164 166 173 174 175 179 183 191 194 195 196 199 201 204 207 209 211 213 216 217 219 220 225 229 230 231 236 238 239 242 243 245
a 1 3 5 7 10 13 14 22 23 33 35 46 50 52 53 61 65 68 69 70 76 84 87 89 91 98 99 101 105 110 116 118 130 131 135 137 141 144 145 149 150 153 154 155 157 161 163 164 166 173 174 175 179 183 191 194 195 196 199 201 204 207 209 211 213 216 217 219 220 225 229 230 231 236 238 239 242 243 245
a 1 3 5 7 10 13 14 22 23 33 35 40 46 50 52 53 61 65 68 69 70 76 84 87 89 91 98 99 101 105 110 116 118 130 131 135 141 144 145 149 150 153 154 155 157 161 163 164 166 173 174 175 179 183 191 194 195 196 199 201 204 207 209 211 213 216 217 219 220 225 229 230 231 236 238 239 242 243 245
a 1 3 5 7 10 13 14 22 23 33 35 38 40 46 50 52 53 61 65 68 69 70 76 84 87 89 91 98 99 101 105 110 116 118 130 131 135 141 144 145 149 150 153 154 155 157 161 163 164 166 173 174 175 179 183 191 194 195 199 201 204 207 209 211 213 216 217 219 220 225 229 230 231 236 238 239 242 243 245
a 1 5 7 10 13 14 22 23 33 35 38 40 46 50 52 53 61 65 68 69 70 76 84 87 89 91 98 99 101 105 110 116 118 130 131 135 141 144 145 149 150 153 154 155 157 161 163 164 166 171 173 174 175 179 183 191 194 195 199 201 204 207 209 211 213 216 217 219 220 225 229 230 231 236 238 239 242 243 245
a 1 5 7 10 14 22 23 33 35 38 40 46 50 52 53 61 65 68 69 70 76 83 84 87 89 91 98 99 101 105 110 116 118 130 131 135 141 144 145 149 150 153 154 155 157 161 163 164 166 171 173 174 175 179 183 191 194 195 199 201 204 207 209 211 213 216 217 219 220 225 229 230 231 236 238 239 242 243 245
a 1 5 7 10 14 22 23 31 33 35 38 40 46 50 52 53 61 65 68 69 70 76 83 84 87 89 91 98 99 101 105 110 116 118 130 131 135 141 144 145 149 150 153 154 155 157 161 164 166 171 173 174 175 179 183 191 194 195 199 201 204 207 209 211 213 216 217 219 220 225 229 230 231 236 238 239 242 243 245
a 1 5 7 10 14 22 23 25 31 33 35 38 40 46 50 52 53 61 65 68 69 70 76 83 84 87 89 91 98 99 101 105 110 116 118 130 131 135 141 144 145 149 150 153 154 155 157 161 164 166 171 174 175 179 183 191 194 195 199 201 204 207 209 211 213 216 217 219 220 225 229 230 231 236 238 239 242 243 245
a 1 5 7 10 14 22 23 25 31 33 35 38 40 46 50 52 53 61 65 68 69 70 76 83 84 87 89 91 98 101 105 110 116 118 130 131 135 141 144 145 149 150 153 154 155 157 159 161 164 166 171 174 175 179 183 191 194 195 199 201 204 207 209 211 213 216 217 219 220 225 229 230 231 236 238 239 242 243 245
a 1 5 7 10 14 22 23 24 25 31 33 35 38 40 46 50 52 53 61 65 68 69 70 76 83 84 87 89 91 98 101 105 110 116 118 130 131 135 141 144 145 149 150 153 154 155 157 159 161 164 166 171 174 175 183 191 194 195 199 201 204 207 209 211 213 216 217 219 220 225 229 230 231 236 238 239 242 243 245
a 1 5 7 10 14 20 22 23 24 25 31 33 35 38 40 46 50 52 53 61 65 68 69 70 76 83 84 87 89 91 98 101 105 110 116 118 130 131 135 141 144 145 149 150 153 154 155 157 159 161 164 166 171 174 175 191 194 195 199 201 204 207 209 211 213 216 217 219 220 225 229 230 231 236 238 239 242 243 245
a 1 5 7 10 12 14 20 22 23 24 25 31 33 35 38 40 46 50 52 53 61 65 68 69 70 76 83 84 87 89 91 98 101 105 110 116 118 130 131 135 141 144 145 149 150 153 154 155 157 159 161 164 166 171 174 175 191 194 195 199 201 204 207 209 211 213 216 217 219 220 225 229 230 231 236 238 239 242 245
a 1 5 7 10 12 14 20 23 24 25 31 33 35 38 39 40 46 50 52 53 61 65 68 69 70 76 83 84 87 89 91 98 101 105 110 116 118 130 131 135 141 144 145 149 150 153 154 155 157 159 161 164 166 171 174 175 191 194 195 199 201 204 207 209 211 213 216 217 219 220 225 229 230 231 236 238 239 242 245
a 1 5 7 10 12 20 23 24 25 31 33 35 38 39 40 46 50 52 53 61 65 68 69 70 76 83 84 87 89 91 98 101 105 110 116 118 127 130 131 135 141 144 145 149 150 153 154 155 157 159 161 164 166 171 174 175 191 194 195 199 201 204 207 209 211 213 216 217 219 220 225 229 230 231 236 238 239 242 245
a 1 5 7 10 12 20 23 24 25 31 33 35 38 39 40 46 50 52 53 61 65 68 69 70 76 83 84 87 89 91 98 101 105 112 116 118 127 130 131 135 141 144 145 149 150 153 154 155 157 159 161 164 166 171 174 175 191 194 195 199 201 204 207 209 211 213 216 217 219 220 225 229 230 231 236 238 239 242 245
a 1 5 7 10 12 20 23 24 25 31 33 35 38 39 40 46 50 52 53 61 65 68 69 70 76 78 83 84 87 89 91 98 101 105 112 116 118 127 130 131 135 141 144 145 149 150 153 154 155 157 159 161 164 166 171 174 175 191 194 195 199 201 204 207 209 211 213 216 217 219 220 225 230 231 236 238 239 242 245
a 1 5 7 10 12 20 23 24 25 31 35 38 39 40 46 50 52 53 61 65 68 69 70 72 76 78 83 84 87 89 91 98 101 105 112 116 118 127 130 131 135 141 144 145 149 150 153 154 155 157 159 161 164 166 171 174 175 191 194 195 199 201 204 207 209 211 213 216 217 219 220 225 230 231 236 238 239 242 245
a 1 5 7 12 20 23 24 25 31 35 38 39 40 46 50 52 53 61 65 68 69 70 72 76 78 83 84 87 89 91 97 98 101 105 112 116 118 127 130 131 135 141 144 145 149 150 153 154 155 157 159 161 164 166 171 174 175 191 194 195 199 201 204 207 209 211 213 216 217 219 220 225 230 231 236 238 239 242 245
a 1 5 7 8 12 20 23 24 25 31 35 38 39 40 46 50 52 53 61 65 69 70 72 76 78 83 84 87 89 91 97 98 101 105 112 116 118 127 130 131 135 141 144 145 149 150 153 154 155 157 159 161 164 166 171 174 175 191 194 195 199 201 204 207 209 211 213 216 217 219 220 225 230 231 236 238 239 242 245
a 1 4 5 7 8 12 20 23 24 25 31 35 38 39 40 46 50 52 53 61 69 70 72 76 78 83 84 87 89 91 97 98 101 105 112 116 118 127 130 131 135 141 144 145 149 150 153 154 155 157 159 161 164 166 171 174 175 191 194 195 199 201 204 207 209 211 213 216 217 219 220 225 230 231 236 238 239 242 245
a 1 4 5 8 12 20 23 24 25 31 35 38 39 40 46 48 50 52 53 61 69 70 72 76 78 83 84 87 89 91 97 98 101 105 112 116 118 127 130 131 135 141 144 145 149 150 153 154 155 157 159 161 164 166 171 174 175 191 194 195 199 201 204 207 209 211 213 216 217 219 220 225 230 231 236 238 239 242 245
a 1 4 5 8 12 20 23 24 25 31 35 38 39 40 46 48 50 52 53 61 69 70 72 76 78 83 84 87 89 90 91 97 101 105 112 116 118 127 130 131 135 141 144 145 149 150 153 154 155 157 159 161 164 166 171 174 175 191 194 195 199 201 204 207 209 211 213 216 217 219 220 225 230 231 236 238 239 242 245
a 1 4 5 8 12 20 23 24 25 31 35 38 39 40 46 48 50 52 53 61 69 70 72 76 78 83 84 87 89 90 91 97 101 105 106 112 116 118 127 130 131 135 141 144 145 149 153 154 155 157 159 161 164 166 171 174 175 191 194 195 199 201 204 207 209 211 213 216 217 219 220 225 230 231 236 238 239 242 245
a 1 4 5 8 12 20 23 24 25 31 35 38 39 40 46 48 50 52 53 61 69 70 72 76 78 83 84 87 89 90 91 97 101 105 106 112 116 118 127 130 131 135 141 144 145 149 153 155 157 159 161 164 166 169 171 174 175 191 194 195 199 201 204 207 209 211 213 216 217 219 220 225 230 231 236 238 239 242 245
a 1 4 5 8 12 20 23 24 25 31 35 38 39 40 46 48 50 52 53 61 69 70 72 76 78 83 84 87 89 90 91 97 101 105 106 112 116 118 127 130 131 135 141 144 145 149 151 153 155 157 159 161 164 166 169 171 174 175 191 194 195 199 201 204 207 209 211 213 216 217 219 220 225 230 231 236 238 239 242
a 1 4 5 8 12 20 23 24 25 31 35 38 39 40 46 48 50 52 53 61 69 70 72 76 78 83 84 87 89 90 91 97 101 105 106 112 116 118 127 130 131 135 138 141 144 145 149 151 153 155 157 159 161 164 166 169 171 174 175 191 194 199 201 204 207 209 211 213 216 217 219 220 225 230 231 236 238 239 242
a 1 4 5 8 12 17 20 23 24 25 31 35 38 39 40 46 48 50 52 53 61 69 70 72 76 78 83 84 87 89 90 91 97 101 105 106 112 116 118 127 130 131 135 138 141 144 145 149 151 153 155 157 159 161 164 166 169 171 174 175 191 194 199 201 204 207 209 211 216 217 219 220 225 230 231 236 238 239 242
a 1 4 5 8 12 17 20 23 24 25 31 35 38 39 40 46 48 50 52 53 61 69 70 71 72 76 78 83 84 87 89 90 91 97 101 105 106 112 116 118 127 130 131 135 138 141 144 145 149 151 153 155 157 159 161 164 166 169 171 174 175 191 194 199 201 204 207 211 216 217 219 220 225 230 231 236 238 239 242
	Command being timed: "/Users/soh/app/scala-2.12.4/bin/scala -J-Xms32g -J-Xmx32g -cp /Users/soh/app/IsrForCompetition230719-15h37m/scop.jar:/Users/soh/app/IsrForCompetition230719-15h37m/isr4competition_2.12-1.3.5.jar fun.scop.app.isr.IsrSolverTj05 benchmark/ISR-benchmark/random_instance/random_instance019_graph004.col benchmark/ISR-benchmark/random_instance/random_instance019_graph004.dat cadical /Users/soh/app/IsrForCompetition230719-15h37m/cadical"
	User time (seconds): 7.83
	System time (seconds): 1.65
	Percent of CPU this job got: 113%
	Elapsed (wall clock) time (h:mm:ss or m:ss): 0:08.39
	Average shared text size (kbytes): 0
	Average unshared data size (kbytes): 0
	Average stack size (kbytes): 0
	Average total size (kbytes): 0
	Maximum resident set size (kbytes): 30390255616
	Average resident set size (kbytes): 0
	Major (requiring I/O) page faults: 0
	Minor (reclaiming a frame) page faults: 1872374
	Voluntary context switches: 40
	Involuntary context switches: 3677
	Swaps: 0
	File system inputs: 0
	File system outputs: 0
	Socket messages sent: 44
	Socket messages received: 0
	Signals delivered: 8
	Page size (bytes): 4096
	Exit status: 0
FINISHED CPU 9.48 MEM 0 MAXMEM 0 STALE 1
#RESULT: UNK
#FIN: FIN
#CPU: 9.48
#MAXMEM: 0
c 
#END: [Wed Jul 19 16:21:56 2023]
