#BEGIN: [Tue Aug  1 19:47:42 2023]
#HOST: mini27.local
#TIMELIMIT: 7200
#MEMLIMIT: 0
#FREQ: 10
#SOLVER: ddreconf230801-10h10m
#ARG1: benchmark/ISR-benchmark/random_instance/random_instance017_graph001.col
#ARG2: benchmark/ISR-benchmark/random_instance/random_instance017_graph001.dat
#COMMAND: /Users/soh/app/ddreconf230801-10h10m/ddreconf benchmark/ISR-benchmark/random_instance/random_instance017_graph001.col --indset --stwidth --stfile=benchmark/ISR-benchmark/random_instance/random_instance017_graph001.dat
Input graph file parsed. # of vertices = 221, # of edges = 663
s 2 3 5 6 8 9 11 21 38 23 24 25 31 33 40 43 45 47 48 54 56 64 61 62 63 65 68 70 71 77 105 88 91 136 98 99 102 106 189 110 117 118 159 127 128 129 166 145 132 205 135 137 141 142 144 204 186 148 202 153 160 213 191 165 168 194 173 174 181 187 200 201
t 1 2 4 5 11 12 13 14 15 38 28 32 40 46 54 58 59 60 63 65 69 70 71 73 74 80 86 88 89 136 109 100 199 102 107 189 110 111 112 119 120 121 123 126 131 133 134 135 137 138 208 142 184 155 147 195 202 153 156 157 160 165 215 171 174 175 182 178 190 192 193 217
Solution space ZDD construction start
Command terminated by signal 9
	Command being timed: "/Users/soh/app/ddreconf230801-10h10m/ddreconf benchmark/ISR-benchmark/random_instance/random_instance017_graph001.col --indset --stwidth --stfile=benchmark/ISR-benchmark/random_instance/random_instance017_graph001.dat"
	User time (seconds): 1690.98
	System time (seconds): 963.53
	Percent of CPU this job got: 78%
	Elapsed (wall clock) time (h:mm:ss or m:ss): 56:01.26
	Average shared text size (kbytes): 0
	Average unshared data size (kbytes): 0
	Average stack size (kbytes): 0
	Average total size (kbytes): 0
	Maximum resident set size (kbytes): 256519569408
	Average resident set size (kbytes): 0
	Major (requiring I/O) page faults: 0
	Minor (reclaiming a frame) page faults: 232289190
	Voluntary context switches: 1321084
	Involuntary context switches: 1879274
	Swaps: 0
	File system inputs: 0
	File system outputs: 0
	Socket messages sent: 39
	Socket messages received: 0
	Signals delivered: 0
	Page size (bytes): 4096
	Exit status: 0
FINISHED CPU 2654.51 MEM 0 MAXMEM 0 STALE 1
#RESULT: UNK
#FIN: FIN
#CPU: 2654.51
#MAXMEM: 0
c 
#END: [Tue Aug  1 20:43:43 2023]
