#BEGIN: [Wed Jul 19 16:20:59 2023]
#HOST: mini28.local
#TIMELIMIT: 7200
#MEMLIMIT: 0
#FREQ: 10
#SOLVER: sat-based-isr-tj05-230719-15h37m
#ARG1: benchmark/ISR-benchmark/random_instance/random_instance010_graph001.col
#ARG2: benchmark/ISR-benchmark/random_instance/random_instance010_graph001.dat
#COMMAND: /Users/soh/app/scala-2.12.4/bin/scala -J-Xms32g -J-Xmx32g -cp /Users/soh/app/IsrForCompetition230719-15h37m/scop.jar:/Users/soh/app/IsrForCompetition230719-15h37m/isr4competition_2.12-1.3.5.jar fun.scop.app.isr.IsrSolverTj05 benchmark/ISR-benchmark/random_instance/random_instance010_graph001.col benchmark/ISR-benchmark/random_instance/random_instance010_graph001.dat cadical /Users/soh/app/IsrForCompetition230719-15h37m/cadical
#Nodes: 130
#Edges: 390
c (0) step 1 UNSAT 820 2713
c (0) step 2 UNSAT 1589 5105
c (0) step 3 UNSAT 2478 7774
c (0) step 4 UNSAT 3527 10799
c (0) step 5 UNSAT 4776 14259
c (0) step 6 UNSAT 6265 18233
c (0) step 7 UNSAT 8034 22800
c (0) step 8 UNSAT 10123 28039
c (0) step 9 UNSAT 12572 34029
c (0) step 10 UNSAT 15421 40849
c (0) step 11 UNSAT 18710 48578
c (0) step 12 UNSAT 22479 57295
c (0) step 13 UNSAT 26768 67079
c (0) step 14 UNSAT 31617 78009
c (0) step 15 UNSAT 37066 90164
c (0) step 16 UNSAT 43155 103623
c (0) step 17 UNSAT 49924 118465
c (0) step 18 UNSAT 57413 134769
c (0) step 19 UNSAT 65662 152614
c (0) step 20 UNSAT 74711 172079
c (0) step 21 UNSAT 84600 193243
c (0) step 22 UNSAT 95369 216185
c (0) step 23 UNSAT 107058 240984
c (0) step 24 UNSAT 119707 267719
c (0) step 25 UNSAT 133356 296469
c (0) step 26 SAT 148045 327313
a YES
a 2 4 6 9 14 21 25 31 34 35 39 41 43 47 52 56 57 60 61 62 64 65 67 71 76 80 82 102 103 105 110 112 113 114 119 121 123 125 126 128 130
a 2 4 6 9 14 21 25 31 34 35 39 41 43 47 56 57 60 61 62 64 65 67 71 76 80 82 102 103 105 110 112 113 114 119 121 123 125 126 128 129 130
a 2 4 6 9 14 21 25 31 34 35 39 41 43 45 47 56 57 60 61 62 64 65 67 71 76 80 82 102 105 110 112 113 114 119 121 123 125 126 128 129 130
a 2 4 9 14 21 24 25 31 34 35 39 41 43 45 47 56 57 60 61 62 64 65 67 71 76 80 82 102 105 110 112 113 114 119 121 123 125 126 128 129 130
a 2 4 9 14 21 24 25 31 34 35 39 41 43 45 47 56 57 60 61 62 64 65 67 71 80 82 102 105 110 111 112 113 114 119 121 123 125 126 128 129 130
a 2 4 9 10 14 21 24 25 31 34 35 39 41 43 45 47 56 57 60 61 62 64 65 67 71 80 82 105 110 111 112 113 114 119 121 123 125 126 128 129 130
a 2 4 9 10 14 21 24 25 31 34 35 39 41 43 45 47 56 57 60 61 62 64 65 67 71 82 105 110 111 112 113 114 116 119 121 123 125 126 128 129 130
a 2 4 9 10 14 21 24 25 31 34 35 39 41 43 45 56 57 58 60 61 62 64 65 67 71 82 105 110 111 112 113 114 116 119 121 123 125 126 128 129 130
a 2 4 8 9 10 14 21 24 25 31 34 35 39 41 43 45 56 57 58 60 61 62 64 65 67 71 82 105 111 112 113 114 116 119 121 123 125 126 128 129 130
a 2 4 8 9 10 12 14 21 24 25 31 34 35 39 43 45 56 57 58 60 61 62 64 65 67 71 82 105 111 112 113 114 116 119 121 123 125 126 128 129 130
a 1 2 4 8 9 10 12 14 21 24 25 31 34 35 39 43 45 56 57 58 60 61 62 64 65 67 71 82 105 111 112 114 116 119 121 123 125 126 128 129 130
a 1 2 4 8 9 10 12 14 21 24 25 31 34 35 39 43 45 48 56 57 58 60 61 62 64 65 67 71 82 105 111 112 116 119 121 123 125 126 128 129 130
a 1 2 4 8 9 10 12 14 21 24 25 31 34 35 39 43 45 48 57 58 60 61 62 64 65 67 71 82 98 105 111 112 116 119 121 123 125 126 128 129 130
a 1 2 4 8 9 10 12 14 21 24 25 31 34 35 39 43 44 45 48 57 58 60 61 62 64 65 67 71 82 98 105 111 116 119 121 123 125 126 128 129 130
a 1 2 4 8 9 10 12 14 21 24 25 31 35 39 43 44 45 48 57 58 60 61 62 64 65 67 71 82 98 105 111 116 119 121 123 125 126 127 128 129 130
a 1 2 4 8 9 10 12 14 21 24 25 31 35 43 44 45 48 57 58 60 61 62 64 65 67 71 82 89 98 105 111 116 119 121 123 125 126 127 128 129 130
a 1 2 4 8 9 10 12 14 21 24 25 35 43 44 45 48 57 58 60 61 62 64 65 67 71 82 83 89 98 105 111 116 119 121 123 125 126 127 128 129 130
a 1 2 4 8 9 10 12 14 21 24 25 35 43 44 45 48 57 58 60 61 62 64 65 67 71 82 83 87 89 98 105 111 116 119 121 125 126 127 128 129 130
a 1 2 4 8 9 10 12 14 21 24 25 35 43 44 45 48 57 58 60 61 62 64 67 70 71 82 83 87 89 98 105 111 116 119 121 125 126 127 128 129 130
a 1 2 4 8 9 10 12 14 15 21 24 25 35 44 45 48 57 58 60 61 62 64 67 70 71 82 83 87 89 98 105 111 116 119 121 125 126 127 128 129 130
a 1 2 4 8 9 10 12 14 15 21 24 25 35 37 44 45 48 57 58 60 61 62 64 67 70 71 82 83 87 89 98 105 111 116 121 125 126 127 128 129 130
a 1 2 4 8 9 10 12 14 15 21 24 25 35 37 44 45 48 57 58 60 61 62 64 67 70 71 79 82 83 87 89 98 105 111 116 125 126 127 128 129 130
a 1 2 4 8 9 10 12 14 15 21 24 25 35 37 44 45 48 57 58 59 60 61 62 67 70 71 79 82 83 87 89 98 105 111 116 125 126 127 128 129 130
a 1 2 4 8 9 10 12 14 15 21 24 25 35 37 44 45 48 57 58 59 60 62 67 70 71 79 82 83 87 89 98 105 111 116 124 125 126 127 128 129 130
a 1 2 4 8 9 10 12 14 15 21 24 25 35 37 40 44 45 48 57 58 59 60 62 67 70 71 79 82 83 87 89 98 105 111 116 124 125 126 127 128 129
a 1 2 4 5 8 9 10 12 14 15 21 24 25 35 37 40 44 45 48 57 58 59 60 62 67 70 71 79 82 83 87 89 98 105 111 116 124 125 127 128 129
a 1 4 5 8 9 10 12 14 15 21 24 25 35 37 40 44 45 48 57 58 59 60 62 67 70 71 79 82 83 87 89 98 105 109 111 116 124 125 127 128 129
	Command being timed: "/Users/soh/app/scala-2.12.4/bin/scala -J-Xms32g -J-Xmx32g -cp /Users/soh/app/IsrForCompetition230719-15h37m/scop.jar:/Users/soh/app/IsrForCompetition230719-15h37m/isr4competition_2.12-1.3.5.jar fun.scop.app.isr.IsrSolverTj05 benchmark/ISR-benchmark/random_instance/random_instance010_graph001.col benchmark/ISR-benchmark/random_instance/random_instance010_graph001.dat cadical /Users/soh/app/IsrForCompetition230719-15h37m/cadical"
	User time (seconds): 1.99
	System time (seconds): 0.21
	Percent of CPU this job got: 155%
	Elapsed (wall clock) time (h:mm:ss or m:ss): 0:01.41
	Average shared text size (kbytes): 0
	Average unshared data size (kbytes): 0
	Average stack size (kbytes): 0
	Average total size (kbytes): 0
	Maximum resident set size (kbytes): 3003449344
	Average resident set size (kbytes): 0
	Major (requiring I/O) page faults: 0
	Minor (reclaiming a frame) page faults: 189258
	Voluntary context switches: 35
	Involuntary context switches: 3352
	Swaps: 0
	File system inputs: 0
	File system outputs: 0
	Socket messages sent: 41
	Socket messages received: 0
	Signals delivered: 5
	Page size (bytes): 4096
	Exit status: 0
FINISHED CPU 2.2 MEM 0 MAXMEM 0 STALE 1
#RESULT: UNK
#FIN: FIN
#CPU: 2.2
#MAXMEM: 0
c 
#END: [Wed Jul 19 16:21:01 2023]
