#BEGIN: [Tue Aug  8 22:06:15 2023]
#HOST: mini21.local
#TIMELIMIT: 1800
#MEMLIMIT: 0
#FREQ: 10
#SOLVER: recon
#ARG1: benchmark/ISR-benchmark/random_instance/random_instance020_graph001.col
#ARG2: benchmark/ISR-benchmark/random_instance/random_instance020_graph001.dat
#COMMAND: /Users/soh/app/recon/src/recon benchmark/ISR-benchmark/random_instance/random_instance020_graph001.col benchmark/ISR-benchmark/random_instance/random_instance020_graph001.dat
c Copyright Volker Turau & Christoph Weyer, 2022
c Institute of Telematics
c Hamburg University of Technology, Hamburg, Germany
c Contact: turau@tuhh.de
c Graph file: benchmark/ISR-benchmark/random_instance/random_instance020_graph001.col
c Target file: benchmark/ISR-benchmark/random_instance/random_instance020_graph001.dat
c Size of independent set: 81
c Number of nodes of graph: 260
c Number of edges of graph: 780
c Average degree of graph: 6.00
s 3 5 10 11 12 15 17 20 21 22 25 28 32 33 41 42 46 48 50 54 55 58 59 61 63 65 66 74 75 76 78 83 92 93 96 97 99 100 104 107 112 114 118 120 123 126 130 133 138 142 143 146 150 152 154 159 162 163 168 172 180 181 184 189 191 196 198 199 210 215 227 232 235 238 239 241 243 244 254 255 260 
t 1 15 19 20 21 22 28 35 37 39 40 49 56 58 59 64 65 70 72 75 80 81 82 85 87 92 95 96 97 102 106 107 108 110 114 115 117 119 123 124 133 140 143 144 146 154 158 160 161 162 163 165 169 171 175 177 179 184 186 187 191 193 202 205 206 212 214 215 217 220 223 225 226 232 237 240 241 242 244 245 260 
c BFS found 62 new nodes in level 1 (total 63/191739611)
c BFS found 3268 new nodes in level 2 (total 3331/191739611)
c BFS found 126694 new nodes in level 3 (total 130025/191739611)
c BFS found 3801007 new nodes in level 4 (total 3931031/191739611)
c BFS found 92201960 new nodes in level 5 (total 96132898/191739611)
TIMEOUT CPU 1800 MEM 0 MAXMEM 0
#RESULT: UNK
#FIN: TO
#CPU: 1800
#MAXMEM: 0
c 85858 killed(2). 85857 killed(2). 85858 killed(9). 85857 killed(9). 
#END: [Tue Aug  8 22:36:16 2023]
