#BEGIN: [Tue Aug  1 12:58:37 2023]
#HOST: mini24.local
#TIMELIMIT: 7200
#MEMLIMIT: 0
#FREQ: 10
#SOLVER: ddreconf230801-10h10m
#ARG1: benchmark/ISR-benchmark/random_instance/random_instance001_graph001.col
#ARG2: benchmark/ISR-benchmark/random_instance/random_instance001_graph001.dat
#COMMAND: /Users/soh/app/ddreconf230801-10h10m/ddreconf benchmark/ISR-benchmark/random_instance/random_instance001_graph001.col --indset --stwidth --stfile=benchmark/ISR-benchmark/random_instance/random_instance001_graph001.dat
Input graph file parsed. # of vertices = 13, # of edges = 39
s 4 10 13
t 6 7 13
Solution space ZDD construction start
Solution space ZDD construction end
Solution space ZDD construction time = 0.001474
Solution space ZDD size = 39
# of elements in the solution space = 125
Start computing the width of the solution space graph
Zs_1 construction time = 0.000038, # ZDD nodes = 8, # elems = 4
Zt_1 construction time = 0.000014, # ZDD nodes = 9, # elems = 5
Reconf seq found. Shortest length = 2
Zs_2 construction time = 0.000028, # ZDD nodes = 17, # elems = 14
Zt_2 construction time = 0.000023, # ZDD nodes = 20, # elems = 17
Card(Zs_0 & Zt_2) = 1
Card(Zs_1 & Zt_1) = 1
Card(Zs_2 & Zt_0) = 1
max card = 1
max card index = 0
a YES
a 4 10 13
a 6 10 13
a 6 7 13
Reconfiguration time = 0.000432
	Command being timed: "/Users/soh/app/ddreconf230801-10h10m/ddreconf benchmark/ISR-benchmark/random_instance/random_instance001_graph001.col --indset --stwidth --stfile=benchmark/ISR-benchmark/random_instance/random_instance001_graph001.dat"
	User time (seconds): 0.00
	System time (seconds): 0.00
	Percent of CPU this job got: 42%
	Elapsed (wall clock) time (h:mm:ss or m:ss): 0:00.04
	Average shared text size (kbytes): 0
	Average unshared data size (kbytes): 0
	Average stack size (kbytes): 0
	Average total size (kbytes): 0
	Maximum resident set size (kbytes): 122798080
	Average resident set size (kbytes): 0
	Major (requiring I/O) page faults: 0
	Minor (reclaiming a frame) page faults: 7635
	Voluntary context switches: 19
	Involuntary context switches: 3
	Swaps: 0
	File system inputs: 0
	File system outputs: 0
	Socket messages sent: 36
	Socket messages received: 0
	Signals delivered: 0
	Page size (bytes): 4096
	Exit status: 0
FINISHED CPU 0 MEM 0 MAXMEM 0 STALE 1
#RESULT: UNK
#FIN: FIN
#CPU: 0
#MAXMEM: 0
c 
#END: [Tue Aug  1 12:58:37 2023]
