#BEGIN: [Tue Aug  1 16:32:41 2023]
#HOST: mini29.local
#TIMELIMIT: 7200
#MEMLIMIT: 0
#FREQ: 10
#SOLVER: ddreconf230801-10h10m
#ARG1: benchmark/ISR-benchmark/random_instance/random_instance010_graph005.col
#ARG2: benchmark/ISR-benchmark/random_instance/random_instance010_graph005.dat
#COMMAND: /Users/soh/app/ddreconf230801-10h10m/ddreconf benchmark/ISR-benchmark/random_instance/random_instance010_graph005.col --indset --stwidth --stfile=benchmark/ISR-benchmark/random_instance/random_instance010_graph005.dat
Input graph file parsed. # of vertices = 130, # of edges = 390
s 4 5 6 10 17 18 21 23 33 35 89 39 40 110 49 53 59 61 62 90 67 70 73 75 77 104 130 87 103 83 85 91 100 96 97 105 118 111 128 124
t 1 4 6 12 14 16 18 20 26 27 29 39 57 44 45 110 49 53 55 56 58 61 63 65 66 67 70 75 77 78 130 87 103 129 106 105 127 113 128 122
Solution space ZDD construction start
Command terminated by signal 9
	Command being timed: "/Users/soh/app/ddreconf230801-10h10m/ddreconf benchmark/ISR-benchmark/random_instance/random_instance010_graph005.col --indset --stwidth --stfile=benchmark/ISR-benchmark/random_instance/random_instance010_graph005.dat"
	User time (seconds): 1668.12
	System time (seconds): 1520.51
	Percent of CPU this job got: 69%
	Elapsed (wall clock) time (h:mm:ss or m:ss): 1:16:30
	Average shared text size (kbytes): 0
	Average unshared data size (kbytes): 0
	Average stack size (kbytes): 0
	Average total size (kbytes): 0
	Maximum resident set size (kbytes): 255574753280
	Average resident set size (kbytes): 0
	Major (requiring I/O) page faults: 0
	Minor (reclaiming a frame) page faults: 264875252
	Voluntary context switches: 2407680
	Involuntary context switches: 3224456
	Swaps: 0
	File system inputs: 0
	File system outputs: 0
	Socket messages sent: 36
	Socket messages received: 0
	Signals delivered: 0
	Page size (bytes): 4096
	Exit status: 0
FINISHED CPU 3188.63 MEM 0 MAXMEM 0 STALE 1
#RESULT: UNK
#FIN: FIN
#CPU: 3188.63
#MAXMEM: 0
c 
#END: [Tue Aug  1 17:49:11 2023]
