#BEGIN: [Tue Aug  1 12:59:41 2023]
#HOST: mini29.local
#TIMELIMIT: 7200
#MEMLIMIT: 0
#FREQ: 10
#SOLVER: ddreconf230801-10h10m
#ARG1: benchmark/ISR-benchmark/random_instance/random_instance005_graph002.col
#ARG2: benchmark/ISR-benchmark/random_instance/random_instance005_graph002.dat
#COMMAND: /Users/soh/app/ddreconf230801-10h10m/ddreconf benchmark/ISR-benchmark/random_instance/random_instance005_graph002.col --indset --stwidth --stfile=benchmark/ISR-benchmark/random_instance/random_instance005_graph002.dat
libc++abi.dylib: terminating with uncaught exception of type std::runtime_error: ERROR: 43: No such vertex
Command terminated by signal 6
	Command being timed: "/Users/soh/app/ddreconf230801-10h10m/ddreconf benchmark/ISR-benchmark/random_instance/random_instance005_graph002.col --indset --stwidth --stfile=benchmark/ISR-benchmark/random_instance/random_instance005_graph002.dat"
	User time (seconds): 0.03
	System time (seconds): 0.00
	Percent of CPU this job got: 81%
	Elapsed (wall clock) time (h:mm:ss or m:ss): 0:00.05
	Average shared text size (kbytes): 0
	Average unshared data size (kbytes): 0
	Average stack size (kbytes): 0
	Average total size (kbytes): 0
	Maximum resident set size (kbytes): 121716736
	Average resident set size (kbytes): 0
	Major (requiring I/O) page faults: 0
	Minor (reclaiming a frame) page faults: 7569
	Voluntary context switches: 17
	Involuntary context switches: 3
	Swaps: 0
	File system inputs: 0
	File system outputs: 0
	Socket messages sent: 34
	Socket messages received: 0
	Signals delivered: 0
	Page size (bytes): 4096
	Exit status: 0
FINISHED CPU 0.03 MEM 0 MAXMEM 0 STALE 1
#RESULT: UNK
#FIN: FIN
#CPU: 0.03
#MAXMEM: 0
c 
#END: [Tue Aug  1 12:59:41 2023]
