#BEGIN: [Wed Jul 19 16:20:49 2023]
#HOST: mini30.local
#TIMELIMIT: 7200
#MEMLIMIT: 0
#FREQ: 10
#SOLVER: sat-based-isr-tj05-230719-15h37m
#ARG1: benchmark/ISR-benchmark/random_instance/random_instance005_graph004.col
#ARG2: benchmark/ISR-benchmark/random_instance/random_instance005_graph004.dat
#COMMAND: /Users/soh/app/scala-2.12.4/bin/scala -J-Xms32g -J-Xmx32g -cp /Users/soh/app/IsrForCompetition230719-15h37m/scop.jar:/Users/soh/app/IsrForCompetition230719-15h37m/isr4competition_2.12-1.3.5.jar fun.scop.app.isr.IsrSolverTj05 benchmark/ISR-benchmark/random_instance/random_instance005_graph004.col benchmark/ISR-benchmark/random_instance/random_instance005_graph004.dat cadical /Users/soh/app/IsrForCompetition230719-15h37m/cadical
#Nodes: 65
#Edges: 195
c (0) step 1 UNSAT 407 1344
c (0) step 2 UNSAT 782 2512
c (0) step 3 UNSAT 1208 3796
c (0) step 4 UNSAT 1702 5229
c (0) step 5 UNSAT 2281 6844
c (0) step 6 UNSAT 2962 8674
c (0) step 7 UNSAT 3762 10752
c (0) step 8 UNSAT 4698 13111
c (0) step 9 UNSAT 5787 15784
c (0) step 10 SAT 7046 18804
a YES
a 6 12 13 18 23 28 30 33 36 37 38 40 46 49 51 54 58 63
a 6 12 13 18 23 28 30 33 36 37 38 40 46 49 54 58 63 65
a 6 12 13 18 23 28 30 33 34 37 38 40 46 49 54 58 63 65
a 6 9 12 13 18 23 30 33 34 37 38 40 46 49 54 58 63 65
a 6 7 9 12 13 18 23 30 33 34 37 38 40 46 49 58 63 65
a 6 7 9 12 13 18 19 30 33 34 37 38 40 46 49 58 63 65
a 4 6 7 9 12 13 18 19 30 34 37 38 40 46 49 58 63 65
a 4 6 7 9 12 13 18 19 30 34 37 38 40 49 50 58 63 65
a 4 6 7 9 12 13 18 19 25 30 34 38 40 49 50 58 63 65
a 4 7 9 12 13 18 19 21 25 30 34 38 40 49 50 58 63 65
a 4 7 9 12 13 18 19 21 25 30 34 38 40 49 50 57 63 65
	Command being timed: "/Users/soh/app/scala-2.12.4/bin/scala -J-Xms32g -J-Xmx32g -cp /Users/soh/app/IsrForCompetition230719-15h37m/scop.jar:/Users/soh/app/IsrForCompetition230719-15h37m/isr4competition_2.12-1.3.5.jar fun.scop.app.isr.IsrSolverTj05 benchmark/ISR-benchmark/random_instance/random_instance005_graph004.col benchmark/ISR-benchmark/random_instance/random_instance005_graph004.dat cadical /Users/soh/app/IsrForCompetition230719-15h37m/cadical"
	User time (seconds): 1.05
	System time (seconds): 0.09
	Percent of CPU this job got: 155%
	Elapsed (wall clock) time (h:mm:ss or m:ss): 0:00.74
	Average shared text size (kbytes): 0
	Average unshared data size (kbytes): 0
	Average stack size (kbytes): 0
	Average total size (kbytes): 0
	Maximum resident set size (kbytes): 925892608
	Average resident set size (kbytes): 0
	Major (requiring I/O) page faults: 0
	Minor (reclaiming a frame) page faults: 62475
	Voluntary context switches: 34
	Involuntary context switches: 2940
	Swaps: 0
	File system inputs: 0
	File system outputs: 0
	Socket messages sent: 39
	Socket messages received: 0
	Signals delivered: 4
	Page size (bytes): 4096
	Exit status: 0
FINISHED CPU 1.14 MEM 0 MAXMEM 0 STALE 1
#RESULT: UNK
#FIN: FIN
#CPU: 1.14
#MAXMEM: 0
c 
#END: [Wed Jul 19 16:20:50 2023]
