#BEGIN: [Tue Aug  8 20:02:13 2023]
#HOST: mini29.local
#TIMELIMIT: 1800
#MEMLIMIT: 0
#FREQ: 10
#SOLVER: recon
#ARG1: benchmark/ISR-benchmark/random_instance/random_instance013_graph001.col
#ARG2: benchmark/ISR-benchmark/random_instance/random_instance013_graph001.dat
#COMMAND: /Users/soh/app/recon/src/recon benchmark/ISR-benchmark/random_instance/random_instance013_graph001.col benchmark/ISR-benchmark/random_instance/random_instance013_graph001.dat
c Copyright Volker Turau & Christoph Weyer, 2022
c Institute of Telematics
c Hamburg University of Technology, Hamburg, Germany
c Contact: turau@tuhh.de
c Graph file: benchmark/ISR-benchmark/random_instance/random_instance013_graph001.col
c Target file: benchmark/ISR-benchmark/random_instance/random_instance013_graph001.dat
c Size of independent set: 53
c Number of nodes of graph: 169
c Number of edges of graph: 507
c Average degree of graph: 6.00
s 8 12 15 16 18 21 27 28 29 35 40 44 45 47 49 52 55 59 66 69 77 78 80 83 87 91 95 100 101 102 105 107 111 113 115 118 119 120 126 128 129 130 139 140 145 147 148 149 154 158 159 162 168 
t 7 9 12 13 17 21 28 40 45 49 51 54 55 58 60 62 63 67 73 75 76 77 80 81 84 85 87 89 95 104 109 111 112 114 121 123 125 128 130 139 140 146 151 152 155 156 158 159 161 162 164 166 169 
c BFS found 33 new nodes in level 1 (total 34/223696213)
c BFS found 1024 new nodes in level 2 (total 1058/223696213)
c BFS found 23156 new nodes in level 3 (total 24214/223696213)
c BFS found 408486 new nodes in level 4 (total 432700/223696213)
c BFS found 5855509 new nodes in level 5 (total 6288143/223696213)
c BFS found 70147815 new nodes in level 6 (total 76431945/223696213)
TIMEOUT CPU 1800 MEM 0 MAXMEM 0
#RESULT: UNK
#FIN: TO
#CPU: 1800
#MAXMEM: 0
c 23283 killed(2). 23284 killed(2). 23283 killed(9). 23284 killed(9). 
#END: [Tue Aug  8 20:32:14 2023]
