#BEGIN: [Tue Aug  8 21:35:13 2023]
#HOST: mini28.local
#TIMELIMIT: 1800
#MEMLIMIT: 0
#FREQ: 10
#SOLVER: recon
#ARG1: benchmark/ISR-benchmark/random_instance/random_instance017_graph005.col
#ARG2: benchmark/ISR-benchmark/random_instance/random_instance017_graph005.dat
#COMMAND: /Users/soh/app/recon/src/recon benchmark/ISR-benchmark/random_instance/random_instance017_graph005.col benchmark/ISR-benchmark/random_instance/random_instance017_graph005.dat
c Copyright Volker Turau & Christoph Weyer, 2022
c Institute of Telematics
c Hamburg University of Technology, Hamburg, Germany
c Contact: turau@tuhh.de
c Graph file: benchmark/ISR-benchmark/random_instance/random_instance017_graph005.col
c Target file: benchmark/ISR-benchmark/random_instance/random_instance017_graph005.dat
c Size of independent set: 70
c Number of nodes of graph: 221
c Number of edges of graph: 663
c Average degree of graph: 6.00
s 3 4 6 7 8 11 13 15 22 28 29 33 41 45 47 50 56 58 59 60 62 65 68 73 74 75 79 84 93 96 101 102 108 110 111 113 117 119 122 124 126 129 131 132 133 137 140 150 160 163 164 165 166 172 181 184 185 189 192 195 196 200 202 205 206 208 209 212 213 217 
t 6 10 11 13 14 17 18 19 23 25 26 29 30 32 39 43 44 47 49 53 56 57 63 69 71 79 90 92 96 99 101 104 106 107 110 122 126 129 132 134 137 140 142 143 146 147 148 151 152 155 156 157 159 163 165 176 177 178 179 181 195 196 199 203 207 208 210 211 219 220 
c BFS found 43 new nodes in level 1 (total 44/206488812)
c BFS found 1834 new nodes in level 2 (total 1878/206488812)
c BFS found 56448 new nodes in level 3 (total 58326/206488812)
c BFS found 1336985 new nodes in level 4 (total 1395311/206488812)
c BFS found 25593228 new nodes in level 5 (total 26988485/206488812)
TIMEOUT CPU 1800 MEM 0 MAXMEM 0
#RESULT: UNK
#FIN: TO
#CPU: 1800
#MAXMEM: 0
c 26221 killed(2). 26222 killed(2). 26221 killed(9). 26222 killed(9). 
#END: [Tue Aug  8 22:05:14 2023]
