#BEGIN: [Wed Jul 19 16:21:25 2023]
#HOST: mini23.local
#TIMELIMIT: 7200
#MEMLIMIT: 0
#FREQ: 10
#SOLVER: sat-based-isr-tj05-230719-15h37m
#ARG1: benchmark/ISR-benchmark/random_instance/random_instance017_graph001.col
#ARG2: benchmark/ISR-benchmark/random_instance/random_instance017_graph001.dat
#COMMAND: /Users/soh/app/scala-2.12.4/bin/scala -J-Xms32g -J-Xmx32g -cp /Users/soh/app/IsrForCompetition230719-15h37m/scop.jar:/Users/soh/app/IsrForCompetition230719-15h37m/isr4competition_2.12-1.3.5.jar fun.scop.app.isr.IsrSolverTj05 benchmark/ISR-benchmark/random_instance/random_instance017_graph001.col benchmark/ISR-benchmark/random_instance/random_instance017_graph001.dat cadical /Users/soh/app/IsrForCompetition230719-15h37m/cadical
#Nodes: 221
#Edges: 663
c (0) step 1 UNSAT 1397 4626
c (0) step 2 UNSAT 2714 8722
c (0) step 3 UNSAT 4244 13312
c (0) step 4 UNSAT 6058 18537
c (0) step 5 UNSAT 8227 24538
c (0) step 6 UNSAT 10822 31456
c (0) step 7 UNSAT 13914 39432
c (0) step 8 UNSAT 17574 48607
c (0) step 9 UNSAT 21873 59122
c (0) step 10 UNSAT 26882 71118
c (0) step 11 UNSAT 32672 84736
c (0) step 12 UNSAT 39314 100117
c (0) step 13 UNSAT 46879 117402
c (0) step 14 UNSAT 55438 136732
c (0) step 15 UNSAT 65062 158248
c (0) step 16 UNSAT 75822 182091
c (0) step 17 UNSAT 87789 208402
c (0) step 18 UNSAT 101034 237322
c (0) step 19 UNSAT 115628 268992
c (0) step 20 UNSAT 131642 303553
c (0) step 21 UNSAT 149147 341146
c (0) step 22 UNSAT 168214 381912
c (0) step 23 UNSAT 188914 425992
c (0) step 24 UNSAT 211318 473527
c (0) step 25 UNSAT 235497 524658
c (0) step 26 UNSAT 261522 579526
c (0) step 27 UNSAT 289464 638272
c (1) step 28 UNSAT 319394 701037
c (1) step 29 UNSAT 351383 767962
c (1) step 30 UNSAT 385502 839188
c (1) step 31 UNSAT 421822 914856
c (1) step 32 UNSAT 460414 995107
c (1) step 33 UNSAT 501349 1080082
c (1) step 34 UNSAT 544698 1169922
c (1) step 35 UNSAT 590532 1264768
c (1) step 36 UNSAT 638922 1364761
c (2) step 37 UNSAT 689939 1470042
c (2) step 38 UNSAT 743654 1580752
c (2) step 39 UNSAT 800138 1697032
c (2) step 40 UNSAT 859462 1819023
c (2) step 41 UNSAT 921697 1946866
c (2) step 42 UNSAT 986914 2080702
c (3) step 43 UNSAT 1055184 2220672
c (3) step 44 UNSAT 1126578 2366917
c (3) step 45 UNSAT 1201167 2519578
c (3) step 46 UNSAT 1279022 2678796
c (3) step 47 UNSAT 1360214 2844712
c (4) step 48 UNSAT 1444814 3017467
c (5) step 49 SAT 1532893 3197202
a YES
a 2 3 5 6 8 9 11 21 23 24 25 31 33 38 40 43 45 47 48 54 56 61 62 63 64 65 68 70 71 77 88 91 98 99 102 105 106 110 117 118 127 128 129 132 135 136 137 141 142 144 145 148 153 159 160 165 166 168 173 174 181 186 187 189 191 194 200 201 202 204 205 213
a 2 3 5 6 8 9 11 12 21 23 24 25 31 33 38 40 45 47 48 54 56 61 62 63 64 65 68 70 71 77 88 91 98 99 102 105 106 110 117 118 127 128 129 132 135 136 137 141 142 144 145 148 153 159 160 165 166 168 173 174 181 186 187 189 191 194 200 201 202 204 205 213
a 2 3 5 6 8 9 11 12 21 23 24 25 31 33 38 40 45 47 48 54 56 61 62 63 64 65 68 70 71 77 88 91 98 99 102 105 106 110 117 118 127 128 129 132 134 135 136 137 141 142 144 145 148 153 159 160 165 166 168 173 174 181 186 187 189 191 194 200 201 202 204 213
a 2 3 5 6 8 9 11 12 21 23 24 25 31 33 38 40 45 47 48 54 56 61 62 63 64 65 68 70 71 77 88 91 98 99 102 105 106 110 117 118 127 129 132 134 135 136 137 141 142 144 145 148 153 159 160 165 166 168 173 174 181 186 187 189 190 191 194 200 201 202 204 213
a 2 3 5 6 8 9 11 12 21 23 24 31 33 38 40 45 47 48 54 56 61 62 63 64 65 68 70 71 77 88 91 98 99 102 105 106 110 117 118 127 129 132 134 135 136 137 141 142 144 145 148 153 159 160 165 166 168 173 174 181 186 187 189 190 191 194 199 200 201 202 204 213
a 2 3 5 6 8 9 11 12 21 23 24 31 33 38 40 45 47 48 54 56 61 62 63 64 65 68 70 71 77 88 91 98 99 102 105 106 110 117 118 127 129 132 134 135 136 137 141 142 145 148 153 157 159 160 165 166 168 173 174 181 186 187 189 190 191 194 199 200 201 202 204 213
a 2 5 6 8 9 11 12 21 23 24 31 33 38 40 45 47 48 54 56 61 62 63 64 65 68 70 71 77 88 91 98 99 102 105 106 110 117 118 127 129 132 134 135 136 137 141 142 145 148 153 155 157 159 160 165 166 168 173 174 181 186 187 189 190 191 194 199 200 201 202 204 213
a 2 5 6 8 9 11 12 13 21 23 24 31 38 40 45 47 48 54 56 61 62 63 64 65 68 70 71 77 88 91 98 99 102 105 106 110 117 118 127 129 132 134 135 136 137 141 142 145 148 153 155 157 159 160 165 166 168 173 174 181 186 187 189 190 191 194 199 200 201 202 204 213
a 2 5 6 8 9 11 12 13 21 24 31 38 40 45 47 48 54 56 61 62 63 64 65 68 70 71 77 88 91 98 99 102 105 106 110 117 118 127 129 132 134 135 136 137 141 142 145 148 153 155 157 159 160 165 166 168 173 174 175 181 186 187 189 190 191 194 199 200 201 202 204 213
a 2 5 8 9 11 12 13 21 24 31 38 40 45 47 48 54 56 61 62 63 64 65 68 70 71 77 88 91 98 99 102 105 106 110 117 118 127 129 132 134 135 136 137 141 142 145 148 153 155 157 159 160 165 166 168 173 174 175 181 182 186 187 189 190 191 194 199 200 201 202 204 213
a 2 5 8 9 11 12 13 21 24 31 38 40 45 47 48 54 56 62 63 64 65 68 70 71 77 88 91 98 99 102 105 106 110 117 118 127 129 132 134 135 136 137 138 141 142 145 148 153 155 157 159 160 165 166 168 173 174 175 181 182 186 187 189 190 191 194 199 200 201 202 204 213
a 2 5 8 9 11 12 13 21 31 38 40 45 47 48 54 56 62 63 64 65 68 70 71 77 80 88 91 98 99 102 105 106 110 117 118 127 129 132 134 135 136 137 138 141 142 145 148 153 155 157 159 160 165 166 168 173 174 175 181 182 186 187 189 190 191 194 199 200 201 202 204 213
a 2 5 8 9 11 12 13 14 21 31 38 40 45 47 48 54 56 62 63 64 65 68 70 71 77 80 88 91 99 102 105 106 110 117 118 127 129 132 134 135 136 137 138 141 142 145 148 153 155 157 159 160 165 166 168 173 174 175 181 182 186 187 189 190 191 194 199 200 201 202 204 213
a 1 2 5 8 9 11 12 13 14 21 31 38 40 45 47 48 54 56 62 63 64 65 68 70 71 77 80 88 91 99 102 105 106 110 117 118 127 129 132 134 135 136 137 138 141 142 145 148 153 155 157 159 160 165 166 168 174 175 181 182 186 187 189 190 191 194 199 200 201 202 204 213
a 1 2 5 8 9 11 12 13 14 21 31 38 40 45 47 48 54 56 62 63 64 65 68 70 71 77 80 88 91 99 102 105 106 110 117 118 127 129 132 134 135 136 137 138 141 142 145 148 153 155 157 159 160 165 166 168 174 175 181 182 186 189 190 191 193 194 199 200 201 202 204 213
a 1 2 5 8 9 11 12 13 14 21 31 38 40 45 47 48 54 56 62 63 64 65 68 70 71 77 80 88 91 99 102 105 106 110 117 118 127 132 134 135 136 137 138 141 142 145 148 153 155 157 159 160 165 166 168 174 175 178 181 182 186 189 190 191 193 194 199 200 201 202 204 213
a 1 2 5 8 9 11 12 13 14 21 31 38 40 45 47 48 54 56 62 63 64 65 68 70 71 77 80 88 91 99 102 105 106 110 117 118 127 132 134 135 136 137 138 142 145 148 153 155 157 159 160 165 166 168 174 175 178 181 182 186 189 190 191 193 194 199 200 201 202 204 208 213
a 1 2 5 8 9 11 12 13 14 21 31 38 40 45 47 48 54 56 62 63 64 65 68 70 71 77 80 88 91 99 102 105 106 110 117 118 121 127 132 134 135 136 137 138 142 145 148 153 155 157 159 160 165 166 168 174 175 178 181 182 186 189 190 191 193 199 200 201 202 204 208 213
a 1 2 5 8 9 11 12 13 14 21 31 38 40 45 47 48 54 56 62 63 64 65 68 70 71 77 80 88 91 99 102 105 106 110 111 117 118 121 127 132 134 135 136 137 138 142 145 148 153 155 157 159 160 165 166 168 174 175 178 181 182 186 189 190 191 193 199 200 201 202 208 213
a 1 2 5 8 9 11 12 13 14 21 31 38 40 45 47 48 54 56 62 63 65 68 70 71 77 80 88 91 99 102 105 106 107 110 111 117 118 121 127 132 134 135 136 137 138 142 145 148 153 155 157 159 160 165 166 168 174 175 178 181 182 186 189 190 191 193 199 200 201 202 208 213
a 1 2 5 8 9 11 12 13 14 21 31 38 40 45 47 48 54 56 59 63 65 68 70 71 77 80 88 91 99 102 105 106 107 110 111 117 118 121 127 132 134 135 136 137 138 142 145 148 153 155 157 159 160 165 166 168 174 175 178 181 182 186 189 190 191 193 199 200 201 202 208 213
a 1 2 5 8 9 11 12 13 14 21 31 38 40 45 47 48 54 59 63 65 68 70 71 77 80 88 89 91 99 102 105 106 107 110 111 117 118 121 127 132 134 135 136 137 138 142 145 148 153 155 157 159 160 165 166 168 174 175 178 181 182 186 189 190 191 193 199 200 201 202 208 213
a 1 2 5 8 9 11 12 13 14 21 31 38 40 45 47 48 54 59 63 65 68 70 71 80 88 89 91 99 102 105 106 107 109 110 111 117 118 121 127 132 134 135 136 137 138 142 145 148 153 155 157 159 160 165 166 168 174 175 178 181 182 186 189 190 191 193 199 200 201 202 208 213
a 1 2 5 8 9 11 12 13 14 21 31 38 40 45 47 54 59 60 63 65 68 70 71 80 88 89 91 99 102 105 106 107 109 110 111 117 118 121 127 132 134 135 136 137 138 142 145 148 153 155 157 159 160 165 166 168 174 175 178 181 182 186 189 190 191 193 199 200 201 202 208 213
a 1 2 5 8 9 11 12 13 14 21 31 38 40 45 47 54 59 60 63 65 68 69 70 71 80 88 89 91 99 102 106 107 109 110 111 117 118 121 127 132 134 135 136 137 138 142 145 148 153 155 157 159 160 165 166 168 174 175 178 181 182 186 189 190 191 193 199 200 201 202 208 213
a 1 2 5 8 9 11 12 13 14 21 31 38 40 45 47 54 59 60 63 65 69 70 71 80 88 89 91 99 102 106 107 109 110 111 117 118 121 127 132 134 135 136 137 138 142 145 148 153 155 156 157 159 160 165 166 168 174 175 178 181 182 186 189 190 191 193 199 200 201 202 208 213
a 1 2 5 9 11 12 13 14 21 31 38 40 45 47 54 59 60 63 65 69 70 71 80 86 88 89 91 99 102 106 107 109 110 111 117 118 121 127 132 134 135 136 137 138 142 145 148 153 155 156 157 159 160 165 166 168 174 175 178 181 182 186 189 190 191 193 199 200 201 202 208 213
a 1 2 5 9 11 12 13 14 21 28 31 38 40 45 54 59 60 63 65 69 70 71 80 86 88 89 91 99 102 106 107 109 110 111 117 118 121 127 132 134 135 136 137 138 142 145 148 153 155 156 157 159 160 165 166 168 174 175 178 181 182 186 189 190 191 193 199 200 201 202 208 213
a 1 2 5 9 11 12 13 14 21 28 31 38 40 45 54 59 60 63 65 69 70 71 80 86 88 89 91 99 102 106 107 109 110 111 112 117 121 127 132 134 135 136 137 138 142 145 148 153 155 156 157 159 160 165 166 168 174 175 178 181 182 186 189 190 191 193 199 200 201 202 208 213
a 1 2 5 11 12 13 14 21 28 31 38 40 45 54 59 60 63 65 69 70 71 80 86 88 89 91 99 102 106 107 109 110 111 112 117 121 127 132 134 135 136 137 138 142 145 148 153 155 156 157 159 160 165 166 168 174 175 178 181 182 184 186 189 190 191 193 199 200 201 202 208 213
a 1 2 5 11 12 13 14 21 28 31 38 40 45 54 59 60 63 65 69 70 71 73 80 86 88 89 91 99 102 106 107 109 110 111 112 117 121 127 132 134 135 136 137 138 142 148 153 155 156 157 159 160 165 166 168 174 175 178 181 182 184 186 189 190 191 193 199 200 201 202 208 213
a 1 2 5 11 12 13 14 21 28 31 32 38 40 45 54 59 60 63 65 69 70 71 73 80 86 88 89 91 99 102 106 107 109 110 111 112 117 121 127 132 134 135 136 137 138 142 153 155 156 157 159 160 165 166 168 174 175 178 181 182 184 186 189 190 191 193 199 200 201 202 208 213
a 1 2 5 11 12 13 14 21 28 31 32 38 40 54 59 60 63 65 69 70 71 73 80 86 88 89 91 99 102 106 107 109 110 111 112 117 121 127 132 134 135 136 137 138 142 153 155 156 157 159 160 165 166 168 174 175 178 181 182 184 186 189 190 191 193 195 199 200 201 202 208 213
a 1 2 5 11 12 13 14 28 31 32 38 40 54 59 60 63 65 69 70 71 73 80 86 88 89 91 99 102 106 107 109 110 111 112 117 121 127 132 134 135 136 137 138 142 153 155 156 157 159 160 165 166 168 174 175 178 181 182 184 186 189 190 191 193 195 199 200 201 202 208 213 215
a 1 2 5 11 12 13 14 28 31 32 38 40 54 59 60 63 65 69 70 71 73 80 86 88 89 91 99 100 102 106 107 109 110 111 112 117 121 127 134 135 136 137 138 142 153 155 156 157 159 160 165 166 168 174 175 178 181 182 184 186 189 190 191 193 195 199 200 201 202 208 213 215
a 1 2 5 11 12 13 14 28 31 32 38 40 54 59 60 63 65 69 70 71 73 80 86 88 89 91 99 100 102 107 109 110 111 112 117 121 127 134 135 136 137 138 142 153 155 156 157 159 160 165 166 168 174 175 178 181 182 184 186 189 190 191 192 193 195 199 200 201 202 208 213 215
a 1 2 5 11 12 13 14 28 31 32 38 40 54 59 60 63 65 69 70 71 73 80 86 88 89 99 100 102 107 109 110 111 112 117 121 126 127 134 135 136 137 138 142 153 155 156 157 159 160 165 166 168 174 175 178 181 182 184 186 189 190 191 192 193 195 199 200 201 202 208 213 215
a 1 2 5 11 12 13 14 28 31 32 38 40 54 59 60 63 65 69 70 71 73 80 86 88 89 100 102 107 109 110 111 112 117 121 126 127 134 135 136 137 138 142 153 155 156 157 159 160 165 166 168 171 174 175 178 181 182 184 186 189 190 191 192 193 195 199 200 201 202 208 213 215
a 1 2 4 5 11 12 13 14 28 31 32 38 40 54 59 60 63 65 69 70 71 73 80 86 88 89 100 102 107 109 110 111 112 117 121 126 127 134 135 136 137 138 142 153 155 156 157 159 160 165 166 168 171 174 175 178 181 182 184 186 189 190 191 192 193 195 199 200 201 202 208 215
a 1 2 4 5 11 12 13 14 28 31 32 38 40 54 59 60 63 65 69 70 71 73 80 86 88 89 100 102 107 109 110 111 112 117 120 121 126 127 134 135 136 137 138 142 153 155 156 157 159 160 165 166 168 171 174 175 178 181 182 184 186 189 190 192 193 195 199 200 201 202 208 215
a 1 2 4 5 11 12 13 14 28 31 32 38 40 54 59 60 63 65 69 70 71 73 80 86 88 89 100 102 107 109 110 111 112 117 120 121 126 127 134 135 136 137 138 142 153 155 156 157 159 160 165 166 168 171 174 175 178 182 184 186 189 190 192 193 195 199 200 201 202 208 215 217
a 1 2 4 5 11 12 13 14 28 31 32 38 40 54 58 59 60 63 65 69 70 71 73 80 86 88 89 100 102 107 109 110 111 112 117 120 121 126 127 134 135 136 137 138 142 153 155 156 157 159 160 165 166 168 171 174 175 178 182 184 186 189 190 192 193 195 199 201 202 208 215 217
a 1 2 4 5 11 12 13 14 28 31 32 38 40 54 58 59 60 63 65 69 70 71 73 80 86 88 89 100 102 107 109 110 111 112 120 121 126 127 133 134 135 136 137 138 142 153 155 156 157 159 160 165 166 168 171 174 175 178 182 184 186 189 190 192 193 195 199 201 202 208 215 217
a 1 2 4 5 11 12 13 14 28 31 32 38 40 54 58 59 60 63 65 69 70 71 73 80 86 88 89 100 102 107 109 110 111 112 119 120 121 126 127 133 134 135 136 137 138 142 153 155 156 157 160 165 166 168 171 174 175 178 182 184 186 189 190 192 193 195 199 201 202 208 215 217
a 1 2 4 5 11 12 13 14 28 31 32 38 40 46 54 58 59 60 63 65 69 70 71 73 80 86 88 89 100 102 107 109 110 111 112 119 120 121 126 127 133 134 135 136 137 138 142 153 155 156 157 160 165 166 168 171 174 175 178 182 184 186 189 190 192 193 195 199 202 208 215 217
a 1 2 4 5 11 12 13 14 28 32 38 40 46 54 58 59 60 63 65 69 70 71 73 74 80 86 88 89 100 102 107 109 110 111 112 119 120 121 126 127 133 134 135 136 137 138 142 153 155 156 157 160 165 166 168 171 174 175 178 182 184 186 189 190 192 193 195 199 202 208 215 217
a 1 2 4 5 11 12 13 14 28 32 38 40 46 54 58 59 60 63 65 69 70 71 73 74 80 86 88 89 100 102 107 109 110 111 112 119 120 121 123 126 127 133 134 135 136 137 138 142 153 155 156 157 160 165 166 168 171 174 175 178 182 184 189 190 192 193 195 199 202 208 215 217
a 1 2 4 5 11 12 13 14 28 32 38 40 46 54 58 59 60 63 65 69 70 71 73 74 80 86 88 89 100 102 107 109 110 111 112 119 120 121 123 126 127 131 133 134 135 136 137 138 142 153 155 156 157 160 165 168 171 174 175 178 182 184 189 190 192 193 195 199 202 208 215 217
a 1 2 4 5 11 12 13 14 15 28 32 38 40 46 54 58 59 60 63 65 69 70 71 73 74 80 86 88 89 100 102 107 109 110 111 112 119 120 121 123 126 127 131 133 134 135 136 137 138 142 153 155 156 157 160 165 171 174 175 178 182 184 189 190 192 193 195 199 202 208 215 217
a 1 2 4 5 11 12 13 14 15 28 32 38 40 46 54 58 59 60 63 65 69 70 71 73 74 80 86 88 89 100 102 107 109 110 111 112 119 120 121 123 126 131 133 134 135 136 137 138 142 147 153 155 156 157 160 165 171 174 175 178 182 184 189 190 192 193 195 199 202 208 215 217
	Command being timed: "/Users/soh/app/scala-2.12.4/bin/scala -J-Xms32g -J-Xmx32g -cp /Users/soh/app/IsrForCompetition230719-15h37m/scop.jar:/Users/soh/app/IsrForCompetition230719-15h37m/isr4competition_2.12-1.3.5.jar fun.scop.app.isr.IsrSolverTj05 benchmark/ISR-benchmark/random_instance/random_instance017_graph001.col benchmark/ISR-benchmark/random_instance/random_instance017_graph001.dat cadical /Users/soh/app/IsrForCompetition230719-15h37m/cadical"
	User time (seconds): 6.61
	System time (seconds): 1.20
	Percent of CPU this job got: 116%
	Elapsed (wall clock) time (h:mm:ss or m:ss): 0:06.73
	Average shared text size (kbytes): 0
	Average unshared data size (kbytes): 0
	Average stack size (kbytes): 0
	Average total size (kbytes): 0
	Maximum resident set size (kbytes): 23493541888
	Average resident set size (kbytes): 0
	Major (requiring I/O) page faults: 1
	Minor (reclaiming a frame) page faults: 1452221
	Voluntary context switches: 36
	Involuntary context switches: 3695
	Swaps: 0
	File system inputs: 0
	File system outputs: 0
	Socket messages sent: 40
	Socket messages received: 0
	Signals delivered: 9
	Page size (bytes): 4096
	Exit status: 0
FINISHED CPU 7.81 MEM 0 MAXMEM 0 STALE 1
#RESULT: UNK
#FIN: FIN
#CPU: 7.81
#MAXMEM: 0
c 
#END: [Wed Jul 19 16:21:32 2023]
