#BEGIN: [Wed Jul 19 16:21:56 2023]
#HOST: mini30.local
#TIMELIMIT: 7200
#MEMLIMIT: 0
#FREQ: 10
#SOLVER: sat-based-isr-tj05-230719-15h37m
#ARG1: benchmark/ISR-benchmark/random_instance/random_instance020_graph002.col
#ARG2: benchmark/ISR-benchmark/random_instance/random_instance020_graph002.dat
#COMMAND: /Users/soh/app/scala-2.12.4/bin/scala -J-Xms32g -J-Xmx32g -cp /Users/soh/app/IsrForCompetition230719-15h37m/scop.jar:/Users/soh/app/IsrForCompetition230719-15h37m/isr4competition_2.12-1.3.5.jar fun.scop.app.isr.IsrSolverTj05 benchmark/ISR-benchmark/random_instance/random_instance020_graph002.col benchmark/ISR-benchmark/random_instance/random_instance020_graph002.dat cadical /Users/soh/app/IsrForCompetition230719-15h37m/cadical
#Nodes: 259
#Edges: 780
WARNING. There is missing goal nodes: {238}
c (0) step 1 UNSAT 1633 5416
c (0) step 2 UNSAT 3164 10187
c (0) step 3 UNSAT 4932 15508
c (0) step 4 UNSAT 7016 21536
c (0) step 5 UNSAT 9495 28428
c (0) step 6 UNSAT 12448 36341
c (0) step 7 UNSAT 15954 45432
c (0) step 8 UNSAT 20092 55858
c (0) step 9 UNSAT 24941 67776
c (0) step 10 UNSAT 30580 81343
c (0) step 11 UNSAT 37088 96716
c (0) step 12 UNSAT 44544 114052
c (0) step 13 UNSAT 53027 133508
c (0) step 14 UNSAT 62616 155241
c (0) step 15 UNSAT 73390 179408
c (0) step 16 UNSAT 85428 206166
c (0) step 17 UNSAT 98809 235672
c (0) step 18 UNSAT 113612 268083
c (0) step 19 UNSAT 129916 303556
c (0) step 20 UNSAT 147800 342248
c (0) step 21 UNSAT 167343 384316
c (0) step 22 UNSAT 188624 429917
c (0) step 23 UNSAT 211722 479208
c (0) step 24 UNSAT 236716 532346
c (0) step 25 UNSAT 263685 589488
c (0) step 26 UNSAT 292708 650791
c (1) step 27 UNSAT 323864 716412
c (1) step 28 UNSAT 357232 786508
c (1) step 29 UNSAT 392891 861236
c (1) step 30 UNSAT 430920 940753
c (1) step 31 UNSAT 471398 1025216
c (1) step 32 UNSAT 514404 1114782
c (1) step 33 UNSAT 560017 1209608
c (1) step 34 UNSAT 608316 1309851
c (1) step 35 UNSAT 659380 1415668
c (2) step 36 UNSAT 713288 1527216
c (2) step 37 UNSAT 770119 1644652
c (2) step 38 UNSAT 829952 1768133
c (2) step 39 UNSAT 892866 1897816
c (2) step 40 UNSAT 958940 2033858
c (2) step 41 UNSAT 1028253 2176416
c (3) step 42 UNSAT 1100884 2325647
c (3) step 43 UNSAT 1176912 2481708
c (3) step 44 UNSAT 1256416 2644756
c (3) step 45 UNSAT 1339475 2814948
c (3) step 46 UNSAT 1426168 2992441
c (4) step 47 UNSAT 1516574 3177392
c (4) step 48 UNSAT 1610772 3369958
c (4) step 49 UNSAT 1708841 3570296
c (5) step 50 UNSAT 1810860 3778563
c (5) step 51 UNSAT 1916908 3994916
c (5) step 52 UNSAT 2027064 4219512
c (5) step 53 UNSAT 2141407 4452508
c (6) step 54 UNSAT 2260016 4694061
c (6) step 55 UNSAT 2382970 4944328
c (6) step 56 UNSAT 2510348 5203466
c (7) step 57 UNSAT 2642229 5471632
c (7) step 58 UNSAT 2778692 5748983
c (10) step 59 SAT 2919816 6035676
a YES
a 1 3 7 8 14 15 16 20 23 24 25 27 30 32 34 41 43 45 50 53 54 61 72 75 77 78 80 92 95 102 106 107 109 113 114 116 123 125 129 131 132 134 136 137 140 141 142 147 148 155 156 159 168 171 172 175 177 178 179 180 182 183 187 188 189 190 200 206 207 208 210 215 226 227 228 230 242 244 245 249
a 1 3 7 8 14 15 16 20 23 24 25 26 27 30 32 34 41 43 45 50 53 54 61 72 75 77 78 80 92 102 106 107 109 113 114 116 123 125 129 131 132 134 136 137 140 141 142 147 148 155 156 159 168 171 172 175 177 178 179 180 182 183 187 188 189 190 200 206 207 208 210 215 226 227 228 230 242 244 245 249
a 1 3 7 8 14 15 16 20 23 24 25 26 27 30 32 34 41 43 45 50 53 54 61 72 77 78 80 92 102 106 107 109 113 114 116 123 125 129 131 132 134 136 137 140 141 142 147 148 152 155 156 159 168 171 172 175 177 178 179 180 182 183 187 188 189 190 200 206 207 208 210 215 226 227 228 230 242 244 245 249
a 1 7 8 14 15 16 20 23 24 25 26 27 30 32 34 41 43 45 50 53 54 61 72 77 78 80 92 102 106 107 109 113 114 116 123 125 129 131 132 134 136 137 140 141 142 147 148 152 155 156 159 168 171 172 175 177 178 179 180 182 183 187 188 189 190 197 200 206 207 208 210 215 226 227 228 230 242 244 245 249
a 1 7 8 14 15 16 17 20 24 25 26 27 30 32 34 41 43 45 50 53 54 61 72 77 78 80 92 102 106 107 109 113 114 116 123 125 129 131 132 134 136 137 140 141 142 147 148 152 155 156 159 168 171 172 175 177 178 179 180 182 183 187 188 189 190 197 200 206 207 208 210 215 226 227 228 230 242 244 245 249
a 1 8 14 15 16 17 20 24 25 26 27 30 32 34 41 43 45 50 53 54 61 72 77 78 80 92 102 106 107 109 113 114 116 123 125 129 131 132 134 136 137 140 141 142 147 148 152 155 156 159 168 171 172 175 177 178 179 180 182 183 187 188 189 190 193 197 200 206 207 208 210 215 226 227 228 230 242 244 245 249
a 1 8 14 15 16 17 20 24 25 26 27 30 32 34 41 43 45 50 53 54 61 72 77 78 80 102 106 107 109 113 114 116 123 125 129 131 132 134 136 137 140 141 142 147 148 152 155 156 159 168 171 172 175 177 178 179 180 182 183 187 188 189 190 193 197 200 206 207 208 210 215 216 226 227 228 230 242 244 245 249
a 1 8 14 15 16 17 20 24 25 26 27 30 32 34 41 43 45 50 53 54 61 72 77 78 80 102 106 107 109 113 114 116 123 125 129 131 132 134 136 137 140 141 142 147 148 152 155 156 159 168 171 172 175 177 178 179 180 182 183 187 188 189 190 193 197 206 207 208 210 215 216 226 227 228 230 242 244 245 249 253
a 1 8 14 15 16 17 20 24 25 26 27 30 32 34 41 43 45 50 53 54 61 72 77 78 80 89 102 106 107 109 113 114 116 123 125 129 131 132 134 136 137 140 141 142 147 148 152 155 156 159 168 171 172 175 177 178 179 180 182 183 187 188 189 190 193 197 206 207 208 210 216 226 227 228 230 242 244 245 249 253
a 1 8 14 15 16 17 20 24 25 26 27 30 32 34 41 43 45 50 53 54 61 72 77 78 80 89 102 106 107 109 113 114 116 123 125 129 131 132 134 136 137 140 141 142 147 148 152 155 156 159 168 171 172 175 177 178 179 182 183 187 188 189 190 193 197 206 207 208 210 216 225 226 227 228 230 242 244 245 249 253
a 1 8 14 15 16 17 20 24 25 26 27 30 32 34 41 43 45 50 53 54 61 77 78 80 89 102 106 107 109 113 114 116 123 125 129 131 132 134 136 137 140 141 142 147 148 152 155 156 159 167 168 171 172 175 177 178 179 182 183 187 188 189 190 193 197 206 207 208 210 216 225 226 227 228 230 242 244 245 249 253
a 1 8 14 15 16 17 20 24 25 26 27 30 32 34 41 43 45 50 53 54 61 77 78 80 89 102 106 107 109 113 114 116 123 125 129 131 132 134 136 137 140 142 147 148 152 155 156 159 167 168 171 172 175 177 178 179 182 183 187 188 189 190 193 197 206 207 208 210 213 216 225 226 227 228 230 242 244 245 249 253
a 1 8 14 15 16 17 20 24 25 26 27 30 32 34 41 43 45 50 53 54 61 77 78 80 89 102 106 107 109 113 114 116 123 125 129 131 134 136 137 140 142 147 148 152 155 156 159 167 168 171 172 175 177 178 179 182 183 187 188 189 190 193 197 206 207 208 210 213 216 224 225 226 227 228 230 242 244 245 249 253
a 1 8 14 15 16 17 20 24 25 26 27 30 32 34 41 43 45 50 53 54 61 77 78 80 89 102 106 107 109 113 114 116 123 125 131 134 136 137 140 142 147 148 152 155 156 159 167 168 171 172 175 177 178 179 182 183 187 188 189 190 193 197 206 207 208 209 210 213 216 224 225 226 227 228 230 242 244 245 249 253
a 1 8 14 15 16 17 20 24 25 26 27 30 32 34 41 43 45 50 53 54 61 77 78 80 89 102 107 109 113 114 116 123 125 131 134 136 137 140 142 147 148 152 155 156 159 167 168 171 172 175 177 178 179 182 183 187 188 189 190 193 197 206 207 208 209 210 213 216 219 224 225 226 227 228 230 242 244 245 249 253
a 1 8 14 15 16 17 20 24 25 26 27 30 32 34 41 43 45 50 53 54 77 78 80 89 93 102 107 109 113 114 116 123 125 131 134 136 137 140 142 147 148 152 155 156 159 167 168 171 172 175 177 178 179 182 183 187 188 189 190 193 197 206 207 208 209 210 213 216 219 224 225 226 227 228 230 242 244 245 249 253
a 1 8 14 15 16 17 20 24 25 26 27 30 32 34 41 43 45 50 53 54 77 78 80 89 93 101 102 107 109 113 114 116 123 125 131 134 137 140 142 147 148 152 155 156 159 167 168 171 172 175 177 178 179 182 183 187 188 189 190 193 197 206 207 208 209 210 213 216 219 224 225 226 227 228 230 242 244 245 249 253
a 1 8 14 15 16 17 20 24 25 26 27 30 32 34 41 43 45 50 53 54 77 78 80 85 89 93 101 102 107 109 113 114 116 123 125 131 134 137 140 142 147 148 152 155 156 159 167 168 172 175 177 178 179 182 183 187 188 189 190 193 197 206 207 208 209 210 213 216 219 224 225 226 227 228 230 242 244 245 249 253
a 1 8 14 15 16 17 20 24 25 26 27 30 32 34 41 43 45 50 53 54 74 77 78 80 85 89 93 101 102 107 109 113 114 123 125 131 134 137 140 142 147 148 152 155 156 159 167 168 172 175 177 178 179 182 183 187 188 189 190 193 197 206 207 208 209 210 213 216 219 224 225 226 227 228 230 242 244 245 249 253
a 1 8 14 15 16 17 20 24 25 26 27 30 32 34 41 43 45 50 51 53 54 74 77 78 80 85 89 93 101 102 107 109 113 114 123 125 131 134 137 140 142 147 148 152 155 156 159 167 168 172 175 177 178 179 182 183 187 188 189 190 193 197 206 207 208 209 210 213 216 219 224 225 226 227 230 242 244 245 249 253
a 1 8 14 15 16 17 20 24 25 26 27 30 32 34 41 43 45 49 50 51 53 54 74 77 78 80 85 89 93 101 107 109 113 114 123 125 131 134 137 140 142 147 148 152 155 156 159 167 168 172 175 177 178 179 182 183 187 188 189 190 193 197 206 207 208 209 210 213 216 219 224 225 226 227 230 242 244 245 249 253
a 1 8 14 15 16 17 20 24 25 26 27 30 32 34 41 43 44 45 49 50 51 53 54 74 77 78 80 85 89 93 101 107 109 113 114 123 125 131 134 137 140 147 148 152 155 156 159 167 168 172 175 177 178 179 182 183 187 188 189 190 193 197 206 207 208 209 210 213 216 219 224 225 226 227 230 242 244 245 249 253
a 1 8 14 15 16 17 20 24 25 26 27 30 32 34 41 43 44 49 50 51 53 54 74 77 78 80 85 89 93 101 107 109 113 114 123 125 131 134 137 140 147 148 152 155 156 159 167 168 172 175 177 178 179 182 183 187 188 189 190 193 197 205 206 207 208 209 210 213 216 219 224 225 226 227 230 242 244 245 249 253
a 1 8 14 15 16 17 20 24 25 26 27 30 32 34 43 44 49 50 51 53 54 74 77 78 80 85 89 93 101 107 109 113 114 123 125 131 134 137 140 147 148 152 155 156 159 167 168 172 175 177 178 179 182 183 187 188 189 190 193 197 205 206 207 208 209 210 213 216 219 224 225 226 227 230 242 244 245 248 249 253
a 1 8 14 15 16 17 20 24 25 26 27 30 32 34 38 43 44 49 50 51 53 54 74 77 78 80 85 89 93 101 107 109 113 114 123 125 131 134 137 140 147 148 152 155 156 159 167 168 172 175 177 178 179 182 183 187 188 189 193 197 205 206 207 208 209 210 213 216 219 224 225 226 227 230 242 244 245 248 249 253
a 1 8 14 15 16 17 20 24 25 26 27 30 32 34 38 43 44 49 50 51 53 54 74 77 78 80 85 89 93 101 107 109 113 123 125 131 134 137 140 147 148 152 155 156 159 161 167 168 172 175 177 178 179 182 183 187 188 189 193 197 205 206 207 208 209 210 213 216 219 224 225 226 227 230 242 244 245 248 249 253
a 1 8 14 15 16 17 20 24 25 26 27 30 32 34 38 43 44 49 50 51 53 54 74 77 78 80 85 89 93 101 107 109 113 123 125 131 134 137 140 147 148 152 155 156 159 161 162 167 168 172 175 177 178 179 183 187 188 189 193 197 205 206 207 208 209 210 213 216 219 224 225 226 227 230 242 244 245 248 249 253
a 1 8 14 15 16 17 20 24 25 26 27 32 33 34 38 43 44 49 50 51 53 54 74 77 78 80 85 89 93 101 107 109 113 123 125 131 134 137 140 147 148 152 155 156 159 161 162 167 168 172 175 177 178 179 183 187 188 189 193 197 205 206 207 208 209 210 213 216 219 224 225 226 227 230 242 244 245 248 249 253
a 1 8 14 15 16 17 20 24 25 26 27 32 33 34 38 43 44 49 50 51 53 54 74 76 77 78 80 85 89 93 101 107 109 113 125 131 134 137 140 147 148 152 155 156 159 161 162 167 168 172 175 177 178 179 183 187 188 189 193 197 205 206 207 208 209 210 213 216 219 224 225 226 227 230 242 244 245 248 249 253
a 1 8 14 16 17 20 24 25 26 27 32 33 34 38 43 44 49 50 51 53 54 74 76 77 78 80 85 89 93 97 101 107 109 113 125 131 134 137 140 147 148 152 155 156 159 161 162 167 168 172 175 177 178 179 183 187 188 189 193 197 205 206 207 208 209 210 213 216 219 224 225 226 227 230 242 244 245 248 249 253
a 1 14 16 17 20 24 25 26 27 32 33 34 38 43 44 49 50 51 53 54 74 76 77 78 80 85 89 90 93 97 101 107 109 113 125 131 134 137 140 147 148 152 155 156 159 161 162 167 168 172 175 177 178 179 183 187 188 189 193 197 205 206 207 208 209 210 213 216 219 224 225 226 227 230 242 244 245 248 249 253
a 1 14 16 17 20 24 25 26 27 32 33 34 38 43 44 49 50 51 53 54 74 76 77 78 80 85 89 90 93 97 101 107 109 113 122 125 131 134 137 140 147 148 152 155 156 161 162 167 168 172 175 177 178 179 183 187 188 189 193 197 205 206 207 208 209 210 213 216 219 224 225 226 227 230 242 244 245 248 249 253
a 1 14 16 17 20 24 25 26 27 32 33 34 38 43 44 49 50 51 53 54 60 74 76 77 78 80 85 89 90 93 97 101 107 109 113 122 125 131 134 137 140 147 148 152 155 156 161 162 167 168 172 177 178 179 183 187 188 189 193 197 205 206 207 208 209 210 213 216 219 224 225 226 227 230 242 244 245 248 249 253
a 1 14 16 17 20 24 25 26 27 32 33 34 38 43 44 49 50 51 53 54 60 74 76 77 78 80 85 89 90 93 97 101 107 109 113 122 125 131 134 137 140 147 152 155 156 161 162 167 168 172 177 178 179 183 187 188 189 193 197 205 206 207 208 209 210 213 216 219 224 225 226 227 230 241 242 244 245 248 249 253
a 1 14 16 17 20 24 25 26 27 32 33 34 38 43 44 49 50 51 53 54 60 74 76 77 78 80 85 89 90 93 97 101 107 109 113 122 125 131 134 137 140 144 147 152 155 156 161 162 167 168 172 178 179 183 187 188 189 193 197 205 206 207 208 209 210 213 216 219 224 225 226 227 230 241 242 244 245 248 249 253
a 1 14 16 17 24 25 26 27 32 33 34 38 43 44 49 50 51 53 54 60 74 76 77 78 80 85 89 90 93 97 101 107 109 113 122 125 131 134 137 140 144 147 152 155 156 161 162 167 168 172 178 179 183 187 188 189 193 197 205 206 207 208 209 210 213 216 219 224 225 226 227 230 241 242 244 245 248 249 253 257
a 1 14 16 17 24 25 26 27 33 34 38 43 44 49 50 51 53 54 60 74 76 77 78 80 85 89 90 93 97 101 107 109 113 122 125 131 134 137 140 144 145 147 152 155 156 161 162 167 168 172 178 179 183 187 188 189 193 197 205 206 207 208 209 210 213 216 219 224 225 226 227 230 241 242 244 245 248 249 253 257
a 1 14 16 17 24 25 26 27 33 34 38 43 44 49 50 51 53 54 55 60 74 76 78 80 85 89 90 93 97 101 107 109 113 122 125 131 134 137 140 144 145 147 152 155 156 161 162 167 168 172 178 179 183 187 188 189 193 197 205 206 207 208 209 210 213 216 219 224 225 226 227 230 241 242 244 245 248 249 253 257
a 1 14 16 17 24 25 26 27 33 34 38 43 44 49 50 51 53 54 55 60 63 74 76 78 80 85 89 90 93 97 101 107 109 113 122 125 131 134 137 140 144 145 147 152 155 156 161 162 167 168 172 178 183 187 188 189 193 197 205 206 207 208 209 210 213 216 219 224 225 226 227 230 241 242 244 245 248 249 253 257
a 1 14 16 17 24 25 26 27 33 34 38 43 44 49 50 51 53 54 55 60 63 74 76 78 80 85 89 90 93 97 101 107 109 113 122 125 131 134 137 140 144 145 147 152 155 156 161 162 167 168 172 178 181 183 187 188 189 193 197 205 206 207 208 209 210 213 216 219 224 225 226 227 230 241 244 245 248 249 253 257
a 1 14 16 17 24 25 26 27 33 34 38 43 44 49 50 51 53 54 55 60 63 74 76 78 80 85 89 90 93 97 101 107 109 113 122 125 131 134 137 140 144 145 147 152 155 156 161 162 167 168 172 181 183 187 188 189 193 197 205 206 207 208 209 210 213 216 219 224 225 226 227 230 237 241 244 245 248 249 253 257
a 1 14 16 17 24 25 26 27 33 34 38 43 44 49 50 51 53 54 55 60 63 74 76 80 85 89 90 93 97 101 107 109 110 113 122 125 131 134 137 140 144 145 147 152 155 156 161 162 167 168 172 181 183 187 188 189 193 197 205 206 207 208 209 210 213 216 219 224 225 226 227 230 237 241 244 245 248 249 253 257
a 1 14 16 17 24 25 26 27 33 34 38 43 44 47 49 50 51 53 54 55 60 63 74 76 80 85 89 90 93 97 101 107 109 110 113 122 125 131 134 137 140 144 145 147 152 156 161 162 167 168 172 181 183 187 188 189 193 197 205 206 207 208 209 210 213 216 219 224 225 226 227 230 237 241 244 245 248 249 253 257
a 1 14 16 17 24 25 26 27 29 33 34 38 43 44 47 49 50 51 53 54 55 60 63 74 76 80 85 89 90 93 97 101 107 109 110 113 122 125 131 134 137 140 144 145 147 152 156 161 162 167 168 172 181 183 188 189 193 197 205 206 207 208 209 210 213 216 219 224 225 226 227 230 237 241 244 245 248 249 253 257
a 1 14 16 17 24 25 26 27 29 33 34 38 43 44 47 49 50 51 53 54 55 60 63 74 76 80 81 85 89 90 93 97 101 107 109 110 113 122 125 131 134 137 140 144 145 152 156 161 162 167 168 172 181 183 188 189 193 197 205 206 207 208 209 210 213 216 219 224 225 226 227 230 237 241 244 245 248 249 253 257
a 1 14 16 17 24 25 26 27 29 33 34 38 43 44 47 49 50 51 53 54 55 60 63 74 76 81 85 89 90 93 97 101 107 109 110 113 122 125 131 134 137 140 144 145 152 156 161 162 167 168 172 181 183 188 189 193 197 205 206 207 208 209 210 213 216 219 224 225 226 227 230 237 241 243 244 245 248 249 253 257
a 1 14 16 17 24 25 26 27 29 33 34 38 43 44 47 49 50 51 53 54 55 60 63 74 76 81 85 89 90 93 97 101 107 109 110 113 122 125 131 134 137 140 144 145 152 156 161 162 167 168 172 174 181 183 188 189 193 197 205 206 207 209 210 213 216 219 224 225 226 227 230 237 241 243 244 245 248 249 253 257
a 1 14 16 17 24 25 26 27 29 33 34 38 43 44 47 49 50 51 53 54 55 60 63 69 74 76 81 85 89 90 93 97 101 107 109 110 113 122 125 131 134 137 140 144 145 152 156 161 162 167 168 172 174 181 188 189 193 197 205 206 207 209 210 213 216 219 224 225 226 227 230 237 241 243 244 245 248 249 253 257
a 1 14 16 17 25 26 27 29 33 34 38 43 44 47 49 50 51 53 54 55 60 63 69 74 76 81 85 89 90 93 97 101 107 109 110 113 122 125 131 134 137 140 144 145 152 156 161 162 167 168 172 174 181 185 188 189 193 197 205 206 207 209 210 213 216 219 224 225 226 227 230 237 241 243 244 245 248 249 253 257
a 1 14 16 17 25 26 27 29 33 34 38 43 44 47 49 50 51 53 54 55 60 63 69 74 76 81 85 89 90 93 97 101 107 109 110 113 119 122 131 134 137 140 144 145 152 156 161 162 167 168 172 174 181 185 188 189 193 197 205 206 207 209 210 213 216 219 224 225 226 227 230 237 241 243 244 245 248 249 253 257
a 1 14 16 17 25 26 27 29 33 34 38 43 44 47 49 50 51 53 54 55 60 63 69 74 76 81 85 89 90 93 97 101 107 109 110 113 119 122 131 134 137 140 143 144 145 152 156 161 162 167 168 172 174 181 185 188 193 197 205 206 207 209 210 213 216 219 224 225 226 227 230 237 241 243 244 245 248 249 253 257
a 1 14 16 17 25 26 27 29 33 34 38 44 47 49 50 51 53 54 55 60 63 69 74 76 81 85 89 90 93 97 101 107 109 110 113 119 122 131 134 137 140 143 144 145 152 156 161 162 167 168 172 174 181 185 188 193 197 202 205 206 207 209 210 213 216 219 224 225 226 227 230 237 241 243 244 245 248 249 253 257
a 1 14 16 17 25 26 27 29 33 34 38 44 47 49 50 51 53 54 55 60 63 69 74 76 81 85 89 90 93 97 101 107 109 110 113 119 122 131 137 139 140 143 144 145 152 156 161 162 167 168 172 174 181 185 188 193 197 202 205 206 207 209 210 213 216 219 224 225 226 227 230 237 241 243 244 245 248 249 253 257
a 1 5 14 16 17 26 27 29 33 34 38 44 47 49 50 51 53 54 55 60 63 69 74 76 81 85 89 90 93 97 101 107 109 110 113 119 122 131 137 139 140 143 144 145 152 156 161 162 167 168 172 174 181 185 188 193 197 202 205 206 207 209 210 213 216 219 224 225 226 227 230 237 241 243 244 245 248 249 253 257
a 1 5 14 16 17 26 27 29 33 34 38 44 47 49 50 51 53 54 55 60 63 69 74 76 81 85 89 90 93 97 101 107 109 110 113 119 122 131 137 139 140 143 144 145 152 156 161 162 167 168 172 174 181 185 188 193 197 202 205 206 209 210 213 216 219 224 225 226 227 229 230 237 241 243 244 245 248 249 253 257
a 1 5 14 16 17 26 27 29 33 34 38 44 47 49 50 51 53 54 55 60 63 69 74 76 81 85 89 90 93 97 101 107 109 110 113 119 122 131 137 139 143 144 145 152 156 161 162 167 168 172 174 181 184 185 188 193 197 202 205 206 209 210 213 216 219 224 225 226 227 229 230 237 241 243 244 245 248 249 253 257
a 1 5 14 16 17 26 27 29 33 34 38 44 47 49 50 51 53 54 55 60 63 69 74 76 81 85 89 90 93 97 101 107 109 110 113 119 122 131 137 139 143 144 145 152 156 161 162 167 168 169 174 181 184 185 188 193 197 202 205 206 209 210 213 216 219 224 225 226 227 229 230 237 241 243 244 245 248 249 253 257
a 1 4 5 14 16 17 26 27 29 33 34 38 44 47 49 50 51 53 54 55 60 63 69 74 76 81 85 89 90 93 97 101 107 109 110 113 119 122 131 137 139 143 144 145 152 156 161 162 167 168 169 174 181 184 185 188 193 197 202 205 206 209 210 213 216 219 224 225 227 229 230 237 241 243 244 245 248 249 253 257
a 1 4 5 16 17 26 27 29 33 34 38 44 47 49 50 51 53 54 55 60 63 69 74 76 81 85 89 90 93 97 101 107 109 110 113 119 122 131 137 139 143 144 145 152 156 161 162 167 168 169 174 181 184 185 188 193 197 201 202 205 206 209 210 213 216 219 224 225 227 229 230 237 241 243 244 245 248 249 253 257
a 4 5 16 17 26 27 29 33 34 38 44 47 49 50 51 53 54 55 60 63 69 74 76 81 85 89 90 93 97 101 107 109 110 113 119 122 131 137 139 143 144 145 152 156 161 162 167 168 169 174 181 184 185 188 193 197 201 202 205 206 209 210 212 213 216 219 224 225 227 229 230 237 241 243 244 245 248 249 253 257
	Command being timed: "/Users/soh/app/scala-2.12.4/bin/scala -J-Xms32g -J-Xmx32g -cp /Users/soh/app/IsrForCompetition230719-15h37m/scop.jar:/Users/soh/app/IsrForCompetition230719-15h37m/isr4competition_2.12-1.3.5.jar fun.scop.app.isr.IsrSolverTj05 benchmark/ISR-benchmark/random_instance/random_instance020_graph002.col benchmark/ISR-benchmark/random_instance/random_instance020_graph002.dat cadical /Users/soh/app/IsrForCompetition230719-15h37m/cadical"
	User time (seconds): 10.54
	System time (seconds): 2.19
	Percent of CPU this job got: 109%
	Elapsed (wall clock) time (h:mm:ss or m:ss): 0:11.58
	Average shared text size (kbytes): 0
	Average unshared data size (kbytes): 0
	Average stack size (kbytes): 0
	Average total size (kbytes): 0
	Maximum resident set size (kbytes): 39775289344
	Average resident set size (kbytes): 0
	Major (requiring I/O) page faults: 0
	Minor (reclaiming a frame) page faults: 2446672
	Voluntary context switches: 35
	Involuntary context switches: 3967
	Swaps: 0
	File system inputs: 0
	File system outputs: 0
	Socket messages sent: 39
	Socket messages received: 0
	Signals delivered: 9
	Page size (bytes): 4096
	Exit status: 0
FINISHED CPU 12.73 MEM 0 MAXMEM 0 STALE 1
#RESULT: UNK
#FIN: FIN
#CPU: 12.73
#MAXMEM: 0
c 
#END: [Wed Jul 19 16:22:07 2023]
