#BEGIN: [Tue Aug  1 18:38:42 2023]
#HOST: mini24.local
#TIMELIMIT: 7200
#MEMLIMIT: 0
#FREQ: 10
#SOLVER: ddreconf230801-10h10m
#ARG1: benchmark/ISR-benchmark/random_instance/random_instance013_graph004.col
#ARG2: benchmark/ISR-benchmark/random_instance/random_instance013_graph004.dat
#COMMAND: /Users/soh/app/ddreconf230801-10h10m/ddreconf benchmark/ISR-benchmark/random_instance/random_instance013_graph004.col --indset --stwidth --stfile=benchmark/ISR-benchmark/random_instance/random_instance013_graph004.dat
Input graph file parsed. # of vertices = 169, # of edges = 507
s 1 3 64 6 9 136 12 13 15 16 17 105 20 28 76 34 40 45 49 51 57 61 86 63 125 70 72 74 79 84 94 98 99 109 110 112 113 121 148 169 132 143 134 135 154 146 150 152 147 164 163 166
t 64 6 7 136 18 20 22 23 28 29 76 35 88 47 49 165 158 86 66 125 72 95 81 83 84 87 89 90 92 96 97 99 100 101 108 121 119 148 130 131 133 134 154 141 142 146 147 151 153 163 168 162
Solution space ZDD construction start
Command terminated by signal 9
	Command being timed: "/Users/soh/app/ddreconf230801-10h10m/ddreconf benchmark/ISR-benchmark/random_instance/random_instance013_graph004.col --indset --stwidth --stfile=benchmark/ISR-benchmark/random_instance/random_instance013_graph004.dat"
	User time (seconds): 1838.37
	System time (seconds): 1701.99
	Percent of CPU this job got: 68%
	Elapsed (wall clock) time (h:mm:ss or m:ss): 1:26:10
	Average shared text size (kbytes): 0
	Average unshared data size (kbytes): 0
	Average stack size (kbytes): 0
	Average total size (kbytes): 0
	Maximum resident set size (kbytes): 255103909888
	Average resident set size (kbytes): 0
	Major (requiring I/O) page faults: 0
	Minor (reclaiming a frame) page faults: 281340501
	Voluntary context switches: 2941965
	Involuntary context switches: 2526913
	Swaps: 0
	File system inputs: 0
	File system outputs: 0
	Socket messages sent: 38
	Socket messages received: 0
	Signals delivered: 0
	Page size (bytes): 4096
	Exit status: 0
FINISHED CPU 3540.36 MEM 0 MAXMEM 0 STALE 1
#RESULT: UNK
#FIN: FIN
#CPU: 3540.36
#MAXMEM: 0
c 
#END: [Tue Aug  1 20:04:52 2023]
