#BEGIN: [Tue Aug  8 21:04:13 2023]
#HOST: mini28.local
#TIMELIMIT: 1800
#MEMLIMIT: 0
#FREQ: 10
#SOLVER: recon
#ARG1: benchmark/ISR-benchmark/random_instance/random_instance016_graph001.col
#ARG2: benchmark/ISR-benchmark/random_instance/random_instance016_graph001.dat
#COMMAND: /Users/soh/app/recon/src/recon benchmark/ISR-benchmark/random_instance/random_instance016_graph001.col benchmark/ISR-benchmark/random_instance/random_instance016_graph001.dat
c Copyright Volker Turau & Christoph Weyer, 2022
c Institute of Telematics
c Hamburg University of Technology, Hamburg, Germany
c Contact: turau@tuhh.de
c Graph file: benchmark/ISR-benchmark/random_instance/random_instance016_graph001.col
c Target file: benchmark/ISR-benchmark/random_instance/random_instance016_graph001.dat
c Size of independent set: 67
c Number of nodes of graph: 208
c Number of edges of graph: 624
c Average degree of graph: 6.00
s 3 5 11 13 14 16 20 22 23 30 32 34 37 38 40 41 43 44 46 47 48 49 56 57 58 63 68 81 86 88 89 90 93 102 105 106 107 112 118 120 121 125 131 139 142 143 144 146 148 151 156 158 161 162 164 165 167 170 172 173 177 185 187 189 191 200 204 
t 5 9 10 11 15 19 24 31 32 33 35 37 38 45 49 53 56 58 59 62 63 65 71 74 76 78 80 83 87 89 93 97 100 106 110 113 115 117 118 121 128 134 137 139 140 141 143 144 148 152 154 156 158 163 164 184 185 190 191 194 195 196 197 200 203 205 206 
c BFS found 27 new nodes in level 1 (total 28/206488812)
c BFS found 840 new nodes in level 2 (total 868/206488812)
c BFS found 16270 new nodes in level 3 (total 17138/206488812)
c BFS found 256320 new nodes in level 4 (total 273458/206488812)
c BFS found 3282499 new nodes in level 5 (total 3555904/206488812)
c BFS found 35468932 new nodes in level 6 (total 39023276/206488812)
TIMEOUT CPU 1800 MEM 0 MAXMEM 0
#RESULT: UNK
#FIN: TO
#CPU: 1800
#MAXMEM: 0
c 26203 killed(2). 26204 killed(2). 26203 killed(9). 26204 killed(9). 
#END: [Tue Aug  8 21:34:14 2023]
