#BEGIN: [Tue Aug  1 17:41:42 2023]
#HOST: mini21.local
#TIMELIMIT: 7200
#MEMLIMIT: 0
#FREQ: 10
#SOLVER: ddreconf230801-10h10m
#ARG1: benchmark/ISR-benchmark/random_instance/random_instance013_graph001.col
#ARG2: benchmark/ISR-benchmark/random_instance/random_instance013_graph001.dat
#COMMAND: /Users/soh/app/ddreconf230801-10h10m/ddreconf benchmark/ISR-benchmark/random_instance/random_instance013_graph001.col --indset --stwidth --stfile=benchmark/ISR-benchmark/random_instance/random_instance013_graph001.dat
Input graph file parsed. # of vertices = 169, # of edges = 507
s 8 12 15 16 18 21 27 28 29 140 35 40 44 45 47 49 52 55 59 66 69 77 78 80 83 105 87 91 162 95 130 118 100 101 102 107 147 111 113 115 119 120 148 126 128 129 139 159 145 168 149 154 158
t 7 9 12 13 17 21 28 140 40 45 49 51 54 55 58 60 62 63 67 73 84 75 76 77 164 80 81 85 87 89 162 95 130 104 109 111 112 114 121 123 125 128 155 139 159 146 151 152 156 158 166 161 169
Solution space ZDD construction start
Command terminated by signal 9
	Command being timed: "/Users/soh/app/ddreconf230801-10h10m/ddreconf benchmark/ISR-benchmark/random_instance/random_instance013_graph001.col --indset --stwidth --stfile=benchmark/ISR-benchmark/random_instance/random_instance013_graph001.dat"
	User time (seconds): 1696.37
	System time (seconds): 1306.83
	Percent of CPU this job got: 70%
	Elapsed (wall clock) time (h:mm:ss or m:ss): 1:10:29
	Average shared text size (kbytes): 0
	Average unshared data size (kbytes): 0
	Average stack size (kbytes): 0
	Average total size (kbytes): 0
	Maximum resident set size (kbytes): 253056516096
	Average resident set size (kbytes): 0
	Major (requiring I/O) page faults: 0
	Minor (reclaiming a frame) page faults: 252141887
	Voluntary context switches: 2234363
	Involuntary context switches: 3192646
	Swaps: 0
	File system inputs: 0
	File system outputs: 0
	Socket messages sent: 37
	Socket messages received: 0
	Signals delivered: 0
	Page size (bytes): 4096
	Exit status: 0
FINISHED CPU 3003.2 MEM 0 MAXMEM 0 STALE 1
#RESULT: UNK
#FIN: FIN
#CPU: 3003.2
#MAXMEM: 0
c 
#END: [Tue Aug  1 18:52:12 2023]
