#BEGIN: [Tue Aug  8 21:04:13 2023]
#HOST: mini22.local
#TIMELIMIT: 1800
#MEMLIMIT: 0
#FREQ: 10
#SOLVER: recon
#ARG1: benchmark/ISR-benchmark/random_instance/random_instance016_graph005.col
#ARG2: benchmark/ISR-benchmark/random_instance/random_instance016_graph005.dat
#COMMAND: /Users/soh/app/recon/src/recon benchmark/ISR-benchmark/random_instance/random_instance016_graph005.col benchmark/ISR-benchmark/random_instance/random_instance016_graph005.dat
c Copyright Volker Turau & Christoph Weyer, 2022
c Institute of Telematics
c Hamburg University of Technology, Hamburg, Germany
c Contact: turau@tuhh.de
c Graph file: benchmark/ISR-benchmark/random_instance/random_instance016_graph005.col
c Target file: benchmark/ISR-benchmark/random_instance/random_instance016_graph005.dat
c Size of independent set: 72
c Number of nodes of graph: 208
c Number of edges of graph: 624
c Average degree of graph: 6.00
s 2 4 5 10 11 13 23 26 28 33 34 35 36 40 42 46 50 54 55 62 66 71 75 77 78 84 90 91 94 97 98 99 101 102 104 108 115 116 120 127 129 131 133 135 139 140 145 147 150 152 156 158 160 161 162 165 166 168 174 180 181 184 186 187 188 192 193 194 196 198 203 205 
t 3 4 5 6 11 19 25 31 32 36 37 42 43 44 46 48 51 52 53 55 56 57 58 60 62 64 69 70 72 88 89 91 92 98 99 100 102 108 109 110 114 118 120 121 122 123 129 134 135 137 138 139 142 145 147 166 169 170 171 175 177 181 183 184 186 189 191 192 194 196 200 208 
c BFS found 31 new nodes in level 1 (total 32/206488812)
c BFS found 913 new nodes in level 2 (total 945/206488812)
c BFS found 20566 new nodes in level 3 (total 21511/206488812)
c BFS found 348493 new nodes in level 4 (total 370004/206488812)
c BFS found 4645433 new nodes in level 5 (total 5015401/206488812)
c BFS found 51002050 new nodes in level 6 (total 56014966/206488812)
TIMEOUT CPU 1800 MEM 0 MAXMEM 0
#RESULT: UNK
#FIN: TO
#CPU: 1800
#MAXMEM: 0
c 25861 killed(2). 25862 killed(2). 25861 killed(9). 25862 killed(9). 
#END: [Tue Aug  8 21:34:13 2023]
