#BEGIN: [Wed Jul 19 16:21:15 2023]
#HOST: mini30.local
#TIMELIMIT: 7200
#MEMLIMIT: 0
#FREQ: 10
#SOLVER: sat-based-isr-tj05-230719-15h37m
#ARG1: benchmark/ISR-benchmark/random_instance/random_instance015_graph002.col
#ARG2: benchmark/ISR-benchmark/random_instance/random_instance015_graph002.dat
#COMMAND: /Users/soh/app/scala-2.12.4/bin/scala -J-Xms32g -J-Xmx32g -cp /Users/soh/app/IsrForCompetition230719-15h37m/scop.jar:/Users/soh/app/IsrForCompetition230719-15h37m/isr4competition_2.12-1.3.5.jar fun.scop.app.isr.IsrSolverTj05 benchmark/ISR-benchmark/random_instance/random_instance015_graph002.col benchmark/ISR-benchmark/random_instance/random_instance015_graph002.dat cadical /Users/soh/app/IsrForCompetition230719-15h37m/cadical
#Nodes: 195
#Edges: 585
c (0) step 1 UNSAT 1230 4073
c (0) step 2 UNSAT 2384 7665
c (0) step 3 UNSAT 3718 11674
c (0) step 4 UNSAT 5292 16219
c (0) step 5 UNSAT 7166 21419
c (0) step 6 UNSAT 9400 27393
c (0) step 7 UNSAT 12054 34260
c (0) step 8 UNSAT 15188 42139
c (0) step 9 UNSAT 18862 51149
c (0) step 10 UNSAT 23136 61409
c (0) step 11 UNSAT 28070 73038
c (0) step 12 UNSAT 33724 86155
c (0) step 13 UNSAT 40158 100879
c (0) step 14 UNSAT 47432 117329
c (0) step 15 UNSAT 55606 135624
c (0) step 16 UNSAT 64740 155883
c (0) step 17 UNSAT 74894 178225
c (0) step 18 UNSAT 86128 202769
c (0) step 19 UNSAT 98502 229634
c (0) step 20 UNSAT 112076 258939
c (0) step 21 UNSAT 126910 290803
c (0) step 22 UNSAT 143064 325345
c (0) step 23 UNSAT 160598 362684
c (0) step 24 UNSAT 179572 402939
c (0) step 25 UNSAT 200046 446229
c (0) step 26 UNSAT 222080 492673
c (0) step 27 UNSAT 245734 542390
c (0) step 28 UNSAT 271068 595499
c (0) step 29 UNSAT 298142 652119
c (1) step 30 UNSAT 327016 712369
c (1) step 31 UNSAT 357750 776368
c (1) step 32 UNSAT 390404 844235
c (1) step 33 SAT 425038 916089
a YES
a 2 5 8 9 11 15 16 18 21 29 30 35 43 45 46 57 60 64 66 68 70 75 76 80 84 85 87 92 93 97 101 106 109 110 111 112 113 114 116 119 120 130 131 132 133 137 140 143 144 147 151 155 161 162 176 180 184 185 191 193 194
a 2 5 8 9 11 15 16 18 21 29 30 35 43 45 46 57 60 64 66 68 70 75 76 80 84 85 87 92 93 97 101 106 109 110 111 112 113 114 116 119 120 130 131 132 137 140 143 144 147 151 155 161 162 167 176 180 184 185 191 193 194
a 2 5 8 9 11 15 16 18 21 29 30 35 43 45 46 57 60 64 66 68 70 75 76 80 84 85 87 92 93 97 101 106 109 110 111 112 113 114 116 119 120 129 130 131 132 137 140 143 144 147 151 155 161 162 167 176 180 184 185 191 193
a 2 5 8 9 11 15 16 18 21 29 30 32 35 43 45 46 57 60 64 66 68 70 75 76 80 84 85 87 92 93 97 101 106 109 110 111 112 113 114 116 119 120 129 130 131 132 137 140 143 144 147 151 155 161 162 167 176 184 185 191 193
a 2 5 8 9 11 15 16 18 21 29 30 32 35 43 45 46 57 60 64 66 67 68 70 75 76 80 84 85 87 92 93 97 101 106 109 110 111 112 113 114 116 119 120 129 130 131 132 137 140 143 144 147 151 155 161 162 167 176 184 185 191
a 2 5 8 9 11 15 16 18 21 26 29 30 32 35 43 45 46 57 60 64 66 67 68 70 75 76 80 84 85 87 92 93 97 101 106 109 110 111 112 113 114 116 119 120 129 130 131 132 137 140 143 144 147 155 161 162 167 176 184 185 191
a 2 5 8 9 11 15 16 18 21 26 29 30 32 35 43 45 46 57 60 64 66 67 69 70 75 76 80 84 85 87 92 93 97 101 106 109 110 111 112 113 114 116 119 120 129 130 131 132 137 140 143 144 147 155 161 162 167 176 184 185 191
a 2 5 8 9 11 15 16 18 21 26 29 30 32 35 43 45 46 57 60 64 66 67 69 70 75 76 80 84 85 87 92 93 97 101 106 109 110 111 112 113 114 116 119 120 126 129 130 131 132 137 140 143 144 147 155 162 167 176 184 185 191
a 2 5 8 9 11 15 16 18 21 26 29 30 32 35 43 45 46 57 60 64 66 67 69 70 75 76 80 84 85 87 92 93 97 101 106 109 110 111 112 113 114 116 117 119 120 126 129 130 131 132 137 140 143 144 147 162 167 176 184 185 191
a 2 3 5 8 9 11 15 16 18 21 26 29 30 32 35 43 45 46 57 60 64 66 67 69 70 75 76 80 85 87 92 93 97 101 106 109 110 111 112 113 114 116 117 119 120 126 129 130 131 132 137 140 143 144 147 162 167 176 184 185 191
a 2 3 5 8 9 11 15 16 18 21 26 29 30 32 35 43 45 46 57 60 64 66 67 69 70 75 76 80 85 87 92 93 97 101 106 109 110 111 112 113 114 116 117 119 120 126 129 130 131 132 137 143 144 147 162 167 176 179 184 185 191
a 2 3 5 8 9 11 15 16 18 21 26 29 30 32 35 43 45 46 57 60 64 66 67 69 70 75 76 80 85 87 92 93 97 101 106 109 110 111 112 113 114 116 117 119 126 129 130 131 132 137 143 144 147 149 162 167 176 179 184 185 191
a 2 3 5 8 9 11 15 16 18 21 26 29 30 32 35 43 45 46 57 60 64 66 67 69 70 75 76 85 87 92 93 97 101 106 109 110 111 112 113 114 116 117 119 126 129 130 131 132 137 143 144 147 149 162 167 176 179 184 185 187 191
a 2 3 5 8 9 11 15 16 18 21 26 29 30 32 35 43 45 46 57 60 64 66 67 69 70 76 85 87 92 93 97 101 106 109 110 111 112 113 114 116 117 119 126 129 130 131 132 137 143 144 147 149 152 162 167 176 179 184 185 187 191
a 2 3 5 8 9 11 15 16 18 21 26 29 30 32 35 43 45 46 57 64 66 67 69 70 76 82 85 87 92 93 97 101 106 109 110 111 112 113 114 116 117 119 126 129 130 131 132 137 143 144 147 149 152 162 167 176 179 184 185 187 191
a 2 3 5 8 9 11 15 16 18 21 26 29 30 32 35 43 45 46 64 66 67 69 70 76 81 82 85 87 92 93 97 101 106 109 110 111 112 113 114 116 117 119 126 129 130 131 132 137 143 144 147 149 152 162 167 176 179 184 185 187 191
a 2 3 5 8 9 11 15 16 18 21 26 29 30 32 35 42 43 45 46 64 66 67 69 70 76 81 82 85 87 92 93 101 106 109 110 111 112 113 114 116 117 119 126 129 130 131 132 137 143 144 147 149 152 162 167 176 179 184 185 187 191
a 2 3 5 8 9 11 15 16 18 21 26 29 30 32 35 42 43 45 46 64 66 67 69 70 76 81 82 85 87 92 93 101 106 109 110 111 112 113 114 116 117 126 129 130 131 132 137 143 144 147 149 152 162 167 174 176 179 184 185 187 191
a 2 3 5 8 9 11 15 16 18 21 26 29 30 32 35 42 43 45 46 64 66 67 69 70 81 82 85 87 92 93 101 106 109 110 111 112 113 114 116 117 126 127 129 130 131 132 137 143 144 147 149 152 162 167 174 176 179 184 185 187 191
a 2 3 5 8 9 11 15 16 18 21 26 29 30 32 35 42 43 45 64 66 67 69 70 81 82 85 87 92 93 101 106 109 110 111 112 113 114 116 117 123 126 127 129 130 131 132 137 143 144 147 149 152 162 167 174 176 179 184 185 187 191
a 2 3 5 8 9 11 15 16 18 21 26 29 30 32 35 42 43 45 61 64 66 67 69 70 81 82 85 87 92 93 101 106 109 110 111 112 113 114 116 117 123 126 127 129 130 131 132 137 143 144 149 152 162 167 174 176 179 184 185 187 191
a 2 3 5 8 9 11 15 16 18 21 26 29 30 32 35 42 43 45 61 64 66 67 69 70 81 82 85 87 92 93 101 106 109 110 111 112 113 114 116 117 123 126 127 129 130 131 132 135 137 143 144 149 152 162 167 174 179 184 185 187 191
a 2 3 5 8 9 11 15 16 18 21 26 29 30 32 35 42 43 45 61 64 66 67 69 70 81 82 85 87 92 93 101 106 109 110 111 113 114 116 117 123 126 127 129 130 131 132 135 137 143 144 149 152 162 167 173 174 179 184 185 187 191
a 2 3 5 8 9 11 13 15 16 18 21 26 29 30 32 35 42 43 45 61 64 66 67 69 70 81 82 85 87 92 93 101 106 109 110 111 113 114 116 117 123 126 127 129 130 131 135 137 143 144 149 152 162 167 173 174 179 184 185 187 191
a 2 3 5 8 9 11 13 15 16 18 21 26 29 30 32 42 43 45 61 64 66 67 69 70 81 82 85 87 92 93 101 106 109 110 111 113 114 116 117 123 126 127 129 130 131 135 137 143 144 149 152 157 162 167 173 174 179 184 185 187 191
a 2 3 5 8 9 11 13 15 16 18 21 26 29 32 42 43 45 61 64 66 67 69 70 81 82 85 87 92 93 100 101 106 109 110 111 113 114 116 117 123 126 127 129 130 131 135 137 143 144 149 152 157 162 167 173 174 179 184 185 187 191
a 2 3 5 8 9 11 13 15 16 18 19 21 26 29 32 42 43 45 61 64 66 67 69 70 81 82 85 87 92 93 100 101 106 109 110 111 113 114 117 123 126 127 129 130 131 135 137 143 144 149 152 157 162 167 173 174 179 184 185 187 191
a 2 3 5 8 9 11 13 15 16 19 21 26 29 32 42 43 45 61 64 66 67 69 70 81 82 85 87 92 93 100 101 106 109 110 111 113 114 115 117 123 126 127 129 130 131 135 137 143 144 149 152 157 162 167 173 174 179 184 185 187 191
a 2 3 5 8 9 11 13 15 16 19 21 26 29 32 42 43 45 61 64 66 67 69 70 81 82 85 87 92 93 100 101 106 109 110 111 113 114 115 117 123 126 127 129 130 131 135 137 143 144 149 152 154 157 162 167 173 174 179 185 187 191
a 2 3 5 8 9 11 13 15 16 19 21 26 29 32 42 43 45 61 64 66 67 69 70 81 82 85 87 92 93 100 101 106 109 110 111 114 115 117 123 126 127 129 130 131 135 137 143 144 149 152 154 157 162 167 168 173 174 179 185 187 191
a 2 3 5 8 9 13 15 16 19 21 26 29 32 42 43 45 61 64 66 67 69 70 81 82 85 87 92 93 100 101 106 109 110 111 114 115 117 123 126 127 129 130 131 135 137 143 144 149 152 154 157 162 167 168 173 174 179 185 186 187 191
a 2 3 5 9 13 15 16 19 21 26 29 32 42 43 45 61 64 66 67 69 70 81 82 85 87 92 93 100 101 106 109 110 111 114 115 117 123 126 127 129 130 131 135 137 143 144 149 152 154 157 162 167 168 172 173 174 179 185 186 187 191
a 2 3 5 9 13 15 16 19 21 26 29 32 42 43 45 53 61 64 66 67 69 70 81 82 85 87 92 93 100 101 106 110 111 114 115 117 123 126 127 129 130 131 135 137 143 144 149 152 154 157 162 167 168 172 173 174 179 185 186 187 191
a 2 3 5 9 13 15 16 19 21 26 29 32 42 43 45 53 61 64 66 67 69 70 81 82 85 87 92 93 100 101 106 110 111 114 115 117 123 126 127 129 130 131 135 137 143 144 149 152 154 157 162 167 168 170 172 173 174 179 185 186 187
	Command being timed: "/Users/soh/app/scala-2.12.4/bin/scala -J-Xms32g -J-Xmx32g -cp /Users/soh/app/IsrForCompetition230719-15h37m/scop.jar:/Users/soh/app/IsrForCompetition230719-15h37m/isr4competition_2.12-1.3.5.jar fun.scop.app.isr.IsrSolverTj05 benchmark/ISR-benchmark/random_instance/random_instance015_graph002.col benchmark/ISR-benchmark/random_instance/random_instance015_graph002.dat cadical /Users/soh/app/IsrForCompetition230719-15h37m/cadical"
	User time (seconds): 3.17
	System time (seconds): 0.44
	Percent of CPU this job got: 139%
	Elapsed (wall clock) time (h:mm:ss or m:ss): 0:02.60
	Average shared text size (kbytes): 0
	Average unshared data size (kbytes): 0
	Average stack size (kbytes): 0
	Average total size (kbytes): 0
	Maximum resident set size (kbytes): 7154171904
	Average resident set size (kbytes): 0
	Major (requiring I/O) page faults: 0
	Minor (reclaiming a frame) page faults: 446567
	Voluntary context switches: 33
	Involuntary context switches: 3376
	Swaps: 0
	File system inputs: 0
	File system outputs: 0
	Socket messages sent: 35
	Socket messages received: 0
	Signals delivered: 5
	Page size (bytes): 4096
	Exit status: 0
FINISHED CPU 3.61 MEM 0 MAXMEM 0 STALE 1
#RESULT: UNK
#FIN: FIN
#CPU: 3.61
#MAXMEM: 0
c 
#END: [Wed Jul 19 16:21:17 2023]
