#BEGIN: [Wed Jul 19 16:21:03 2023]
#HOST: mini28.local
#TIMELIMIT: 7200
#MEMLIMIT: 0
#FREQ: 10
#SOLVER: sat-based-isr-tj05-230719-15h37m
#ARG1: benchmark/ISR-benchmark/random_instance/random_instance011_graph003.col
#ARG2: benchmark/ISR-benchmark/random_instance/random_instance011_graph003.dat
#COMMAND: /Users/soh/app/scala-2.12.4/bin/scala -J-Xms32g -J-Xmx32g -cp /Users/soh/app/IsrForCompetition230719-15h37m/scop.jar:/Users/soh/app/IsrForCompetition230719-15h37m/isr4competition_2.12-1.3.5.jar fun.scop.app.isr.IsrSolverTj05 benchmark/ISR-benchmark/random_instance/random_instance011_graph003.col benchmark/ISR-benchmark/random_instance/random_instance011_graph003.dat cadical /Users/soh/app/IsrForCompetition230719-15h37m/cadical
#Nodes: 143
#Edges: 429
c (0) step 1 UNSAT 902 2985
c (0) step 2 UNSAT 1748 5617
c (0) step 3 UNSAT 2726 8554
c (0) step 4 UNSAT 3880 11883
c (0) step 5 UNSAT 5254 15691
c (0) step 6 UNSAT 6892 20065
c (0) step 7 UNSAT 8838 25092
c (0) step 8 UNSAT 11136 30859
c (0) step 9 UNSAT 13830 37453
c (0) step 10 UNSAT 16964 44961
c (0) step 11 UNSAT 20582 53470
c (0) step 12 UNSAT 24728 63067
c (0) step 13 UNSAT 29446 73839
c (0) step 14 UNSAT 34780 85873
c (0) step 15 UNSAT 40774 99256
c (0) step 16 UNSAT 47472 114075
c (0) step 17 UNSAT 54918 130417
c (0) step 18 UNSAT 63156 148369
c (0) step 19 UNSAT 72230 168018
c (0) step 20 UNSAT 82184 189451
c (0) step 21 UNSAT 93062 212755
c (0) step 22 UNSAT 104908 238017
c (0) step 23 UNSAT 117766 265324
c (0) step 24 SAT 131680 294763
a YES
a 4 7 10 19 21 24 33 35 37 38 40 42 43 44 46 47 48 52 53 56 60 65 66 67 68 72 77 82 86 98 100 101 104 109 115 118 120 123 126 128 130 131 132 135 138
a 4 7 10 18 19 21 24 33 35 37 38 40 42 43 44 46 47 48 52 53 56 60 65 66 67 68 72 77 82 86 98 100 101 104 109 118 120 123 126 128 130 131 132 135 138
a 4 7 10 18 19 21 24 33 35 37 38 40 42 43 44 46 47 48 52 53 56 60 65 66 68 72 77 82 86 98 100 101 104 109 110 118 120 123 126 128 130 131 132 135 138
a 4 7 10 18 19 21 24 33 35 37 38 40 42 43 44 46 47 48 52 53 56 60 65 66 68 72 73 77 86 98 100 101 104 109 110 118 120 123 126 128 130 131 132 135 138
a 4 7 10 18 19 21 24 33 35 37 38 40 42 43 44 46 47 48 52 53 56 60 65 66 68 72 73 77 86 98 100 104 109 110 118 120 123 126 128 130 131 132 135 138 143
a 4 7 10 18 19 21 24 33 35 37 38 40 42 43 44 46 47 48 52 53 56 60 65 66 68 72 73 77 86 98 100 109 110 117 118 120 123 126 128 130 131 132 135 138 143
a 4 7 10 18 19 21 24 33 35 37 38 42 43 44 46 47 48 52 53 56 60 65 66 68 72 73 77 86 90 98 100 109 110 117 118 120 123 126 128 130 131 132 135 138 143
a 4 7 10 14 18 19 21 24 33 35 37 42 43 44 46 47 48 52 53 56 60 65 66 68 72 73 77 86 90 98 100 109 110 117 118 120 123 126 128 130 131 132 135 138 143
a 4 7 10 14 18 19 21 24 33 35 37 42 43 44 46 47 52 53 56 60 65 66 68 72 73 77 86 90 98 100 106 109 110 117 118 120 123 126 128 130 131 132 135 138 143
a 7 10 14 18 19 21 24 33 35 37 42 43 44 46 47 52 53 56 60 65 66 68 72 73 75 77 86 90 98 100 106 109 110 117 118 120 123 126 128 130 131 132 135 138 143
a 7 10 14 18 19 21 24 33 35 37 42 43 44 46 47 52 53 56 60 65 68 72 73 74 75 77 86 90 98 100 106 109 110 117 118 120 123 126 128 130 131 132 135 138 143
a 7 10 14 18 21 24 33 35 37 42 43 44 45 46 47 52 53 56 60 65 68 72 73 74 75 77 86 90 98 100 106 109 110 117 118 120 123 126 128 130 131 132 135 138 143
a 7 10 14 18 21 24 33 35 37 42 43 45 46 47 52 53 56 60 65 68 72 73 74 75 77 80 86 90 98 100 106 109 110 117 118 120 123 126 128 130 131 132 135 138 143
a 7 10 14 18 21 24 33 35 39 42 43 45 46 47 52 53 56 60 65 68 72 73 74 75 77 80 86 90 98 100 106 109 110 117 118 120 123 126 128 130 131 132 135 138 143
a 7 10 14 18 21 23 24 33 35 39 42 45 46 47 52 53 56 60 65 68 72 73 74 75 77 80 86 90 98 100 106 109 110 117 118 120 123 126 128 130 131 132 135 138 143
a 7 10 14 18 21 23 24 25 33 35 39 42 45 46 47 52 53 56 60 65 68 72 73 74 75 77 80 86 90 98 100 106 109 110 117 118 120 123 126 130 131 132 135 138 143
a 7 10 14 16 18 21 23 24 25 33 35 39 42 45 46 47 53 56 60 65 68 72 73 74 75 77 80 86 90 98 100 106 109 110 117 118 120 123 126 130 131 132 135 138 143
a 7 10 14 16 18 21 23 24 25 33 35 39 42 45 46 47 53 56 60 61 65 68 72 73 74 75 77 80 90 98 100 106 109 110 117 118 120 123 126 130 131 132 135 138 143
a 7 10 12 14 16 18 21 23 24 25 33 35 39 45 46 47 53 56 60 61 65 68 72 73 74 75 77 80 90 98 100 106 109 110 117 118 120 123 126 130 131 132 135 138 143
a 7 10 12 14 16 18 21 23 24 25 33 35 39 45 46 47 53 56 57 60 61 65 68 72 73 74 75 77 80 90 98 100 106 109 110 117 118 123 126 130 131 132 135 138 143
a 7 10 11 12 14 16 18 21 23 24 25 33 35 39 45 46 47 53 56 57 60 61 65 68 72 73 74 75 77 80 90 98 100 106 109 110 117 118 123 126 130 132 135 138 143
a 7 10 11 12 14 16 18 21 23 24 25 33 35 39 45 46 47 50 53 57 60 61 65 68 72 73 74 75 77 80 90 98 100 106 109 110 117 118 123 126 130 132 135 138 143
a 6 7 10 11 12 14 16 18 21 23 24 25 33 35 39 45 46 47 50 53 57 60 61 65 68 72 73 74 75 77 80 90 98 100 106 109 110 117 123 126 130 132 135 138 143
a 6 7 10 11 12 14 16 18 21 23 24 25 35 39 45 46 47 50 53 57 58 60 61 65 68 72 73 74 75 77 80 90 98 100 106 109 110 117 123 126 130 132 135 138 143
a 6 7 8 10 11 12 14 16 18 21 23 24 25 35 39 45 46 47 50 53 57 58 60 61 65 68 72 73 74 75 77 80 90 98 100 106 109 110 117 123 126 130 132 135 143
	Command being timed: "/Users/soh/app/scala-2.12.4/bin/scala -J-Xms32g -J-Xmx32g -cp /Users/soh/app/IsrForCompetition230719-15h37m/scop.jar:/Users/soh/app/IsrForCompetition230719-15h37m/isr4competition_2.12-1.3.5.jar fun.scop.app.isr.IsrSolverTj05 benchmark/ISR-benchmark/random_instance/random_instance011_graph003.col benchmark/ISR-benchmark/random_instance/random_instance011_graph003.dat cadical /Users/soh/app/IsrForCompetition230719-15h37m/cadical"
	User time (seconds): 2.02
	System time (seconds): 0.20
	Percent of CPU this job got: 166%
	Elapsed (wall clock) time (h:mm:ss or m:ss): 0:01.33
	Average shared text size (kbytes): 0
	Average unshared data size (kbytes): 0
	Average stack size (kbytes): 0
	Average total size (kbytes): 0
	Maximum resident set size (kbytes): 2777104384
	Average resident set size (kbytes): 0
	Major (requiring I/O) page faults: 0
	Minor (reclaiming a frame) page faults: 175456
	Voluntary context switches: 34
	Involuntary context switches: 3211
	Swaps: 0
	File system inputs: 0
	File system outputs: 0
	Socket messages sent: 39
	Socket messages received: 0
	Signals delivered: 5
	Page size (bytes): 4096
	Exit status: 0
FINISHED CPU 2.22 MEM 0 MAXMEM 0 STALE 1
#RESULT: UNK
#FIN: FIN
#CPU: 2.22
#MAXMEM: 0
c 
#END: [Wed Jul 19 16:21:04 2023]
