#BEGIN: [Tue Aug  8 17:58:22 2023]
#HOST: mini29.local
#TIMELIMIT: 1800
#MEMLIMIT: 0
#FREQ: 10
#SOLVER: recon
#ARG1: benchmark/ISR-benchmark/random_instance/random_instance004_graph005.col
#ARG2: benchmark/ISR-benchmark/random_instance/random_instance004_graph005.dat
#COMMAND: /Users/soh/app/recon/src/recon benchmark/ISR-benchmark/random_instance/random_instance004_graph005.col benchmark/ISR-benchmark/random_instance/random_instance004_graph005.dat
c Copyright Volker Turau & Christoph Weyer, 2022
c Institute of Telematics
c Hamburg University of Technology, Hamburg, Germany
c Contact: turau@tuhh.de
c Graph file: benchmark/ISR-benchmark/random_instance/random_instance004_graph005.col
c Target file: benchmark/ISR-benchmark/random_instance/random_instance004_graph005.dat
c Size of independent set: 15
c Number of nodes of graph: 52
c Number of edges of graph: 156
c Average degree of graph: 6.00
s 5 9 10 14 15 19 20 24 26 29 33 36 41 43 45 
t 2 5 14 18 19 23 24 26 30 36 38 41 43 45 48 
c BFS found 8 new nodes in level 1 (total 9/268435456)
c BFS found 37 new nodes in level 2 (total 46/268435456)
c BFS found 156 new nodes in level 3 (total 202/268435456)
c BFS found 596 new nodes in level 4 (total 797/268435456)
c BFS found 2091 new nodes in level 5 (total 2884/268435456)
c BFS found 6822 new nodes in level 6 (total 9681/268435456)
c BFS exiting found=true count=24574 max_count=268435456
c Found with: Breadth First Search
a YES
a 5 9 10 14 15 19 20 24 26 29 33 36 41 43 45 
a 4 5 9 10 14 15 19 20 24 26 33 36 41 43 45 
a 4 5 9 10 14 15 19 20 24 26 30 36 41 43 45 
a 4 5 9 10 14 15 19 24 26 30 36 41 43 45 48 
a 4 5 10 14 15 18 19 24 26 30 36 41 43 45 48 
a 2 5 10 14 15 18 19 24 26 30 36 41 43 45 48 
a 2 5 10 14 18 19 24 26 30 36 38 41 43 45 48 
a 2 5 14 18 19 23 24 26 30 36 38 41 43 45 48 
c Length: 7
	Command being timed: "/Users/soh/app/recon/src/recon benchmark/ISR-benchmark/random_instance/random_instance004_graph005.col benchmark/ISR-benchmark/random_instance/random_instance004_graph005.dat"
	User time (seconds): 0.09
	System time (seconds): 0.00
	Percent of CPU this job got: 93%
	Elapsed (wall clock) time (h:mm:ss or m:ss): 0:00.10
	Average shared text size (kbytes): 0
	Average unshared data size (kbytes): 0
	Average stack size (kbytes): 0
	Average total size (kbytes): 0
	Maximum resident set size (kbytes): 12894208
	Average resident set size (kbytes): 0
	Major (requiring I/O) page faults: 0
	Minor (reclaiming a frame) page faults: 928
	Voluntary context switches: 17
	Involuntary context switches: 4
	Swaps: 0
	File system inputs: 0
	File system outputs: 0
	Socket messages sent: 34
	Socket messages received: 0
	Signals delivered: 0
	Page size (bytes): 4096
	Exit status: 0
FINISHED CPU 0.09 MEM 0 MAXMEM 0 STALE 1
#RESULT: UNK
#FIN: FIN
#CPU: 0.09
#MAXMEM: 0
c 
#END: [Tue Aug  8 17:58:22 2023]
