#BEGIN: [Tue Aug  8 20:33:12 2023]
#HOST: mini28.local
#TIMELIMIT: 1800
#MEMLIMIT: 0
#FREQ: 10
#SOLVER: recon
#ARG1: benchmark/ISR-benchmark/random_instance/random_instance014_graph002.col
#ARG2: benchmark/ISR-benchmark/random_instance/random_instance014_graph002.dat
#COMMAND: /Users/soh/app/recon/src/recon benchmark/ISR-benchmark/random_instance/random_instance014_graph002.col benchmark/ISR-benchmark/random_instance/random_instance014_graph002.dat
c Copyright Volker Turau & Christoph Weyer, 2022
c Institute of Telematics
c Hamburg University of Technology, Hamburg, Germany
c Contact: turau@tuhh.de
c Graph file: benchmark/ISR-benchmark/random_instance/random_instance014_graph002.col
c Target file: benchmark/ISR-benchmark/random_instance/random_instance014_graph002.dat
c Size of independent set: 54
c Number of nodes of graph: 182
c Number of edges of graph: 546
c Average degree of graph: 6.00
s 3 4 11 19 20 25 27 28 29 31 33 37 38 41 45 48 50 52 61 67 72 75 76 77 83 90 92 96 97 104 108 110 111 116 124 127 129 130 133 134 135 136 141 142 143 145 150 152 154 157 159 166 170 182 
t 2 3 10 11 17 20 21 23 25 26 30 32 33 36 54 58 61 62 66 67 68 69 70 71 80 85 88 89 95 98 99 100 103 104 108 109 110 121 124 125 128 129 130 134 139 143 158 159 162 165 167 173 178 181 
c BFS found 36 new nodes in level 1 (total 37/223696213)
c BFS found 1343 new nodes in level 2 (total 1380/223696213)
c BFS found 33631 new nodes in level 3 (total 35011/223696213)
c BFS found 663157 new nodes in level 4 (total 698168/223696213)
c BFS found 10613511 new nodes in level 5 (total 11311567/223696213)
TIMEOUT CPU 1800 MEM 0 MAXMEM 0
#RESULT: UNK
#FIN: TO
#CPU: 1800
#MAXMEM: 0
c 26186 killed(2). 26185 killed(2). 26186 killed(9). 26185 killed(9). 
#END: [Tue Aug  8 21:03:13 2023]
