#BEGIN: [Tue Aug  1 17:28:42 2023]
#HOST: mini23.local
#TIMELIMIT: 7200
#MEMLIMIT: 0
#FREQ: 10
#SOLVER: ddreconf230801-10h10m
#ARG1: benchmark/ISR-benchmark/random_instance/random_instance012_graph003.col
#ARG2: benchmark/ISR-benchmark/random_instance/random_instance012_graph003.dat
#COMMAND: /Users/soh/app/ddreconf230801-10h10m/ddreconf benchmark/ISR-benchmark/random_instance/random_instance012_graph003.col --indset --stwidth --stfile=benchmark/ISR-benchmark/random_instance/random_instance012_graph003.dat
Input graph file parsed. # of vertices = 156, # of edges = 468
s 2 4 6 9 11 15 21 27 30 33 34 39 42 47 52 53 54 62 63 69 73 76 77 85 82 87 102 121 95 101 141 106 146 110 114 124 154 122 130 126 129 131 132 147 148 153
t 1 3 4 7 8 12 18 19 22 23 25 27 33 34 35 37 44 45 47 53 56 63 65 66 72 73 80 85 83 88 92 100 141 107 110 124 143 122 152 129 131 145 133 137 144 153
Solution space ZDD construction start
Command terminated by signal 9
	Command being timed: "/Users/soh/app/ddreconf230801-10h10m/ddreconf benchmark/ISR-benchmark/random_instance/random_instance012_graph003.col --indset --stwidth --stfile=benchmark/ISR-benchmark/random_instance/random_instance012_graph003.dat"
	User time (seconds): 1559.76
	System time (seconds): 2047.73
	Percent of CPU this job got: 58%
	Elapsed (wall clock) time (h:mm:ss or m:ss): 1:42:30
	Average shared text size (kbytes): 0
	Average unshared data size (kbytes): 0
	Average stack size (kbytes): 0
	Average total size (kbytes): 0
	Maximum resident set size (kbytes): 257047871488
	Average resident set size (kbytes): 0
	Major (requiring I/O) page faults: 0
	Minor (reclaiming a frame) page faults: 267069260
	Voluntary context switches: 4435644
	Involuntary context switches: 2896890
	Swaps: 0
	File system inputs: 0
	File system outputs: 0
	Socket messages sent: 36
	Socket messages received: 0
	Signals delivered: 0
	Page size (bytes): 4096
	Exit status: 0
FINISHED CPU 3607.49 MEM 0 MAXMEM 0 STALE 1
#RESULT: UNK
#FIN: FIN
#CPU: 3607.49
#MAXMEM: 0
c 
#END: [Tue Aug  1 19:11:13 2023]
