#BEGIN: [Wed Jul 19 16:21:17 2023]
#HOST: mini30.local
#TIMELIMIT: 7200
#MEMLIMIT: 0
#FREQ: 10
#SOLVER: sat-based-isr-tj05-230719-15h37m
#ARG1: benchmark/ISR-benchmark/random_instance/random_instance015_graph004.col
#ARG2: benchmark/ISR-benchmark/random_instance/random_instance015_graph004.dat
#COMMAND: /Users/soh/app/scala-2.12.4/bin/scala -J-Xms32g -J-Xmx32g -cp /Users/soh/app/IsrForCompetition230719-15h37m/scop.jar:/Users/soh/app/IsrForCompetition230719-15h37m/isr4competition_2.12-1.3.5.jar fun.scop.app.isr.IsrSolverTj05 benchmark/ISR-benchmark/random_instance/random_instance015_graph004.col benchmark/ISR-benchmark/random_instance/random_instance015_graph004.dat cadical /Users/soh/app/IsrForCompetition230719-15h37m/cadical
#Nodes: 194
#Edges: 585
WARNING. There is missing goal nodes: {181}
c (0) step 1 UNSAT 1223 4056
c (0) step 2 UNSAT 2369 7627
c (0) step 3 UNSAT 3692 11608
c (0) step 4 UNSAT 5251 16116
c (0) step 5 UNSAT 7105 21268
c (0) step 6 UNSAT 9313 27181
c (0) step 7 UNSAT 11934 33972
c (0) step 8 UNSAT 15027 41758
c (0) step 9 UNSAT 18651 50656
c (0) step 10 UNSAT 22865 60783
c (0) step 11 UNSAT 27728 72256
c (0) step 12 UNSAT 33299 85192
c (0) step 13 UNSAT 39637 99708
c (0) step 14 UNSAT 46801 115921
c (0) step 15 UNSAT 54850 133948
c (0) step 16 UNSAT 63843 153906
c (0) step 17 UNSAT 73839 175912
c (0) step 18 UNSAT 84897 200083
c (0) step 19 UNSAT 97076 226536
c (0) step 20 UNSAT 110435 255388
c (0) step 21 UNSAT 125033 286756
c (0) step 22 UNSAT 140929 320757
c (0) step 23 UNSAT 158182 357508
c (0) step 24 UNSAT 176851 397126
c (0) step 25 UNSAT 196995 439728
c (0) step 26 UNSAT 218673 485431
c (0) step 27 UNSAT 241944 534352
c (0) step 28 UNSAT 266867 586608
c (0) step 29 UNSAT 293501 642316
c (1) step 30 UNSAT 321905 701593
c (1) step 31 UNSAT 352138 764556
c (1) step 32 UNSAT 384259 831322
c (1) step 33 UNSAT 418327 902008
c (1) step 34 UNSAT 454401 976731
c (1) step 35 UNSAT 492540 1055608
c (1) step 36 UNSAT 532803 1138756
c (1) step 37 UNSAT 575249 1226292
c (1) step 38 UNSAT 619937 1318333
c (2) step 39 UNSAT 666926 1414996
c (2) step 40 UNSAT 716275 1516398
c (2) step 41 UNSAT 768043 1622656
c (3) step 42 SAT 822289 1733887
a YES
a 1 7 10 13 14 15 17 18 24 25 27 28 34 35 36 47 49 53 56 57 63 64 72 80 81 82 85 87 88 90 92 96 99 101 105 107 110 111 112 114 120 121 124 127 131 139 141 153 160 161 162 164 171 172 174 176 177 189 190 191
a 1 2 7 10 13 14 15 17 18 24 25 27 28 34 35 36 47 49 53 56 57 63 64 72 80 81 82 85 87 88 90 96 99 101 105 107 110 111 112 114 120 121 124 127 131 139 141 153 160 161 162 164 171 172 174 176 177 189 190 191
a 1 2 7 10 13 14 15 17 18 24 25 27 28 34 35 36 47 49 53 56 57 58 63 64 72 80 81 82 87 88 90 96 99 101 105 107 110 111 112 114 120 121 124 127 131 139 141 153 160 161 162 164 171 172 174 176 177 189 190 191
a 1 2 7 13 14 15 17 18 24 25 27 28 34 35 36 47 49 53 56 57 58 63 64 72 80 81 82 87 88 90 96 99 101 105 107 110 111 112 114 120 121 124 127 131 139 141 153 160 161 162 164 171 172 174 176 177 188 189 190 191
a 1 2 7 13 14 15 17 18 24 25 27 28 34 35 36 47 49 53 56 57 58 63 64 71 72 80 81 82 87 88 90 96 101 105 107 110 111 112 114 120 121 124 127 131 139 141 153 160 161 162 164 171 172 174 176 177 188 189 190 191
a 1 2 3 7 13 14 15 17 18 24 25 27 28 34 35 36 47 49 53 56 57 58 63 64 71 72 80 81 82 87 88 90 96 101 105 107 110 111 114 120 121 124 127 131 139 141 153 160 161 162 164 171 172 174 176 177 188 189 190 191
a 1 2 3 7 13 14 15 18 24 25 27 28 34 35 36 47 49 53 56 57 58 63 64 71 72 80 81 82 87 88 90 96 101 105 107 110 111 114 120 121 124 127 131 139 141 153 156 160 161 162 164 171 172 174 176 177 188 189 190 191
a 1 2 3 7 13 14 15 18 24 25 27 28 34 35 36 47 49 53 56 57 58 63 64 71 72 80 81 82 87 88 90 96 101 105 107 110 111 114 120 121 124 127 131 139 141 145 153 156 161 162 164 171 172 174 176 177 188 189 190 191
a 1 2 3 7 13 14 15 18 24 25 27 28 34 35 36 47 49 53 56 57 58 63 64 71 72 80 81 82 87 88 90 96 101 105 107 110 111 114 120 121 124 127 131 133 139 141 145 153 156 161 162 164 171 172 174 176 177 188 189 191
a 1 2 3 7 13 14 15 18 24 25 27 28 34 35 36 47 49 53 56 57 58 60 63 64 71 72 80 81 82 87 88 90 96 101 105 107 110 111 114 120 121 124 127 131 133 139 141 145 153 156 161 162 164 171 172 174 176 177 188 191
a 1 2 3 7 13 14 15 18 24 25 27 28 34 35 36 47 49 53 56 57 58 60 63 64 71 72 80 81 82 87 88 90 96 101 104 105 107 110 111 114 120 121 124 127 131 133 139 141 145 156 161 162 164 171 172 174 176 177 188 191
a 1 2 3 7 13 14 15 18 24 25 27 28 34 35 36 47 49 53 56 57 58 60 63 64 71 72 80 81 82 87 88 90 95 96 101 104 105 107 110 111 114 120 121 124 127 131 133 141 145 156 161 162 164 171 172 174 176 177 188 191
a 1 2 3 7 13 14 15 18 24 25 27 28 34 35 36 45 47 49 53 56 57 58 60 63 64 71 72 80 81 82 87 88 90 95 96 101 104 105 107 111 114 120 121 124 127 131 133 141 145 156 161 162 164 171 172 174 176 177 188 191
a 1 2 3 7 13 14 15 18 24 25 27 28 34 35 45 47 49 53 56 57 58 60 63 64 71 72 80 81 82 87 88 90 93 95 96 101 104 105 107 111 114 120 121 124 127 131 133 141 145 156 161 162 164 171 172 174 176 177 188 191
a 1 2 3 7 13 14 15 18 24 25 27 28 35 45 47 49 53 56 57 58 60 63 64 71 72 80 81 82 87 88 90 93 95 96 101 104 105 107 111 114 120 121 124 127 129 131 133 141 145 156 161 162 164 171 172 174 176 177 188 191
a 1 2 3 7 13 14 15 18 24 25 27 28 35 45 47 49 53 56 57 58 60 63 64 71 72 80 81 82 87 88 90 93 95 96 101 104 105 107 111 114 120 121 124 127 129 131 133 134 141 145 156 161 162 164 171 174 176 177 188 191
a 1 2 3 7 13 14 15 18 24 25 27 28 35 39 45 47 49 53 56 57 58 60 63 64 71 72 80 81 82 87 88 90 93 95 96 101 104 105 107 111 114 120 121 124 127 129 131 133 134 141 145 156 161 162 164 171 174 176 188 191
a 1 2 3 7 13 14 15 18 24 25 27 28 35 39 45 47 49 53 56 57 58 60 63 64 70 71 72 80 81 82 87 88 90 93 95 96 101 104 105 107 111 114 120 121 124 129 131 133 134 141 145 156 161 162 164 171 174 176 188 191
a 1 2 3 7 13 14 15 18 24 25 27 28 30 35 39 45 47 49 53 56 57 58 60 63 64 70 71 72 80 81 82 87 88 90 93 95 96 101 104 105 107 111 114 121 124 129 131 133 134 141 145 156 161 162 164 171 174 176 188 191
a 1 2 3 7 13 14 15 18 23 24 25 27 28 30 39 45 47 49 53 56 57 58 60 63 64 70 71 72 80 81 82 87 88 90 93 95 96 101 104 105 107 111 114 121 124 129 131 133 134 141 145 156 161 162 164 171 174 176 188 191
a 1 2 3 7 13 14 15 18 19 23 24 27 28 30 39 45 47 49 53 56 57 58 60 63 64 70 71 72 80 81 82 87 88 90 93 95 96 101 104 105 107 111 114 121 124 129 131 133 134 141 145 156 161 162 164 171 174 176 188 191
a 1 2 3 7 13 14 18 19 23 24 27 28 30 39 45 47 49 53 56 57 58 60 63 64 70 71 72 80 81 82 87 88 90 93 95 96 101 104 105 107 111 114 121 124 128 129 131 133 134 141 145 156 161 162 164 171 174 176 188 191
a 1 2 3 7 13 14 18 19 23 24 27 28 30 39 45 47 49 53 56 57 58 60 63 70 71 72 80 81 82 87 88 90 93 95 96 101 104 105 107 111 114 121 124 128 129 131 133 134 141 145 155 156 161 162 164 171 174 176 188 191
a 1 2 3 7 12 13 14 18 19 23 24 27 28 30 39 45 47 49 56 57 58 60 63 70 71 72 80 81 82 87 88 90 93 95 96 101 104 105 107 111 114 121 124 128 129 131 133 134 141 145 155 156 161 162 164 171 174 176 188 191
a 2 3 7 12 13 14 18 19 23 24 27 28 30 39 45 47 49 56 57 58 60 63 70 71 72 80 81 82 87 88 90 93 95 96 101 104 105 107 111 114 121 124 128 129 131 133 134 141 145 155 156 161 162 164 168 171 174 176 188 191
a 2 3 7 12 13 14 18 19 23 24 27 28 30 39 45 47 49 56 57 58 60 63 70 71 72 80 81 82 87 88 93 95 96 101 104 105 107 111 114 121 124 128 129 131 133 134 141 145 155 156 161 162 164 168 171 174 176 182 188 191
a 2 3 7 12 13 14 18 19 23 24 27 28 30 39 45 47 49 56 57 58 60 63 70 71 72 80 81 82 87 88 93 95 96 101 104 105 107 114 121 124 128 129 131 133 134 141 145 155 156 161 162 164 168 171 174 176 182 186 188 191
a 2 3 7 12 13 14 18 19 23 24 27 28 29 30 39 45 47 49 56 57 58 60 63 70 71 72 80 81 82 87 88 93 95 96 101 104 105 107 114 121 124 128 129 131 133 134 141 145 155 156 161 162 168 171 174 176 182 186 188 191
a 2 3 7 12 14 18 19 23 24 27 28 29 30 39 45 47 49 56 57 58 60 63 70 71 72 80 81 82 87 88 93 95 96 101 104 105 107 114 116 121 124 128 129 131 133 134 141 145 155 156 161 162 168 171 174 176 182 186 188 191
a 2 3 7 12 14 18 19 23 24 27 28 29 30 39 45 47 49 56 57 58 60 63 70 71 72 80 81 82 87 88 93 95 96 101 104 105 107 114 116 121 124 128 129 131 133 134 141 145 154 155 156 161 162 168 171 174 176 182 186 188
a 2 3 7 12 14 18 19 23 24 27 28 29 30 39 45 47 49 56 57 58 60 63 70 71 72 80 81 82 88 93 95 96 101 104 105 107 114 116 121 124 128 129 131 133 134 141 145 154 155 156 161 162 168 171 174 176 182 184 186 188
a 2 3 7 12 14 18 19 23 24 27 28 29 30 39 45 47 49 56 57 58 60 63 70 71 72 80 82 83 88 93 95 96 101 104 105 107 114 116 121 124 128 129 131 133 134 141 145 154 155 156 161 162 168 171 174 176 182 184 186 188
a 2 3 7 12 14 18 19 23 24 27 28 29 30 31 39 45 47 49 56 57 58 60 63 70 71 80 82 83 88 93 95 96 101 104 105 107 114 116 121 124 128 129 131 133 134 141 145 154 155 156 161 162 168 171 174 176 182 184 186 188
a 2 3 7 12 14 18 19 22 23 24 27 28 29 30 31 39 45 47 49 56 57 58 60 70 71 80 82 83 88 93 95 96 101 104 105 107 114 116 121 124 128 129 131 133 134 141 145 154 155 156 161 162 168 171 174 176 182 184 186 188
a 2 3 7 12 14 18 19 22 23 24 27 28 29 30 31 39 45 47 49 56 57 58 60 70 71 80 82 83 88 93 95 96 104 105 107 114 116 121 123 124 128 129 131 133 134 141 145 154 155 156 161 162 168 171 174 176 182 184 186 188
a 2 3 7 12 14 18 19 22 23 24 27 28 29 30 31 39 45 47 49 56 57 58 60 70 71 80 82 83 88 93 95 96 104 105 107 114 116 123 124 128 129 131 133 134 141 145 154 155 156 161 162 168 171 174 175 176 182 184 186 188
a 2 3 12 14 18 19 22 23 24 27 28 29 30 31 39 45 47 49 56 57 58 60 70 71 80 82 83 88 93 95 96 104 105 107 114 116 117 123 124 128 129 131 133 134 141 145 154 155 156 161 162 168 171 174 175 176 182 184 186 188
a 2 3 12 14 18 19 22 23 24 27 28 29 30 31 39 45 47 49 56 57 58 60 70 71 80 82 83 88 93 95 96 104 105 107 114 116 117 123 124 128 129 131 133 134 141 142 145 154 155 156 161 168 171 174 175 176 182 184 186 188
a 2 3 12 14 18 19 22 23 24 27 28 29 30 31 39 45 47 49 56 57 58 60 70 71 80 82 83 88 93 95 96 104 105 107 108 114 116 117 123 124 128 129 131 133 134 141 142 145 154 155 156 161 168 171 175 176 182 184 186 188
a 2 3 12 14 18 19 22 23 24 27 29 30 31 39 45 47 49 56 57 58 60 70 71 75 80 82 83 88 93 95 96 104 105 107 108 114 116 117 123 124 128 129 131 133 134 141 142 145 154 155 156 161 168 171 175 176 182 184 186 188
a 2 3 12 14 18 19 22 23 24 27 29 30 31 39 45 47 49 56 58 60 70 71 75 80 82 83 88 93 95 96 104 105 106 107 108 114 116 117 123 124 128 129 131 133 134 141 142 145 154 155 156 161 168 171 175 176 182 184 186 188
a 2 3 12 14 18 19 22 23 24 27 29 30 31 39 45 47 49 58 60 70 71 75 80 82 83 88 93 95 96 104 105 106 107 108 114 116 117 123 124 128 129 131 133 134 141 142 145 146 154 155 156 161 168 171 175 176 182 184 186 188
a 2 3 12 14 18 19 22 23 24 27 29 30 31 39 45 47 49 58 60 70 71 75 80 82 83 88 93 95 96 104 105 106 107 108 114 116 117 123 128 129 131 133 134 141 142 145 146 150 154 155 156 161 168 171 175 176 182 184 186 188
	Command being timed: "/Users/soh/app/scala-2.12.4/bin/scala -J-Xms32g -J-Xmx32g -cp /Users/soh/app/IsrForCompetition230719-15h37m/scop.jar:/Users/soh/app/IsrForCompetition230719-15h37m/isr4competition_2.12-1.3.5.jar fun.scop.app.isr.IsrSolverTj05 benchmark/ISR-benchmark/random_instance/random_instance015_graph004.col benchmark/ISR-benchmark/random_instance/random_instance015_graph004.dat cadical /Users/soh/app/IsrForCompetition230719-15h37m/cadical"
	User time (seconds): 4.48
	System time (seconds): 0.75
	Percent of CPU this job got: 125%
	Elapsed (wall clock) time (h:mm:ss or m:ss): 0:04.18
	Average shared text size (kbytes): 0
	Average unshared data size (kbytes): 0
	Average stack size (kbytes): 0
	Average total size (kbytes): 0
	Maximum resident set size (kbytes): 12854247424
	Average resident set size (kbytes): 0
	Major (requiring I/O) page faults: 0
	Minor (reclaiming a frame) page faults: 798248
	Voluntary context switches: 34
	Involuntary context switches: 3550
	Swaps: 0
	File system inputs: 0
	File system outputs: 0
	Socket messages sent: 40
	Socket messages received: 0
	Signals delivered: 6
	Page size (bytes): 4096
	Exit status: 0
FINISHED CPU 5.23 MEM 0 MAXMEM 0 STALE 1
#RESULT: UNK
#FIN: FIN
#CPU: 5.23
#MAXMEM: 0
c 
#END: [Wed Jul 19 16:21:22 2023]
