#BEGIN: [Tue Aug  8 19:31:13 2023]
#HOST: mini29.local
#TIMELIMIT: 1800
#MEMLIMIT: 0
#FREQ: 10
#SOLVER: recon
#ARG1: benchmark/ISR-benchmark/random_instance/random_instance011_graph002.col
#ARG2: benchmark/ISR-benchmark/random_instance/random_instance011_graph002.dat
#COMMAND: /Users/soh/app/recon/src/recon benchmark/ISR-benchmark/random_instance/random_instance011_graph002.col benchmark/ISR-benchmark/random_instance/random_instance011_graph002.dat
c Copyright Volker Turau & Christoph Weyer, 2022
c Institute of Telematics
c Hamburg University of Technology, Hamburg, Germany
c Contact: turau@tuhh.de
c Graph file: benchmark/ISR-benchmark/random_instance/random_instance011_graph002.col
c Target file: benchmark/ISR-benchmark/random_instance/random_instance011_graph002.dat
c Size of independent set: 46
c Number of nodes of graph: 143
c Number of edges of graph: 429
c Average degree of graph: 6.00
s 15 28 30 31 33 37 38 39 41 45 53 55 59 67 68 69 71 73 80 81 83 85 90 91 102 105 107 108 111 112 113 115 119 121 122 124 126 128 129 132 134 136 137 138 141 143 
t 6 8 17 19 22 27 30 34 35 39 44 47 48 49 50 51 53 56 58 63 64 67 69 70 73 77 79 80 87 91 98 100 105 109 111 112 113 115 121 124 129 130 134 136 138 141 
c BFS found 23 new nodes in level 1 (total 24/223696213)
c BFS found 498 new nodes in level 2 (total 522/223696213)
c BFS found 8059 new nodes in level 3 (total 8581/223696213)
c BFS found 96061 new nodes in level 4 (total 104642/223696213)
c BFS found 910834 new nodes in level 5 (total 1015458/223696213)
c BFS found 7245270 new nodes in level 6 (total 8259749/223696213)
c BFS found 50067750 new nodes in level 7 (total 58308570/223696213)
TIMEOUT CPU 1800 MEM 0 MAXMEM 0
#RESULT: UNK
#FIN: TO
#CPU: 1800
#MAXMEM: 0
c 23266 killed(2). 23265 killed(2). 23266 killed(9). 23265 killed(9). 
#END: [Tue Aug  8 20:01:13 2023]
