#BEGIN: [Wed Jul 19 16:20:47 2023]
#HOST: mini28.local
#TIMELIMIT: 7200
#MEMLIMIT: 0
#FREQ: 10
#SOLVER: sat-based-isr-tj05-230719-15h37m
#ARG1: benchmark/ISR-benchmark/random_instance/random_instance004_graph003.col
#ARG2: benchmark/ISR-benchmark/random_instance/random_instance004_graph003.dat
#COMMAND: /Users/soh/app/scala-2.12.4/bin/scala -J-Xms32g -J-Xmx32g -cp /Users/soh/app/IsrForCompetition230719-15h37m/scop.jar:/Users/soh/app/IsrForCompetition230719-15h37m/isr4competition_2.12-1.3.5.jar fun.scop.app.isr.IsrSolverTj05 benchmark/ISR-benchmark/random_instance/random_instance004_graph003.col benchmark/ISR-benchmark/random_instance/random_instance004_graph003.dat cadical /Users/soh/app/IsrForCompetition230719-15h37m/cadical
#Nodes: 52
#Edges: 156
c (0) step 1 UNSAT 327 1078
c (0) step 2 UNSAT 631 2022
c (0) step 3 UNSAT 980 3068
c (0) step 4 UNSAT 1389 4245
c (0) step 5 SAT 1873 5582
a YES
a 7 8 10 11 17 19 20 21 24 25 29 30 35 40 42 47
a 7 10 11 17 19 20 21 23 24 25 29 30 35 40 42 47
a 7 10 11 17 18 19 20 21 23 24 25 29 30 35 40 47
a 5 7 10 11 18 19 20 21 23 24 25 29 30 35 40 47
a 5 7 10 18 19 20 21 23 24 25 29 30 35 40 41 47
a 5 7 10 16 18 19 20 21 23 24 25 29 30 40 41 47
	Command being timed: "/Users/soh/app/scala-2.12.4/bin/scala -J-Xms32g -J-Xmx32g -cp /Users/soh/app/IsrForCompetition230719-15h37m/scop.jar:/Users/soh/app/IsrForCompetition230719-15h37m/isr4competition_2.12-1.3.5.jar fun.scop.app.isr.IsrSolverTj05 benchmark/ISR-benchmark/random_instance/random_instance004_graph003.col benchmark/ISR-benchmark/random_instance/random_instance004_graph003.dat cadical /Users/soh/app/IsrForCompetition230719-15h37m/cadical"
	User time (seconds): 0.87
	System time (seconds): 0.09
	Percent of CPU this job got: 128%
	Elapsed (wall clock) time (h:mm:ss or m:ss): 0:00.74
	Average shared text size (kbytes): 0
	Average unshared data size (kbytes): 0
	Average stack size (kbytes): 0
	Average total size (kbytes): 0
	Maximum resident set size (kbytes): 839958528
	Average resident set size (kbytes): 0
	Major (requiring I/O) page faults: 0
	Minor (reclaiming a frame) page faults: 57224
	Voluntary context switches: 34
	Involuntary context switches: 2747
	Swaps: 0
	File system inputs: 0
	File system outputs: 0
	Socket messages sent: 39
	Socket messages received: 0
	Signals delivered: 4
	Page size (bytes): 4096
	Exit status: 0
FINISHED CPU 0.96 MEM 0 MAXMEM 0 STALE 1
#RESULT: UNK
#FIN: FIN
#CPU: 0.96
#MAXMEM: 0
c 
#END: [Wed Jul 19 16:20:48 2023]
