#BEGIN: [Tue Aug  1 14:31:41 2023]
#HOST: mini27.local
#TIMELIMIT: 7200
#MEMLIMIT: 0
#FREQ: 10
#SOLVER: ddreconf230801-10h10m
#ARG1: benchmark/ISR-benchmark/random_instance/random_instance008_graph002.col
#ARG2: benchmark/ISR-benchmark/random_instance/random_instance008_graph002.dat
#COMMAND: /Users/soh/app/ddreconf230801-10h10m/ddreconf benchmark/ISR-benchmark/random_instance/random_instance008_graph002.col --indset --stwidth --stfile=benchmark/ISR-benchmark/random_instance/random_instance008_graph002.dat
Input graph file parsed. # of vertices = 104, # of edges = 312
s 1 2 7 9 12 13 15 17 21 23 24 25 30 32 36 38 44 47 48 49 50 60 61 67 70 100 80 81 83 87 94 103 99
t 2 7 11 17 20 33 35 38 41 43 45 49 92 53 101 91 68 61 62 66 71 79 77 76 90 98 89 88 97 93 87 94 103
Solution space ZDD construction start
TIMEOUT CPU 7200 MEM 0 MAXMEM 0
#RESULT: UNK
#FIN: TO
#CPU: 7200
#MAXMEM: 0
c 20330 killed(2). 20331 killed(2). 20330 killed(9). 20331 killed(9). 
#END: [Tue Aug  1 16:31:52 2023]
