#BEGIN: [Wed Jul 19 16:21:00 2023]
#HOST: mini27.local
#TIMELIMIT: 7200
#MEMLIMIT: 0
#FREQ: 10
#SOLVER: sat-based-isr-tj05-230719-15h37m
#ARG1: benchmark/ISR-benchmark/random_instance/random_instance010_graph002.col
#ARG2: benchmark/ISR-benchmark/random_instance/random_instance010_graph002.dat
#COMMAND: /Users/soh/app/scala-2.12.4/bin/scala -J-Xms32g -J-Xmx32g -cp /Users/soh/app/IsrForCompetition230719-15h37m/scop.jar:/Users/soh/app/IsrForCompetition230719-15h37m/isr4competition_2.12-1.3.5.jar fun.scop.app.isr.IsrSolverTj05 benchmark/ISR-benchmark/random_instance/random_instance010_graph002.col benchmark/ISR-benchmark/random_instance/random_instance010_graph002.dat cadical /Users/soh/app/IsrForCompetition230719-15h37m/cadical
#Nodes: 130
#Edges: 390
c (0) step 1 UNSAT 818 2707
c (0) step 2 UNSAT 1581 5083
c (0) step 3 UNSAT 2458 7722
c (0) step 4 UNSAT 3487 10699
c (0) step 5 UNSAT 4706 14089
c (0) step 6 UNSAT 6153 17967
c (0) step 7 UNSAT 7866 22408
c (0) step 8 UNSAT 9883 27487
c (0) step 9 UNSAT 12242 33279
c (0) step 10 UNSAT 14981 39859
c (0) step 11 UNSAT 18138 47302
c (0) step 12 UNSAT 21751 55683
c (0) step 13 UNSAT 25858 65077
c (0) step 14 UNSAT 30497 75559
c (0) step 15 UNSAT 35706 87204
c (0) step 16 UNSAT 41523 100087
c (0) step 17 UNSAT 47986 114283
c (0) step 18 UNSAT 55133 129867
c (0) step 19 UNSAT 63002 146914
c (0) step 20 UNSAT 71631 165499
c (0) step 21 UNSAT 81058 185697
c (0) step 22 UNSAT 91321 207583
c (0) step 23 SAT 102458 231232
a YES
a 2 5 6 7 12 14 21 22 24 26 27 29 37 38 39 44 50 58 61 64 70 73 74 76 81 83 85 87 88 93 103 106 107 110 116 118 120 125 127
a 2 5 7 12 14 16 21 22 24 26 27 29 37 38 39 44 50 58 61 64 70 73 74 76 81 83 85 87 88 93 103 106 107 110 116 118 120 125 127
a 2 5 7 12 14 16 21 22 24 26 27 37 38 39 44 50 58 61 64 70 73 74 76 81 83 85 87 88 93 103 106 107 110 116 118 120 125 127 129
a 2 5 7 12 14 16 21 22 24 26 27 38 39 44 49 50 58 61 64 70 73 74 76 81 83 85 87 88 93 103 106 107 110 116 118 120 125 127 129
a 2 5 7 12 14 16 21 22 24 26 27 38 39 44 49 50 58 61 64 70 73 74 76 81 83 85 87 88 93 103 107 110 116 118 120 125 127 129 130
a 2 5 7 12 14 16 21 22 23 24 26 27 38 39 44 49 50 58 61 64 70 73 76 81 83 85 87 88 93 103 107 110 116 118 120 125 127 129 130
a 2 5 7 12 14 16 19 21 22 23 24 26 27 38 39 44 49 50 58 61 64 70 73 76 81 83 85 87 88 93 103 107 116 118 120 125 127 129 130
a 2 5 7 12 14 16 19 22 23 24 26 27 38 39 44 49 50 58 61 64 70 73 76 81 83 85 87 88 90 93 103 107 116 118 120 125 127 129 130
a 2 5 7 12 14 16 19 22 23 24 26 38 39 44 49 50 58 61 64 68 70 73 76 81 83 85 87 88 90 93 103 107 116 118 120 125 127 129 130
a 2 5 7 12 14 16 19 22 23 24 26 38 39 44 49 50 58 61 68 70 73 76 81 83 85 87 88 90 93 103 104 107 116 118 120 125 127 129 130
a 2 5 7 14 16 19 22 23 24 26 38 39 44 49 50 55 58 61 68 70 73 76 81 83 85 87 88 90 93 103 104 107 116 118 120 125 127 129 130
a 2 5 7 14 16 19 22 23 24 26 38 39 44 49 50 55 58 61 68 73 76 81 83 85 87 88 90 93 103 104 105 107 116 118 120 125 127 129 130
a 2 5 7 14 16 19 22 23 24 26 38 39 44 49 50 55 58 61 68 72 73 76 81 83 85 87 88 90 93 103 104 105 107 116 118 125 127 129 130
a 2 5 7 14 16 19 22 23 24 26 38 39 44 49 50 55 61 68 72 73 76 81 83 85 87 88 90 93 103 104 105 107 115 116 118 125 127 129 130
a 2 5 7 14 16 19 22 23 24 26 38 39 44 49 50 55 61 68 72 73 76 81 83 85 88 90 93 99 103 104 105 107 115 116 118 125 127 129 130
a 2 5 7 9 14 16 19 22 23 26 38 39 44 49 50 55 61 68 72 73 76 81 83 85 88 90 93 99 103 104 105 107 115 116 118 125 127 129 130
a 2 7 9 14 16 19 22 23 26 38 39 44 49 50 55 61 68 72 73 76 81 83 85 88 90 93 98 99 103 104 105 107 115 116 118 125 127 129 130
a 2 7 9 14 16 19 22 23 26 38 39 44 49 50 55 68 72 73 76 81 83 85 88 90 93 98 99 103 104 105 107 115 116 118 122 125 127 129 130
a 2 7 9 14 16 19 22 23 26 38 39 44 46 49 55 68 72 73 76 81 83 85 88 90 93 98 99 103 104 105 107 115 116 118 122 125 127 129 130
a 2 7 9 14 16 19 22 23 26 38 39 44 46 49 55 68 72 73 76 81 83 85 88 90 93 98 99 103 104 105 107 108 115 116 118 122 127 129 130
a 2 7 9 14 16 19 22 23 26 38 39 44 46 49 55 57 68 72 73 81 83 85 88 90 93 98 99 103 104 105 107 108 115 116 118 122 127 129 130
a 2 7 9 14 16 19 22 23 26 38 39 44 46 48 49 55 57 68 72 81 83 85 88 90 93 98 99 103 104 105 107 108 115 116 118 122 127 129 130
a 2 7 9 14 16 19 22 23 26 38 39 46 48 49 53 55 57 68 72 81 83 85 88 90 93 98 99 103 104 105 107 108 115 116 118 122 127 129 130
a 2 7 9 14 16 19 22 23 26 38 39 46 48 49 53 55 57 68 72 81 83 85 88 90 98 99 103 104 105 107 108 115 116 118 121 122 127 129 130
	Command being timed: "/Users/soh/app/scala-2.12.4/bin/scala -J-Xms32g -J-Xmx32g -cp /Users/soh/app/IsrForCompetition230719-15h37m/scop.jar:/Users/soh/app/IsrForCompetition230719-15h37m/isr4competition_2.12-1.3.5.jar fun.scop.app.isr.IsrSolverTj05 benchmark/ISR-benchmark/random_instance/random_instance010_graph002.col benchmark/ISR-benchmark/random_instance/random_instance010_graph002.dat cadical /Users/soh/app/IsrForCompetition230719-15h37m/cadical"
	User time (seconds): 1.87
	System time (seconds): 0.18
	Percent of CPU this job got: 163%
	Elapsed (wall clock) time (h:mm:ss or m:ss): 0:01.26
	Average shared text size (kbytes): 0
	Average unshared data size (kbytes): 0
	Average stack size (kbytes): 0
	Average total size (kbytes): 0
	Maximum resident set size (kbytes): 2341879808
	Average resident set size (kbytes): 0
	Major (requiring I/O) page faults: 0
	Minor (reclaiming a frame) page faults: 148883
	Voluntary context switches: 35
	Involuntary context switches: 3412
	Swaps: 0
	File system inputs: 0
	File system outputs: 0
	Socket messages sent: 41
	Socket messages received: 0
	Signals delivered: 5
	Page size (bytes): 4096
	Exit status: 0
FINISHED CPU 2.05 MEM 0 MAXMEM 0 STALE 1
#RESULT: UNK
#FIN: FIN
#CPU: 2.05
#MAXMEM: 0
c 
#END: [Wed Jul 19 16:21:01 2023]
