#BEGIN: [Tue Aug  8 18:29:13 2023]
#HOST: mini28.local
#TIMELIMIT: 1800
#MEMLIMIT: 0
#FREQ: 10
#SOLVER: recon
#ARG1: benchmark/ISR-benchmark/random_instance/random_instance007_graph001.col
#ARG2: benchmark/ISR-benchmark/random_instance/random_instance007_graph001.dat
#COMMAND: /Users/soh/app/recon/src/recon benchmark/ISR-benchmark/random_instance/random_instance007_graph001.col benchmark/ISR-benchmark/random_instance/random_instance007_graph001.dat
c Copyright Volker Turau & Christoph Weyer, 2022
c Institute of Telematics
c Hamburg University of Technology, Hamburg, Germany
c Contact: turau@tuhh.de
c Graph file: benchmark/ISR-benchmark/random_instance/random_instance007_graph001.col
c Target file: benchmark/ISR-benchmark/random_instance/random_instance007_graph001.dat
c Size of independent set: 29
c Number of nodes of graph: 91
c Number of edges of graph: 273
c Average degree of graph: 6.00
s 9 11 12 13 17 21 22 24 25 28 30 31 33 35 36 40 42 46 48 62 70 72 76 78 80 82 83 84 88 
t 8 9 13 16 17 19 21 22 25 26 27 31 33 35 36 40 41 46 49 57 58 61 70 76 78 80 82 87 88 
c BFS found 16 new nodes in level 1 (total 17/244032232)
c BFS found 192 new nodes in level 2 (total 209/244032232)
c BFS found 1798 new nodes in level 3 (total 2007/244032232)
c BFS found 13817 new nodes in level 4 (total 15824/244032232)
c BFS found 92420 new nodes in level 5 (total 108214/244032232)
c BFS found 533174 new nodes in level 6 (total 640929/244032232)
c BFS found 2630252 new nodes in level 7 (total 3266817/244032232)
c BFS found 11139275 new nodes in level 8 (total 14369820/244032232)
c BFS found 40775069 new nodes in level 9 (total 54895920/244032232)
TIMEOUT CPU 1800 MEM 0 MAXMEM 0
#RESULT: UNK
#FIN: TO
#CPU: 1800
#MAXMEM: 0
c 26111 killed(2). 26112 killed(2). 26111 killed(9). 26112 killed(9). 
#END: [Tue Aug  8 18:59:13 2023]
