#BEGIN: [Tue Aug  1 12:58:41 2023]
#HOST: mini24.local
#TIMELIMIT: 7200
#MEMLIMIT: 0
#FREQ: 10
#SOLVER: ddreconf230801-10h10m
#ARG1: benchmark/ISR-benchmark/random_instance/random_instance003_graph004.col
#ARG2: benchmark/ISR-benchmark/random_instance/random_instance003_graph004.dat
#COMMAND: /Users/soh/app/ddreconf230801-10h10m/ddreconf benchmark/ISR-benchmark/random_instance/random_instance003_graph004.col --indset --stwidth --stfile=benchmark/ISR-benchmark/random_instance/random_instance003_graph004.dat
Input graph file parsed. # of vertices = 39, # of edges = 117
s 1 2 8 13 12 14 15 20 28 32 26 29 38 35
t 1 2 8 10 12 14 15 20 28 23 32 29 38 35
Solution space ZDD construction start
Solution space ZDD construction end
Solution space ZDD construction time = 0.039711
Solution space ZDD size = 9454
# of elements in the solution space = 1936328
Start computing the width of the solution space graph
Zs_1 construction time = 0.000050, # ZDD nodes = 31, # elems = 4
Zt_1 construction time = 0.000040, # ZDD nodes = 36, # elems = 5
Reconf seq found. Shortest length = 2
Zs_2 construction time = 0.000083, # ZDD nodes = 59, # elems = 10
Zt_2 construction time = 0.000093, # ZDD nodes = 78, # elems = 14
Card(Zs_0 & Zt_2) = 1
Card(Zs_1 & Zt_1) = 2
Card(Zs_2 & Zt_0) = 1
max card = 2
max card index = 1
a YES
a 1 2 8 12 13 14 15 20 26 28 29 32 35 38
a 1 2 8 12 13 14 15 20 23 28 29 32 35 38
a 1 2 8 10 12 14 15 20 23 28 29 32 35 38
Reconfiguration time = 0.000732
	Command being timed: "/Users/soh/app/ddreconf230801-10h10m/ddreconf benchmark/ISR-benchmark/random_instance/random_instance003_graph004.col --indset --stwidth --stfile=benchmark/ISR-benchmark/random_instance/random_instance003_graph004.dat"
	User time (seconds): 0.05
	System time (seconds): 0.00
	Percent of CPU this job got: 86%
	Elapsed (wall clock) time (h:mm:ss or m:ss): 0:00.07
	Average shared text size (kbytes): 0
	Average unshared data size (kbytes): 0
	Average stack size (kbytes): 0
	Average total size (kbytes): 0
	Maximum resident set size (kbytes): 129417216
	Average resident set size (kbytes): 0
	Major (requiring I/O) page faults: 0
	Minor (reclaiming a frame) page faults: 8039
	Voluntary context switches: 18
	Involuntary context switches: 7
	Swaps: 0
	File system inputs: 0
	File system outputs: 0
	Socket messages sent: 34
	Socket messages received: 0
	Signals delivered: 0
	Page size (bytes): 4096
	Exit status: 0
FINISHED CPU 0.05 MEM 0 MAXMEM 0 STALE 1
#RESULT: UNK
#FIN: FIN
#CPU: 0.05
#MAXMEM: 0
c 
#END: [Tue Aug  1 12:58:41 2023]
