#BEGIN: [Tue Aug  8 21:35:13 2023]
#HOST: mini29.local
#TIMELIMIT: 1800
#MEMLIMIT: 0
#FREQ: 10
#SOLVER: recon
#ARG1: benchmark/ISR-benchmark/random_instance/random_instance018_graph003.col
#ARG2: benchmark/ISR-benchmark/random_instance/random_instance018_graph003.dat
#COMMAND: /Users/soh/app/recon/src/recon benchmark/ISR-benchmark/random_instance/random_instance018_graph003.col benchmark/ISR-benchmark/random_instance/random_instance018_graph003.dat
c Copyright Volker Turau & Christoph Weyer, 2022
c Institute of Telematics
c Hamburg University of Technology, Hamburg, Germany
c Contact: turau@tuhh.de
c Graph file: benchmark/ISR-benchmark/random_instance/random_instance018_graph003.col
c Target file: benchmark/ISR-benchmark/random_instance/random_instance018_graph003.dat
c Size of independent set: 74
c Number of nodes of graph: 234
c Number of edges of graph: 702
c Average degree of graph: 6.00
s 1 2 4 9 11 14 15 22 23 25 27 29 32 33 40 41 42 46 60 61 63 65 67 74 79 86 90 93 98 101 102 104 105 108 113 115 120 122 124 126 131 133 135 137 139 141 149 152 155 156 157 170 172 175 176 177 181 184 186 187 188 193 195 198 199 200 204 216 217 220 221 223 224 225 
t 2 3 4 6 14 19 28 30 32 38 39 40 41 45 46 47 58 61 65 71 74 77 79 84 87 88 89 95 96 100 101 102 105 111 113 115 119 124 127 130 131 136 140 141 142 143 148 149 151 154 157 159 161 166 167 168 174 176 179 183 186 187 195 198 200 207 212 213 218 219 223 227 228 229 
c BFS found 46 new nodes in level 1 (total 47/206488812)
c BFS found 2294 new nodes in level 2 (total 2341/206488812)
c BFS found 72624 new nodes in level 3 (total 74965/206488812)
c BFS found 1771760 new nodes in level 4 (total 1846724/206488812)
c BFS found 34448991 new nodes in level 5 (total 36295617/206488812)
TIMEOUT CPU 1800 MEM 0 MAXMEM 0
#RESULT: UNK
#FIN: TO
#CPU: 1800
#MAXMEM: 0
c 23348 killed(2). 23347 killed(2). 23348 killed(9). 23347 killed(9). 
#END: [Tue Aug  8 22:05:14 2023]
