#BEGIN: [Wed Jul 19 16:21:04 2023]
#HOST: mini23.local
#TIMELIMIT: 7200
#MEMLIMIT: 0
#FREQ: 10
#SOLVER: sat-based-isr-tj05-230719-15h37m
#ARG1: benchmark/ISR-benchmark/random_instance/random_instance012_graph001.col
#ARG2: benchmark/ISR-benchmark/random_instance/random_instance012_graph001.dat
#COMMAND: /Users/soh/app/scala-2.12.4/bin/scala -J-Xms32g -J-Xmx32g -cp /Users/soh/app/IsrForCompetition230719-15h37m/scop.jar:/Users/soh/app/IsrForCompetition230719-15h37m/isr4competition_2.12-1.3.5.jar fun.scop.app.isr.IsrSolverTj05 benchmark/ISR-benchmark/random_instance/random_instance012_graph001.col benchmark/ISR-benchmark/random_instance/random_instance012_graph001.dat cadical /Users/soh/app/IsrForCompetition230719-15h37m/cadical
#Nodes: 156
#Edges: 468
c (0) step 1 UNSAT 989 3272
c (0) step 2 UNSAT 1927 6184
c (0) step 3 UNSAT 3024 9464
c (0) step 4 UNSAT 4333 13217
c (0) step 5 UNSAT 5907 17548
c (0) step 6 UNSAT 7799 22562
c (0) step 7 UNSAT 10062 28364
c (0) step 8 UNSAT 12749 35059
c (0) step 9 UNSAT 15913 42752
c (0) step 10 UNSAT 19607 51548
c (0) step 11 UNSAT 23884 61552
c (0) step 12 UNSAT 28797 72869
c (0) step 13 UNSAT 34399 85604
c (0) step 14 UNSAT 40743 99862
c (0) step 15 UNSAT 47882 115748
c (0) step 16 UNSAT 55869 133367
c (0) step 17 UNSAT 64757 152824
c (0) step 18 UNSAT 74599 174224
c (0) step 19 UNSAT 85448 197672
c (0) step 20 UNSAT 97357 223273
c (0) step 21 UNSAT 110379 251132
c (0) step 22 UNSAT 124567 281354
c (0) step 23 UNSAT 139974 314044
c (0) step 24 UNSAT 156653 349307
c (0) step 25 UNSAT 174657 387248
c (0) step 26 UNSAT 194039 427972
c (0) step 27 UNSAT 214852 471584
c (0) step 28 UNSAT 237149 518189
c (0) step 29 UNSAT 260983 567892
c (0) step 30 UNSAT 286407 620798
c (0) step 31 UNSAT 313474 677012
c (1) step 32 SAT 342237 736639
a YES
a 4 7 12 16 19 20 21 24 30 32 36 37 42 43 50 51 52 53 57 61 62 64 65 72 76 79 80 83 87 100 101 102 103 104 108 109 112 114 117 118 121 125 126 129 138 142 145 148 149 150 151 152 154 155
a 4 7 12 16 19 20 21 24 25 30 32 36 37 42 43 50 51 52 53 57 61 62 64 65 72 76 79 80 83 87 100 101 103 104 108 109 112 114 117 118 121 125 126 129 138 142 145 148 149 150 151 152 154 155
a 4 7 12 16 19 20 21 24 25 30 32 36 37 42 43 50 51 52 53 57 61 62 64 65 72 75 76 79 80 83 87 100 101 103 104 109 112 114 117 118 121 125 126 129 138 142 145 148 149 150 151 152 154 155
a 4 7 12 16 17 19 20 21 24 25 30 32 36 37 42 43 50 52 53 57 61 62 64 65 72 75 76 79 80 83 87 100 101 103 104 109 112 114 117 118 121 125 126 129 138 142 145 148 149 150 151 152 154 155
a 4 7 12 16 17 19 20 21 24 25 30 32 36 37 42 43 50 52 53 57 61 62 64 65 72 75 76 79 80 83 87 100 101 103 104 109 112 114 117 118 119 121 125 126 129 138 142 145 148 149 151 152 154 155
a 4 7 12 16 17 19 20 21 24 25 30 32 36 37 42 43 50 52 57 61 62 64 65 72 75 76 79 80 83 87 100 101 103 104 109 112 114 117 118 119 121 125 126 129 138 142 145 148 149 151 152 153 154 155
a 4 7 12 16 17 19 20 21 24 25 30 32 33 36 37 42 43 50 52 57 61 62 64 65 72 75 76 79 80 83 87 100 101 103 104 109 112 114 117 118 119 121 125 126 129 138 142 145 148 149 151 152 153 154
a 4 7 12 16 17 19 20 21 24 25 30 32 33 36 37 42 43 50 52 57 61 62 64 65 72 75 76 79 80 83 100 101 103 104 109 112 113 114 117 118 119 121 125 126 129 138 142 145 148 149 151 152 153 154
a 4 7 12 16 17 19 20 21 24 25 30 32 33 36 37 42 43 50 52 57 61 62 64 65 72 75 76 79 80 83 84 100 101 103 109 112 113 114 117 118 119 121 125 126 129 138 142 145 148 149 151 152 153 154
a 4 7 12 16 17 19 20 21 24 25 30 32 33 36 37 42 43 50 57 61 62 64 65 72 75 76 79 80 83 84 100 101 103 109 112 113 114 117 118 119 121 125 126 129 136 138 142 145 148 149 151 152 153 154
a 4 7 12 16 17 19 20 21 24 25 30 32 33 36 37 42 50 57 61 62 64 65 72 75 76 79 80 83 84 93 100 101 103 109 112 113 114 117 118 119 121 125 126 129 136 138 142 145 148 149 151 152 153 154
a 4 7 12 16 17 19 20 21 24 25 30 32 33 36 37 50 57 61 62 64 65 72 75 76 78 79 80 83 84 93 100 101 103 109 112 113 114 117 118 119 121 125 126 129 136 138 142 145 148 149 151 152 153 154
a 4 7 12 16 17 19 20 21 24 25 30 32 33 36 37 44 50 57 61 62 64 65 72 75 76 78 79 80 83 84 93 100 101 103 109 112 113 114 117 118 119 121 125 126 129 136 142 145 148 149 151 152 153 154
a 4 7 12 16 17 19 20 21 24 25 30 32 33 36 37 44 50 57 61 62 63 64 65 72 75 76 78 79 80 83 84 93 100 101 103 109 112 113 114 117 118 119 121 125 126 129 136 142 145 148 149 152 153 154
a 4 7 12 16 17 20 21 24 25 30 32 33 36 37 44 50 57 61 62 63 64 65 72 75 76 78 79 80 82 83 84 93 100 101 103 109 112 113 114 117 118 119 121 125 126 129 136 142 145 148 149 152 153 154
a 4 7 12 16 17 20 21 24 25 32 33 36 37 44 50 57 61 62 63 64 65 72 75 76 78 79 80 82 83 84 93 100 101 103 109 112 113 114 117 118 119 121 125 126 129 136 139 142 145 148 149 152 153 154
a 4 7 12 16 17 20 21 24 25 32 33 36 37 44 50 56 57 61 62 63 64 65 72 75 76 78 79 80 82 84 93 100 101 103 109 112 113 114 117 118 119 121 125 126 129 136 139 142 145 148 149 152 153 154
a 4 7 12 16 17 20 21 24 25 32 33 36 37 44 50 56 57 61 62 63 64 65 67 72 75 76 78 80 82 84 93 100 101 103 109 112 113 114 117 118 119 121 125 126 129 136 139 142 145 148 149 152 153 154
a 4 7 12 16 17 20 21 24 25 32 33 36 37 44 50 56 57 61 62 63 64 65 67 72 75 76 78 82 84 93 100 101 103 109 112 113 114 117 118 119 121 125 126 129 133 136 139 142 145 148 149 152 153 154
a 4 7 12 16 17 20 24 25 32 33 36 37 44 50 56 57 61 62 63 64 65 67 72 75 76 78 82 84 93 100 101 103 109 112 113 114 117 118 119 121 125 126 129 133 136 139 142 144 145 148 149 152 153 154
a 4 7 12 16 17 20 24 25 32 33 36 37 44 50 56 57 61 62 63 64 65 67 72 75 76 77 78 82 84 93 100 101 103 109 112 113 114 117 119 121 125 126 129 133 136 139 142 144 145 148 149 152 153 154
a 4 7 12 16 17 20 25 29 32 33 36 37 44 50 56 57 61 62 63 64 65 67 72 75 76 77 78 82 84 93 100 101 103 109 112 113 114 117 119 121 125 126 129 133 136 139 142 144 145 148 149 152 153 154
a 4 7 12 16 17 20 25 29 33 36 37 44 50 56 57 61 62 63 64 65 67 72 75 76 77 78 82 84 90 93 100 101 103 109 112 113 114 117 119 121 125 126 129 133 136 139 142 144 145 148 149 152 153 154
a 4 7 12 16 17 20 25 29 33 36 37 44 50 56 57 60 61 62 63 64 65 67 72 75 76 77 78 82 84 90 93 100 103 109 112 113 114 117 119 121 125 126 129 133 136 139 142 144 145 148 149 152 153 154
a 4 7 12 16 17 18 20 25 29 33 36 37 44 50 56 57 60 61 62 63 64 65 67 72 75 76 77 78 82 84 90 93 100 103 109 112 113 117 119 121 125 126 129 133 136 139 142 144 145 148 149 152 153 154
a 4 7 12 16 17 18 20 25 29 33 36 37 44 56 57 60 61 62 63 64 65 67 72 75 76 77 78 82 84 90 93 100 103 107 109 112 113 117 119 121 125 126 129 133 136 139 142 144 145 148 149 152 153 154
a 4 7 12 17 18 20 25 29 33 36 37 44 48 56 57 60 61 62 63 64 65 67 72 75 76 77 78 82 84 90 93 100 103 107 109 112 113 117 119 121 125 126 129 133 136 139 142 144 145 148 149 152 153 154
a 4 7 12 17 18 20 25 29 33 36 37 44 48 56 57 60 61 62 63 64 65 67 72 75 76 77 78 82 84 90 93 100 107 109 112 113 117 119 121 125 126 129 131 133 136 139 142 144 145 148 149 152 153 154
a 4 7 12 15 17 18 20 25 29 33 36 44 48 56 57 60 61 62 63 64 65 67 72 75 76 77 78 82 84 90 93 100 107 109 112 113 117 119 121 125 126 129 131 133 136 139 142 144 145 148 149 152 153 154
a 4 7 12 15 17 18 20 25 29 33 36 44 48 55 56 57 60 61 62 63 64 65 67 72 75 76 77 78 82 84 90 93 100 107 109 112 113 117 119 125 126 129 131 133 136 139 142 144 145 148 149 152 153 154
a 4 7 12 15 17 18 20 25 29 33 36 39 44 48 55 56 57 60 61 62 63 64 65 67 72 75 76 77 78 82 84 90 93 100 107 109 112 113 117 119 125 129 131 133 136 139 142 144 145 148 149 152 153 154
a 4 7 8 12 15 17 18 20 25 29 33 36 39 44 48 55 56 57 60 61 62 63 64 67 72 75 76 77 78 82 84 90 93 100 107 109 112 113 117 119 125 129 131 133 136 139 142 144 145 148 149 152 153 154
a 4 7 8 12 15 17 18 20 25 29 33 36 38 39 44 48 55 56 57 60 61 62 63 64 67 72 75 76 77 78 82 84 90 93 100 107 109 112 113 117 119 125 129 131 133 136 139 142 144 145 148 149 153 154
	Command being timed: "/Users/soh/app/scala-2.12.4/bin/scala -J-Xms32g -J-Xmx32g -cp /Users/soh/app/IsrForCompetition230719-15h37m/scop.jar:/Users/soh/app/IsrForCompetition230719-15h37m/isr4competition_2.12-1.3.5.jar fun.scop.app.isr.IsrSolverTj05 benchmark/ISR-benchmark/random_instance/random_instance012_graph001.col benchmark/ISR-benchmark/random_instance/random_instance012_graph001.dat cadical /Users/soh/app/IsrForCompetition230719-15h37m/cadical"
	User time (seconds): 2.66
	System time (seconds): 0.34
	Percent of CPU this job got: 141%
	Elapsed (wall clock) time (h:mm:ss or m:ss): 0:02.12
	Average shared text size (kbytes): 0
	Average unshared data size (kbytes): 0
	Average stack size (kbytes): 0
	Average total size (kbytes): 0
	Maximum resident set size (kbytes): 5790203904
	Average resident set size (kbytes): 0
	Major (requiring I/O) page faults: 0
	Minor (reclaiming a frame) page faults: 360265
	Voluntary context switches: 37
	Involuntary context switches: 3337
	Swaps: 0
	File system inputs: 0
	File system outputs: 0
	Socket messages sent: 39
	Socket messages received: 0
	Signals delivered: 6
	Page size (bytes): 4096
	Exit status: 0
FINISHED CPU 3 MEM 0 MAXMEM 0 STALE 1
#RESULT: UNK
#FIN: FIN
#CPU: 3
#MAXMEM: 0
c 
#END: [Wed Jul 19 16:21:06 2023]
