#BEGIN: [Wed Jul 19 16:21:14 2023]
#HOST: mini23.local
#TIMELIMIT: 7200
#MEMLIMIT: 0
#FREQ: 10
#SOLVER: sat-based-isr-tj05-230719-15h37m
#ARG1: benchmark/ISR-benchmark/random_instance/random_instance014_graph005.col
#ARG2: benchmark/ISR-benchmark/random_instance/random_instance014_graph005.dat
#COMMAND: /Users/soh/app/scala-2.12.4/bin/scala -J-Xms32g -J-Xmx32g -cp /Users/soh/app/IsrForCompetition230719-15h37m/scop.jar:/Users/soh/app/IsrForCompetition230719-15h37m/isr4competition_2.12-1.3.5.jar fun.scop.app.isr.IsrSolverTj05 benchmark/ISR-benchmark/random_instance/random_instance014_graph005.col benchmark/ISR-benchmark/random_instance/random_instance014_graph005.dat cadical /Users/soh/app/IsrForCompetition230719-15h37m/cadical
#Nodes: 182
#Edges: 546
c (0) step 1 UNSAT 1148 3801
c (0) step 2 UNSAT 2225 7153
c (0) step 3 UNSAT 3470 10894
c (0) step 4 UNSAT 4939 15135
c (0) step 5 UNSAT 6688 19987
c (0) step 6 UNSAT 8773 25561
c (0) step 7 UNSAT 11250 31968
c (0) step 8 UNSAT 14175 39319
c (0) step 9 UNSAT 17604 47725
c (0) step 10 UNSAT 21593 57297
c (0) step 11 UNSAT 26198 68146
c (0) step 12 UNSAT 31475 80383
c (0) step 13 UNSAT 37480 94119
c (0) step 14 UNSAT 44269 109465
c (0) step 15 UNSAT 51898 126532
c (0) step 16 UNSAT 60423 145431
c (0) step 17 UNSAT 69900 166273
c (0) step 18 UNSAT 80385 189169
c (0) step 19 UNSAT 91934 214230
c (0) step 20 UNSAT 104603 241567
c (0) step 21 UNSAT 118448 271291
c (0) step 22 UNSAT 133525 303513
c (0) step 23 UNSAT 149890 338344
c (0) step 24 UNSAT 167599 375895
c (0) step 25 UNSAT 186708 416277
c (0) step 26 UNSAT 207273 459601
c (0) step 27 UNSAT 229350 505978
c (0) step 28 UNSAT 252995 555519
c (0) step 29 UNSAT 278264 608335
c (0) step 30 UNSAT 305213 664537
c (1) step 31 UNSAT 333898 724236
c (1) step 32 UNSAT 364375 787543
c (1) step 33 UNSAT 396700 854569
c (1) step 34 UNSAT 430929 925425
c (1) step 35 UNSAT 467118 1000222
c (2) step 36 SAT 505323 1079071
a YES
a 2 7 12 20 22 25 27 37 38 43 45 49 52 53 63 66 69 72 73 75 79 81 88 89 90 91 92 98 101 106 110 111 113 115 116 117 120 121 123 124 130 133 135 136 137 142 145 147 150 154 167 169 171 175 177 178 181
a 2 7 12 20 22 25 27 37 38 43 45 49 52 53 61 63 66 69 72 73 75 79 81 88 89 90 91 92 98 101 106 110 111 113 115 116 117 120 121 123 124 130 133 135 136 137 142 145 147 150 154 167 169 171 177 178 181
a 2 7 12 20 22 25 37 38 43 45 49 52 53 61 63 66 69 72 73 75 79 81 88 89 90 91 92 98 101 106 110 111 113 115 116 117 120 121 123 124 130 133 135 136 137 142 145 147 150 151 154 167 169 171 177 178 181
a 2 7 12 20 22 25 37 38 43 45 49 52 53 61 63 66 69 72 73 79 81 88 89 90 91 92 98 101 106 107 110 111 113 115 116 117 120 121 123 124 130 133 135 136 137 142 145 147 150 151 154 167 169 171 177 178 181
a 2 7 12 20 22 25 37 38 43 45 49 52 53 60 61 63 66 69 72 73 79 81 88 89 90 91 92 98 101 106 107 110 113 115 116 117 120 121 123 124 130 133 135 136 137 142 145 147 150 151 154 167 169 171 177 178 181
a 2 7 12 20 22 25 37 38 43 45 49 52 53 60 61 63 66 69 73 79 81 88 89 90 91 92 98 101 106 107 110 113 115 116 117 120 121 123 124 125 130 133 135 136 137 142 145 147 150 151 154 167 169 171 177 178 181
a 2 7 12 20 22 25 37 38 43 45 47 49 52 53 60 61 66 69 73 79 81 88 89 90 91 92 98 101 106 107 110 113 115 116 117 120 121 123 124 125 130 133 135 136 137 142 145 147 150 151 154 167 169 171 177 178 181
a 2 7 10 12 20 22 25 37 38 43 45 47 49 52 53 60 61 66 69 73 79 81 88 89 90 91 92 98 101 106 107 110 113 115 117 120 121 123 124 125 130 133 135 136 137 142 145 147 150 151 154 167 169 171 177 178 181
a 2 7 10 12 20 22 25 32 37 38 43 45 47 49 52 53 60 61 66 73 79 81 88 89 90 91 92 98 101 106 107 110 113 115 117 120 121 123 124 125 130 133 135 136 137 142 145 147 150 151 154 167 169 171 177 178 181
a 2 7 10 11 12 20 22 25 32 37 38 43 45 47 49 52 53 60 61 66 73 81 88 89 90 91 92 98 101 106 107 110 113 115 117 120 121 123 124 125 130 133 135 136 137 142 145 147 150 151 154 167 169 171 177 178 181
a 2 7 10 11 12 20 22 25 32 37 38 43 45 47 49 52 53 60 61 66 73 81 88 89 90 91 92 98 101 106 107 110 113 115 117 120 121 123 124 125 130 133 135 136 142 145 147 149 150 151 154 167 169 171 177 178 181
a 2 7 10 11 12 20 22 25 32 37 38 43 45 47 49 52 53 60 61 66 73 74 81 88 89 90 91 92 98 101 106 107 110 113 115 117 120 121 123 124 125 130 133 135 136 142 145 147 149 150 151 154 167 169 177 178 181
a 2 7 10 11 12 20 22 25 32 37 38 43 45 47 49 52 53 60 61 66 73 74 81 88 89 90 91 92 98 101 106 107 110 113 115 117 120 121 123 124 125 130 133 135 136 142 145 147 149 150 151 154 158 169 177 178 181
a 2 7 10 11 12 14 20 22 25 32 37 38 43 45 47 49 52 60 61 66 73 74 81 88 89 90 91 92 98 101 106 107 110 113 115 117 120 121 123 124 125 130 133 135 136 142 145 147 149 150 151 154 158 169 177 178 181
a 2 7 10 11 12 14 20 22 25 32 37 38 43 45 47 49 52 60 61 66 73 74 88 89 90 91 92 98 101 106 107 110 113 115 117 120 121 122 123 124 125 130 133 135 136 142 145 147 149 150 151 154 158 169 177 178 181
a 2 7 10 11 12 14 20 22 25 30 32 37 38 43 45 47 49 52 60 61 73 74 88 89 90 91 92 98 101 106 107 110 113 115 117 120 121 122 123 124 125 130 133 135 136 142 145 147 149 150 151 154 158 169 177 178 181
a 2 7 10 11 12 14 20 22 25 30 32 37 38 43 45 47 49 52 60 61 73 74 88 89 90 91 92 98 101 106 107 110 113 115 117 120 121 122 123 124 125 130 133 135 136 145 147 149 150 151 154 158 169 177 178 179 181
a 2 7 10 11 12 14 22 25 30 32 37 38 43 45 47 49 52 60 61 73 74 76 88 89 90 91 92 98 101 106 107 110 113 115 117 120 121 122 123 124 125 130 133 135 136 145 147 149 150 151 154 158 169 177 178 179 181
a 2 10 11 12 14 22 25 30 32 37 38 43 45 47 49 52 60 61 73 74 76 80 88 89 90 91 92 98 101 106 107 110 113 115 117 120 121 122 123 124 125 130 133 135 136 145 147 149 150 151 154 158 169 177 178 179 181
a 2 10 11 12 14 22 25 30 32 38 43 45 47 49 52 60 61 73 74 76 80 88 89 90 91 92 98 99 101 106 107 110 113 115 117 120 121 122 123 124 125 130 133 135 136 145 147 149 150 151 154 158 169 177 178 179 181
a 2 10 11 12 14 22 25 30 32 38 43 45 47 48 49 52 60 61 73 74 76 80 88 89 90 91 92 98 99 101 106 107 110 113 115 117 121 122 123 124 125 130 133 135 136 145 147 149 150 151 154 158 169 177 178 179 181
a 10 11 12 14 22 25 30 32 38 43 45 47 48 49 52 60 61 73 74 76 80 88 89 90 91 92 98 99 101 106 107 110 113 115 117 121 122 123 124 125 130 131 133 135 136 145 147 149 150 151 154 158 169 177 178 179 181
a 10 11 12 14 22 25 30 32 38 43 47 48 49 52 60 61 73 74 76 80 88 89 90 91 92 98 99 101 105 106 107 110 113 115 117 121 122 123 124 125 130 131 133 135 136 145 147 149 150 151 154 158 169 177 178 179 181
a 10 11 12 14 22 25 30 32 38 43 47 48 49 52 60 61 73 74 76 80 88 90 91 92 98 99 101 105 106 107 110 113 115 117 121 122 123 124 125 130 131 133 135 136 145 146 147 149 150 151 154 158 169 177 178 179 181
a 10 11 12 14 22 25 30 32 38 43 47 48 49 52 60 61 73 74 76 80 88 90 91 92 98 99 101 105 106 107 110 112 113 115 117 121 122 123 124 125 130 131 133 135 145 146 147 149 150 151 154 158 169 177 178 179 181
a 10 11 14 22 25 30 32 38 43 47 48 49 50 52 60 61 73 74 76 80 88 90 91 92 98 99 101 105 106 107 110 112 113 115 117 121 122 123 124 125 130 131 133 135 145 146 147 149 150 151 154 158 169 177 178 179 181
a 10 11 14 22 25 30 32 38 43 47 48 49 50 52 60 61 73 74 76 80 83 88 90 91 92 98 99 101 105 106 107 110 112 113 115 117 121 122 123 124 125 130 131 135 145 146 147 149 150 151 154 158 169 177 178 179 181
a 10 11 14 22 25 30 32 38 43 47 48 49 50 52 60 61 73 74 76 80 83 88 90 91 92 98 99 101 105 106 107 110 112 113 115 117 122 123 124 125 130 131 135 145 146 147 149 150 151 154 158 159 169 177 178 179 181
a 10 11 14 22 25 30 32 38 43 47 48 49 50 52 60 61 73 74 76 80 83 86 88 90 91 92 98 99 105 106 107 110 112 113 115 117 122 123 124 125 130 131 135 145 146 147 149 150 151 154 158 159 169 177 178 179 181
a 10 11 14 22 25 30 32 38 43 47 48 49 50 52 60 61 73 74 76 80 83 86 88 90 91 92 98 99 105 106 107 110 112 113 115 117 122 123 124 125 130 131 135 146 147 149 150 151 154 158 159 168 169 177 178 179 181
a 10 11 14 22 25 30 32 38 43 47 48 49 50 52 57 60 61 73 74 76 80 83 86 88 90 91 92 98 99 105 106 107 110 112 113 115 117 122 123 124 125 130 131 135 146 147 149 150 151 154 158 159 168 169 177 178 179
a 10 11 14 22 25 30 32 38 43 47 48 49 50 52 57 60 61 73 74 76 80 83 86 88 90 91 92 98 99 105 107 110 112 113 115 117 122 123 124 125 130 131 135 141 146 147 149 150 151 154 158 159 168 169 177 178 179
a 10 11 14 21 22 25 30 32 38 43 47 48 49 50 52 57 60 61 73 74 76 80 83 86 88 90 91 92 98 99 105 107 110 112 115 117 122 123 124 125 130 131 135 141 146 147 149 150 151 154 158 159 168 169 177 178 179
a 10 11 14 21 22 25 30 32 38 43 47 48 49 50 52 57 60 61 73 74 76 80 83 86 88 90 91 92 98 99 105 107 110 112 115 117 122 123 124 125 131 135 140 141 146 147 149 150 151 154 158 159 168 169 177 178 179
a 10 11 14 21 22 25 30 32 38 43 47 48 49 50 52 57 60 61 73 74 76 80 83 86 88 90 91 92 98 99 105 107 110 112 115 117 122 123 124 125 131 140 141 146 147 149 150 151 154 158 159 164 168 169 177 178 179
a 10 11 14 21 22 25 30 32 38 43 47 48 49 50 52 57 60 61 73 74 76 80 83 86 88 90 91 93 98 99 105 107 110 112 115 117 122 123 124 125 131 140 141 146 147 149 150 151 154 158 159 164 168 169 177 178 179
a 10 11 14 21 22 25 30 32 38 43 47 48 49 50 52 57 60 61 73 74 76 80 83 86 88 90 91 93 98 99 104 105 107 110 112 115 117 122 123 124 125 131 140 141 146 147 149 150 151 154 158 159 164 168 169 177 179
	Command being timed: "/Users/soh/app/scala-2.12.4/bin/scala -J-Xms32g -J-Xmx32g -cp /Users/soh/app/IsrForCompetition230719-15h37m/scop.jar:/Users/soh/app/IsrForCompetition230719-15h37m/isr4competition_2.12-1.3.5.jar fun.scop.app.isr.IsrSolverTj05 benchmark/ISR-benchmark/random_instance/random_instance014_graph005.col benchmark/ISR-benchmark/random_instance/random_instance014_graph005.dat cadical /Users/soh/app/IsrForCompetition230719-15h37m/cadical"
	User time (seconds): 3.33
	System time (seconds): 0.47
	Percent of CPU this job got: 137%
	Elapsed (wall clock) time (h:mm:ss or m:ss): 0:02.77
	Average shared text size (kbytes): 0
	Average unshared data size (kbytes): 0
	Average stack size (kbytes): 0
	Average total size (kbytes): 0
	Maximum resident set size (kbytes): 8425226240
	Average resident set size (kbytes): 0
	Major (requiring I/O) page faults: 0
	Minor (reclaiming a frame) page faults: 524137
	Voluntary context switches: 35
	Involuntary context switches: 3571
	Swaps: 0
	File system inputs: 0
	File system outputs: 0
	Socket messages sent: 41
	Socket messages received: 0
	Signals delivered: 5
	Page size (bytes): 4096
	Exit status: 0
FINISHED CPU 3.8 MEM 0 MAXMEM 0 STALE 1
#RESULT: UNK
#FIN: FIN
#CPU: 3.8
#MAXMEM: 0
c 
#END: [Wed Jul 19 16:21:17 2023]
