#BEGIN: [Tue Aug  8 19:58:13 2023]
#HOST: mini24.local
#TIMELIMIT: 1800
#MEMLIMIT: 0
#FREQ: 10
#SOLVER: recon
#ARG1: benchmark/ISR-benchmark/random_instance/random_instance012_graph002.col
#ARG2: benchmark/ISR-benchmark/random_instance/random_instance012_graph002.dat
#COMMAND: /Users/soh/app/recon/src/recon benchmark/ISR-benchmark/random_instance/random_instance012_graph002.col benchmark/ISR-benchmark/random_instance/random_instance012_graph002.dat
c Copyright Volker Turau & Christoph Weyer, 2022
c Institute of Telematics
c Hamburg University of Technology, Hamburg, Germany
c Contact: turau@tuhh.de
c Graph file: benchmark/ISR-benchmark/random_instance/random_instance012_graph002.col
c Target file: benchmark/ISR-benchmark/random_instance/random_instance012_graph002.dat
c Size of independent set: 53
c Number of nodes of graph: 156
c Number of edges of graph: 468
c Average degree of graph: 6.00
s 4 10 14 15 17 22 29 30 34 39 40 42 43 44 46 47 48 51 52 56 57 58 61 62 63 66 67 73 74 75 76 82 83 87 92 93 98 99 101 105 106 118 124 126 129 141 142 144 147 148 150 152 154 
t 4 6 7 9 13 19 22 25 35 37 39 43 44 45 47 48 52 53 55 57 58 59 63 64 65 66 68 71 73 74 75 78 86 91 94 95 96 99 103 105 107 110 111 121 122 125 127 130 137 141 146 148 152 
c BFS found 22 new nodes in level 1 (total 23/223696213)
c BFS found 357 new nodes in level 2 (total 380/223696213)
c BFS found 4541 new nodes in level 3 (total 4921/223696213)
c BFS found 49071 new nodes in level 4 (total 53992/223696213)
c BFS found 453442 new nodes in level 5 (total 507407/223696213)
c BFS found 3617491 new nodes in level 6 (total 4123988/223696213)
c BFS found 25016848 new nodes in level 7 (total 29124453/223696213)
TIMEOUT CPU 1800 MEM 0 MAXMEM 0
#RESULT: UNK
#FIN: TO
#CPU: 1800
#MAXMEM: 0
c 24699 killed(2). 24700 killed(2). 24699 killed(9). 24700 killed(9). 
#END: [Tue Aug  8 20:28:13 2023]
