#BEGIN: [Tue Aug  8 21:08:13 2023]
#HOST: mini25.local
#TIMELIMIT: 1800
#MEMLIMIT: 0
#FREQ: 10
#SOLVER: recon
#ARG1: benchmark/ISR-benchmark/random_instance/random_instance017_graph002.col
#ARG2: benchmark/ISR-benchmark/random_instance/random_instance017_graph002.dat
#COMMAND: /Users/soh/app/recon/src/recon benchmark/ISR-benchmark/random_instance/random_instance017_graph002.col benchmark/ISR-benchmark/random_instance/random_instance017_graph002.dat
c Copyright Volker Turau & Christoph Weyer, 2022
c Institute of Telematics
c Hamburg University of Technology, Hamburg, Germany
c Contact: turau@tuhh.de
c Graph file: benchmark/ISR-benchmark/random_instance/random_instance017_graph002.col
c Target file: benchmark/ISR-benchmark/random_instance/random_instance017_graph002.dat
c Size of independent set: 69
c Number of nodes of graph: 221
c Number of edges of graph: 663
c Average degree of graph: 6.00
s 2 4 5 6 7 8 19 22 24 26 27 32 33 34 35 38 41 42 43 47 59 60 61 62 65 66 68 71 72 75 81 83 85 88 90 100 111 114 116 120 122 131 132 137 139 143 144 147 154 164 166 167 168 179 180 181 183 186 187 188 193 194 196 198 200 201 213 216 220 
t 5 6 8 10 12 18 19 20 27 29 31 42 44 48 50 51 59 61 63 64 66 71 73 79 83 84 88 90 99 108 110 112 116 117 119 129 131 137 139 140 142 147 148 153 156 158 159 160 162 163 164 169 174 176 179 181 187 188 189 191 193 197 198 199 202 207 210 212 216 
c BFS found 42 new nodes in level 1 (total 43/206488812)
c BFS found 1883 new nodes in level 2 (total 1926/206488812)
c BFS found 62235 new nodes in level 3 (total 64161/206488812)
c BFS found 1515166 new nodes in level 4 (total 1579327/206488812)
c BFS found 28566416 new nodes in level 5 (total 30145710/206488812)
TIMEOUT CPU 1800 MEM 0 MAXMEM 0
#RESULT: UNK
#FIN: TO
#CPU: 1800
#MAXMEM: 0
c 25894 killed(2). 25895 killed(2). 25894 killed(9). 25895 killed(9). 
#END: [Tue Aug  8 21:38:14 2023]
