#BEGIN: [Tue Aug  8 20:02:13 2023]
#HOST: mini28.local
#TIMELIMIT: 1800
#MEMLIMIT: 0
#FREQ: 10
#SOLVER: recon
#ARG1: benchmark/ISR-benchmark/random_instance/random_instance012_graph003.col
#ARG2: benchmark/ISR-benchmark/random_instance/random_instance012_graph003.dat
#COMMAND: /Users/soh/app/recon/src/recon benchmark/ISR-benchmark/random_instance/random_instance012_graph003.col benchmark/ISR-benchmark/random_instance/random_instance012_graph003.dat
c Copyright Volker Turau & Christoph Weyer, 2022
c Institute of Telematics
c Hamburg University of Technology, Hamburg, Germany
c Contact: turau@tuhh.de
c Graph file: benchmark/ISR-benchmark/random_instance/random_instance012_graph003.col
c Target file: benchmark/ISR-benchmark/random_instance/random_instance012_graph003.dat
c Size of independent set: 46
c Number of nodes of graph: 156
c Number of edges of graph: 468
c Average degree of graph: 6.00
s 2 4 6 9 11 15 21 27 30 33 34 39 42 47 52 53 54 62 63 69 73 76 77 82 85 87 95 101 102 106 110 114 121 122 124 126 129 130 131 132 141 146 147 148 153 154 
t 1 3 4 7 8 12 18 19 22 23 25 27 33 34 35 37 44 45 47 53 56 63 65 66 72 73 80 83 85 88 92 100 107 110 122 124 129 131 133 137 141 143 144 145 152 153 
c BFS found 31 new nodes in level 1 (total 32/223696213)
c BFS found 937 new nodes in level 2 (total 969/223696213)
c BFS found 19413 new nodes in level 3 (total 20382/223696213)
c BFS found 311617 new nodes in level 4 (total 331999/223696213)
c BFS found 4004813 new nodes in level 5 (total 4336729/223696213)
c BFS found 42580128 new nodes in level 6 (total 46912807/223696213)
TIMEOUT CPU 1800 MEM 0 MAXMEM 0
#RESULT: UNK
#FIN: TO
#CPU: 1800
#MAXMEM: 0
c 26167 killed(2). 26168 killed(2). 26167 killed(9). 26168 killed(9). 
#END: [Tue Aug  8 20:32:14 2023]
