#BEGIN: [Tue Aug  1 18:48:42 2023]
#HOST: mini28.local
#TIMELIMIT: 7200
#MEMLIMIT: 0
#FREQ: 10
#SOLVER: ddreconf230801-10h10m
#ARG1: benchmark/ISR-benchmark/random_instance/random_instance014_graph004.col
#ARG2: benchmark/ISR-benchmark/random_instance/random_instance014_graph004.dat
#COMMAND: /Users/soh/app/ddreconf230801-10h10m/ddreconf benchmark/ISR-benchmark/random_instance/random_instance014_graph004.col --indset --stwidth --stfile=benchmark/ISR-benchmark/random_instance/random_instance014_graph004.dat
Input graph file parsed. # of vertices = 182, # of edges = 546
s 3 4 6 7 9 10 16 20 21 24 25 30 31 38 39 41 44 45 50 53 58 64 66 71 72 76 77 78 85 87 90 91 92 94 95 97 103 107 128 119 121 122 124 130 131 156 147 144 148 149 150 164 179 182 178 180
t 132 8 10 13 17 24 25 26 30 39 40 42 45 46 49 50 55 56 57 62 64 66 68 69 71 78 79 158 88 90 91 93 94 99 112 104 174 110 111 128 141 117 122 123 131 137 140 147 143 145 149 173 153 159 168 169
Solution space ZDD construction start
Command terminated by signal 9
	Command being timed: "/Users/soh/app/ddreconf230801-10h10m/ddreconf benchmark/ISR-benchmark/random_instance/random_instance014_graph004.col --indset --stwidth --stfile=benchmark/ISR-benchmark/random_instance/random_instance014_graph004.dat"
	User time (seconds): 1856.80
	System time (seconds): 1659.49
	Percent of CPU this job got: 65%
	Elapsed (wall clock) time (h:mm:ss or m:ss): 1:29:41
	Average shared text size (kbytes): 0
	Average unshared data size (kbytes): 0
	Average stack size (kbytes): 0
	Average total size (kbytes): 0
	Maximum resident set size (kbytes): 255068143616
	Average resident set size (kbytes): 0
	Major (requiring I/O) page faults: 0
	Minor (reclaiming a frame) page faults: 258329615
	Voluntary context switches: 3295092
	Involuntary context switches: 2648409
	Swaps: 0
	File system inputs: 0
	File system outputs: 0
	Socket messages sent: 37
	Socket messages received: 0
	Signals delivered: 0
	Page size (bytes): 4096
	Exit status: 0
FINISHED CPU 3516.29 MEM 0 MAXMEM 0 STALE 1
#RESULT: UNK
#FIN: FIN
#CPU: 3516.29
#MAXMEM: 0
c 
#END: [Tue Aug  1 20:18:24 2023]
