#BEGIN: [Tue Aug  1 13:01:37 2023]
#HOST: mini22.local
#TIMELIMIT: 7200
#MEMLIMIT: 0
#FREQ: 10
#SOLVER: ddreconf230801-10h10m
#ARG1: benchmark/ISR-benchmark/random_instance/random_instance005_graph005.col
#ARG2: benchmark/ISR-benchmark/random_instance/random_instance005_graph005.dat
#COMMAND: /Users/soh/app/ddreconf230801-10h10m/ddreconf benchmark/ISR-benchmark/random_instance/random_instance005_graph005.col --indset --stwidth --stfile=benchmark/ISR-benchmark/random_instance/random_instance005_graph005.dat
Input graph file parsed. # of vertices = 65, # of edges = 195
s 1 3 5 8 9 10 13 51 19 20 26 32 59 39 41 43 46 47 53 58
t 6 7 10 13 14 15 51 19 21 28 29 32 43 44 46 48 53 58 62 55
Solution space ZDD construction start
Solution space ZDD construction end
Solution space ZDD construction time = 49.883196
Solution space ZDD size = 1726509
# of elements in the solution space = 54651105614
Start computing the width of the solution space graph
Zs_1 construction time = 0.000374, # ZDD nodes = 156, # elems = 17
Zt_1 construction time = 0.000232, # ZDD nodes = 98, # elems = 10
Zs_2 construction time = 0.002744, # ZDD nodes = 759, # elems = 262
Zt_2 construction time = 0.001163, # ZDD nodes = 402, # elems = 126
Zs_3 construction time = 0.016588, # ZDD nodes = 3073, # elems = 2467
Zt_3 construction time = 0.004885, # ZDD nodes = 1407, # elems = 876
Zs_4 construction time = 0.109363, # ZDD nodes = 10789, # elems = 16246
Zt_4 construction time = 0.026892, # ZDD nodes = 4352, # elems = 4954
Zs_5 construction time = 0.544653, # ZDD nodes = 32915, # elems = 81084
Zt_5 construction time = 0.109520, # ZDD nodes = 11648, # elems = 22414
Zs_6 construction time = 2.454752, # ZDD nodes = 85939, # elems = 326342
Reconf seq found. Shortest length = 11
Zt_6 construction time = 0.443301, # ZDD nodes = 28140, # elems = 82661
Zs_7 construction time = 8.226140, # ZDD nodes = 194199, # elems = 1114057
Zt_7 construction time = 1.335131, # ZDD nodes = 62941, # elems = 249803
Zs_8 construction time = 22.772765, # ZDD nodes = 385264, # elems = 3317416
Zt_8 construction time = 4.041822, # ZDD nodes = 128852, # elems = 643458
Zs_9 construction time = 62.908898, # ZDD nodes = 676078, # elems = 8651474
Zt_9 construction time = 11.102358, # ZDD nodes = 245032, # elems = 1511713
Zs_10 construction time = 127.774962, # ZDD nodes = 1045576, # elems = 19439246
Zt_10 construction time = 27.206284, # ZDD nodes = 438206, # elems = 3508120
Zs_11 construction time = 214.702318, # ZDD nodes = 1415943, # elems = 36433486
Zt_11 construction time = 49.472020, # ZDD nodes = 736774, # elems = 8358650
Card(Zs_0 & Zt_11) = 1
Card(Zs_1 & Zt_10) = 4
Card(Zs_2 & Zt_9) = 12
Card(Zs_3 & Zt_8) = 17
Card(Zs_4 & Zt_7) = 13
Card(Zs_5 & Zt_6) = 8
Card(Zs_6 & Zt_5) = 5
Card(Zs_7 & Zt_4) = 5
Card(Zs_8 & Zt_3) = 6
Card(Zs_9 & Zt_2) = 5
Card(Zs_10 & Zt_1) = 3
Card(Zs_11 & Zt_0) = 1
max card = 17
max card index = 3
a YES
a 1 3 5 8 9 10 13 19 20 26 32 39 41 43 46 47 51 53 58 59
a 1 3 5 9 10 13 19 20 26 32 39 41 43 46 47 51 53 55 58 59
a 3 5 9 10 13 19 20 26 32 39 41 43 46 47 51 53 55 58 59 62
a 3 5 7 9 10 13 19 20 26 32 39 41 43 46 51 53 55 58 59 62
a 3 5 7 9 10 13 19 20 32 39 41 43 46 48 51 53 55 58 59 62
a 3 5 7 9 10 13 19 20 21 32 39 43 46 48 51 53 55 58 59 62
a 3 5 7 10 13 14 19 20 21 32 39 43 46 48 51 53 55 58 59 62
a 3 5 7 10 13 14 19 20 21 32 43 44 46 48 51 53 55 58 59 62
a 5 7 10 13 14 19 20 21 29 32 43 44 46 48 51 53 55 58 59 62
a 5 6 7 10 13 14 19 20 21 29 32 43 44 46 48 51 53 55 58 62
a 6 7 10 13 14 15 19 20 21 29 32 43 44 46 48 51 53 55 58 62
a 6 7 10 13 14 15 19 21 28 29 32 43 44 46 48 51 53 55 58 62
Reconfiguration time = 535.134482
	Command being timed: "/Users/soh/app/ddreconf230801-10h10m/ddreconf benchmark/ISR-benchmark/random_instance/random_instance005_graph005.col --indset --stwidth --stfile=benchmark/ISR-benchmark/random_instance/random_instance005_graph005.dat"
	User time (seconds): 578.79
	System time (seconds): 7.47
	Percent of CPU this job got: 99%
	Elapsed (wall clock) time (h:mm:ss or m:ss): 9:46.29
	Average shared text size (kbytes): 0
	Average unshared data size (kbytes): 0
	Average stack size (kbytes): 0
	Average total size (kbytes): 0
	Maximum resident set size (kbytes): 83936280576
	Average resident set size (kbytes): 0
	Major (requiring I/O) page faults: 0
	Minor (reclaiming a frame) page faults: 8399839
	Voluntary context switches: 25
	Involuntary context switches: 2836
	Swaps: 0
	File system inputs: 0
	File system outputs: 0
	Socket messages sent: 38
	Socket messages received: 0
	Signals delivered: 0
	Page size (bytes): 4096
	Exit status: 0
FINISHED CPU 586.26 MEM 0 MAXMEM 0 STALE 1
#RESULT: UNK
#FIN: FIN
#CPU: 586.26
#MAXMEM: 0
c 
#END: [Tue Aug  1 13:11:24 2023]
