#BEGIN: [Wed Jul 19 16:20:49 2023]
#HOST: mini23.local
#TIMELIMIT: 7200
#MEMLIMIT: 0
#FREQ: 10
#SOLVER: sat-based-isr-tj05-230719-15h37m
#ARG1: benchmark/ISR-benchmark/random_instance/random_instance005_graph003.col
#ARG2: benchmark/ISR-benchmark/random_instance/random_instance005_graph003.dat
#COMMAND: /Users/soh/app/scala-2.12.4/bin/scala -J-Xms32g -J-Xmx32g -cp /Users/soh/app/IsrForCompetition230719-15h37m/scop.jar:/Users/soh/app/IsrForCompetition230719-15h37m/isr4competition_2.12-1.3.5.jar fun.scop.app.isr.IsrSolverTj05 benchmark/ISR-benchmark/random_instance/random_instance005_graph003.col benchmark/ISR-benchmark/random_instance/random_instance005_graph003.dat cadical /Users/soh/app/IsrForCompetition230719-15h37m/cadical
#Nodes: 65
#Edges: 195
c (0) step 1 UNSAT 411 1356
c (0) step 2 UNSAT 798 2556
c (0) step 3 UNSAT 1248 3900
c (0) step 4 UNSAT 1782 5429
c (0) step 5 UNSAT 2421 7184
c (0) step 6 UNSAT 3186 9206
c (0) step 7 UNSAT 4098 11536
c (0) step 8 UNSAT 5178 14215
c (0) step 9 UNSAT 6447 17284
c (0) step 10 UNSAT 7926 20784
c (0) step 11 UNSAT 9636 24756
c (0) step 12 UNSAT 11598 29241
c (0) step 13 UNSAT 13833 34280
c (0) step 14 SAT 16362 39914
a YES
a 9 11 13 15 17 24 27 32 33 36 37 38 39 40 42 43 44 46 47 54 61 65
a 9 11 13 15 17 27 32 33 36 37 38 39 40 42 43 44 46 47 53 54 61 65
a 9 11 13 15 27 32 33 34 36 37 38 39 40 42 43 44 46 47 53 54 61 65
a 1 9 11 13 15 27 32 33 34 36 37 38 39 40 43 44 46 47 53 54 61 65
a 1 9 11 13 15 27 32 33 34 36 37 38 39 40 41 43 44 46 47 53 54 61
a 1 9 11 13 14 15 27 33 34 36 37 38 39 40 41 43 44 46 47 53 54 61
a 1 9 11 13 14 15 25 27 33 34 36 37 38 39 40 41 43 44 46 47 54 61
a 1 9 11 13 14 15 25 27 33 34 37 38 39 40 41 43 44 46 47 50 54 61
a 1 9 11 13 14 15 25 27 33 34 37 38 40 41 43 44 46 47 50 52 54 61
a 1 9 11 13 14 15 18 25 27 33 34 37 38 40 41 43 44 46 50 52 54 61
a 1 9 11 12 13 14 15 18 25 27 33 34 38 40 41 43 44 46 50 52 54 61
a 1 3 9 11 12 13 14 15 18 25 27 33 34 38 40 41 43 46 50 52 54 61
a 1 3 7 9 11 12 13 14 15 18 25 27 33 34 38 40 41 46 50 52 54 61
a 1 3 7 9 10 11 12 13 14 15 18 25 27 33 34 38 40 41 46 50 52 54
a 1 3 7 9 10 11 12 13 14 15 18 25 33 34 38 40 41 46 50 52 54 62
	Command being timed: "/Users/soh/app/scala-2.12.4/bin/scala -J-Xms32g -J-Xmx32g -cp /Users/soh/app/IsrForCompetition230719-15h37m/scop.jar:/Users/soh/app/IsrForCompetition230719-15h37m/isr4competition_2.12-1.3.5.jar fun.scop.app.isr.IsrSolverTj05 benchmark/ISR-benchmark/random_instance/random_instance005_graph003.col benchmark/ISR-benchmark/random_instance/random_instance005_graph003.dat cadical /Users/soh/app/IsrForCompetition230719-15h37m/cadical"
	User time (seconds): 1.29
	System time (seconds): 0.10
	Percent of CPU this job got: 166%
	Elapsed (wall clock) time (h:mm:ss or m:ss): 0:00.83
	Average shared text size (kbytes): 0
	Average unshared data size (kbytes): 0
	Average stack size (kbytes): 0
	Average total size (kbytes): 0
	Maximum resident set size (kbytes): 1078673408
	Average resident set size (kbytes): 0
	Major (requiring I/O) page faults: 0
	Minor (reclaiming a frame) page faults: 71778
	Voluntary context switches: 35
	Involuntary context switches: 2942
	Swaps: 0
	File system inputs: 0
	File system outputs: 0
	Socket messages sent: 39
	Socket messages received: 0
	Signals delivered: 5
	Page size (bytes): 4096
	Exit status: 0
FINISHED CPU 1.39 MEM 0 MAXMEM 0 STALE 1
#RESULT: UNK
#FIN: FIN
#CPU: 1.39
#MAXMEM: 0
c 
#END: [Wed Jul 19 16:20:50 2023]
