#BEGIN: [Wed Jul 19 16:21:20 2023]
#HOST: mini28.local
#TIMELIMIT: 7200
#MEMLIMIT: 0
#FREQ: 10
#SOLVER: sat-based-isr-tj05-230719-15h37m
#ARG1: benchmark/ISR-benchmark/random_instance/random_instance016_graph002.col
#ARG2: benchmark/ISR-benchmark/random_instance/random_instance016_graph002.dat
#COMMAND: /Users/soh/app/scala-2.12.4/bin/scala -J-Xms32g -J-Xmx32g -cp /Users/soh/app/IsrForCompetition230719-15h37m/scop.jar:/Users/soh/app/IsrForCompetition230719-15h37m/isr4competition_2.12-1.3.5.jar fun.scop.app.isr.IsrSolverTj05 benchmark/ISR-benchmark/random_instance/random_instance016_graph002.col benchmark/ISR-benchmark/random_instance/random_instance016_graph002.dat cadical /Users/soh/app/IsrForCompetition230719-15h37m/cadical
#Nodes: 206
#Edges: 624
WARNING. There is missing goal nodes: {139, 45}
c (0) step 1 UNSAT 1299 4314
c (0) step 2 UNSAT 2517 8112
c (0) step 3 UNSAT 3924 12348
c (0) step 4 UNSAT 5583 17147
c (0) step 5 UNSAT 7557 22634
c (0) step 6 UNSAT 9909 28934
c (0) step 7 UNSAT 12702 36172
c (0) step 8 UNSAT 15999 44473
c (0) step 9 UNSAT 19863 53962
c (0) step 10 UNSAT 24357 64764
c (0) step 11 UNSAT 29544 77004
c (0) step 12 UNSAT 35487 90807
c (0) step 13 UNSAT 42249 106298
c (0) step 14 UNSAT 49893 123602
c (0) step 15 UNSAT 58482 142844
c (0) step 16 UNSAT 68079 164149
c (0) step 17 UNSAT 78747 187642
c (0) step 18 UNSAT 90549 213448
c (0) step 19 UNSAT 103548 241692
c (0) step 20 UNSAT 117807 272499
c (0) step 21 UNSAT 133389 305994
c (0) step 22 UNSAT 150357 342302
c (0) step 23 UNSAT 168774 381548
c (0) step 24 UNSAT 188703 423857
c (0) step 25 UNSAT 210207 469354
c (0) step 26 UNSAT 233349 518164
c (0) step 27 UNSAT 258192 570412
c (0) step 28 UNSAT 284799 626223
c (0) step 29 UNSAT 313233 685722
c (1) step 30 UNSAT 343557 749034
c (1) step 31 UNSAT 375834 816284
c (1) step 32 UNSAT 410127 887597
c (1) step 33 UNSAT 446499 963098
c (1) step 34 UNSAT 485013 1042912
c (1) step 35 UNSAT 525732 1127164
c (1) step 36 UNSAT 568719 1215979
c (1) step 37 UNSAT 614037 1309482
c (1) step 38 UNSAT 661749 1407798
c (2) step 39 UNSAT 711918 1511052
c (2) step 40 UNSAT 764607 1619369
c (2) step 41 UNSAT 819879 1732874
c (5) step 42 SAT 877797 1851692
a YES
a 4 19 22 35 38 39 40 42 43 48 50 58 59 60 62 63 64 69 71 73 74 77 82 84 85 91 96 97 98 104 105 108 110 111 112 113 115 121 123 124 125 128 129 137 138 141 144 148 150 153 156 157 164 175 176 177 180 188 190 191 192 194 200 202
a 4 19 22 35 38 39 40 42 43 48 58 59 60 62 63 64 69 71 73 74 77 82 84 85 91 96 97 98 104 105 108 110 111 112 113 115 121 123 124 125 128 129 137 138 141 144 148 150 153 156 157 164 166 175 176 177 180 188 190 191 192 194 200 202
a 4 19 22 35 38 39 40 42 43 48 58 59 60 62 63 64 69 71 73 74 77 82 84 85 91 95 96 97 98 104 105 108 110 111 112 113 115 121 123 124 125 128 129 137 138 141 144 148 150 153 156 157 164 166 175 176 180 188 190 191 192 194 200 202
a 4 19 22 35 38 39 40 42 43 48 58 59 60 62 63 64 69 71 73 74 77 82 84 85 91 95 96 97 98 104 105 108 111 112 113 115 121 123 124 125 128 129 137 138 141 144 148 150 153 156 157 164 166 175 176 180 186 188 190 191 192 194 200 202
a 4 19 22 38 39 40 42 43 48 58 59 60 62 63 64 69 71 73 74 77 82 84 85 91 95 96 97 98 104 105 108 111 112 113 115 117 121 123 124 125 128 129 137 138 141 144 148 150 153 156 157 164 166 175 176 180 186 188 190 191 192 194 200 202
a 4 19 22 38 39 40 42 43 48 58 59 60 62 63 64 69 71 73 74 77 82 84 85 91 95 96 97 98 104 105 108 111 112 113 115 117 121 123 124 125 128 134 137 138 141 144 148 150 153 156 157 164 166 175 176 180 186 188 190 191 192 194 200 202
a 4 19 22 38 39 40 42 43 48 58 59 60 62 63 64 69 71 73 74 77 82 84 85 91 95 96 97 98 104 105 107 108 111 112 113 115 117 121 123 124 125 128 134 137 138 141 144 148 150 153 156 164 166 175 176 180 186 188 190 191 192 194 200 202
a 4 19 22 38 39 40 42 43 48 58 59 60 62 63 64 69 71 73 74 77 82 84 85 91 95 96 97 98 104 105 107 108 111 112 113 115 117 121 123 124 125 128 134 137 138 144 148 150 153 156 164 166 175 176 180 186 188 190 191 192 194 198 200 202
a 19 22 38 39 40 42 43 48 58 59 60 62 63 64 69 71 73 74 77 82 84 85 88 91 95 96 97 98 104 105 107 108 111 112 113 115 117 121 123 124 125 128 134 137 138 144 148 150 153 156 164 166 175 176 180 186 188 190 191 192 194 198 200 202
a 19 22 38 39 40 42 43 48 58 59 60 63 64 69 71 73 74 77 82 84 85 88 91 95 96 97 98 104 105 107 108 111 112 113 115 117 121 123 124 125 126 128 134 137 138 144 148 150 153 156 164 166 175 176 180 186 188 190 191 192 194 198 200 202
a 19 22 38 39 40 42 43 48 49 58 59 60 63 64 69 71 73 74 77 84 85 88 91 95 96 97 98 104 105 107 108 111 112 113 115 117 121 123 124 125 126 128 134 137 138 144 148 150 153 156 164 166 175 176 180 186 188 190 191 192 194 198 200 202
a 19 22 38 39 40 42 43 48 49 58 59 60 63 64 69 71 73 74 77 84 85 88 91 95 96 97 98 104 105 107 108 111 112 113 115 117 120 121 123 124 125 126 128 134 137 138 144 148 153 156 164 166 175 176 180 186 188 190 191 192 194 198 200 202
a 19 22 38 39 40 42 43 48 49 58 59 60 63 64 69 71 73 74 77 84 85 88 91 95 96 97 98 104 105 107 108 111 112 113 117 118 120 121 123 124 125 126 128 134 137 138 144 148 153 156 164 166 175 176 180 186 188 190 191 192 194 198 200 202
a 19 22 38 39 40 42 43 47 48 49 58 59 60 63 64 69 71 73 74 77 84 85 88 91 95 96 97 98 104 105 107 108 111 112 113 117 118 120 121 123 124 125 126 128 134 137 138 144 148 153 156 164 166 175 176 180 186 188 190 191 192 194 198 202
a 19 22 38 39 40 42 43 47 48 49 58 59 60 63 64 69 71 73 74 77 84 85 88 91 95 96 97 98 104 105 107 108 111 112 113 117 118 120 121 123 124 125 126 128 134 137 138 144 148 153 156 164 166 175 176 180 186 188 190 191 192 195 198 202
a 19 22 38 40 42 43 47 48 49 58 59 60 63 64 69 71 73 74 77 84 85 88 91 95 96 97 98 104 105 106 107 108 111 112 113 117 118 120 121 123 124 125 126 128 134 137 138 144 148 153 156 164 166 175 176 180 186 188 190 191 192 195 198 202
a 19 22 38 40 42 43 47 48 49 58 59 60 63 64 69 71 73 74 77 84 85 88 91 95 96 97 98 104 105 106 107 108 111 112 113 117 118 120 121 123 124 125 126 128 134 137 138 144 147 148 153 156 164 166 175 176 180 186 188 190 191 192 195 198
a 19 22 38 40 42 43 47 48 49 58 59 60 63 64 69 71 73 74 77 84 85 88 91 95 96 97 98 104 105 106 107 108 111 112 113 117 118 120 121 123 124 125 126 128 134 137 138 144 147 148 152 153 156 164 166 175 176 180 186 190 191 192 195 198
a 6 19 22 38 40 42 43 47 48 49 58 59 60 63 64 69 71 73 74 84 85 88 91 95 96 97 98 104 105 106 107 108 111 112 113 117 118 120 121 123 124 125 126 128 134 137 138 144 147 148 152 153 156 164 166 175 176 180 186 190 191 192 195 198
a 6 19 22 38 40 42 43 47 48 49 58 59 60 63 64 69 71 73 74 84 85 88 91 95 96 97 98 104 105 106 107 108 111 112 113 117 118 120 121 123 124 125 126 128 134 137 138 144 147 148 152 153 155 156 164 166 175 176 180 186 191 192 195 198
a 6 11 19 38 40 42 43 47 48 49 58 59 60 63 64 69 71 73 74 84 85 88 91 95 96 97 98 104 105 106 107 108 111 112 113 117 118 120 121 123 124 125 126 128 134 137 138 144 147 148 152 153 155 156 164 166 175 176 180 186 191 192 195 198
a 6 11 19 38 40 42 43 47 48 49 58 59 60 63 64 69 71 73 74 84 85 88 91 94 95 96 97 98 104 105 106 107 108 111 112 113 117 118 120 121 123 124 125 126 128 134 137 138 144 147 148 152 153 155 156 164 166 175 180 186 191 192 195 198
a 6 11 19 38 40 42 47 48 49 58 59 60 63 64 69 71 73 74 84 85 88 90 91 94 95 96 97 98 104 105 106 107 108 111 112 113 117 118 120 121 123 124 125 126 128 134 137 138 144 147 148 152 153 155 156 164 166 175 180 186 191 192 195 198
a 6 11 19 38 40 42 47 48 49 58 59 60 63 64 69 71 73 74 84 85 88 90 91 94 95 96 97 98 101 104 105 106 107 108 111 112 113 117 118 120 121 123 124 125 126 128 134 137 138 147 148 152 153 155 156 164 166 175 180 186 191 192 195 198
a 6 11 38 40 42 47 48 49 58 59 60 63 64 69 71 73 74 84 85 88 90 91 94 95 96 97 98 101 104 105 106 107 108 111 112 113 117 118 120 121 123 124 125 126 128 134 137 138 147 148 152 153 155 156 158 164 166 175 180 186 191 192 195 198
a 6 11 38 40 42 47 48 49 58 59 60 63 64 69 71 73 74 84 85 88 90 91 94 95 96 97 98 101 104 105 106 107 108 111 112 117 118 120 121 123 124 125 126 128 134 137 138 147 148 152 153 154 155 156 158 164 166 175 180 186 191 192 195 198
a 6 11 38 40 42 47 48 49 58 59 60 63 64 69 71 73 74 84 85 88 90 91 94 95 96 97 98 101 104 105 106 107 108 111 112 117 118 120 121 123 124 125 126 128 134 137 138 147 148 152 154 155 156 158 164 166 168 175 180 186 191 192 195 198
a 6 11 38 40 42 47 48 49 58 59 60 63 64 69 71 73 74 84 85 88 90 91 94 95 96 97 98 101 104 105 106 107 108 111 112 117 118 120 121 123 125 126 128 134 137 138 147 148 152 154 155 156 158 164 166 168 175 180 186 191 192 195 198 206
a 6 11 38 40 42 47 48 49 58 59 60 63 64 69 71 73 74 84 85 88 90 91 94 95 96 97 98 101 105 106 107 108 111 112 117 118 120 121 123 125 126 128 134 137 138 147 148 152 154 155 156 158 164 166 168 171 175 180 186 191 192 195 198 206
a 6 11 38 40 42 47 48 49 58 59 60 63 64 69 71 73 74 85 88 90 91 94 95 96 97 98 101 105 106 107 108 111 112 117 118 119 120 121 123 125 126 128 134 137 138 147 148 152 154 155 156 158 164 166 168 171 175 180 186 191 192 195 198 206
a 6 11 38 40 42 47 48 49 59 60 63 64 69 71 73 74 85 88 90 91 94 95 96 97 98 101 105 106 107 108 111 112 117 118 119 120 121 123 125 126 128 134 137 138 147 148 152 154 155 156 158 164 166 168 171 175 180 186 191 192 195 198 199 206
a 6 11 38 40 42 47 48 49 59 60 63 64 69 71 73 74 85 88 90 91 94 95 96 97 101 103 105 106 107 108 111 112 117 118 119 120 121 123 125 126 128 134 137 138 147 148 152 154 155 156 158 164 166 168 171 175 180 186 191 192 195 198 199 206
a 6 11 38 40 42 47 48 49 59 60 63 64 69 71 73 74 88 90 91 94 95 96 97 101 103 105 106 107 108 111 112 117 118 119 120 121 123 125 126 128 134 137 138 147 148 152 154 155 156 158 164 166 168 171 175 180 186 191 192 193 195 198 199 206
a 6 11 38 40 42 47 48 49 59 63 64 69 71 73 74 88 90 91 94 95 96 97 101 103 105 106 107 108 111 112 117 118 119 120 121 123 125 126 128 134 137 138 147 148 152 154 155 156 158 164 166 168 171 174 175 180 186 191 192 193 195 198 199 206
a 6 11 38 40 47 48 49 59 63 64 69 71 73 74 88 90 91 94 95 96 97 101 103 105 106 107 108 111 112 117 118 119 120 121 123 125 126 128 134 137 138 147 148 152 154 155 156 158 162 164 166 168 171 174 175 180 186 191 192 193 195 198 199 206
a 6 11 32 38 40 47 48 49 59 63 64 69 71 73 74 88 90 91 94 95 96 97 101 103 105 106 107 108 111 112 117 118 119 120 121 123 126 128 134 137 138 147 148 152 154 155 156 158 162 164 166 168 171 174 175 180 186 191 192 193 195 198 199 206
a 6 11 32 38 47 48 49 59 63 64 69 71 73 74 88 90 91 94 95 96 97 101 103 105 106 107 108 111 112 117 118 119 120 121 123 126 128 134 137 138 147 148 152 154 155 156 158 162 164 166 168 171 174 175 180 186 191 192 193 195 198 199 204 206
a 6 11 32 38 47 48 49 59 63 64 69 71 73 74 88 90 91 94 95 96 97 101 103 105 106 107 108 111 112 117 118 119 120 121 123 126 134 137 138 147 148 152 154 155 156 158 162 164 165 166 168 171 174 175 180 186 191 192 193 195 198 199 204 206
a 6 11 32 38 47 48 49 55 59 63 64 69 71 73 74 88 90 91 94 95 96 97 101 103 105 106 107 111 112 117 118 119 120 121 123 126 134 137 138 147 148 152 154 155 156 158 162 164 165 166 168 171 174 175 180 186 191 192 193 195 198 199 204 206
a 6 11 32 38 47 48 49 55 59 63 64 69 71 73 74 88 90 91 94 95 96 97 101 103 105 106 107 111 114 117 118 119 120 121 123 126 134 137 138 147 148 152 154 155 156 158 162 164 165 166 168 171 174 175 180 186 191 192 193 195 198 199 204 206
a 6 7 11 32 38 47 48 49 55 59 63 64 69 71 73 74 88 90 91 94 95 97 101 103 105 106 107 111 114 117 118 119 120 121 123 126 134 137 138 147 148 152 154 155 156 158 162 164 165 166 168 171 174 175 180 186 191 192 193 195 198 199 204 206
a 6 7 11 32 34 38 47 48 49 55 59 63 64 69 71 74 88 90 91 94 95 97 101 103 105 106 107 111 114 117 118 119 120 121 123 126 134 137 138 147 148 152 154 155 156 158 162 164 165 166 168 171 174 175 180 186 191 192 193 195 198 199 204 206
a 6 7 11 32 34 38 47 48 49 55 59 63 64 69 71 81 88 90 91 94 95 97 101 103 105 106 107 111 114 117 118 119 120 121 123 126 134 137 138 147 148 152 154 155 156 158 162 164 165 166 168 171 174 175 180 186 191 192 193 195 198 199 204 206
	Command being timed: "/Users/soh/app/scala-2.12.4/bin/scala -J-Xms32g -J-Xmx32g -cp /Users/soh/app/IsrForCompetition230719-15h37m/scop.jar:/Users/soh/app/IsrForCompetition230719-15h37m/isr4competition_2.12-1.3.5.jar fun.scop.app.isr.IsrSolverTj05 benchmark/ISR-benchmark/random_instance/random_instance016_graph002.col benchmark/ISR-benchmark/random_instance/random_instance016_graph002.dat cadical /Users/soh/app/IsrForCompetition230719-15h37m/cadical"
	User time (seconds): 6.51
	System time (seconds): 0.86
	Percent of CPU this job got: 116%
	Elapsed (wall clock) time (h:mm:ss or m:ss): 0:06.34
	Average shared text size (kbytes): 0
	Average unshared data size (kbytes): 0
	Average stack size (kbytes): 0
	Average total size (kbytes): 0
	Maximum resident set size (kbytes): 13914128384
	Average resident set size (kbytes): 0
	Major (requiring I/O) page faults: 4
	Minor (reclaiming a frame) page faults: 879274
	Voluntary context switches: 36
	Involuntary context switches: 3647
	Swaps: 0
	File system inputs: 0
	File system outputs: 0
	Socket messages sent: 44
	Socket messages received: 0
	Signals delivered: 6
	Page size (bytes): 4096
	Exit status: 0
FINISHED CPU 7.37 MEM 0 MAXMEM 0 STALE 1
#RESULT: UNK
#FIN: FIN
#CPU: 7.37
#MAXMEM: 0
c 
#END: [Wed Jul 19 16:21:27 2023]
