#BEGIN: [Wed Jul 19 16:21:09 2023]
#HOST: mini30.local
#TIMELIMIT: 7200
#MEMLIMIT: 0
#FREQ: 10
#SOLVER: sat-based-isr-tj05-230719-15h37m
#ARG1: benchmark/ISR-benchmark/random_instance/random_instance013_graph005.col
#ARG2: benchmark/ISR-benchmark/random_instance/random_instance013_graph005.dat
#COMMAND: /Users/soh/app/scala-2.12.4/bin/scala -J-Xms32g -J-Xmx32g -cp /Users/soh/app/IsrForCompetition230719-15h37m/scop.jar:/Users/soh/app/IsrForCompetition230719-15h37m/isr4competition_2.12-1.3.5.jar fun.scop.app.isr.IsrSolverTj05 benchmark/ISR-benchmark/random_instance/random_instance013_graph005.col benchmark/ISR-benchmark/random_instance/random_instance013_graph005.dat cadical /Users/soh/app/IsrForCompetition230719-15h37m/cadical
#Nodes: 168
#Edges: 507
WARNING. There is missing goal nodes: {89}
c (0) step 1 UNSAT 1059 3512
c (0) step 2 UNSAT 2051 6603
c (0) step 3 UNSAT 3196 10048
c (0) step 4 UNSAT 4545 13948
c (0) step 5 UNSAT 6149 18404
c (0) step 6 UNSAT 8059 23517
c (0) step 7 UNSAT 10326 29388
c (0) step 8 UNSAT 13001 36118
c (0) step 9 UNSAT 16135 43808
c (0) step 10 UNSAT 19779 52559
c (0) step 11 UNSAT 23984 62472
c (0) step 12 UNSAT 28801 73648
c (0) step 13 UNSAT 34281 86188
c (0) step 14 UNSAT 40475 100193
c (0) step 15 UNSAT 47434 115764
c (0) step 16 UNSAT 55209 133002
c (0) step 17 UNSAT 63851 152008
c (0) step 18 UNSAT 73411 172883
c (0) step 19 UNSAT 83940 195728
c (0) step 20 UNSAT 95489 220644
c (0) step 21 UNSAT 108109 247732
c (0) step 22 UNSAT 121851 277093
c (0) step 23 UNSAT 136766 308828
c (0) step 24 UNSAT 152905 343038
c (0) step 25 UNSAT 170319 379824
c (0) step 26 UNSAT 189059 419287
c (0) step 27 UNSAT 209176 461528
c (0) step 28 UNSAT 230721 506648
c (0) step 29 UNSAT 253745 554748
c (0) step 30 UNSAT 278299 605929
c (0) step 31 UNSAT 304434 660292
c (1) step 32 UNSAT 332201 717938
c (1) step 33 UNSAT 361651 778968
c (1) step 34 UNSAT 392835 843483
c (1) step 35 SAT 425804 911584
a YES
a 3 5 7 12 13 15 26 31 32 33 34 43 44 46 52 54 59 65 71 73 75 78 79 84 90 92 93 99 101 103 105 107 109 115 120 126 128 130 134 135 137 138 141 142 145 146 147 149 150 157 161 163
a 3 5 7 12 13 15 26 31 32 33 34 43 44 46 52 54 59 65 71 73 75 78 79 84 90 92 93 99 101 105 107 109 115 120 121 126 128 130 134 135 137 138 141 142 145 146 147 149 150 157 161 163
a 3 5 7 12 13 15 26 31 32 33 34 43 44 46 52 54 65 71 73 75 78 79 84 90 92 93 99 101 105 107 109 115 120 121 126 128 130 134 135 136 137 138 141 142 145 146 147 149 150 157 161 163
a 3 5 7 12 13 15 26 31 32 33 34 43 44 46 52 54 65 71 73 75 78 79 84 90 91 93 99 101 105 107 109 115 120 121 126 128 130 134 135 136 137 138 141 142 145 146 147 149 150 157 161 163
a 3 5 7 12 13 15 26 31 32 33 34 43 44 46 52 54 65 71 73 75 78 79 84 90 91 93 99 101 105 107 109 115 121 126 128 130 134 135 136 137 138 141 142 144 145 146 147 149 150 157 161 163
a 3 5 7 12 13 15 21 26 32 33 34 43 44 46 52 54 65 71 73 75 78 79 84 90 91 93 99 101 105 107 109 115 121 126 128 130 134 135 136 137 138 141 142 144 145 146 147 149 150 157 161 163
a 3 5 7 12 13 15 21 26 32 33 34 43 44 46 52 54 65 71 73 78 79 84 85 90 91 93 99 101 105 107 109 115 121 126 128 130 134 135 136 137 138 141 142 144 145 146 147 149 150 157 161 163
a 3 5 7 12 13 15 21 26 32 33 34 43 44 46 52 54 65 71 78 79 84 85 90 91 93 99 101 105 107 108 109 115 121 126 128 130 134 135 136 137 138 141 142 144 145 146 147 149 150 157 161 163
a 3 5 7 12 13 15 21 26 32 33 34 43 44 46 52 54 65 71 78 79 81 85 90 91 93 99 101 105 107 108 109 115 121 126 128 130 134 135 136 137 138 141 142 144 145 146 147 149 150 157 161 163
a 3 5 7 12 13 15 21 26 32 33 34 43 44 46 52 54 65 78 79 81 85 90 91 93 99 101 105 107 108 109 115 121 126 128 130 134 135 136 137 138 141 142 144 145 146 147 148 149 150 157 161 163
a 3 5 7 12 13 15 21 26 32 33 34 43 44 46 52 54 57 65 78 79 81 85 90 91 93 99 101 105 107 108 109 115 121 126 130 134 135 136 137 138 141 142 144 145 146 147 148 149 150 157 161 163
a 3 5 7 12 13 15 21 26 32 33 34 43 44 46 50 54 57 65 78 79 81 85 90 91 93 99 101 105 107 108 109 115 121 126 130 134 135 136 137 138 141 142 144 145 146 147 148 149 150 157 161 163
a 3 5 12 13 15 21 26 32 33 34 43 44 46 50 54 57 65 78 79 81 85 90 91 93 99 101 105 107 108 109 115 121 126 130 132 134 135 136 137 138 141 142 144 145 146 147 148 149 150 157 161 163
a 3 5 12 13 15 21 26 32 33 34 43 46 50 54 57 63 65 78 79 81 85 90 91 93 99 101 105 107 108 109 115 121 126 130 132 134 135 136 137 138 141 142 144 145 146 147 148 149 150 157 161 163
a 3 5 12 13 15 21 23 26 32 33 34 43 46 50 54 57 63 65 79 81 85 90 91 93 99 101 105 107 108 109 115 121 126 130 132 134 135 136 137 138 141 142 144 145 146 147 148 149 150 157 161 163
a 3 5 12 13 15 21 23 26 32 33 34 43 46 50 54 57 63 65 79 81 85 90 91 93 99 105 107 108 109 115 119 121 126 130 132 134 135 136 137 138 141 142 144 145 146 147 148 149 150 157 161 163
a 3 5 12 13 15 21 23 26 32 34 43 46 50 54 57 63 65 79 81 85 90 91 93 99 105 107 108 109 115 119 121 126 130 132 133 134 135 136 137 138 141 142 144 145 146 147 148 149 150 157 161 163
a 3 5 12 13 15 21 23 26 32 34 41 46 50 54 57 63 65 79 81 85 90 91 93 99 105 107 108 109 115 119 121 126 130 132 133 134 135 136 137 138 141 142 144 145 146 147 148 149 150 157 161 163
a 3 5 12 13 15 21 23 26 32 34 41 46 50 54 57 63 65 79 81 85 90 91 93 99 105 107 108 109 114 115 119 121 126 130 132 133 134 136 137 138 141 142 144 145 146 147 148 149 150 157 161 163
a 3 5 10 12 13 15 21 23 26 32 34 41 46 50 54 57 63 65 79 81 85 90 91 93 99 105 107 108 109 114 115 119 121 126 132 133 134 136 137 138 141 142 144 145 146 147 148 149 150 157 161 163
a 3 5 10 12 13 15 21 23 26 32 34 41 46 50 54 57 63 79 81 85 90 91 93 99 105 107 108 109 114 115 119 121 126 132 133 134 136 137 138 141 142 144 145 146 147 148 149 150 151 157 161 163
a 3 5 10 12 13 15 21 23 26 32 34 41 46 50 54 57 63 79 81 83 85 90 91 93 99 105 107 108 109 114 115 119 121 126 132 133 134 136 137 141 142 144 145 146 147 148 149 150 151 157 161 163
a 3 5 10 12 13 15 21 23 26 32 34 41 46 50 54 57 63 79 81 83 85 90 91 93 99 100 105 107 108 109 114 119 121 126 132 133 134 136 137 141 142 144 145 146 147 148 149 150 151 157 161 163
a 3 5 10 12 13 15 21 23 26 32 34 41 46 50 54 57 63 79 81 83 85 90 91 93 99 100 105 107 108 109 114 119 121 126 132 133 134 136 137 142 143 144 145 146 147 148 149 150 151 157 161 163
a 3 5 10 12 13 15 21 23 26 32 34 41 50 54 57 60 63 79 81 83 85 90 91 93 99 100 105 107 108 109 114 119 121 126 132 133 134 136 137 142 143 144 145 146 147 148 149 150 151 157 161 163
a 3 5 10 12 13 15 21 23 26 32 34 41 50 54 57 60 63 79 81 83 85 90 91 93 99 100 105 107 108 114 119 121 126 129 132 133 134 136 137 142 143 144 145 146 147 148 149 150 151 157 161 163
a 3 5 10 12 13 15 21 23 26 32 34 37 41 50 54 57 60 63 79 81 83 85 90 91 93 99 100 105 107 108 114 119 121 129 132 133 134 136 137 142 143 144 145 146 147 148 149 150 151 157 161 163
a 3 5 10 12 13 15 21 23 26 32 34 37 41 50 54 57 60 63 79 81 83 85 90 91 93 99 100 105 107 108 114 119 121 129 132 133 134 136 137 142 143 144 146 147 148 149 150 151 157 160 161 163
a 3 5 10 12 13 15 21 23 26 32 34 37 41 47 50 54 57 60 63 79 81 83 85 91 93 99 100 105 107 108 114 119 121 129 132 133 134 136 137 142 143 144 146 147 148 149 150 151 157 160 161 163
a 3 5 10 12 13 15 21 23 26 32 34 35 37 41 47 50 54 57 60 63 79 81 83 85 91 99 100 105 107 108 114 119 121 129 132 133 134 136 137 142 143 144 146 147 148 149 150 151 157 160 161 163
a 3 5 10 12 13 15 21 23 26 32 34 35 37 41 47 50 54 57 60 63 79 81 83 85 91 99 100 105 107 108 114 119 121 129 132 133 134 136 137 142 143 144 146 148 149 150 151 155 157 160 161 163
a 3 5 10 12 13 15 21 23 26 32 34 35 37 39 41 47 50 54 57 60 63 79 81 83 85 91 99 100 105 107 108 114 119 121 129 132 133 134 136 137 142 143 144 148 149 150 151 155 157 160 161 163
a 3 5 10 12 13 15 18 21 23 26 32 34 35 37 39 41 47 50 54 57 60 63 79 81 83 85 91 99 100 105 107 108 114 119 121 129 132 133 134 136 137 142 143 144 148 149 150 151 155 160 161 163
a 3 5 10 12 13 15 18 21 23 26 32 34 35 37 38 39 41 47 50 54 57 60 63 79 81 83 85 91 99 100 105 107 108 114 119 121 129 132 133 134 136 137 143 144 148 149 150 151 155 160 161 163
a 3 5 10 12 13 15 18 21 23 26 32 34 35 37 38 39 41 47 50 54 57 60 63 69 79 81 83 85 91 99 100 105 107 108 114 119 121 129 132 133 134 136 137 143 144 148 149 150 151 155 160 161
a 3 5 10 12 13 15 18 21 23 26 32 34 35 37 38 39 41 47 50 51 54 57 60 63 69 79 81 83 85 91 99 100 105 107 108 114 119 121 129 132 133 134 136 137 143 144 148 150 151 155 160 161
	Command being timed: "/Users/soh/app/scala-2.12.4/bin/scala -J-Xms32g -J-Xmx32g -cp /Users/soh/app/IsrForCompetition230719-15h37m/scop.jar:/Users/soh/app/IsrForCompetition230719-15h37m/isr4competition_2.12-1.3.5.jar fun.scop.app.isr.IsrSolverTj05 benchmark/ISR-benchmark/random_instance/random_instance013_graph005.col benchmark/ISR-benchmark/random_instance/random_instance013_graph005.dat cadical /Users/soh/app/IsrForCompetition230719-15h37m/cadical"
	User time (seconds): 3.10
	System time (seconds): 0.42
	Percent of CPU this job got: 141%
	Elapsed (wall clock) time (h:mm:ss or m:ss): 0:02.50
	Average shared text size (kbytes): 0
	Average unshared data size (kbytes): 0
	Average stack size (kbytes): 0
	Average total size (kbytes): 0
	Maximum resident set size (kbytes): 6916653056
	Average resident set size (kbytes): 0
	Major (requiring I/O) page faults: 0
	Minor (reclaiming a frame) page faults: 432180
	Voluntary context switches: 35
	Involuntary context switches: 3515
	Swaps: 0
	File system inputs: 0
	File system outputs: 0
	Socket messages sent: 40
	Socket messages received: 0
	Signals delivered: 6
	Page size (bytes): 4096
	Exit status: 0
FINISHED CPU 3.52 MEM 0 MAXMEM 0 STALE 1
#RESULT: UNK
#FIN: FIN
#CPU: 3.52
#MAXMEM: 0
c 
#END: [Wed Jul 19 16:21:12 2023]
