#BEGIN: [Tue Aug  8 20:33:13 2023]
#HOST: mini27.local
#TIMELIMIT: 1800
#MEMLIMIT: 0
#FREQ: 10
#SOLVER: recon
#ARG1: benchmark/ISR-benchmark/random_instance/random_instance014_graph003.col
#ARG2: benchmark/ISR-benchmark/random_instance/random_instance014_graph003.dat
#COMMAND: /Users/soh/app/recon/src/recon benchmark/ISR-benchmark/random_instance/random_instance014_graph003.col benchmark/ISR-benchmark/random_instance/random_instance014_graph003.dat
c Copyright Volker Turau & Christoph Weyer, 2022
c Institute of Telematics
c Hamburg University of Technology, Hamburg, Germany
c Contact: turau@tuhh.de
c Graph file: benchmark/ISR-benchmark/random_instance/random_instance014_graph003.col
c Target file: benchmark/ISR-benchmark/random_instance/random_instance014_graph003.dat
c Size of independent set: 61
c Number of nodes of graph: 182
c Number of edges of graph: 546
c Average degree of graph: 6.00
s 6 14 15 16 18 21 24 26 37 40 42 43 47 49 51 58 59 61 63 66 67 68 69 71 75 80 84 88 89 91 94 95 96 98 105 106 113 115 119 120 126 127 129 130 133 134 136 142 143 144 145 148 149 150 153 157 158 171 173 176 178 
t 6 7 10 11 12 14 15 16 17 18 19 20 40 42 53 59 61 62 63 66 67 71 77 78 81 82 85 89 91 95 97 102 106 108 109 110 112 113 119 121 124 125 126 127 129 130 140 144 147 149 151 156 158 166 169 170 171 175 176 177 179 
c BFS found 28 new nodes in level 1 (total 29/223696213)
c BFS found 815 new nodes in level 2 (total 844/223696213)
c BFS found 15029 new nodes in level 3 (total 15873/223696213)
c BFS found 217643 new nodes in level 4 (total 233516/223696213)
c BFS found 2552712 new nodes in level 5 (total 2786196/223696213)
c BFS found 25220286 new nodes in level 6 (total 28005305/223696213)
TIMEOUT CPU 1800 MEM 0 MAXMEM 0
#RESULT: UNK
#FIN: TO
#CPU: 1800
#MAXMEM: 0
c 22906 killed(2). 22905 killed(2). 22906 killed(9). 22905 killed(9). 
#END: [Tue Aug  8 21:03:13 2023]
