#BEGIN: [Wed Jul 19 16:21:00 2023]
#HOST: mini23.local
#TIMELIMIT: 7200
#MEMLIMIT: 0
#FREQ: 10
#SOLVER: sat-based-isr-tj05-230719-15h37m
#ARG1: benchmark/ISR-benchmark/random_instance/random_instance010_graph003.col
#ARG2: benchmark/ISR-benchmark/random_instance/random_instance010_graph003.dat
#COMMAND: /Users/soh/app/scala-2.12.4/bin/scala -J-Xms32g -J-Xmx32g -cp /Users/soh/app/IsrForCompetition230719-15h37m/scop.jar:/Users/soh/app/IsrForCompetition230719-15h37m/isr4competition_2.12-1.3.5.jar fun.scop.app.isr.IsrSolverTj05 benchmark/ISR-benchmark/random_instance/random_instance010_graph003.col benchmark/ISR-benchmark/random_instance/random_instance010_graph003.dat cadical /Users/soh/app/IsrForCompetition230719-15h37m/cadical
#Nodes: 130
#Edges: 390
c (0) step 1 UNSAT 825 2728
c (0) step 2 UNSAT 1609 5160
c (0) step 3 UNSAT 2528 7904
c (0) step 4 UNSAT 3627 11049
c (0) step 5 UNSAT 4951 14684
c (0) step 6 UNSAT 6545 18898
c (0) step 7 UNSAT 8454 23780
c (0) step 8 UNSAT 10723 29419
c (0) step 9 UNSAT 13397 35904
c (0) step 10 UNSAT 16521 43324
c (0) step 11 UNSAT 20140 51768
c (0) step 12 UNSAT 24299 61325
c (0) step 13 UNSAT 29043 72084
c (0) step 14 UNSAT 34417 84134
c (0) step 15 UNSAT 40466 97564
c (0) step 16 UNSAT 47235 112463
c (0) step 17 UNSAT 54769 128920
c (0) step 18 UNSAT 63113 147024
c (0) step 19 UNSAT 72312 166864
c (0) step 20 UNSAT 82411 188529
c (0) step 21 UNSAT 93455 212108
c (0) step 22 UNSAT 105489 237690
c (0) step 23 UNSAT 118558 265364
c (0) step 24 UNSAT 132707 295219
c (0) step 25 SAT 147981 327344
a YES
a 3 8 11 14 15 16 17 18 19 21 23 25 27 30 34 36 38 41 44 45 52 57 64 68 72 73 79 81 82 83 85 87 91 94 96 104 105 111 112 114 120 123 124 125 129 130
a 3 8 11 14 15 16 17 18 19 21 23 25 27 30 34 36 38 41 44 45 50 52 57 64 68 72 73 79 81 82 83 85 87 91 94 96 104 105 111 114 120 123 124 125 129 130
a 3 8 11 14 15 16 17 18 19 21 23 25 27 30 34 36 38 41 44 45 50 52 57 64 68 72 73 79 81 82 83 85 87 91 94 96 98 105 111 114 120 123 124 125 129 130
a 3 8 11 14 15 16 17 18 19 21 23 25 27 30 34 36 38 41 44 45 50 52 57 64 68 72 73 79 81 82 84 85 87 91 94 96 98 105 111 114 120 123 124 125 129 130
a 3 8 11 14 15 16 17 18 19 21 23 25 27 30 34 36 38 41 44 45 50 52 57 64 68 72 73 79 81 84 85 87 91 94 96 98 105 111 114 116 120 123 124 125 129 130
a 3 8 11 14 15 16 17 18 19 21 23 25 27 30 34 36 38 41 45 50 52 57 64 68 72 73 79 81 84 85 87 91 94 96 98 105 111 114 116 120 123 124 125 126 129 130
a 3 8 11 14 15 16 17 18 19 21 23 25 27 30 34 36 38 41 45 50 52 57 64 68 72 73 79 81 84 85 87 91 94 96 98 105 111 114 115 116 123 124 125 126 129 130
a 3 11 14 15 16 17 18 19 21 23 25 27 30 34 36 38 41 45 50 52 57 64 68 72 73 79 81 84 85 87 88 91 94 96 98 105 111 114 115 116 123 124 125 126 129 130
a 3 11 14 15 16 17 18 19 21 23 25 27 30 34 36 38 41 45 50 52 57 64 72 73 79 81 84 85 87 88 91 94 96 98 105 111 114 115 116 119 123 124 125 126 129 130
a 3 11 14 15 16 17 18 19 21 23 25 27 30 34 36 38 41 45 50 52 57 64 72 73 79 81 84 85 87 88 91 93 94 96 98 105 111 114 115 116 119 123 125 126 129 130
a 3 11 14 15 16 17 18 19 21 23 25 27 30 34 36 38 41 45 50 52 57 59 64 72 73 79 81 84 85 87 88 91 93 94 98 105 111 114 115 116 119 123 125 126 129 130
a 3 11 14 15 16 17 18 21 23 25 27 30 34 36 38 41 45 48 50 52 57 59 64 72 73 79 81 84 85 87 88 91 93 94 98 105 111 114 115 116 119 123 125 126 129 130
a 3 11 14 15 16 17 18 21 23 25 27 30 34 36 38 41 45 46 48 50 52 57 59 64 72 73 79 81 84 85 87 88 91 93 94 98 105 111 115 116 119 123 125 126 129 130
a 3 11 14 15 16 17 18 21 23 25 27 30 36 38 41 45 46 48 50 52 53 57 59 64 72 73 79 81 84 85 87 88 91 93 94 98 105 111 115 116 119 123 125 126 129 130
a 3 11 14 16 17 18 21 23 25 27 30 36 38 41 45 46 48 50 52 53 57 59 64 72 73 79 80 81 84 85 87 88 91 93 94 98 105 111 115 116 119 123 125 126 129 130
a 3 11 14 16 17 18 21 23 25 27 30 36 38 41 46 48 50 52 53 57 59 64 72 73 79 80 81 84 85 87 88 91 93 94 98 105 111 115 116 119 123 125 126 127 129 130
a 3 11 14 16 17 18 21 23 25 26 27 30 36 38 41 46 48 50 52 53 57 59 64 72 73 79 80 81 84 85 87 88 91 93 94 98 105 111 115 116 119 123 125 126 127 130
a 3 11 14 16 17 18 21 22 23 25 26 27 30 36 38 41 46 48 50 52 53 57 59 64 72 73 79 80 81 84 85 87 88 91 93 94 98 105 111 115 116 119 123 125 126 127
a 3 11 14 16 17 18 21 22 23 25 26 27 30 36 38 46 48 50 52 53 57 59 64 72 73 79 80 81 84 85 87 88 91 93 94 98 102 105 111 115 116 119 123 125 126 127
a 3 11 14 16 17 21 22 23 25 26 27 30 36 38 46 48 50 52 53 57 59 64 67 72 73 79 80 81 84 85 87 88 91 93 94 98 102 105 111 115 116 119 123 125 126 127
a 3 11 14 16 21 22 23 24 25 26 27 30 36 38 46 48 50 52 53 57 59 64 67 72 73 79 80 81 84 85 87 88 91 93 94 98 102 105 111 115 116 119 123 125 126 127
a 3 11 14 16 21 22 23 24 25 26 27 30 38 46 48 50 51 52 53 57 59 64 67 72 73 79 80 81 84 85 87 88 91 93 94 98 102 105 111 115 116 119 123 125 126 127
a 9 11 14 16 21 22 23 24 25 26 27 30 38 46 48 50 51 52 53 57 59 64 67 72 73 79 80 81 84 85 87 88 91 93 94 98 102 105 111 115 116 119 123 125 126 127
a 9 11 14 16 21 22 23 24 25 26 27 30 38 46 48 50 51 52 53 57 59 63 64 67 72 79 80 81 84 85 87 88 91 93 94 98 102 105 111 115 116 119 123 125 126 127
a 9 10 11 14 16 21 22 23 24 25 26 27 30 38 46 48 50 51 53 57 59 63 64 67 72 79 80 81 84 85 87 88 91 93 94 98 102 105 111 115 116 119 123 125 126 127
a 9 10 11 14 16 21 22 23 24 25 26 27 30 38 46 48 49 50 51 53 57 59 63 64 67 72 79 80 81 84 85 87 88 91 93 94 98 102 111 115 116 119 123 125 126 127
	Command being timed: "/Users/soh/app/scala-2.12.4/bin/scala -J-Xms32g -J-Xmx32g -cp /Users/soh/app/IsrForCompetition230719-15h37m/scop.jar:/Users/soh/app/IsrForCompetition230719-15h37m/isr4competition_2.12-1.3.5.jar fun.scop.app.isr.IsrSolverTj05 benchmark/ISR-benchmark/random_instance/random_instance010_graph003.col benchmark/ISR-benchmark/random_instance/random_instance010_graph003.dat cadical /Users/soh/app/IsrForCompetition230719-15h37m/cadical"
	User time (seconds): 2.07
	System time (seconds): 0.20
	Percent of CPU this job got: 157%
	Elapsed (wall clock) time (h:mm:ss or m:ss): 0:01.45
	Average shared text size (kbytes): 0
	Average unshared data size (kbytes): 0
	Average stack size (kbytes): 0
	Average total size (kbytes): 0
	Maximum resident set size (kbytes): 3007709184
	Average resident set size (kbytes): 0
	Major (requiring I/O) page faults: 0
	Minor (reclaiming a frame) page faults: 189622
	Voluntary context switches: 35
	Involuntary context switches: 3301
	Swaps: 0
	File system inputs: 0
	File system outputs: 0
	Socket messages sent: 42
	Socket messages received: 0
	Signals delivered: 4
	Page size (bytes): 4096
	Exit status: 0
FINISHED CPU 2.27 MEM 0 MAXMEM 0 STALE 1
#RESULT: UNK
#FIN: FIN
#CPU: 2.27
#MAXMEM: 0
c 
#END: [Wed Jul 19 16:21:02 2023]
