#BEGIN: [Wed Jul 19 16:21:04 2023]
#HOST: mini28.local
#TIMELIMIT: 7200
#MEMLIMIT: 0
#FREQ: 10
#SOLVER: sat-based-isr-tj05-230719-15h37m
#ARG1: benchmark/ISR-benchmark/random_instance/random_instance012_graph002.col
#ARG2: benchmark/ISR-benchmark/random_instance/random_instance012_graph002.dat
#COMMAND: /Users/soh/app/scala-2.12.4/bin/scala -J-Xms32g -J-Xmx32g -cp /Users/soh/app/IsrForCompetition230719-15h37m/scop.jar:/Users/soh/app/IsrForCompetition230719-15h37m/isr4competition_2.12-1.3.5.jar fun.scop.app.isr.IsrSolverTj05 benchmark/ISR-benchmark/random_instance/random_instance012_graph002.col benchmark/ISR-benchmark/random_instance/random_instance012_graph002.dat cadical /Users/soh/app/IsrForCompetition230719-15h37m/cadical
#Nodes: 156
#Edges: 468
c (0) step 1 UNSAT 988 3269
c (0) step 2 UNSAT 1923 6173
c (0) step 3 UNSAT 3014 9438
c (0) step 4 UNSAT 4313 13167
c (0) step 5 UNSAT 5872 17463
c (0) step 6 UNSAT 7743 22429
c (0) step 7 UNSAT 9978 28168
c (0) step 8 UNSAT 12629 34783
c (0) step 9 UNSAT 15748 42377
c (0) step 10 UNSAT 19387 51053
c (0) step 11 UNSAT 23598 60914
c (0) step 12 UNSAT 28433 72063
c (0) step 13 UNSAT 33944 84603
c (0) step 14 UNSAT 40183 98637
c (0) step 15 UNSAT 47202 114268
c (0) step 16 UNSAT 55053 131599
c (0) step 17 UNSAT 63788 150733
c (0) step 18 UNSAT 73459 171773
c (0) step 19 UNSAT 84118 194822
c (0) step 20 UNSAT 95817 219983
c (0) step 21 UNSAT 108608 247359
c (0) step 22 UNSAT 122543 277053
c (0) step 23 UNSAT 137674 309168
c (0) step 24 UNSAT 154053 343807
c (0) step 25 UNSAT 171732 381073
c (0) step 26 UNSAT 190763 421069
c (0) step 27 UNSAT 211198 463898
c (0) step 28 UNSAT 233089 509663
c (0) step 29 UNSAT 256488 558467
c (0) step 30 UNSAT 281447 610413
c (0) step 31 UNSAT 308018 665604
c (1) step 32 UNSAT 336253 724143
c (1) step 33 SAT 366204 786133
a YES
a 4 10 14 15 17 22 29 30 34 39 40 42 43 44 46 47 48 51 52 56 57 58 61 62 63 66 67 73 74 75 76 82 83 87 92 93 98 99 101 105 106 118 124 126 129 141 142 144 147 148 150 152 154
a 4 10 14 15 17 22 29 30 34 39 40 42 43 44 46 47 48 51 52 56 57 58 61 62 63 66 67 73 74 75 76 78 82 83 87 92 93 98 99 101 105 106 118 124 126 129 141 142 144 147 148 150 152
a 4 10 14 15 17 22 29 30 34 39 40 42 43 44 46 47 48 51 52 56 57 58 61 62 63 66 67 73 74 75 76 78 82 83 87 92 93 98 99 101 105 106 124 126 129 141 142 144 146 147 148 150 152
a 4 10 14 15 22 29 30 34 39 40 42 43 44 46 47 48 51 52 56 57 58 61 62 63 65 66 67 73 74 75 76 78 82 83 87 92 93 98 99 101 105 106 124 126 129 141 142 144 146 147 148 150 152
a 4 10 14 15 22 29 30 34 39 40 42 43 44 46 47 48 51 52 56 57 58 61 62 63 65 66 67 73 74 75 76 78 82 83 87 92 93 95 98 99 101 105 106 124 129 141 142 144 146 147 148 150 152
a 4 10 15 22 29 30 34 35 39 40 42 43 44 46 47 48 51 52 56 57 58 61 62 63 65 66 67 73 74 75 76 78 82 83 87 92 93 95 98 99 101 105 106 124 129 141 142 144 146 147 148 150 152
a 4 10 15 22 29 30 34 35 39 40 42 43 44 46 47 48 51 52 56 57 58 61 62 63 65 66 67 73 74 75 76 78 83 86 87 92 93 95 98 99 101 105 106 124 129 141 142 144 146 147 148 150 152
a 4 10 15 22 29 30 34 35 39 40 42 43 44 46 47 48 51 52 56 57 58 61 62 63 65 66 67 73 74 75 78 83 86 87 92 93 95 98 99 101 105 106 121 124 129 141 142 144 146 147 148 150 152
a 4 10 15 22 29 30 34 35 39 40 42 43 44 46 47 48 51 52 56 57 58 61 62 63 65 66 68 73 74 75 78 83 86 87 92 93 95 98 99 101 105 106 121 124 129 141 142 144 146 147 148 150 152
a 4 10 15 22 29 30 34 35 39 40 42 43 44 46 47 48 51 52 57 58 61 62 63 65 66 68 73 74 75 78 83 86 87 92 93 95 98 99 101 105 106 110 121 124 129 141 142 144 146 147 148 150 152
a 4 10 15 22 29 30 35 39 40 42 43 44 46 47 48 51 52 55 57 58 61 62 63 65 66 68 73 74 75 78 83 86 87 92 93 95 98 99 101 105 106 110 121 124 129 141 142 144 146 147 148 150 152
a 4 10 15 22 29 30 35 37 39 40 42 43 44 46 47 48 51 52 55 57 58 61 62 63 65 66 68 73 74 75 78 83 86 87 92 93 95 98 99 101 105 106 110 121 124 129 141 142 146 147 148 150 152
a 4 10 15 22 29 30 35 37 39 40 42 43 44 46 47 48 51 52 55 57 58 61 62 63 65 66 68 73 74 75 78 83 86 87 93 95 96 98 99 101 105 106 110 121 124 129 141 142 146 147 148 150 152
a 4 10 15 22 29 30 35 37 39 40 42 43 44 47 48 51 52 55 57 58 61 62 63 65 66 68 73 74 75 78 83 86 87 93 95 96 98 99 101 105 106 110 121 124 127 129 141 142 146 147 148 150 152
a 4 10 15 22 29 30 35 37 39 40 42 43 44 47 48 51 52 55 57 58 62 63 65 66 68 73 74 75 78 83 86 87 93 95 96 98 99 101 105 106 107 110 121 124 127 129 141 142 146 147 148 150 152
a 4 10 15 22 29 30 35 37 39 40 42 43 44 47 48 52 55 57 58 62 63 65 66 68 73 74 75 78 83 86 87 93 95 96 98 99 101 105 106 107 110 121 122 124 127 129 141 142 146 147 148 150 152
a 4 10 15 22 30 35 37 39 40 42 43 44 47 48 52 55 57 58 62 63 64 65 66 68 73 74 75 78 83 86 87 93 95 96 98 99 101 105 106 107 110 121 122 124 127 129 141 142 146 147 148 150 152
a 4 10 15 22 25 30 35 37 39 40 42 43 44 47 48 52 55 57 58 62 63 64 65 66 68 73 74 75 78 83 86 87 93 95 96 99 101 105 106 107 110 121 122 124 127 129 141 142 146 147 148 150 152
a 4 7 10 15 22 25 30 35 37 39 40 42 43 44 47 48 52 55 57 58 62 63 64 65 66 68 73 74 75 78 83 86 87 95 96 99 101 105 106 107 110 121 122 124 127 129 141 142 146 147 148 150 152
a 4 7 10 15 22 25 30 35 37 39 40 42 43 44 47 48 52 55 57 58 59 62 63 64 65 66 68 73 74 75 78 83 86 95 96 99 101 105 106 107 110 121 122 124 127 129 141 142 146 147 148 150 152
a 4 7 10 15 22 25 30 35 37 39 40 42 43 44 47 48 52 55 57 58 59 62 63 64 65 66 68 73 74 75 78 83 86 95 96 99 105 106 107 110 121 122 124 125 127 129 141 142 146 147 148 150 152
a 4 6 7 10 15 22 25 30 35 37 39 40 42 43 44 47 48 52 55 57 58 59 63 64 65 66 68 73 74 75 78 83 86 95 96 99 105 106 107 110 121 122 124 125 127 129 141 142 146 147 148 150 152
a 4 6 7 9 10 15 22 25 30 35 37 39 40 42 43 44 47 48 52 55 57 58 59 63 64 65 66 68 73 74 75 78 83 86 95 96 99 105 106 107 110 121 122 124 125 127 129 141 142 146 147 148 152
a 4 6 7 9 15 22 25 30 35 37 39 40 42 43 44 47 48 52 55 57 58 59 63 64 65 66 68 73 74 75 78 83 86 95 96 99 103 105 106 107 110 121 122 124 125 127 129 141 142 146 147 148 152
a 4 6 7 9 15 19 22 25 30 35 37 39 40 42 43 44 47 48 52 55 57 58 59 63 64 65 66 68 73 74 75 78 83 86 95 96 99 103 105 106 107 110 121 122 124 125 127 129 141 146 147 148 152
a 4 6 7 9 15 19 22 25 35 37 39 40 42 43 44 45 47 48 52 55 57 58 59 63 64 65 66 68 73 74 75 78 83 86 95 96 99 103 105 106 107 110 121 122 124 125 127 129 141 146 147 148 152
a 4 6 7 9 15 19 22 25 35 37 39 40 42 43 44 45 47 48 52 55 57 58 59 63 64 65 66 68 73 74 75 78 83 86 95 96 99 103 105 106 107 110 121 122 124 125 127 129 137 141 146 148 152
a 4 6 7 9 15 19 22 25 35 37 39 40 42 43 44 45 47 48 52 55 57 58 59 63 64 65 66 68 73 74 75 78 83 86 94 95 96 99 103 105 106 107 110 121 122 125 127 129 137 141 146 148 152
a 4 6 7 9 15 19 22 25 35 37 39 40 42 43 44 45 47 48 52 55 57 58 59 63 64 65 66 68 73 74 75 78 83 86 91 94 95 96 99 103 105 107 110 121 122 125 127 129 137 141 146 148 152
a 4 6 7 9 15 19 22 25 35 37 39 40 42 43 44 45 47 48 52 55 57 58 59 63 64 65 66 68 71 73 74 75 78 86 91 94 95 96 99 103 105 107 110 121 122 125 127 129 137 141 146 148 152
a 4 6 7 9 15 19 22 25 35 37 39 40 43 44 45 47 48 52 55 57 58 59 63 64 65 66 68 71 73 74 75 78 86 91 94 95 96 99 103 105 107 110 111 121 122 125 127 129 137 141 146 148 152
a 4 6 7 9 15 19 22 25 35 37 39 43 44 45 47 48 52 53 55 57 58 59 63 64 65 66 68 71 73 74 75 78 86 91 94 95 96 99 103 105 107 110 111 121 122 125 127 129 137 141 146 148 152
a 4 6 7 9 19 22 25 35 37 39 43 44 45 47 48 52 53 55 57 58 59 63 64 65 66 68 71 73 74 75 78 86 91 94 95 96 99 103 105 107 110 111 121 122 125 127 129 130 137 141 146 148 152
a 4 6 7 9 13 19 22 25 35 37 39 43 44 45 47 48 52 53 55 57 58 59 63 64 65 66 68 71 73 74 75 78 86 91 94 95 96 99 103 105 107 110 111 121 122 125 127 130 137 141 146 148 152
	Command being timed: "/Users/soh/app/scala-2.12.4/bin/scala -J-Xms32g -J-Xmx32g -cp /Users/soh/app/IsrForCompetition230719-15h37m/scop.jar:/Users/soh/app/IsrForCompetition230719-15h37m/isr4competition_2.12-1.3.5.jar fun.scop.app.isr.IsrSolverTj05 benchmark/ISR-benchmark/random_instance/random_instance012_graph002.col benchmark/ISR-benchmark/random_instance/random_instance012_graph002.dat cadical /Users/soh/app/IsrForCompetition230719-15h37m/cadical"
	User time (seconds): 2.77
	System time (seconds): 0.37
	Percent of CPU this job got: 137%
	Elapsed (wall clock) time (h:mm:ss or m:ss): 0:02.28
	Average shared text size (kbytes): 0
	Average unshared data size (kbytes): 0
	Average stack size (kbytes): 0
	Average total size (kbytes): 0
	Maximum resident set size (kbytes): 6057476096
	Average resident set size (kbytes): 0
	Major (requiring I/O) page faults: 2
	Minor (reclaiming a frame) page faults: 377826
	Voluntary context switches: 35
	Involuntary context switches: 3435
	Swaps: 0
	File system inputs: 0
	File system outputs: 0
	Socket messages sent: 40
	Socket messages received: 0
	Signals delivered: 5
	Page size (bytes): 4096
	Exit status: 0
FINISHED CPU 3.14 MEM 0 MAXMEM 0 STALE 1
#RESULT: UNK
#FIN: FIN
#CPU: 3.14
#MAXMEM: 0
c 
#END: [Wed Jul 19 16:21:07 2023]
