#BEGIN: [Wed Jul 19 16:20:48 2023]
#HOST: mini23.local
#TIMELIMIT: 7200
#MEMLIMIT: 0
#FREQ: 10
#SOLVER: sat-based-isr-tj05-230719-15h37m
#ARG1: benchmark/ISR-benchmark/random_instance/random_instance005_graph001.col
#ARG2: benchmark/ISR-benchmark/random_instance/random_instance005_graph001.dat
#COMMAND: /Users/soh/app/scala-2.12.4/bin/scala -J-Xms32g -J-Xmx32g -cp /Users/soh/app/IsrForCompetition230719-15h37m/scop.jar:/Users/soh/app/IsrForCompetition230719-15h37m/isr4competition_2.12-1.3.5.jar fun.scop.app.isr.IsrSolverTj05 benchmark/ISR-benchmark/random_instance/random_instance005_graph001.col benchmark/ISR-benchmark/random_instance/random_instance005_graph001.dat cadical /Users/soh/app/IsrForCompetition230719-15h37m/cadical
#Nodes: 65
#Edges: 195
c (0) step 1 UNSAT 409 1350
c (0) step 2 UNSAT 790 2534
c (0) step 3 UNSAT 1228 3848
c (0) step 4 UNSAT 1742 5329
c (0) step 5 UNSAT 2351 7014
c (0) step 6 UNSAT 3074 8940
c (0) step 7 UNSAT 3930 11144
c (0) step 8 UNSAT 4938 13663
c (0) step 9 UNSAT 6117 16534
c (0) step 10 UNSAT 7486 19794
c (0) step 11 UNSAT 9064 23480
c (0) step 12 SAT 10870 27629
a YES
a 12 20 23 24 31 32 35 39 40 47 52 53 55 56 57 58 61 62 64 65
a 12 20 23 24 31 32 34 35 39 40 47 52 53 55 56 58 61 62 64 65
a 12 20 23 24 31 32 33 34 35 39 40 47 52 53 55 56 58 61 62 65
a 12 15 20 23 24 31 32 33 34 35 39 40 47 53 55 56 58 61 62 65
a 15 20 23 24 31 32 33 34 35 39 40 47 48 53 55 56 58 61 62 65
a 15 20 23 24 32 33 34 35 39 40 47 48 53 55 56 58 60 61 62 65
a 15 19 20 23 24 32 33 34 35 40 47 48 53 55 56 58 60 61 62 65
a 15 19 20 24 32 33 34 35 37 40 47 48 53 55 56 58 60 61 62 65
a 6 15 19 20 24 32 33 34 35 37 40 47 48 53 56 58 60 61 62 65
a 6 15 19 20 24 32 33 34 35 37 40 41 47 48 53 56 58 60 62 65
a 6 15 19 20 24 32 33 34 35 37 40 41 44 47 48 56 58 60 62 65
a 6 15 16 19 20 24 32 33 34 35 37 40 41 44 47 48 56 58 60 65
a 6 13 15 16 19 20 24 33 34 35 37 40 41 44 47 48 56 58 60 65
	Command being timed: "/Users/soh/app/scala-2.12.4/bin/scala -J-Xms32g -J-Xmx32g -cp /Users/soh/app/IsrForCompetition230719-15h37m/scop.jar:/Users/soh/app/IsrForCompetition230719-15h37m/isr4competition_2.12-1.3.5.jar fun.scop.app.isr.IsrSolverTj05 benchmark/ISR-benchmark/random_instance/random_instance005_graph001.col benchmark/ISR-benchmark/random_instance/random_instance005_graph001.dat cadical /Users/soh/app/IsrForCompetition230719-15h37m/cadical"
	User time (seconds): 1.12
	System time (seconds): 0.09
	Percent of CPU this job got: 162%
	Elapsed (wall clock) time (h:mm:ss or m:ss): 0:00.75
	Average shared text size (kbytes): 0
	Average unshared data size (kbytes): 0
	Average stack size (kbytes): 0
	Average total size (kbytes): 0
	Maximum resident set size (kbytes): 987447296
	Average resident set size (kbytes): 0
	Major (requiring I/O) page faults: 0
	Minor (reclaiming a frame) page faults: 66190
	Voluntary context switches: 34
	Involuntary context switches: 3016
	Swaps: 0
	File system inputs: 0
	File system outputs: 0
	Socket messages sent: 39
	Socket messages received: 0
	Signals delivered: 5
	Page size (bytes): 4096
	Exit status: 0
FINISHED CPU 1.21 MEM 0 MAXMEM 0 STALE 1
#RESULT: UNK
#FIN: FIN
#CPU: 1.21
#MAXMEM: 0
c 
#END: [Wed Jul 19 16:20:49 2023]
