#BEGIN: [Tue Aug  1 12:58:40 2023]
#HOST: mini24.local
#TIMELIMIT: 7200
#MEMLIMIT: 0
#FREQ: 10
#SOLVER: ddreconf230801-10h10m
#ARG1: benchmark/ISR-benchmark/random_instance/random_instance002_graph005.col
#ARG2: benchmark/ISR-benchmark/random_instance/random_instance002_graph005.dat
#COMMAND: /Users/soh/app/ddreconf230801-10h10m/ddreconf benchmark/ISR-benchmark/random_instance/random_instance002_graph005.col --indset --stwidth --stfile=benchmark/ISR-benchmark/random_instance/random_instance002_graph005.dat
Input graph file parsed. # of vertices = 26, # of edges = 78
s 7 10 12 15 16 20 21
t 7 11 12 16 19 24 21
Solution space ZDD construction start
Solution space ZDD construction end
Solution space ZDD construction time = 0.006781
Solution space ZDD size = 1095
# of elements in the solution space = 11926
Start computing the width of the solution space graph
Zs_1 construction time = 0.000047, # ZDD nodes = 34, # elems = 7
Zt_1 construction time = 0.000019, # ZDD nodes = 18, # elems = 5
Zs_2 construction time = 0.000139, # ZDD nodes = 85, # elems = 28
Reconf seq found. Shortest length = 3
Zt_2 construction time = 0.000080, # ZDD nodes = 67, # elems = 25
Zs_3 construction time = 0.000291, # ZDD nodes = 178, # elems = 91
Zt_3 construction time = 0.000263, # ZDD nodes = 175, # elems = 89
Card(Zs_0 & Zt_3) = 1
Card(Zs_1 & Zt_2) = 2
Card(Zs_2 & Zt_1) = 2
Card(Zs_3 & Zt_0) = 1
max card = 2
max card index = 1
a YES
a 7 10 12 15 16 20 21
a 7 10 12 15 16 21 24
a 7 10 12 16 19 21 24
a 7 11 12 16 19 21 24
Reconfiguration time = 0.001451
	Command being timed: "/Users/soh/app/ddreconf230801-10h10m/ddreconf benchmark/ISR-benchmark/random_instance/random_instance002_graph005.col --indset --stwidth --stfile=benchmark/ISR-benchmark/random_instance/random_instance002_graph005.dat"
	User time (seconds): 0.01
	System time (seconds): 0.00
	Percent of CPU this job got: 66%
	Elapsed (wall clock) time (h:mm:ss or m:ss): 0:00.03
	Average shared text size (kbytes): 0
	Average unshared data size (kbytes): 0
	Average stack size (kbytes): 0
	Average total size (kbytes): 0
	Maximum resident set size (kbytes): 124665856
	Average resident set size (kbytes): 0
	Major (requiring I/O) page faults: 0
	Minor (reclaiming a frame) page faults: 7749
	Voluntary context switches: 17
	Involuntary context switches: 3
	Swaps: 0
	File system inputs: 0
	File system outputs: 0
	Socket messages sent: 34
	Socket messages received: 0
	Signals delivered: 0
	Page size (bytes): 4096
	Exit status: 0
FINISHED CPU 0.01 MEM 0 MAXMEM 0 STALE 1
#RESULT: UNK
#FIN: FIN
#CPU: 0.01
#MAXMEM: 0
c 
#END: [Tue Aug  1 12:58:40 2023]
