#BEGIN: [Tue Aug  8 22:02:14 2023]
#HOST: mini24.local
#TIMELIMIT: 1800
#MEMLIMIT: 0
#FREQ: 10
#SOLVER: recon
#ARG1: benchmark/ISR-benchmark/random_instance/random_instance019_graph003.col
#ARG2: benchmark/ISR-benchmark/random_instance/random_instance019_graph003.dat
#COMMAND: /Users/soh/app/recon/src/recon benchmark/ISR-benchmark/random_instance/random_instance019_graph003.col benchmark/ISR-benchmark/random_instance/random_instance019_graph003.dat
c Copyright Volker Turau & Christoph Weyer, 2022
c Institute of Telematics
c Hamburg University of Technology, Hamburg, Germany
c Contact: turau@tuhh.de
c Graph file: benchmark/ISR-benchmark/random_instance/random_instance019_graph003.col
c Target file: benchmark/ISR-benchmark/random_instance/random_instance019_graph003.dat
c Size of independent set: 79
c Number of nodes of graph: 247
c Number of edges of graph: 741
c Average degree of graph: 6.00
s 5 9 14 15 16 19 23 26 28 30 31 32 37 43 50 58 59 67 68 71 74 76 78 81 91 97 99 104 106 107 111 112 113 116 118 119 120 123 133 134 142 149 150 152 153 162 164 165 166 167 168 172 173 175 179 180 183 185 187 190 192 193 200 205 207 210 212 213 217 218 219 228 229 230 231 233 234 238 240 
t 1 9 10 12 14 20 21 23 25 26 27 28 32 36 37 38 41 42 48 51 53 57 62 64 65 71 77 79 80 86 88 89 93 95 99 104 105 112 114 118 119 121 124 127 134 147 150 154 156 157 160 164 171 174 178 182 189 195 196 199 200 202 203 207 208 211 212 214 216 217 218 221 229 235 239 240 243 244 247 
c BFS found 45 new nodes in level 1 (total 46/206488812)
c BFS found 2030 new nodes in level 2 (total 2076/206488812)
c BFS found 66429 new nodes in level 3 (total 68505/206488812)
c BFS found 1660520 new nodes in level 4 (total 1729025/206488812)
c BFS found 33048624 new nodes in level 5 (total 34777462/206488812)
TIMEOUT CPU 1800 MEM 0 MAXMEM 0
#RESULT: UNK
#FIN: TO
#CPU: 1800
#MAXMEM: 0
c 24772 killed(2). 24773 killed(2). 24772 killed(9). 24773 killed(9). 
#END: [Tue Aug  8 22:32:16 2023]
