#BEGIN: [Tue Aug  8 17:58:22 2023]
#HOST: mini29.local
#TIMELIMIT: 1800
#MEMLIMIT: 0
#FREQ: 10
#SOLVER: recon
#ARG1: benchmark/ISR-benchmark/random_instance/random_instance005_graph001.col
#ARG2: benchmark/ISR-benchmark/random_instance/random_instance005_graph001.dat
#COMMAND: /Users/soh/app/recon/src/recon benchmark/ISR-benchmark/random_instance/random_instance005_graph001.col benchmark/ISR-benchmark/random_instance/random_instance005_graph001.dat
c Copyright Volker Turau & Christoph Weyer, 2022
c Institute of Telematics
c Hamburg University of Technology, Hamburg, Germany
c Contact: turau@tuhh.de
c Graph file: benchmark/ISR-benchmark/random_instance/random_instance005_graph001.col
c Target file: benchmark/ISR-benchmark/random_instance/random_instance005_graph001.dat
c Size of independent set: 20
c Number of nodes of graph: 65
c Number of edges of graph: 195
c Average degree of graph: 6.00
s 12 20 23 24 31 32 35 39 40 47 52 53 55 56 57 58 61 62 64 65 
t 6 13 15 16 19 20 24 33 34 35 37 40 41 44 47 48 56 58 60 65 
c BFS found 12 new nodes in level 1 (total 13/244032232)
c BFS found 163 new nodes in level 2 (total 176/244032232)
c BFS found 1588 new nodes in level 3 (total 1764/244032232)
c BFS found 11028 new nodes in level 4 (total 12792/244032232)
c BFS found 58344 new nodes in level 5 (total 71119/244032232)
c BFS found 249456 new nodes in level 6 (total 320268/244032232)
c BFS found 899423 new nodes in level 7 (total 1216238/244032232)
c BFS found 2772257 new nodes in level 8 (total 3965189/244032232)
c BFS found 7216845 new nodes in level 9 (total 11067520/244032232)
c BFS found 15471114 new nodes in level 10 (total 26081541/244032232)
TIMEOUT CPU 1800 MEM 0 MAXMEM 0
#RESULT: UNK
#FIN: TO
#CPU: 1800
#MAXMEM: 0
c 23209 killed(2). 23210 killed(2). 23209 killed(9). 23210 killed(9). 
#END: [Tue Aug  8 18:28:22 2023]
