#BEGIN: [Wed Jul 19 16:20:54 2023]
#HOST: mini23.local
#TIMELIMIT: 7200
#MEMLIMIT: 0
#FREQ: 10
#SOLVER: sat-based-isr-tj05-230719-15h37m
#ARG1: benchmark/ISR-benchmark/random_instance/random_instance008_graph002.col
#ARG2: benchmark/ISR-benchmark/random_instance/random_instance008_graph002.dat
#COMMAND: /Users/soh/app/scala-2.12.4/bin/scala -J-Xms32g -J-Xmx32g -cp /Users/soh/app/IsrForCompetition230719-15h37m/scop.jar:/Users/soh/app/IsrForCompetition230719-15h37m/isr4competition_2.12-1.3.5.jar fun.scop.app.isr.IsrSolverTj05 benchmark/ISR-benchmark/random_instance/random_instance008_graph002.col benchmark/ISR-benchmark/random_instance/random_instance008_graph002.dat cadical /Users/soh/app/IsrForCompetition230719-15h37m/cadical
#Nodes: 104
#Edges: 312
c (0) step 1 UNSAT 656 2169
c (0) step 2 UNSAT 1271 4081
c (0) step 3 UNSAT 1982 6214
c (0) step 4 UNSAT 2821 8631
c (0) step 5 UNSAT 3820 11395
c (0) step 6 UNSAT 5011 14569
c (0) step 7 UNSAT 6426 18216
c (0) step 8 UNSAT 8097 22399
c (0) step 9 UNSAT 10056 27181
c (0) step 10 UNSAT 12335 32625
c (0) step 11 UNSAT 14966 38794
c (0) step 12 UNSAT 17981 45751
c (0) step 13 UNSAT 21412 53559
c (0) step 14 UNSAT 25291 62281
c (0) step 15 UNSAT 29650 71980
c (0) step 16 UNSAT 34521 82719
c (0) step 17 UNSAT 39936 94561
c (0) step 18 UNSAT 45927 107569
c (0) step 19 UNSAT 52526 121806
c (0) step 20 UNSAT 59765 137335
c (0) step 21 UNSAT 67676 154219
c (0) step 22 UNSAT 76291 172521
c (0) step 23 UNSAT 85642 192304
c (0) step 24 SAT 95761 213631
a YES
a 1 2 7 9 12 13 15 17 21 23 24 25 30 32 36 38 44 47 48 49 50 60 61 67 70 80 81 83 87 94 99 100 103
a 1 2 7 9 12 15 17 21 23 24 25 30 32 36 38 44 47 48 49 50 60 61 67 70 80 81 83 87 93 94 99 100 103
a 1 2 7 9 12 15 17 21 23 24 25 30 32 36 38 44 47 48 49 50 53 60 61 67 70 81 83 87 93 94 99 100 103
a 1 2 7 12 15 17 21 23 24 25 30 32 36 38 44 47 48 49 50 53 60 61 67 70 81 83 87 93 94 98 99 100 103
a 1 2 7 12 15 17 23 24 25 30 32 36 38 44 47 48 49 50 53 60 61 67 70 79 81 83 87 93 94 98 99 100 103
a 1 2 7 12 15 17 23 24 25 30 32 36 38 44 47 48 49 50 53 61 67 70 79 81 83 87 91 93 94 98 99 100 103
a 1 2 7 12 15 17 23 24 25 30 32 36 38 44 47 49 50 53 61 67 68 70 79 81 83 87 91 93 94 98 99 100 103
a 1 2 7 12 15 17 23 24 25 30 32 36 38 44 47 49 50 53 61 68 70 79 81 83 87 91 93 94 97 98 99 100 103
a 1 2 7 12 15 17 23 24 25 30 32 36 38 44 47 49 50 53 61 66 68 70 79 81 83 87 91 93 94 97 98 99 103
a 1 2 7 12 15 17 23 25 30 32 36 38 44 47 49 50 53 61 66 68 70 79 81 83 87 91 92 93 94 97 98 99 103
a 1 2 7 12 15 17 20 25 30 32 36 38 44 47 49 50 53 61 66 68 70 79 81 83 87 91 92 93 94 97 98 99 103
a 1 2 7 12 17 20 25 30 32 36 38 44 47 49 50 53 61 62 66 68 70 79 81 83 87 91 92 93 94 97 98 99 103
a 1 2 7 12 17 20 25 30 32 36 38 44 47 49 50 53 61 62 66 68 70 79 81 87 88 91 92 93 94 97 98 99 103
a 1 2 7 12 17 20 25 30 32 36 38 41 44 47 49 53 61 62 66 68 70 79 81 87 88 91 92 93 94 97 98 99 103
a 1 2 7 12 17 20 25 30 32 33 36 38 41 44 47 49 53 61 62 66 68 70 79 81 87 88 91 92 93 94 97 98 103
a 1 2 7 12 17 20 25 30 32 33 36 38 41 44 45 47 49 53 61 62 66 68 79 81 87 88 91 92 93 94 97 98 103
a 1 2 7 12 17 20 25 30 33 36 38 41 44 45 47 49 53 61 62 66 68 79 81 87 88 90 91 92 93 94 97 98 103
a 1 2 7 12 17 20 25 30 33 36 38 41 44 45 49 53 61 62 66 68 76 79 81 87 88 90 91 92 93 94 97 98 103
a 1 2 7 12 17 20 25 30 33 36 38 41 45 49 53 61 62 66 68 76 77 79 81 87 88 90 91 92 93 94 97 98 103
a 1 2 7 12 17 20 25 30 33 35 38 41 45 49 53 61 62 66 68 76 77 79 81 87 88 90 91 92 93 94 97 98 103
a 1 2 7 12 17 20 30 33 35 38 41 45 49 53 61 62 66 68 76 77 79 81 87 88 90 91 92 93 94 97 98 101 103
a 1 2 7 17 20 30 33 35 38 41 45 49 53 61 62 66 68 71 76 77 79 81 87 88 90 91 92 93 94 97 98 101 103
a 1 2 7 11 17 20 33 35 38 41 45 49 53 61 62 66 68 71 76 77 79 81 87 88 90 91 92 93 94 97 98 101 103
a 1 2 7 11 17 20 33 35 38 41 43 45 49 53 61 62 66 68 71 76 77 79 87 88 90 91 92 93 94 97 98 101 103
a 2 7 11 17 20 33 35 38 41 43 45 49 53 61 62 66 68 71 76 77 79 87 88 89 90 91 92 93 94 97 98 101 103
	Command being timed: "/Users/soh/app/scala-2.12.4/bin/scala -J-Xms32g -J-Xmx32g -cp /Users/soh/app/IsrForCompetition230719-15h37m/scop.jar:/Users/soh/app/IsrForCompetition230719-15h37m/isr4competition_2.12-1.3.5.jar fun.scop.app.isr.IsrSolverTj05 benchmark/ISR-benchmark/random_instance/random_instance008_graph002.col benchmark/ISR-benchmark/random_instance/random_instance008_graph002.dat cadical /Users/soh/app/IsrForCompetition230719-15h37m/cadical"
	User time (seconds): 1.71
	System time (seconds): 0.16
	Percent of CPU this job got: 162%
	Elapsed (wall clock) time (h:mm:ss or m:ss): 0:01.15
	Average shared text size (kbytes): 0
	Average unshared data size (kbytes): 0
	Average stack size (kbytes): 0
	Average total size (kbytes): 0
	Maximum resident set size (kbytes): 2240167936
	Average resident set size (kbytes): 0
	Major (requiring I/O) page faults: 0
	Minor (reclaiming a frame) page faults: 142664
	Voluntary context switches: 35
	Involuntary context switches: 3269
	Swaps: 0
	File system inputs: 0
	File system outputs: 0
	Socket messages sent: 41
	Socket messages received: 0
	Signals delivered: 5
	Page size (bytes): 4096
	Exit status: 0
FINISHED CPU 1.87 MEM 0 MAXMEM 0 STALE 1
#RESULT: UNK
#FIN: FIN
#CPU: 1.87
#MAXMEM: 0
c 
#END: [Wed Jul 19 16:20:55 2023]
