#BEGIN: [Tue Aug  1 13:00:48 2023]
#HOST: mini29.local
#TIMELIMIT: 7200
#MEMLIMIT: 0
#FREQ: 10
#SOLVER: ddreconf230801-10h10m
#ARG1: benchmark/ISR-benchmark/random_instance/random_instance005_graph004.col
#ARG2: benchmark/ISR-benchmark/random_instance/random_instance005_graph004.dat
#COMMAND: /Users/soh/app/ddreconf230801-10h10m/ddreconf benchmark/ISR-benchmark/random_instance/random_instance005_graph004.col --indset --stwidth --stfile=benchmark/ISR-benchmark/random_instance/random_instance005_graph004.dat
Input graph file parsed. # of vertices = 65, # of edges = 195
s 6 12 13 18 37 23 28 30 54 33 36 38 40 46 49 51 58 63
t 4 7 9 12 13 18 19 21 25 30 34 38 40 49 50 65 57 63
Solution space ZDD construction start
Solution space ZDD construction end
Solution space ZDD construction time = 46.388984
Solution space ZDD size = 2015530
# of elements in the solution space = 21665853613
Start computing the width of the solution space graph
Zs_1 construction time = 0.000240, # ZDD nodes = 92, # elems = 12
Zt_1 construction time = 0.000226, # ZDD nodes = 94, # elems = 14
Zs_2 construction time = 0.000995, # ZDD nodes = 372, # elems = 95
Zt_2 construction time = 0.001376, # ZDD nodes = 362, # elems = 174
Zs_3 construction time = 0.004656, # ZDD nodes = 1246, # elems = 642
Zt_3 construction time = 0.006401, # ZDD nodes = 1379, # elems = 1355
Zs_4 construction time = 0.022440, # ZDD nodes = 4031, # elems = 3757
Zt_4 construction time = 0.033043, # ZDD nodes = 4865, # elems = 7237
Zs_5 construction time = 0.100936, # ZDD nodes = 12560, # elems = 19138
Zt_5 construction time = 0.164822, # ZDD nodes = 14812, # elems = 30085
Reconf seq found. Shortest length = 10
Zs_6 construction time = 0.431842, # ZDD nodes = 36044, # elems = 83676
Zt_6 construction time = 0.675250, # ZDD nodes = 40039, # elems = 106761
Zs_7 construction time = 1.682985, # ZDD nodes = 94538, # elems = 311816
Zt_7 construction time = 2.484237, # ZDD nodes = 97871, # elems = 342699
Zs_8 construction time = 6.349174, # ZDD nodes = 227119, # elems = 987216
Zt_8 construction time = 6.935622, # ZDD nodes = 216801, # elems = 992801
Zs_9 construction time = 19.183354, # ZDD nodes = 492635, # elems = 2663364
Zt_9 construction time = 22.359749, # ZDD nodes = 436237, # elems = 2517851
Zs_10 construction time = 57.573342, # ZDD nodes = 951473, # elems = 6138298
Zt_10 construction time = 47.011973, # ZDD nodes = 793231, # elems = 5486428
Card(Zs_0 & Zt_10) = 1
Card(Zs_1 & Zt_9) = 6
Card(Zs_2 & Zt_8) = 25
Card(Zs_3 & Zt_7) = 64
Card(Zs_4 & Zt_6) = 110
Card(Zs_5 & Zt_5) = 139
Card(Zs_6 & Zt_4) = 127
Card(Zs_7 & Zt_3) = 78
Card(Zs_8 & Zt_2) = 30
Card(Zs_9 & Zt_1) = 7
Card(Zs_10 & Zt_0) = 1
max card = 139
max card index = 5
a YES
a 6 12 13 18 23 28 30 33 36 37 38 40 46 49 51 54 58 63
a 6 12 13 18 23 28 30 33 34 37 38 40 46 49 51 54 58 63
a 6 9 12 13 18 23 28 30 33 34 37 38 40 46 49 51 54 63
a 6 9 12 13 18 28 30 33 34 37 38 40 46 49 51 54 57 63
a 6 9 12 13 18 28 30 33 34 37 38 40 46 49 54 57 63 65
a 6 9 12 13 18 25 28 30 33 34 37 38 40 49 54 57 63 65
a 6 9 12 13 18 25 28 30 34 37 38 40 49 50 54 57 63 65
a 4 6 9 12 13 18 25 28 30 34 38 40 49 50 54 57 63 65
a 4 9 12 13 18 21 25 28 30 34 38 40 49 50 54 57 63 65
a 4 9 12 13 18 19 21 25 28 30 34 38 40 49 50 57 63 65
a 4 7 9 12 13 18 19 21 25 30 34 38 40 49 50 57 63 65
Reconfiguration time = 166.099447
	Command being timed: "/Users/soh/app/ddreconf230801-10h10m/ddreconf benchmark/ISR-benchmark/random_instance/random_instance005_graph004.col --indset --stwidth --stfile=benchmark/ISR-benchmark/random_instance/random_instance005_graph004.dat"
	User time (seconds): 209.86
	System time (seconds): 3.57
	Percent of CPU this job got: 99%
	Elapsed (wall clock) time (h:mm:ss or m:ss): 3:33.46
	Average shared text size (kbytes): 0
	Average unshared data size (kbytes): 0
	Average stack size (kbytes): 0
	Average total size (kbytes): 0
	Maximum resident set size (kbytes): 43787960320
	Average resident set size (kbytes): 0
	Major (requiring I/O) page faults: 0
	Minor (reclaiming a frame) page faults: 4101227
	Voluntary context switches: 22
	Involuntary context switches: 1023
	Swaps: 0
	File system inputs: 0
	File system outputs: 0
	Socket messages sent: 36
	Socket messages received: 0
	Signals delivered: 0
	Page size (bytes): 4096
	Exit status: 0
FINISHED CPU 213.43 MEM 0 MAXMEM 0 STALE 1
#RESULT: UNK
#FIN: FIN
#CPU: 213.43
#MAXMEM: 0
c 
#END: [Tue Aug  1 13:04:22 2023]
