#BEGIN: [Wed Jul 19 16:21:50 2023]
#HOST: mini28.local
#TIMELIMIT: 7200
#MEMLIMIT: 0
#FREQ: 10
#SOLVER: sat-based-isr-tj05-230719-15h37m
#ARG1: benchmark/ISR-benchmark/random_instance/random_instance019_graph005.col
#ARG2: benchmark/ISR-benchmark/random_instance/random_instance019_graph005.dat
#COMMAND: /Users/soh/app/scala-2.12.4/bin/scala -J-Xms32g -J-Xmx32g -cp /Users/soh/app/IsrForCompetition230719-15h37m/scop.jar:/Users/soh/app/IsrForCompetition230719-15h37m/isr4competition_2.12-1.3.5.jar fun.scop.app.isr.IsrSolverTj05 benchmark/ISR-benchmark/random_instance/random_instance019_graph005.col benchmark/ISR-benchmark/random_instance/random_instance019_graph005.dat cadical /Users/soh/app/IsrForCompetition230719-15h37m/cadical
#Nodes: 247
#Edges: 741
c (0) step 1 UNSAT 1560 5167
c (0) step 2 UNSAT 3028 9735
c (0) step 3 UNSAT 4730 14846
c (0) step 4 UNSAT 6744 20655
c (0) step 5 UNSAT 9148 27317
c (0) step 6 UNSAT 12020 34987
c (0) step 7 UNSAT 15438 43820
c (0) step 8 UNSAT 19480 53971
c (0) step 9 UNSAT 24224 65595
c (0) step 10 UNSAT 29748 78847
c (0) step 11 UNSAT 36130 93882
c (0) step 12 UNSAT 43448 110855
c (0) step 13 UNSAT 51780 129921
c (0) step 14 UNSAT 61204 151235
c (0) step 15 UNSAT 71798 174952
c (0) step 16 UNSAT 83640 201227
c (0) step 17 UNSAT 96808 230215
c (0) step 18 UNSAT 111380 262071
c (0) step 19 UNSAT 127434 296950
c (0) step 20 UNSAT 145048 335007
c (0) step 21 UNSAT 164300 376397
c (0) step 22 UNSAT 185268 421275
c (0) step 23 UNSAT 208030 469796
c (0) step 24 UNSAT 232664 522115
c (0) step 25 UNSAT 259248 578387
c (0) step 26 UNSAT 287860 638767
c (1) step 27 UNSAT 318578 703410
c (1) step 28 UNSAT 351480 772471
c (1) step 29 UNSAT 386644 846105
c (1) step 30 UNSAT 424148 924467
c (1) step 31 UNSAT 464070 1007712
c (1) step 32 UNSAT 506488 1095995
c (1) step 33 UNSAT 551480 1189471
c (1) step 34 UNSAT 599124 1288295
c (1) step 35 UNSAT 649498 1392622
c (2) step 36 UNSAT 702680 1502607
c (2) step 37 UNSAT 758748 1618405
c (2) step 38 UNSAT 817780 1740171
c (2) step 39 UNSAT 879854 1868060
c (2) step 40 UNSAT 945048 2002227
c (2) step 41 UNSAT 1013440 2142827
c (3) step 42 UNSAT 1085108 2290015
c (3) step 43 UNSAT 1160130 2443946
c (3) step 44 UNSAT 1238584 2604775
c (3) step 45 UNSAT 1320548 2772657
c (4) step 46 UNSAT 1406100 2947747
c (5) step 47 SAT 1495318 3130200
a YES
a 1 6 12 13 16 17 18 25 28 31 36 37 46 49 54 56 57 65 67 68 70 71 72 76 77 82 84 85 87 90 91 94 100 112 118 119 120 123 125 128 131 136 142 146 148 155 156 157 158 164 167 175 182 184 185 187 188 191 193 194 195 201 202 203 205 206 211 212 218 220 222 223 229 233 234 238 240 241 245
a 1 3 6 12 13 16 17 18 25 31 36 37 46 49 54 56 57 65 67 68 70 71 72 76 77 82 84 85 87 90 91 94 100 112 118 119 120 123 125 128 131 136 142 146 148 155 156 157 158 164 167 175 182 184 185 187 188 191 193 194 195 201 202 203 205 206 211 212 218 220 222 223 229 233 234 238 240 241 245
a 1 3 6 12 13 16 17 18 25 31 36 37 41 46 49 54 56 57 65 67 68 70 71 72 76 77 82 84 85 87 90 91 94 100 112 118 119 120 125 128 131 136 142 146 148 155 156 157 158 164 167 175 182 184 185 187 188 191 193 194 195 201 202 203 205 206 211 212 218 220 222 223 229 233 234 238 240 241 245
a 1 3 6 12 13 16 17 18 25 31 36 37 41 46 49 53 54 56 57 65 67 68 70 71 72 76 77 82 84 87 90 91 94 100 112 118 119 120 125 128 131 136 142 146 148 155 156 157 158 164 167 175 182 184 185 187 188 191 193 194 195 201 202 203 205 206 211 212 218 220 222 223 229 233 234 238 240 241 245
a 1 3 6 12 13 16 17 18 25 31 36 37 41 46 49 53 54 56 57 65 67 68 70 71 72 76 77 82 84 87 90 91 94 100 112 118 119 120 125 128 131 136 142 146 148 155 156 157 164 167 175 182 184 185 186 187 188 191 193 194 195 201 202 203 205 206 211 212 218 220 222 223 229 233 234 238 240 241 245
a 1 3 6 12 13 16 17 18 25 31 36 37 41 46 49 53 54 56 57 65 67 68 70 71 72 76 77 82 84 87 90 91 94 100 112 118 119 120 125 128 131 136 142 146 148 156 157 164 167 175 182 184 185 186 187 188 191 193 194 195 201 202 203 205 206 211 212 213 218 220 222 223 229 233 234 238 240 241 245
a 1 3 6 12 13 16 17 18 25 31 36 37 41 46 49 53 54 56 57 65 67 68 70 71 72 76 77 82 84 87 90 91 94 100 112 118 119 120 125 128 131 136 137 142 146 148 157 164 167 175 182 184 185 186 187 188 191 193 194 195 201 202 203 205 206 211 212 213 218 220 222 223 229 233 234 238 240 241 245
a 1 3 6 12 13 16 17 18 25 31 36 37 41 46 49 53 54 56 57 65 67 68 70 71 72 76 77 82 84 87 90 91 94 100 112 118 119 120 125 128 136 137 142 146 148 157 164 167 175 182 184 185 186 187 188 191 193 194 195 201 202 203 205 206 211 212 213 218 220 222 223 229 233 234 238 240 241 243 245
a 1 3 6 12 13 16 17 18 25 31 36 37 41 46 49 53 54 56 57 65 67 68 70 71 72 76 77 82 84 87 90 91 94 100 112 118 119 120 124 125 128 136 137 142 146 148 157 164 167 182 184 185 186 187 188 191 193 194 195 201 202 203 205 206 211 212 213 218 220 222 223 229 233 234 238 240 241 243 245
a 1 3 6 12 13 16 17 25 31 36 37 41 46 49 53 54 56 57 65 67 68 70 71 72 76 77 82 84 87 90 91 94 100 112 118 119 120 124 125 128 136 137 142 146 148 157 164 167 182 184 185 186 187 188 191 193 194 195 201 202 203 205 206 211 212 213 218 220 222 223 226 229 233 234 238 240 241 243 245
a 1 3 6 12 13 16 17 25 31 36 41 46 49 53 54 56 57 65 67 68 70 71 72 76 77 82 84 87 90 91 94 100 112 118 119 120 124 125 128 136 137 142 146 148 157 164 167 169 182 184 185 186 187 188 191 193 194 195 201 202 203 205 206 211 212 213 218 220 222 223 226 229 233 234 238 240 241 243 245
a 1 3 6 12 13 16 17 25 31 36 41 46 49 53 54 56 57 65 67 68 70 71 72 76 77 82 84 87 90 91 94 100 112 118 119 120 124 125 128 136 137 138 142 146 148 157 164 167 169 182 184 185 186 187 188 191 193 194 195 201 202 203 206 211 212 213 218 220 222 223 226 229 233 234 238 240 241 243 245
a 1 3 6 12 13 16 17 25 31 36 41 46 49 53 56 57 65 67 68 70 71 72 76 77 82 84 87 90 91 94 100 112 118 119 120 124 125 128 136 137 138 142 146 148 157 164 167 169 182 184 185 186 187 188 191 193 194 195 196 201 202 203 206 211 212 213 218 220 222 223 226 229 233 234 238 240 241 243 245
a 1 3 6 12 13 16 17 25 31 36 41 46 49 53 56 57 65 67 68 70 71 76 77 82 84 87 90 91 94 100 112 117 118 119 120 124 125 128 136 137 138 142 146 148 157 164 167 169 182 184 185 186 187 188 191 193 194 195 196 201 202 203 206 211 212 213 218 220 222 223 226 229 233 234 238 240 241 243 245
a 1 3 6 12 13 16 25 31 36 41 46 49 53 56 57 65 67 68 70 71 76 77 82 84 87 90 91 94 100 111 112 117 118 119 120 124 125 128 136 137 138 142 146 148 157 164 167 169 182 184 185 186 187 188 191 193 194 195 196 201 202 203 206 211 212 213 218 220 222 223 226 229 233 234 238 240 241 243 245
a 1 3 6 12 13 16 25 31 36 41 46 49 53 56 57 65 67 68 70 71 76 77 82 84 87 90 91 94 100 111 112 117 118 119 120 124 125 128 136 137 138 142 146 148 157 164 167 169 184 185 186 187 188 191 193 194 195 196 197 201 202 203 206 211 212 213 218 220 222 223 226 229 233 234 238 240 241 243 245
a 1 3 6 12 13 16 25 31 36 41 46 49 53 56 57 65 67 68 70 71 76 77 82 84 87 90 91 94 100 111 112 117 118 119 120 124 125 128 136 137 138 142 145 146 148 157 164 167 169 184 185 186 187 188 191 193 194 195 196 197 201 202 203 206 211 212 213 218 220 222 223 226 229 233 234 238 240 241 243
a 1 3 6 12 13 16 25 31 36 41 46 49 53 56 57 65 67 68 70 71 76 77 82 84 90 91 94 100 111 112 117 118 119 120 124 125 128 136 137 138 142 145 146 148 157 164 167 169 180 184 185 186 187 188 191 193 194 195 196 197 201 202 203 206 211 212 213 218 220 222 223 226 229 233 234 238 240 241 243
a 1 3 6 12 13 16 25 31 36 41 46 49 53 56 65 67 68 70 71 76 77 82 84 90 91 94 100 111 112 117 118 119 120 124 125 128 136 137 138 142 145 146 148 151 157 164 167 169 180 184 185 186 187 188 191 193 194 195 196 197 201 202 203 206 211 212 213 218 220 222 223 226 229 233 234 238 240 241 243
a 1 3 6 12 13 16 25 31 36 41 46 49 53 56 65 67 68 70 71 76 77 82 84 90 91 94 100 111 112 117 118 119 120 124 125 128 136 137 138 142 145 146 148 151 157 164 167 169 180 181 184 185 186 187 188 191 193 194 195 196 197 201 202 203 206 211 212 213 218 220 223 226 229 233 234 238 240 241 243
a 1 3 6 12 13 16 25 31 36 41 46 49 53 56 65 67 68 70 71 76 77 82 84 90 91 94 100 111 112 117 118 119 120 124 125 128 136 137 138 140 142 145 146 148 151 157 164 167 169 180 181 184 185 186 187 188 191 194 195 196 197 201 202 203 206 211 212 213 218 220 223 226 229 233 234 238 240 241 243
a 1 3 6 12 13 16 25 31 36 41 46 49 53 56 65 67 68 70 71 76 77 82 84 90 91 94 100 109 111 112 117 118 119 120 124 125 128 136 137 138 140 142 145 146 148 151 157 164 167 169 180 181 184 185 186 187 188 191 194 195 196 197 201 202 203 206 212 213 218 220 223 226 229 233 234 238 240 241 243
a 1 3 6 12 13 16 25 31 36 41 46 49 53 56 65 67 68 70 71 76 77 82 84 90 91 94 100 107 109 111 112 117 118 119 120 124 125 128 136 137 138 140 142 145 146 148 151 157 164 167 169 180 181 184 185 186 187 188 191 194 195 196 197 201 202 203 206 212 213 218 220 223 226 229 233 234 238 240 243
a 1 3 6 12 13 16 25 31 36 41 46 49 53 56 65 67 68 70 71 76 77 82 84 90 91 94 100 107 109 111 112 117 118 119 120 124 125 128 136 137 138 140 142 145 146 148 149 151 157 164 167 169 180 181 184 185 186 187 191 194 195 196 197 201 202 203 206 212 213 218 220 223 226 229 233 234 238 240 243
a 1 3 6 12 13 16 25 31 36 41 46 49 53 56 65 67 68 70 71 76 77 82 84 90 91 94 95 100 107 109 111 112 117 118 119 120 124 125 128 136 137 138 140 142 145 146 148 149 151 157 164 167 169 180 181 184 185 186 187 191 194 195 196 197 201 202 203 206 212 213 218 223 226 229 233 234 238 240 243
a 1 3 6 12 13 16 25 31 36 41 46 49 53 56 65 67 68 70 71 76 77 82 84 90 91 94 95 100 107 109 111 112 117 118 119 120 124 125 128 136 137 138 140 142 145 146 148 149 151 157 164 167 169 180 181 184 185 186 187 191 192 194 195 196 197 201 202 206 212 213 218 223 226 229 233 234 238 240 243
a 1 3 6 12 13 16 25 31 36 41 46 49 53 56 65 67 68 70 71 76 77 82 84 86 90 91 94 95 100 107 109 111 112 117 118 119 120 124 125 128 136 137 138 140 142 145 146 148 149 151 157 164 167 169 180 181 184 185 186 187 191 192 194 195 196 197 201 202 206 212 213 218 226 229 233 234 238 240 243
a 1 3 6 12 13 16 25 31 36 41 49 53 56 65 67 68 70 71 76 77 82 84 86 90 91 94 95 100 107 109 111 112 117 118 119 120 124 125 128 136 137 138 140 142 145 146 148 149 151 157 164 167 169 180 181 184 185 186 187 191 192 194 195 196 197 201 202 206 212 213 216 218 226 229 233 234 238 240 243
a 1 3 6 12 13 16 25 31 36 41 49 53 56 65 67 68 70 71 76 77 82 84 86 89 90 91 94 95 100 107 109 111 112 117 118 119 120 124 125 128 136 137 138 140 142 145 146 148 149 151 157 164 167 169 180 181 185 186 187 191 192 194 195 196 197 201 202 206 212 213 216 218 226 229 233 234 238 240 243
a 1 3 12 13 16 25 31 36 41 49 53 56 65 67 68 70 71 76 77 80 82 84 86 89 90 91 94 95 100 107 109 111 112 117 118 119 120 124 125 128 136 137 138 140 142 145 146 148 149 151 157 164 167 169 180 181 185 186 187 191 192 194 195 196 197 201 202 206 212 213 216 218 226 229 233 234 238 240 243
a 1 3 12 13 16 25 31 36 41 49 53 56 64 65 67 68 70 71 76 77 80 82 84 86 89 90 91 94 95 100 107 109 111 112 117 118 119 120 124 125 128 136 137 138 140 142 145 148 149 151 157 164 167 169 180 181 185 186 187 191 192 194 195 196 197 201 202 206 212 213 216 218 226 229 233 234 238 240 243
a 1 3 12 13 16 25 31 36 41 49 53 58 64 65 67 68 70 71 76 77 80 82 84 86 89 90 91 94 95 100 107 109 111 112 117 118 119 120 124 125 128 136 137 138 140 142 145 148 149 151 157 164 167 169 180 181 185 186 187 191 192 194 195 196 197 201 202 206 212 213 216 218 226 229 233 234 238 240 243
a 1 3 12 13 16 25 31 36 41 43 53 58 64 65 67 68 70 71 76 77 80 82 84 86 89 90 91 94 95 100 107 109 111 112 117 118 119 120 124 125 128 136 137 138 140 142 145 148 149 151 157 164 167 169 180 181 185 186 187 191 192 194 195 196 197 201 202 206 212 213 216 218 226 229 233 234 238 240 243
a 1 3 12 13 16 25 31 34 36 41 43 53 58 64 65 67 68 70 71 76 77 80 84 86 89 90 91 94 95 100 107 109 111 112 117 118 119 120 124 125 128 136 137 138 140 142 145 148 149 151 157 164 167 169 180 181 185 186 187 191 192 194 195 196 197 201 202 206 212 213 216 218 226 229 233 234 238 240 243
a 1 3 12 13 16 25 31 34 36 41 43 53 58 64 65 67 68 70 71 76 77 80 84 86 89 90 91 94 95 100 107 109 111 112 117 118 119 120 124 125 128 136 137 138 140 142 145 148 149 151 157 164 167 169 179 180 181 185 186 187 191 192 194 195 196 197 201 202 212 213 216 218 226 229 233 234 238 240 243
a 1 3 12 13 16 25 31 34 36 41 43 53 58 64 65 67 68 70 71 76 77 80 84 86 89 90 91 95 100 107 109 111 112 117 118 119 120 124 125 128 136 137 138 140 142 145 148 149 151 157 164 167 169 177 179 180 181 185 186 187 191 192 194 195 196 197 201 202 212 213 216 218 226 229 233 234 238 240 243
a 1 3 12 13 16 25 31 34 36 41 43 44 53 58 64 65 67 68 70 71 76 77 80 84 86 89 90 91 95 100 107 109 111 112 117 118 119 120 124 125 128 136 137 138 140 145 148 149 151 157 164 167 169 177 179 180 181 185 186 187 191 192 194 195 196 197 201 202 212 213 216 218 226 229 233 234 238 240 243
a 1 3 12 13 16 25 31 34 36 41 43 44 53 58 64 65 67 68 70 71 76 77 80 84 86 89 90 91 95 100 107 109 111 112 113 117 118 119 120 124 125 128 136 137 138 140 145 148 149 151 157 164 167 169 177 179 180 181 185 186 187 191 192 194 195 196 197 201 202 212 213 216 218 226 229 233 234 240 243
a 1 3 12 13 16 25 29 31 34 36 41 43 44 53 58 64 65 67 68 70 71 76 77 80 84 86 89 90 95 100 107 109 111 112 113 117 118 119 120 124 125 128 136 137 138 140 145 148 149 151 157 164 167 169 177 179 180 181 185 186 187 191 192 194 195 196 197 201 202 212 213 216 218 226 229 233 234 240 243
a 1 3 12 13 16 25 29 31 34 36 41 43 44 53 58 64 65 67 68 70 71 76 77 80 84 86 89 90 95 107 109 111 112 113 117 118 119 120 124 125 128 136 137 138 140 145 148 149 151 157 164 167 169 177 179 180 181 185 186 187 191 192 194 195 196 197 201 202 212 213 216 218 226 229 233 234 235 240 243
a 1 3 12 13 16 25 29 31 34 36 41 43 44 53 58 64 65 67 68 70 71 76 77 80 84 86 89 90 95 107 109 111 112 113 117 118 119 120 124 125 127 128 136 137 138 140 145 148 149 151 157 164 169 177 179 180 181 185 186 187 191 192 194 195 196 197 201 202 212 213 216 218 226 229 233 234 235 240 243
a 1 3 12 13 16 25 29 31 33 34 36 41 43 44 53 58 64 65 67 68 70 71 76 77 80 84 86 89 90 95 107 109 111 112 113 117 118 119 120 124 125 127 128 136 137 138 140 145 148 149 151 157 164 169 177 179 180 181 185 186 187 191 192 194 195 196 197 201 202 212 213 216 218 226 229 233 235 240 243
a 1 3 12 13 16 25 29 31 32 33 34 36 41 43 44 53 58 64 65 67 68 70 71 76 77 80 84 86 89 90 95 107 109 111 112 113 117 118 119 120 124 125 127 128 136 137 138 140 145 148 149 151 157 164 169 177 179 180 181 185 186 187 191 192 194 195 196 197 201 202 212 213 216 218 226 233 235 240 243
a 1 3 12 13 16 25 29 31 32 33 34 36 41 43 44 53 58 64 65 67 68 70 71 76 77 80 84 86 89 90 95 107 109 111 112 113 117 118 119 120 124 125 127 128 136 137 138 139 140 145 148 149 151 157 164 169 177 179 180 181 185 186 187 191 192 194 195 196 197 201 202 212 213 216 218 226 233 235 243
a 1 3 12 13 16 25 29 31 32 33 34 36 41 43 44 53 58 64 65 67 68 70 71 76 77 80 86 89 90 95 107 109 111 112 113 117 118 119 120 124 125 127 128 134 136 137 138 139 140 145 148 149 151 157 164 169 177 179 180 181 185 186 187 191 192 194 195 196 197 201 202 212 213 216 218 226 233 235 243
a 1 3 11 12 13 16 25 29 31 32 33 34 36 41 43 44 53 58 64 65 67 68 70 71 76 77 80 86 89 90 95 107 109 111 112 113 117 118 119 120 124 125 127 128 134 136 137 138 139 140 145 148 149 151 164 169 177 179 180 181 185 186 187 191 192 194 195 196 197 201 202 212 213 216 218 226 233 235 243
a 1 3 4 11 12 13 16 25 29 31 32 33 34 36 41 43 44 53 58 64 65 67 68 70 71 76 77 80 86 89 95 107 109 111 112 113 117 118 119 120 124 125 127 128 134 136 137 138 139 140 145 148 149 151 164 169 177 179 180 181 185 186 187 191 192 194 195 196 197 201 202 212 213 216 218 226 233 235 243
a 3 4 11 12 13 16 25 29 31 32 33 34 36 41 43 44 53 58 64 65 67 68 70 71 76 77 80 86 89 95 96 107 109 111 112 113 117 118 119 120 124 125 127 128 134 136 137 138 139 140 145 148 149 151 164 169 177 179 180 181 185 186 187 191 192 194 195 196 197 201 202 212 213 216 218 226 233 235 243
	Command being timed: "/Users/soh/app/scala-2.12.4/bin/scala -J-Xms32g -J-Xmx32g -cp /Users/soh/app/IsrForCompetition230719-15h37m/scop.jar:/Users/soh/app/IsrForCompetition230719-15h37m/isr4competition_2.12-1.3.5.jar fun.scop.app.isr.IsrSolverTj05 benchmark/ISR-benchmark/random_instance/random_instance019_graph005.col benchmark/ISR-benchmark/random_instance/random_instance019_graph005.dat cadical /Users/soh/app/IsrForCompetition230719-15h37m/cadical"
	User time (seconds): 6.37
	System time (seconds): 1.31
	Percent of CPU this job got: 116%
	Elapsed (wall clock) time (h:mm:ss or m:ss): 0:06.60
	Average shared text size (kbytes): 0
	Average unshared data size (kbytes): 0
	Average stack size (kbytes): 0
	Average total size (kbytes): 0
	Maximum resident set size (kbytes): 23073570816
	Average resident set size (kbytes): 0
	Major (requiring I/O) page faults: 0
	Minor (reclaiming a frame) page faults: 1425034
	Voluntary context switches: 38
	Involuntary context switches: 3689
	Swaps: 0
	File system inputs: 0
	File system outputs: 0
	Socket messages sent: 44
	Socket messages received: 0
	Signals delivered: 8
	Page size (bytes): 4096
	Exit status: 0
FINISHED CPU 7.68 MEM 0 MAXMEM 0 STALE 1
#RESULT: UNK
#FIN: FIN
#CPU: 7.68
#MAXMEM: 0
c 
#END: [Wed Jul 19 16:21:57 2023]
