#BEGIN: [Wed Jul 19 16:20:42 2023]
#HOST: mini28.local
#TIMELIMIT: 7200
#MEMLIMIT: 0
#FREQ: 10
#SOLVER: sat-based-isr-tj05-230719-15h37m
#ARG1: benchmark/ISR-benchmark/random_instance/random_instance002_graph003.col
#ARG2: benchmark/ISR-benchmark/random_instance/random_instance002_graph003.dat
#COMMAND: /Users/soh/app/scala-2.12.4/bin/scala -J-Xms32g -J-Xmx32g -cp /Users/soh/app/IsrForCompetition230719-15h37m/scop.jar:/Users/soh/app/IsrForCompetition230719-15h37m/isr4competition_2.12-1.3.5.jar fun.scop.app.isr.IsrSolverTj05 benchmark/ISR-benchmark/random_instance/random_instance002_graph003.col benchmark/ISR-benchmark/random_instance/random_instance002_graph003.dat cadical /Users/soh/app/IsrForCompetition230719-15h37m/cadical
#Nodes: 26
#Edges: 78
c (0) step 1 UNSAT 163 534
c (0) step 2 UNSAT 313 998
c (0) step 3 UNSAT 484 1508
c (0) step 4 UNSAT 683 2077
c (0) step 5 UNSAT 917 2718
c (0) step 6 SAT 1193 3444
a YES
a 6 9 13 16 18 19 23 24
a 9 12 13 16 18 19 23 24
a 9 12 13 16 18 19 21 24
a 2 9 12 13 16 19 21 24
a 2 7 9 12 13 16 19 21
a 2 7 8 9 12 13 19 21
a 2 7 8 9 12 19 21 22
	Command being timed: "/Users/soh/app/scala-2.12.4/bin/scala -J-Xms32g -J-Xmx32g -cp /Users/soh/app/IsrForCompetition230719-15h37m/scop.jar:/Users/soh/app/IsrForCompetition230719-15h37m/isr4competition_2.12-1.3.5.jar fun.scop.app.isr.IsrSolverTj05 benchmark/ISR-benchmark/random_instance/random_instance002_graph003.col benchmark/ISR-benchmark/random_instance/random_instance002_graph003.dat cadical /Users/soh/app/IsrForCompetition230719-15h37m/cadical"
	User time (seconds): 0.82
	System time (seconds): 0.08
	Percent of CPU this job got: 128%
	Elapsed (wall clock) time (h:mm:ss or m:ss): 0:00.71
	Average shared text size (kbytes): 0
	Average unshared data size (kbytes): 0
	Average stack size (kbytes): 0
	Average total size (kbytes): 0
	Maximum resident set size (kbytes): 830308352
	Average resident set size (kbytes): 0
	Major (requiring I/O) page faults: 0
	Minor (reclaiming a frame) page faults: 56589
	Voluntary context switches: 35
	Involuntary context switches: 2548
	Swaps: 0
	File system inputs: 0
	File system outputs: 0
	Socket messages sent: 41
	Socket messages received: 0
	Signals delivered: 5
	Page size (bytes): 4096
	Exit status: 0
FINISHED CPU 0.9 MEM 0 MAXMEM 0 STALE 1
#RESULT: UNK
#FIN: FIN
#CPU: 0.9
#MAXMEM: 0
c 
#END: [Wed Jul 19 16:20:43 2023]
