#BEGIN: [Tue Aug  1 20:05:44 2023]
#HOST: mini25.local
#TIMELIMIT: 7200
#MEMLIMIT: 0
#FREQ: 10
#SOLVER: ddreconf230801-10h10m
#ARG1: benchmark/ISR-benchmark/random_instance/random_instance019_graph001.col
#ARG2: benchmark/ISR-benchmark/random_instance/random_instance019_graph001.dat
#COMMAND: /Users/soh/app/ddreconf230801-10h10m/ddreconf benchmark/ISR-benchmark/random_instance/random_instance019_graph001.col --indset --stwidth --stfile=benchmark/ISR-benchmark/random_instance/random_instance019_graph001.dat
Input graph file parsed. # of vertices = 247, # of edges = 741
s 136 5 10 12 16 18 19 25 27 30 32 38 44 45 46 163 56 61 62 63 68 71 76 78 81 82 86 88 89 91 206 100 151 198 111 112 236 117 119 155 125 128 130 132 133 138 139 180 201 145 146 149 156 157 168 169 217 171 172 211 177 179 184 185 186 190 227 194 196 199 202 203 205 226 238 239 220 219 228
t 3 4 5 8 10 13 16 18 19 20 23 27 29 30 34 35 38 42 43 45 48 49 50 163 55 60 63 74 78 83 84 88 90 91 94 99 103 104 105 109 112 236 155 126 129 130 147 141 180 144 145 146 240 161 164 166 168 170 189 172 175 178 179 181 184 190 191 193 194 212 202 207 208 209 239 235 220 219 246
Solution space ZDD construction start
Command terminated by signal 9
	Command being timed: "/Users/soh/app/ddreconf230801-10h10m/ddreconf benchmark/ISR-benchmark/random_instance/random_instance019_graph001.col --indset --stwidth --stfile=benchmark/ISR-benchmark/random_instance/random_instance019_graph001.dat"
	User time (seconds): 1415.01
	System time (seconds): 872.76
	Percent of CPU this job got: 78%
	Elapsed (wall clock) time (h:mm:ss or m:ss): 48:49.40
	Average shared text size (kbytes): 0
	Average unshared data size (kbytes): 0
	Average stack size (kbytes): 0
	Average total size (kbytes): 0
	Maximum resident set size (kbytes): 255032229888
	Average resident set size (kbytes): 0
	Major (requiring I/O) page faults: 0
	Minor (reclaiming a frame) page faults: 207861624
	Voluntary context switches: 1129928
	Involuntary context switches: 2172207
	Swaps: 0
	File system inputs: 0
	File system outputs: 0
	Socket messages sent: 38
	Socket messages received: 0
	Signals delivered: 0
	Page size (bytes): 4096
	Exit status: 0
FINISHED CPU 2287.77 MEM 0 MAXMEM 0 STALE 1
#RESULT: UNK
#FIN: FIN
#CPU: 2287.77
#MAXMEM: 0
c 
#END: [Tue Aug  1 20:54:33 2023]
