#BEGIN: [Tue Aug  1 20:18:43 2023]
#HOST: mini28.local
#TIMELIMIT: 7200
#MEMLIMIT: 0
#FREQ: 10
#SOLVER: ddreconf230801-10h10m
#ARG1: benchmark/ISR-benchmark/random_instance/random_instance019_graph004.col
#ARG2: benchmark/ISR-benchmark/random_instance/random_instance019_graph004.dat
#COMMAND: /Users/soh/app/ddreconf230801-10h10m/ddreconf benchmark/ISR-benchmark/random_instance/random_instance019_graph004.col --indset --stwidth --stfile=benchmark/ISR-benchmark/random_instance/random_instance019_graph004.dat
libc++abi.dylib: terminating with uncaught exception of type std::runtime_error: ERROR: 66: No such vertex
Command terminated by signal 6
	Command being timed: "/Users/soh/app/ddreconf230801-10h10m/ddreconf benchmark/ISR-benchmark/random_instance/random_instance019_graph004.col --indset --stwidth --stfile=benchmark/ISR-benchmark/random_instance/random_instance019_graph004.dat"
	User time (seconds): 0.54
	System time (seconds): 0.00
	Percent of CPU this job got: 98%
	Elapsed (wall clock) time (h:mm:ss or m:ss): 0:00.56
	Average shared text size (kbytes): 0
	Average unshared data size (kbytes): 0
	Average stack size (kbytes): 0
	Average total size (kbytes): 0
	Maximum resident set size (kbytes): 123781120
	Average resident set size (kbytes): 0
	Major (requiring I/O) page faults: 0
	Minor (reclaiming a frame) page faults: 7695
	Voluntary context switches: 21
	Involuntary context switches: 7
	Swaps: 0
	File system inputs: 0
	File system outputs: 0
	Socket messages sent: 40
	Socket messages received: 0
	Signals delivered: 0
	Page size (bytes): 4096
	Exit status: 0
FINISHED CPU 0.54 MEM 0 MAXMEM 0 STALE 1
#RESULT: UNK
#FIN: FIN
#CPU: 0.54
#MAXMEM: 0
c 
#END: [Tue Aug  1 20:18:44 2023]
