#BEGIN: [Wed Jul 19 16:20:45 2023]
#HOST: mini23.local
#TIMELIMIT: 7200
#MEMLIMIT: 0
#FREQ: 10
#SOLVER: sat-based-isr-tj05-230719-15h37m
#ARG1: benchmark/ISR-benchmark/random_instance/random_instance003_graph005.col
#ARG2: benchmark/ISR-benchmark/random_instance/random_instance003_graph005.dat
#COMMAND: /Users/soh/app/scala-2.12.4/bin/scala -J-Xms32g -J-Xmx32g -cp /Users/soh/app/IsrForCompetition230719-15h37m/scop.jar:/Users/soh/app/IsrForCompetition230719-15h37m/isr4competition_2.12-1.3.5.jar fun.scop.app.isr.IsrSolverTj05 benchmark/ISR-benchmark/random_instance/random_instance003_graph005.col benchmark/ISR-benchmark/random_instance/random_instance003_graph005.dat cadical /Users/soh/app/IsrForCompetition230719-15h37m/cadical
#Nodes: 39
#Edges: 117
c (0) step 1 UNSAT 244 803
c (0) step 2 UNSAT 468 1499
c (0) step 3 UNSAT 722 2262
c (0) step 4 UNSAT 1016 3111
c (0) step 5 UNSAT 1360 4065
c (0) step 6 UNSAT 1764 5143
c (0) step 7 UNSAT 2238 6364
c (0) step 8 UNSAT 2792 7747
c (0) step 9 SAT 3436 9311
a YES
a 1 6 9 10 12 13 27 29 30 34 35
a 1 6 9 10 12 13 27 28 29 34 35
a 1 3 6 9 10 12 13 27 28 29 35
a 1 3 6 9 10 12 13 28 29 32 35
a 1 3 9 10 12 13 21 28 29 32 35
a 1 3 9 12 13 21 28 29 32 35 39
a 1 3 12 13 21 25 28 29 32 35 39
a 3 8 12 13 21 25 28 29 32 35 39
a 3 8 12 13 21 25 28 29 32 37 39
a 3 8 12 13 19 21 25 28 32 37 39
	Command being timed: "/Users/soh/app/scala-2.12.4/bin/scala -J-Xms32g -J-Xmx32g -cp /Users/soh/app/IsrForCompetition230719-15h37m/scop.jar:/Users/soh/app/IsrForCompetition230719-15h37m/isr4competition_2.12-1.3.5.jar fun.scop.app.isr.IsrSolverTj05 benchmark/ISR-benchmark/random_instance/random_instance003_graph005.col benchmark/ISR-benchmark/random_instance/random_instance003_graph005.dat cadical /Users/soh/app/IsrForCompetition230719-15h37m/cadical"
	User time (seconds): 0.94
	System time (seconds): 0.08
	Percent of CPU this job got: 145%
	Elapsed (wall clock) time (h:mm:ss or m:ss): 0:00.70
	Average shared text size (kbytes): 0
	Average unshared data size (kbytes): 0
	Average stack size (kbytes): 0
	Average total size (kbytes): 0
	Maximum resident set size (kbytes): 866893824
	Average resident set size (kbytes): 0
	Major (requiring I/O) page faults: 0
	Minor (reclaiming a frame) page faults: 58891
	Voluntary context switches: 34
	Involuntary context switches: 2782
	Swaps: 0
	File system inputs: 0
	File system outputs: 0
	Socket messages sent: 39
	Socket messages received: 0
	Signals delivered: 5
	Page size (bytes): 4096
	Exit status: 0
FINISHED CPU 1.02 MEM 0 MAXMEM 0 STALE 1
#RESULT: UNK
#FIN: FIN
#CPU: 1.02
#MAXMEM: 0
c 
#END: [Wed Jul 19 16:20:46 2023]
