#BEGIN: [Wed Jul 19 16:21:03 2023]
#HOST: mini27.local
#TIMELIMIT: 7200
#MEMLIMIT: 0
#FREQ: 10
#SOLVER: sat-based-isr-tj05-230719-15h37m
#ARG1: benchmark/ISR-benchmark/random_instance/random_instance011_graph004.col
#ARG2: benchmark/ISR-benchmark/random_instance/random_instance011_graph004.dat
#COMMAND: /Users/soh/app/scala-2.12.4/bin/scala -J-Xms32g -J-Xmx32g -cp /Users/soh/app/IsrForCompetition230719-15h37m/scop.jar:/Users/soh/app/IsrForCompetition230719-15h37m/isr4competition_2.12-1.3.5.jar fun.scop.app.isr.IsrSolverTj05 benchmark/ISR-benchmark/random_instance/random_instance011_graph004.col benchmark/ISR-benchmark/random_instance/random_instance011_graph004.dat cadical /Users/soh/app/IsrForCompetition230719-15h37m/cadical
#Nodes: 143
#Edges: 429
c (0) step 1 UNSAT 903 2988
c (0) step 2 UNSAT 1752 5628
c (0) step 3 UNSAT 2736 8580
c (0) step 4 UNSAT 3900 11933
c (0) step 5 UNSAT 5289 15776
c (0) step 6 UNSAT 6948 20198
c (0) step 7 UNSAT 8922 25288
c (0) step 8 UNSAT 11256 31135
c (0) step 9 UNSAT 13995 37828
c (0) step 10 UNSAT 17184 45456
c (0) step 11 UNSAT 20868 54108
c (0) step 12 UNSAT 25092 63873
c (0) step 13 UNSAT 29901 74840
c (0) step 14 UNSAT 35340 87098
c (0) step 15 UNSAT 41454 100736
c (0) step 16 UNSAT 48288 115843
c (0) step 17 UNSAT 55887 132508
c (0) step 18 UNSAT 64296 150820
c (0) step 19 UNSAT 73560 170868
c (0) step 20 UNSAT 83724 192741
c (0) step 21 UNSAT 94833 216528
c (0) step 22 UNSAT 106932 242318
c (0) step 23 UNSAT 120066 270200
c (0) step 24 UNSAT 134280 300263
c (0) step 25 UNSAT 149619 332596
c (0) step 26 UNSAT 166128 367288
c (0) step 27 UNSAT 183852 404428
c (0) step 28 UNSAT 202836 444105
c (0) step 29 UNSAT 223125 486408
c (0) step 30 UNSAT 244764 531426
c (1) step 31 SAT 267798 579248
a YES
a 1 3 8 11 13 19 21 26 28 29 33 43 49 53 63 65 69 70 72 77 78 79 80 83 85 86 87 92 97 98 100 101 102 105 106 107 113 119 126 130 131 134 135 136 142 143
a 1 2 3 8 11 13 19 21 26 28 29 33 43 49 53 63 65 69 70 72 77 78 79 80 83 85 86 87 92 97 98 100 102 105 106 107 113 119 126 130 131 134 135 136 142 143
a 1 2 3 8 11 13 19 21 26 28 29 33 43 49 53 63 65 69 70 72 77 79 80 83 85 86 87 92 97 98 100 102 105 106 107 113 119 126 130 131 132 134 135 136 142 143
a 1 2 3 8 11 19 21 26 28 29 33 43 49 53 55 63 65 69 70 72 77 79 80 83 85 86 87 92 97 98 100 102 105 106 107 113 119 126 130 131 132 134 135 136 142 143
a 1 2 3 8 11 19 21 26 28 33 43 49 53 55 63 65 69 70 72 77 79 80 83 85 86 87 92 97 98 99 100 102 105 106 107 113 119 126 130 131 132 134 135 136 142 143
a 1 2 3 8 11 19 21 26 28 31 33 49 53 55 63 65 69 70 72 77 79 80 83 85 86 87 92 97 98 99 100 102 105 106 107 113 119 126 130 131 132 134 135 136 142 143
a 1 2 3 8 11 14 19 21 26 28 31 33 49 53 55 63 65 69 70 77 79 80 83 85 86 87 92 97 98 99 100 102 105 106 107 113 119 126 130 131 132 134 135 136 142 143
a 1 2 3 8 11 14 19 21 26 28 31 33 49 53 55 63 65 69 70 77 79 80 83 85 86 87 92 97 98 99 100 102 105 106 113 119 126 130 131 132 134 135 136 137 142 143
a 1 2 3 8 11 14 19 21 26 28 31 33 49 53 55 63 65 69 70 77 79 80 83 85 86 87 92 97 98 99 100 102 104 106 113 119 126 130 131 132 134 135 136 137 142 143
a 1 2 3 8 11 14 19 21 26 28 31 33 49 53 55 63 65 69 70 77 79 80 83 85 86 87 88 92 97 98 99 100 102 104 113 119 126 130 131 132 134 135 136 137 142 143
a 1 2 3 8 14 19 21 26 28 31 33 49 53 55 58 63 65 69 70 77 79 80 83 85 86 87 88 92 97 98 99 100 102 104 113 119 126 130 131 132 134 135 136 137 142 143
a 1 2 3 4 8 14 19 21 26 28 31 33 49 53 55 58 63 65 69 70 77 80 83 85 86 87 88 92 97 98 99 100 102 104 113 119 126 130 131 132 134 135 136 137 142 143
a 1 2 3 4 8 14 19 21 26 28 31 33 49 53 55 58 63 65 66 69 70 80 83 85 86 87 88 92 97 98 99 100 102 104 113 119 126 130 131 132 134 135 136 137 142 143
a 1 2 3 4 8 14 19 21 26 28 31 33 40 49 53 55 58 65 66 69 70 80 83 85 86 87 88 92 97 98 99 100 102 104 113 119 126 130 131 132 134 135 136 137 142 143
a 1 2 3 4 8 14 19 21 26 28 31 33 40 49 53 55 58 65 66 69 70 80 83 85 86 87 88 92 97 98 99 100 102 104 113 119 126 130 131 132 134 135 136 137 139 143
a 1 2 3 4 8 14 19 21 26 28 31 33 40 49 53 55 58 65 66 69 70 76 80 83 85 86 87 88 92 97 98 99 100 104 113 119 126 130 131 132 134 135 136 137 139 143
a 1 2 3 4 8 14 19 21 26 28 31 33 40 49 53 55 58 65 66 67 69 70 76 80 83 85 86 87 88 92 97 98 99 100 104 113 119 126 130 131 132 134 136 137 139 143
a 1 2 3 4 8 14 21 26 28 31 33 40 49 50 53 55 58 65 66 67 69 70 76 80 83 85 86 87 88 92 97 98 99 100 104 113 119 126 130 131 132 134 136 137 139 143
a 1 2 3 4 8 14 21 26 28 31 33 40 49 50 53 55 58 65 66 67 69 70 76 80 83 85 86 87 88 92 94 97 98 99 100 104 113 119 126 130 132 134 136 137 139 143
a 1 2 3 4 8 14 21 26 28 31 33 40 44 49 50 53 55 58 65 66 67 69 70 76 80 83 85 86 87 88 92 94 97 98 99 100 104 113 119 126 132 134 136 137 139 143
a 1 2 3 4 8 14 21 26 31 33 40 44 49 50 53 54 55 58 65 66 67 69 70 76 80 83 85 86 87 88 92 94 97 98 99 100 104 113 119 126 132 134 136 137 139 143
a 1 2 3 4 8 14 21 26 31 33 40 44 49 50 53 54 55 58 65 66 67 70 76 80 83 85 86 87 88 92 94 97 98 99 100 104 113 119 126 127 132 134 136 137 139 143
a 1 2 3 4 8 14 21 26 31 33 40 42 44 49 50 53 54 55 58 65 66 67 76 80 83 85 86 87 88 92 94 97 98 99 100 104 113 119 126 127 132 134 136 137 139 143
a 1 2 3 4 8 14 21 26 31 33 40 42 44 49 50 53 54 55 58 65 66 67 74 76 80 83 85 87 88 92 94 97 98 99 100 104 113 119 126 127 132 134 136 137 139 143
a 1 2 3 4 8 14 21 26 31 40 42 44 49 50 53 54 55 58 65 66 67 74 76 80 83 85 87 88 92 94 97 98 99 100 104 113 114 119 126 127 132 134 136 137 139 143
a 1 2 3 4 8 14 21 26 31 40 42 44 49 50 53 54 55 58 65 66 67 74 76 80 83 85 87 88 92 94 97 98 99 100 104 113 114 119 126 127 132 136 137 139 141 143
a 1 2 3 4 8 14 21 26 31 40 42 44 48 50 53 54 55 58 65 66 67 74 76 80 83 85 87 88 92 94 97 98 99 100 104 113 114 119 126 127 132 136 137 139 141 143
a 1 2 3 4 8 14 15 21 26 31 40 42 44 48 50 54 55 58 65 66 67 74 76 80 83 85 87 88 92 94 97 98 99 100 104 113 114 119 126 127 132 136 137 139 141 143
a 1 2 3 4 8 14 15 18 21 26 31 40 42 44 48 50 54 55 58 65 66 67 74 76 80 83 85 87 88 92 94 97 98 99 100 104 113 114 119 126 127 132 137 139 141 143
a 1 2 3 4 8 14 15 18 21 26 31 40 42 44 48 50 54 55 58 65 66 67 74 76 80 83 85 87 88 92 94 98 99 100 104 108 113 114 119 126 127 132 137 139 141 143
a 1 2 3 4 8 14 15 18 21 26 31 40 42 44 48 50 54 55 58 65 66 67 74 76 80 83 85 87 88 92 94 98 99 100 104 108 113 114 119 123 127 132 137 139 141 143
a 1 2 3 4 8 14 15 18 21 26 31 40 42 44 48 50 54 55 58 65 66 67 74 76 80 83 85 88 92 94 98 99 100 104 108 113 114 119 123 124 127 132 137 139 141 143
	Command being timed: "/Users/soh/app/scala-2.12.4/bin/scala -J-Xms32g -J-Xmx32g -cp /Users/soh/app/IsrForCompetition230719-15h37m/scop.jar:/Users/soh/app/IsrForCompetition230719-15h37m/isr4competition_2.12-1.3.5.jar fun.scop.app.isr.IsrSolverTj05 benchmark/ISR-benchmark/random_instance/random_instance011_graph004.col benchmark/ISR-benchmark/random_instance/random_instance011_graph004.dat cadical /Users/soh/app/IsrForCompetition230719-15h37m/cadical"
	User time (seconds): 2.47
	System time (seconds): 0.30
	Percent of CPU this job got: 146%
	Elapsed (wall clock) time (h:mm:ss or m:ss): 0:01.89
	Average shared text size (kbytes): 0
	Average unshared data size (kbytes): 0
	Average stack size (kbytes): 0
	Average total size (kbytes): 0
	Maximum resident set size (kbytes): 4627693568
	Average resident set size (kbytes): 0
	Major (requiring I/O) page faults: 0
	Minor (reclaiming a frame) page faults: 289150
	Voluntary context switches: 35
	Involuntary context switches: 3358
	Swaps: 0
	File system inputs: 0
	File system outputs: 0
	Socket messages sent: 39
	Socket messages received: 0
	Signals delivered: 5
	Page size (bytes): 4096
	Exit status: 0
FINISHED CPU 2.77 MEM 0 MAXMEM 0 STALE 1
#RESULT: UNK
#FIN: FIN
#CPU: 2.77
#MAXMEM: 0
c 
#END: [Wed Jul 19 16:21:05 2023]
