#BEGIN: [Wed Jul 19 16:21:01 2023]
#HOST: mini28.local
#TIMELIMIT: 7200
#MEMLIMIT: 0
#FREQ: 10
#SOLVER: sat-based-isr-tj05-230719-15h37m
#ARG1: benchmark/ISR-benchmark/random_instance/random_instance010_graph004.col
#ARG2: benchmark/ISR-benchmark/random_instance/random_instance010_graph004.dat
#COMMAND: /Users/soh/app/scala-2.12.4/bin/scala -J-Xms32g -J-Xmx32g -cp /Users/soh/app/IsrForCompetition230719-15h37m/scop.jar:/Users/soh/app/IsrForCompetition230719-15h37m/isr4competition_2.12-1.3.5.jar fun.scop.app.isr.IsrSolverTj05 benchmark/ISR-benchmark/random_instance/random_instance010_graph004.col benchmark/ISR-benchmark/random_instance/random_instance010_graph004.dat cadical /Users/soh/app/IsrForCompetition230719-15h37m/cadical
#Nodes: 130
#Edges: 390
c (0) step 1 UNSAT 820 2713
c (0) step 2 UNSAT 1589 5105
c (0) step 3 UNSAT 2478 7774
c (0) step 4 UNSAT 3527 10799
c (0) step 5 UNSAT 4776 14259
c (0) step 6 UNSAT 6265 18233
c (0) step 7 UNSAT 8034 22800
c (0) step 8 UNSAT 10123 28039
c (0) step 9 UNSAT 12572 34029
c (0) step 10 UNSAT 15421 40849
c (0) step 11 UNSAT 18710 48578
c (0) step 12 UNSAT 22479 57295
c (0) step 13 UNSAT 26768 67079
c (0) step 14 UNSAT 31617 78009
c (0) step 15 UNSAT 37066 90164
c (0) step 16 UNSAT 43155 103623
c (0) step 17 UNSAT 49924 118465
c (0) step 18 UNSAT 57413 134769
c (0) step 19 UNSAT 65662 152614
c (0) step 20 UNSAT 74711 172079
c (0) step 21 UNSAT 84600 193243
c (0) step 22 UNSAT 95369 216185
c (0) step 23 SAT 107058 240984
a YES
a 1 6 7 11 20 21 26 27 29 32 36 38 41 42 46 47 48 53 55 57 58 59 60 62 63 68 69 71 74 78 86 87 89 92 104 110 113 115 123 127 130
a 1 6 7 11 20 21 26 27 29 32 36 38 41 42 46 47 48 53 55 58 59 60 62 63 68 69 71 74 78 86 87 89 92 104 110 113 115 120 123 127 130
a 1 6 7 11 20 21 26 27 29 32 36 38 41 42 46 47 48 53 55 58 59 60 62 68 69 71 74 78 86 87 89 92 103 104 110 113 115 120 123 127 130
a 1 6 7 11 20 21 26 27 29 32 36 38 41 42 46 47 48 53 58 59 60 62 68 69 71 74 76 78 86 87 89 92 103 104 110 113 115 120 123 127 130
a 1 6 7 11 20 21 26 27 29 32 38 41 42 46 47 48 53 58 59 60 62 68 69 71 74 76 78 86 87 89 91 92 103 104 110 113 115 120 123 127 130
a 1 6 7 11 20 21 26 27 29 32 38 41 42 46 47 48 53 58 59 60 62 68 69 71 74 76 78 87 89 91 92 103 104 110 113 115 120 122 123 127 130
a 1 5 6 7 11 20 21 26 27 29 32 38 41 42 46 47 48 53 58 59 60 62 68 69 71 74 76 78 87 89 91 92 103 104 110 115 120 122 123 127 130
a 1 5 6 7 11 20 21 26 27 29 32 38 42 46 47 48 53 58 59 60 62 68 69 71 74 76 78 79 87 89 91 92 103 104 110 115 120 122 123 127 130
a 1 5 6 7 11 15 20 21 26 27 29 32 38 42 46 47 48 53 58 59 60 62 68 69 71 74 76 78 79 87 89 91 92 103 104 110 115 120 122 123 127
a 1 5 6 7 11 15 20 21 26 27 29 38 42 46 47 48 53 58 59 60 62 64 68 69 71 74 76 78 79 87 89 91 92 103 104 110 115 120 122 123 127
a 1 5 6 7 11 15 20 21 26 27 29 38 42 46 47 48 53 58 60 62 64 68 69 71 73 74 76 78 79 87 89 91 92 103 104 110 115 120 122 123 127
a 1 5 6 7 11 15 20 21 26 27 29 38 42 46 47 48 53 58 60 62 64 69 71 73 74 76 78 79 85 87 89 91 92 103 104 110 115 120 122 123 127
a 1 5 6 7 11 15 20 21 26 27 29 38 42 43 46 47 48 53 58 60 62 64 69 71 73 76 78 79 85 87 89 91 92 103 104 110 115 120 122 123 127
a 1 5 6 7 11 15 20 21 24 26 27 29 38 42 43 46 47 48 53 58 60 62 64 69 71 73 76 78 79 85 89 91 92 103 104 110 115 120 122 123 127
a 1 4 5 6 7 11 15 20 21 24 26 27 29 38 42 43 46 47 48 53 58 60 62 64 69 71 73 76 78 79 85 89 91 92 103 104 110 120 122 123 127
a 1 4 5 6 7 11 15 20 21 24 26 27 38 42 43 46 47 48 53 58 60 62 64 69 71 73 76 78 79 83 85 89 91 92 103 104 110 120 122 123 127
a 1 4 5 6 7 10 11 15 20 21 24 26 27 38 42 43 47 48 53 58 60 62 64 69 71 73 76 78 79 83 85 89 91 92 103 104 110 120 122 123 127
a 1 4 5 6 7 10 11 15 20 21 24 26 27 38 42 43 47 48 53 58 60 62 64 69 71 72 73 76 78 79 83 85 89 91 103 104 110 120 122 123 127
a 1 4 5 6 7 10 11 15 20 21 24 26 27 38 42 43 47 48 53 58 60 62 64 69 72 73 76 78 79 83 85 89 91 94 103 104 110 120 122 123 127
a 1 4 5 6 7 10 11 15 16 20 21 24 26 27 38 42 43 48 53 58 60 62 64 69 72 73 76 78 79 83 85 89 91 94 103 104 110 120 122 123 127
a 1 4 5 6 10 11 15 16 20 21 24 26 27 38 42 43 48 53 58 60 62 64 69 72 73 76 78 79 83 85 89 91 94 103 104 110 120 122 123 126 127
a 1 4 5 6 10 11 15 16 20 21 24 26 27 38 42 43 48 53 58 60 62 64 69 72 73 76 79 83 85 89 91 94 103 104 110 119 120 122 123 126 127
a 1 4 5 6 10 11 15 16 20 21 24 26 27 37 38 42 43 48 53 58 60 62 64 69 72 73 76 79 83 85 89 91 94 103 104 110 119 120 122 126 127
a 1 4 5 6 10 11 15 16 20 21 24 26 27 37 42 43 48 53 58 60 62 64 69 72 73 76 79 83 85 89 91 94 100 103 104 110 119 120 122 126 127
	Command being timed: "/Users/soh/app/scala-2.12.4/bin/scala -J-Xms32g -J-Xmx32g -cp /Users/soh/app/IsrForCompetition230719-15h37m/scop.jar:/Users/soh/app/IsrForCompetition230719-15h37m/isr4competition_2.12-1.3.5.jar fun.scop.app.isr.IsrSolverTj05 benchmark/ISR-benchmark/random_instance/random_instance010_graph004.col benchmark/ISR-benchmark/random_instance/random_instance010_graph004.dat cadical /Users/soh/app/IsrForCompetition230719-15h37m/cadical"
	User time (seconds): 2.21
	System time (seconds): 0.19
	Percent of CPU this job got: 148%
	Elapsed (wall clock) time (h:mm:ss or m:ss): 0:01.61
	Average shared text size (kbytes): 0
	Average unshared data size (kbytes): 0
	Average stack size (kbytes): 0
	Average total size (kbytes): 0
	Maximum resident set size (kbytes): 2517352448
	Average resident set size (kbytes): 0
	Major (requiring I/O) page faults: 0
	Minor (reclaiming a frame) page faults: 161001
	Voluntary context switches: 35
	Involuntary context switches: 3325
	Swaps: 0
	File system inputs: 0
	File system outputs: 0
	Socket messages sent: 41
	Socket messages received: 0
	Signals delivered: 4
	Page size (bytes): 4096
	Exit status: 0
FINISHED CPU 2.4 MEM 0 MAXMEM 0 STALE 1
#RESULT: UNK
#FIN: FIN
#CPU: 2.4
#MAXMEM: 0
c 
#END: [Wed Jul 19 16:21:02 2023]
