#BEGIN: [Wed Jul 19 16:20:54 2023]
#HOST: mini28.local
#TIMELIMIT: 7200
#MEMLIMIT: 0
#FREQ: 10
#SOLVER: sat-based-isr-tj05-230719-15h37m
#ARG1: benchmark/ISR-benchmark/random_instance/random_instance008_graph001.col
#ARG2: benchmark/ISR-benchmark/random_instance/random_instance008_graph001.dat
#COMMAND: /Users/soh/app/scala-2.12.4/bin/scala -J-Xms32g -J-Xmx32g -cp /Users/soh/app/IsrForCompetition230719-15h37m/scop.jar:/Users/soh/app/IsrForCompetition230719-15h37m/isr4competition_2.12-1.3.5.jar fun.scop.app.isr.IsrSolverTj05 benchmark/ISR-benchmark/random_instance/random_instance008_graph001.col benchmark/ISR-benchmark/random_instance/random_instance008_graph001.dat cadical /Users/soh/app/IsrForCompetition230719-15h37m/cadical
#Nodes: 104
#Edges: 312
c (0) step 1 UNSAT 656 2169
c (0) step 2 UNSAT 1271 4081
c (0) step 3 UNSAT 1982 6214
c (0) step 4 UNSAT 2821 8631
c (0) step 5 UNSAT 3820 11395
c (0) step 6 UNSAT 5011 14569
c (0) step 7 UNSAT 6426 18216
c (0) step 8 UNSAT 8097 22399
c (0) step 9 UNSAT 10056 27181
c (0) step 10 UNSAT 12335 32625
c (0) step 11 UNSAT 14966 38794
c (0) step 12 UNSAT 17981 45751
c (0) step 13 UNSAT 21412 53559
c (0) step 14 UNSAT 25291 62281
c (0) step 15 UNSAT 29650 71980
c (0) step 16 UNSAT 34521 82719
c (0) step 17 UNSAT 39936 94561
c (0) step 18 UNSAT 45927 107569
c (0) step 19 UNSAT 52526 121806
c (0) step 20 SAT 59765 137335
a YES
a 5 8 21 24 25 29 31 32 35 36 37 41 42 45 47 51 56 57 63 65 67 68 73 79 83 84 86 87 91 93 96 99 101
a 5 8 21 24 25 29 31 32 35 36 37 41 42 45 47 51 56 57 63 65 67 68 73 77 79 83 84 86 87 91 93 96 101
a 2 5 8 21 25 29 31 32 35 36 37 41 42 45 47 51 56 57 63 65 67 68 73 77 79 83 84 86 87 91 93 96 101
a 2 5 8 21 29 31 32 35 36 37 41 42 45 47 51 56 57 63 65 67 68 73 77 79 83 84 86 87 91 93 95 96 101
a 2 5 8 21 29 31 32 35 36 37 41 42 45 47 51 52 56 57 63 65 67 68 77 79 83 84 86 87 91 93 95 96 101
a 2 5 8 21 29 31 32 36 37 41 42 45 47 51 52 56 57 63 65 66 67 68 77 79 83 84 86 87 91 93 95 96 101
a 2 5 8 21 29 31 32 36 37 41 42 45 47 51 52 56 57 63 65 66 67 68 77 83 84 86 87 91 93 95 96 101 103
a 2 5 8 21 29 30 31 32 36 37 41 42 45 47 51 52 56 57 63 65 66 67 68 77 83 84 86 91 93 95 96 101 103
a 2 5 8 21 29 30 32 36 37 41 42 45 47 51 52 56 57 63 65 66 67 68 77 83 84 86 91 93 95 96 101 102 103
a 2 5 8 19 21 29 30 32 36 37 41 42 45 47 51 52 56 57 63 65 66 67 68 77 83 84 91 93 95 96 101 102 103
a 2 5 8 19 21 29 30 32 36 37 41 42 47 51 52 56 57 63 65 66 67 68 77 83 84 91 93 95 96 97 101 102 103
a 2 5 8 16 19 21 29 30 32 36 37 41 42 47 52 56 57 63 65 66 67 68 77 83 84 91 93 95 96 97 101 102 103
a 2 5 8 16 19 21 29 30 32 36 37 41 42 52 56 57 63 65 66 67 68 77 83 84 91 93 95 96 97 101 102 103 104
a 2 5 8 16 19 21 29 30 32 36 37 41 42 52 56 57 63 66 67 68 69 77 83 84 91 93 95 96 97 101 102 103 104
a 2 8 16 19 21 29 30 32 36 37 41 42 44 52 56 57 63 66 67 68 69 77 83 84 91 93 95 96 97 101 102 103 104
a 2 8 16 19 21 29 30 32 36 37 41 42 44 52 56 57 63 66 67 68 69 77 83 84 90 93 95 96 97 101 102 103 104
a 2 8 16 19 21 29 30 32 37 41 42 44 52 56 57 63 66 67 68 69 75 77 83 84 90 93 95 96 97 101 102 103 104
a 2 8 16 17 19 21 29 30 32 37 41 42 44 52 56 57 63 66 67 68 69 75 77 83 84 90 93 95 96 97 102 103 104
a 2 8 16 17 19 21 29 30 32 34 37 41 42 44 52 56 57 63 66 67 68 69 75 77 83 90 93 95 96 97 102 103 104
a 2 8 16 17 19 21 29 30 32 34 37 41 42 44 50 52 56 57 63 66 67 68 69 75 77 90 93 95 96 97 102 103 104
a 2 8 16 17 19 21 30 32 34 37 41 42 44 50 52 56 57 63 66 67 68 69 75 77 90 92 93 95 96 97 102 103 104
	Command being timed: "/Users/soh/app/scala-2.12.4/bin/scala -J-Xms32g -J-Xmx32g -cp /Users/soh/app/IsrForCompetition230719-15h37m/scop.jar:/Users/soh/app/IsrForCompetition230719-15h37m/isr4competition_2.12-1.3.5.jar fun.scop.app.isr.IsrSolverTj05 benchmark/ISR-benchmark/random_instance/random_instance008_graph001.col benchmark/ISR-benchmark/random_instance/random_instance008_graph001.dat cadical /Users/soh/app/IsrForCompetition230719-15h37m/cadical"
	User time (seconds): 1.57
	System time (seconds): 0.14
	Percent of CPU this job got: 164%
	Elapsed (wall clock) time (h:mm:ss or m:ss): 0:01.04
	Average shared text size (kbytes): 0
	Average unshared data size (kbytes): 0
	Average stack size (kbytes): 0
	Average total size (kbytes): 0
	Maximum resident set size (kbytes): 1707261952
	Average resident set size (kbytes): 0
	Major (requiring I/O) page faults: 0
	Minor (reclaiming a frame) page faults: 110208
	Voluntary context switches: 37
	Involuntary context switches: 3210
	Swaps: 0
	File system inputs: 0
	File system outputs: 0
	Socket messages sent: 45
	Socket messages received: 0
	Signals delivered: 5
	Page size (bytes): 4096
	Exit status: 0
FINISHED CPU 1.71 MEM 0 MAXMEM 0 STALE 1
#RESULT: UNK
#FIN: FIN
#CPU: 1.71
#MAXMEM: 0
c 
#END: [Wed Jul 19 16:20:55 2023]
