#BEGIN: [Tue Aug  1 20:01:43 2023]
#HOST: mini21.local
#TIMELIMIT: 7200
#MEMLIMIT: 0
#FREQ: 10
#SOLVER: ddreconf230801-10h10m
#ARG1: benchmark/ISR-benchmark/random_instance/random_instance017_graph003.col
#ARG2: benchmark/ISR-benchmark/random_instance/random_instance017_graph003.dat
#COMMAND: /Users/soh/app/ddreconf230801-10h10m/ddreconf benchmark/ISR-benchmark/random_instance/random_instance017_graph003.col --indset --stwidth --stfile=benchmark/ISR-benchmark/random_instance/random_instance017_graph003.dat
Input graph file parsed. # of vertices = 221, # of edges = 663
s 1 5 10 12 13 22 26 27 30 33 35 37 42 44 72 49 50 55 58 61 62 64 73 75 78 84 91 96 152 101 102 104 105 203 149 114 115 144 118 119 184 123 128 130 131 133 190 139 145 146 159 151 160 210 170 165 167 168 169 172 175 179 186 188 191 193 195 201 204 211 219 216 218
t 1 5 10 22 27 30 32 37 40 41 72 51 55 58 61 65 68 110 77 84 87 89 90 92 94 95 96 152 101 102 107 112 114 144 129 184 124 127 196 131 132 190 135 136 138 139 140 150 176 146 147 199 151 157 158 170 166 205 172 173 174 215 178 180 186 188 193 195 201 202 208 211 218
Solution space ZDD construction start
Command terminated by signal 9
	Command being timed: "/Users/soh/app/ddreconf230801-10h10m/ddreconf benchmark/ISR-benchmark/random_instance/random_instance017_graph003.col --indset --stwidth --stfile=benchmark/ISR-benchmark/random_instance/random_instance017_graph003.dat"
	User time (seconds): 1728.61
	System time (seconds): 936.72
	Percent of CPU this job got: 79%
	Elapsed (wall clock) time (h:mm:ss or m:ss): 55:59.05
	Average shared text size (kbytes): 0
	Average unshared data size (kbytes): 0
	Average stack size (kbytes): 0
	Average total size (kbytes): 0
	Maximum resident set size (kbytes): 254697832448
	Average resident set size (kbytes): 0
	Major (requiring I/O) page faults: 0
	Minor (reclaiming a frame) page faults: 230595600
	Voluntary context switches: 1338935
	Involuntary context switches: 2466801
	Swaps: 0
	File system inputs: 0
	File system outputs: 0
	Socket messages sent: 38
	Socket messages received: 0
	Signals delivered: 0
	Page size (bytes): 4096
	Exit status: 0
FINISHED CPU 2665.33 MEM 0 MAXMEM 0 STALE 1
#RESULT: UNK
#FIN: FIN
#CPU: 2665.33
#MAXMEM: 0
c 
#END: [Tue Aug  1 20:57:42 2023]
