#BEGIN: [Tue Aug  8 20:41:13 2023]
#HOST: mini30.local
#TIMELIMIT: 1800
#MEMLIMIT: 0
#FREQ: 10
#SOLVER: recon
#ARG1: benchmark/ISR-benchmark/random_instance/random_instance015_graph004.col
#ARG2: benchmark/ISR-benchmark/random_instance/random_instance015_graph004.dat
#COMMAND: /Users/soh/app/recon/src/recon benchmark/ISR-benchmark/random_instance/random_instance015_graph004.col benchmark/ISR-benchmark/random_instance/random_instance015_graph004.dat
c Copyright Volker Turau & Christoph Weyer, 2022
c Institute of Telematics
c Hamburg University of Technology, Hamburg, Germany
c Contact: turau@tuhh.de
c Graph file: benchmark/ISR-benchmark/random_instance/random_instance015_graph004.col
c Target file: benchmark/ISR-benchmark/random_instance/random_instance015_graph004.dat
c Size of independent set: 61
c Number of nodes of graph: 195
c Number of edges of graph: 585
c Average degree of graph: 6.00
s 1 7 10 13 14 15 17 18 24 25 27 28 34 35 36 47 49 53 56 57 63 64 72 80 81 82 85 87 88 90 92 96 99 101 105 107 110 111 112 114 120 121 124 127 131 139 141 153 160 161 162 164 171 172 174 176 177 181 189 190 191 
t 2 3 12 14 18 19 22 23 24 27 29 30 31 39 45 47 49 58 60 70 71 75 80 82 83 88 93 95 96 104 105 106 107 108 114 116 117 123 128 129 131 133 134 141 142 145 146 150 154 155 156 161 168 171 175 176 181 182 184 186 188 
c BFS found 40 new nodes in level 1 (total 41/206488812)
c BFS found 1576 new nodes in level 2 (total 1617/206488812)
c BFS found 43464 new nodes in level 3 (total 45081/206488812)
c BFS found 901563 new nodes in level 4 (total 946643/206488812)
c BFS found 14854708 new nodes in level 5 (total 15801272/206488812)
TIMEOUT CPU 1800 MEM 0 MAXMEM 0
#RESULT: UNK
#FIN: TO
#CPU: 1800
#MAXMEM: 0
c 23430 killed(2). 23431 killed(2). 23430 killed(9). 23431 killed(9). 
#END: [Tue Aug  8 21:11:13 2023]
