#BEGIN: [Wed Jul 19 16:20:46 2023]
#HOST: mini23.local
#TIMELIMIT: 7200
#MEMLIMIT: 0
#FREQ: 10
#SOLVER: sat-based-isr-tj05-230719-15h37m
#ARG1: benchmark/ISR-benchmark/random_instance/random_instance004_graph002.col
#ARG2: benchmark/ISR-benchmark/random_instance/random_instance004_graph002.dat
#COMMAND: /Users/soh/app/scala-2.12.4/bin/scala -J-Xms32g -J-Xmx32g -cp /Users/soh/app/IsrForCompetition230719-15h37m/scop.jar:/Users/soh/app/IsrForCompetition230719-15h37m/isr4competition_2.12-1.3.5.jar fun.scop.app.isr.IsrSolverTj05 benchmark/ISR-benchmark/random_instance/random_instance004_graph002.col benchmark/ISR-benchmark/random_instance/random_instance004_graph002.dat cadical /Users/soh/app/IsrForCompetition230719-15h37m/cadical
#Nodes: 52
#Edges: 156
c (0) step 1 UNSAT 327 1078
c (0) step 2 UNSAT 631 2022
c (0) step 3 UNSAT 980 3068
c (0) step 4 UNSAT 1389 4245
c (0) step 5 UNSAT 1873 5582
c (0) step 6 UNSAT 2447 7108
c (0) step 7 UNSAT 3126 8852
c (0) step 8 UNSAT 3925 10843
c (0) step 9 SAT 4859 13110
a YES
a 3 4 8 11 12 14 17 22 23 24 25 26 28 31 44 50
a 2 3 4 8 11 12 14 22 23 24 25 26 28 31 44 50
a 2 3 8 11 12 14 22 23 24 25 26 28 31 44 50 52
a 2 3 8 10 11 12 14 22 23 24 25 28 31 44 50 52
a 2 3 8 10 11 12 22 23 24 25 28 31 36 44 50 52
a 2 3 8 10 11 12 22 24 25 28 31 32 36 44 50 52
a 2 3 8 10 11 12 24 25 28 31 32 36 37 44 50 52
a 2 3 10 11 12 24 25 28 31 32 36 37 44 50 51 52
a 2 3 10 11 12 13 24 28 31 32 36 37 44 50 51 52
a 2 10 11 12 13 24 28 29 31 32 36 37 44 50 51 52
	Command being timed: "/Users/soh/app/scala-2.12.4/bin/scala -J-Xms32g -J-Xmx32g -cp /Users/soh/app/IsrForCompetition230719-15h37m/scop.jar:/Users/soh/app/IsrForCompetition230719-15h37m/isr4competition_2.12-1.3.5.jar fun.scop.app.isr.IsrSolverTj05 benchmark/ISR-benchmark/random_instance/random_instance004_graph002.col benchmark/ISR-benchmark/random_instance/random_instance004_graph002.dat cadical /Users/soh/app/IsrForCompetition230719-15h37m/cadical"
	User time (seconds): 0.98
	System time (seconds): 0.09
	Percent of CPU this job got: 145%
	Elapsed (wall clock) time (h:mm:ss or m:ss): 0:00.73
	Average shared text size (kbytes): 0
	Average unshared data size (kbytes): 0
	Average stack size (kbytes): 0
	Average total size (kbytes): 0
	Maximum resident set size (kbytes): 889274368
	Average resident set size (kbytes): 0
	Major (requiring I/O) page faults: 0
	Minor (reclaiming a frame) page faults: 60227
	Voluntary context switches: 35
	Involuntary context switches: 2840
	Swaps: 0
	File system inputs: 0
	File system outputs: 0
	Socket messages sent: 41
	Socket messages received: 0
	Signals delivered: 5
	Page size (bytes): 4096
	Exit status: 0
FINISHED CPU 1.07 MEM 0 MAXMEM 0 STALE 1
#RESULT: UNK
#FIN: FIN
#CPU: 1.07
#MAXMEM: 0
c 
#END: [Wed Jul 19 16:20:47 2023]
