#BEGIN: [Wed Jul 19 16:20:55 2023]
#HOST: mini30.local
#TIMELIMIT: 7200
#MEMLIMIT: 0
#FREQ: 10
#SOLVER: sat-based-isr-tj05-230719-15h37m
#ARG1: benchmark/ISR-benchmark/random_instance/random_instance008_graph003.col
#ARG2: benchmark/ISR-benchmark/random_instance/random_instance008_graph003.dat
#COMMAND: /Users/soh/app/scala-2.12.4/bin/scala -J-Xms32g -J-Xmx32g -cp /Users/soh/app/IsrForCompetition230719-15h37m/scop.jar:/Users/soh/app/IsrForCompetition230719-15h37m/isr4competition_2.12-1.3.5.jar fun.scop.app.isr.IsrSolverTj05 benchmark/ISR-benchmark/random_instance/random_instance008_graph003.col benchmark/ISR-benchmark/random_instance/random_instance008_graph003.dat cadical /Users/soh/app/IsrForCompetition230719-15h37m/cadical
#Nodes: 104
#Edges: 312
c (0) step 1 UNSAT 659 2178
c (0) step 2 UNSAT 1283 4114
c (0) step 3 UNSAT 2012 6292
c (0) step 4 UNSAT 2881 8781
c (0) step 5 UNSAT 3925 11650
c (0) step 6 UNSAT 5179 14968
c (0) step 7 UNSAT 6678 18804
c (0) step 8 UNSAT 8457 23227
c (0) step 9 UNSAT 10551 28306
c (0) step 10 UNSAT 12995 34110
c (0) step 11 UNSAT 15824 40708
c (0) step 12 UNSAT 19073 48169
c (0) step 13 UNSAT 22777 56562
c (0) step 14 UNSAT 26971 65956
c (0) step 15 UNSAT 31690 76420
c (0) step 16 SAT 36969 88023
a YES
a 4 5 6 8 9 17 19 22 26 28 32 35 36 40 41 43 45 47 54 57 62 63 66 67 70 71 77 79 80 82 84 92 97 98 99 104
a 4 5 6 8 9 17 19 22 26 28 32 35 36 40 41 43 45 47 54 57 62 63 66 67 71 77 79 80 82 84 92 94 97 98 99 104
a 4 5 6 8 9 17 19 22 28 32 35 36 40 41 43 45 47 54 57 62 63 66 67 71 77 79 80 82 84 87 92 94 97 98 99 104
a 4 5 6 7 8 9 17 19 22 28 32 35 36 40 41 43 45 47 54 57 62 63 66 67 71 77 79 80 84 87 92 94 97 98 99 104
a 4 5 6 7 9 17 19 22 28 32 35 36 40 41 43 45 47 54 57 58 62 63 66 67 71 77 79 80 84 87 92 94 97 98 99 104
a 4 5 6 7 9 17 19 22 28 32 36 39 40 41 43 45 47 54 57 58 62 63 66 67 71 77 79 80 84 87 92 94 97 98 99 104
a 5 6 7 9 17 19 22 28 32 36 39 40 41 43 45 47 54 57 58 62 63 66 67 71 77 79 80 84 87 92 94 97 98 99 101 104
a 5 6 7 9 17 22 28 32 36 39 40 41 43 45 47 53 54 57 58 62 63 66 67 71 77 79 80 84 87 92 94 97 98 99 101 104
a 5 6 7 9 17 22 28 32 36 39 40 41 43 45 47 53 54 57 58 62 63 66 67 71 77 79 80 84 87 92 94 98 99 101 102 104
a 5 6 7 9 17 22 28 32 36 39 40 41 43 45 47 53 54 57 58 62 63 66 67 71 77 79 80 81 84 87 92 94 98 101 102 104
a 5 6 7 9 13 17 22 28 32 36 39 40 41 43 45 47 53 54 57 58 62 63 66 67 71 77 79 81 84 87 92 94 98 101 102 104
a 5 6 7 13 17 22 27 28 32 36 39 40 41 43 45 47 53 54 57 58 62 63 66 67 71 77 79 81 84 87 92 94 98 101 102 104
a 5 6 7 13 17 22 27 28 32 36 39 40 41 43 45 47 53 54 57 58 63 66 67 68 71 77 79 81 84 87 92 94 98 101 102 104
a 5 6 7 13 17 22 27 28 32 36 39 40 41 43 44 45 47 53 54 57 58 63 66 67 68 71 77 79 81 84 87 92 94 98 101 102
a 5 6 7 13 17 22 27 28 32 36 39 40 41 43 44 45 47 49 53 54 57 58 66 67 68 71 77 79 81 84 87 92 94 98 101 102
a 5 6 7 13 17 22 27 28 32 36 39 40 41 43 44 47 49 53 54 57 58 64 66 67 68 71 77 79 81 84 87 92 94 98 101 102
a 5 6 7 13 17 22 27 28 32 36 39 40 41 43 44 47 49 53 54 57 58 64 67 68 71 77 79 81 84 87 90 92 94 98 101 102
	Command being timed: "/Users/soh/app/scala-2.12.4/bin/scala -J-Xms32g -J-Xmx32g -cp /Users/soh/app/IsrForCompetition230719-15h37m/scop.jar:/Users/soh/app/IsrForCompetition230719-15h37m/isr4competition_2.12-1.3.5.jar fun.scop.app.isr.IsrSolverTj05 benchmark/ISR-benchmark/random_instance/random_instance008_graph003.col benchmark/ISR-benchmark/random_instance/random_instance008_graph003.dat cadical /Users/soh/app/IsrForCompetition230719-15h37m/cadical"
	User time (seconds): 1.51
	System time (seconds): 0.12
	Percent of CPU this job got: 180%
	Elapsed (wall clock) time (h:mm:ss or m:ss): 0:00.90
	Average shared text size (kbytes): 0
	Average unshared data size (kbytes): 0
	Average stack size (kbytes): 0
	Average total size (kbytes): 0
	Maximum resident set size (kbytes): 1386332160
	Average resident set size (kbytes): 0
	Major (requiring I/O) page faults: 0
	Minor (reclaiming a frame) page faults: 90547
	Voluntary context switches: 39
	Involuntary context switches: 3085
	Swaps: 0
	File system inputs: 0
	File system outputs: 0
	Socket messages sent: 43
	Socket messages received: 0
	Signals delivered: 5
	Page size (bytes): 4096
	Exit status: 0
FINISHED CPU 1.63 MEM 0 MAXMEM 0 STALE 1
#RESULT: UNK
#FIN: FIN
#CPU: 1.63
#MAXMEM: 0
c 
#END: [Wed Jul 19 16:20:56 2023]
