#BEGIN: [Wed Jul 19 16:21:57 2023]
#HOST: mini28.local
#TIMELIMIT: 7200
#MEMLIMIT: 0
#FREQ: 10
#SOLVER: sat-based-isr-tj05-230719-15h37m
#ARG1: benchmark/ISR-benchmark/random_instance/random_instance020_graph003.col
#ARG2: benchmark/ISR-benchmark/random_instance/random_instance020_graph003.dat
#COMMAND: /Users/soh/app/scala-2.12.4/bin/scala -J-Xms32g -J-Xmx32g -cp /Users/soh/app/IsrForCompetition230719-15h37m/scop.jar:/Users/soh/app/IsrForCompetition230719-15h37m/isr4competition_2.12-1.3.5.jar fun.scop.app.isr.IsrSolverTj05 benchmark/ISR-benchmark/random_instance/random_instance020_graph003.col benchmark/ISR-benchmark/random_instance/random_instance020_graph003.dat cadical /Users/soh/app/IsrForCompetition230719-15h37m/cadical
#Nodes: 260
#Edges: 780
c (0) step 1 UNSAT 1641 5436
c (0) step 2 UNSAT 3183 10236
c (0) step 3 UNSAT 4968 15600
c (0) step 4 UNSAT 7077 21689
c (0) step 5 UNSAT 9591 28664
c (0) step 6 UNSAT 12591 36686
c (0) step 7 UNSAT 16158 45916
c (0) step 8 UNSAT 20373 56515
c (0) step 9 UNSAT 25317 68644
c (0) step 10 UNSAT 31071 82464
c (0) step 11 UNSAT 37716 98136
c (0) step 12 UNSAT 45333 115821
c (0) step 13 UNSAT 54003 135680
c (0) step 14 UNSAT 63807 157874
c (0) step 15 UNSAT 74826 182564
c (0) step 16 UNSAT 87141 209911
c (0) step 17 UNSAT 100833 240076
c (0) step 18 UNSAT 115983 273220
c (0) step 19 UNSAT 132672 309504
c (0) step 20 UNSAT 150981 349089
c (0) step 21 UNSAT 170991 392136
c (0) step 22 UNSAT 192783 438806
c (0) step 23 UNSAT 216438 489260
c (0) step 24 UNSAT 242037 543659
c (0) step 25 UNSAT 269661 602164
c (0) step 26 UNSAT 299391 664936
c (1) step 27 UNSAT 331308 732136
c (1) step 28 UNSAT 365493 803925
c (1) step 29 UNSAT 402027 880464
c (1) step 30 UNSAT 440991 961914
c (1) step 31 UNSAT 482466 1048436
c (1) step 32 UNSAT 526533 1140191
c (1) step 33 UNSAT 573273 1237340
c (1) step 34 UNSAT 622767 1340044
c (2) step 35 UNSAT 675096 1448464
c (2) step 36 UNSAT 730341 1562761
c (2) step 37 UNSAT 788583 1683096
c (2) step 38 UNSAT 849903 1809630
c (2) step 39 UNSAT 914382 1942524
c (2) step 40 UNSAT 982101 2081939
c (3) step 41 UNSAT 1053141 2228036
c (3) step 42 UNSAT 1127583 2380976
c (3) step 43 UNSAT 1205508 2540920
c (3) step 44 UNSAT 1286997 2708029
c (3) step 45 UNSAT 1372131 2882464
c (4) step 46 UNSAT 1460991 3064386
c (4) step 47 UNSAT 1553658 3253956
c (4) step 48 UNSAT 1650213 3451335
c (4) step 49 UNSAT 1750737 3656684
c (5) step 50 UNSAT 1855311 3870164
c (5) step 51 UNSAT 1964016 4091936
c (5) step 52 UNSAT 2076933 4322161
c (6) step 53 UNSAT 2194143 4561000
c (6) step 54 UNSAT 2315727 4808614
c (6) step 55 UNSAT 2441766 5065164
c (10) step 56 SAT 2572341 5330811
a YES
a 1 8 13 23 25 30 31 32 35 37 38 43 49 53 55 61 63 67 70 72 75 78 82 86 89 90 91 93 94 96 98 99 102 103 115 116 123 125 128 135 138 143 144 145 148 150 151 158 160 163 165 168 177 183 184 188 190 191 194 197 199 205 206 210 212 213 214 218 219 220 224 225 227 229 232 233 247 251 253 254 258 259
a 1 8 13 23 25 30 31 32 35 37 38 43 49 53 55 61 63 67 70 72 75 78 82 86 89 90 91 93 94 96 98 99 102 103 115 116 123 125 128 135 138 143 144 145 148 150 158 160 163 165 168 177 183 184 188 190 191 194 197 199 205 206 210 212 213 214 218 219 220 224 225 226 227 229 232 233 247 251 253 254 258 259
a 1 8 13 23 25 30 31 32 35 37 38 43 49 53 55 61 63 65 67 70 72 75 78 82 86 89 90 91 93 94 96 98 99 102 103 115 116 123 125 128 135 138 143 144 145 148 150 158 160 163 165 168 177 183 184 188 190 191 194 197 199 205 206 210 212 213 214 218 219 220 224 225 226 227 229 232 233 251 253 254 258 259
a 1 8 12 13 23 25 30 31 32 35 37 38 43 49 53 55 61 63 65 67 70 72 75 78 82 86 89 90 91 93 94 96 98 99 102 103 115 116 123 125 128 135 138 143 144 145 148 150 158 160 163 165 168 177 183 184 188 190 191 194 197 199 205 206 210 212 213 214 218 219 220 225 226 227 229 232 233 251 253 254 258 259
a 1 8 12 13 23 25 30 31 32 37 38 43 49 53 55 61 63 65 67 69 70 72 75 78 82 86 89 90 91 93 94 96 98 99 102 103 115 116 123 125 128 135 138 143 144 145 148 150 158 160 163 165 168 177 183 184 188 190 191 194 197 199 205 206 210 212 213 214 218 219 220 225 226 227 229 232 233 251 253 254 258 259
a 1 8 12 13 23 25 29 30 31 32 37 38 43 49 53 55 61 63 65 67 69 70 72 75 78 82 86 89 90 91 93 94 96 98 99 102 103 115 116 123 125 128 135 138 143 144 145 148 150 158 160 163 165 168 177 183 184 190 191 194 197 199 205 206 210 212 213 214 218 219 220 225 226 227 229 232 233 251 253 254 258 259
a 1 8 12 13 23 25 29 30 31 32 37 38 43 49 53 55 61 63 65 67 69 70 71 72 75 78 82 86 89 90 91 93 94 96 98 99 102 103 115 116 123 125 128 135 138 143 144 145 148 150 158 160 163 165 168 177 183 184 190 191 194 197 199 205 206 210 212 213 218 219 220 225 226 227 229 232 233 251 253 254 258 259
a 1 8 12 13 23 25 29 30 31 32 37 38 43 49 53 55 61 63 65 67 69 70 71 72 75 78 82 86 89 90 91 93 94 96 98 99 102 103 116 123 125 128 135 138 143 144 145 148 150 158 160 163 165 168 177 183 184 190 191 194 197 199 205 206 210 212 213 218 219 220 225 226 227 229 232 233 249 251 253 254 258 259
a 1 8 12 13 25 29 30 31 32 37 38 43 49 53 55 61 63 65 67 69 70 71 72 75 78 82 86 89 90 91 93 94 96 98 99 102 103 116 123 125 128 135 138 143 144 145 148 150 158 160 163 165 168 177 183 184 190 191 194 197 199 205 206 210 212 213 218 219 220 225 226 227 229 232 233 242 249 251 253 254 258 259
a 1 8 12 13 25 29 30 31 37 38 43 49 53 55 61 63 65 67 69 70 71 72 75 78 82 86 89 90 91 93 94 96 98 99 102 103 116 123 125 128 135 138 143 144 145 148 150 158 160 163 165 168 177 183 184 190 191 194 197 199 205 206 210 212 213 218 219 220 225 226 227 229 232 233 240 242 249 251 253 254 258 259
a 1 8 12 13 29 30 31 37 38 43 49 53 55 61 63 65 67 69 70 71 72 75 78 82 86 89 90 91 93 94 96 98 99 102 103 116 123 125 128 135 138 143 144 145 148 150 158 160 163 165 168 177 183 184 190 191 194 197 199 205 206 210 212 213 218 219 220 225 226 227 229 232 233 235 240 242 249 251 253 254 258 259
a 1 3 8 12 13 29 30 31 37 38 43 49 53 55 61 63 65 67 69 70 71 72 75 78 82 86 89 90 91 93 94 96 98 99 102 103 116 123 125 128 135 143 144 145 148 150 158 160 163 165 168 177 183 184 190 191 194 197 199 205 206 210 212 213 218 219 220 225 226 227 229 232 233 235 240 242 249 251 253 254 258 259
a 1 3 8 12 13 29 30 31 37 38 43 49 53 55 61 63 65 67 69 70 71 72 75 78 82 86 89 90 91 93 94 96 98 99 102 103 116 123 125 128 135 143 144 145 148 150 158 160 163 165 168 177 183 184 190 191 194 197 199 206 210 212 213 218 219 220 225 226 227 229 232 233 235 239 240 242 249 251 253 254 258 259
a 1 3 8 12 13 29 30 31 37 38 43 49 53 55 61 63 65 67 69 70 71 72 75 78 82 86 89 90 91 93 94 96 98 99 102 103 116 123 125 128 135 143 144 145 148 150 158 160 163 165 168 177 183 184 190 191 194 197 199 210 212 213 218 219 220 225 226 227 229 232 233 235 238 239 240 242 249 251 253 254 258 259
a 1 3 8 12 13 29 30 31 37 38 43 49 53 55 61 63 65 67 69 70 71 72 75 78 82 86 89 90 91 93 94 96 98 99 102 103 116 123 125 128 135 143 144 145 148 150 158 160 163 165 168 177 183 184 190 191 194 197 199 210 212 213 218 219 220 225 226 227 229 232 233 234 235 238 239 240 242 249 253 254 258 259
a 1 3 8 12 13 29 30 31 37 38 43 49 53 55 61 63 65 67 69 71 72 75 78 82 86 89 90 91 93 94 96 98 99 102 103 116 123 125 128 135 143 144 145 148 150 158 160 163 165 168 177 183 184 190 191 194 197 199 210 212 213 218 219 220 225 226 227 229 231 232 233 234 235 238 239 240 242 249 253 254 258 259
a 1 3 8 12 13 29 30 31 37 38 43 49 53 55 61 63 65 67 69 71 72 75 78 82 86 89 90 91 93 94 96 98 99 102 103 116 123 125 128 135 143 144 145 148 150 158 160 163 165 168 176 177 183 184 190 191 194 199 210 212 213 218 219 220 225 226 227 229 231 232 233 234 235 238 239 240 242 249 253 254 258 259
a 1 3 8 12 13 29 30 31 37 38 43 49 53 55 61 63 65 67 69 71 72 75 78 82 86 89 90 91 93 94 96 98 99 102 103 116 123 125 128 135 143 144 145 148 150 158 160 162 163 165 168 176 177 183 184 190 191 194 199 210 212 213 218 219 220 225 226 227 229 231 232 233 234 235 238 239 240 242 249 253 254 259
a 1 3 8 12 13 29 30 31 37 38 43 49 53 55 61 63 65 67 69 71 72 75 78 82 89 90 91 93 94 96 98 99 102 103 116 123 125 128 135 143 144 145 148 150 155 158 160 162 163 165 168 176 177 183 184 190 191 194 199 210 212 213 218 219 220 225 226 227 229 231 232 233 234 235 238 239 240 242 249 253 254 259
a 1 3 8 12 13 29 30 31 37 38 43 49 53 61 63 65 67 69 71 72 75 78 82 89 90 91 93 94 96 98 99 102 103 116 123 125 128 135 143 144 145 148 150 155 158 160 161 162 163 165 168 176 177 183 184 190 191 194 199 210 212 213 218 219 220 225 226 227 229 231 232 233 234 235 238 239 240 242 249 253 254 259
a 1 3 8 12 13 29 30 31 37 38 43 49 53 61 63 65 67 69 71 72 75 78 82 89 90 91 93 94 96 98 99 102 103 116 123 124 125 128 135 143 144 145 148 150 155 158 160 161 162 163 168 176 177 183 184 190 191 194 199 210 212 213 218 219 220 225 226 227 229 231 232 233 234 235 238 239 240 242 249 253 254 259
a 1 3 8 12 13 29 30 31 37 38 43 49 53 61 63 65 67 69 71 72 75 78 82 89 90 91 93 94 96 98 99 102 103 116 121 123 124 125 128 135 143 144 145 148 150 155 158 160 161 162 163 168 176 177 183 184 190 191 194 199 210 212 213 218 220 225 226 227 229 231 232 233 234 235 238 239 240 242 249 253 254 259
a 1 3 8 12 13 29 30 31 37 38 43 49 53 61 63 65 67 69 71 72 75 78 82 89 90 91 93 94 96 98 99 102 103 108 116 121 123 124 125 128 135 143 144 145 148 150 155 158 160 161 162 163 168 176 177 183 184 190 191 194 199 212 213 218 220 225 226 227 229 231 232 233 234 235 238 239 240 242 249 253 254 259
a 1 3 8 12 13 29 30 31 37 38 43 49 53 61 63 65 67 69 71 72 75 78 82 89 90 91 93 94 96 98 99 102 103 108 116 121 123 124 125 128 135 143 144 145 148 150 155 158 160 161 162 163 168 176 177 183 184 190 191 194 199 212 213 218 220 225 226 227 229 230 231 232 233 234 235 238 239 240 242 249 253 259
a 1 3 8 12 13 29 30 31 37 38 43 49 53 61 63 65 67 69 71 72 75 78 82 89 90 91 93 94 96 98 99 102 103 108 113 116 121 123 124 125 128 135 143 144 145 148 150 155 158 160 161 162 163 168 176 177 183 184 190 191 194 199 212 213 218 220 225 226 229 230 231 232 233 234 235 238 239 240 242 249 253 259
a 1 3 8 12 13 29 30 31 37 38 43 49 53 61 63 65 67 69 71 72 75 78 82 89 90 91 93 94 96 98 99 102 103 108 113 116 120 121 123 124 125 128 135 143 144 145 148 150 155 158 160 161 162 163 168 176 177 183 184 190 194 199 212 213 218 220 225 226 229 230 231 232 233 234 235 238 239 240 242 249 253 259
a 1 3 8 12 13 29 30 31 37 38 43 49 53 61 63 65 67 69 71 72 75 78 82 89 90 91 93 94 96 98 99 102 103 108 112 113 116 120 121 123 124 125 128 135 143 144 145 148 150 155 158 160 161 162 163 168 176 183 184 190 194 199 212 213 218 220 225 226 229 230 231 232 233 234 235 238 239 240 242 249 253 259
a 1 3 8 12 13 29 30 31 37 38 43 49 53 61 63 65 67 69 71 72 75 78 82 89 90 93 94 96 98 99 102 103 108 112 113 116 119 120 121 123 124 125 128 135 143 144 145 148 150 155 158 160 161 162 163 168 176 183 184 190 194 199 212 213 218 220 225 226 229 230 231 232 233 234 235 238 239 240 242 249 253 259
a 1 3 8 12 13 29 30 31 37 38 43 49 53 61 63 65 67 69 71 72 75 78 82 90 93 94 96 98 99 102 103 108 112 113 116 119 120 121 123 124 125 128 135 143 144 145 148 150 155 158 160 161 162 163 168 176 183 184 187 190 194 199 212 213 218 220 225 226 229 230 231 232 233 234 235 238 239 240 242 249 253 259
a 1 3 8 12 13 29 30 31 37 38 43 49 53 61 63 65 67 69 71 72 75 78 79 82 90 93 94 96 98 99 102 103 108 112 113 116 119 120 121 123 124 125 128 135 143 144 145 148 155 158 160 161 162 163 168 176 183 184 187 190 194 199 212 213 218 220 225 226 229 230 231 232 233 234 235 238 239 240 242 249 253 259
a 1 3 8 12 13 29 30 31 37 38 43 49 53 61 63 65 67 69 71 72 73 75 78 79 82 90 93 94 96 98 102 103 108 112 113 116 119 120 121 123 124 125 128 135 143 144 145 148 155 158 160 161 162 163 168 176 183 184 187 190 194 199 212 213 218 220 225 226 229 230 231 232 233 234 235 238 239 240 242 249 253 259
a 1 3 8 12 13 29 30 31 37 38 43 49 53 61 63 65 69 71 72 73 75 78 79 82 90 93 94 96 98 102 103 108 112 113 116 119 120 121 123 124 125 128 135 143 144 145 148 155 158 160 161 162 163 168 176 183 184 187 190 194 198 199 212 213 218 220 225 226 229 230 231 232 233 234 235 238 239 240 242 249 253 259
a 1 3 8 12 13 29 30 31 37 38 43 49 61 63 65 69 71 72 73 75 76 78 79 82 90 93 94 96 98 102 103 108 112 113 116 119 120 121 123 124 125 128 135 143 144 145 148 155 158 160 161 162 163 168 176 183 184 187 190 194 198 199 212 213 218 220 225 226 229 230 231 232 233 234 235 238 239 240 242 249 253 259
a 1 3 8 12 13 29 30 31 37 38 41 43 49 61 63 65 69 71 72 73 76 78 79 82 90 93 94 96 98 102 103 108 112 113 116 119 120 121 123 124 125 128 135 143 144 145 148 155 158 160 161 162 163 168 176 183 184 187 190 194 198 199 212 213 218 220 225 226 229 230 231 232 233 234 235 238 239 240 242 249 253 259
a 1 3 8 12 13 29 30 31 37 38 41 43 49 61 63 65 69 71 72 73 76 78 79 82 90 94 96 98 102 103 108 112 113 116 119 120 121 123 124 125 128 135 143 144 145 148 155 158 159 160 161 162 163 168 176 183 184 187 190 194 198 199 212 213 218 220 225 226 229 230 231 232 233 234 235 238 239 240 242 249 253 259
a 1 3 8 12 13 29 30 31 37 38 41 43 49 61 63 65 69 71 72 73 76 78 79 82 90 94 96 98 102 103 108 112 113 116 119 120 121 123 124 125 128 134 135 143 144 145 148 155 158 159 160 161 162 163 168 176 183 184 187 190 194 198 199 212 213 218 220 225 226 229 230 231 232 233 234 235 238 239 240 242 249 259
a 1 3 8 12 13 29 30 31 37 38 41 49 61 63 65 69 71 72 73 76 78 79 82 90 94 95 96 98 102 103 108 112 113 116 119 120 121 123 124 125 128 134 135 143 144 145 148 155 158 159 160 161 162 163 168 176 183 184 187 190 194 198 199 212 213 218 220 225 226 229 230 231 232 233 234 235 238 239 240 242 249 259
a 1 3 8 12 13 29 30 31 34 37 38 41 49 61 63 65 69 71 72 73 76 78 79 82 90 94 95 96 98 102 103 108 112 113 116 119 120 121 123 124 125 128 134 135 143 144 145 148 155 158 159 160 161 162 168 176 183 184 187 190 194 198 199 212 213 218 220 225 226 229 230 231 232 233 234 235 238 239 240 242 249 259
a 1 3 8 12 13 17 29 30 31 34 37 38 41 49 63 65 69 71 72 73 76 78 79 82 90 94 95 96 98 102 103 108 112 113 116 119 120 121 123 124 125 128 134 135 143 144 145 148 155 158 159 160 161 162 168 176 183 184 187 190 194 198 199 212 213 218 220 225 226 229 230 231 232 233 234 235 238 239 240 242 249 259
a 1 3 5 8 12 13 17 29 30 31 34 37 38 41 49 65 69 71 72 73 76 78 79 82 90 94 95 96 98 102 103 108 112 113 116 119 120 121 123 124 125 128 134 135 143 144 145 148 155 158 159 160 161 162 168 176 183 184 187 190 194 198 199 212 213 218 220 225 226 229 230 231 232 233 234 235 238 239 240 242 249 259
a 1 3 4 5 8 12 13 17 29 30 31 34 37 38 41 49 65 69 71 72 73 76 79 82 90 94 95 96 98 102 103 108 112 113 116 119 120 121 123 124 125 128 134 135 143 144 145 148 155 158 159 160 161 162 168 176 183 184 187 190 194 198 199 212 213 218 220 225 226 229 230 231 232 233 234 235 238 239 240 242 249 259
a 1 3 4 5 8 12 13 17 20 29 30 31 34 37 38 41 49 65 69 71 72 73 76 79 90 94 95 96 98 102 103 108 112 113 116 119 120 121 123 124 125 128 134 135 143 144 145 148 155 158 159 160 161 162 168 176 183 184 187 190 194 198 199 212 213 218 220 225 226 229 230 231 232 233 234 235 238 239 240 242 249 259
a 1 3 4 5 8 12 13 17 20 29 30 31 34 37 38 41 49 65 69 71 72 73 76 79 90 94 95 96 98 102 103 105 108 112 113 116 119 120 121 123 124 125 128 134 135 143 144 145 148 155 158 159 160 161 162 168 176 183 184 187 190 194 198 212 213 218 220 225 226 229 230 231 232 233 234 235 238 239 240 242 249 259
a 1 3 4 5 8 12 13 17 20 29 30 31 34 37 38 41 49 65 68 69 71 72 73 76 79 90 95 96 98 102 103 105 108 112 113 116 119 120 121 123 124 125 128 134 135 143 144 145 148 155 158 159 160 161 162 168 176 183 184 187 190 194 198 212 213 218 220 225 226 229 230 231 232 233 234 235 238 239 240 242 249 259
a 1 3 4 5 8 12 13 17 20 29 30 31 34 37 38 41 49 65 68 69 71 72 73 76 79 90 95 96 98 103 105 108 112 113 116 119 120 121 123 124 125 128 134 135 143 144 145 148 155 158 159 160 161 162 168 176 183 184 187 190 194 198 212 213 218 220 225 226 229 230 231 232 233 234 235 238 239 240 242 246 249 259
a 1 3 4 5 8 12 13 17 20 29 30 31 34 37 38 41 49 65 68 69 71 72 73 76 79 90 95 96 98 103 105 108 112 113 116 119 120 121 124 125 128 134 135 139 143 144 145 148 155 158 159 160 161 162 168 176 183 184 187 190 194 198 212 213 218 220 225 226 229 230 231 232 233 234 235 238 239 240 242 246 249 259
a 1 3 4 5 8 12 13 17 20 29 30 31 34 37 38 41 49 65 68 69 71 72 73 76 79 90 95 96 98 103 105 108 112 113 116 119 120 121 124 125 128 134 135 139 143 144 145 148 155 157 158 159 160 161 162 168 176 183 184 187 194 198 212 213 218 220 225 226 229 230 231 232 233 234 235 238 239 240 242 246 249 259
a 1 3 4 5 8 12 13 16 17 20 29 30 31 34 37 38 41 49 65 68 69 71 72 73 76 79 90 95 96 98 103 105 108 112 113 116 119 120 121 124 125 128 134 135 139 143 144 145 148 155 157 158 159 160 161 162 168 176 183 184 187 194 198 212 213 218 220 225 226 229 230 231 232 234 235 238 239 240 242 246 249 259
a 1 3 4 5 8 12 13 16 17 20 29 30 31 34 37 38 41 49 65 68 69 71 72 73 76 79 81 90 95 96 98 103 105 108 112 113 116 119 120 121 124 125 128 134 135 139 143 144 145 148 155 157 158 159 160 161 162 168 176 183 184 187 194 198 212 213 218 220 225 226 229 230 231 234 235 238 239 240 242 246 249 259
a 1 3 4 5 8 12 13 16 17 20 29 30 31 34 37 38 41 49 56 65 68 69 71 72 73 76 79 81 90 95 96 98 103 105 108 112 113 116 119 120 121 124 125 128 134 135 139 143 144 145 148 155 157 158 159 160 161 162 168 176 184 187 194 198 212 213 218 220 225 226 229 230 231 234 235 238 239 240 242 246 249 259
a 1 3 4 5 8 12 13 16 17 20 29 30 31 34 37 38 41 49 56 59 65 68 69 71 72 73 76 79 81 90 95 96 98 103 105 108 112 113 116 119 120 121 124 125 128 134 135 139 143 144 145 148 155 157 158 159 160 161 162 168 176 184 187 194 198 212 213 218 225 226 229 230 231 234 235 238 239 240 242 246 249 259
a 1 3 4 5 8 12 13 14 16 17 20 29 30 31 34 37 38 41 49 56 59 65 68 69 71 72 73 76 79 81 90 95 96 98 103 105 108 112 113 116 119 120 121 124 125 128 134 139 143 144 145 148 155 157 158 159 160 161 162 168 176 184 187 194 198 212 213 218 225 226 229 230 231 234 235 238 239 240 242 246 249 259
a 1 3 4 5 7 8 12 13 14 16 17 20 29 30 31 34 37 38 41 49 56 59 65 68 69 71 72 73 76 79 81 90 95 96 98 103 105 108 112 113 116 119 120 121 124 125 128 134 139 143 145 148 155 157 158 159 160 161 162 168 176 184 187 194 198 212 213 218 225 226 229 230 231 234 235 238 239 240 242 246 249 259
a 3 4 5 7 8 12 13 14 16 17 20 29 30 31 34 37 38 41 49 56 59 65 68 69 71 72 73 76 79 81 90 95 96 98 103 105 108 112 113 116 119 120 121 124 125 128 134 139 143 145 148 155 157 158 159 160 161 162 168 176 184 187 194 198 212 213 218 223 225 226 229 230 231 234 235 238 239 240 242 246 249 259
a 3 4 5 7 8 12 13 14 16 17 20 29 30 31 34 37 38 41 49 56 59 65 68 69 71 72 73 76 79 81 90 95 96 98 103 105 108 112 113 116 119 120 121 124 128 133 134 139 143 145 148 155 157 158 159 160 161 162 168 176 184 187 194 198 212 213 218 223 225 226 229 230 231 234 235 238 239 240 242 246 249 259
a 3 4 5 7 8 12 13 14 16 17 20 29 30 31 34 37 38 41 49 56 59 65 68 69 71 72 73 76 79 81 90 95 96 98 103 105 108 112 113 116 119 120 121 124 133 134 139 143 145 148 155 157 158 159 160 161 162 168 176 184 187 194 198 212 213 215 218 223 225 226 229 230 231 234 235 238 239 240 242 246 249 259
a 3 4 5 7 8 12 13 14 16 17 20 29 30 31 34 37 38 41 44 49 56 59 65 68 69 71 72 73 76 79 81 90 95 96 98 103 105 108 112 113 116 119 120 121 124 133 134 139 143 145 155 157 158 159 160 161 162 168 176 184 187 194 198 212 213 215 218 223 225 226 229 230 231 234 235 238 239 240 242 246 249 259
	Command being timed: "/Users/soh/app/scala-2.12.4/bin/scala -J-Xms32g -J-Xmx32g -cp /Users/soh/app/IsrForCompetition230719-15h37m/scop.jar:/Users/soh/app/IsrForCompetition230719-15h37m/isr4competition_2.12-1.3.5.jar fun.scop.app.isr.IsrSolverTj05 benchmark/ISR-benchmark/random_instance/random_instance020_graph003.col benchmark/ISR-benchmark/random_instance/random_instance020_graph003.dat cadical /Users/soh/app/IsrForCompetition230719-15h37m/cadical"
	User time (seconds): 10.84
	System time (seconds): 2.15
	Percent of CPU this job got: 109%
	Elapsed (wall clock) time (h:mm:ss or m:ss): 0:11.90
	Average shared text size (kbytes): 0
	Average unshared data size (kbytes): 0
	Average stack size (kbytes): 0
	Average total size (kbytes): 0
	Maximum resident set size (kbytes): 39192199168
	Average resident set size (kbytes): 0
	Major (requiring I/O) page faults: 12
	Minor (reclaiming a frame) page faults: 2420680
	Voluntary context switches: 36
	Involuntary context switches: 3872
	Swaps: 0
	File system inputs: 0
	File system outputs: 0
	Socket messages sent: 42
	Socket messages received: 0
	Signals delivered: 7
	Page size (bytes): 4096
	Exit status: 0
FINISHED CPU 12.99 MEM 0 MAXMEM 0 STALE 1
#RESULT: UNK
#FIN: FIN
#CPU: 12.99
#MAXMEM: 0
c 
#END: [Wed Jul 19 16:22:09 2023]
