#BEGIN: [Tue Aug  8 17:59:10 2023]
#HOST: mini24.local
#TIMELIMIT: 1800
#MEMLIMIT: 0
#FREQ: 10
#SOLVER: recon
#ARG1: benchmark/ISR-benchmark/random_instance/random_instance005_graph002.col
#ARG2: benchmark/ISR-benchmark/random_instance/random_instance005_graph002.dat
#COMMAND: /Users/soh/app/recon/src/recon benchmark/ISR-benchmark/random_instance/random_instance005_graph002.col benchmark/ISR-benchmark/random_instance/random_instance005_graph002.dat
c Copyright Volker Turau & Christoph Weyer, 2022
c Institute of Telematics
c Hamburg University of Technology, Hamburg, Germany
c Contact: turau@tuhh.de
c Graph file: benchmark/ISR-benchmark/random_instance/random_instance005_graph002.col
c Target file: benchmark/ISR-benchmark/random_instance/random_instance005_graph002.dat
c Size of independent set: 22
c Number of nodes of graph: 65
c Number of edges of graph: 195
c Average degree of graph: 6.00
s 1 4 5 6 9 14 18 21 24 39 41 43 45 47 48 49 52 53 56 57 58 61 
t 5 7 8 14 18 20 29 30 31 41 42 43 47 48 49 51 52 53 56 58 61 65 
c BFS found 9 new nodes in level 1 (total 10/244032232)
c BFS found 79 new nodes in level 2 (total 89/244032232)
c BFS found 367 new nodes in level 3 (total 456/244032232)
c BFS found 1242 new nodes in level 4 (total 1697/244032232)
c BFS found 3119 new nodes in level 5 (total 4799/244032232)
c BFS found 6190 new nodes in level 6 (total 10833/244032232)
c BFS found 10659 new nodes in level 7 (total 20836/244032232)
c BFS found 15974 new nodes in level 8 (total 34849/244032232)
c BFS exiting found=true count=44971 max_count=244032232
c Found with: Breadth First Search
a YES
a 1 4 5 6 9 14 18 21 24 39 41 43 45 47 48 49 52 53 56 57 58 61 
a 1 4 5 6 9 14 18 21 24 39 41 43 45 47 48 49 52 53 56 58 61 65 
a 1 4 5 6 9 14 18 20 24 39 41 43 45 47 48 49 52 53 56 58 61 65 
a 1 4 5 6 9 14 18 20 24 39 41 42 43 47 48 49 52 53 56 58 61 65 
a 1 4 5 6 14 18 20 24 30 39 41 42 43 47 48 49 52 53 56 58 61 65 
a 1 4 5 8 14 18 20 24 30 39 41 42 43 47 48 49 52 53 56 58 61 65 
a 1 4 5 8 14 18 20 24 30 31 41 42 43 47 48 49 52 53 56 58 61 65 
a 4 5 8 14 18 20 24 29 30 31 41 42 43 47 48 49 52 53 56 58 61 65 
a 4 5 7 8 14 18 20 29 30 31 41 42 43 47 48 49 52 53 56 58 61 65 
a 5 7 8 14 18 20 29 30 31 41 42 43 47 48 49 51 52 53 56 58 61 65 
c Length: 9
	Command being timed: "/Users/soh/app/recon/src/recon benchmark/ISR-benchmark/random_instance/random_instance005_graph002.col benchmark/ISR-benchmark/random_instance/random_instance005_graph002.dat"
	User time (seconds): 0.47
	System time (seconds): 0.00
	Percent of CPU this job got: 98%
	Elapsed (wall clock) time (h:mm:ss or m:ss): 0:00.48
	Average shared text size (kbytes): 0
	Average unshared data size (kbytes): 0
	Average stack size (kbytes): 0
	Average total size (kbytes): 0
	Maximum resident set size (kbytes): 22724608
	Average resident set size (kbytes): 0
	Major (requiring I/O) page faults: 0
	Minor (reclaiming a frame) page faults: 1530
	Voluntary context switches: 18
	Involuntary context switches: 6
	Swaps: 0
	File system inputs: 0
	File system outputs: 0
	Socket messages sent: 36
	Socket messages received: 0
	Signals delivered: 0
	Page size (bytes): 4096
	Exit status: 0
FINISHED CPU 0.47 MEM 0 MAXMEM 0 STALE 1
#RESULT: UNK
#FIN: FIN
#CPU: 0.47
#MAXMEM: 0
c 
#END: [Tue Aug  8 17:59:11 2023]
