#BEGIN: [Wed Jul 19 16:20:53 2023]
#HOST: mini23.local
#TIMELIMIT: 7200
#MEMLIMIT: 0
#FREQ: 10
#SOLVER: sat-based-isr-tj05-230719-15h37m
#ARG1: benchmark/ISR-benchmark/random_instance/random_instance007_graph004.col
#ARG2: benchmark/ISR-benchmark/random_instance/random_instance007_graph004.dat
#COMMAND: /Users/soh/app/scala-2.12.4/bin/scala -J-Xms32g -J-Xmx32g -cp /Users/soh/app/IsrForCompetition230719-15h37m/scop.jar:/Users/soh/app/IsrForCompetition230719-15h37m/isr4competition_2.12-1.3.5.jar fun.scop.app.isr.IsrSolverTj05 benchmark/ISR-benchmark/random_instance/random_instance007_graph004.col benchmark/ISR-benchmark/random_instance/random_instance007_graph004.dat cadical /Users/soh/app/IsrForCompetition230719-15h37m/cadical
#Nodes: 91
#Edges: 273
c (0) step 1 UNSAT 575 1900
c (0) step 2 UNSAT 1116 3580
c (0) step 3 UNSAT 1744 5460
c (0) step 4 UNSAT 2488 7597
c (0) step 5 UNSAT 3377 10048
c (0) step 6 UNSAT 4440 12870
c (0) step 7 UNSAT 5706 16120
c (0) step 8 UNSAT 7204 19855
c (0) step 9 UNSAT 8963 24132
c (0) step 10 UNSAT 11012 29008
c (0) step 11 UNSAT 13380 34540
c (0) step 12 UNSAT 16096 40785
c (0) step 13 UNSAT 19189 47800
c (0) step 14 UNSAT 22688 55642
c (0) step 15 UNSAT 26622 64368
c (0) step 16 SAT 31020 74035
a YES
a 12 13 18 20 21 25 27 28 29 32 36 39 43 44 50 54 55 57 58 62 63 68 70 72 74 75 81 85 86 87
a 12 13 18 20 21 25 27 28 29 32 36 39 43 50 51 54 55 57 58 62 63 68 70 72 74 75 81 85 86 87
a 12 13 18 20 21 25 27 28 29 32 36 39 42 43 50 51 54 57 58 62 63 68 70 72 74 75 81 85 86 87
a 12 13 18 20 21 25 27 28 29 31 32 36 39 42 50 51 54 57 58 62 63 68 70 72 74 75 81 85 86 87
a 12 13 18 20 21 25 27 28 29 31 32 36 39 42 50 51 54 57 58 62 63 68 70 72 74 81 85 86 87 88
a 12 13 18 20 21 25 27 28 29 31 32 36 39 42 50 51 54 57 58 62 68 70 72 74 77 81 85 86 87 88
a 2 12 18 20 21 25 27 28 29 31 32 36 39 42 50 51 54 57 58 62 68 70 72 74 77 81 85 86 87 88
a 2 12 18 19 20 21 25 27 28 29 31 32 36 42 50 51 54 57 58 62 68 70 72 74 77 81 85 86 87 88
a 2 12 18 19 20 21 25 27 28 29 31 32 36 42 50 51 54 57 58 62 70 72 74 77 80 81 85 86 87 88
a 2 12 18 19 20 21 25 27 28 29 31 32 33 36 42 50 51 54 57 58 62 70 72 74 77 80 85 86 87 88
a 2 7 12 18 19 20 21 25 27 28 29 31 33 36 42 50 51 54 57 58 62 70 72 74 77 80 85 86 87 88
a 2 3 7 12 18 19 20 21 25 27 28 29 31 33 36 42 50 51 54 57 58 62 70 74 77 80 85 86 87 88
a 2 3 7 12 18 19 20 21 25 28 29 31 33 36 42 46 50 51 54 57 58 62 70 74 77 80 85 86 87 88
a 2 3 7 12 18 19 20 21 25 28 29 31 33 42 46 50 51 54 57 58 62 70 74 77 79 80 85 86 87 88
a 2 3 7 12 16 18 19 20 21 25 28 31 33 42 46 50 51 54 57 58 62 70 74 77 79 80 85 86 87 88
a 2 3 7 16 18 19 20 21 25 28 31 33 42 46 50 51 52 54 57 58 62 70 74 77 79 80 85 86 87 88
a 2 3 7 14 16 18 19 21 25 28 31 33 42 46 50 51 52 54 57 58 62 70 74 77 79 80 85 86 87 88
	Command being timed: "/Users/soh/app/scala-2.12.4/bin/scala -J-Xms32g -J-Xmx32g -cp /Users/soh/app/IsrForCompetition230719-15h37m/scop.jar:/Users/soh/app/IsrForCompetition230719-15h37m/isr4competition_2.12-1.3.5.jar fun.scop.app.isr.IsrSolverTj05 benchmark/ISR-benchmark/random_instance/random_instance007_graph004.col benchmark/ISR-benchmark/random_instance/random_instance007_graph004.dat cadical /Users/soh/app/IsrForCompetition230719-15h37m/cadical"
	User time (seconds): 1.28
	System time (seconds): 0.11
	Percent of CPU this job got: 162%
	Elapsed (wall clock) time (h:mm:ss or m:ss): 0:00.86
	Average shared text size (kbytes): 0
	Average unshared data size (kbytes): 0
	Average stack size (kbytes): 0
	Average total size (kbytes): 0
	Maximum resident set size (kbytes): 1278771200
	Average resident set size (kbytes): 0
	Major (requiring I/O) page faults: 0
	Minor (reclaiming a frame) page faults: 83978
	Voluntary context switches: 34
	Involuntary context switches: 3064
	Swaps: 0
	File system inputs: 0
	File system outputs: 0
	Socket messages sent: 39
	Socket messages received: 0
	Signals delivered: 5
	Page size (bytes): 4096
	Exit status: 0
FINISHED CPU 1.39 MEM 0 MAXMEM 0 STALE 1
#RESULT: UNK
#FIN: FIN
#CPU: 1.39
#MAXMEM: 0
c 
#END: [Wed Jul 19 16:20:54 2023]
