#BEGIN: [Wed Jul 19 16:21:10 2023]
#HOST: mini28.local
#TIMELIMIT: 7200
#MEMLIMIT: 0
#FREQ: 10
#SOLVER: sat-based-isr-tj05-230719-15h37m
#ARG1: benchmark/ISR-benchmark/random_instance/random_instance014_graph002.col
#ARG2: benchmark/ISR-benchmark/random_instance/random_instance014_graph002.dat
#COMMAND: /Users/soh/app/scala-2.12.4/bin/scala -J-Xms32g -J-Xmx32g -cp /Users/soh/app/IsrForCompetition230719-15h37m/scop.jar:/Users/soh/app/IsrForCompetition230719-15h37m/isr4competition_2.12-1.3.5.jar fun.scop.app.isr.IsrSolverTj05 benchmark/ISR-benchmark/random_instance/random_instance014_graph002.col benchmark/ISR-benchmark/random_instance/random_instance014_graph002.dat cadical /Users/soh/app/IsrForCompetition230719-15h37m/cadical
#Nodes: 181
#Edges: 546
WARNING. There is missing goal nodes: {124}
c (0) step 1 UNSAT 1138 3775
c (0) step 2 UNSAT 2198 7082
c (0) step 3 UNSAT 3414 10750
c (0) step 4 UNSAT 4838 14882
c (0) step 5 UNSAT 6522 19581
c (0) step 6 UNSAT 8518 24950
c (0) step 7 UNSAT 10878 31092
c (0) step 8 UNSAT 13654 38110
c (0) step 9 UNSAT 16898 46107
c (0) step 10 UNSAT 20662 55186
c (0) step 11 UNSAT 24998 65450
c (0) step 12 UNSAT 29958 77002
c (0) step 13 UNSAT 35594 89945
c (0) step 14 UNSAT 41958 104382
c (0) step 15 UNSAT 49102 120416
c (0) step 16 UNSAT 57078 138150
c (0) step 17 UNSAT 65938 157687
c (0) step 18 UNSAT 75734 179130
c (0) step 19 UNSAT 86518 202582
c (0) step 20 UNSAT 98342 228146
c (0) step 21 UNSAT 111258 255925
c (0) step 22 UNSAT 125318 286022
c (0) step 23 UNSAT 140574 318540
c (0) step 24 UNSAT 157078 353582
c (0) step 25 UNSAT 174882 391251
c (0) step 26 UNSAT 194038 431650
c (0) step 27 UNSAT 214598 474882
c (0) step 28 UNSAT 236614 521050
c (0) step 29 UNSAT 260138 570257
c (0) step 30 UNSAT 285222 622606
c (0) step 31 UNSAT 311918 678200
c (1) step 32 UNSAT 340278 737142
c (1) step 33 UNSAT 370354 799535
c (1) step 34 UNSAT 402198 865482
c (1) step 35 UNSAT 435862 935086
c (1) step 36 UNSAT 471398 1008450
c (1) step 37 UNSAT 508858 1085677
c (2) step 38 SAT 548294 1166870
a YES
a 3 4 11 19 20 25 27 28 29 31 33 37 38 41 45 48 50 52 61 67 72 75 76 77 83 90 92 96 97 104 108 110 111 116 127 129 130 133 134 135 136 141 142 143 145 150 152 154 157 159 166 170 182
a 3 4 11 19 20 25 27 28 29 31 33 37 38 41 45 48 50 52 61 67 72 75 76 77 83 90 92 96 97 104 108 110 111 116 127 129 130 133 134 135 136 139 141 142 143 145 150 154 157 159 166 170 182
a 3 4 11 19 20 25 27 28 29 31 33 37 41 45 48 50 52 61 67 70 72 75 76 77 83 90 92 96 97 104 108 110 111 116 127 129 130 133 134 135 136 139 141 142 143 145 150 154 157 159 166 170 182
a 3 4 11 19 20 25 27 28 29 31 32 33 37 41 48 50 52 61 67 70 72 75 76 77 83 90 92 96 97 104 108 110 111 116 127 129 130 133 134 135 136 139 141 142 143 145 150 154 157 159 166 170 182
a 3 4 11 20 25 27 28 29 30 31 32 33 37 41 48 50 52 61 67 70 72 75 76 77 83 90 92 96 97 104 108 110 111 116 127 129 130 133 134 135 136 139 141 142 143 145 150 154 157 159 166 170 182
a 3 4 11 20 25 27 28 29 30 31 32 33 37 41 48 50 52 61 66 67 70 75 76 77 83 90 92 96 97 104 108 110 111 116 127 129 130 133 134 135 136 139 141 142 143 145 150 154 157 159 166 170 182
a 3 4 11 20 25 27 28 29 30 31 32 33 37 41 48 50 52 61 66 67 70 75 77 83 90 92 96 97 104 108 110 111 116 127 128 129 130 133 134 135 136 139 141 142 143 145 150 154 157 159 166 170 182
a 3 4 11 20 25 27 28 29 30 31 32 33 37 41 48 50 52 61 66 67 70 75 77 90 92 96 97 103 104 108 110 111 116 127 128 129 130 133 134 135 136 139 141 142 143 145 150 154 157 159 166 170 182
a 3 4 11 20 25 27 28 29 30 31 32 33 37 41 48 50 52 61 66 67 70 77 90 92 96 97 103 104 108 110 111 116 121 127 128 129 130 133 134 135 136 139 141 142 143 145 150 154 157 159 166 170 182
a 3 4 11 20 25 27 28 29 30 31 32 33 37 41 48 50 52 61 66 67 70 77 90 92 97 103 104 108 110 111 116 121 127 128 129 130 133 134 135 136 139 141 142 143 145 150 154 157 159 166 170 181 182
a 3 4 11 20 25 27 28 30 31 32 33 37 41 48 50 52 61 66 67 70 77 90 92 95 97 103 104 108 110 111 116 121 127 128 129 130 133 134 135 136 139 141 142 143 145 150 154 157 159 166 170 181 182
a 3 4 11 20 25 27 28 30 31 32 33 37 41 48 50 61 66 67 70 77 90 92 95 97 100 103 104 108 110 111 116 121 127 128 129 130 133 134 135 136 139 141 142 143 145 150 154 157 159 166 170 181 182
a 3 4 11 20 25 27 28 30 31 32 33 37 41 48 50 61 66 67 70 77 80 90 92 95 97 100 103 104 108 110 111 116 121 127 128 129 130 133 134 135 136 139 141 142 143 145 150 154 157 159 166 170 181
a 3 4 11 20 25 27 28 30 31 32 33 37 41 48 61 66 67 70 77 80 90 92 95 97 98 100 103 104 108 110 111 116 121 127 128 129 130 133 134 135 136 139 141 142 143 145 150 154 157 159 166 170 181
a 3 4 11 17 20 25 27 28 30 32 33 37 41 48 61 66 67 70 77 80 90 92 95 97 98 100 103 104 108 110 111 116 121 127 128 129 130 133 134 135 136 139 141 142 143 145 150 154 157 159 166 170 181
a 3 4 11 17 20 25 27 28 30 32 33 37 41 48 61 66 67 70 77 80 90 92 95 97 98 100 103 104 108 110 111 116 121 127 128 129 130 134 135 136 139 141 142 143 145 150 154 157 159 166 170 178 181
a 3 4 11 17 20 21 25 27 28 30 32 33 37 41 48 61 66 67 70 80 90 92 95 97 98 100 103 104 108 110 111 116 121 127 128 129 130 134 135 136 139 141 142 143 145 150 154 157 159 166 170 178 181
a 3 4 11 17 20 21 25 27 28 30 32 33 37 41 48 61 66 67 70 80 89 90 92 95 97 98 100 103 104 108 110 111 116 121 127 128 129 130 134 135 136 139 141 142 143 145 150 157 159 166 170 178 181
a 3 4 11 17 20 21 23 25 27 28 30 32 33 37 41 61 66 67 70 80 89 90 92 95 97 98 100 103 104 108 110 111 116 121 127 128 129 130 134 135 136 139 141 142 143 145 150 157 159 166 170 178 181
a 3 11 17 20 21 23 25 27 28 30 32 33 37 41 58 61 66 67 70 80 89 90 92 95 97 98 100 103 104 108 110 111 116 121 127 128 129 130 134 135 136 139 141 142 143 145 150 157 159 166 170 178 181
a 3 11 17 20 21 23 25 27 28 30 32 33 37 41 58 61 66 67 70 80 88 89 90 92 95 98 100 103 104 108 110 111 116 121 127 128 129 130 134 135 136 139 141 142 143 145 150 157 159 166 170 178 181
a 3 11 17 20 21 23 25 27 28 30 32 33 37 41 58 61 66 67 70 80 88 89 90 92 95 98 100 103 104 108 110 111 116 121 127 128 129 130 134 136 139 141 142 143 145 150 157 159 162 166 170 178 181
a 3 11 17 20 21 23 25 27 28 30 32 33 37 41 58 61 66 67 70 80 88 89 90 92 95 98 99 100 103 104 108 110 111 116 121 127 128 129 130 134 136 139 141 142 143 145 157 159 162 166 170 178 181
a 3 11 17 20 21 23 25 27 28 30 32 33 37 58 61 66 67 69 70 80 88 89 90 92 95 98 99 100 103 104 108 110 111 116 121 127 128 129 130 134 136 139 141 142 143 145 157 159 162 166 170 178 181
a 3 11 17 20 21 23 25 27 28 30 32 33 37 58 61 66 67 69 70 80 88 89 92 95 98 99 100 103 104 108 110 111 116 121 127 128 129 130 134 136 139 141 142 143 145 157 159 162 166 167 170 178 181
a 3 11 17 20 21 23 25 27 28 30 32 33 58 61 66 67 69 70 80 85 88 89 92 95 98 99 100 103 104 108 110 111 116 121 127 128 129 130 134 136 139 141 142 143 145 157 159 162 166 167 170 178 181
a 3 11 17 20 21 23 25 27 28 30 32 33 54 58 61 66 67 69 70 80 85 88 89 92 95 98 99 100 103 104 108 110 111 121 127 128 129 130 134 136 139 141 142 143 145 157 159 162 166 167 170 178 181
a 3 11 17 20 21 23 25 27 28 30 32 33 54 58 61 66 67 69 70 80 85 88 89 92 95 98 99 100 103 104 108 109 110 111 121 127 128 129 130 134 136 139 141 142 143 145 159 162 166 167 170 178 181
a 3 11 17 20 21 23 25 27 28 30 32 33 54 58 61 66 67 69 70 71 80 85 88 89 92 95 98 99 100 103 104 108 109 110 111 121 127 128 129 130 134 136 139 141 142 143 145 159 162 166 167 178 181
a 3 11 17 20 21 23 25 27 28 30 32 33 54 58 61 66 67 69 70 71 80 85 88 89 92 95 98 99 100 103 104 108 109 110 111 121 127 128 129 130 134 136 139 141 143 145 158 159 162 166 167 178 181
a 3 11 17 20 21 23 25 28 30 32 33 54 58 61 66 67 69 70 71 80 85 88 89 92 95 98 99 100 103 104 108 109 110 111 121 125 127 128 129 130 134 136 139 141 143 145 158 159 162 166 167 178 181
a 3 11 17 20 21 23 25 28 30 32 33 54 58 61 66 67 69 70 71 80 85 88 89 92 95 98 99 100 103 104 108 109 110 111 121 125 127 128 129 130 134 136 139 141 143 145 158 159 162 165 167 178 181
a 3 11 17 20 21 23 25 28 30 32 33 36 54 58 61 66 67 69 70 71 80 85 88 89 92 95 98 99 100 103 104 108 109 110 111 121 125 127 128 129 130 134 136 139 143 145 158 159 162 165 167 178 181
a 3 11 17 20 21 23 25 30 32 33 36 54 58 61 62 66 67 69 70 71 80 85 88 89 92 95 98 99 100 103 104 108 109 110 111 121 125 127 128 129 130 134 136 139 143 145 158 159 162 165 167 178 181
a 3 10 11 17 20 21 23 25 30 32 33 36 54 58 61 62 66 67 69 70 71 80 85 88 89 92 95 98 99 100 103 104 108 109 110 111 121 125 127 128 129 130 134 136 139 143 158 159 162 165 167 178 181
a 3 10 11 17 20 21 23 25 26 30 32 33 36 54 58 61 62 66 67 69 70 71 80 85 88 89 95 98 99 100 103 104 108 109 110 111 121 125 127 128 129 130 134 136 139 143 158 159 162 165 167 178 181
a 3 10 11 17 20 21 23 25 26 30 32 33 36 54 58 61 62 66 67 68 69 70 71 80 85 88 89 95 98 99 100 103 104 108 109 110 111 121 125 127 128 129 130 134 139 143 158 159 162 165 167 178 181
a 3 10 11 17 20 21 23 25 26 30 32 33 36 54 58 61 62 66 67 68 69 70 71 80 85 88 89 95 98 99 100 103 104 108 109 110 121 125 127 128 129 130 134 139 143 158 159 162 165 167 173 178 181
a 2 3 10 11 17 20 21 23 25 26 30 32 33 36 54 58 61 62 66 67 68 69 70 71 80 85 88 89 95 98 99 100 103 104 108 109 110 121 125 128 129 130 134 139 143 158 159 162 165 167 173 178 181
	Command being timed: "/Users/soh/app/scala-2.12.4/bin/scala -J-Xms32g -J-Xmx32g -cp /Users/soh/app/IsrForCompetition230719-15h37m/scop.jar:/Users/soh/app/IsrForCompetition230719-15h37m/isr4competition_2.12-1.3.5.jar fun.scop.app.isr.IsrSolverTj05 benchmark/ISR-benchmark/random_instance/random_instance014_graph002.col benchmark/ISR-benchmark/random_instance/random_instance014_graph002.dat cadical /Users/soh/app/IsrForCompetition230719-15h37m/cadical"
	User time (seconds): 3.59
	System time (seconds): 0.53
	Percent of CPU this job got: 136%
	Elapsed (wall clock) time (h:mm:ss or m:ss): 0:03.02
	Average shared text size (kbytes): 0
	Average unshared data size (kbytes): 0
	Average stack size (kbytes): 0
	Average total size (kbytes): 0
	Maximum resident set size (kbytes): 8846606336
	Average resident set size (kbytes): 0
	Major (requiring I/O) page faults: 0
	Minor (reclaiming a frame) page faults: 552669
	Voluntary context switches: 36
	Involuntary context switches: 3526
	Swaps: 0
	File system inputs: 0
	File system outputs: 0
	Socket messages sent: 39
	Socket messages received: 0
	Signals delivered: 4
	Page size (bytes): 4096
	Exit status: 0
FINISHED CPU 4.12 MEM 0 MAXMEM 0 STALE 1
#RESULT: UNK
#FIN: FIN
#CPU: 4.12
#MAXMEM: 0
c 
#END: [Wed Jul 19 16:21:13 2023]
