#BEGIN: [Tue Aug  1 18:52:42 2023]
#HOST: mini21.local
#TIMELIMIT: 7200
#MEMLIMIT: 0
#FREQ: 10
#SOLVER: ddreconf230801-10h10m
#ARG1: benchmark/ISR-benchmark/random_instance/random_instance015_graph003.col
#ARG2: benchmark/ISR-benchmark/random_instance/random_instance015_graph003.dat
#COMMAND: /Users/soh/app/ddreconf230801-10h10m/ddreconf benchmark/ISR-benchmark/random_instance/random_instance015_graph003.col --indset --stwidth --stfile=benchmark/ISR-benchmark/random_instance/random_instance015_graph003.dat
Input graph file parsed. # of vertices = 195, # of edges = 585
s 3 5 7 11 22 27 29 32 40 47 48 50 52 55 59 60 64 171 68 69 71 72 175 108 79 187 83 84 86 87 91 144 93 94 115 102 103 106 154 194 123 126 136 184 139 153 147 149 150 167 152 155 157 188 162 165 166 170 195 185 186
t 2 5 6 7 10 14 17 21 23 26 31 32 34 43 56 57 58 60 61 64 171 68 72 75 108 85 86 88 92 93 95 97 99 102 106 154 113 114 117 194 123 124 191 136 130 132 137 138 140 145 147 167 193 158 159 180 183 168 174 185 186
Solution space ZDD construction start
Command terminated by signal 9
	Command being timed: "/Users/soh/app/ddreconf230801-10h10m/ddreconf benchmark/ISR-benchmark/random_instance/random_instance015_graph003.col --indset --stwidth --stfile=benchmark/ISR-benchmark/random_instance/random_instance015_graph003.dat"
	User time (seconds): 1723.78
	System time (seconds): 1261.93
	Percent of CPU this job got: 72%
	Elapsed (wall clock) time (h:mm:ss or m:ss): 1:08:47
	Average shared text size (kbytes): 0
	Average unshared data size (kbytes): 0
	Average stack size (kbytes): 0
	Average total size (kbytes): 0
	Maximum resident set size (kbytes): 251972206592
	Average resident set size (kbytes): 0
	Major (requiring I/O) page faults: 0
	Minor (reclaiming a frame) page faults: 247973849
	Voluntary context switches: 2179239
	Involuntary context switches: 2557892
	Swaps: 0
	File system inputs: 0
	File system outputs: 0
	Socket messages sent: 36
	Socket messages received: 0
	Signals delivered: 0
	Page size (bytes): 4096
	Exit status: 0
FINISHED CPU 2985.71 MEM 0 MAXMEM 0 STALE 1
#RESULT: UNK
#FIN: FIN
#CPU: 2985.71
#MAXMEM: 0
c 
#END: [Tue Aug  1 20:01:30 2023]
