#BEGIN: [Wed Jul 19 16:20:51 2023]
#HOST: mini28.local
#TIMELIMIT: 7200
#MEMLIMIT: 0
#FREQ: 10
#SOLVER: sat-based-isr-tj05-230719-15h37m
#ARG1: benchmark/ISR-benchmark/random_instance/random_instance006_graph003.col
#ARG2: benchmark/ISR-benchmark/random_instance/random_instance006_graph003.dat
#COMMAND: /Users/soh/app/scala-2.12.4/bin/scala -J-Xms32g -J-Xmx32g -cp /Users/soh/app/IsrForCompetition230719-15h37m/scop.jar:/Users/soh/app/IsrForCompetition230719-15h37m/isr4competition_2.12-1.3.5.jar fun.scop.app.isr.IsrSolverTj05 benchmark/ISR-benchmark/random_instance/random_instance006_graph003.col benchmark/ISR-benchmark/random_instance/random_instance006_graph003.dat cadical /Users/soh/app/IsrForCompetition230719-15h37m/cadical
#Nodes: 78
#Edges: 234
c (0) step 1 UNSAT 493 1628
c (0) step 2 UNSAT 957 3068
c (0) step 3 UNSAT 1496 4680
c (0) step 4 UNSAT 2135 6513
c (0) step 5 UNSAT 2899 8616
c (0) step 6 UNSAT 3813 11038
c (0) step 7 UNSAT 4902 13828
c (0) step 8 UNSAT 6191 17035
c (0) step 9 UNSAT 7705 20708
c (0) step 10 UNSAT 9469 24896
c (0) step 11 UNSAT 11508 29648
c (0) step 12 UNSAT 13847 35013
c (0) step 13 UNSAT 16511 41040
c (0) step 14 UNSAT 19525 47778
c (0) step 15 UNSAT 22914 55276
c (0) step 16 UNSAT 26703 63583
c (0) step 17 SAT 30917 72748
a YES
a 3 4 10 13 15 17 21 27 28 30 31 32 33 37 40 48 52 53 54 61 63 64 66 67 72 77
a 3 4 9 10 13 15 17 21 27 28 30 31 32 33 37 40 48 52 53 54 61 63 64 66 67 77
a 3 4 9 10 13 15 17 21 27 28 31 32 33 37 40 46 48 52 53 54 61 63 64 66 67 77
a 4 9 10 13 15 17 21 27 28 31 32 33 37 40 46 48 52 53 54 59 61 63 64 66 67 77
a 4 9 10 13 15 17 21 26 27 28 31 33 37 40 46 48 52 53 54 59 61 63 64 66 67 77
a 4 9 10 15 17 21 26 27 28 31 33 37 40 41 46 48 52 53 54 59 61 63 64 66 67 77
a 2 4 9 10 15 17 21 26 27 28 31 33 37 40 41 46 48 52 53 54 59 61 63 66 67 77
a 2 4 9 10 15 17 21 26 27 28 31 33 37 40 41 46 48 52 54 59 61 63 66 67 68 77
a 2 4 5 9 10 15 17 21 26 27 28 31 33 37 40 41 46 48 52 54 59 61 63 66 68 77
a 2 5 9 10 15 17 21 26 27 28 31 33 36 37 40 41 46 48 52 54 59 61 63 66 68 77
a 2 5 9 10 15 17 21 26 27 28 31 33 36 37 40 41 46 48 52 54 56 59 63 66 68 77
a 2 5 7 9 10 15 17 21 26 27 28 31 33 36 37 40 41 46 48 52 54 56 59 66 68 77
a 2 5 7 9 10 15 17 21 26 28 31 33 36 37 40 41 46 48 50 52 54 56 59 66 68 77
a 2 5 7 9 10 15 17 21 26 28 31 36 37 40 41 46 48 50 52 54 56 57 59 66 68 77
a 2 5 7 9 10 15 17 21 26 28 31 36 37 40 41 46 47 48 50 52 54 56 57 59 68 77
a 2 5 7 9 10 17 21 26 28 31 36 37 40 41 46 47 48 50 52 54 56 57 59 65 68 77
a 2 5 7 9 17 21 24 26 28 31 36 37 40 41 46 47 48 50 52 54 56 57 59 65 68 77
a 2 5 7 9 17 19 21 24 26 28 31 36 40 41 46 47 48 50 52 54 56 57 59 65 68 77
	Command being timed: "/Users/soh/app/scala-2.12.4/bin/scala -J-Xms32g -J-Xmx32g -cp /Users/soh/app/IsrForCompetition230719-15h37m/scop.jar:/Users/soh/app/IsrForCompetition230719-15h37m/isr4competition_2.12-1.3.5.jar fun.scop.app.isr.IsrSolverTj05 benchmark/ISR-benchmark/random_instance/random_instance006_graph003.col benchmark/ISR-benchmark/random_instance/random_instance006_graph003.dat cadical /Users/soh/app/IsrForCompetition230719-15h37m/cadical"
	User time (seconds): 1.38
	System time (seconds): 0.11
	Percent of CPU this job got: 176%
	Elapsed (wall clock) time (h:mm:ss or m:ss): 0:00.85
	Average shared text size (kbytes): 0
	Average unshared data size (kbytes): 0
	Average stack size (kbytes): 0
	Average total size (kbytes): 0
	Maximum resident set size (kbytes): 1274068992
	Average resident set size (kbytes): 0
	Major (requiring I/O) page faults: 0
	Minor (reclaiming a frame) page faults: 83685
	Voluntary context switches: 34
	Involuntary context switches: 2943
	Swaps: 0
	File system inputs: 0
	File system outputs: 0
	Socket messages sent: 39
	Socket messages received: 0
	Signals delivered: 5
	Page size (bytes): 4096
	Exit status: 0
FINISHED CPU 1.49 MEM 0 MAXMEM 0 STALE 1
#RESULT: UNK
#FIN: FIN
#CPU: 1.49
#MAXMEM: 0
c 
#END: [Wed Jul 19 16:20:52 2023]
