#BEGIN: [Tue Aug  8 17:58:14 2023]
#HOST: mini29.local
#TIMELIMIT: 1800
#MEMLIMIT: 0
#FREQ: 10
#SOLVER: recon
#ARG1: benchmark/ISR-benchmark/random_instance/random_instance002_graph002.col
#ARG2: benchmark/ISR-benchmark/random_instance/random_instance002_graph002.dat
#COMMAND: /Users/soh/app/recon/src/recon benchmark/ISR-benchmark/random_instance/random_instance002_graph002.col benchmark/ISR-benchmark/random_instance/random_instance002_graph002.dat
c Copyright Volker Turau & Christoph Weyer, 2022
c Institute of Telematics
c Hamburg University of Technology, Hamburg, Germany
c Contact: turau@tuhh.de
c Graph file: benchmark/ISR-benchmark/random_instance/random_instance002_graph002.col
c Target file: benchmark/ISR-benchmark/random_instance/random_instance002_graph002.dat
c Size of independent set: 7
c Number of nodes of graph: 26
c Number of edges of graph: 78
c Average degree of graph: 6.00
s 2 3 7 12 15 24 25 
t 1 2 4 7 17 19 25 
c BFS found 6 new nodes in level 1 (total 7/268435456)
c BFS found 27 new nodes in level 2 (total 34/268435456)
c BFS found 81 new nodes in level 3 (total 115/268435456)
c BFS exiting found=true count=292 max_count=268435456
c Found with: Breadth First Search
a YES
a 2 3 7 12 15 24 25 
a 1 2 3 7 12 24 25 
a 1 2 3 7 17 24 25 
a 1 2 4 7 17 24 25 
a 1 2 4 7 17 19 25 
c Length: 4
	Command being timed: "/Users/soh/app/recon/src/recon benchmark/ISR-benchmark/random_instance/random_instance002_graph002.col benchmark/ISR-benchmark/random_instance/random_instance002_graph002.dat"
	User time (seconds): 0.00
	System time (seconds): 0.00
	Percent of CPU this job got: 10%
	Elapsed (wall clock) time (h:mm:ss or m:ss): 0:00.02
	Average shared text size (kbytes): 0
	Average unshared data size (kbytes): 0
	Average stack size (kbytes): 0
	Average total size (kbytes): 0
	Maximum resident set size (kbytes): 3375104
	Average resident set size (kbytes): 0
	Major (requiring I/O) page faults: 0
	Minor (reclaiming a frame) page faults: 347
	Voluntary context switches: 17
	Involuntary context switches: 2
	Swaps: 0
	File system inputs: 0
	File system outputs: 0
	Socket messages sent: 34
	Socket messages received: 0
	Signals delivered: 0
	Page size (bytes): 4096
	Exit status: 0
FINISHED CPU 0 MEM 0 MAXMEM 0 STALE 1
#RESULT: UNK
#FIN: FIN
#CPU: 0
#MAXMEM: 0
c 
#END: [Tue Aug  8 17:58:14 2023]
