#BEGIN: [Tue Aug  8 17:58:15 2023]
#HOST: mini24.local
#TIMELIMIT: 1800
#MEMLIMIT: 0
#FREQ: 10
#SOLVER: recon
#ARG1: benchmark/ISR-benchmark/random_instance/random_instance002_graph005.col
#ARG2: benchmark/ISR-benchmark/random_instance/random_instance002_graph005.dat
#COMMAND: /Users/soh/app/recon/src/recon benchmark/ISR-benchmark/random_instance/random_instance002_graph005.col benchmark/ISR-benchmark/random_instance/random_instance002_graph005.dat
c Copyright Volker Turau & Christoph Weyer, 2022
c Institute of Telematics
c Hamburg University of Technology, Hamburg, Germany
c Contact: turau@tuhh.de
c Graph file: benchmark/ISR-benchmark/random_instance/random_instance002_graph005.col
c Target file: benchmark/ISR-benchmark/random_instance/random_instance002_graph005.dat
c Size of independent set: 7
c Number of nodes of graph: 26
c Number of edges of graph: 78
c Average degree of graph: 6.00
s 7 10 12 15 16 20 21 
t 7 11 12 16 19 21 24 
c BFS found 7 new nodes in level 1 (total 8/268435456)
c BFS found 28 new nodes in level 2 (total 36/268435456)
c BFS exiting found=true count=120 max_count=268435456
c Found with: Breadth First Search
a YES
a 7 10 12 15 16 20 21 
a 7 10 12 15 16 21 24 
a 7 10 12 16 19 21 24 
a 7 11 12 16 19 21 24 
c Length: 3
	Command being timed: "/Users/soh/app/recon/src/recon benchmark/ISR-benchmark/random_instance/random_instance002_graph005.col benchmark/ISR-benchmark/random_instance/random_instance002_graph005.dat"
	User time (seconds): 0.00
	System time (seconds): 0.00
	Percent of CPU this job got: 0%
	Elapsed (wall clock) time (h:mm:ss or m:ss): 0:00.00
	Average shared text size (kbytes): 0
	Average unshared data size (kbytes): 0
	Average stack size (kbytes): 0
	Average total size (kbytes): 0
	Maximum resident set size (kbytes): 3244032
	Average resident set size (kbytes): 0
	Major (requiring I/O) page faults: 0
	Minor (reclaiming a frame) page faults: 339
	Voluntary context switches: 17
	Involuntary context switches: 2
	Swaps: 0
	File system inputs: 0
	File system outputs: 0
	Socket messages sent: 34
	Socket messages received: 0
	Signals delivered: 0
	Page size (bytes): 4096
	Exit status: 0
FINISHED CPU 0 MEM 0 MAXMEM 0 STALE 1
#RESULT: UNK
#FIN: FIN
#CPU: 0
#MAXMEM: 0
c 
#END: [Tue Aug  8 17:58:15 2023]
