#BEGIN: [Wed Jul 19 16:21:04 2023]
#HOST: mini30.local
#TIMELIMIT: 7200
#MEMLIMIT: 0
#FREQ: 10
#SOLVER: sat-based-isr-tj05-230719-15h37m
#ARG1: benchmark/ISR-benchmark/random_instance/random_instance012_graph003.col
#ARG2: benchmark/ISR-benchmark/random_instance/random_instance012_graph003.dat
#COMMAND: /Users/soh/app/scala-2.12.4/bin/scala -J-Xms32g -J-Xmx32g -cp /Users/soh/app/IsrForCompetition230719-15h37m/scop.jar:/Users/soh/app/IsrForCompetition230719-15h37m/isr4competition_2.12-1.3.5.jar fun.scop.app.isr.IsrSolverTj05 benchmark/ISR-benchmark/random_instance/random_instance012_graph003.col benchmark/ISR-benchmark/random_instance/random_instance012_graph003.dat cadical /Users/soh/app/IsrForCompetition230719-15h37m/cadical
#Nodes: 156
#Edges: 468
c (0) step 1 UNSAT 981 3248
c (0) step 2 UNSAT 1895 6096
c (0) step 3 UNSAT 2944 9256
c (0) step 4 UNSAT 4173 12817
c (0) step 5 UNSAT 5627 16868
c (0) step 6 UNSAT 7351 21498
c (0) step 7 UNSAT 9390 26796
c (0) step 8 UNSAT 11789 32851
c (0) step 9 UNSAT 14593 39752
c (0) step 10 UNSAT 17847 47588
c (0) step 11 UNSAT 21596 56448
c (0) step 12 UNSAT 25885 66421
c (0) step 13 UNSAT 30759 77596
c (0) step 14 UNSAT 36263 90062
c (0) step 15 UNSAT 42442 103908
c (0) step 16 UNSAT 49341 119223
c (0) step 17 UNSAT 57005 136096
c (0) step 18 UNSAT 65479 154616
c (0) step 19 UNSAT 74808 174872
c (0) step 20 UNSAT 85037 196953
c (0) step 21 UNSAT 96211 220948
c (0) step 22 UNSAT 108375 246946
c (0) step 23 UNSAT 121574 275036
c (0) step 24 UNSAT 135853 305307
c (0) step 25 UNSAT 151257 337848
c (0) step 26 UNSAT 167831 372748
c (0) step 27 UNSAT 185620 410096
c (0) step 28 UNSAT 204669 449981
c (0) step 29 UNSAT 225023 492492
c (1) step 30 SAT 246727 537718
a YES
a 2 4 6 9 11 15 21 27 30 33 34 39 42 47 52 53 54 62 63 69 73 76 77 82 85 87 95 101 102 106 110 114 121 122 124 126 129 130 131 132 141 146 147 148 153 154
a 2 4 9 11 15 21 27 30 33 34 37 39 42 47 52 53 54 62 63 69 73 76 77 82 85 87 95 101 102 106 110 114 121 122 124 126 129 130 131 132 141 146 147 148 153 154
a 2 4 9 11 15 21 27 30 33 34 35 37 42 47 52 53 54 62 63 69 73 76 77 82 85 87 95 101 102 106 110 114 121 122 124 126 129 130 131 132 141 146 147 148 153 154
a 2 4 9 11 15 21 25 27 30 33 34 35 37 42 47 52 53 54 62 63 69 73 76 77 82 85 87 95 101 102 110 114 121 122 124 126 129 130 131 132 141 146 147 148 153 154
a 2 4 9 11 15 21 25 27 30 33 34 35 37 42 47 52 53 54 56 62 63 69 73 76 77 82 85 87 95 101 110 114 121 122 124 126 129 130 131 132 141 146 147 148 153 154
a 2 4 9 11 12 21 25 27 30 33 34 35 37 42 47 52 53 54 56 62 63 69 73 76 77 82 85 87 95 101 110 114 121 122 124 126 129 130 131 132 141 146 147 148 153 154
a 2 4 9 11 12 21 25 27 30 33 34 35 37 42 44 47 52 53 54 56 62 63 69 73 76 77 82 85 87 95 101 110 114 121 122 124 126 129 130 131 141 146 147 148 153 154
a 2 4 9 11 12 21 25 27 30 33 34 35 37 42 44 47 52 53 54 56 62 63 69 73 76 77 82 85 95 101 110 114 121 122 124 126 129 130 131 137 141 146 147 148 153 154
a 2 4 9 11 12 21 25 27 30 33 34 35 37 42 44 47 52 53 54 56 62 63 66 69 73 76 82 85 95 101 110 114 121 122 124 126 129 130 131 137 141 146 147 148 153 154
a 2 4 9 11 12 21 25 27 30 33 34 35 37 42 44 47 52 53 54 56 62 63 66 69 73 76 80 85 95 101 110 114 121 122 124 126 129 130 131 137 141 146 147 148 153 154
a 2 4 9 11 12 21 22 25 27 30 33 34 35 37 42 44 47 52 53 54 56 62 63 66 69 73 76 80 85 101 110 114 121 122 124 126 129 130 131 137 141 146 147 148 153 154
a 1 2 4 9 11 12 21 22 25 27 30 33 34 35 37 42 44 47 52 53 54 56 62 63 66 69 73 76 80 85 101 110 114 121 122 124 126 129 130 131 137 141 146 147 148 153
a 1 2 4 9 11 12 21 22 25 27 30 33 34 35 37 42 44 47 53 54 56 62 63 66 69 73 76 80 85 101 107 110 114 121 122 124 126 129 130 131 137 141 146 147 148 153
a 1 2 4 9 11 12 21 22 25 27 30 33 34 35 37 44 47 53 54 56 62 63 66 69 73 76 80 85 101 107 110 114 121 122 124 126 129 130 131 137 141 144 146 147 148 153
a 1 2 4 9 11 12 21 22 25 27 33 34 35 37 44 47 53 54 56 62 63 66 69 73 76 80 85 100 101 107 110 114 121 122 124 126 129 130 131 137 141 144 146 147 148 153
a 1 2 4 9 11 12 22 25 27 33 34 35 37 44 47 53 54 56 62 63 66 69 73 76 80 85 100 101 107 110 114 121 122 124 126 129 130 131 137 141 143 144 146 147 148 153
a 1 2 4 9 12 18 22 25 27 33 34 35 37 44 47 53 54 56 62 63 66 69 73 76 80 85 100 101 107 110 114 121 122 124 126 129 130 131 137 141 143 144 146 147 148 153
a 1 2 4 12 18 22 25 27 33 34 35 37 44 47 53 54 56 62 63 66 69 73 76 80 85 88 100 101 107 110 114 121 122 124 126 129 130 131 137 141 143 144 146 147 148 153
a 1 2 4 12 18 22 25 27 33 34 35 37 44 47 53 54 56 62 63 66 69 73 76 80 83 85 88 100 101 107 110 114 121 122 124 126 129 130 131 137 141 143 144 146 148 153
a 1 2 4 12 18 22 23 25 27 33 34 35 37 44 47 53 54 56 62 63 66 69 73 76 80 83 85 88 100 101 107 110 114 121 122 124 129 130 131 137 141 143 144 146 148 153
a 1 2 4 12 18 22 23 25 27 33 34 35 37 44 47 53 54 56 62 63 66 69 73 76 80 83 85 88 100 101 107 110 114 121 122 124 129 130 131 133 137 141 143 144 146 153
a 1 2 4 7 12 18 22 23 25 27 33 34 35 37 44 47 53 54 56 62 63 66 69 73 76 80 83 85 88 100 101 107 110 114 121 122 124 129 130 131 133 137 141 143 144 153
a 1 2 4 7 12 18 22 23 25 27 33 34 35 37 44 47 53 54 56 62 63 66 69 73 76 80 83 85 88 100 101 107 110 121 122 124 129 130 131 133 137 141 143 144 152 153
a 1 2 4 7 8 12 18 22 23 25 27 33 34 35 37 44 47 53 54 56 62 63 66 69 73 76 80 83 85 88 100 101 107 110 122 124 129 130 131 133 137 141 143 144 152 153
a 1 2 4 7 8 12 18 22 23 25 27 33 34 35 37 44 45 47 53 54 56 62 63 66 69 73 80 83 85 88 100 101 107 110 122 124 129 130 131 133 137 141 143 144 152 153
a 1 2 4 7 8 12 18 22 23 25 27 33 34 35 37 44 45 47 53 54 56 62 63 66 73 80 83 85 88 100 101 107 110 122 124 129 130 131 133 137 141 143 144 145 152 153
a 1 2 4 7 8 12 18 22 23 25 27 33 34 35 37 44 45 47 53 54 56 63 66 73 80 83 85 88 92 100 101 107 110 122 124 129 130 131 133 137 141 143 144 145 152 153
a 1 2 4 7 8 12 18 22 23 25 27 33 34 35 37 44 45 47 53 54 56 63 65 66 73 80 83 85 88 92 100 107 110 122 124 129 130 131 133 137 141 143 144 145 152 153
a 1 2 4 7 8 12 18 22 23 25 27 33 34 35 37 44 45 47 53 54 56 63 65 66 72 73 80 83 85 88 92 100 107 110 122 124 129 131 133 137 141 143 144 145 152 153
a 1 3 4 7 8 12 18 22 23 25 27 33 34 35 37 44 45 47 53 54 56 63 65 66 72 73 80 83 85 88 92 100 107 110 122 124 129 131 133 137 141 143 144 145 152 153
a 1 3 4 7 8 12 18 19 22 23 25 27 33 34 35 37 44 45 47 53 56 63 65 66 72 73 80 83 85 88 92 100 107 110 122 124 129 131 133 137 141 143 144 145 152 153
	Command being timed: "/Users/soh/app/scala-2.12.4/bin/scala -J-Xms32g -J-Xmx32g -cp /Users/soh/app/IsrForCompetition230719-15h37m/scop.jar:/Users/soh/app/IsrForCompetition230719-15h37m/isr4competition_2.12-1.3.5.jar fun.scop.app.isr.IsrSolverTj05 benchmark/ISR-benchmark/random_instance/random_instance012_graph003.col benchmark/ISR-benchmark/random_instance/random_instance012_graph003.dat cadical /Users/soh/app/IsrForCompetition230719-15h37m/cadical"
	User time (seconds): 2.41
	System time (seconds): 0.29
	Percent of CPU this job got: 145%
	Elapsed (wall clock) time (h:mm:ss or m:ss): 0:01.86
	Average shared text size (kbytes): 0
	Average unshared data size (kbytes): 0
	Average stack size (kbytes): 0
	Average total size (kbytes): 0
	Maximum resident set size (kbytes): 4496801792
	Average resident set size (kbytes): 0
	Major (requiring I/O) page faults: 0
	Minor (reclaiming a frame) page faults: 281171
	Voluntary context switches: 34
	Involuntary context switches: 3402
	Swaps: 0
	File system inputs: 0
	File system outputs: 0
	Socket messages sent: 40
	Socket messages received: 0
	Signals delivered: 5
	Page size (bytes): 4096
	Exit status: 0
FINISHED CPU 2.7 MEM 0 MAXMEM 0 STALE 1
#RESULT: UNK
#FIN: FIN
#CPU: 2.7
#MAXMEM: 0
c 
#END: [Wed Jul 19 16:21:06 2023]
