#BEGIN: [Tue Aug  8 17:58:16 2023]
#HOST: mini29.local
#TIMELIMIT: 1800
#MEMLIMIT: 0
#FREQ: 10
#SOLVER: recon
#ARG1: benchmark/ISR-benchmark/random_instance/random_instance004_graph002.col
#ARG2: benchmark/ISR-benchmark/random_instance/random_instance004_graph002.dat
#COMMAND: /Users/soh/app/recon/src/recon benchmark/ISR-benchmark/random_instance/random_instance004_graph002.col benchmark/ISR-benchmark/random_instance/random_instance004_graph002.dat
c Copyright Volker Turau & Christoph Weyer, 2022
c Institute of Telematics
c Hamburg University of Technology, Hamburg, Germany
c Contact: turau@tuhh.de
c Graph file: benchmark/ISR-benchmark/random_instance/random_instance004_graph002.col
c Target file: benchmark/ISR-benchmark/random_instance/random_instance004_graph002.dat
c Size of independent set: 16
c Number of nodes of graph: 52
c Number of edges of graph: 156
c Average degree of graph: 6.00
s 3 4 8 11 12 14 17 22 23 24 25 26 28 31 44 50 
t 2 10 11 12 13 24 28 29 31 32 36 37 44 50 51 52 
c BFS found 9 new nodes in level 1 (total 10/268435456)
c BFS found 75 new nodes in level 2 (total 85/268435456)
c BFS found 447 new nodes in level 3 (total 532/268435456)
c BFS found 1977 new nodes in level 4 (total 2509/268435456)
c BFS found 6927 new nodes in level 5 (total 9427/268435456)
c BFS found 19531 new nodes in level 6 (total 28793/268435456)
c BFS found 43989 new nodes in level 7 (total 71868/268435456)
c BFS found 79062 new nodes in level 8 (total 147293/268435456)
c BFS exiting found=true count=171104 max_count=268435456
c Found with: Breadth First Search
a YES
a 3 4 8 11 12 14 17 22 23 24 25 26 28 31 44 50 
a 2 3 4 8 11 12 14 22 23 24 25 26 28 31 44 50 
a 2 3 8 11 12 14 22 23 24 25 26 28 31 44 50 52 
a 2 3 8 11 12 14 22 24 25 26 28 31 32 44 50 52 
a 2 3 8 11 12 13 14 22 24 26 28 31 32 44 50 52 
a 2 3 8 10 11 12 13 14 22 24 28 31 32 44 50 52 
a 2 3 8 10 11 12 13 22 24 28 31 32 36 44 50 52 
a 2 8 10 11 12 13 22 24 28 29 31 32 36 44 50 52 
a 2 8 10 11 12 13 24 28 29 31 32 36 37 44 50 52 
a 2 10 11 12 13 24 28 29 31 32 36 37 44 50 51 52 
c Length: 9
	Command being timed: "/Users/soh/app/recon/src/recon benchmark/ISR-benchmark/random_instance/random_instance004_graph002.col benchmark/ISR-benchmark/random_instance/random_instance004_graph002.dat"
	User time (seconds): 1.84
	System time (seconds): 0.00
	Percent of CPU this job got: 99%
	Elapsed (wall clock) time (h:mm:ss or m:ss): 0:01.86
	Average shared text size (kbytes): 0
	Average unshared data size (kbytes): 0
	Average stack size (kbytes): 0
	Average total size (kbytes): 0
	Maximum resident set size (kbytes): 69468160
	Average resident set size (kbytes): 0
	Major (requiring I/O) page faults: 0
	Minor (reclaiming a frame) page faults: 4472
	Voluntary context switches: 17
	Involuntary context switches: 12
	Swaps: 0
	File system inputs: 0
	File system outputs: 0
	Socket messages sent: 34
	Socket messages received: 0
	Signals delivered: 0
	Page size (bytes): 4096
	Exit status: 0
FINISHED CPU 1.84 MEM 0 MAXMEM 0 STALE 1
#RESULT: UNK
#FIN: FIN
#CPU: 1.84
#MAXMEM: 0
c 
#END: [Tue Aug  8 17:58:18 2023]
