#BEGIN: [Tue Aug  8 20:02:13 2023]
#HOST: mini22.local
#TIMELIMIT: 1800
#MEMLIMIT: 0
#FREQ: 10
#SOLVER: recon
#ARG1: benchmark/ISR-benchmark/random_instance/random_instance013_graph002.col
#ARG2: benchmark/ISR-benchmark/random_instance/random_instance013_graph002.dat
#COMMAND: /Users/soh/app/recon/src/recon benchmark/ISR-benchmark/random_instance/random_instance013_graph002.col benchmark/ISR-benchmark/random_instance/random_instance013_graph002.dat
c Copyright Volker Turau & Christoph Weyer, 2022
c Institute of Telematics
c Hamburg University of Technology, Hamburg, Germany
c Contact: turau@tuhh.de
c Graph file: benchmark/ISR-benchmark/random_instance/random_instance013_graph002.col
c Target file: benchmark/ISR-benchmark/random_instance/random_instance013_graph002.dat
c Size of independent set: 56
c Number of nodes of graph: 169
c Number of edges of graph: 507
c Average degree of graph: 6.00
s 1 3 6 7 8 24 25 33 35 38 39 40 41 48 53 61 62 63 67 68 70 74 76 78 79 84 88 89 91 104 105 106 107 108 109 110 126 130 131 132 137 141 142 143 145 147 149 150 152 153 156 159 160 164 166 169 
t 1 3 10 12 13 21 23 25 28 29 33 36 39 40 46 47 54 56 58 61 62 65 66 68 70 76 77 89 91 97 98 100 102 107 110 112 114 116 118 120 122 125 128 130 138 142 147 148 151 152 155 161 163 164 166 169 
c BFS found 26 new nodes in level 1 (total 27/223696213)
c BFS found 607 new nodes in level 2 (total 634/223696213)
c BFS found 10556 new nodes in level 3 (total 11190/223696213)
c BFS found 130833 new nodes in level 4 (total 142023/223696213)
c BFS found 1244550 new nodes in level 5 (total 1386480/223696213)
c BFS found 9570447 new nodes in level 6 (total 10953410/223696213)
TIMEOUT CPU 1800 MEM 0 MAXMEM 0
#RESULT: UNK
#FIN: TO
#CPU: 1800
#MAXMEM: 0
c 25826 killed(2). 25825 killed(2). 25826 killed(9). 25825 killed(9). 
#END: [Tue Aug  8 20:32:13 2023]
