#BEGIN: [Tue Aug  8 19:08:12 2023]
#HOST: mini30.local
#TIMELIMIT: 1800
#MEMLIMIT: 0
#FREQ: 10
#SOLVER: recon
#ARG1: benchmark/ISR-benchmark/random_instance/random_instance010_graph002.col
#ARG2: benchmark/ISR-benchmark/random_instance/random_instance010_graph002.dat
#COMMAND: /Users/soh/app/recon/src/recon benchmark/ISR-benchmark/random_instance/random_instance010_graph002.col benchmark/ISR-benchmark/random_instance/random_instance010_graph002.dat
c Copyright Volker Turau & Christoph Weyer, 2022
c Institute of Telematics
c Hamburg University of Technology, Hamburg, Germany
c Contact: turau@tuhh.de
c Graph file: benchmark/ISR-benchmark/random_instance/random_instance010_graph002.col
c Target file: benchmark/ISR-benchmark/random_instance/random_instance010_graph002.dat
c Size of independent set: 39
c Number of nodes of graph: 130
c Number of edges of graph: 390
c Average degree of graph: 6.00
s 2 5 6 7 12 14 21 22 24 26 27 29 37 38 39 44 50 58 61 64 70 73 74 76 81 83 85 87 88 93 103 106 107 110 116 118 120 125 127 
t 2 7 9 14 16 19 22 23 26 38 39 46 48 49 53 55 57 68 72 81 83 85 88 90 98 99 103 104 105 107 108 115 116 118 121 122 127 129 130 
c BFS found 31 new nodes in level 1 (total 32/223696213)
c BFS found 800 new nodes in level 2 (total 832/223696213)
c BFS found 15039 new nodes in level 3 (total 15871/223696213)
c BFS found 214220 new nodes in level 4 (total 230091/223696213)
c BFS found 2447804 new nodes in level 5 (total 2677873/223696213)
c BFS found 23185314 new nodes in level 6 (total 25861932/223696213)
TIMEOUT CPU 1800 MEM 0 MAXMEM 0
#RESULT: UNK
#FIN: TO
#CPU: 1800
#MAXMEM: 0
c 23374 killed(2). 23375 killed(2). 23374 killed(9). 23375 killed(9). 
#END: [Tue Aug  8 19:38:13 2023]
