#BEGIN: [Tue Aug  1 20:05:43 2023]
#HOST: mini29.local
#TIMELIMIT: 7200
#MEMLIMIT: 0
#FREQ: 10
#SOLVER: ddreconf230801-10h10m
#ARG1: benchmark/ISR-benchmark/random_instance/random_instance018_graph005.col
#ARG2: benchmark/ISR-benchmark/random_instance/random_instance018_graph005.dat
#COMMAND: /Users/soh/app/ddreconf230801-10h10m/ddreconf benchmark/ISR-benchmark/random_instance/random_instance018_graph005.col --indset --stwidth --stfile=benchmark/ISR-benchmark/random_instance/random_instance018_graph005.dat
Input graph file parsed. # of vertices = 234, # of edges = 702
s 3 6 7 10 16 20 24 25 32 33 43 44 45 50 58 60 90 63 67 68 74 138 189 87 88 91 94 95 97 98 99 100 101 102 103 111 114 116 118 119 120 122 197 130 132 133 181 225 141 230 144 148 149 228 153 183 158 163 167 171 224 179 177 184 215 190 191 192 220 223 213 204 205 206 209 216
t 3 9 13 15 17 20 168 29 31 32 33 35 37 211 46 51 54 59 90 63 69 70 74 76 78 138 189 84 88 89 91 100 101 102 106 110 112 114 116 119 120 121 122 123 128 129 233 139 140 141 147 148 149 153 183 161 162 164 203 171 224 177 178 231 215 198 188 190 193 221 223 199 205 227 210 222
Solution space ZDD construction start
Command terminated by signal 9
	Command being timed: "/Users/soh/app/ddreconf230801-10h10m/ddreconf benchmark/ISR-benchmark/random_instance/random_instance018_graph005.col --indset --stwidth --stfile=benchmark/ISR-benchmark/random_instance/random_instance018_graph005.dat"
	User time (seconds): 1715.79
	System time (seconds): 1493.67
	Percent of CPU this job got: 75%
	Elapsed (wall clock) time (h:mm:ss or m:ss): 1:10:50
	Average shared text size (kbytes): 0
	Average unshared data size (kbytes): 0
	Average stack size (kbytes): 0
	Average total size (kbytes): 0
	Maximum resident set size (kbytes): 254931009536
	Average resident set size (kbytes): 0
	Major (requiring I/O) page faults: 0
	Minor (reclaiming a frame) page faults: 336239541
	Voluntary context switches: 1988231
	Involuntary context switches: 3459543
	Swaps: 0
	File system inputs: 0
	File system outputs: 0
	Socket messages sent: 40
	Socket messages received: 0
	Signals delivered: 0
	Page size (bytes): 4096
	Exit status: 0
FINISHED CPU 3209.46 MEM 0 MAXMEM 0 STALE 1
#RESULT: UNK
#FIN: FIN
#CPU: 3209.46
#MAXMEM: 0
c 
#END: [Tue Aug  1 21:16:34 2023]
