#BEGIN: [Tue Aug  8 20:33:13 2023]
#HOST: mini21.local
#TIMELIMIT: 1800
#MEMLIMIT: 0
#FREQ: 10
#SOLVER: recon
#ARG1: benchmark/ISR-benchmark/random_instance/random_instance014_graph004.col
#ARG2: benchmark/ISR-benchmark/random_instance/random_instance014_graph004.dat
#COMMAND: /Users/soh/app/recon/src/recon benchmark/ISR-benchmark/random_instance/random_instance014_graph004.col benchmark/ISR-benchmark/random_instance/random_instance014_graph004.dat
c Copyright Volker Turau & Christoph Weyer, 2022
c Institute of Telematics
c Hamburg University of Technology, Hamburg, Germany
c Contact: turau@tuhh.de
c Graph file: benchmark/ISR-benchmark/random_instance/random_instance014_graph004.col
c Target file: benchmark/ISR-benchmark/random_instance/random_instance014_graph004.dat
c Size of independent set: 56
c Number of nodes of graph: 182
c Number of edges of graph: 546
c Average degree of graph: 6.00
s 3 4 6 7 9 10 16 20 21 24 25 30 31 38 39 41 44 45 50 53 58 64 66 71 72 76 77 78 85 87 90 91 92 94 95 97 103 107 119 121 122 124 128 130 131 144 147 148 149 150 156 164 178 179 180 182 
t 8 10 13 17 24 25 26 30 39 40 42 45 46 49 50 55 56 57 62 64 66 68 69 71 78 79 88 90 91 93 94 99 104 110 111 112 117 122 123 128 131 132 137 140 141 143 145 147 149 153 158 159 168 169 173 174 
c BFS found 34 new nodes in level 1 (total 35/223696213)
c BFS found 975 new nodes in level 2 (total 1010/223696213)
c BFS found 21383 new nodes in level 3 (total 22393/223696213)
c BFS found 353048 new nodes in level 4 (total 375441/223696213)
c BFS found 4631987 new nodes in level 5 (total 5007373/223696213)
c BFS found 50568304 new nodes in level 6 (total 55573738/223696213)
TIMEOUT CPU 1800 MEM 0 MAXMEM 0
#RESULT: UNK
#FIN: TO
#CPU: 1800
#MAXMEM: 0
c 85755 killed(2). 85754 killed(2). 85755 killed(9). 85754 killed(9). 
#END: [Tue Aug  8 21:03:13 2023]
