#BEGIN: [Wed Jul 19 16:21:32 2023]
#HOST: mini23.local
#TIMELIMIT: 7200
#MEMLIMIT: 0
#FREQ: 10
#SOLVER: sat-based-isr-tj05-230719-15h37m
#ARG1: benchmark/ISR-benchmark/random_instance/random_instance018_graph002.col
#ARG2: benchmark/ISR-benchmark/random_instance/random_instance018_graph002.dat
#COMMAND: /Users/soh/app/scala-2.12.4/bin/scala -J-Xms32g -J-Xmx32g -cp /Users/soh/app/IsrForCompetition230719-15h37m/scop.jar:/Users/soh/app/IsrForCompetition230719-15h37m/isr4competition_2.12-1.3.5.jar fun.scop.app.isr.IsrSolverTj05 benchmark/ISR-benchmark/random_instance/random_instance018_graph002.col benchmark/ISR-benchmark/random_instance/random_instance018_graph002.dat cadical /Users/soh/app/IsrForCompetition230719-15h37m/cadical
#Nodes: 233
#Edges: 702
WARNING. There is missing goal nodes: {171}
c (0) step 1 UNSAT 1470 4875
c (0) step 2 UNSAT 2850 9174
c (0) step 3 UNSAT 4446 13974
c (0) step 4 UNSAT 6330 19418
c (0) step 5 UNSAT 8574 25649
c (0) step 6 UNSAT 11250 32810
c (0) step 7 UNSAT 14430 41044
c (0) step 8 UNSAT 18186 50494
c (0) step 9 UNSAT 22590 61303
c (0) step 10 UNSAT 27714 73614
c (0) step 11 UNSAT 33630 87570
c (0) step 12 UNSAT 40410 103314
c (0) step 13 UNSAT 48126 120989
c (0) step 14 UNSAT 56850 140738
c (0) step 15 UNSAT 66654 162704
c (0) step 16 UNSAT 77610 187030
c (0) step 17 UNSAT 89790 213859
c (0) step 18 UNSAT 103266 243334
c (0) step 19 UNSAT 118110 275598
c (0) step 20 UNSAT 134394 310794
c (0) step 21 UNSAT 152190 349065
c (0) step 22 UNSAT 171570 390554
c (0) step 23 UNSAT 192606 435404
c (0) step 24 UNSAT 215370 483758
c (0) step 25 UNSAT 239934 535759
c (0) step 26 UNSAT 266370 591550
c (0) step 27 UNSAT 294750 651274
c (1) step 28 UNSAT 325146 715074
c (1) step 29 UNSAT 357630 783093
c (1) step 30 UNSAT 392274 855474
c (1) step 31 UNSAT 429150 932360
c (1) step 32 UNSAT 468330 1013894
c (1) step 33 UNSAT 509886 1100219
c (1) step 34 UNSAT 553890 1191478
c (1) step 35 UNSAT 600414 1287814
c (1) step 36 UNSAT 649530 1389370
c (2) step 37 UNSAT 701310 1496289
c (2) step 38 UNSAT 755826 1608714
c (2) step 39 UNSAT 813150 1726788
c (2) step 40 UNSAT 873354 1850654
c (3) step 41 SAT 936510 1980455
a YES
a 3 8 13 21 26 30 32 33 34 38 47 51 52 54 55 57 64 67 68 69 70 71 74 75 78 86 94 96 97 104 105 110 115 119 126 134 135 139 144 147 154 155 157 158 161 163 164 167 173 175 176 179 180 183 185 193 194 195 203 204 205 206 208 210 211 212 214 215 224 225 226 230 231
a 3 8 13 21 26 30 32 33 34 38 47 51 52 54 55 57 60 64 67 68 69 70 71 74 75 78 86 94 96 97 104 105 110 115 119 126 134 135 139 144 147 154 155 157 158 161 163 164 167 173 175 176 179 180 183 185 193 194 195 203 204 205 206 208 210 211 212 214 224 225 226 230 231
a 3 8 13 21 26 30 32 33 34 38 46 47 51 52 54 55 57 60 64 67 68 69 70 71 74 75 78 86 94 96 97 104 105 110 115 119 126 134 135 139 144 147 154 155 157 158 161 163 164 167 173 175 176 179 180 183 185 193 194 195 204 205 206 208 210 211 212 214 224 225 226 230 231
a 3 8 13 21 26 30 32 33 34 38 46 47 51 52 54 55 57 60 64 67 68 69 70 71 74 75 78 86 94 96 97 104 105 110 112 115 119 126 134 135 139 144 147 154 155 157 158 161 163 164 167 173 176 179 180 183 185 193 194 195 204 205 206 208 210 211 212 214 224 225 226 230 231
a 3 8 13 21 26 30 32 33 34 38 46 47 50 51 52 54 55 57 60 64 67 68 69 70 71 74 75 78 86 94 96 97 104 105 110 112 115 119 126 134 135 139 144 147 154 155 157 158 163 164 167 173 176 179 180 183 185 193 194 195 204 205 206 208 210 211 212 214 224 225 226 230 231
a 3 8 13 21 26 30 32 33 34 38 46 47 50 51 52 54 55 57 60 64 67 68 69 70 71 74 75 78 86 94 96 97 104 105 110 112 115 119 126 134 135 139 144 147 154 155 157 158 163 164 167 173 176 178 180 183 185 193 194 195 204 205 206 208 210 211 212 214 224 225 226 230 231
a 3 8 13 21 26 30 32 33 34 38 46 47 50 51 52 54 55 57 60 64 67 68 69 70 71 74 75 78 86 94 96 97 104 105 110 112 115 119 126 134 135 139 144 147 154 155 157 158 163 164 173 176 178 180 183 185 188 193 194 195 204 205 206 208 210 211 212 214 224 225 226 230 231
a 3 8 13 21 26 30 32 33 34 38 46 47 50 51 52 54 55 57 60 67 68 69 70 71 74 75 78 86 94 96 97 104 105 110 112 115 119 126 134 135 139 142 144 147 154 155 157 158 163 164 173 176 178 180 183 185 188 193 194 195 204 205 206 208 210 211 212 214 224 225 226 230 231
a 3 8 13 21 26 30 31 32 33 34 38 46 47 50 51 52 54 55 57 60 67 68 69 71 74 75 78 86 94 96 97 104 105 110 112 115 119 126 134 135 139 142 144 147 154 155 157 158 163 164 173 176 178 180 183 185 188 193 194 195 204 205 206 208 210 211 212 214 224 225 226 230 231
a 3 8 13 21 26 30 31 32 33 34 38 46 47 50 51 52 54 55 57 60 67 68 69 71 74 75 78 86 94 96 97 104 105 110 112 115 119 125 126 134 135 139 142 144 147 154 155 157 158 163 164 173 176 178 180 183 185 188 193 194 195 205 206 208 210 211 212 214 224 225 226 230 231
a 3 8 13 21 26 30 31 32 33 34 38 46 47 50 51 52 54 55 57 60 67 68 69 71 74 75 78 86 94 96 97 104 105 110 112 115 119 125 126 134 135 139 142 144 147 154 155 157 158 163 164 173 176 178 180 183 185 188 193 194 195 200 205 206 208 210 211 212 214 225 226 230 231
a 3 8 13 21 26 30 31 32 33 34 38 46 47 50 51 52 54 55 57 60 67 68 69 71 74 75 76 78 86 94 96 97 104 105 110 112 115 119 125 126 134 135 139 142 144 147 154 155 157 158 163 164 176 178 180 183 185 188 193 194 195 200 205 206 208 210 211 212 214 225 226 230 231
a 8 13 21 26 30 31 32 33 34 38 46 47 50 51 52 54 55 57 60 67 68 69 71 74 75 76 78 86 94 96 97 98 104 105 110 112 115 119 125 126 134 135 139 142 144 147 154 155 157 158 163 164 176 178 180 183 185 188 193 194 195 200 205 206 208 210 211 212 214 225 226 230 231
a 8 13 21 26 30 31 32 33 34 38 46 47 50 51 52 54 55 57 60 65 67 68 69 71 74 75 76 78 86 94 96 97 98 104 105 110 112 115 119 125 126 134 135 139 142 144 147 154 155 157 158 163 164 176 178 180 183 185 188 193 195 200 205 206 208 210 211 212 214 225 226 230 231
a 8 13 21 26 30 31 32 33 34 38 46 47 50 51 52 54 55 57 60 65 67 68 69 71 74 75 76 78 86 94 96 97 98 104 105 110 112 115 119 125 126 134 135 139 142 144 147 154 155 157 158 164 176 178 180 183 185 187 188 193 195 200 205 206 208 210 211 212 214 225 226 230 231
a 8 13 21 26 30 31 32 33 34 38 46 47 50 51 52 54 55 57 60 65 67 68 69 71 74 75 76 78 86 94 96 97 98 104 105 110 112 115 119 125 126 134 135 139 142 144 147 154 155 157 158 174 176 178 180 183 185 187 188 193 195 200 205 206 208 210 211 212 214 225 226 230 231
a 8 13 21 26 30 31 32 33 34 38 46 47 50 51 52 54 55 57 60 65 67 68 69 71 74 75 76 78 86 94 96 97 98 104 105 110 112 115 125 126 134 135 139 142 144 147 154 155 157 158 174 176 178 180 183 185 187 188 193 195 196 200 205 206 208 210 211 212 214 225 226 230 231
a 8 13 21 26 30 31 32 33 34 38 46 47 50 51 52 54 55 57 60 65 67 68 69 71 74 75 76 78 86 94 95 96 97 98 104 110 112 115 125 126 134 135 139 142 144 147 154 155 157 158 174 176 178 180 183 185 187 188 193 195 196 200 205 206 208 210 211 212 214 225 226 230 231
a 8 13 21 26 30 31 32 33 34 38 46 47 50 51 52 54 55 57 60 65 67 68 69 71 74 75 76 78 85 86 94 95 96 97 98 110 112 115 125 126 134 135 139 142 144 147 154 155 157 158 174 176 178 180 183 185 187 188 193 195 196 200 205 206 208 210 211 212 214 225 226 230 231
a 8 13 21 26 30 31 32 33 34 38 46 47 50 51 52 54 55 57 60 65 67 68 69 71 75 76 78 85 86 94 95 96 97 98 110 112 115 125 126 134 135 139 142 144 147 154 155 157 158 172 174 176 178 180 183 185 187 188 193 195 196 200 205 206 208 210 211 212 214 225 226 230 231
a 8 13 21 26 30 31 32 33 34 38 46 47 50 51 52 54 55 57 60 65 67 68 69 71 75 76 78 85 86 94 95 96 97 98 110 112 115 125 126 134 135 139 142 144 147 154 155 157 158 172 174 176 178 180 183 185 187 188 195 196 200 205 206 208 210 211 212 214 225 226 229 230 231
a 8 13 21 26 30 31 32 33 34 38 46 47 50 51 52 54 57 60 65 67 68 69 71 75 76 78 85 86 94 95 96 97 98 110 112 115 125 126 131 134 135 139 142 144 147 154 155 157 158 172 174 176 178 180 183 185 187 188 195 196 200 205 206 208 210 211 212 214 225 226 229 230 231
a 8 13 21 26 30 31 32 33 34 38 46 47 50 51 52 54 57 60 65 67 68 69 71 75 76 78 85 86 94 95 96 97 98 106 110 112 115 125 126 131 134 135 139 142 144 147 154 155 157 158 172 174 176 178 180 183 185 187 188 195 196 200 206 208 210 211 212 214 225 226 229 230 231
a 8 13 21 26 30 31 32 33 34 38 46 47 50 51 52 54 57 60 65 67 68 69 71 75 76 78 85 86 94 95 96 97 98 100 106 110 112 115 125 126 131 134 135 142 144 147 154 155 157 158 172 174 176 178 180 183 185 187 188 195 196 200 206 208 210 211 212 214 225 226 229 230 231
a 8 13 21 26 30 31 32 33 34 38 46 47 50 51 52 54 57 60 65 67 68 69 71 75 76 78 85 86 94 95 96 97 98 100 106 110 112 115 125 126 129 131 134 135 142 144 147 154 155 157 158 172 174 176 178 180 183 185 187 188 195 196 200 206 208 211 212 214 225 226 229 230 231
a 8 13 21 26 30 31 32 33 34 38 42 46 47 50 51 52 54 57 60 65 67 68 69 71 75 76 78 85 86 94 95 96 97 98 100 106 110 112 115 125 126 129 131 134 135 142 147 154 155 157 158 172 174 176 178 180 183 185 187 188 195 196 200 206 208 211 212 214 225 226 229 230 231
a 8 13 21 26 30 31 32 33 34 38 41 42 46 47 50 51 52 54 57 60 65 67 68 69 71 75 76 78 85 86 94 95 96 97 98 100 106 110 112 115 125 126 129 131 134 135 142 154 155 157 158 172 174 176 178 180 183 185 187 188 195 196 200 206 208 211 212 214 225 226 229 230 231
a 8 13 19 21 26 30 31 32 33 34 38 41 42 46 47 50 51 52 54 57 60 65 67 68 69 71 75 76 78 85 86 94 95 96 97 98 100 106 110 112 125 126 129 131 134 135 142 154 155 157 158 172 174 176 178 180 183 185 187 188 195 196 200 206 208 211 212 214 225 226 229 230 231
a 8 13 19 21 26 30 31 32 33 34 38 41 42 46 47 50 51 52 54 57 60 65 67 68 71 75 76 78 85 86 94 95 96 97 98 100 106 110 112 125 126 129 131 134 135 142 154 155 157 158 172 174 176 178 180 183 185 187 188 195 196 200 206 208 211 212 214 225 226 228 229 230 231
a 8 13 18 19 21 26 30 31 32 33 34 38 41 42 46 47 50 52 54 57 60 65 67 68 71 75 76 78 85 86 94 95 96 97 98 100 106 110 112 125 126 129 131 134 135 142 154 155 157 158 172 174 176 178 180 183 185 187 188 195 196 200 206 208 211 212 214 225 226 228 229 230 231
a 8 13 18 19 21 26 30 31 32 33 34 38 41 42 46 47 50 52 54 57 60 65 67 68 71 75 76 78 85 86 94 95 96 97 98 100 106 110 112 122 125 126 129 131 134 135 142 155 157 158 172 174 176 178 180 183 185 187 188 195 196 200 206 208 211 212 214 225 226 228 229 230 231
a 8 13 18 19 21 26 30 31 32 33 34 41 42 46 47 50 52 54 57 60 65 67 68 71 75 76 78 85 86 94 95 96 97 98 100 106 110 112 116 122 125 126 129 131 134 135 142 155 157 158 172 174 176 178 180 183 185 187 188 195 196 200 206 208 211 212 214 225 226 228 229 230 231
a 8 13 18 19 21 26 30 31 32 33 34 41 42 46 47 50 52 54 57 60 65 67 68 71 75 76 78 85 86 94 95 96 97 98 100 106 110 112 116 122 125 126 129 131 134 135 142 157 158 172 174 176 178 180 183 185 187 188 195 196 200 206 208 211 212 214 225 226 227 228 229 230 231
a 8 13 18 19 21 26 30 31 32 33 34 41 42 46 47 50 52 54 57 60 65 67 68 71 75 76 85 86 94 95 96 97 98 100 106 110 112 113 116 122 125 126 129 131 134 135 142 157 158 172 174 176 178 180 183 185 187 188 195 196 200 206 208 211 212 214 225 226 227 228 229 230 231
a 8 13 18 19 21 26 30 31 32 33 34 41 42 46 47 50 52 54 57 60 65 67 68 71 75 76 85 86 94 95 96 97 98 100 106 110 112 113 116 122 125 126 129 131 134 135 142 157 158 172 174 176 178 180 185 187 188 190 195 196 200 206 208 211 212 214 225 226 227 228 229 230 231
a 8 18 19 21 26 30 31 32 33 34 41 42 46 47 50 52 54 57 60 65 66 67 68 71 75 76 85 86 94 95 96 97 98 100 106 110 112 113 116 122 125 126 129 131 134 135 142 157 158 172 174 176 178 180 185 187 188 190 195 196 200 206 208 211 212 214 225 226 227 228 229 230 231
a 8 18 19 21 26 30 31 32 33 34 41 42 46 47 50 52 54 57 60 65 66 67 68 71 75 76 85 86 94 95 96 97 98 100 103 106 110 112 113 116 122 125 126 129 131 134 135 142 157 158 172 174 176 178 180 185 187 188 190 195 196 200 206 208 211 212 214 225 226 227 228 229 230
a 8 18 19 21 26 30 31 32 33 34 41 42 46 47 50 52 54 57 60 65 66 67 71 75 76 85 86 92 94 95 96 97 98 100 103 106 110 112 113 116 122 125 126 129 131 134 135 142 157 158 172 174 176 178 180 185 187 188 190 195 196 200 206 208 211 212 214 225 226 227 228 229 230
a 8 18 19 21 26 30 31 32 33 34 41 42 46 47 50 52 54 57 60 65 66 67 71 75 76 85 86 92 94 95 96 97 98 100 103 106 110 112 113 116 122 125 126 129 131 134 135 142 157 158 172 174 176 178 180 185 187 188 190 191 195 196 200 208 211 212 214 225 226 227 228 229 230
a 7 8 18 19 21 26 30 31 32 33 34 41 42 46 47 50 52 54 57 60 65 66 67 71 75 76 85 86 92 94 95 96 97 98 100 103 106 112 113 116 122 125 126 129 131 134 135 142 157 158 172 174 176 178 180 185 187 188 190 191 195 196 200 208 211 212 214 225 226 227 228 229 230
a 7 8 18 19 21 26 30 31 32 33 34 41 42 46 47 50 52 53 54 57 60 65 66 67 71 75 76 85 86 92 94 95 96 97 98 100 103 106 112 113 116 122 125 126 129 131 134 135 142 157 158 172 174 176 178 185 187 188 190 191 195 196 200 208 211 212 214 225 226 227 228 229 230
a 5 7 8 18 19 21 26 30 31 32 33 34 41 42 46 47 50 52 53 54 57 60 65 66 67 71 75 76 85 86 92 94 95 96 97 98 100 103 106 112 113 116 122 125 126 129 131 134 135 142 157 158 172 174 176 178 185 187 188 190 191 195 196 200 208 211 214 225 226 227 228 229 230
	Command being timed: "/Users/soh/app/scala-2.12.4/bin/scala -J-Xms32g -J-Xmx32g -cp /Users/soh/app/IsrForCompetition230719-15h37m/scop.jar:/Users/soh/app/IsrForCompetition230719-15h37m/isr4competition_2.12-1.3.5.jar fun.scop.app.isr.IsrSolverTj05 benchmark/ISR-benchmark/random_instance/random_instance018_graph002.col benchmark/ISR-benchmark/random_instance/random_instance018_graph002.dat cadical /Users/soh/app/IsrForCompetition230719-15h37m/cadical"
	User time (seconds): 4.80
	System time (seconds): 0.74
	Percent of CPU this job got: 123%
	Elapsed (wall clock) time (h:mm:ss or m:ss): 0:04.48
	Average shared text size (kbytes): 0
	Average unshared data size (kbytes): 0
	Average stack size (kbytes): 0
	Average total size (kbytes): 0
	Maximum resident set size (kbytes): 14432911360
	Average resident set size (kbytes): 0
	Major (requiring I/O) page faults: 0
	Minor (reclaiming a frame) page faults: 895166
	Voluntary context switches: 36
	Involuntary context switches: 3609
	Swaps: 0
	File system inputs: 0
	File system outputs: 0
	Socket messages sent: 42
	Socket messages received: 0
	Signals delivered: 7
	Page size (bytes): 4096
	Exit status: 0
FINISHED CPU 5.54 MEM 0 MAXMEM 0 STALE 1
#RESULT: UNK
#FIN: FIN
#CPU: 5.54
#MAXMEM: 0
c 
#END: [Wed Jul 19 16:21:37 2023]
