#BEGIN: [Wed Jul 19 16:20:52 2023]
#HOST: mini23.local
#TIMELIMIT: 7200
#MEMLIMIT: 0
#FREQ: 10
#SOLVER: sat-based-isr-tj05-230719-15h37m
#ARG1: benchmark/ISR-benchmark/random_instance/random_instance006_graph005.col
#ARG2: benchmark/ISR-benchmark/random_instance/random_instance006_graph005.dat
#COMMAND: /Users/soh/app/scala-2.12.4/bin/scala -J-Xms32g -J-Xmx32g -cp /Users/soh/app/IsrForCompetition230719-15h37m/scop.jar:/Users/soh/app/IsrForCompetition230719-15h37m/isr4competition_2.12-1.3.5.jar fun.scop.app.isr.IsrSolverTj05 benchmark/ISR-benchmark/random_instance/random_instance006_graph005.col benchmark/ISR-benchmark/random_instance/random_instance006_graph005.dat cadical /Users/soh/app/IsrForCompetition230719-15h37m/cadical
#Nodes: 78
#Edges: 234
c (0) step 1 UNSAT 492 1625
c (0) step 2 UNSAT 953 3057
c (0) step 3 UNSAT 1486 4654
c (0) step 4 UNSAT 2115 6463
c (0) step 5 UNSAT 2864 8531
c (0) step 6 UNSAT 3757 10905
c (0) step 7 UNSAT 4818 13632
c (0) step 8 UNSAT 6071 16759
c (0) step 9 UNSAT 7540 20333
c (0) step 10 UNSAT 9249 24401
c (0) step 11 UNSAT 11222 29010
c (0) step 12 UNSAT 13483 34207
c (0) step 13 UNSAT 16056 40039
c (0) step 14 UNSAT 18965 46553
c (0) step 15 UNSAT 22234 53796
c (0) step 16 UNSAT 25887 61815
c (0) step 17 SAT 29948 70657
a YES
a 1 9 10 14 15 16 18 19 24 25 31 32 33 35 36 39 40 45 48 49 53 54 58 69 71
a 1 2 9 10 14 15 16 18 19 24 25 31 32 33 35 36 39 40 45 48 49 53 54 58 69
a 1 2 6 9 10 14 16 18 19 24 25 31 32 33 35 36 39 40 45 48 49 53 54 58 69
a 1 2 6 7 9 10 14 16 18 19 24 25 31 32 33 35 36 39 40 45 48 49 54 58 69
a 2 6 7 9 10 14 16 18 19 24 25 31 32 33 35 36 39 40 45 48 49 51 54 58 69
a 2 6 7 9 10 14 16 18 19 24 25 31 32 33 35 36 39 40 45 48 49 51 54 58 66
a 2 6 7 9 10 14 18 19 24 25 31 32 33 35 36 37 39 40 45 48 49 51 54 58 66
a 2 6 7 9 10 14 18 24 25 31 32 33 34 35 36 37 39 40 45 48 49 51 54 58 66
a 2 6 7 9 14 18 24 25 31 32 33 34 35 36 37 39 40 43 45 48 49 51 54 58 66
a 2 6 7 9 14 18 24 25 31 32 33 34 35 37 39 40 43 45 48 49 51 54 57 58 66
a 2 6 7 9 14 18 24 25 31 32 33 34 35 37 39 40 43 45 48 49 51 54 57 62 66
a 2 6 7 9 14 18 24 25 31 32 33 34 35 37 39 40 43 45 48 51 54 57 62 63 66
a 2 6 7 9 14 18 22 25 31 32 33 34 35 37 39 40 43 45 48 51 54 57 62 63 66
a 2 6 7 9 11 14 18 22 25 31 32 33 34 35 37 39 40 43 45 48 51 57 62 63 66
a 2 6 7 9 11 14 18 20 22 31 32 33 34 35 37 39 40 43 45 48 51 57 62 63 66
a 2 6 7 9 11 14 18 20 22 31 32 33 34 35 37 39 40 43 48 51 57 62 63 66 75
a 2 5 6 7 9 11 14 18 20 22 31 32 33 34 35 37 40 43 48 51 57 62 63 66 75
a 2 5 6 7 9 11 14 18 20 22 28 32 33 34 35 37 40 43 48 51 57 62 63 66 75
	Command being timed: "/Users/soh/app/scala-2.12.4/bin/scala -J-Xms32g -J-Xmx32g -cp /Users/soh/app/IsrForCompetition230719-15h37m/scop.jar:/Users/soh/app/IsrForCompetition230719-15h37m/isr4competition_2.12-1.3.5.jar fun.scop.app.isr.IsrSolverTj05 benchmark/ISR-benchmark/random_instance/random_instance006_graph005.col benchmark/ISR-benchmark/random_instance/random_instance006_graph005.dat cadical /Users/soh/app/IsrForCompetition230719-15h37m/cadical"
	User time (seconds): 1.29
	System time (seconds): 0.11
	Percent of CPU this job got: 162%
	Elapsed (wall clock) time (h:mm:ss or m:ss): 0:00.86
	Average shared text size (kbytes): 0
	Average unshared data size (kbytes): 0
	Average stack size (kbytes): 0
	Average total size (kbytes): 0
	Maximum resident set size (kbytes): 1254686720
	Average resident set size (kbytes): 0
	Major (requiring I/O) page faults: 0
	Minor (reclaiming a frame) page faults: 82523
	Voluntary context switches: 34
	Involuntary context switches: 2987
	Swaps: 0
	File system inputs: 0
	File system outputs: 0
	Socket messages sent: 39
	Socket messages received: 0
	Signals delivered: 5
	Page size (bytes): 4096
	Exit status: 0
FINISHED CPU 1.4 MEM 0 MAXMEM 0 STALE 1
#RESULT: UNK
#FIN: FIN
#CPU: 1.4
#MAXMEM: 0
c 
#END: [Wed Jul 19 16:20:53 2023]
