#BEGIN: [Wed Jul 19 16:21:36 2023]
#HOST: mini28.local
#TIMELIMIT: 7200
#MEMLIMIT: 0
#FREQ: 10
#SOLVER: sat-based-isr-tj05-230719-15h37m
#ARG1: benchmark/ISR-benchmark/random_instance/random_instance018_graph003.col
#ARG2: benchmark/ISR-benchmark/random_instance/random_instance018_graph003.dat
#COMMAND: /Users/soh/app/scala-2.12.4/bin/scala -J-Xms32g -J-Xmx32g -cp /Users/soh/app/IsrForCompetition230719-15h37m/scop.jar:/Users/soh/app/IsrForCompetition230719-15h37m/isr4competition_2.12-1.3.5.jar fun.scop.app.isr.IsrSolverTj05 benchmark/ISR-benchmark/random_instance/random_instance018_graph003.col benchmark/ISR-benchmark/random_instance/random_instance018_graph003.dat cadical /Users/soh/app/IsrForCompetition230719-15h37m/cadical
#Nodes: 234
#Edges: 702
c (0) step 1 UNSAT 1477 4892
c (0) step 2 UNSAT 2865 9212
c (0) step 3 UNSAT 4472 14040
c (0) step 4 UNSAT 6371 19521
c (0) step 5 UNSAT 8635 25800
c (0) step 6 UNSAT 11337 33022
c (0) step 7 UNSAT 14550 41332
c (0) step 8 UNSAT 18347 50875
c (0) step 9 UNSAT 22801 61796
c (0) step 10 UNSAT 27985 74240
c (0) step 11 UNSAT 33972 88352
c (0) step 12 UNSAT 40835 104277
c (0) step 13 UNSAT 48647 122160
c (0) step 14 UNSAT 57481 142146
c (0) step 15 UNSAT 67410 164380
c (0) step 16 UNSAT 78507 189007
c (0) step 17 UNSAT 90845 216172
c (0) step 18 UNSAT 104497 246020
c (0) step 19 UNSAT 119536 278696
c (0) step 20 UNSAT 136035 314345
c (0) step 21 UNSAT 154067 353112
c (0) step 22 UNSAT 173705 395142
c (0) step 23 UNSAT 195022 440580
c (0) step 24 UNSAT 218091 489571
c (0) step 25 UNSAT 242985 542260
c (0) step 26 UNSAT 269777 598792
c (0) step 27 UNSAT 298540 659312
c (1) step 28 UNSAT 329347 723965
c (1) step 29 UNSAT 362271 792896
c (1) step 30 UNSAT 397385 866250
c (1) step 31 UNSAT 434762 944172
c (1) step 32 UNSAT 474475 1026807
c (1) step 33 UNSAT 516597 1114300
c (1) step 34 UNSAT 561201 1206796
c (1) step 35 UNSAT 608360 1304440
c (1) step 36 UNSAT 658147 1407377
c (2) step 37 UNSAT 710635 1515752
c (2) step 38 UNSAT 765897 1629710
c (2) step 39 UNSAT 824006 1749396
c (2) step 40 UNSAT 885035 1874955
c (2) step 41 UNSAT 949057 2006532
c (2) step 42 UNSAT 1016145 2144272
c (3) step 43 UNSAT 1086372 2288320
c (3) step 44 UNSAT 1159811 2438821
c (3) step 45 UNSAT 1236535 2595920
c (5) step 46 SAT 1316617 2759762
a YES
a 1 2 4 9 11 14 15 22 23 25 27 29 32 33 40 41 42 46 60 61 63 65 67 74 79 86 90 93 98 101 102 104 105 108 113 115 120 122 124 126 131 133 135 137 139 141 149 152 155 156 157 170 172 175 176 177 181 184 186 187 188 193 195 198 199 200 204 216 217 220 221 223 224 225
a 1 2 4 9 11 14 15 22 23 25 27 29 32 33 40 41 42 46 60 61 63 65 67 74 79 86 93 98 101 102 104 105 108 113 115 120 122 124 126 131 133 135 137 139 141 143 149 152 155 156 157 170 172 175 176 177 181 184 186 187 188 193 195 198 199 200 204 216 217 220 221 223 224 225
a 1 2 4 9 11 14 15 22 23 25 27 29 32 40 41 42 46 60 61 63 65 67 74 79 86 93 98 101 102 104 105 108 113 115 120 122 124 126 131 133 135 137 139 141 143 149 152 155 156 157 170 172 175 176 177 179 181 184 186 187 188 193 195 198 199 200 204 216 217 220 221 223 224 225
a 1 2 4 9 11 14 15 22 23 25 27 29 32 40 41 46 60 61 63 65 67 74 79 86 93 98 101 102 104 105 108 113 115 120 122 124 126 131 133 135 137 139 141 142 143 149 152 155 156 157 170 172 175 176 177 179 181 184 186 187 188 193 195 198 199 200 204 216 217 220 221 223 224 225
a 1 2 4 9 11 14 15 22 23 25 27 29 32 40 41 46 61 63 65 67 74 79 86 93 98 101 102 104 105 108 113 115 120 122 124 126 131 133 135 137 139 141 142 143 148 149 152 155 156 157 170 172 175 176 177 179 181 184 186 187 188 193 195 198 199 200 204 216 217 220 221 223 224 225
a 1 2 4 9 11 14 15 22 23 25 27 29 32 40 41 46 61 63 65 67 74 79 86 93 98 101 102 105 108 113 115 120 122 124 126 131 133 135 137 139 141 142 143 148 149 152 155 156 157 170 172 175 176 177 179 181 184 186 187 188 193 195 198 199 200 204 216 217 220 221 223 224 225 227
a 1 2 4 9 11 14 15 22 23 25 27 29 32 40 41 46 61 63 65 67 74 79 86 93 98 101 102 105 108 113 115 120 122 124 126 131 133 135 137 139 141 142 143 148 149 152 155 156 157 161 170 172 175 176 179 181 184 186 187 188 193 195 198 199 200 204 216 217 220 221 223 224 225 227
a 1 2 3 4 9 11 14 15 22 23 25 27 29 32 40 41 46 61 63 65 67 74 79 86 93 98 101 102 105 108 113 115 120 122 124 126 131 133 135 137 141 142 143 148 149 152 155 156 157 161 170 172 175 176 179 181 184 186 187 188 193 195 198 199 200 204 216 217 220 221 223 224 225 227
a 1 2 3 4 9 11 14 15 22 23 25 27 29 32 40 41 46 61 63 65 67 74 79 86 93 98 101 102 105 108 113 115 120 122 124 131 133 135 137 141 142 143 148 149 152 155 156 157 161 170 172 175 176 179 181 184 186 187 188 193 195 198 199 200 204 213 216 217 220 221 223 224 225 227
a 1 2 3 4 9 11 14 15 22 23 25 27 29 32 40 41 46 61 63 65 67 74 79 86 93 98 101 102 105 108 113 115 122 124 131 133 135 137 141 142 143 148 149 152 155 156 157 161 170 172 175 176 179 181 184 186 187 188 193 195 198 199 200 204 213 216 217 218 220 221 223 224 225 227
a 1 2 3 4 9 11 14 15 22 23 25 27 29 32 40 41 46 61 63 65 67 74 77 79 86 93 98 101 102 105 113 115 122 124 131 133 135 137 141 142 143 148 149 152 155 156 157 161 170 172 175 176 179 181 184 186 187 188 193 195 198 199 200 204 213 216 217 218 220 221 223 224 225 227
a 1 2 3 4 9 11 14 15 22 23 25 27 29 32 40 41 46 61 63 65 67 74 77 79 86 93 98 101 102 105 113 115 122 124 131 133 135 137 141 142 143 148 149 152 155 156 157 159 161 170 175 176 179 181 184 186 187 188 193 195 198 199 200 204 213 216 217 218 220 221 223 224 225 227
a 1 2 3 4 9 11 14 15 22 23 25 27 29 32 40 41 46 61 63 65 67 74 77 79 86 93 101 102 105 113 115 119 122 124 131 133 135 137 141 142 143 148 149 152 155 156 157 159 161 170 175 176 179 181 184 186 187 188 193 195 198 199 200 204 213 216 217 218 220 221 223 224 225 227
a 1 2 3 4 9 11 14 15 22 23 25 27 29 32 40 41 46 61 63 65 74 77 79 86 93 101 102 105 111 113 115 119 122 124 131 133 135 137 141 142 143 148 149 152 155 156 157 159 161 170 175 176 179 181 184 186 187 188 193 195 198 199 200 204 213 216 217 218 220 221 223 224 225 227
a 1 2 3 4 9 11 14 15 22 23 25 27 29 32 40 41 46 61 63 65 74 77 79 86 88 93 101 102 105 111 113 115 119 124 131 133 135 137 141 142 143 148 149 152 155 156 157 159 161 170 175 176 179 181 184 186 187 188 193 195 198 199 200 204 213 216 217 218 220 221 223 224 225 227
a 1 2 3 4 9 11 14 15 22 23 25 27 29 32 40 41 46 61 63 65 74 77 79 86 88 93 101 102 105 111 113 115 119 124 131 133 135 137 141 142 143 148 149 152 155 156 157 159 161 170 174 175 176 179 181 186 187 188 193 195 198 199 200 204 213 216 217 218 220 221 223 224 225 227
a 1 2 3 4 6 9 14 15 22 23 25 27 29 32 40 41 46 61 63 65 74 77 79 86 88 93 101 102 105 111 113 115 119 124 131 133 135 137 141 142 143 148 149 152 155 156 157 159 161 170 174 175 176 179 181 186 187 188 193 195 198 199 200 204 213 216 217 218 220 221 223 224 225 227
a 1 2 3 4 6 9 14 15 22 23 25 29 32 40 41 46 58 61 63 65 74 77 79 86 88 93 101 102 105 111 113 115 119 124 131 133 135 137 141 142 143 148 149 152 155 156 157 159 161 170 174 175 176 179 181 186 187 188 193 195 198 199 200 204 213 216 217 218 220 221 223 224 225 227
a 1 2 3 4 6 9 14 15 22 25 29 32 40 41 45 46 58 61 63 65 74 77 79 86 88 93 101 102 105 111 113 115 119 124 131 133 135 137 141 142 143 148 149 152 155 156 157 159 161 170 174 175 176 179 181 186 187 188 193 195 198 199 200 204 213 216 217 218 220 221 223 224 225 227
a 1 2 3 4 6 9 14 15 22 25 29 32 40 41 45 46 58 61 63 65 74 77 79 86 88 93 101 102 105 111 113 115 119 124 131 133 135 137 141 142 143 148 149 152 155 156 157 159 161 170 174 175 176 179 181 186 187 188 195 198 199 200 204 213 216 217 218 219 220 221 223 224 225 227
a 1 2 3 4 6 9 14 15 22 25 29 32 40 41 45 46 58 61 63 65 74 77 79 86 88 93 101 102 105 111 113 115 119 124 130 131 133 135 137 141 142 143 148 149 152 155 156 157 159 161 170 174 175 176 179 181 186 187 188 195 198 200 204 213 216 217 218 219 220 221 223 224 225 227
a 1 2 3 4 6 9 14 15 22 25 29 32 40 41 45 46 58 61 63 65 74 77 79 86 88 93 96 101 102 105 111 113 115 119 124 130 131 133 135 137 141 142 143 148 149 152 155 156 157 159 161 170 174 175 176 179 186 187 188 195 198 200 204 213 216 217 218 219 220 221 223 224 225 227
a 1 2 3 4 6 9 14 15 22 25 29 32 40 41 45 46 58 61 65 74 77 79 86 88 93 96 101 102 105 111 113 115 119 124 130 131 133 135 137 141 142 143 148 149 152 154 155 156 157 159 161 170 174 175 176 179 186 187 188 195 198 200 204 213 216 217 218 219 220 221 223 224 225 227
a 1 2 3 4 6 9 14 15 22 25 29 32 40 41 45 46 58 61 65 74 77 79 84 86 88 93 96 101 102 105 111 113 115 119 124 130 131 133 135 137 141 142 143 148 149 152 154 155 156 157 159 161 170 174 175 176 179 186 187 188 195 198 200 204 213 217 218 219 220 221 223 224 225 227
a 1 2 3 4 6 9 14 15 22 25 29 32 40 41 45 46 47 58 61 65 74 77 79 84 86 88 93 96 101 102 105 111 113 115 119 124 130 131 133 135 137 141 142 143 148 149 152 154 155 156 157 159 161 170 174 175 176 179 186 187 188 195 198 200 204 213 217 218 219 221 223 224 225 227
a 1 2 3 4 6 9 14 15 22 25 29 32 40 41 45 46 47 58 61 65 74 77 79 84 88 93 96 101 102 105 111 113 115 119 124 130 131 133 135 137 140 141 142 143 148 149 152 154 155 156 157 159 161 170 174 175 176 179 186 187 188 195 198 200 204 213 217 218 219 221 223 224 225 227
a 1 2 3 4 6 9 14 19 22 25 29 32 40 41 45 46 47 58 61 65 74 77 79 84 88 93 96 101 102 105 111 113 115 119 124 130 131 133 135 137 140 141 142 143 148 149 152 154 155 156 157 159 161 170 174 175 176 179 186 187 188 195 198 200 204 213 217 218 219 221 223 224 225 227
a 1 2 3 4 6 9 14 19 22 25 29 32 40 41 45 46 47 58 61 65 74 77 79 84 88 93 96 101 102 105 111 113 115 119 124 130 131 133 135 137 140 141 142 143 148 149 151 152 154 155 156 157 159 161 174 175 176 179 186 187 188 195 198 200 204 213 217 218 219 221 223 224 225 227
a 1 2 3 4 6 9 14 19 22 25 29 32 40 41 45 46 47 58 61 65 74 77 79 84 88 93 96 101 102 105 111 113 115 119 124 130 131 133 135 137 140 141 142 143 148 149 151 154 155 156 157 159 161 167 174 175 176 179 186 187 188 195 198 200 204 213 217 218 219 221 223 224 225 227
a 1 2 3 4 6 9 14 19 22 25 29 32 40 41 45 46 47 58 61 65 74 77 79 84 88 93 96 101 102 105 111 113 115 119 124 130 131 133 135 137 140 141 142 143 148 149 151 154 155 156 157 159 161 167 168 174 175 176 179 186 187 188 195 198 200 213 217 218 219 221 223 224 225 227
a 1 2 3 4 6 14 19 22 25 29 32 38 40 41 45 46 47 58 61 65 74 77 79 84 88 93 96 101 102 105 111 113 115 119 124 130 131 133 135 137 140 141 142 143 148 149 151 154 155 156 157 159 161 167 168 174 175 176 179 186 187 188 195 198 200 213 217 218 219 221 223 224 225 227
a 1 2 3 4 6 14 19 22 25 29 30 32 38 40 41 45 46 47 58 61 65 74 77 79 84 88 93 96 101 102 105 111 113 115 119 124 130 131 133 135 137 140 141 142 143 148 149 151 154 155 156 157 159 161 167 168 174 175 176 179 186 187 188 195 198 200 213 217 218 219 223 224 225 227
a 1 2 3 4 6 14 19 25 29 30 32 38 40 41 45 46 47 58 61 65 71 74 77 79 84 88 93 96 101 102 105 111 113 115 119 124 130 131 133 135 137 140 141 142 143 148 149 151 154 155 156 157 159 161 167 168 174 175 176 179 186 187 188 195 198 200 213 217 218 219 223 224 225 227
a 1 2 3 4 6 14 19 29 30 32 38 40 41 45 46 47 58 61 65 71 74 77 79 84 88 93 96 101 102 105 111 113 115 119 124 130 131 133 135 137 140 141 142 143 148 149 151 154 155 156 157 159 161 166 167 168 174 175 176 179 186 187 188 195 198 200 213 217 218 219 223 224 225 227
a 1 2 3 4 6 14 19 29 30 32 38 40 41 45 46 47 58 61 65 71 74 77 79 84 87 88 93 96 101 102 105 111 113 115 119 124 130 131 133 135 137 140 141 142 143 148 149 151 154 155 156 157 159 161 166 167 168 174 175 176 179 186 187 188 195 198 200 213 217 218 219 223 224 227
a 1 2 3 4 6 14 19 29 30 32 38 40 41 45 46 47 58 61 65 71 74 77 79 84 87 88 93 96 101 102 105 111 113 115 119 124 130 131 133 135 137 140 141 142 143 148 149 151 154 155 156 157 159 161 166 167 168 174 175 176 179 186 187 188 195 198 200 213 217 218 219 223 227 228
a 1 2 3 4 6 14 19 29 30 32 38 40 41 45 46 47 58 61 65 71 74 77 79 84 87 88 89 93 96 101 102 105 111 113 115 119 124 130 131 133 135 137 140 141 142 143 148 149 151 154 155 156 157 159 161 166 167 168 174 175 176 179 186 187 188 195 198 200 213 218 219 223 227 228
a 1 2 3 4 6 14 19 29 30 32 38 40 41 45 46 47 58 61 65 71 74 77 79 84 87 88 89 93 96 100 101 102 105 111 113 115 119 124 130 131 133 135 137 140 141 142 143 148 149 151 154 155 156 157 159 161 166 167 168 174 176 179 186 187 188 195 198 200 213 218 219 223 227 228
a 1 2 3 4 6 14 19 29 30 32 38 39 40 41 45 46 47 58 61 65 71 74 77 79 84 87 88 89 93 96 100 101 102 105 111 113 115 119 124 130 131 133 135 137 140 141 142 143 148 149 151 154 155 156 157 159 161 166 167 168 174 176 179 186 187 195 198 200 213 218 219 223 227 228
a 1 2 3 4 6 14 19 29 30 32 38 39 40 41 45 46 47 58 61 65 71 74 77 79 84 87 88 89 96 100 101 102 105 111 113 115 119 124 130 131 133 135 137 140 141 142 143 148 149 151 154 155 156 157 159 161 166 167 168 174 176 179 186 187 195 198 200 212 213 218 219 223 227 228
a 1 2 3 4 6 14 19 29 30 32 38 39 40 41 45 46 47 58 61 65 71 74 77 79 84 87 88 89 96 100 101 102 105 111 113 115 119 124 130 131 133 135 137 140 141 142 143 148 149 151 154 156 157 159 161 166 167 168 174 176 179 183 186 187 195 198 200 212 213 218 219 223 227 228
a 1 2 3 4 6 14 19 29 30 32 38 39 40 41 45 46 47 58 61 65 71 74 77 79 84 87 88 89 96 100 101 102 105 111 113 115 119 124 130 131 133 137 140 141 142 143 148 149 151 154 156 157 159 161 166 167 168 174 176 179 183 186 187 195 198 200 207 212 213 218 219 223 227 228
a 1 2 3 4 6 14 19 30 32 38 39 40 41 45 46 47 58 61 65 71 74 77 79 84 87 88 89 96 100 101 102 105 111 113 115 119 124 130 131 133 137 140 141 142 143 148 149 151 154 156 157 159 161 166 167 168 174 176 179 183 186 187 195 198 200 207 212 213 218 219 223 227 228 229
a 2 3 4 6 14 19 30 32 38 39 40 41 45 46 47 58 61 65 71 74 77 79 84 87 88 89 95 96 100 101 102 105 111 113 115 119 124 130 131 133 137 140 141 142 143 148 149 151 154 156 157 159 161 166 167 168 174 176 179 183 186 187 195 198 200 207 212 213 218 219 223 227 228 229
a 2 3 4 6 14 19 30 32 38 39 40 41 45 46 47 58 61 65 71 74 77 79 84 87 88 89 95 96 100 101 102 105 111 113 115 119 124 127 130 131 137 140 141 142 143 148 149 151 154 156 157 159 161 166 167 168 174 176 179 183 186 187 195 198 200 207 212 213 218 219 223 227 228 229
a 2 3 4 6 14 19 30 32 38 39 40 41 45 46 47 58 61 65 71 74 77 79 84 87 88 89 95 96 100 101 102 105 111 113 115 119 124 127 130 131 136 137 140 141 142 143 148 149 151 154 157 159 161 166 167 168 174 176 179 183 186 187 195 198 200 207 212 213 218 219 223 227 228 229
a 2 3 4 6 14 19 28 30 32 38 39 40 41 45 46 47 58 61 65 71 74 77 79 84 87 88 89 95 96 100 101 102 105 111 113 115 119 124 127 130 131 136 140 141 142 143 148 149 151 154 157 159 161 166 167 168 174 176 179 183 186 187 195 198 200 207 212 213 218 219 223 227 228 229
	Command being timed: "/Users/soh/app/scala-2.12.4/bin/scala -J-Xms32g -J-Xmx32g -cp /Users/soh/app/IsrForCompetition230719-15h37m/scop.jar:/Users/soh/app/IsrForCompetition230719-15h37m/isr4competition_2.12-1.3.5.jar fun.scop.app.isr.IsrSolverTj05 benchmark/ISR-benchmark/random_instance/random_instance018_graph003.col benchmark/ISR-benchmark/random_instance/random_instance018_graph003.dat cadical /Users/soh/app/IsrForCompetition230719-15h37m/cadical"
	User time (seconds): 5.93
	System time (seconds): 1.16
	Percent of CPU this job got: 118%
	Elapsed (wall clock) time (h:mm:ss or m:ss): 0:05.98
	Average shared text size (kbytes): 0
	Average unshared data size (kbytes): 0
	Average stack size (kbytes): 0
	Average total size (kbytes): 0
	Maximum resident set size (kbytes): 20681359360
	Average resident set size (kbytes): 0
	Major (requiring I/O) page faults: 0
	Minor (reclaiming a frame) page faults: 1274677
	Voluntary context switches: 33
	Involuntary context switches: 3647
	Swaps: 0
	File system inputs: 0
	File system outputs: 0
	Socket messages sent: 38
	Socket messages received: 0
	Signals delivered: 8
	Page size (bytes): 4096
	Exit status: 0
FINISHED CPU 7.09 MEM 0 MAXMEM 0 STALE 1
#RESULT: UNK
#FIN: FIN
#CPU: 7.09
#MAXMEM: 0
c 
#END: [Wed Jul 19 16:21:42 2023]
