#BEGIN: [Wed Jul 19 16:21:03 2023]
#HOST: mini30.local
#TIMELIMIT: 7200
#MEMLIMIT: 0
#FREQ: 10
#SOLVER: sat-based-isr-tj05-230719-15h37m
#ARG1: benchmark/ISR-benchmark/random_instance/random_instance011_graph005.col
#ARG2: benchmark/ISR-benchmark/random_instance/random_instance011_graph005.dat
#COMMAND: /Users/soh/app/scala-2.12.4/bin/scala -J-Xms32g -J-Xmx32g -cp /Users/soh/app/IsrForCompetition230719-15h37m/scop.jar:/Users/soh/app/IsrForCompetition230719-15h37m/isr4competition_2.12-1.3.5.jar fun.scop.app.isr.IsrSolverTj05 benchmark/ISR-benchmark/random_instance/random_instance011_graph005.col benchmark/ISR-benchmark/random_instance/random_instance011_graph005.dat cadical /Users/soh/app/IsrForCompetition230719-15h37m/cadical
#Nodes: 142
#Edges: 429
WARNING. There is missing goal nodes: {20}
c (0) step 1 UNSAT 895 2968
c (0) step 2 UNSAT 1733 5579
c (0) step 3 UNSAT 2700 8488
c (0) step 4 UNSAT 3839 11780
c (0) step 5 UNSAT 5193 15540
c (0) step 6 UNSAT 6805 19853
c (0) step 7 UNSAT 8718 24804
c (0) step 8 UNSAT 10975 30478
c (0) step 9 UNSAT 13619 36960
c (0) step 10 UNSAT 16693 44335
c (0) step 11 UNSAT 20240 52688
c (0) step 12 UNSAT 24303 62104
c (0) step 13 UNSAT 28925 72668
c (0) step 14 UNSAT 34149 84465
c (0) step 15 UNSAT 40018 97580
c (0) step 16 UNSAT 46575 112098
c (0) step 17 UNSAT 53863 128104
c (0) step 18 UNSAT 61925 145683
c (0) step 19 UNSAT 70804 164920
c (0) step 20 SAT 80543 185900
a YES
a 5 12 17 22 25 33 37 39 42 43 44 45 57 62 63 64 65 66 72 74 76 77 82 88 91 93 96 100 102 104 106 108 114 115 116 117 119 124 127 129 133 135 137 143
a 5 12 17 22 25 33 37 39 42 43 44 45 57 62 63 64 65 66 72 74 76 77 82 88 91 93 96 100 102 104 106 108 114 115 116 117 119 124 126 127 129 133 135 137
a 5 12 17 22 25 33 37 39 42 43 44 45 57 62 63 64 65 66 72 76 77 82 88 91 93 96 100 102 103 104 106 108 114 115 116 117 119 124 126 127 129 133 135 137
a 5 12 17 22 25 33 37 39 42 43 44 45 57 62 63 64 65 66 72 76 77 82 88 91 92 93 96 100 102 103 104 106 114 115 116 117 119 124 126 127 129 133 135 137
a 5 12 17 22 25 33 37 39 41 42 43 44 45 57 62 63 64 65 66 72 76 77 82 88 91 92 93 96 100 102 103 104 106 114 116 117 119 124 126 127 129 133 135 137
a 5 12 17 22 25 33 36 37 39 41 42 43 44 45 57 62 63 64 65 66 72 76 77 82 88 91 92 93 96 102 103 104 106 114 116 117 119 124 126 127 129 133 135 137
a 5 17 22 24 25 33 36 37 39 41 42 43 44 45 57 62 63 64 65 66 72 76 77 82 88 91 92 93 96 102 103 104 106 114 116 117 119 124 126 127 129 133 135 137
a 5 17 22 24 25 33 36 37 39 41 42 43 44 45 57 62 63 64 65 66 67 72 76 77 88 91 92 93 96 102 103 104 106 114 116 117 119 124 126 127 129 133 135 137
a 5 13 17 22 24 25 33 36 37 39 41 42 43 44 45 57 62 63 64 65 66 67 72 76 77 88 92 93 96 102 103 104 106 114 116 117 119 124 126 127 129 133 135 137
a 5 13 17 22 24 25 33 36 37 39 41 42 44 45 57 58 62 63 64 65 66 67 72 76 77 88 92 93 96 102 103 104 106 114 116 117 119 124 126 127 129 133 135 137
a 5 13 17 22 24 25 36 37 39 41 42 44 45 57 58 62 63 64 65 66 67 72 76 77 81 88 92 93 96 102 103 104 106 114 116 117 119 124 126 127 129 133 135 137
a 5 13 17 22 24 36 37 39 41 42 44 45 57 58 62 63 64 65 66 67 72 76 77 81 87 88 92 93 96 102 103 104 106 114 116 117 119 124 126 127 129 133 135 137
a 5 13 17 22 24 36 39 41 42 44 45 57 58 62 63 64 65 66 67 72 76 77 81 87 88 92 93 94 96 102 103 104 106 114 116 117 119 124 126 127 129 133 135 137
a 5 10 13 17 22 24 36 39 41 42 44 45 57 58 62 63 64 65 66 67 72 76 77 81 87 88 92 93 94 96 103 104 106 114 116 117 119 124 126 127 129 133 135 137
a 5 10 13 17 22 24 36 39 41 42 44 45 57 58 62 63 64 65 66 67 72 76 77 81 87 88 92 93 94 96 103 104 106 114 116 117 119 124 126 127 129 133 135 139
a 5 10 13 17 22 24 36 39 41 42 44 45 57 58 62 63 64 65 67 72 76 77 81 87 88 92 93 94 96 103 104 106 114 116 117 119 123 124 126 127 129 133 135 139
a 2 5 10 13 17 22 24 36 39 41 42 44 45 57 58 62 64 65 67 72 76 77 81 87 88 92 93 94 96 103 104 106 114 116 117 119 123 124 126 127 129 133 135 139
a 2 5 10 13 17 22 24 36 39 41 42 44 45 57 58 62 64 65 67 72 76 77 81 87 88 92 93 94 96 103 104 106 111 114 117 119 123 124 126 127 129 133 135 139
a 2 5 10 13 17 22 24 36 39 41 42 44 45 57 58 62 64 65 67 68 76 77 81 87 88 92 93 94 96 103 104 106 111 114 117 119 123 124 126 127 129 133 135 139
a 2 5 10 13 17 22 24 36 39 41 42 44 45 57 58 62 64 65 67 68 76 77 81 87 88 92 93 94 96 103 104 106 111 113 114 117 119 123 124 126 127 133 135 139
a 2 5 10 13 17 22 24 36 39 41 42 44 45 57 58 62 64 65 67 68 76 81 87 88 92 93 94 95 96 103 104 106 111 113 114 117 119 123 124 126 127 133 135 139
	Command being timed: "/Users/soh/app/scala-2.12.4/bin/scala -J-Xms32g -J-Xmx32g -cp /Users/soh/app/IsrForCompetition230719-15h37m/scop.jar:/Users/soh/app/IsrForCompetition230719-15h37m/isr4competition_2.12-1.3.5.jar fun.scop.app.isr.IsrSolverTj05 benchmark/ISR-benchmark/random_instance/random_instance011_graph005.col benchmark/ISR-benchmark/random_instance/random_instance011_graph005.dat cadical /Users/soh/app/IsrForCompetition230719-15h37m/cadical"
	User time (seconds): 1.69
	System time (seconds): 0.16
	Percent of CPU this job got: 167%
	Elapsed (wall clock) time (h:mm:ss or m:ss): 0:01.11
	Average shared text size (kbytes): 0
	Average unshared data size (kbytes): 0
	Average stack size (kbytes): 0
	Average total size (kbytes): 0
	Maximum resident set size (kbytes): 2030895104
	Average resident set size (kbytes): 0
	Major (requiring I/O) page faults: 0
	Minor (reclaiming a frame) page faults: 129903
	Voluntary context switches: 34
	Involuntary context switches: 3255
	Swaps: 0
	File system inputs: 0
	File system outputs: 0
	Socket messages sent: 39
	Socket messages received: 0
	Signals delivered: 5
	Page size (bytes): 4096
	Exit status: 0
FINISHED CPU 1.85 MEM 0 MAXMEM 0 STALE 1
#RESULT: UNK
#FIN: FIN
#CPU: 1.85
#MAXMEM: 0
c 
#END: [Wed Jul 19 16:21:04 2023]
