#BEGIN: [Wed Jul 19 16:21:12 2023]
#HOST: mini30.local
#TIMELIMIT: 7200
#MEMLIMIT: 0
#FREQ: 10
#SOLVER: sat-based-isr-tj05-230719-15h37m
#ARG1: benchmark/ISR-benchmark/random_instance/random_instance014_graph003.col
#ARG2: benchmark/ISR-benchmark/random_instance/random_instance014_graph003.dat
#COMMAND: /Users/soh/app/scala-2.12.4/bin/scala -J-Xms32g -J-Xmx32g -cp /Users/soh/app/IsrForCompetition230719-15h37m/scop.jar:/Users/soh/app/IsrForCompetition230719-15h37m/isr4competition_2.12-1.3.5.jar fun.scop.app.isr.IsrSolverTj05 benchmark/ISR-benchmark/random_instance/random_instance014_graph003.col benchmark/ISR-benchmark/random_instance/random_instance014_graph003.dat cadical /Users/soh/app/IsrForCompetition230719-15h37m/cadical
#Nodes: 181
#Edges: 546
WARNING. There is missing goal nodes: {66}
c (0) step 1 UNSAT 1145 3796
c (0) step 2 UNSAT 2226 7159
c (0) step 3 UNSAT 3484 10932
c (0) step 4 UNSAT 4978 15232
c (0) step 5 UNSAT 6767 20176
c (0) step 6 UNSAT 8910 25881
c (0) step 7 UNSAT 11466 32464
c (0) step 8 UNSAT 14494 40042
c (0) step 9 UNSAT 18053 48732
c (0) step 10 UNSAT 22202 58651
c (0) step 11 UNSAT 27000 69916
c (0) step 12 UNSAT 32506 82644
c (0) step 13 UNSAT 38779 96952
c (0) step 14 UNSAT 45878 112957
c (0) step 15 UNSAT 53862 130776
c (0) step 16 UNSAT 62790 150526
c (0) step 17 UNSAT 72721 172324
c (0) step 18 UNSAT 83714 196287
c (0) step 19 UNSAT 95828 222532
c (0) step 20 UNSAT 109122 251176
c (0) step 21 UNSAT 123655 282336
c (0) step 22 UNSAT 139486 316129
c (0) step 23 UNSAT 156674 352672
c (0) step 24 UNSAT 175278 392082
c (0) step 25 UNSAT 195357 434476
c (0) step 26 UNSAT 216970 479971
c (0) step 27 UNSAT 240176 528684
c (0) step 28 UNSAT 265034 580732
c (0) step 29 UNSAT 291603 636232
c (1) step 30 UNSAT 319942 695301
c (1) step 31 UNSAT 350110 758056
c (1) step 32 UNSAT 382166 824614
c (1) step 33 SAT 416169 895092
a YES
a 6 14 15 16 18 21 24 26 37 40 42 43 47 49 51 58 59 61 63 67 68 69 71 75 80 84 88 89 91 94 95 96 98 105 106 113 115 119 120 126 127 129 130 133 134 136 142 143 144 145 148 149 150 153 157 158 171 173 176 178
a 6 14 15 16 18 20 21 24 26 37 40 42 43 47 49 51 58 59 61 63 67 68 69 71 75 80 84 88 89 91 95 96 98 105 106 113 115 119 120 126 127 129 130 133 134 136 142 143 144 145 148 149 150 153 157 158 171 173 176 178
a 6 14 15 16 18 20 21 24 26 37 40 42 43 47 49 58 59 61 63 67 68 69 71 75 80 84 85 88 89 91 95 96 98 105 106 113 115 119 120 126 127 129 130 133 134 136 142 143 144 145 148 149 150 153 157 158 171 173 176 178
a 6 14 15 16 18 20 21 24 26 40 42 43 47 49 58 59 61 63 67 68 69 71 75 80 84 85 88 89 91 95 96 98 105 106 113 115 119 120 126 127 129 130 133 134 136 142 143 144 145 148 149 150 153 157 158 171 173 176 177 178
a 6 14 15 16 18 20 24 26 40 42 43 47 49 58 59 61 63 67 68 69 71 75 80 84 85 88 89 91 95 96 97 98 105 106 113 115 119 120 126 127 129 130 133 134 136 142 143 144 145 148 149 150 153 157 158 171 173 176 177 178
a 6 14 15 16 18 20 24 26 40 42 43 47 49 58 59 61 63 67 68 69 71 75 78 80 84 85 88 89 91 95 96 97 98 105 106 113 115 119 120 126 127 129 130 133 134 136 142 143 144 145 148 149 150 153 158 171 173 176 177 178
a 6 14 15 16 18 20 26 40 42 43 47 49 58 59 61 63 67 68 69 71 75 78 80 84 85 88 89 91 95 96 97 98 105 106 109 113 115 119 120 126 127 129 130 133 134 136 142 143 144 145 148 149 150 153 158 171 173 176 177 178
a 6 14 15 16 18 20 26 40 42 43 49 58 59 61 63 67 68 69 71 75 78 80 84 85 88 89 91 95 96 97 98 105 106 109 113 115 119 120 124 126 127 129 130 133 134 136 142 143 144 145 148 149 150 153 158 171 173 176 177 178
a 6 14 15 16 18 20 26 40 42 43 49 58 59 61 63 67 68 69 71 75 78 80 84 85 89 91 95 96 97 98 105 106 109 112 113 115 119 120 124 126 127 129 130 133 134 136 142 143 144 145 148 149 150 153 158 171 173 176 177 178
a 6 11 14 15 16 18 20 26 40 42 43 49 58 59 61 63 67 68 69 71 75 78 80 84 85 89 91 95 96 97 98 105 106 109 112 113 115 119 120 124 126 127 129 130 133 134 136 142 143 144 148 149 150 153 158 171 173 176 177 178
a 6 11 14 15 16 18 20 26 40 42 49 58 59 61 63 67 68 69 71 75 78 80 84 85 89 91 95 96 97 98 105 106 109 112 113 115 119 120 124 126 127 129 130 133 134 136 142 143 144 148 149 150 153 158 171 173 176 177 178 179
a 6 11 14 15 16 18 20 40 42 49 58 59 61 63 67 68 69 71 75 78 80 84 85 89 91 95 96 97 98 105 106 109 112 113 115 119 120 124 126 127 129 130 133 134 136 142 143 144 148 149 150 153 158 169 171 173 176 177 178 179
a 6 11 12 14 15 16 18 20 40 42 49 59 61 63 67 68 69 71 75 78 80 84 85 89 91 95 96 97 98 105 106 109 112 113 115 119 120 124 126 127 129 130 133 134 136 142 143 144 148 149 150 153 158 169 171 173 176 177 178 179
a 6 10 11 12 14 15 16 18 20 40 42 59 61 63 67 68 69 71 75 78 80 84 85 89 91 95 96 97 98 105 106 109 112 113 115 119 120 124 126 127 129 130 133 134 136 142 143 144 148 149 150 153 158 169 171 173 176 177 178 179
a 6 10 11 12 14 15 16 18 20 40 42 59 61 63 67 68 69 71 75 78 80 84 85 89 91 95 96 97 98 105 106 109 112 113 115 119 120 124 126 127 129 130 133 134 136 142 144 148 149 150 153 158 169 170 171 173 176 177 178 179
a 6 10 11 12 14 15 16 18 20 40 42 59 61 63 67 68 69 71 78 80 84 85 89 91 95 96 97 98 105 106 109 112 113 115 119 120 124 125 126 127 129 130 133 134 136 142 144 148 149 150 153 158 169 170 171 173 176 177 178 179
a 6 10 11 12 14 15 16 18 20 40 42 59 61 63 67 68 69 71 77 78 80 84 85 89 91 95 96 97 98 105 106 109 112 113 115 119 120 124 125 126 127 129 130 133 134 136 142 144 148 149 153 158 169 170 171 173 176 177 178 179
a 6 10 11 12 14 15 16 18 20 40 42 59 61 63 67 68 69 71 77 78 80 81 84 85 89 91 95 96 97 98 106 109 112 113 115 119 120 124 125 126 127 129 130 133 134 136 142 144 148 149 153 158 169 170 171 173 176 177 178 179
a 6 10 11 12 14 15 16 18 20 40 42 59 61 63 67 68 69 71 77 78 80 81 84 85 89 91 95 96 97 98 106 109 112 113 115 119 120 121 124 125 126 127 129 130 133 134 136 142 144 149 153 158 169 170 171 173 176 177 178 179
a 6 10 11 12 14 15 16 18 20 40 42 59 61 63 67 68 69 71 77 78 80 81 84 85 89 91 95 96 97 98 106 109 112 113 115 119 121 124 125 126 127 129 130 133 134 136 142 144 149 153 158 166 169 170 171 173 176 177 178 179
a 6 10 11 12 14 15 16 18 19 20 40 42 59 61 63 67 68 69 71 77 78 80 81 84 85 89 91 95 96 97 98 106 109 112 113 115 119 121 124 125 126 127 129 130 133 134 136 142 144 149 158 166 169 170 171 173 176 177 178 179
a 6 10 11 12 14 15 16 18 19 20 40 42 59 61 62 63 67 68 69 71 77 78 80 81 84 85 89 91 95 96 97 98 106 109 112 113 119 121 124 125 126 127 129 130 133 134 136 142 144 149 158 166 169 170 171 173 176 177 178 179
a 6 10 11 12 14 15 16 18 19 20 40 42 59 61 62 63 67 68 69 71 77 78 80 81 84 85 89 91 95 96 97 98 102 106 109 112 113 119 121 124 125 126 127 129 130 133 136 142 144 149 158 166 169 170 171 173 176 177 178 179
a 6 10 11 12 14 15 16 18 19 20 40 42 59 61 62 63 67 68 69 71 77 78 80 81 84 85 89 91 95 96 97 102 106 109 110 112 113 119 121 124 125 126 127 129 130 133 136 142 144 149 158 166 169 170 171 173 176 177 178 179
a 6 10 11 12 14 15 16 18 19 20 40 42 59 61 62 63 67 68 69 71 77 78 80 81 82 84 85 89 91 95 96 97 102 106 109 110 112 113 119 121 124 125 126 127 129 130 133 136 142 144 149 158 166 169 170 171 173 176 177 179
a 6 7 10 11 12 14 15 16 18 19 20 40 42 59 61 62 63 67 68 69 71 77 78 80 81 82 84 85 89 91 95 96 97 102 106 109 110 112 113 119 121 124 125 126 127 129 130 133 136 144 149 158 166 169 170 171 173 176 177 179
a 6 7 10 11 12 14 15 16 18 19 20 40 42 59 61 62 63 67 68 69 71 77 78 80 81 82 84 85 89 91 95 97 102 106 109 110 112 113 119 121 124 125 126 127 129 130 133 136 144 149 158 166 169 170 171 173 175 176 177 179
a 6 7 10 11 12 14 15 16 18 19 20 40 42 59 61 62 63 67 68 69 71 77 78 80 81 82 85 89 91 95 97 102 106 108 109 110 112 113 119 121 124 125 126 127 129 130 133 136 144 149 158 166 169 170 171 173 175 176 177 179
a 6 7 10 11 12 14 15 16 18 19 20 40 42 59 61 62 63 67 68 69 71 77 78 81 82 85 89 91 95 97 102 106 108 109 110 112 113 119 121 124 125 126 127 129 130 133 136 144 149 156 158 166 169 170 171 173 175 176 177 179
a 6 7 10 11 12 14 15 16 18 19 20 40 42 59 61 62 63 67 68 71 77 78 81 82 85 89 91 95 97 102 106 108 109 110 112 113 119 121 124 125 126 127 129 130 133 136 144 147 149 156 158 166 169 170 171 173 175 176 177 179
a 6 7 10 11 12 14 15 16 18 19 20 40 42 53 59 61 62 63 67 68 71 77 78 81 82 85 89 91 95 97 102 106 108 109 110 112 113 119 121 124 125 126 127 129 130 136 144 147 149 156 158 166 169 170 171 173 175 176 177 179
a 6 7 10 11 12 14 15 16 18 19 20 40 42 53 59 61 62 63 67 68 71 77 78 81 82 85 89 91 95 97 102 106 108 109 110 112 113 119 121 124 125 126 127 129 130 136 140 144 147 149 156 158 166 169 170 171 175 176 177 179
a 6 7 10 11 12 14 15 16 17 18 19 20 40 42 53 59 61 62 63 67 68 71 77 78 81 82 85 89 91 95 97 102 106 108 109 110 112 113 119 121 124 125 126 127 129 130 140 144 147 149 156 158 166 169 170 171 175 176 177 179
a 6 7 10 11 12 14 15 16 17 18 19 20 40 42 53 59 61 62 63 67 71 77 78 81 82 85 89 91 95 97 102 106 108 109 110 112 113 119 121 124 125 126 127 129 130 140 144 147 149 151 156 158 166 169 170 171 175 176 177 179
	Command being timed: "/Users/soh/app/scala-2.12.4/bin/scala -J-Xms32g -J-Xmx32g -cp /Users/soh/app/IsrForCompetition230719-15h37m/scop.jar:/Users/soh/app/IsrForCompetition230719-15h37m/isr4competition_2.12-1.3.5.jar fun.scop.app.isr.IsrSolverTj05 benchmark/ISR-benchmark/random_instance/random_instance014_graph003.col benchmark/ISR-benchmark/random_instance/random_instance014_graph003.dat cadical /Users/soh/app/IsrForCompetition230719-15h37m/cadical"
	User time (seconds): 3.14
	System time (seconds): 0.43
	Percent of CPU this job got: 143%
	Elapsed (wall clock) time (h:mm:ss or m:ss): 0:02.49
	Average shared text size (kbytes): 0
	Average unshared data size (kbytes): 0
	Average stack size (kbytes): 0
	Average total size (kbytes): 0
	Maximum resident set size (kbytes): 6979895296
	Average resident set size (kbytes): 0
	Major (requiring I/O) page faults: 0
	Minor (reclaiming a frame) page faults: 435046
	Voluntary context switches: 36
	Involuntary context switches: 3516
	Swaps: 0
	File system inputs: 0
	File system outputs: 0
	Socket messages sent: 39
	Socket messages received: 0
	Signals delivered: 6
	Page size (bytes): 4096
	Exit status: 0
FINISHED CPU 3.57 MEM 0 MAXMEM 0 STALE 1
#RESULT: UNK
#FIN: FIN
#CPU: 3.57
#MAXMEM: 0
c 
#END: [Wed Jul 19 16:21:14 2023]
