#BEGIN: [Tue Aug  8 19:03:13 2023]
#HOST: mini23.local
#TIMELIMIT: 1800
#MEMLIMIT: 0
#FREQ: 10
#SOLVER: recon
#ARG1: benchmark/ISR-benchmark/random_instance/random_instance009_graph005.col
#ARG2: benchmark/ISR-benchmark/random_instance/random_instance009_graph005.dat
#COMMAND: /Users/soh/app/recon/src/recon benchmark/ISR-benchmark/random_instance/random_instance009_graph005.col benchmark/ISR-benchmark/random_instance/random_instance009_graph005.dat
c Copyright Volker Turau & Christoph Weyer, 2022
c Institute of Telematics
c Hamburg University of Technology, Hamburg, Germany
c Contact: turau@tuhh.de
c Graph file: benchmark/ISR-benchmark/random_instance/random_instance009_graph005.col
c Target file: benchmark/ISR-benchmark/random_instance/random_instance009_graph005.dat
c Size of independent set: 38
c Number of nodes of graph: 117
c Number of edges of graph: 351
c Average degree of graph: 6.00
s 2 3 8 14 15 16 19 20 24 32 34 39 50 55 60 63 68 69 70 72 75 76 77 80 83 85 92 94 95 99 102 104 106 108 112 114 116 117 
t 8 10 14 16 19 22 23 28 29 38 39 40 42 46 48 52 55 57 63 65 66 69 71 73 75 76 77 79 82 85 91 92 95 104 105 111 112 117 
c BFS found 16 new nodes in level 1 (total 17/244032232)
c BFS found 291 new nodes in level 2 (total 308/244032232)
c BFS found 3764 new nodes in level 3 (total 4072/244032232)
c BFS found 33964 new nodes in level 4 (total 38036/244032232)
c BFS found 244092 new nodes in level 5 (total 282094/244032232)
c BFS found 1476221 new nodes in level 6 (total 1757338/244032232)
c BFS found 7750358 new nodes in level 7 (total 9495060/244032232)
c BFS found 35834068 new nodes in level 8 (total 45216759/244032232)
TIMEOUT CPU 1800 MEM 0 MAXMEM 0
#RESULT: UNK
#FIN: TO
#CPU: 1800
#MAXMEM: 0
c 12442 killed(2). 12441 killed(2). 12442 killed(9). 12441 killed(9). 
#END: [Tue Aug  8 19:33:13 2023]
