#BEGIN: [Wed Jul 19 16:21:43 2023]
#HOST: mini30.local
#TIMELIMIT: 7200
#MEMLIMIT: 0
#FREQ: 10
#SOLVER: sat-based-isr-tj05-230719-15h37m
#ARG1: benchmark/ISR-benchmark/random_instance/random_instance019_graph002.col
#ARG2: benchmark/ISR-benchmark/random_instance/random_instance019_graph002.dat
#COMMAND: /Users/soh/app/scala-2.12.4/bin/scala -J-Xms32g -J-Xmx32g -cp /Users/soh/app/IsrForCompetition230719-15h37m/scop.jar:/Users/soh/app/IsrForCompetition230719-15h37m/isr4competition_2.12-1.3.5.jar fun.scop.app.isr.IsrSolverTj05 benchmark/ISR-benchmark/random_instance/random_instance019_graph002.col benchmark/ISR-benchmark/random_instance/random_instance019_graph002.dat cadical /Users/soh/app/IsrForCompetition230719-15h37m/cadical
#Nodes: 247
#Edges: 741
c (0) step 1 UNSAT 1564 5179
c (0) step 2 UNSAT 3044 9779
c (0) step 3 UNSAT 4770 14950
c (0) step 4 UNSAT 6824 20855
c (0) step 5 UNSAT 9288 27657
c (0) step 6 UNSAT 12244 35519
c (0) step 7 UNSAT 15774 44604
c (0) step 8 UNSAT 19960 55075
c (0) step 9 UNSAT 24884 67095
c (0) step 10 UNSAT 30628 80827
c (0) step 11 UNSAT 37274 96434
c (0) step 12 UNSAT 44904 114079
c (0) step 13 UNSAT 53600 133925
c (0) step 14 UNSAT 63444 156135
c (0) step 15 UNSAT 74518 180872
c (0) step 16 UNSAT 86904 208299
c (0) step 17 UNSAT 100684 238579
c (0) step 18 UNSAT 115940 271875
c (0) step 19 UNSAT 132754 308350
c (0) step 20 UNSAT 151208 348167
c (0) step 21 UNSAT 171384 391489
c (0) step 22 UNSAT 193364 438479
c (0) step 23 UNSAT 217230 489300
c (0) step 24 UNSAT 243064 544115
c (0) step 25 UNSAT 270948 603087
c (0) step 26 UNSAT 300964 666379
c (1) step 27 UNSAT 333194 734154
c (1) step 28 UNSAT 367720 806575
c (1) step 29 UNSAT 404624 883805
c (1) step 30 UNSAT 443988 966007
c (1) step 31 UNSAT 485894 1053344
c (1) step 32 UNSAT 530424 1145979
c (1) step 33 UNSAT 577660 1244075
c (1) step 34 UNSAT 627684 1347795
c (2) step 35 UNSAT 680578 1457302
c (2) step 36 UNSAT 736424 1572759
c (3) step 37 SAT 795304 1694329
a YES
a 3 7 8 15 16 17 18 19 21 22 23 24 29 30 36 40 43 49 53 56 57 62 66 71 73 75 81 83 84 87 89 91 94 96 99 103 106 107 108 110 113 114 117 118 120 125 130 135 136 138 142 144 146 148 153 154 158 161 170 171 175 183 186 192 193 198 199 200 207 210 212 213 216 218 221 224 225 235 238 241 243 245 247
a 3 7 8 15 16 17 18 19 21 22 23 24 29 30 36 40 43 49 53 56 57 62 66 71 73 75 81 83 84 87 89 91 94 96 99 103 106 107 108 113 114 117 118 120 125 130 135 136 138 142 144 146 148 153 154 158 161 170 171 175 183 186 192 193 198 199 200 207 210 212 213 216 218 221 224 225 235 237 238 241 243 245 247
a 3 7 8 15 16 17 18 19 21 22 23 24 29 30 36 40 43 46 49 53 56 57 62 66 71 73 75 81 83 84 89 91 94 96 99 103 106 107 108 113 114 117 118 120 125 130 135 136 138 142 144 146 148 153 154 158 161 170 171 175 183 186 192 193 198 199 200 207 210 212 213 216 218 221 224 225 235 237 238 241 243 245 247
a 3 7 8 15 16 17 18 19 21 22 23 24 29 30 36 40 46 48 49 53 56 57 62 66 71 73 75 81 83 84 89 91 94 96 99 103 106 107 108 113 114 117 118 120 125 130 135 136 138 142 144 146 148 153 154 158 161 170 171 175 183 186 192 193 198 199 200 207 210 212 213 216 218 221 224 225 235 237 238 241 243 245 247
a 3 7 8 15 16 17 18 19 21 22 23 24 29 30 40 46 48 49 53 56 57 62 66 71 73 75 80 81 83 84 89 91 94 96 99 103 106 107 108 113 114 117 118 120 125 130 135 136 138 142 144 146 148 153 154 158 161 170 171 175 183 186 192 193 198 199 200 207 210 212 213 216 218 221 224 225 235 237 238 241 243 245 247
a 3 7 8 15 16 17 18 19 22 23 24 29 30 40 46 48 49 53 56 57 62 66 71 73 75 80 81 83 84 89 91 94 96 99 103 106 107 108 113 114 117 118 120 125 130 135 136 138 142 144 146 148 153 154 158 161 170 171 175 183 186 192 193 198 199 200 207 210 212 213 216 218 220 221 224 225 235 237 238 241 243 245 247
a 3 7 8 15 16 17 18 19 23 24 29 30 40 46 48 49 53 56 57 62 66 71 73 75 80 81 83 84 89 91 94 96 99 103 106 107 108 113 114 117 118 120 125 130 135 136 138 142 144 146 148 153 154 158 161 170 171 175 183 186 192 193 195 198 199 200 207 210 212 213 216 218 220 221 224 225 235 237 238 241 243 245 247
a 3 7 8 15 16 17 18 19 23 24 29 30 40 46 48 49 53 56 57 62 66 71 73 75 80 81 83 84 89 91 94 96 99 103 107 108 113 114 117 118 120 125 130 135 136 138 142 144 146 148 153 154 158 160 161 170 171 175 183 186 192 193 195 198 199 200 207 210 212 213 216 218 220 221 224 225 235 237 238 241 243 245 247
a 3 7 8 15 16 17 19 23 24 29 30 40 46 48 49 53 56 57 62 66 71 73 75 80 81 83 84 89 91 94 96 99 103 107 108 113 114 117 118 120 125 130 135 136 138 142 144 146 148 149 153 154 158 160 161 170 171 175 183 186 192 193 195 198 199 200 207 210 212 213 216 218 220 221 224 225 235 237 238 241 243 245 247
a 7 8 15 16 17 19 23 24 29 30 40 46 48 49 53 56 57 62 66 71 73 75 80 81 83 84 89 91 94 96 99 103 107 108 113 114 117 118 120 125 130 135 136 138 142 144 146 148 149 153 154 158 160 161 170 171 175 178 183 186 192 193 195 198 199 200 207 210 212 213 216 218 220 221 224 225 235 237 238 241 243 245 247
a 7 8 15 16 17 19 23 24 29 30 40 46 48 49 53 56 57 62 66 71 73 75 80 83 84 89 91 94 96 99 103 107 108 113 114 117 118 120 125 130 135 136 138 142 144 146 148 149 153 154 158 160 161 170 171 175 178 180 183 186 192 193 195 198 199 200 207 210 212 213 216 218 220 221 224 225 235 237 238 241 243 245 247
a 7 8 15 16 17 19 23 24 29 30 40 46 48 49 53 56 57 62 66 71 75 80 83 84 89 91 94 96 99 103 107 108 113 114 117 118 120 125 130 135 136 138 142 144 146 148 149 153 154 158 160 161 170 171 175 178 180 183 186 192 193 195 198 199 200 207 210 212 213 216 218 220 221 224 225 235 237 238 239 241 243 245 247
a 7 8 15 16 19 23 24 29 30 40 46 48 49 53 56 57 62 66 71 75 80 83 84 89 91 94 96 99 103 107 108 113 114 117 118 120 125 130 135 136 138 142 144 146 148 149 153 154 157 158 160 161 170 171 175 178 180 183 186 192 193 195 198 199 200 207 210 212 213 216 218 220 221 224 225 235 237 238 239 241 243 245 247
a 7 15 16 19 23 24 29 30 40 46 48 49 53 56 57 62 66 71 75 80 83 84 89 91 94 96 99 103 107 108 113 114 117 118 120 125 130 135 136 138 142 144 146 148 149 153 154 157 158 160 161 170 171 175 178 180 183 186 192 193 195 198 199 200 207 210 212 213 216 218 220 221 223 224 225 235 237 238 239 241 243 245 247
a 7 15 16 19 23 24 29 30 40 46 48 49 53 56 57 62 66 71 75 80 83 84 89 91 94 96 103 107 108 113 114 117 118 120 125 130 132 135 136 138 142 144 146 148 149 153 154 157 158 160 161 170 171 175 178 180 183 186 192 193 195 198 199 200 207 210 212 213 216 218 220 221 223 224 225 235 237 238 239 241 243 245 247
a 7 15 16 19 23 24 29 30 40 46 48 49 53 56 57 62 66 71 75 80 83 84 89 91 94 96 107 108 113 114 117 118 120 125 130 132 135 136 138 142 144 146 148 149 153 154 157 158 160 161 170 171 175 178 179 180 183 186 192 193 195 198 199 200 207 210 212 213 216 218 220 221 223 224 225 235 237 238 239 241 243 245 247
a 7 15 16 19 23 24 29 30 40 46 48 49 53 56 57 62 66 71 75 80 83 84 89 91 94 96 108 113 114 117 118 120 125 130 132 135 136 138 142 144 146 148 149 153 154 157 158 160 161 170 171 175 178 179 180 183 186 192 193 195 198 199 200 202 207 210 212 213 216 218 220 221 223 224 225 235 237 238 239 241 243 245 247
a 7 15 16 19 23 24 29 30 40 46 48 49 53 56 57 62 66 71 75 80 83 84 89 91 94 96 108 113 114 117 118 120 125 130 132 135 136 138 142 144 146 148 149 153 154 157 158 160 161 166 170 171 175 178 179 180 183 186 192 193 195 198 199 200 202 207 210 212 213 216 218 220 221 223 224 225 235 237 238 239 241 243 247
a 7 15 16 19 23 24 29 30 40 46 48 49 53 56 57 62 66 71 75 80 83 84 89 91 94 96 108 113 114 117 118 120 125 130 132 135 136 138 142 144 146 148 149 153 154 157 158 160 161 166 170 171 175 178 179 180 183 186 192 193 195 198 199 200 201 202 207 210 212 213 216 218 220 221 223 224 225 235 237 239 241 243 247
a 7 15 16 19 23 24 29 30 46 48 49 53 56 57 62 66 71 75 80 82 83 84 89 91 94 96 108 113 114 117 118 120 125 130 132 135 136 138 142 144 146 148 149 153 154 157 158 160 161 166 170 171 175 178 179 180 183 186 192 193 195 198 199 200 201 202 207 210 212 213 216 218 220 221 223 224 225 235 237 239 241 243 247
a 7 15 16 19 23 24 29 30 46 48 49 53 56 57 62 66 71 75 80 82 83 84 89 90 91 94 96 108 113 114 117 118 120 125 130 132 135 136 138 142 144 146 148 149 153 154 157 158 160 161 166 170 171 175 178 179 180 183 186 192 193 195 198 199 200 201 202 207 210 212 213 216 218 220 223 224 225 235 237 239 241 243 247
a 7 15 16 19 23 24 29 30 46 48 49 53 56 57 62 66 71 75 80 82 83 84 89 90 91 94 96 108 113 114 117 118 120 125 130 132 135 136 138 142 144 146 148 149 153 154 157 158 160 161 164 166 170 171 175 178 179 180 183 186 192 193 195 198 199 200 201 202 207 210 212 213 216 218 220 223 224 235 237 239 241 243 247
a 7 15 16 19 23 24 29 30 46 48 49 53 56 57 62 66 71 75 80 82 83 84 89 90 91 94 96 105 108 113 114 117 118 120 125 130 132 135 136 138 142 144 146 148 149 153 154 157 158 160 161 164 166 170 171 175 178 179 180 183 186 192 193 195 198 199 200 201 202 207 210 212 213 216 218 220 223 224 237 239 241 243 247
a 7 15 16 19 23 24 29 30 46 48 49 53 56 57 62 66 71 75 80 82 83 84 89 90 91 94 96 105 108 113 114 117 118 120 125 130 132 135 136 138 142 144 146 148 149 153 154 157 158 160 161 164 166 170 171 175 178 179 180 183 186 192 193 195 198 199 200 201 202 210 212 213 216 218 220 223 224 237 239 241 243 244 247
a 7 15 16 19 23 24 29 30 46 48 49 53 56 57 62 66 71 75 80 82 83 84 89 90 91 94 96 105 108 113 114 117 118 120 125 130 132 135 136 138 142 144 146 148 149 153 154 157 158 160 161 164 166 170 171 175 178 179 180 183 186 193 195 198 199 200 201 202 205 210 212 213 216 218 220 223 224 237 239 241 243 244 247
a 7 15 16 19 23 24 29 30 46 48 49 53 56 57 62 66 71 75 80 82 83 84 89 90 91 94 96 105 113 114 117 118 120 125 130 132 135 136 138 142 144 146 148 149 153 154 157 158 160 161 164 166 170 171 175 178 179 180 183 186 188 193 195 198 199 200 201 202 205 210 212 213 216 218 220 223 224 237 239 241 243 244 247
a 7 15 16 19 23 24 29 30 46 48 49 53 56 57 62 66 71 75 80 82 83 84 89 90 91 94 96 105 113 114 117 118 120 125 130 132 135 136 138 142 144 146 148 149 150 153 154 157 158 160 161 164 166 170 171 175 178 179 180 183 186 188 195 198 199 200 201 202 205 210 212 213 216 218 220 223 224 237 239 241 243 244 247
a 7 15 16 19 23 24 29 30 46 48 49 53 56 57 62 66 71 75 80 82 83 84 89 90 91 94 96 105 113 114 117 118 120 122 125 130 132 135 136 138 142 144 146 148 149 150 153 154 157 158 160 161 164 166 170 171 175 178 179 180 183 186 188 195 199 200 201 202 205 210 212 213 216 218 220 223 224 237 239 241 243 244 247
a 7 15 16 19 23 24 29 30 46 48 49 53 56 57 62 66 71 75 80 82 83 84 88 89 90 91 94 96 105 113 114 117 118 120 122 125 130 132 135 136 138 142 144 146 148 149 150 153 154 157 158 160 161 164 166 170 171 175 178 179 180 186 188 195 199 200 201 202 205 210 212 213 216 218 220 223 224 237 239 241 243 244 247
a 4 7 15 16 19 23 24 29 30 46 48 49 53 56 57 62 66 71 75 80 82 83 84 88 89 90 91 94 96 105 113 114 117 118 120 122 125 130 132 135 136 138 142 144 146 148 149 150 153 154 157 160 161 164 166 170 171 175 178 179 180 186 188 195 199 200 201 202 205 210 212 213 216 218 220 223 224 237 239 241 243 244 247
a 4 7 15 16 19 23 24 29 30 46 48 49 53 56 57 62 66 71 75 80 82 83 84 88 89 90 91 94 96 101 105 113 117 118 120 122 125 130 132 135 136 138 142 144 146 148 149 150 153 154 157 160 161 164 166 170 171 175 178 179 180 186 188 195 199 200 201 202 205 210 212 213 216 218 220 223 224 237 239 241 243 244 247
a 4 7 15 16 19 23 24 29 30 46 48 49 53 56 57 62 66 71 75 80 82 83 84 88 89 90 91 94 96 101 105 113 117 118 120 122 125 130 132 135 136 138 142 144 146 149 150 153 154 157 160 161 164 166 170 171 175 178 179 180 184 186 188 195 199 200 201 202 205 210 212 213 216 218 220 223 224 237 239 241 243 244 247
a 4 7 15 16 19 23 24 29 30 46 48 49 53 56 57 62 66 71 75 80 82 83 84 88 89 90 91 94 96 101 105 113 117 118 120 122 125 130 132 135 136 138 142 144 146 149 150 153 154 157 160 161 162 164 166 170 171 175 178 179 180 184 186 188 195 199 200 201 202 205 210 212 213 216 218 220 223 224 237 239 243 244 247
a 4 7 15 16 19 23 24 29 30 46 48 49 53 56 57 62 66 71 75 80 82 83 84 88 89 90 91 94 96 101 105 113 117 118 120 122 125 130 132 135 136 138 142 146 149 150 153 154 157 160 161 162 164 166 170 171 175 178 179 180 184 186 188 195 199 200 201 202 205 210 212 213 216 218 220 223 224 237 239 243 244 246 247
a 4 7 15 16 19 23 24 29 30 46 48 49 53 56 57 62 66 71 75 80 82 83 84 88 89 90 91 94 96 101 105 113 117 118 120 122 125 130 132 135 136 138 142 146 149 150 153 154 157 160 161 162 164 166 170 171 173 178 179 180 184 186 188 195 199 200 201 202 205 210 212 213 216 218 220 223 224 237 239 243 244 246 247
a 4 7 15 16 19 23 24 29 30 46 48 49 53 56 57 62 66 71 75 80 82 83 84 88 89 90 91 94 96 101 105 113 117 118 120 122 125 130 132 135 138 142 146 149 150 153 154 157 160 161 162 164 166 170 171 173 178 179 180 184 186 188 195 199 200 201 202 205 210 212 213 216 218 220 223 224 227 237 239 243 244 246 247
a 4 7 15 16 19 23 24 29 30 46 48 49 53 56 57 62 66 71 75 80 82 83 84 88 89 90 91 94 96 101 105 113 117 118 120 122 125 130 132 135 138 140 142 146 149 150 153 154 157 160 161 162 164 166 171 173 178 179 180 184 186 188 195 199 200 201 202 205 210 212 213 216 218 220 223 224 227 237 239 243 244 246 247
a 4 7 15 16 19 20 23 24 29 30 46 48 49 53 56 57 62 66 71 75 80 82 83 84 88 89 90 91 94 96 101 105 117 118 120 122 125 130 132 135 138 140 142 146 149 150 153 154 157 160 161 162 164 166 171 173 178 179 180 184 186 188 195 199 200 201 202 205 210 212 213 216 218 220 223 224 227 237 239 243 244 246 247
	Command being timed: "/Users/soh/app/scala-2.12.4/bin/scala -J-Xms32g -J-Xmx32g -cp /Users/soh/app/IsrForCompetition230719-15h37m/scop.jar:/Users/soh/app/IsrForCompetition230719-15h37m/isr4competition_2.12-1.3.5.jar fun.scop.app.isr.IsrSolverTj05 benchmark/ISR-benchmark/random_instance/random_instance019_graph002.col benchmark/ISR-benchmark/random_instance/random_instance019_graph002.dat cadical /Users/soh/app/IsrForCompetition230719-15h37m/cadical"
	User time (seconds): 4.23
	System time (seconds): 0.73
	Percent of CPU this job got: 128%
	Elapsed (wall clock) time (h:mm:ss or m:ss): 0:03.86
	Average shared text size (kbytes): 0
	Average unshared data size (kbytes): 0
	Average stack size (kbytes): 0
	Average total size (kbytes): 0
	Maximum resident set size (kbytes): 12648218624
	Average resident set size (kbytes): 0
	Major (requiring I/O) page faults: 0
	Minor (reclaiming a frame) page faults: 786257
	Voluntary context switches: 34
	Involuntary context switches: 3579
	Swaps: 0
	File system inputs: 0
	File system outputs: 0
	Socket messages sent: 40
	Socket messages received: 0
	Signals delivered: 5
	Page size (bytes): 4096
	Exit status: 0
FINISHED CPU 4.96 MEM 0 MAXMEM 0 STALE 1
#RESULT: UNK
#FIN: FIN
#CPU: 4.96
#MAXMEM: 0
c 
#END: [Wed Jul 19 16:21:47 2023]
