#BEGIN: [Tue Aug  1 17:22:42 2023]
#HOST: mini25.local
#TIMELIMIT: 7200
#MEMLIMIT: 0
#FREQ: 10
#SOLVER: ddreconf230801-10h10m
#ARG1: benchmark/ISR-benchmark/random_instance/random_instance012_graph001.col
#ARG2: benchmark/ISR-benchmark/random_instance/random_instance012_graph001.dat
#COMMAND: /Users/soh/app/ddreconf230801-10h10m/ddreconf benchmark/ISR-benchmark/random_instance/random_instance012_graph001.col --indset --stwidth --stfile=benchmark/ISR-benchmark/random_instance/random_instance012_graph001.dat
Input graph file parsed. # of vertices = 156, # of edges = 468
s 4 7 12 16 19 20 21 24 30 32 36 37 65 42 43 50 51 52 53 57 64 61 62 72 76 79 80 83 112 87 121 108 100 101 102 103 104 142 109 114 117 118 138 125 126 129 154 151 145 152 150 149 148 155
t 4 7 8 12 15 17 18 20 25 29 56 33 36 38 39 44 48 55 57 64 60 61 62 63 67 72 153 75 76 77 78 82 84 112 90 93 100 139 131 142 107 109 113 136 117 119 125 129 154 133 145 144 149 148
Solution space ZDD construction start
Command terminated by signal 9
	Command being timed: "/Users/soh/app/ddreconf230801-10h10m/ddreconf benchmark/ISR-benchmark/random_instance/random_instance012_graph001.col --indset --stwidth --stfile=benchmark/ISR-benchmark/random_instance/random_instance012_graph001.dat"
	User time (seconds): 1749.42
	System time (seconds): 1638.28
	Percent of CPU this job got: 65%
	Elapsed (wall clock) time (h:mm:ss or m:ss): 1:26:10
	Average shared text size (kbytes): 0
	Average unshared data size (kbytes): 0
	Average stack size (kbytes): 0
	Average total size (kbytes): 0
	Maximum resident set size (kbytes): 254981128192
	Average resident set size (kbytes): 0
	Major (requiring I/O) page faults: 0
	Minor (reclaiming a frame) page faults: 251622081
	Voluntary context switches: 3084251
	Involuntary context switches: 2702198
	Swaps: 0
	File system inputs: 0
	File system outputs: 0
	Socket messages sent: 34
	Socket messages received: 0
	Signals delivered: 0
	Page size (bytes): 4096
	Exit status: 0
FINISHED CPU 3387.7 MEM 0 MAXMEM 0 STALE 1
#RESULT: UNK
#FIN: FIN
#CPU: 3387.7
#MAXMEM: 0
c 
#END: [Tue Aug  1 18:48:52 2023]
