#BEGIN: [Wed Jul 19 16:20:57 2023]
#HOST: mini28.local
#TIMELIMIT: 7200
#MEMLIMIT: 0
#FREQ: 10
#SOLVER: sat-based-isr-tj05-230719-15h37m
#ARG1: benchmark/ISR-benchmark/random_instance/random_instance009_graph002.col
#ARG2: benchmark/ISR-benchmark/random_instance/random_instance009_graph002.dat
#COMMAND: /Users/soh/app/scala-2.12.4/bin/scala -J-Xms32g -J-Xmx32g -cp /Users/soh/app/IsrForCompetition230719-15h37m/scop.jar:/Users/soh/app/IsrForCompetition230719-15h37m/isr4competition_2.12-1.3.5.jar fun.scop.app.isr.IsrSolverTj05 benchmark/ISR-benchmark/random_instance/random_instance009_graph002.col benchmark/ISR-benchmark/random_instance/random_instance009_graph002.dat cadical /Users/soh/app/IsrForCompetition230719-15h37m/cadical
#Nodes: 117
#Edges: 351
c (0) step 1 UNSAT 739 2444
c (0) step 2 UNSAT 1434 4604
c (0) step 3 UNSAT 2240 7020
c (0) step 4 UNSAT 3194 9765
c (0) step 5 UNSAT 4333 12912
c (0) step 6 UNSAT 5694 16534
c (0) step 7 UNSAT 7314 20704
c (0) step 8 UNSAT 9230 25495
c (0) step 9 UNSAT 11479 30980
c (0) step 10 UNSAT 14098 37232
c (0) step 11 UNSAT 17124 44324
c (0) step 12 UNSAT 20594 52329
c (0) step 13 UNSAT 24545 61320
c (0) step 14 UNSAT 29014 71370
c (0) step 15 UNSAT 34038 82552
c (0) step 16 UNSAT 39654 94939
c (0) step 17 UNSAT 45899 108604
c (0) step 18 UNSAT 52810 123620
c (0) step 19 UNSAT 60424 140060
c (0) step 20 UNSAT 68778 157997
c (0) step 21 UNSAT 77909 177504
c (0) step 22 UNSAT 87854 198654
c (0) step 23 UNSAT 98650 221520
c (0) step 24 UNSAT 110334 246175
c (0) step 25 UNSAT 122943 272692
c (0) step 26 UNSAT 136514 301144
c (1) step 27 SAT 151084 331604
a YES
a 10 11 12 20 21 26 28 29 35 36 39 43 47 48 51 55 58 63 65 69 70 73 75 79 85 86 91 92 93 99 102 106 109 112 113 114 116 117
a 10 11 12 20 21 23 26 28 29 35 36 39 43 47 48 51 55 58 63 65 69 70 73 75 79 85 86 91 92 93 99 106 109 112 113 114 116 117
a 10 11 12 20 21 23 26 28 29 35 36 39 43 47 48 51 55 57 58 63 65 69 70 73 75 79 85 86 91 92 93 99 106 109 112 113 114 117
a 10 11 12 20 21 23 26 28 29 36 39 43 47 48 51 55 57 58 63 65 69 70 73 75 79 85 86 91 92 93 99 106 109 112 113 114 115 117
a 10 11 12 20 21 23 26 28 29 36 39 43 47 48 51 55 57 58 63 65 69 70 73 75 79 83 85 86 91 92 93 106 109 112 113 114 115 117
a 10 11 12 20 21 23 26 29 36 39 43 47 48 51 55 57 58 63 65 69 70 73 75 79 83 85 86 91 92 93 101 106 109 112 113 114 115 117
a 11 12 20 21 23 26 29 36 39 43 47 48 51 55 57 58 63 65 69 70 73 75 79 83 85 86 91 92 93 101 106 109 110 112 113 114 115 117
a 11 12 20 21 23 26 29 36 39 43 47 51 55 57 58 63 65 69 70 73 75 79 83 85 86 87 91 92 93 101 106 109 110 112 113 114 115 117
a 4 12 20 21 23 26 29 36 39 43 47 51 55 57 58 63 65 69 70 73 75 79 83 85 86 87 91 92 93 101 106 109 110 112 113 114 115 117
a 4 12 14 20 21 23 26 29 36 39 43 47 55 57 58 63 65 69 70 73 75 79 83 85 86 87 91 92 93 101 106 109 110 112 113 114 115 117
a 4 12 14 20 21 23 26 29 36 39 43 47 55 57 58 63 65 70 73 75 79 83 85 86 87 88 91 92 93 101 106 109 110 112 113 114 115 117
a 4 12 14 20 21 23 26 29 36 39 42 43 47 55 57 58 63 65 70 73 75 79 83 85 86 87 88 91 92 93 101 106 109 110 113 114 115 117
a 4 12 14 20 21 23 26 29 36 39 42 43 47 55 57 58 63 65 73 75 79 83 85 86 87 88 91 92 93 100 101 106 109 110 113 114 115 117
a 4 12 14 20 21 23 26 27 29 36 39 42 43 47 55 57 58 63 65 73 75 79 83 85 86 87 88 91 92 93 100 101 106 109 110 114 115 117
a 4 12 14 20 21 23 26 27 29 36 39 42 43 47 55 57 58 63 65 75 79 83 85 86 87 88 91 92 93 100 101 106 108 109 110 114 115 117
a 4 12 14 20 21 23 24 26 27 29 36 39 42 43 47 55 57 58 63 65 75 79 83 85 87 88 91 92 93 100 101 106 108 109 110 114 115 117
a 4 12 14 20 21 23 24 26 27 29 30 36 39 42 43 47 55 57 58 65 75 79 83 85 87 88 91 92 93 100 101 106 108 109 110 114 115 117
a 4 12 14 20 21 23 24 26 27 29 30 36 39 42 43 47 55 57 58 65 75 79 83 85 87 88 91 93 98 100 101 106 108 109 110 114 115 117
a 4 12 14 20 21 23 24 26 27 29 30 36 39 42 43 47 55 57 65 75 76 79 83 85 87 88 91 93 98 100 101 106 108 109 110 114 115 117
a 4 14 20 21 23 24 26 27 29 30 36 39 42 43 45 47 55 57 65 75 76 79 83 85 87 88 91 93 98 100 101 106 108 109 110 114 115 117
a 4 14 20 21 23 24 26 27 29 30 36 39 42 43 45 47 55 57 75 76 78 79 83 85 87 88 91 93 98 100 101 106 108 109 110 114 115 117
a 4 14 20 21 23 24 26 27 29 30 36 39 42 43 45 47 55 57 75 76 78 83 85 87 88 91 93 98 100 101 106 107 108 109 110 114 115 117
a 4 14 20 21 23 24 26 27 29 30 36 39 42 43 45 47 55 57 76 78 83 85 87 88 89 91 93 98 100 101 106 107 108 109 110 114 115 117
a 4 14 20 21 23 24 26 27 30 36 39 42 43 45 47 49 55 57 76 78 83 85 87 88 89 91 93 98 100 101 106 107 108 109 110 114 115 117
a 4 14 20 21 23 24 26 27 30 36 39 42 43 45 47 49 57 76 78 83 84 85 87 88 89 91 93 98 100 101 106 107 108 109 110 114 115 117
a 4 14 20 21 23 24 26 27 30 36 39 42 43 45 47 49 57 60 76 78 83 84 85 87 88 89 91 93 98 100 101 106 107 108 109 110 114 115
a 4 14 20 21 23 24 26 27 30 36 41 42 43 45 47 49 57 60 76 78 83 84 85 87 88 89 91 93 98 100 101 106 107 108 109 110 114 115
a 4 14 20 21 23 24 26 27 30 36 41 42 43 45 47 49 52 57 60 76 78 83 84 85 87 88 89 91 93 98 100 101 106 107 108 109 110 115
	Command being timed: "/Users/soh/app/scala-2.12.4/bin/scala -J-Xms32g -J-Xmx32g -cp /Users/soh/app/IsrForCompetition230719-15h37m/scop.jar:/Users/soh/app/IsrForCompetition230719-15h37m/isr4competition_2.12-1.3.5.jar fun.scop.app.isr.IsrSolverTj05 benchmark/ISR-benchmark/random_instance/random_instance009_graph002.col benchmark/ISR-benchmark/random_instance/random_instance009_graph002.dat cadical /Users/soh/app/IsrForCompetition230719-15h37m/cadical"
	User time (seconds): 2.87
	System time (seconds): 0.22
	Percent of CPU this job got: 144%
	Elapsed (wall clock) time (h:mm:ss or m:ss): 0:02.14
	Average shared text size (kbytes): 0
	Average unshared data size (kbytes): 0
	Average stack size (kbytes): 0
	Average total size (kbytes): 0
	Maximum resident set size (kbytes): 3096084480
	Average resident set size (kbytes): 0
	Major (requiring I/O) page faults: 0
	Minor (reclaiming a frame) page faults: 197786
	Voluntary context switches: 32
	Involuntary context switches: 3249
	Swaps: 0
	File system inputs: 0
	File system outputs: 0
	Socket messages sent: 35
	Socket messages received: 0
	Signals delivered: 5
	Page size (bytes): 4096
	Exit status: 0
FINISHED CPU 3.09 MEM 0 MAXMEM 0 STALE 1
#RESULT: UNK
#FIN: FIN
#CPU: 3.09
#MAXMEM: 0
c 
#END: [Wed Jul 19 16:20:59 2023]
