#BEGIN: [Tue Aug  8 21:04:13 2023]
#HOST: mini29.local
#TIMELIMIT: 1800
#MEMLIMIT: 0
#FREQ: 10
#SOLVER: recon
#ARG1: benchmark/ISR-benchmark/random_instance/random_instance016_graph004.col
#ARG2: benchmark/ISR-benchmark/random_instance/random_instance016_graph004.dat
#COMMAND: /Users/soh/app/recon/src/recon benchmark/ISR-benchmark/random_instance/random_instance016_graph004.col benchmark/ISR-benchmark/random_instance/random_instance016_graph004.dat
c Copyright Volker Turau & Christoph Weyer, 2022
c Institute of Telematics
c Hamburg University of Technology, Hamburg, Germany
c Contact: turau@tuhh.de
c Graph file: benchmark/ISR-benchmark/random_instance/random_instance016_graph004.col
c Target file: benchmark/ISR-benchmark/random_instance/random_instance016_graph004.dat
c Size of independent set: 66
c Number of nodes of graph: 208
c Number of edges of graph: 624
c Average degree of graph: 6.00
s 6 10 16 18 20 24 26 28 35 36 37 41 42 47 48 54 56 57 59 60 64 65 67 68 74 75 77 81 87 89 92 95 100 104 105 109 111 120 121 129 134 136 138 139 141 145 148 152 155 159 161 163 164 166 168 178 179 180 183 186 190 192 202 203 205 208 
t 4 6 8 15 16 17 18 22 26 31 32 34 36 37 39 40 46 49 54 57 59 62 66 67 69 74 79 87 88 89 91 93 94 95 104 109 116 118 120 121 123 124 125 129 132 139 141 147 154 157 159 163 164 175 176 178 180 183 185 186 190 195 196 197 203 208 
c BFS found 35 new nodes in level 1 (total 36/206488812)
c BFS found 1078 new nodes in level 2 (total 1114/206488812)
c BFS found 23547 new nodes in level 3 (total 24661/206488812)
c BFS found 406802 new nodes in level 4 (total 431463/206488812)
c BFS found 5780202 new nodes in level 5 (total 6211594/206488812)
c BFS found 69451531 new nodes in level 6 (total 75660593/206488812)
TIMEOUT CPU 1800 MEM 0 MAXMEM 0
#RESULT: UNK
#FIN: TO
#CPU: 1800
#MAXMEM: 0
c 23319 killed(2). 23320 killed(2). 23319 killed(9). 23320 killed(9). 
#END: [Tue Aug  8 21:34:14 2023]
