#BEGIN: [Tue Aug  8 19:00:13 2023]
#HOST: mini21.local
#TIMELIMIT: 1800
#MEMLIMIT: 0
#FREQ: 10
#SOLVER: recon
#ARG1: benchmark/ISR-benchmark/random_instance/random_instance009_graph002.col
#ARG2: benchmark/ISR-benchmark/random_instance/random_instance009_graph002.dat
#COMMAND: /Users/soh/app/recon/src/recon benchmark/ISR-benchmark/random_instance/random_instance009_graph002.col benchmark/ISR-benchmark/random_instance/random_instance009_graph002.dat
c Copyright Volker Turau & Christoph Weyer, 2022
c Institute of Telematics
c Hamburg University of Technology, Hamburg, Germany
c Contact: turau@tuhh.de
c Graph file: benchmark/ISR-benchmark/random_instance/random_instance009_graph002.col
c Target file: benchmark/ISR-benchmark/random_instance/random_instance009_graph002.dat
c Size of independent set: 38
c Number of nodes of graph: 117
c Number of edges of graph: 351
c Average degree of graph: 6.00
s 10 11 12 20 21 26 28 29 35 36 39 43 47 48 51 55 58 63 65 69 70 73 75 79 85 86 91 92 93 99 102 106 109 112 113 114 116 117 
t 4 14 20 21 23 24 26 27 30 36 41 42 43 45 47 49 52 57 60 76 78 83 84 85 87 88 89 91 93 98 100 101 106 107 108 109 110 115 
c BFS found 20 new nodes in level 1 (total 21/244032232)
c BFS found 315 new nodes in level 2 (total 336/244032232)
c BFS found 3700 new nodes in level 3 (total 4036/244032232)
c BFS found 36559 new nodes in level 4 (total 40595/244032232)
c BFS found 299066 new nodes in level 5 (total 339648/244032232)
c BFS found 2021364 new nodes in level 6 (total 2360560/244032232)
c BFS found 11409912 new nodes in level 7 (total 13761476/244032232)
TIMEOUT CPU 1800 MEM 0 MAXMEM 0
#RESULT: UNK
#FIN: TO
#CPU: 1800
#MAXMEM: 0
c 85623 killed(2). 85622 killed(2). 85623 killed(9). 85622 killed(9). 
#END: [Tue Aug  8 19:30:13 2023]
