#BEGIN: [Tue Aug  1 20:44:44 2023]
#HOST: mini27.local
#TIMELIMIT: 7200
#MEMLIMIT: 0
#FREQ: 10
#SOLVER: ddreconf230801-10h10m
#ARG1: benchmark/ISR-benchmark/random_instance/random_instance020_graph001.col
#ARG2: benchmark/ISR-benchmark/random_instance/random_instance020_graph001.dat
#COMMAND: /Users/soh/app/ddreconf230801-10h10m/ddreconf benchmark/ISR-benchmark/random_instance/random_instance020_graph001.col --indset --stwidth --stfile=benchmark/ISR-benchmark/random_instance/random_instance020_graph001.dat
Input graph file parsed. # of vertices = 260, # of edges = 780
s 3 5 10 11 12 15 17 20 21 22 25 28 32 33 41 42 46 163 48 50 54 55 58 59 61 63 65 66 184 74 75 76 78 83 92 93 97 96 99 100 104 112 107 114 118 120 123 126 130 133 138 244 142 143 146 150 152 154 159 162 168 172 180 181 215 189 191 196 198 199 254 239 210 241 235 243 227 255 232 238 260
t 1 15 19 20 21 22 28 35 37 39 40 115 163 49 56 58 59 64 65 70 72 184 75 80 81 82 140 85 87 92 97 95 96 102 144 106 107 108 110 114 117 119 123 124 133 220 244 143 223 146 154 158 205 160 161 162 165 169 171 175 177 179 215 186 187 193 191 226 202 206 212 241 214 217 237 245 225 232 242 240 260
Solution space ZDD construction start
Command terminated by signal 9
	Command being timed: "/Users/soh/app/ddreconf230801-10h10m/ddreconf benchmark/ISR-benchmark/random_instance/random_instance020_graph001.col --indset --stwidth --stfile=benchmark/ISR-benchmark/random_instance/random_instance020_graph001.dat"
	User time (seconds): 1320.99
	System time (seconds): 866.59
	Percent of CPU this job got: 77%
	Elapsed (wall clock) time (h:mm:ss or m:ss): 47:14.17
	Average shared text size (kbytes): 0
	Average unshared data size (kbytes): 0
	Average stack size (kbytes): 0
	Average total size (kbytes): 0
	Maximum resident set size (kbytes): 255265652736
	Average resident set size (kbytes): 0
	Major (requiring I/O) page faults: 0
	Minor (reclaiming a frame) page faults: 209518411
	Voluntary context switches: 1164649
	Involuntary context switches: 1824681
	Swaps: 0
	File system inputs: 0
	File system outputs: 0
	Socket messages sent: 38
	Socket messages received: 0
	Signals delivered: 0
	Page size (bytes): 4096
	Exit status: 0
FINISHED CPU 2187.58 MEM 0 MAXMEM 0 STALE 1
#RESULT: UNK
#FIN: FIN
#CPU: 2187.58
#MAXMEM: 0
c 
#END: [Tue Aug  1 21:31:58 2023]
