#BEGIN: [Tue Aug  1 13:51:39 2023]
#HOST: mini25.local
#TIMELIMIT: 7200
#MEMLIMIT: 0
#FREQ: 10
#SOLVER: ddreconf230801-10h10m
#ARG1: benchmark/ISR-benchmark/random_instance/random_instance007_graph005.col
#ARG2: benchmark/ISR-benchmark/random_instance/random_instance007_graph005.dat
#COMMAND: /Users/soh/app/ddreconf230801-10h10m/ddreconf benchmark/ISR-benchmark/random_instance/random_instance007_graph005.col --indset --stwidth --stfile=benchmark/ISR-benchmark/random_instance/random_instance007_graph005.dat
Input graph file parsed. # of vertices = 91, # of edges = 273
s 3 4 6 10 11 15 16 18 21 22 24 25 31 51 39 41 42 46 52 58 59 65 64 88 87 74 75 78 84 89 81 83
t 8 9 10 12 15 16 17 19 20 22 25 28 29 31 33 63 41 45 46 47 52 67 59 61 66 69 70 73 85 78 89 91
Solution space ZDD construction start
TIMEOUT CPU 7200 MEM 0 MAXMEM 0
#RESULT: UNK
#FIN: TO
#CPU: 7200
#MAXMEM: 0
c 23318 killed(2). 23317 killed(2). 23318 killed(9). 23317 killed(9). 
#END: [Tue Aug  1 15:51:49 2023]
