#BEGIN: [Wed Jul 19 16:21:06 2023]
#HOST: mini23.local
#TIMELIMIT: 7200
#MEMLIMIT: 0
#FREQ: 10
#SOLVER: sat-based-isr-tj05-230719-15h37m
#ARG1: benchmark/ISR-benchmark/random_instance/random_instance012_graph005.col
#ARG2: benchmark/ISR-benchmark/random_instance/random_instance012_graph005.dat
#COMMAND: /Users/soh/app/scala-2.12.4/bin/scala -J-Xms32g -J-Xmx32g -cp /Users/soh/app/IsrForCompetition230719-15h37m/scop.jar:/Users/soh/app/IsrForCompetition230719-15h37m/isr4competition_2.12-1.3.5.jar fun.scop.app.isr.IsrSolverTj05 benchmark/ISR-benchmark/random_instance/random_instance012_graph005.col benchmark/ISR-benchmark/random_instance/random_instance012_graph005.dat cadical /Users/soh/app/IsrForCompetition230719-15h37m/cadical
#Nodes: 155
#Edges: 468
WARNING. There is missing goal nodes: {148}
c (0) step 1 UNSAT 978 3243
c (0) step 2 UNSAT 1896 6102
c (0) step 3 UNSAT 2958 9294
c (0) step 4 UNSAT 4212 12914
c (0) step 5 UNSAT 5706 17057
c (0) step 6 UNSAT 7488 21818
c (0) step 7 UNSAT 9606 27292
c (0) step 8 UNSAT 12108 33574
c (0) step 9 UNSAT 15042 40759
c (0) step 10 UNSAT 18456 48942
c (0) step 11 UNSAT 22398 58218
c (0) step 12 UNSAT 26916 68682
c (0) step 13 UNSAT 32058 80429
c (0) step 14 UNSAT 37872 93554
c (0) step 15 UNSAT 44406 108152
c (0) step 16 UNSAT 51708 124318
c (0) step 17 UNSAT 59826 142147
c (0) step 18 UNSAT 68808 161734
c (0) step 19 UNSAT 78702 183174
c (0) step 20 UNSAT 89556 206562
c (0) step 21 UNSAT 101418 231993
c (0) step 22 UNSAT 114336 259562
c (0) step 23 UNSAT 128358 289364
c (0) step 24 UNSAT 143532 321494
c (0) step 25 UNSAT 159906 356047
c (0) step 26 UNSAT 177528 393118
c (0) step 27 UNSAT 196446 432802
c (1) step 28 SAT 216708 475194
a YES
a 2 4 9 12 14 15 21 23 27 28 29 32 38 39 46 47 50 51 52 57 61 64 65 66 69 72 82 86 87 90 92 94 100 101 104 106 107 115 118 123 125 126 128 130 134 137 143 153 156
a 2 4 9 12 14 15 21 23 27 28 29 32 38 46 47 50 51 52 57 61 64 65 66 69 72 80 82 86 87 90 92 94 100 101 104 106 107 115 118 123 125 126 128 130 134 137 143 153 156
a 2 4 9 12 14 15 21 23 27 28 29 32 38 46 47 50 51 52 57 61 64 65 66 69 71 72 80 82 86 87 90 92 94 100 101 104 106 115 118 123 125 126 128 130 134 137 143 153 156
a 2 4 9 11 12 14 15 21 23 27 28 29 32 38 46 47 50 51 52 57 61 64 65 66 69 71 72 80 86 87 90 92 94 100 101 104 106 115 118 123 125 126 128 130 134 137 143 153 156
a 2 4 9 11 12 14 15 21 23 26 27 28 29 32 38 46 47 50 51 52 57 61 64 65 66 69 71 72 80 86 87 90 92 94 100 101 104 106 115 118 123 125 126 130 134 137 143 153 156
a 2 4 9 11 12 14 15 19 21 23 26 27 28 29 32 38 47 50 51 52 57 61 64 65 66 69 71 72 80 86 87 90 92 94 100 101 104 106 115 118 123 125 126 130 134 137 143 153 156
a 2 4 9 11 12 14 15 19 21 23 26 27 28 29 32 38 47 50 51 52 54 57 61 64 65 66 69 71 72 80 86 87 90 92 94 100 101 104 106 118 123 125 126 130 134 137 143 153 156
a 2 4 9 11 12 14 15 19 21 23 26 27 28 29 32 38 47 50 51 52 54 57 61 64 65 66 69 71 72 80 86 90 92 94 100 101 104 106 116 118 123 125 126 130 134 137 143 153 156
a 2 4 9 11 12 14 15 19 21 23 26 27 28 29 32 38 47 50 51 52 54 57 61 64 66 69 71 72 80 86 90 92 94 100 101 104 106 116 118 123 124 125 126 130 134 137 143 153 156
a 2 4 9 11 12 14 15 19 21 23 26 27 28 29 32 47 50 51 52 54 57 61 64 66 69 71 72 80 86 90 92 94 100 101 104 106 116 118 123 124 125 126 130 134 137 142 143 153 156
a 2 4 9 11 12 14 15 19 21 23 26 27 28 29 32 47 50 51 52 54 57 61 64 66 69 71 72 80 86 90 92 94 100 101 102 104 106 116 118 123 124 125 126 130 134 137 142 153 156
a 2 4 5 9 11 12 14 15 19 21 23 26 27 28 29 47 50 51 52 54 57 61 64 66 69 71 72 80 86 90 92 94 100 101 102 104 106 116 118 123 124 125 126 130 134 137 142 153 156
a 2 4 5 9 11 12 14 15 19 21 23 26 27 28 29 47 50 51 52 54 57 61 64 66 69 71 72 80 86 89 90 92 94 100 102 104 106 116 118 123 124 125 126 130 134 137 142 153 156
a 2 4 5 9 11 12 14 15 19 21 26 27 28 29 47 50 51 52 54 57 61 64 66 69 71 72 80 85 86 89 90 92 94 100 102 104 106 116 118 123 124 125 126 130 134 137 142 153 156
a 2 4 5 9 11 12 14 15 19 21 26 27 28 29 35 47 50 51 52 54 57 61 64 66 69 71 72 80 85 86 89 90 92 94 100 102 104 106 116 123 124 125 126 130 134 137 142 153 156
a 2 5 9 11 12 14 15 19 21 26 27 28 29 35 47 50 51 52 54 57 61 64 66 69 71 72 80 85 86 89 90 92 94 100 102 104 106 113 116 123 124 125 126 130 134 137 142 153 156
a 2 3 5 9 11 12 14 15 19 21 26 27 28 29 35 47 50 51 54 57 61 64 66 69 71 72 80 85 86 89 90 92 94 100 102 104 106 113 116 123 124 125 126 130 134 137 142 153 156
a 2 3 5 9 11 12 14 15 19 21 26 27 28 29 35 47 50 51 54 57 61 64 66 69 71 72 80 85 89 90 92 94 100 102 104 106 113 116 123 124 125 126 130 134 137 142 147 153 156
a 2 3 5 9 11 12 14 15 19 21 26 27 28 29 35 47 50 51 54 57 61 64 66 69 71 72 73 80 85 89 90 92 94 100 102 104 113 116 123 124 125 126 130 134 137 142 147 153 156
a 2 3 5 9 11 14 15 19 21 26 27 28 29 35 47 50 51 54 57 61 64 66 69 71 72 73 74 80 85 89 90 92 94 100 102 104 113 116 123 124 125 126 130 134 137 142 147 153 156
a 2 3 5 9 11 14 15 19 21 26 27 28 29 34 35 47 50 54 57 61 64 66 69 71 72 73 74 80 85 89 90 92 94 100 102 104 113 116 123 124 125 126 130 134 137 142 147 153 156
a 2 3 5 9 11 14 15 19 21 26 27 28 29 34 35 47 50 54 57 61 64 66 69 71 72 73 74 80 85 89 90 92 94 100 102 104 113 116 123 124 125 126 134 137 142 144 147 153 156
a 3 5 9 11 14 15 19 21 26 27 28 29 34 35 47 50 54 57 61 64 66 69 71 72 73 74 80 85 89 90 92 94 100 102 104 109 113 116 123 124 125 126 134 137 142 144 147 153 156
a 3 5 9 11 14 15 19 21 26 27 28 29 34 35 47 50 54 57 61 64 66 69 70 71 72 73 74 80 85 89 90 92 94 100 102 109 113 116 123 124 125 126 134 137 142 144 147 153 156
a 3 5 9 11 14 15 19 21 26 27 29 34 35 47 50 54 57 61 64 66 69 70 71 72 73 74 80 85 89 90 92 94 100 102 103 109 113 116 123 124 125 126 134 137 142 144 147 153 156
a 3 5 9 11 14 15 19 21 26 27 29 34 35 47 54 57 61 64 66 69 70 71 72 73 74 80 85 89 90 92 94 100 102 103 109 113 116 123 124 125 126 134 137 142 144 147 149 153 156
a 3 5 9 11 14 15 19 21 26 27 29 34 35 47 54 57 61 64 66 69 70 71 72 73 74 80 85 89 90 92 94 100 102 103 109 113 116 117 123 124 125 126 137 142 144 147 149 153 156
a 3 5 9 11 14 15 19 21 26 27 29 34 35 47 54 57 61 66 69 70 71 72 73 74 80 85 89 90 92 94 100 102 103 109 113 116 117 123 124 125 126 137 142 144 147 149 150 153 156
a 3 5 9 11 14 15 19 21 26 27 29 34 35 47 54 57 61 66 69 70 71 72 73 74 80 85 89 90 92 94 100 102 103 109 113 116 117 123 124 125 126 142 144 146 147 149 150 153 156
	Command being timed: "/Users/soh/app/scala-2.12.4/bin/scala -J-Xms32g -J-Xmx32g -cp /Users/soh/app/IsrForCompetition230719-15h37m/scop.jar:/Users/soh/app/IsrForCompetition230719-15h37m/isr4competition_2.12-1.3.5.jar fun.scop.app.isr.IsrSolverTj05 benchmark/ISR-benchmark/random_instance/random_instance012_graph005.col benchmark/ISR-benchmark/random_instance/random_instance012_graph005.dat cadical /Users/soh/app/IsrForCompetition230719-15h37m/cadical"
	User time (seconds): 3.27
	System time (seconds): 0.26
	Percent of CPU this job got: 133%
	Elapsed (wall clock) time (h:mm:ss or m:ss): 0:02.64
	Average shared text size (kbytes): 0
	Average unshared data size (kbytes): 0
	Average stack size (kbytes): 0
	Average total size (kbytes): 0
	Maximum resident set size (kbytes): 4038328320
	Average resident set size (kbytes): 0
	Major (requiring I/O) page faults: 0
	Minor (reclaiming a frame) page faults: 256325
	Voluntary context switches: 37
	Involuntary context switches: 3407
	Swaps: 0
	File system inputs: 0
	File system outputs: 0
	Socket messages sent: 41
	Socket messages received: 0
	Signals delivered: 5
	Page size (bytes): 4096
	Exit status: 0
FINISHED CPU 3.53 MEM 0 MAXMEM 0 STALE 1
#RESULT: UNK
#FIN: FIN
#CPU: 3.53
#MAXMEM: 0
c 
#END: [Wed Jul 19 16:21:09 2023]
