#BEGIN: [Wed Jul 19 16:20:52 2023]
#HOST: mini28.local
#TIMELIMIT: 7200
#MEMLIMIT: 0
#FREQ: 10
#SOLVER: sat-based-isr-tj05-230719-15h37m
#ARG1: benchmark/ISR-benchmark/random_instance/random_instance007_graph001.col
#ARG2: benchmark/ISR-benchmark/random_instance/random_instance007_graph001.dat
#COMMAND: /Users/soh/app/scala-2.12.4/bin/scala -J-Xms32g -J-Xmx32g -cp /Users/soh/app/IsrForCompetition230719-15h37m/scop.jar:/Users/soh/app/IsrForCompetition230719-15h37m/isr4competition_2.12-1.3.5.jar fun.scop.app.isr.IsrSolverTj05 benchmark/ISR-benchmark/random_instance/random_instance007_graph001.col benchmark/ISR-benchmark/random_instance/random_instance007_graph001.dat cadical /Users/soh/app/IsrForCompetition230719-15h37m/cadical
#Nodes: 91
#Edges: 273
c (0) step 1 UNSAT 574 1897
c (0) step 2 UNSAT 1112 3569
c (0) step 3 UNSAT 1734 5434
c (0) step 4 UNSAT 2468 7547
c (0) step 5 UNSAT 3342 9963
c (0) step 6 UNSAT 4384 12737
c (0) step 7 UNSAT 5622 15924
c (0) step 8 UNSAT 7084 19579
c (0) step 9 UNSAT 8798 23757
c (0) step 10 UNSAT 10792 28513
c (0) step 11 SAT 13094 33902
a YES
a 9 11 12 13 17 21 22 24 25 28 30 31 33 35 36 40 42 46 48 62 70 72 76 78 80 82 83 84 88
a 9 11 12 13 17 21 22 24 25 27 28 30 31 33 35 36 40 42 46 48 62 70 72 76 78 80 82 83 88
a 9 11 12 13 16 17 21 22 24 25 27 28 30 31 33 35 36 40 42 46 48 62 70 72 76 78 80 82 88
a 9 12 13 16 17 21 22 24 25 27 28 30 31 33 35 36 40 42 46 48 49 62 70 72 76 78 80 82 88
a 8 9 13 16 17 21 22 24 25 27 28 30 31 33 35 36 40 42 46 48 49 62 70 72 76 78 80 82 88
a 8 9 13 16 17 21 22 24 25 27 28 30 31 33 35 36 40 46 48 49 57 62 70 72 76 78 80 82 88
a 8 9 13 16 17 21 22 24 25 27 30 31 33 35 36 40 46 48 49 57 62 70 72 76 78 80 82 87 88
a 8 9 13 16 17 19 21 22 24 25 27 31 33 35 36 40 46 48 49 57 62 70 72 76 78 80 82 87 88
a 8 9 13 16 17 19 21 22 25 27 31 33 35 36 40 46 48 49 57 58 62 70 72 76 78 80 82 87 88
a 8 9 13 16 17 19 21 22 25 27 31 33 35 36 40 41 46 49 57 58 62 70 72 76 78 80 82 87 88
a 8 9 13 16 17 19 21 22 25 27 31 33 35 36 40 41 46 49 57 58 61 62 70 76 78 80 82 87 88
a 8 9 13 16 17 19 21 22 25 26 27 31 33 35 36 40 41 46 49 57 58 61 70 76 78 80 82 87 88
	Command being timed: "/Users/soh/app/scala-2.12.4/bin/scala -J-Xms32g -J-Xmx32g -cp /Users/soh/app/IsrForCompetition230719-15h37m/scop.jar:/Users/soh/app/IsrForCompetition230719-15h37m/isr4competition_2.12-1.3.5.jar fun.scop.app.isr.IsrSolverTj05 benchmark/ISR-benchmark/random_instance/random_instance007_graph001.col benchmark/ISR-benchmark/random_instance/random_instance007_graph001.dat cadical /Users/soh/app/IsrForCompetition230719-15h37m/cadical"
	User time (seconds): 1.12
	System time (seconds): 0.10
	Percent of CPU this job got: 159%
	Elapsed (wall clock) time (h:mm:ss or m:ss): 0:00.77
	Average shared text size (kbytes): 0
	Average unshared data size (kbytes): 0
	Average stack size (kbytes): 0
	Average total size (kbytes): 0
	Maximum resident set size (kbytes): 1018970112
	Average resident set size (kbytes): 0
	Major (requiring I/O) page faults: 0
	Minor (reclaiming a frame) page faults: 68152
	Voluntary context switches: 35
	Involuntary context switches: 2985
	Swaps: 0
	File system inputs: 0
	File system outputs: 0
	Socket messages sent: 39
	Socket messages received: 0
	Signals delivered: 5
	Page size (bytes): 4096
	Exit status: 0
FINISHED CPU 1.22 MEM 0 MAXMEM 0 STALE 1
#RESULT: UNK
#FIN: FIN
#CPU: 1.22
#MAXMEM: 0
c 
#END: [Wed Jul 19 16:20:53 2023]
