#BEGIN: [Wed Jul 19 16:22:08 2023]
#HOST: mini30.local
#TIMELIMIT: 7200
#MEMLIMIT: 0
#FREQ: 10
#SOLVER: sat-based-isr-tj05-230719-15h37m
#ARG1: benchmark/ISR-benchmark/random_instance/random_instance020_graph005.col
#ARG2: benchmark/ISR-benchmark/random_instance/random_instance020_graph005.dat
#COMMAND: /Users/soh/app/scala-2.12.4/bin/scala -J-Xms32g -J-Xmx32g -cp /Users/soh/app/IsrForCompetition230719-15h37m/scop.jar:/Users/soh/app/IsrForCompetition230719-15h37m/isr4competition_2.12-1.3.5.jar fun.scop.app.isr.IsrSolverTj05 benchmark/ISR-benchmark/random_instance/random_instance020_graph005.col benchmark/ISR-benchmark/random_instance/random_instance020_graph005.dat cadical /Users/soh/app/IsrForCompetition230719-15h37m/cadical
#Nodes: 260
#Edges: 780
c (0) step 1 UNSAT 1640 5433
c (0) step 2 UNSAT 3179 10225
c (0) step 3 UNSAT 4958 15574
c (0) step 4 UNSAT 7057 21639
c (0) step 5 UNSAT 9556 28579
c (0) step 6 UNSAT 12535 36553
c (0) step 7 UNSAT 16074 45720
c (0) step 8 UNSAT 20253 56239
c (0) step 9 UNSAT 25152 68269
c (0) step 10 UNSAT 30851 81969
c (0) step 11 UNSAT 37430 97498
c (0) step 12 UNSAT 44969 115015
c (0) step 13 UNSAT 53548 134679
c (0) step 14 UNSAT 63247 156649
c (0) step 15 UNSAT 74146 181084
c (0) step 16 UNSAT 86325 208143
c (0) step 17 UNSAT 99864 237985
c (0) step 18 UNSAT 114843 270769
c (0) step 19 UNSAT 131342 306654
c (0) step 20 UNSAT 149441 345799
c (0) step 21 UNSAT 169220 388363
c (0) step 22 UNSAT 190759 434505
c (0) step 23 UNSAT 214138 484384
c (0) step 24 UNSAT 239437 538159
c (0) step 25 UNSAT 266736 595989
c (0) step 26 UNSAT 296115 658033
c (1) step 27 UNSAT 327654 724450
c (1) step 28 UNSAT 361433 795399
c (1) step 29 UNSAT 397532 871039
c (1) step 30 UNSAT 436031 951529
c (1) step 31 UNSAT 477010 1037028
c (1) step 32 UNSAT 520549 1127695
c (1) step 33 UNSAT 566728 1223689
c (1) step 34 UNSAT 615627 1325169
c (1) step 35 UNSAT 667326 1432294
c (2) step 36 UNSAT 721905 1545223
c (2) step 37 UNSAT 779444 1664115
c (2) step 38 UNSAT 840023 1789129
c (2) step 39 UNSAT 903722 1920424
c (2) step 40 UNSAT 970621 2058159
c (3) step 41 UNSAT 1040800 2202493
c (3) step 42 UNSAT 1114339 2353585
c (3) step 43 UNSAT 1191318 2511594
c (3) step 44 UNSAT 1271817 2676679
c (3) step 45 UNSAT 1355916 2848999
c (4) step 46 UNSAT 1443695 3028713
c (4) step 47 UNSAT 1535234 3215980
c (4) step 48 UNSAT 1630613 3410959
c (4) step 49 UNSAT 1729912 3613809
c (5) step 50 UNSAT 1833211 3824689
c (7) step 51 SAT 1940590 4043758
a YES
a 3 4 5 9 10 15 20 24 26 28 34 36 42 45 52 54 60 64 65 70 71 76 77 78 82 84 85 86 87 88 92 95 104 105 107 108 113 117 119 122 123 131 134 140 144 145 152 157 162 167 176 178 179 181 182 184 185 188 191 192 195 200 203 205 206 207 209 211 212 213 215 231 241 242 245 246 247 249 251 254 258
a 3 4 5 9 10 15 20 24 26 34 36 42 45 52 54 60 64 65 70 71 76 77 78 82 84 85 86 87 88 92 95 104 105 107 108 113 117 119 122 123 131 134 140 144 145 152 157 162 167 176 178 179 181 182 184 185 188 191 192 195 200 203 205 206 207 209 211 212 213 215 217 231 241 242 245 246 247 249 251 254 258
a 3 4 5 10 15 20 24 26 34 36 42 45 52 54 60 64 65 70 71 76 77 78 82 84 85 86 87 88 92 95 104 105 107 108 113 117 119 122 123 131 134 140 144 145 152 157 162 167 176 178 179 181 182 184 185 188 191 192 195 200 203 205 206 207 209 211 212 213 215 217 231 241 242 245 246 247 249 251 254 257 258
a 3 4 5 10 15 20 24 26 34 36 42 45 52 54 60 64 65 70 71 76 77 78 82 84 85 86 87 88 92 95 104 105 107 108 113 117 119 122 123 131 134 140 144 145 152 157 162 167 176 178 179 181 182 184 185 188 191 192 195 199 200 203 205 206 209 211 212 213 215 217 231 241 242 245 246 247 249 251 254 257 258
a 3 4 5 10 12 15 20 24 26 34 36 42 45 52 54 60 64 65 70 71 76 77 78 82 84 85 86 87 88 92 95 104 105 107 108 113 117 119 122 123 131 134 140 144 145 152 157 162 167 176 178 179 181 182 184 185 188 192 195 199 200 203 205 206 209 211 212 213 215 217 231 241 242 245 246 247 249 251 254 257 258
a 3 4 5 10 12 15 20 24 26 34 36 42 45 52 54 60 64 65 70 71 76 77 78 82 84 85 86 87 88 92 95 104 105 107 108 113 117 119 122 123 131 134 140 144 145 152 157 162 167 176 178 179 181 182 184 185 188 192 195 196 199 203 205 206 209 211 212 213 215 217 231 241 242 245 246 247 249 251 254 257 258
a 3 4 5 10 12 15 20 24 26 34 36 42 45 52 54 60 64 65 70 71 76 77 78 82 84 85 86 87 88 92 95 104 105 107 108 113 117 119 122 123 131 134 140 144 145 152 157 162 167 176 178 179 181 182 184 185 188 195 196 199 203 205 206 209 211 212 213 215 217 231 241 242 245 246 247 248 249 251 254 257 258
a 3 4 5 10 12 15 20 24 26 34 36 42 45 52 54 60 64 65 70 71 76 77 78 82 84 85 86 87 88 92 95 104 105 107 108 113 117 119 122 123 131 134 140 144 145 152 162 167 176 178 179 181 182 184 185 188 195 196 199 203 205 206 209 211 212 213 215 217 231 241 242 245 246 247 248 249 251 254 257 258 260
a 3 4 5 10 12 15 20 24 26 34 36 42 45 52 54 60 64 65 70 71 76 77 78 82 84 85 86 87 88 92 95 104 105 107 108 113 117 119 122 123 131 134 140 141 144 145 152 162 167 176 178 179 181 182 184 185 188 195 196 199 203 206 209 211 212 213 215 217 231 241 242 245 246 247 248 249 251 254 257 258 260
a 3 4 5 10 12 15 20 24 26 34 36 42 45 52 54 60 64 65 70 71 76 77 78 82 84 85 86 87 88 92 95 104 105 107 108 113 117 119 122 123 131 134 138 140 141 144 145 152 162 167 176 178 179 181 182 184 185 188 195 196 199 206 209 211 212 213 215 217 231 241 242 245 246 247 248 249 251 254 257 258 260
a 3 4 5 10 12 15 20 24 26 34 36 42 45 52 54 60 64 65 70 71 76 77 78 82 84 85 86 87 88 92 95 104 105 107 108 113 117 122 123 131 134 138 140 141 144 145 152 162 167 176 178 179 181 182 184 185 188 195 196 199 206 209 211 212 213 215 217 231 239 241 242 245 246 247 248 249 251 254 257 258 260
a 3 4 5 10 12 15 20 24 26 34 36 42 45 52 54 60 64 65 70 71 76 77 78 82 84 85 86 87 88 92 95 104 105 107 113 117 122 123 131 134 138 140 141 144 145 152 162 167 176 178 179 181 182 184 185 188 195 196 199 206 209 211 212 213 215 217 231 232 239 241 242 245 246 247 248 249 251 254 257 258 260
a 3 4 5 10 12 15 20 24 26 34 36 42 45 52 54 60 64 65 70 71 76 77 78 82 84 85 86 87 88 92 95 102 104 105 107 113 117 122 123 131 134 138 140 141 144 145 152 162 167 176 178 179 181 182 184 185 188 195 196 199 206 209 211 212 213 215 217 231 232 239 241 242 245 247 248 249 251 254 257 258 260
a 3 4 5 10 12 15 20 24 26 34 36 42 45 52 54 60 64 65 70 71 76 77 78 82 84 85 86 87 88 95 102 104 105 107 113 117 122 123 131 134 138 140 141 144 145 152 162 166 167 176 178 179 181 182 184 185 188 195 196 199 206 209 211 212 213 215 217 231 232 239 241 242 245 247 248 249 251 254 257 258 260
a 3 4 5 10 12 15 20 24 26 34 36 42 45 52 54 60 64 65 70 71 76 77 78 82 84 85 86 87 88 95 102 104 105 107 113 117 122 123 131 134 138 140 141 144 145 152 162 166 167 176 178 179 181 182 184 185 188 189 195 196 199 206 209 211 212 215 217 231 232 239 241 242 245 247 248 249 251 254 257 258 260
a 3 4 5 10 12 15 20 24 26 34 36 42 45 52 54 60 64 65 70 71 76 77 78 82 84 85 87 88 95 102 104 105 107 113 117 122 123 131 134 138 140 141 144 145 152 162 166 167 176 178 179 181 182 184 185 188 189 195 196 199 206 209 211 212 215 217 231 232 234 239 241 242 245 247 248 249 251 254 257 258 260
a 3 4 5 10 12 15 20 24 26 34 36 42 45 52 54 60 64 65 70 71 76 77 78 82 84 85 87 88 95 102 105 107 113 117 122 123 131 134 138 140 141 144 145 152 162 166 167 176 178 179 181 182 184 185 188 189 195 196 199 206 209 211 212 215 217 229 231 232 234 239 241 242 245 247 248 249 251 254 257 258 260
a 3 4 5 10 12 15 20 24 26 34 36 42 45 52 54 60 64 65 70 76 77 78 82 84 85 87 88 95 102 105 107 113 117 122 123 131 134 138 140 141 144 145 152 162 166 167 176 178 179 181 182 184 185 188 189 195 196 199 206 209 211 212 214 215 217 229 231 232 234 239 241 242 245 247 248 249 251 254 257 258 260
a 3 4 5 10 12 20 24 26 34 36 42 45 52 54 60 64 65 70 76 77 78 82 84 85 87 88 95 102 105 107 113 117 122 123 131 134 138 140 141 144 145 152 160 162 166 167 176 178 179 181 182 184 185 188 189 195 196 199 206 209 211 212 214 215 217 229 231 232 234 239 241 242 245 247 248 249 251 254 257 258 260
a 3 4 5 10 12 20 24 26 34 36 42 45 52 54 60 64 65 70 76 77 78 82 84 85 87 88 95 99 102 107 113 117 122 123 131 134 138 140 141 144 145 152 160 162 166 167 176 178 179 181 182 184 185 188 189 195 196 199 206 209 211 212 214 215 217 229 231 232 234 239 241 242 245 247 248 249 251 254 257 258 260
a 3 4 5 10 12 20 24 26 36 42 45 52 54 60 64 65 70 76 77 78 82 84 85 87 88 95 99 102 107 111 113 117 122 123 131 134 138 140 141 144 145 152 160 162 166 167 176 178 179 181 182 184 185 188 189 195 196 199 206 209 211 212 214 215 217 229 231 232 234 239 241 242 245 247 248 249 251 254 257 258 260
a 3 4 5 10 12 20 24 26 36 42 45 52 54 60 64 65 68 70 76 77 78 82 84 85 87 95 99 102 107 111 113 117 122 123 131 134 138 140 141 144 145 152 160 162 166 167 176 178 179 181 182 184 185 188 189 195 196 199 206 209 211 212 214 215 217 229 231 232 234 239 241 242 245 247 248 249 251 254 257 258 260
a 3 4 5 10 12 20 24 26 36 42 45 52 54 60 64 65 68 70 76 77 78 82 84 85 87 95 99 102 107 111 113 117 122 123 131 134 138 140 141 144 145 152 160 162 166 167 171 176 178 179 181 182 184 185 188 189 195 196 199 206 209 211 212 214 215 217 229 231 232 234 239 241 245 247 248 249 251 254 257 258 260
a 3 4 5 10 12 20 24 26 36 42 45 52 54 60 64 68 70 76 77 78 82 84 85 87 95 99 102 107 111 113 117 122 123 126 131 134 138 140 141 144 145 152 160 162 166 167 171 176 178 179 181 182 184 185 188 189 195 196 199 206 209 211 212 214 215 217 229 231 232 234 239 241 245 247 248 249 251 254 257 258 260
a 3 4 5 10 12 20 24 26 36 42 45 52 54 60 64 68 70 76 77 78 82 84 85 87 95 99 102 107 111 113 117 122 123 126 131 134 138 140 141 144 145 146 152 160 162 166 167 171 176 178 179 181 182 184 188 189 195 196 199 206 209 211 212 214 215 217 229 231 232 234 239 241 245 247 248 249 251 254 257 258 260
a 3 4 5 10 12 20 24 26 36 42 45 52 54 60 64 68 70 76 77 78 82 84 85 87 95 99 102 107 111 113 117 122 123 126 131 134 138 140 141 144 146 152 160 162 166 167 171 176 178 179 181 182 184 188 189 194 195 196 199 206 209 211 212 214 215 217 229 231 232 234 239 241 245 247 248 249 251 254 257 258 260
a 3 4 5 10 12 17 20 24 26 36 42 45 52 54 60 64 68 70 76 77 78 82 84 85 87 95 99 102 107 111 113 117 122 123 126 131 134 138 140 141 144 146 152 160 162 166 167 171 178 179 181 182 184 188 189 194 195 196 199 206 209 211 212 214 215 217 229 231 232 234 239 241 245 247 248 249 251 254 257 258 260
a 3 4 5 10 12 17 20 24 26 36 42 45 52 54 64 68 70 76 77 78 82 84 85 87 95 99 102 107 111 113 117 122 123 126 131 134 138 140 141 144 146 152 160 162 166 167 171 178 179 181 182 184 187 188 189 194 195 196 199 206 209 211 212 214 215 217 229 231 232 234 239 241 245 247 248 249 251 254 257 258 260
a 3 4 5 10 12 17 20 24 26 30 36 42 45 52 64 68 70 76 77 78 82 84 85 87 95 99 102 107 111 113 117 122 123 126 131 134 138 140 141 144 146 152 160 162 166 167 171 178 179 181 182 184 187 188 189 194 195 196 199 206 209 211 212 214 215 217 229 231 232 234 239 241 245 247 248 249 251 254 257 258 260
a 3 4 5 10 12 17 20 24 26 30 36 42 45 52 64 68 70 76 77 78 82 84 85 87 95 99 102 107 111 113 117 122 123 126 131 134 138 141 144 146 152 158 160 162 166 167 171 178 179 181 182 184 187 188 189 194 195 196 199 206 209 211 212 214 215 217 229 231 232 234 239 241 245 247 248 249 251 254 257 258 260
a 3 4 5 10 12 17 20 24 26 30 42 45 52 64 68 70 76 77 78 82 84 85 87 95 99 102 107 111 113 117 122 123 126 131 134 138 141 144 146 152 158 159 160 162 166 167 171 178 179 181 182 184 187 188 189 194 195 196 199 206 209 211 212 214 215 217 229 231 232 234 239 241 245 247 248 249 251 254 257 258 260
a 3 4 5 10 12 17 20 22 24 26 30 42 45 52 64 68 70 76 77 78 82 84 85 87 95 99 102 107 111 113 117 122 123 126 131 138 141 144 146 152 158 159 160 162 166 167 171 178 179 181 182 184 187 188 189 194 195 196 199 206 209 211 212 214 215 217 229 231 232 234 239 241 245 247 248 249 251 254 257 258 260
a 3 4 5 10 12 17 20 22 24 26 30 42 45 52 61 64 68 70 76 77 78 82 84 85 87 95 99 102 107 111 113 122 123 126 131 138 141 144 146 152 158 159 160 162 166 167 171 178 179 181 182 184 187 188 189 194 195 196 199 206 209 211 212 214 215 217 229 231 232 234 239 241 245 247 248 249 251 254 257 258 260
a 3 4 5 10 12 17 20 22 24 26 27 30 42 45 52 61 68 70 76 77 78 82 84 85 87 95 99 102 107 111 113 122 123 126 131 138 141 144 146 152 158 159 160 162 166 167 171 178 179 181 182 184 187 188 189 194 195 196 199 206 209 211 212 214 215 217 229 231 232 234 239 241 245 247 248 249 251 254 257 258 260
a 3 4 5 10 12 17 20 22 24 26 27 30 35 42 52 61 68 70 76 77 78 82 84 85 87 95 99 102 107 111 113 122 123 126 131 138 141 144 146 152 158 159 160 162 166 167 171 178 179 181 182 184 187 188 189 194 195 196 199 206 209 211 212 214 215 217 229 231 232 234 239 241 245 247 248 249 251 254 257 258 260
a 3 4 10 12 17 20 22 24 26 27 30 35 42 52 61 68 70 76 77 78 82 84 85 87 95 96 99 102 107 111 113 122 123 126 131 138 141 144 146 152 158 159 160 162 166 167 171 178 179 181 182 184 187 188 189 194 195 196 199 206 209 211 212 214 215 217 229 231 232 234 239 241 245 247 248 249 251 254 257 258 260
a 3 4 10 12 17 20 22 24 26 27 30 35 42 52 61 68 70 76 77 78 79 82 84 85 87 95 96 99 102 107 111 113 122 126 131 138 141 144 146 152 158 159 160 162 166 167 171 178 179 181 182 184 187 188 189 194 195 196 199 206 209 211 212 214 215 217 229 231 232 234 239 241 245 247 248 249 251 254 257 258 260
a 3 4 10 12 17 20 22 24 26 27 30 35 42 52 57 61 68 70 76 77 78 79 82 84 85 87 95 96 99 102 107 111 113 122 126 131 138 141 144 146 152 158 159 160 162 166 167 171 178 179 181 182 184 187 188 189 194 195 196 199 206 209 211 212 214 217 229 231 232 234 239 241 245 247 248 249 251 254 257 258 260
a 4 10 12 17 20 22 24 26 27 30 35 42 52 53 57 61 68 70 76 77 78 79 82 84 85 87 95 96 99 102 107 111 113 122 126 131 138 141 144 146 152 158 159 160 162 166 167 171 178 179 181 182 184 187 188 189 194 195 196 199 206 209 211 212 214 217 229 231 232 234 239 241 245 247 248 249 251 254 257 258 260
a 4 10 12 17 20 22 24 26 27 30 35 42 52 53 57 61 68 70 76 77 78 79 82 84 85 87 95 96 99 102 107 111 112 113 122 126 131 138 141 144 146 152 158 159 160 162 166 167 171 178 179 181 182 184 187 188 189 194 195 196 199 206 209 211 212 214 217 229 231 232 234 239 241 245 248 249 251 254 257 258 260
a 4 10 12 17 20 22 24 26 27 29 30 35 42 52 53 57 61 68 70 76 77 78 79 82 85 87 95 96 99 102 107 111 112 113 122 126 131 138 141 144 146 152 158 159 160 162 166 167 171 178 179 181 182 184 187 188 189 194 195 196 199 206 209 211 212 214 217 229 231 232 234 239 241 245 248 249 251 254 257 258 260
a 4 10 12 16 17 20 22 24 26 27 29 30 35 42 52 53 57 61 68 70 76 77 78 79 82 85 87 95 96 99 102 111 112 113 122 126 131 138 141 144 146 152 158 159 160 162 166 167 171 178 179 181 182 184 187 188 189 194 195 196 199 206 209 211 212 214 217 229 231 232 234 239 241 245 248 249 251 254 257 258 260
a 4 10 12 16 17 20 22 24 26 27 29 30 35 42 52 53 57 61 66 68 70 76 77 78 79 82 85 87 95 96 99 102 111 112 113 122 126 131 138 141 146 152 158 159 160 162 166 167 171 178 179 181 182 184 187 188 189 194 195 196 199 206 209 211 212 214 217 229 231 232 234 239 241 245 248 249 251 254 257 258 260
a 4 10 12 16 17 20 22 24 26 27 29 30 35 42 49 52 53 57 61 66 68 70 76 77 78 79 82 85 87 95 96 99 102 111 112 113 122 126 131 138 141 146 152 158 159 160 162 166 167 171 178 179 181 182 184 187 189 194 195 196 199 206 209 211 212 214 217 229 231 232 234 239 241 245 248 249 251 254 257 258 260
a 4 10 12 16 17 20 22 24 26 27 29 30 35 42 49 52 53 56 57 61 66 68 70 76 77 78 79 82 85 87 95 96 99 102 111 112 113 122 126 131 138 141 146 158 159 160 162 166 167 171 178 179 181 182 184 187 189 194 195 196 199 206 209 211 212 214 217 229 231 232 234 239 241 245 248 249 251 254 257 258 260
a 10 12 16 17 20 22 24 26 27 29 30 35 42 49 52 53 56 57 61 66 68 70 76 77 78 79 82 85 87 95 96 99 102 111 112 113 122 126 131 138 141 146 158 159 160 162 166 167 171 178 179 181 182 184 187 189 194 195 196 199 206 209 211 212 214 217 228 229 231 232 234 239 241 245 248 249 251 254 257 258 260
a 10 12 16 17 20 22 24 26 27 29 30 35 42 49 52 53 56 57 61 66 68 70 76 77 78 79 85 87 95 96 99 100 102 111 112 113 122 126 131 138 141 146 158 159 160 162 166 167 171 178 179 181 182 184 187 189 194 195 196 199 206 209 211 212 214 217 228 229 231 232 234 239 241 245 248 249 251 254 257 258 260
a 10 12 16 17 20 22 24 26 27 29 30 35 42 49 50 52 53 56 57 61 66 68 70 76 77 78 79 85 87 96 99 100 102 111 112 113 122 126 131 138 141 146 158 159 160 162 166 167 171 178 179 181 182 184 187 189 194 195 196 199 206 209 211 212 214 217 228 229 231 232 234 239 241 245 248 249 251 254 257 258 260
a 10 12 16 17 20 22 24 26 27 29 30 35 42 49 50 52 53 56 57 61 66 68 70 77 78 79 85 87 96 99 100 102 111 112 113 122 126 131 138 141 146 158 159 160 162 166 167 171 178 179 181 182 184 187 189 194 195 196 198 199 206 209 211 212 214 217 228 229 231 232 234 239 241 245 248 249 251 254 257 258 260
a 10 12 16 17 20 22 24 26 27 29 30 35 42 49 50 52 53 56 57 61 66 68 70 77 78 79 85 87 96 99 100 102 111 112 113 120 122 126 131 138 141 146 158 159 160 162 166 167 171 178 181 182 184 187 189 194 195 196 198 199 206 209 211 212 214 217 228 229 231 232 234 239 241 245 248 249 251 254 257 258 260
a 10 12 16 17 20 22 24 26 27 29 30 35 42 49 50 52 53 56 57 61 66 68 70 77 78 79 85 87 96 99 100 102 111 112 113 120 122 126 131 138 141 146 158 159 160 162 166 167 171 173 178 181 182 184 187 189 194 195 196 198 199 209 211 212 214 217 228 229 231 232 234 239 241 245 248 249 251 254 257 258 260
a 10 12 16 17 20 22 24 26 27 29 30 35 42 49 50 52 53 56 57 61 66 68 70 77 78 79 85 87 96 99 100 102 111 112 113 120 122 126 131 138 141 146 158 159 160 162 166 167 171 173 178 181 182 187 189 194 195 196 198 199 209 211 212 214 217 228 229 231 232 234 239 241 245 248 249 251 254 257 258 259 260
	Command being timed: "/Users/soh/app/scala-2.12.4/bin/scala -J-Xms32g -J-Xmx32g -cp /Users/soh/app/IsrForCompetition230719-15h37m/scop.jar:/Users/soh/app/IsrForCompetition230719-15h37m/isr4competition_2.12-1.3.5.jar fun.scop.app.isr.IsrSolverTj05 benchmark/ISR-benchmark/random_instance/random_instance020_graph005.col benchmark/ISR-benchmark/random_instance/random_instance020_graph005.dat cadical /Users/soh/app/IsrForCompetition230719-15h37m/cadical"
	User time (seconds): 7.93
	System time (seconds): 1.64
	Percent of CPU this job got: 113%
	Elapsed (wall clock) time (h:mm:ss or m:ss): 0:08.45
	Average shared text size (kbytes): 0
	Average unshared data size (kbytes): 0
	Average stack size (kbytes): 0
	Average total size (kbytes): 0
	Maximum resident set size (kbytes): 30260756480
	Average resident set size (kbytes): 0
	Major (requiring I/O) page faults: 0
	Minor (reclaiming a frame) page faults: 1861082
	Voluntary context switches: 34
	Involuntary context switches: 3763
	Swaps: 0
	File system inputs: 0
	File system outputs: 0
	Socket messages sent: 39
	Socket messages received: 0
	Signals delivered: 9
	Page size (bytes): 4096
	Exit status: 0
FINISHED CPU 9.57 MEM 0 MAXMEM 0 STALE 1
#RESULT: UNK
#FIN: FIN
#CPU: 9.57
#MAXMEM: 0
c 
#END: [Wed Jul 19 16:22:16 2023]
