#BEGIN: [Tue Aug  1 13:45:39 2023]
#HOST: mini23.local
#TIMELIMIT: 7200
#MEMLIMIT: 0
#FREQ: 10
#SOLVER: ddreconf230801-10h10m
#ARG1: benchmark/ISR-benchmark/random_instance/random_instance007_graph004.col
#ARG2: benchmark/ISR-benchmark/random_instance/random_instance007_graph004.dat
#COMMAND: /Users/soh/app/ddreconf230801-10h10m/ddreconf benchmark/ISR-benchmark/random_instance/random_instance007_graph004.col --indset --stwidth --stfile=benchmark/ISR-benchmark/random_instance/random_instance007_graph004.dat
Input graph file parsed. # of vertices = 91, # of edges = 273
s 57 12 13 18 20 21 25 27 28 29 32 36 39 43 44 50 54 55 81 58 62 63 86 68 74 70 72 75 87 85
t 2 3 7 57 14 16 18 19 21 25 28 31 33 42 46 52 50 51 54 58 62 86 74 70 88 77 79 80 87 85
Solution space ZDD construction start
TIMEOUT CPU 7200 MEM 0 MAXMEM 0
#RESULT: UNK
#FIN: TO
#CPU: 7200
#MAXMEM: 0
c 09993 killed(2). 09994 killed(2). 09993 killed(9). 09994 killed(9). 
#END: [Tue Aug  1 15:45:50 2023]
