#BEGIN: [Tue Aug  8 17:58:15 2023]
#HOST: mini29.local
#TIMELIMIT: 1800
#MEMLIMIT: 0
#FREQ: 10
#SOLVER: recon
#ARG1: benchmark/ISR-benchmark/random_instance/random_instance003_graph001.col
#ARG2: benchmark/ISR-benchmark/random_instance/random_instance003_graph001.dat
#COMMAND: /Users/soh/app/recon/src/recon benchmark/ISR-benchmark/random_instance/random_instance003_graph001.col benchmark/ISR-benchmark/random_instance/random_instance003_graph001.dat
c Copyright Volker Turau & Christoph Weyer, 2022
c Institute of Telematics
c Hamburg University of Technology, Hamburg, Germany
c Contact: turau@tuhh.de
c Graph file: benchmark/ISR-benchmark/random_instance/random_instance003_graph001.col
c Target file: benchmark/ISR-benchmark/random_instance/random_instance003_graph001.dat
c Size of independent set: 12
c Number of nodes of graph: 39
c Number of edges of graph: 117
c Average degree of graph: 6.00
s 4 6 9 14 16 17 21 25 28 29 30 34 
t 2 6 10 12 14 21 25 28 29 30 31 34 
c BFS found 7 new nodes in level 1 (total 8/268435456)
c BFS found 39 new nodes in level 2 (total 47/268435456)
c BFS found 163 new nodes in level 3 (total 210/268435456)
c BFS exiting found=true count=578 max_count=268435456
c Found with: Breadth First Search
a YES
a 4 6 9 14 16 17 21 25 28 29 30 34 
a 4 6 9 14 17 21 25 28 29 30 31 34 
a 4 6 9 10 14 21 25 28 29 30 31 34 
a 6 9 10 12 14 21 25 28 29 30 31 34 
a 2 6 10 12 14 21 25 28 29 30 31 34 
c Length: 4
	Command being timed: "/Users/soh/app/recon/src/recon benchmark/ISR-benchmark/random_instance/random_instance003_graph001.col benchmark/ISR-benchmark/random_instance/random_instance003_graph001.dat"
	User time (seconds): 0.00
	System time (seconds): 0.00
	Percent of CPU this job got: 12%
	Elapsed (wall clock) time (h:mm:ss or m:ss): 0:00.00
	Average shared text size (kbytes): 0
	Average unshared data size (kbytes): 0
	Average stack size (kbytes): 0
	Average total size (kbytes): 0
	Maximum resident set size (kbytes): 3473408
	Average resident set size (kbytes): 0
	Major (requiring I/O) page faults: 0
	Minor (reclaiming a frame) page faults: 353
	Voluntary context switches: 17
	Involuntary context switches: 2
	Swaps: 0
	File system inputs: 0
	File system outputs: 0
	Socket messages sent: 34
	Socket messages received: 0
	Signals delivered: 0
	Page size (bytes): 4096
	Exit status: 0
FINISHED CPU 0 MEM 0 MAXMEM 0 STALE 1
#RESULT: UNK
#FIN: FIN
#CPU: 0
#MAXMEM: 0
c 
#END: [Tue Aug  8 17:58:15 2023]
