#BEGIN: [Tue Aug  1 15:39:40 2023]
#HOST: mini26.local
#TIMELIMIT: 7200
#MEMLIMIT: 0
#FREQ: 10
#SOLVER: ddreconf230801-10h10m
#ARG1: benchmark/ISR-benchmark/random_instance/random_instance009_graph003.col
#ARG2: benchmark/ISR-benchmark/random_instance/random_instance009_graph003.dat
#COMMAND: /Users/soh/app/ddreconf230801-10h10m/ddreconf benchmark/ISR-benchmark/random_instance/random_instance009_graph003.col --indset --stwidth --stfile=benchmark/ISR-benchmark/random_instance/random_instance009_graph003.dat
Input graph file parsed. # of vertices = 117, # of edges = 351
s 2 3 8 9 18 19 20 21 22 23 25 31 32 33 34 36 38 108 42 43 45 46 47 50 53 59 60 65 71 85 86 76 78 82 104 98 99 100
t 1 5 7 8 90 10 14 15 18 19 24 27 33 35 108 42 43 51 54 57 60 61 63 68 72 117 74 86 84 79 80 101 95 98 99 111 103 112
Solution space ZDD construction start
TIMEOUT CPU 7200 MEM 0 MAXMEM 0
#RESULT: UNK
#FIN: TO
#CPU: 7200
#MAXMEM: 0
c 23446 killed(2). 23447 killed(2). 23446 killed(9). 23447 killed(9). 
#END: [Tue Aug  1 17:39:52 2023]
