#BEGIN: [Wed Jul 19 16:21:56 2023]
#HOST: mini23.local
#TIMELIMIT: 7200
#MEMLIMIT: 0
#FREQ: 10
#SOLVER: sat-based-isr-tj05-230719-15h37m
#ARG1: benchmark/ISR-benchmark/random_instance/random_instance020_graph001.col
#ARG2: benchmark/ISR-benchmark/random_instance/random_instance020_graph001.dat
#COMMAND: /Users/soh/app/scala-2.12.4/bin/scala -J-Xms32g -J-Xmx32g -cp /Users/soh/app/IsrForCompetition230719-15h37m/scop.jar:/Users/soh/app/IsrForCompetition230719-15h37m/isr4competition_2.12-1.3.5.jar fun.scop.app.isr.IsrSolverTj05 benchmark/ISR-benchmark/random_instance/random_instance020_graph001.col benchmark/ISR-benchmark/random_instance/random_instance020_graph001.dat cadical /Users/soh/app/IsrForCompetition230719-15h37m/cadical
#Nodes: 260
#Edges: 780
c (0) step 1 UNSAT 1640 5433
c (0) step 2 UNSAT 3179 10225
c (0) step 3 UNSAT 4958 15574
c (0) step 4 UNSAT 7057 21639
c (0) step 5 UNSAT 9556 28579
c (0) step 6 UNSAT 12535 36553
c (0) step 7 UNSAT 16074 45720
c (0) step 8 UNSAT 20253 56239
c (0) step 9 UNSAT 25152 68269
c (0) step 10 UNSAT 30851 81969
c (0) step 11 UNSAT 37430 97498
c (0) step 12 UNSAT 44969 115015
c (0) step 13 UNSAT 53548 134679
c (0) step 14 UNSAT 63247 156649
c (0) step 15 UNSAT 74146 181084
c (0) step 16 UNSAT 86325 208143
c (0) step 17 UNSAT 99864 237985
c (0) step 18 UNSAT 114843 270769
c (0) step 19 UNSAT 131342 306654
c (0) step 20 UNSAT 149441 345799
c (0) step 21 UNSAT 169220 388363
c (0) step 22 UNSAT 190759 434505
c (0) step 23 UNSAT 214138 484384
c (0) step 24 UNSAT 239437 538159
c (0) step 25 UNSAT 266736 595989
c (0) step 26 UNSAT 296115 658033
c (1) step 27 UNSAT 327654 724450
c (1) step 28 UNSAT 361433 795399
c (1) step 29 UNSAT 397532 871039
c (1) step 30 UNSAT 436031 951529
c (1) step 31 UNSAT 477010 1037028
c (1) step 32 UNSAT 520549 1127695
c (1) step 33 UNSAT 566728 1223689
c (1) step 34 UNSAT 615627 1325169
c (1) step 35 UNSAT 667326 1432294
c (2) step 36 UNSAT 721905 1545223
c (2) step 37 UNSAT 779444 1664115
c (2) step 38 UNSAT 840023 1789129
c (2) step 39 UNSAT 903722 1920424
c (2) step 40 UNSAT 970621 2058159
c (2) step 41 UNSAT 1040800 2202493
c (3) step 42 UNSAT 1114339 2353585
c (3) step 43 UNSAT 1191318 2511594
c (3) step 44 UNSAT 1271817 2676679
c (3) step 45 UNSAT 1355916 2848999
c (4) step 46 UNSAT 1443695 3028713
c (4) step 47 UNSAT 1535234 3215980
c (4) step 48 UNSAT 1630613 3410959
c (4) step 49 UNSAT 1729912 3613809
c (5) step 50 UNSAT 1833211 3824689
c (5) step 51 UNSAT 1940590 4043758
c (5) step 52 UNSAT 2052129 4271175
c (8) step 53 SAT 2167908 4507099
a YES
a 3 5 10 11 12 15 17 20 21 22 25 28 32 33 41 42 46 48 50 54 55 58 59 61 63 65 66 74 75 76 78 83 92 93 96 97 99 100 104 107 112 114 118 120 123 126 130 133 138 142 143 146 150 152 154 159 162 163 168 172 180 181 184 189 191 196 198 199 210 215 227 232 235 238 239 241 243 244 254 255 260
a 3 5 10 11 12 15 17 20 21 22 28 32 33 41 42 46 48 50 54 55 58 59 61 63 65 66 74 75 76 78 83 92 93 96 97 99 100 102 104 107 112 114 118 120 123 126 130 133 138 142 143 146 150 152 154 159 162 163 168 172 180 181 184 189 191 196 198 199 210 215 227 232 235 238 239 241 243 244 254 255 260
a 3 5 10 11 12 15 17 20 21 22 28 32 33 41 42 46 48 50 55 58 59 61 63 65 66 74 75 76 78 83 92 93 96 97 99 100 102 104 107 112 114 118 120 123 126 130 133 138 142 143 146 150 152 154 159 162 163 168 172 180 181 184 189 191 196 198 199 210 215 227 232 235 238 239 240 241 243 244 254 255 260
a 1 3 5 10 11 12 15 17 20 21 22 28 32 33 41 42 46 48 50 55 58 59 61 63 65 66 74 75 76 78 83 92 93 96 97 99 100 102 104 107 112 114 118 120 123 126 130 133 138 142 143 146 150 152 154 159 162 163 168 172 180 184 189 191 196 198 199 210 215 227 232 235 238 239 240 241 243 244 254 255 260
a 1 3 5 10 11 12 15 17 20 21 22 28 32 33 41 42 46 48 50 55 56 58 59 61 63 65 66 74 75 76 78 83 92 93 96 97 99 100 102 104 107 112 114 120 123 126 130 133 138 142 143 146 150 152 154 159 162 163 168 172 180 184 189 191 196 198 199 210 215 227 232 235 238 239 240 241 243 244 254 255 260
a 1 3 5 10 11 15 17 20 21 22 28 32 33 41 42 46 48 50 55 56 58 59 61 63 65 66 74 75 76 78 83 92 93 96 97 99 100 102 104 107 112 114 120 123 126 130 133 138 142 143 146 150 152 154 159 162 163 168 172 180 184 189 191 196 198 199 210 212 215 227 232 235 238 239 240 241 243 244 254 255 260
a 1 3 5 10 15 17 20 21 22 28 32 33 41 42 46 48 50 55 56 58 59 61 63 65 66 74 75 76 78 83 92 93 96 97 99 100 102 104 107 112 114 120 123 126 130 133 138 140 142 143 146 150 152 154 159 162 163 168 172 180 184 189 191 196 198 199 210 212 215 227 232 235 238 239 240 241 243 244 254 255 260
a 1 3 5 15 17 20 21 22 28 32 33 41 42 46 48 50 55 56 58 59 61 63 65 66 74 75 76 78 83 92 93 96 97 99 100 102 104 107 110 112 114 120 123 126 130 133 138 140 142 143 146 150 152 154 159 162 163 168 172 180 184 189 191 196 198 199 210 212 215 227 232 235 238 239 240 241 243 244 254 255 260
a 1 5 15 17 20 21 22 28 32 33 40 41 42 46 48 50 55 56 58 59 61 63 65 66 74 75 76 78 83 92 93 96 97 99 100 102 104 107 110 112 114 120 123 126 130 133 138 140 142 143 146 150 152 154 159 162 163 168 172 180 184 189 191 196 198 199 210 212 215 227 232 235 238 239 240 241 243 244 254 255 260
a 1 5 15 17 20 21 22 28 33 40 41 42 46 48 50 55 56 58 59 61 63 65 66 74 75 76 78 83 92 93 96 97 99 100 102 104 107 110 112 114 117 120 123 126 130 133 138 140 142 143 146 150 152 154 159 162 163 168 172 180 184 189 191 196 198 199 210 212 215 227 232 235 238 239 240 241 243 244 254 255 260
a 1 5 15 17 20 21 22 28 40 41 42 46 48 50 55 56 58 59 61 63 65 66 74 75 76 78 83 92 93 96 97 99 100 102 104 107 110 112 114 117 120 123 126 130 133 138 140 142 143 146 150 152 154 159 160 162 163 168 172 180 184 189 191 196 198 199 210 212 215 227 232 235 238 239 240 241 243 244 254 255 260
a 1 5 15 17 20 21 22 28 40 41 42 48 50 55 56 58 59 61 63 65 66 74 75 76 78 83 92 93 96 97 99 100 102 104 107 110 112 114 117 120 123 126 130 133 138 140 142 143 146 150 152 154 159 160 162 163 168 172 180 184 189 191 196 198 199 210 212 215 227 232 235 237 238 239 240 241 243 244 254 255 260
a 1 5 15 17 20 21 22 28 40 41 48 50 55 56 58 59 61 63 65 66 74 75 76 78 83 92 93 96 97 99 100 102 104 107 110 112 114 115 117 120 123 126 130 133 138 140 142 143 146 150 152 154 159 160 162 163 168 172 180 184 189 191 196 198 199 210 212 215 227 232 235 237 238 239 240 241 243 244 254 255 260
a 1 5 15 17 20 21 22 28 40 41 48 55 56 58 59 61 63 65 66 74 75 76 78 83 92 93 96 97 99 100 102 104 107 110 112 114 115 117 120 123 126 130 133 138 140 142 143 146 150 152 154 159 160 162 163 168 171 172 180 184 189 191 196 198 199 210 212 215 227 232 235 237 238 239 240 241 243 244 254 255 260
a 1 15 17 20 21 22 28 40 41 48 55 56 58 59 61 63 65 66 74 75 76 78 83 92 93 96 97 99 100 102 104 107 110 112 114 115 117 120 123 126 130 133 138 140 142 143 146 150 152 154 159 160 162 163 168 171 172 180 184 189 191 196 198 199 210 212 215 217 227 232 235 237 238 239 240 241 243 244 254 255 260
a 1 15 17 20 21 22 28 40 41 48 56 58 59 61 63 65 66 74 75 76 78 83 87 92 93 96 97 99 100 102 104 107 110 112 114 115 117 120 123 126 130 133 138 140 142 143 146 150 152 154 159 160 162 163 168 171 172 180 184 189 191 196 198 199 210 212 215 217 227 232 235 237 238 239 240 241 243 244 254 255 260
a 1 15 17 20 21 22 28 40 41 48 56 58 59 61 63 65 66 75 76 78 83 87 92 93 96 97 99 100 102 104 107 110 112 114 115 117 120 123 126 130 133 138 140 142 143 146 150 152 154 159 160 162 163 168 171 172 180 184 189 191 196 198 199 210 212 215 217 220 227 232 235 237 238 239 240 241 243 244 254 255 260
a 1 15 17 20 21 22 28 40 41 48 56 58 59 61 63 65 66 75 76 82 83 87 92 93 96 97 99 100 102 104 107 110 112 114 115 117 120 123 126 130 133 138 140 142 143 146 150 152 154 159 160 162 163 168 171 172 180 184 189 191 196 198 199 210 212 215 217 220 227 232 235 237 238 239 240 241 243 244 254 255 260
a 1 15 20 21 22 28 35 40 41 48 56 58 59 61 63 65 66 75 76 82 83 87 92 93 96 97 99 100 102 104 107 110 112 114 115 117 120 123 126 130 133 138 140 142 143 146 150 152 154 159 160 162 163 168 171 172 180 184 189 191 196 198 199 210 212 215 217 220 227 232 235 237 238 239 240 241 243 244 254 255 260
a 1 15 20 21 22 28 35 39 40 48 56 58 59 61 63 65 66 75 76 82 83 87 92 93 96 97 99 100 102 104 107 110 112 114 115 117 120 123 126 130 133 138 140 142 143 146 150 152 154 159 160 162 163 168 171 172 180 184 189 191 196 198 199 210 212 215 217 220 227 232 235 237 238 239 240 241 243 244 254 255 260
a 1 15 20 21 22 28 35 39 40 48 56 58 59 61 63 64 65 66 75 76 82 87 92 93 96 97 99 100 102 104 107 110 112 114 115 117 120 123 126 130 133 138 140 142 143 146 150 152 154 159 160 162 163 168 171 172 180 184 189 191 196 198 199 210 212 215 217 220 227 232 235 237 238 239 240 241 243 244 254 255 260
a 1 15 20 21 22 28 35 39 40 48 56 58 59 61 63 64 65 66 72 75 76 82 87 92 93 96 97 99 100 102 104 107 110 112 114 115 117 120 123 126 130 133 138 140 142 143 146 150 152 154 159 160 162 163 168 171 172 180 184 189 191 196 198 199 210 212 215 217 220 227 232 235 237 238 239 240 241 243 244 255 260
a 1 15 20 21 22 28 35 39 40 48 56 58 59 61 63 64 65 66 72 75 76 82 87 92 93 96 97 99 100 102 104 107 110 112 114 115 117 120 123 126 130 133 138 140 142 143 146 150 152 154 159 160 162 163 168 171 172 180 184 189 191 196 198 199 210 212 215 217 220 227 232 235 237 239 240 241 242 243 244 255 260
a 1 15 20 21 22 28 35 39 40 48 56 58 59 61 63 64 65 66 72 75 76 82 87 92 93 96 97 99 100 102 104 107 110 112 114 115 117 120 123 126 130 133 138 140 142 143 146 150 152 154 159 160 162 163 168 171 172 180 184 189 191 196 198 199 210 212 215 217 220 225 232 235 237 239 240 241 242 243 244 255 260
a 1 15 20 21 22 28 35 39 40 48 56 58 59 61 63 64 65 66 70 72 75 76 82 87 92 93 96 97 99 100 102 104 107 110 112 114 115 117 120 123 126 130 133 138 140 142 143 146 150 152 154 159 160 162 163 168 171 172 180 184 189 191 196 198 210 212 215 217 220 225 232 235 237 239 240 241 242 243 244 255 260
a 1 15 20 21 22 28 35 39 40 56 58 59 61 63 64 65 66 70 72 75 76 82 87 92 93 96 97 99 100 102 104 107 108 110 112 114 115 117 120 123 126 130 133 138 140 142 143 146 150 152 154 159 160 162 163 168 171 172 180 184 189 191 196 198 210 212 215 217 220 225 232 235 237 239 240 241 242 243 244 255 260
a 1 15 20 21 22 28 35 37 39 40 56 58 59 61 63 64 65 66 70 72 75 76 82 87 92 93 96 97 99 100 102 104 107 108 110 112 114 115 117 120 123 126 130 133 138 140 142 143 146 150 152 154 159 160 162 163 168 171 172 180 184 189 191 196 198 212 215 217 220 225 232 235 237 239 240 241 242 243 244 255 260
a 1 15 20 21 22 28 35 37 39 40 56 58 59 61 63 64 65 66 70 72 75 76 82 87 92 93 96 97 99 100 102 104 107 108 110 112 114 115 117 120 123 126 130 133 138 140 142 143 146 150 152 154 159 160 162 163 168 171 172 180 184 189 191 198 212 215 217 220 225 232 235 237 239 240 241 242 243 244 245 255 260
a 1 15 20 21 22 28 35 37 39 40 56 58 59 61 63 64 65 66 70 72 75 76 82 87 92 93 96 97 99 100 102 104 107 108 110 112 114 115 117 119 120 123 126 130 133 138 140 142 143 146 150 152 154 159 160 162 163 168 171 172 180 184 191 198 212 215 217 220 225 232 235 237 239 240 241 242 243 244 245 255 260
a 1 15 20 21 22 28 35 37 39 40 56 58 59 63 64 65 66 70 72 75 76 82 87 92 93 96 97 99 100 102 104 107 108 110 112 114 115 117 119 120 123 126 130 133 138 140 142 143 146 150 152 154 159 160 162 163 168 171 172 180 184 191 193 198 212 215 217 220 225 232 235 237 239 240 241 242 243 244 245 255 260
a 1 15 20 21 22 28 35 37 39 40 56 58 59 63 64 65 66 70 72 75 76 82 87 92 93 96 97 99 100 102 104 107 108 110 112 114 115 117 119 120 123 126 130 133 138 140 142 143 146 150 152 154 159 160 161 162 163 168 171 172 180 184 191 193 212 215 217 220 225 232 235 237 239 240 241 242 243 244 245 255 260
a 1 15 20 21 22 28 35 37 39 40 56 58 59 63 64 65 66 70 72 75 76 82 87 92 93 96 97 99 100 102 104 107 108 110 112 114 115 117 119 120 123 126 130 133 138 140 142 143 146 150 152 154 160 161 162 163 168 171 172 180 184 191 193 205 212 215 217 220 225 232 235 237 239 240 241 242 243 244 245 255 260
a 1 15 20 21 22 28 35 37 39 40 49 56 58 59 64 65 66 70 72 75 76 82 87 92 93 96 97 99 100 102 104 107 108 110 112 114 115 117 119 120 123 126 130 133 138 140 142 143 146 150 152 154 160 161 162 163 168 171 172 180 184 191 193 205 212 215 217 220 225 232 235 237 239 240 241 242 243 244 245 255 260
a 1 15 20 21 22 28 35 37 39 40 49 56 58 59 64 65 70 72 75 76 82 87 92 93 96 97 99 100 102 104 107 108 110 112 114 115 117 119 120 123 126 130 133 138 140 142 143 146 150 152 154 158 160 161 162 163 168 171 172 180 184 191 193 205 212 215 217 220 225 232 235 237 239 240 241 242 243 244 245 255 260
a 1 15 20 21 22 28 35 37 39 40 49 56 58 59 64 65 70 72 75 82 87 92 93 96 97 99 100 102 104 107 108 110 112 114 115 117 119 120 123 126 130 133 138 140 142 143 146 150 152 154 158 160 161 162 163 168 171 172 175 180 184 191 193 205 212 215 217 220 225 232 235 237 239 240 241 242 243 244 245 255 260
a 1 15 20 21 22 28 35 37 39 40 49 56 58 59 64 65 70 72 75 81 82 87 92 93 96 97 99 100 102 104 107 108 110 112 114 115 117 119 120 123 126 133 138 140 142 143 146 150 152 154 158 160 161 162 163 168 171 172 175 180 184 191 193 205 212 215 217 220 225 232 235 237 239 240 241 242 243 244 245 255 260
a 1 15 20 21 22 28 35 37 39 40 49 56 58 59 64 65 70 72 75 81 82 87 92 93 96 97 99 100 102 104 107 108 110 112 114 115 117 119 120 123 126 133 138 140 142 143 146 150 152 154 158 160 161 162 163 168 171 172 175 180 184 191 193 205 206 212 215 217 220 225 232 235 237 239 240 241 242 244 245 255 260
a 1 15 20 21 22 28 35 37 39 40 49 56 58 59 64 65 70 72 75 81 82 87 92 93 96 97 99 100 102 104 107 108 110 112 114 115 117 119 120 123 126 133 138 140 142 143 146 150 152 154 158 160 161 162 163 168 171 172 175 180 184 186 191 193 205 206 212 215 217 220 225 232 235 237 240 241 242 244 245 255 260
a 1 15 20 21 22 28 35 37 39 40 49 56 58 59 64 65 70 72 75 81 82 87 92 93 96 97 99 100 102 104 107 108 110 112 114 115 117 119 120 123 124 126 133 138 140 142 143 146 150 152 154 158 160 161 162 163 168 171 172 175 184 186 191 193 205 206 212 215 217 220 225 232 235 237 240 241 242 244 245 255 260
a 1 15 20 21 22 28 35 37 39 40 49 56 58 59 64 65 70 72 75 81 82 87 92 93 96 97 99 100 102 104 107 108 110 112 114 115 117 119 120 123 124 126 133 138 140 143 146 150 152 154 158 160 161 162 163 168 171 172 175 184 186 191 193 205 206 212 214 215 217 220 225 232 235 237 240 241 242 244 245 255 260
a 1 15 20 21 22 28 35 37 39 40 49 56 58 59 64 65 70 72 75 80 81 82 87 92 93 96 97 99 100 102 104 107 108 110 112 114 115 117 119 120 123 124 126 133 138 140 143 146 150 152 154 158 160 161 162 163 171 172 175 184 186 191 193 205 206 212 214 215 217 220 225 232 235 237 240 241 242 244 245 255 260
a 1 15 20 21 22 28 35 37 39 40 49 56 58 59 64 65 70 72 75 80 81 82 87 92 93 96 97 99 100 102 104 107 108 110 112 114 115 117 119 120 123 124 133 138 140 143 146 150 152 154 158 160 161 162 163 171 172 175 184 186 191 193 202 205 206 212 214 215 217 220 225 232 235 237 240 241 242 244 245 255 260
a 1 15 20 21 22 28 35 37 39 40 49 56 58 59 64 65 70 72 75 80 81 82 87 92 93 95 96 97 99 100 102 104 107 108 110 112 114 115 117 119 120 123 124 133 138 140 143 146 150 152 154 158 160 161 162 163 171 172 175 184 186 191 193 202 205 206 212 214 215 217 220 225 232 237 240 241 242 244 245 255 260
a 1 15 20 21 22 28 35 37 39 40 49 56 58 59 64 65 70 72 75 80 81 82 87 92 93 95 96 97 99 100 102 107 108 110 112 114 115 117 119 120 123 124 133 138 140 143 144 146 150 152 154 158 160 161 162 163 171 172 175 184 186 191 193 202 205 206 212 214 215 217 220 225 232 237 240 241 242 244 245 255 260
a 1 15 20 21 22 28 35 37 39 40 49 56 58 59 64 65 70 72 75 80 81 82 87 92 93 95 96 97 99 102 107 108 110 112 114 115 117 119 120 123 124 133 138 140 143 144 146 150 152 154 158 160 161 162 163 171 172 175 184 186 191 193 202 205 206 212 214 215 217 220 223 225 232 237 240 241 242 244 245 255 260
a 1 15 20 21 22 28 35 37 39 40 49 56 58 59 64 65 70 72 75 80 81 82 87 92 93 95 96 97 99 102 107 108 110 112 114 115 117 119 120 123 124 133 138 140 143 144 146 150 152 154 158 160 161 162 163 165 171 172 175 184 186 191 193 202 205 206 212 214 215 217 220 223 225 232 237 240 241 242 244 245 260
a 1 15 20 21 22 28 35 37 39 40 49 56 58 59 64 65 70 72 75 80 81 82 87 92 93 95 96 97 99 102 107 108 110 112 114 115 117 119 120 123 124 133 138 140 143 144 146 152 154 158 160 161 162 163 165 169 171 172 175 184 186 191 193 202 205 206 212 214 215 217 220 223 225 232 237 240 241 242 244 245 260
a 1 15 19 20 21 22 28 35 37 39 40 49 56 58 59 64 65 70 72 75 80 81 82 87 92 93 95 96 97 99 102 107 108 110 112 114 115 117 119 120 123 124 133 138 140 143 144 146 154 158 160 161 162 163 165 169 171 172 175 184 186 191 193 202 205 206 212 214 215 217 220 223 225 232 237 240 241 242 244 245 260
a 1 15 19 20 21 22 28 35 37 39 40 49 56 58 59 64 65 70 72 75 80 81 82 87 92 93 95 96 97 102 107 108 110 112 114 115 117 119 120 123 124 133 138 140 143 144 146 154 158 160 161 162 163 165 169 171 172 175 177 184 186 191 193 202 205 206 212 214 215 217 220 223 225 232 237 240 241 242 244 245 260
a 1 15 19 20 21 22 28 35 37 39 40 49 56 58 59 64 65 70 72 75 80 81 82 87 92 93 95 96 97 102 107 108 110 112 114 115 117 119 120 123 124 133 138 140 143 144 146 154 158 160 161 162 163 165 169 171 175 177 184 186 187 191 193 202 205 206 212 214 215 217 220 223 225 232 237 240 241 242 244 245 260
a 1 15 19 20 21 22 28 35 37 39 40 49 56 58 59 64 65 70 72 75 80 81 82 87 92 93 95 96 97 102 106 107 108 110 114 115 117 119 120 123 124 133 138 140 143 144 146 154 158 160 161 162 163 165 169 171 175 177 184 186 187 191 193 202 205 206 212 214 215 217 220 223 225 232 237 240 241 242 244 245 260
a 1 15 19 20 21 22 28 35 37 39 40 49 56 58 59 64 65 70 72 75 80 81 82 87 92 95 96 97 102 106 107 108 110 114 115 117 119 120 123 124 133 138 140 143 144 146 154 158 160 161 162 163 165 169 171 175 177 184 186 187 191 193 202 205 206 212 214 215 217 220 223 225 226 232 237 240 241 242 244 245 260
a 1 15 19 20 21 22 28 35 37 39 40 49 56 58 59 64 65 70 72 75 80 81 82 85 87 92 95 96 97 102 106 107 108 110 114 115 117 119 120 123 124 133 140 143 144 146 154 158 160 161 162 163 165 169 171 175 177 184 186 187 191 193 202 205 206 212 214 215 217 220 223 225 226 232 237 240 241 242 244 245 260
a 1 15 19 20 21 22 28 35 37 39 40 49 56 58 59 64 65 70 72 75 80 81 82 85 87 92 95 96 97 102 106 107 108 110 114 115 117 119 123 124 133 140 143 144 146 154 158 160 161 162 163 165 169 171 175 177 179 184 186 187 191 193 202 205 206 212 214 215 217 220 223 225 226 232 237 240 241 242 244 245 260
	Command being timed: "/Users/soh/app/scala-2.12.4/bin/scala -J-Xms32g -J-Xmx32g -cp /Users/soh/app/IsrForCompetition230719-15h37m/scop.jar:/Users/soh/app/IsrForCompetition230719-15h37m/isr4competition_2.12-1.3.5.jar fun.scop.app.isr.IsrSolverTj05 benchmark/ISR-benchmark/random_instance/random_instance020_graph001.col benchmark/ISR-benchmark/random_instance/random_instance020_graph001.dat cadical /Users/soh/app/IsrForCompetition230719-15h37m/cadical"
	User time (seconds): 8.98
	System time (seconds): 1.66
	Percent of CPU this job got: 111%
	Elapsed (wall clock) time (h:mm:ss or m:ss): 0:09.53
	Average shared text size (kbytes): 0
	Average unshared data size (kbytes): 0
	Average stack size (kbytes): 0
	Average total size (kbytes): 0
	Maximum resident set size (kbytes): 32831520768
	Average resident set size (kbytes): 0
	Major (requiring I/O) page faults: 0
	Minor (reclaiming a frame) page faults: 2016509
	Voluntary context switches: 36
	Involuntary context switches: 3752
	Swaps: 0
	File system inputs: 0
	File system outputs: 0
	Socket messages sent: 41
	Socket messages received: 0
	Signals delivered: 5
	Page size (bytes): 4096
	Exit status: 0
FINISHED CPU 10.64 MEM 0 MAXMEM 0 STALE 1
#RESULT: UNK
#FIN: FIN
#CPU: 10.64
#MAXMEM: 0
c 
#END: [Wed Jul 19 16:22:05 2023]
