#BEGIN: [Tue Aug  8 18:29:13 2023]
#HOST: mini27.local
#TIMELIMIT: 1800
#MEMLIMIT: 0
#FREQ: 10
#SOLVER: recon
#ARG1: benchmark/ISR-benchmark/random_instance/random_instance007_graph002.col
#ARG2: benchmark/ISR-benchmark/random_instance/random_instance007_graph002.dat
#COMMAND: /Users/soh/app/recon/src/recon benchmark/ISR-benchmark/random_instance/random_instance007_graph002.col benchmark/ISR-benchmark/random_instance/random_instance007_graph002.dat
c Copyright Volker Turau & Christoph Weyer, 2022
c Institute of Telematics
c Hamburg University of Technology, Hamburg, Germany
c Contact: turau@tuhh.de
c Graph file: benchmark/ISR-benchmark/random_instance/random_instance007_graph002.col
c Target file: benchmark/ISR-benchmark/random_instance/random_instance007_graph002.dat
c Size of independent set: 29
c Number of nodes of graph: 91
c Number of edges of graph: 273
c Average degree of graph: 6.00
s 7 9 11 14 16 22 23 25 36 38 39 40 41 43 44 46 48 49 54 55 60 62 63 64 67 71 79 81 89 
t 2 4 5 6 7 9 10 11 16 22 26 27 34 36 38 48 52 54 60 61 64 65 71 72 73 74 75 77 80 
c BFS found 11 new nodes in level 1 (total 12/244032232)
c BFS found 127 new nodes in level 2 (total 139/244032232)
c BFS found 941 new nodes in level 3 (total 1080/244032232)
c BFS found 5572 new nodes in level 4 (total 6652/244032232)
c BFS found 31446 new nodes in level 5 (total 38064/244032232)
c BFS found 165887 new nodes in level 6 (total 203651/244032232)
c BFS found 785579 new nodes in level 7 (total 987371/244032232)
c BFS found 3274095 new nodes in level 8 (total 4249544/244032232)
c BFS found 11930544 new nodes in level 9 (total 16106335/244032232)
c BFS found 38039290 new nodes in level 10 (total 53744231/244032232)
TIMEOUT CPU 1800 MEM 0 MAXMEM 0
#RESULT: UNK
#FIN: TO
#CPU: 1800
#MAXMEM: 0
c 22831 killed(2). 22832 killed(2). 22831 killed(9). 22832 killed(9). 
#END: [Tue Aug  8 18:59:13 2023]
