#BEGIN: [Tue Aug  1 13:43:39 2023]
#HOST: mini30.local
#TIMELIMIT: 7200
#MEMLIMIT: 0
#FREQ: 10
#SOLVER: ddreconf230801-10h10m
#ARG1: benchmark/ISR-benchmark/random_instance/random_instance007_graph003.col
#ARG2: benchmark/ISR-benchmark/random_instance/random_instance007_graph003.dat
#COMMAND: /Users/soh/app/ddreconf230801-10h10m/ddreconf benchmark/ISR-benchmark/random_instance/random_instance007_graph003.col --indset --stwidth --stfile=benchmark/ISR-benchmark/random_instance/random_instance007_graph003.dat
Input graph file parsed. # of vertices = 91, # of edges = 273
s 6 9 11 12 13 15 17 18 20 29 31 87 33 34 36 85 43 45 46 47 50 56 58 79 76 72 86 82 77 81 88 91
t 3 4 6 15 18 19 20 22 27 28 32 33 36 85 40 42 43 45 46 49 56 79 76 65 66 67 70 82 81 88 91 90
Solution space ZDD construction start
TIMEOUT CPU 7200 MEM 0 MAXMEM 0
#RESULT: UNK
#FIN: TO
#CPU: 7200
#MAXMEM: 0
c 20728 killed(2). 20727 killed(2). 20728 killed(9). 20727 killed(9). 
#END: [Tue Aug  1 15:43:50 2023]
