#BEGIN: [Wed Jul 19 16:20:49 2023]
#HOST: mini28.local
#TIMELIMIT: 7200
#MEMLIMIT: 0
#FREQ: 10
#SOLVER: sat-based-isr-tj05-230719-15h37m
#ARG1: benchmark/ISR-benchmark/random_instance/random_instance005_graph002.col
#ARG2: benchmark/ISR-benchmark/random_instance/random_instance005_graph002.dat
#COMMAND: /Users/soh/app/scala-2.12.4/bin/scala -J-Xms32g -J-Xmx32g -cp /Users/soh/app/IsrForCompetition230719-15h37m/scop.jar:/Users/soh/app/IsrForCompetition230719-15h37m/isr4competition_2.12-1.3.5.jar fun.scop.app.isr.IsrSolverTj05 benchmark/ISR-benchmark/random_instance/random_instance005_graph002.col benchmark/ISR-benchmark/random_instance/random_instance005_graph002.dat cadical /Users/soh/app/IsrForCompetition230719-15h37m/cadical
#Nodes: 64
#Edges: 195
WARNING. There is missing goal nodes: {43}
c (0) step 1 UNSAT 404 1339
c (0) step 2 UNSAT 783 2518
c (0) step 3 UNSAT 1222 3834
c (0) step 4 UNSAT 1741 5326
c (0) step 5 UNSAT 2360 7033
c (0) step 6 UNSAT 3099 8994
c (0) step 7 UNSAT 3978 11248
c (0) step 8 UNSAT 5017 13834
c (0) step 9 SAT 6236 16791
a YES
a 1 4 5 6 9 14 18 21 24 39 41 45 47 48 49 52 53 56 57 58 61
a 1 4 5 6 9 14 18 21 24 39 41 45 47 48 49 52 53 56 58 61 65
a 1 4 5 6 9 14 18 20 24 39 41 45 47 48 49 52 53 56 58 61 65
a 1 4 5 6 7 9 14 18 20 39 41 45 47 48 49 52 53 56 58 61 65
a 1 4 5 6 7 9 14 18 20 39 41 42 47 48 49 52 53 56 58 61 65
a 1 4 5 6 7 14 18 20 30 39 41 42 47 48 49 52 53 56 58 61 65
a 1 4 5 7 8 14 18 20 30 39 41 42 47 48 49 52 53 56 58 61 65
a 4 5 7 8 14 18 20 30 31 39 41 42 47 48 49 52 53 56 58 61 65
a 4 5 7 8 14 18 20 29 30 31 41 42 47 48 49 52 53 56 58 61 65
a 5 7 8 14 18 20 29 30 31 41 42 47 48 49 51 52 53 56 58 61 65
	Command being timed: "/Users/soh/app/scala-2.12.4/bin/scala -J-Xms32g -J-Xmx32g -cp /Users/soh/app/IsrForCompetition230719-15h37m/scop.jar:/Users/soh/app/IsrForCompetition230719-15h37m/isr4competition_2.12-1.3.5.jar fun.scop.app.isr.IsrSolverTj05 benchmark/ISR-benchmark/random_instance/random_instance005_graph002.col benchmark/ISR-benchmark/random_instance/random_instance005_graph002.dat cadical /Users/soh/app/IsrForCompetition230719-15h37m/cadical"
	User time (seconds): 1.02
	System time (seconds): 0.09
	Percent of CPU this job got: 156%
	Elapsed (wall clock) time (h:mm:ss or m:ss): 0:00.71
	Average shared text size (kbytes): 0
	Average unshared data size (kbytes): 0
	Average stack size (kbytes): 0
	Average total size (kbytes): 0
	Maximum resident set size (kbytes): 916013056
	Average resident set size (kbytes): 0
	Major (requiring I/O) page faults: 0
	Minor (reclaiming a frame) page faults: 61913
	Voluntary context switches: 34
	Involuntary context switches: 2860
	Swaps: 0
	File system inputs: 0
	File system outputs: 0
	Socket messages sent: 38
	Socket messages received: 0
	Signals delivered: 4
	Page size (bytes): 4096
	Exit status: 0
FINISHED CPU 1.11 MEM 0 MAXMEM 0 STALE 1
#RESULT: UNK
#FIN: FIN
#CPU: 1.11
#MAXMEM: 0
c 
#END: [Wed Jul 19 16:20:50 2023]
