#BEGIN: [Tue Aug  1 12:58:39 2023]
#HOST: mini24.local
#TIMELIMIT: 7200
#MEMLIMIT: 0
#FREQ: 10
#SOLVER: ddreconf230801-10h10m
#ARG1: benchmark/ISR-benchmark/random_instance/random_instance002_graph004.col
#ARG2: benchmark/ISR-benchmark/random_instance/random_instance002_graph004.dat
#COMMAND: /Users/soh/app/ddreconf230801-10h10m/ddreconf benchmark/ISR-benchmark/random_instance/random_instance002_graph004.col --indset --stwidth --stfile=benchmark/ISR-benchmark/random_instance/random_instance002_graph004.dat
Input graph file parsed. # of vertices = 26, # of edges = 78
s 2 3 6 7 10 11 12 20
t 2 4 5 8 15 16 17 18
Solution space ZDD construction start
Solution space ZDD construction end
Solution space ZDD construction time = 0.004705
Solution space ZDD size = 608
# of elements in the solution space = 14355
Start computing the width of the solution space graph
Zs_1 construction time = 0.000048, # ZDD nodes = 18, # elems = 4
Zt_1 construction time = 0.000029, # ZDD nodes = 32, # elems = 7
Zs_2 construction time = 0.000082, # ZDD nodes = 53, # elems = 25
Zt_2 construction time = 0.000125, # ZDD nodes = 81, # elems = 38
Zs_3 construction time = 0.000211, # ZDD nodes = 104, # elems = 52
Zt_3 construction time = 0.000321, # ZDD nodes = 145, # elems = 78
Zs_4 construction time = 0.000397, # ZDD nodes = 168, # elems = 83
Reconf seq found. Shortest length = 7
Zt_4 construction time = 0.000550, # ZDD nodes = 197, # elems = 103
Zs_5 construction time = 0.000602, # ZDD nodes = 194, # elems = 90
Zt_5 construction time = 0.000729, # ZDD nodes = 214, # elems = 98
Zs_6 construction time = 0.000642, # ZDD nodes = 167, # elems = 69
Zt_6 construction time = 0.000695, # ZDD nodes = 181, # elems = 87
Zs_7 construction time = 0.000502, # ZDD nodes = 157, # elems = 70
Zt_7 construction time = 0.000455, # ZDD nodes = 116, # elems = 54
Card(Zs_0 & Zt_7) = 1
Card(Zs_1 & Zt_6) = 2
Card(Zs_2 & Zt_5) = 3
Card(Zs_3 & Zt_4) = 5
Card(Zs_4 & Zt_3) = 8
Card(Zs_5 & Zt_2) = 8
Card(Zs_6 & Zt_1) = 3
Card(Zs_7 & Zt_0) = 1
max card = 8
max card index = 4
a YES
a 2 3 6 7 10 11 12 20
a 2 3 6 7 8 11 12 20
a 2 3 6 7 8 11 16 20
a 2 6 7 8 11 16 17 20
a 2 5 6 8 11 16 17 20
a 2 5 6 8 16 17 18 20
a 2 4 5 6 8 16 17 18
a 2 4 5 8 15 16 17 18
Reconfiguration time = 0.007051
	Command being timed: "/Users/soh/app/ddreconf230801-10h10m/ddreconf benchmark/ISR-benchmark/random_instance/random_instance002_graph004.col --indset --stwidth --stfile=benchmark/ISR-benchmark/random_instance/random_instance002_graph004.dat"
	User time (seconds): 0.02
	System time (seconds): 0.00
	Percent of CPU this job got: 71%
	Elapsed (wall clock) time (h:mm:ss or m:ss): 0:00.03
	Average shared text size (kbytes): 0
	Average unshared data size (kbytes): 0
	Average stack size (kbytes): 0
	Average total size (kbytes): 0
	Maximum resident set size (kbytes): 124731392
	Average resident set size (kbytes): 0
	Major (requiring I/O) page faults: 0
	Minor (reclaiming a frame) page faults: 7753
	Voluntary context switches: 20
	Involuntary context switches: 3
	Swaps: 0
	File system inputs: 0
	File system outputs: 0
	Socket messages sent: 34
	Socket messages received: 0
	Signals delivered: 0
	Page size (bytes): 4096
	Exit status: 0
FINISHED CPU 0.02 MEM 0 MAXMEM 0 STALE 1
#RESULT: UNK
#FIN: FIN
#CPU: 0.02
#MAXMEM: 0
c 
#END: [Tue Aug  1 12:58:39 2023]
