#BEGIN: [Tue Aug  1 16:53:41 2023]
#HOST: mini22.local
#TIMELIMIT: 7200
#MEMLIMIT: 0
#FREQ: 10
#SOLVER: ddreconf230801-10h10m
#ARG1: benchmark/ISR-benchmark/random_instance/random_instance011_graph001.col
#ARG2: benchmark/ISR-benchmark/random_instance/random_instance011_graph001.dat
#COMMAND: /Users/soh/app/ddreconf230801-10h10m/ddreconf benchmark/ISR-benchmark/random_instance/random_instance011_graph001.col --indset --stwidth --stfile=benchmark/ISR-benchmark/random_instance/random_instance011_graph001.dat
Input graph file parsed. # of vertices = 143, # of edges = 429
s 5 10 11 14 119 20 22 48 27 32 36 37 38 41 78 76 53 58 59 60 62 63 111 68 70 74 79 81 85 86 93 97 130 124 109 110 112 114 132 126 142 131 137 135 141
t 1 3 9 14 20 22 48 27 30 32 37 38 78 44 76 51 52 122 55 58 59 60 62 63 64 65 111 70 81 85 86 89 92 93 113 96 107 132 118 125 126 129 131 143 141
Solution space ZDD construction start
Command terminated by signal 9
	Command being timed: "/Users/soh/app/ddreconf230801-10h10m/ddreconf benchmark/ISR-benchmark/random_instance/random_instance011_graph001.col --indset --stwidth --stfile=benchmark/ISR-benchmark/random_instance/random_instance011_graph001.dat"
	User time (seconds): 1857.57
	System time (seconds): 2133.53
	Percent of CPU this job got: 60%
	Elapsed (wall clock) time (h:mm:ss or m:ss): 1:49:49
	Average shared text size (kbytes): 0
	Average unshared data size (kbytes): 0
	Average stack size (kbytes): 0
	Average total size (kbytes): 0
	Maximum resident set size (kbytes): 255775440896
	Average resident set size (kbytes): 0
	Major (requiring I/O) page faults: 0
	Minor (reclaiming a frame) page faults: 284267335
	Voluntary context switches: 4539200
	Involuntary context switches: 3029533
	Swaps: 0
	File system inputs: 0
	File system outputs: 0
	Socket messages sent: 36
	Socket messages received: 0
	Signals delivered: 0
	Page size (bytes): 4096
	Exit status: 0
FINISHED CPU 3991.1 MEM 0 MAXMEM 0 STALE 1
#RESULT: UNK
#FIN: FIN
#CPU: 3991.1
#MAXMEM: 0
c 
#END: [Tue Aug  1 18:43:31 2023]
