#BEGIN: [Wed Jul 19 16:21:09 2023]
#HOST: mini27.local
#TIMELIMIT: 7200
#MEMLIMIT: 0
#FREQ: 10
#SOLVER: sat-based-isr-tj05-230719-15h37m
#ARG1: benchmark/ISR-benchmark/random_instance/random_instance014_graph001.col
#ARG2: benchmark/ISR-benchmark/random_instance/random_instance014_graph001.dat
#COMMAND: /Users/soh/app/scala-2.12.4/bin/scala -J-Xms32g -J-Xmx32g -cp /Users/soh/app/IsrForCompetition230719-15h37m/scop.jar:/Users/soh/app/IsrForCompetition230719-15h37m/isr4competition_2.12-1.3.5.jar fun.scop.app.isr.IsrSolverTj05 benchmark/ISR-benchmark/random_instance/random_instance014_graph001.col benchmark/ISR-benchmark/random_instance/random_instance014_graph001.dat cadical /Users/soh/app/IsrForCompetition230719-15h37m/cadical
#Nodes: 182
#Edges: 546
c (0) step 1 UNSAT 1152 3813
c (0) step 2 UNSAT 2241 7197
c (0) step 3 UNSAT 3510 10998
c (0) step 4 UNSAT 5019 15335
c (0) step 5 UNSAT 6828 20327
c (0) step 6 UNSAT 8997 26093
c (0) step 7 UNSAT 11586 32752
c (0) step 8 UNSAT 14655 40423
c (0) step 9 UNSAT 18264 49225
c (0) step 10 UNSAT 22473 59277
c (0) step 11 UNSAT 27342 70698
c (0) step 12 UNSAT 32931 83607
c (0) step 13 UNSAT 39300 98123
c (0) step 14 UNSAT 46509 114365
c (0) step 15 UNSAT 54618 132452
c (0) step 16 UNSAT 63687 152503
c (0) step 17 UNSAT 73776 174637
c (0) step 18 UNSAT 84945 198973
c (0) step 19 UNSAT 97254 225630
c (0) step 20 UNSAT 110763 254727
c (0) step 21 UNSAT 125532 286383
c (0) step 22 UNSAT 141621 320717
c (0) step 23 UNSAT 159090 357848
c (0) step 24 UNSAT 177999 397895
c (0) step 25 UNSAT 198408 440977
c (0) step 26 UNSAT 220377 487213
c (0) step 27 UNSAT 243966 536722
c (0) step 28 UNSAT 269235 589623
c (0) step 29 UNSAT 296244 646035
c (1) step 30 UNSAT 325053 706077
c (1) step 31 UNSAT 355722 769868
c (1) step 32 UNSAT 388311 837527
c (1) step 33 UNSAT 422880 909173
c (1) step 34 UNSAT 459489 984925
c (3) step 35 SAT 498198 1064902
a YES
a 1 5 7 8 17 18 19 27 29 33 36 38 42 44 49 50 52 55 56 59 62 64 65 69 71 74 79 80 88 90 92 93 94 95 101 103 105 106 112 115 116 121 127 128 131 134 137 144 146 147 152 155 156 158 159 165 167 170 172 173 182
a 1 5 7 8 17 18 19 27 29 33 36 38 42 44 49 50 52 55 56 59 62 64 65 69 71 74 77 79 80 88 90 92 93 94 95 101 103 105 106 112 115 116 127 128 131 134 137 144 146 147 152 155 156 158 159 165 167 170 172 173 182
a 1 5 7 8 17 18 19 27 29 33 36 38 42 44 49 50 52 55 56 59 62 64 65 69 71 72 74 77 79 80 88 90 92 93 94 95 101 103 105 106 112 115 116 127 128 131 134 137 144 146 147 155 156 158 159 165 167 170 172 173 182
a 1 5 7 8 17 18 19 27 29 33 36 38 42 44 49 50 52 55 56 59 62 64 65 69 71 72 74 77 79 80 88 90 92 93 94 95 101 103 105 106 112 115 116 127 128 131 134 137 144 147 155 156 158 159 165 167 170 172 173 181 182
a 1 5 7 8 18 19 27 29 33 36 38 42 44 49 50 52 55 56 59 62 64 65 69 71 72 74 77 79 80 88 90 92 93 94 95 101 103 105 106 112 115 116 127 128 131 134 137 144 147 155 156 158 159 165 167 170 172 173 180 181 182
a 1 5 7 8 18 19 27 29 33 36 38 42 44 49 50 52 55 56 59 62 64 65 69 71 72 74 77 79 80 88 90 92 93 94 95 101 103 105 106 112 115 116 127 128 131 134 137 144 147 155 158 159 165 167 170 172 173 175 180 181 182
a 1 5 7 8 18 19 29 33 36 38 42 44 49 50 52 55 56 59 62 64 65 69 71 72 74 77 79 80 88 90 92 93 94 95 101 103 105 106 112 115 116 127 128 131 132 134 137 144 147 155 158 159 165 167 170 172 173 175 180 181 182
a 1 5 7 8 18 19 29 33 36 38 42 44 49 50 52 55 56 59 62 64 65 69 71 72 74 77 79 80 88 90 92 93 94 95 101 103 105 106 112 115 116 127 128 131 132 134 137 144 147 154 155 158 159 165 167 170 172 173 175 180 181
a 1 7 8 18 19 29 33 36 38 42 44 49 50 52 55 56 59 62 64 65 69 71 72 74 77 79 80 88 90 92 93 94 95 101 103 105 106 112 115 116 117 127 128 131 132 134 137 144 147 154 155 158 159 165 167 170 172 173 175 180 181
a 1 7 8 18 19 29 33 36 38 42 44 49 50 52 55 56 59 62 64 65 69 71 72 74 77 79 80 88 90 92 93 94 95 101 103 105 106 112 115 116 117 127 128 131 132 134 137 147 154 155 158 159 165 167 170 172 173 175 176 180 181
a 1 7 8 18 19 29 31 33 36 38 42 44 49 50 52 55 56 59 62 64 65 69 71 72 74 77 79 80 88 90 92 93 94 95 101 103 105 106 112 115 116 117 127 128 131 132 134 137 147 154 155 158 159 165 167 170 172 175 176 180 181
a 1 7 8 18 19 29 31 33 36 38 42 44 47 49 50 52 55 56 59 62 64 65 69 71 72 74 77 79 80 88 90 92 93 94 95 101 103 105 106 115 116 117 127 128 131 132 134 137 147 154 155 158 159 165 167 170 172 175 176 180 181
a 1 7 8 18 19 31 33 36 38 42 44 47 49 50 51 52 55 56 59 62 64 65 69 71 72 74 77 79 80 88 90 92 93 94 95 101 103 105 106 115 116 117 127 128 131 132 134 137 147 154 155 158 159 165 167 170 172 175 176 180 181
a 1 7 8 18 19 31 33 36 38 42 44 47 49 50 51 52 55 56 59 62 64 69 71 72 74 77 79 80 88 90 92 93 94 95 101 103 105 106 115 116 117 127 128 131 132 134 137 147 154 155 158 159 165 167 170 172 175 176 179 180 181
a 1 7 8 18 19 31 33 36 38 42 44 47 49 50 51 52 55 56 59 62 64 69 71 72 74 77 79 80 88 90 92 93 94 95 101 103 105 106 115 116 117 127 128 131 132 134 137 147 154 155 159 161 165 167 170 172 175 176 179 180 181
a 1 7 8 18 19 31 33 36 38 42 44 47 49 50 51 52 55 56 59 62 64 69 71 72 74 77 79 80 88 90 92 93 94 95 101 103 105 106 115 116 117 127 128 129 131 132 134 137 154 155 159 161 165 167 170 172 175 176 179 180 181
a 1 7 8 9 18 31 33 36 38 42 44 47 49 50 51 52 55 56 59 62 64 69 71 72 74 77 79 80 88 90 92 93 94 95 101 103 105 106 115 116 117 127 128 129 131 132 134 137 154 155 159 161 165 167 170 172 175 176 179 180 181
a 1 7 8 9 18 31 33 36 38 42 44 47 49 50 51 52 55 56 59 62 64 69 71 72 74 77 79 80 88 90 92 93 94 95 101 103 105 106 115 116 117 127 128 129 131 132 134 137 142 154 155 161 165 167 170 172 175 176 179 180 181
a 7 8 9 18 31 33 36 38 42 44 47 49 50 51 52 55 56 59 62 64 69 71 72 74 77 79 80 88 90 92 93 94 95 101 103 105 106 115 116 117 127 128 129 131 132 134 137 142 154 155 161 165 167 170 171 172 175 176 179 180 181
a 8 9 14 18 31 33 36 38 42 44 47 49 50 51 52 55 56 59 62 64 69 71 72 74 77 79 80 88 90 92 93 94 95 101 103 105 106 115 116 117 127 128 129 131 132 134 137 142 154 155 161 165 167 170 171 172 175 176 179 180 181
a 8 9 14 18 31 33 38 42 44 47 49 50 51 52 54 55 56 59 62 64 69 71 72 74 77 79 80 88 90 92 93 94 95 101 103 105 106 115 116 117 127 128 129 131 132 134 137 142 154 155 161 165 167 170 171 172 175 176 179 180 181
a 9 14 18 31 33 38 42 44 47 49 50 51 52 54 55 56 59 62 64 69 71 72 74 77 79 80 88 90 92 93 94 95 96 101 103 105 106 115 116 117 127 128 129 131 132 134 137 142 154 155 161 165 167 170 171 172 175 176 179 180 181
a 9 14 18 31 33 38 42 44 47 49 50 51 52 54 55 56 59 62 63 64 69 71 72 74 77 79 80 88 90 92 93 94 95 96 101 105 106 115 116 117 127 128 129 131 132 134 137 142 154 155 161 165 167 170 171 172 175 176 179 180 181
a 9 14 18 31 33 38 42 44 47 49 50 51 52 54 55 56 59 62 63 64 71 72 74 77 79 80 88 90 92 93 94 95 96 101 105 106 115 116 117 127 128 129 131 132 134 135 137 142 154 155 161 165 167 170 171 172 175 176 179 180 181
a 9 14 18 31 33 38 42 44 47 49 50 51 52 54 55 56 59 62 63 64 71 72 74 77 79 80 90 92 93 94 95 96 101 105 106 115 116 117 127 128 129 131 132 134 135 137 142 154 155 161 162 165 167 170 171 172 175 176 179 180 181
a 9 14 18 31 33 38 42 44 45 47 49 50 51 52 54 55 56 59 62 63 64 71 72 74 77 79 80 90 92 93 94 95 96 101 105 106 115 116 117 127 128 129 131 132 134 135 137 142 154 155 161 162 167 170 171 172 175 176 179 180 181
a 9 14 18 31 33 38 42 44 45 47 49 50 51 52 54 55 56 59 62 63 64 71 72 74 77 79 80 90 92 93 94 95 96 101 105 106 116 117 120 127 128 129 131 132 134 135 137 142 154 155 161 162 167 170 171 172 175 176 179 180 181
a 9 14 18 31 33 38 42 44 45 47 49 50 51 52 54 55 56 59 62 63 64 71 72 74 77 79 80 90 92 93 94 95 96 101 105 106 116 117 120 128 129 131 132 134 135 137 139 142 154 155 161 162 167 170 171 172 175 176 179 180 181
a 9 14 18 23 31 33 38 42 44 45 47 49 50 51 52 54 55 56 59 62 63 64 71 72 74 77 79 80 90 92 93 94 95 96 101 105 106 116 117 120 128 129 131 132 135 137 139 142 154 155 161 162 167 170 171 172 175 176 179 180 181
a 9 14 18 23 31 33 38 42 44 45 47 49 50 51 52 54 55 56 59 62 63 64 71 72 74 77 79 80 90 92 93 94 95 96 101 105 116 117 120 128 129 131 132 135 137 139 142 154 155 161 162 166 167 170 171 172 175 176 179 180 181
a 9 14 18 23 31 33 38 42 44 45 47 49 50 51 52 54 55 56 59 63 64 71 72 74 77 79 80 90 92 93 94 95 96 101 105 116 117 120 128 129 131 132 135 137 139 142 154 155 161 162 166 167 170 171 172 175 176 177 179 180 181
a 9 14 23 31 33 38 42 44 45 47 49 50 51 52 54 55 56 59 61 63 64 71 72 74 77 79 80 90 92 93 94 95 96 101 105 116 117 120 128 129 131 132 135 137 139 142 154 155 161 162 166 167 170 171 172 175 176 177 179 180 181
a 9 14 23 31 33 38 42 44 45 47 49 50 51 52 53 54 55 56 59 61 63 64 71 72 74 77 79 80 90 92 93 94 95 96 101 105 116 117 120 129 131 132 135 137 139 142 154 155 161 162 166 167 170 171 172 175 176 177 179 180 181
a 9 14 23 31 33 38 42 44 45 47 49 50 51 52 53 54 55 56 59 61 63 64 71 72 77 79 80 90 92 93 94 95 96 101 105 108 116 117 120 129 131 132 135 137 139 142 154 155 161 162 166 167 170 171 172 175 176 177 179 180 181
a 9 14 23 31 33 38 42 44 45 47 49 50 51 52 53 54 55 56 59 60 61 63 64 71 72 77 79 80 90 92 93 94 96 101 105 108 116 117 120 129 131 132 135 137 139 142 154 155 161 162 166 167 170 171 172 175 176 177 179 180 181
a 9 14 23 31 33 38 42 44 45 47 49 50 51 53 54 55 56 59 60 61 63 64 71 72 77 79 80 84 90 92 93 94 96 101 105 108 116 117 120 129 131 132 135 137 139 142 154 155 161 162 166 167 170 171 172 175 176 177 179 180 181
	Command being timed: "/Users/soh/app/scala-2.12.4/bin/scala -J-Xms32g -J-Xmx32g -cp /Users/soh/app/IsrForCompetition230719-15h37m/scop.jar:/Users/soh/app/IsrForCompetition230719-15h37m/isr4competition_2.12-1.3.5.jar fun.scop.app.isr.IsrSolverTj05 benchmark/ISR-benchmark/random_instance/random_instance014_graph001.col benchmark/ISR-benchmark/random_instance/random_instance014_graph001.dat cadical /Users/soh/app/IsrForCompetition230719-15h37m/cadical"
	User time (seconds): 4.84
	System time (seconds): 0.52
	Percent of CPU this job got: 123%
	Elapsed (wall clock) time (h:mm:ss or m:ss): 0:04.35
	Average shared text size (kbytes): 0
	Average unshared data size (kbytes): 0
	Average stack size (kbytes): 0
	Average total size (kbytes): 0
	Maximum resident set size (kbytes): 8316747776
	Average resident set size (kbytes): 0
	Major (requiring I/O) page faults: 2
	Minor (reclaiming a frame) page faults: 526507
	Voluntary context switches: 35
	Involuntary context switches: 3508
	Swaps: 0
	File system inputs: 0
	File system outputs: 0
	Socket messages sent: 42
	Socket messages received: 0
	Signals delivered: 6
	Page size (bytes): 4096
	Exit status: 0
FINISHED CPU 5.36 MEM 0 MAXMEM 0 STALE 1
#RESULT: UNK
#FIN: FIN
#CPU: 5.36
#MAXMEM: 0
c 
#END: [Wed Jul 19 16:21:14 2023]
