#BEGIN: [Wed Jul 19 16:20:55 2023]
#HOST: mini23.local
#TIMELIMIT: 7200
#MEMLIMIT: 0
#FREQ: 10
#SOLVER: sat-based-isr-tj05-230719-15h37m
#ARG1: benchmark/ISR-benchmark/random_instance/random_instance008_graph005.col
#ARG2: benchmark/ISR-benchmark/random_instance/random_instance008_graph005.dat
#COMMAND: /Users/soh/app/scala-2.12.4/bin/scala -J-Xms32g -J-Xmx32g -cp /Users/soh/app/IsrForCompetition230719-15h37m/scop.jar:/Users/soh/app/IsrForCompetition230719-15h37m/isr4competition_2.12-1.3.5.jar fun.scop.app.isr.IsrSolverTj05 benchmark/ISR-benchmark/random_instance/random_instance008_graph005.col benchmark/ISR-benchmark/random_instance/random_instance008_graph005.dat cadical /Users/soh/app/IsrForCompetition230719-15h37m/cadical
#Nodes: 104
#Edges: 312
c (0) step 1 UNSAT 660 2181
c (0) step 2 UNSAT 1287 4125
c (0) step 3 UNSAT 2022 6318
c (0) step 4 UNSAT 2901 8831
c (0) step 5 UNSAT 3960 11735
c (0) step 6 UNSAT 5235 15101
c (0) step 7 UNSAT 6762 19000
c (0) step 8 UNSAT 8577 23503
c (0) step 9 UNSAT 10716 28681
c (0) step 10 UNSAT 13215 34605
c (0) step 11 UNSAT 16110 41346
c (0) step 12 UNSAT 19437 48975
c (0) step 13 UNSAT 23232 57563
c (0) step 14 SAT 27531 67181
a YES
a 1 2 5 14 16 18 27 28 29 30 33 35 36 40 41 44 47 48 53 54 57 58 63 64 67 70 71 76 78 83 90 91 92 93 97 103 104
a 1 2 5 14 16 18 27 28 29 30 33 35 36 40 41 44 47 48 53 54 57 58 60 63 64 67 70 71 78 83 90 91 92 93 97 103 104
a 1 2 5 14 16 18 27 28 29 30 33 35 36 40 41 44 47 48 53 54 55 57 58 60 63 64 67 70 71 83 90 91 92 93 97 103 104
a 1 2 5 11 14 16 18 27 28 29 30 33 35 36 40 41 44 47 48 53 54 55 57 58 60 63 64 67 70 71 83 90 91 92 93 97 103
a 2 5 11 14 16 18 21 27 28 29 30 33 35 36 40 41 44 47 48 53 54 55 57 58 60 63 64 67 70 71 83 90 91 92 93 97 103
a 2 5 11 14 16 18 21 27 28 30 33 35 36 40 41 43 44 47 48 53 54 55 57 58 60 63 64 67 70 71 83 90 91 92 93 97 103
a 2 5 11 14 16 18 21 27 28 30 32 33 35 36 40 41 43 44 47 53 54 55 57 58 60 63 64 67 70 71 83 90 91 92 93 97 103
a 2 5 11 14 16 18 21 27 28 30 32 33 35 36 41 43 44 47 53 54 55 57 58 60 61 63 64 67 70 71 83 90 91 92 93 97 103
a 5 11 14 16 18 21 27 28 30 32 33 35 36 41 43 44 47 52 53 54 55 57 58 60 61 63 64 67 70 71 83 90 91 92 93 97 103
a 5 11 14 16 18 21 27 28 30 32 33 35 36 41 43 44 47 52 53 55 57 58 60 61 63 64 67 70 71 82 83 90 91 92 93 97 103
a 5 11 14 16 18 21 27 28 30 32 33 35 36 41 43 44 47 52 53 55 57 58 60 61 63 64 67 70 71 80 82 83 90 91 93 97 103
a 5 8 11 14 16 18 21 27 28 30 32 33 35 36 41 43 44 47 52 53 55 58 60 61 63 64 67 70 71 80 82 83 90 91 93 97 103
a 5 8 11 14 16 18 21 27 28 30 32 33 35 36 41 43 44 47 52 53 55 60 61 63 64 67 70 71 80 82 83 90 91 93 95 97 103
a 5 8 11 14 16 18 21 27 28 30 32 33 35 36 43 44 47 52 53 55 60 61 63 64 67 70 71 72 80 82 83 90 91 93 95 97 103
a 5 8 11 14 16 18 27 28 30 32 33 35 36 43 44 47 52 53 55 60 61 62 63 64 67 70 71 72 80 82 83 90 91 93 95 97 103
	Command being timed: "/Users/soh/app/scala-2.12.4/bin/scala -J-Xms32g -J-Xmx32g -cp /Users/soh/app/IsrForCompetition230719-15h37m/scop.jar:/Users/soh/app/IsrForCompetition230719-15h37m/isr4competition_2.12-1.3.5.jar fun.scop.app.isr.IsrSolverTj05 benchmark/ISR-benchmark/random_instance/random_instance008_graph005.col benchmark/ISR-benchmark/random_instance/random_instance008_graph005.dat cadical /Users/soh/app/IsrForCompetition230719-15h37m/cadical"
	User time (seconds): 1.87
	System time (seconds): 0.11
	Percent of CPU this job got: 153%
	Elapsed (wall clock) time (h:mm:ss or m:ss): 0:01.29
	Average shared text size (kbytes): 0
	Average unshared data size (kbytes): 0
	Average stack size (kbytes): 0
	Average total size (kbytes): 0
	Maximum resident set size (kbytes): 1271300096
	Average resident set size (kbytes): 0
	Major (requiring I/O) page faults: 0
	Minor (reclaiming a frame) page faults: 83569
	Voluntary context switches: 34
	Involuntary context switches: 3098
	Swaps: 0
	File system inputs: 0
	File system outputs: 0
	Socket messages sent: 40
	Socket messages received: 0
	Signals delivered: 5
	Page size (bytes): 4096
	Exit status: 0
FINISHED CPU 1.98 MEM 0 MAXMEM 0 STALE 1
#RESULT: UNK
#FIN: FIN
#CPU: 1.98
#MAXMEM: 0
c 
#END: [Wed Jul 19 16:20:57 2023]
