#BEGIN: [Tue Aug  8 20:06:13 2023]
#HOST: mini25.local
#TIMELIMIT: 1800
#MEMLIMIT: 0
#FREQ: 10
#SOLVER: recon
#ARG1: benchmark/ISR-benchmark/random_instance/random_instance013_graph004.col
#ARG2: benchmark/ISR-benchmark/random_instance/random_instance013_graph004.dat
#COMMAND: /Users/soh/app/recon/src/recon benchmark/ISR-benchmark/random_instance/random_instance013_graph004.col benchmark/ISR-benchmark/random_instance/random_instance013_graph004.dat
c Copyright Volker Turau & Christoph Weyer, 2022
c Institute of Telematics
c Hamburg University of Technology, Hamburg, Germany
c Contact: turau@tuhh.de
c Graph file: benchmark/ISR-benchmark/random_instance/random_instance013_graph004.col
c Target file: benchmark/ISR-benchmark/random_instance/random_instance013_graph004.dat
c Size of independent set: 52
c Number of nodes of graph: 169
c Number of edges of graph: 507
c Average degree of graph: 6.00
s 1 3 6 9 12 13 15 16 17 20 28 34 40 45 49 51 57 61 63 64 70 72 74 76 79 84 86 94 98 99 105 109 110 112 113 121 125 132 134 135 136 143 146 147 148 150 152 154 163 164 166 169 
t 6 7 18 20 22 23 28 29 35 47 49 64 66 72 76 81 83 84 86 87 88 89 90 92 95 96 97 99 100 101 108 119 121 125 130 131 133 134 136 141 142 146 147 148 151 153 154 158 162 163 165 168 
c BFS found 34 new nodes in level 1 (total 35/223696213)
c BFS found 1104 new nodes in level 2 (total 1139/223696213)
c BFS found 25724 new nodes in level 3 (total 26863/223696213)
c BFS found 465888 new nodes in level 4 (total 492750/223696213)
c BFS found 6872049 new nodes in level 5 (total 7364695/223696213)
c BFS found 85231563 new nodes in level 6 (total 92591783/223696213)
TIMEOUT CPU 1800 MEM 0 MAXMEM 0
#RESULT: UNK
#FIN: TO
#CPU: 1800
#MAXMEM: 0
c 25858 killed(2). 25859 killed(2). 25858 killed(9). 25859 killed(9). 
#END: [Tue Aug  8 20:36:13 2023]
