#BEGIN: [Tue Aug  8 17:58:15 2023]
#HOST: mini24.local
#TIMELIMIT: 1800
#MEMLIMIT: 0
#FREQ: 10
#SOLVER: recon
#ARG1: benchmark/ISR-benchmark/random_instance/random_instance004_graph001.col
#ARG2: benchmark/ISR-benchmark/random_instance/random_instance004_graph001.dat
#COMMAND: /Users/soh/app/recon/src/recon benchmark/ISR-benchmark/random_instance/random_instance004_graph001.col benchmark/ISR-benchmark/random_instance/random_instance004_graph001.dat
c Copyright Volker Turau & Christoph Weyer, 2022
c Institute of Telematics
c Hamburg University of Technology, Hamburg, Germany
c Contact: turau@tuhh.de
c Graph file: benchmark/ISR-benchmark/random_instance/random_instance004_graph001.col
c Target file: benchmark/ISR-benchmark/random_instance/random_instance004_graph001.dat
c Size of independent set: 15
c Number of nodes of graph: 52
c Number of edges of graph: 156
c Average degree of graph: 6.00
s 4 5 7 14 25 27 28 29 31 35 36 39 40 46 50 
t 1 3 7 11 19 20 21 25 28 31 34 41 42 44 48 
c BFS found 9 new nodes in level 1 (total 10/268435456)
c BFS found 75 new nodes in level 2 (total 85/268435456)
c BFS found 506 new nodes in level 3 (total 591/268435456)
c BFS found 2836 new nodes in level 4 (total 3426/268435456)
c BFS found 13281 new nodes in level 5 (total 16701/268435456)
c BFS found 50284 new nodes in level 6 (total 66852/268435456)
c BFS found 148585 new nodes in level 7 (total 214565/268435456)
c BFS found 331067 new nodes in level 8 (total 540268/268435456)
c BFS found 545427 new nodes in level 9 (total 1060178/268435456)
c BFS found 663706 new nodes in level 10 (total 1635047/268435456)
c BFS exiting found=true count=1852735 max_count=268435456
c Found with: Breadth First Search
a YES
a 4 5 7 14 25 27 28 29 31 35 36 39 40 46 50 
a 4 5 7 14 25 28 29 31 35 36 39 40 44 46 50 
a 4 5 7 14 25 28 29 31 36 39 40 42 44 46 50 
a 5 7 14 21 25 28 29 31 36 39 40 42 44 46 50 
a 1 5 7 14 21 25 28 31 36 39 40 42 44 46 50 
a 1 7 14 20 21 25 28 31 36 39 40 42 44 46 50 
a 1 7 14 20 21 25 28 31 34 36 39 40 42 44 50 
a 1 7 14 20 21 25 28 31 34 36 40 41 42 44 50 
a 1 7 14 20 21 25 28 31 34 36 41 42 44 48 50 
a 1 3 7 14 20 21 25 28 31 34 41 42 44 48 50 
a 1 3 7 11 20 21 25 28 31 34 41 42 44 48 50 
a 1 3 7 11 19 20 21 25 28 31 34 41 42 44 48 
c Length: 11
	Command being timed: "/Users/soh/app/recon/src/recon benchmark/ISR-benchmark/random_instance/random_instance004_graph001.col benchmark/ISR-benchmark/random_instance/random_instance004_graph001.dat"
	User time (seconds): 54.38
	System time (seconds): 0.08
	Percent of CPU this job got: 99%
	Elapsed (wall clock) time (h:mm:ss or m:ss): 0:54.47
	Average shared text size (kbytes): 0
	Average unshared data size (kbytes): 0
	Average stack size (kbytes): 0
	Average total size (kbytes): 0
	Maximum resident set size (kbytes): 721797120
	Average resident set size (kbytes): 0
	Major (requiring I/O) page faults: 0
	Minor (reclaiming a frame) page faults: 45080
	Voluntary context switches: 17
	Involuntary context switches: 233
	Swaps: 0
	File system inputs: 0
	File system outputs: 0
	Socket messages sent: 34
	Socket messages received: 0
	Signals delivered: 0
	Page size (bytes): 4096
	Exit status: 0
FINISHED CPU 54.46 MEM 0 MAXMEM 0 STALE 1
#RESULT: UNK
#FIN: FIN
#CPU: 54.46
#MAXMEM: 0
c 
#END: [Tue Aug  8 17:59:10 2023]
