#BEGIN: [Wed Jul 19 16:21:27 2023]
#HOST: mini28.local
#TIMELIMIT: 7200
#MEMLIMIT: 0
#FREQ: 10
#SOLVER: sat-based-isr-tj05-230719-15h37m
#ARG1: benchmark/ISR-benchmark/random_instance/random_instance017_graph003.col
#ARG2: benchmark/ISR-benchmark/random_instance/random_instance017_graph003.dat
#COMMAND: /Users/soh/app/scala-2.12.4/bin/scala -J-Xms32g -J-Xmx32g -cp /Users/soh/app/IsrForCompetition230719-15h37m/scop.jar:/Users/soh/app/IsrForCompetition230719-15h37m/isr4competition_2.12-1.3.5.jar fun.scop.app.isr.IsrSolverTj05 benchmark/ISR-benchmark/random_instance/random_instance017_graph003.col benchmark/ISR-benchmark/random_instance/random_instance017_graph003.dat cadical /Users/soh/app/IsrForCompetition230719-15h37m/cadical
#Nodes: 221
#Edges: 663
c (0) step 1 UNSAT 1398 4629
c (0) step 2 UNSAT 2718 8733
c (0) step 3 UNSAT 4254 13338
c (0) step 4 UNSAT 6078 18587
c (0) step 5 UNSAT 8262 24623
c (0) step 6 UNSAT 10878 31589
c (0) step 7 UNSAT 13998 39628
c (0) step 8 UNSAT 17694 48883
c (0) step 9 UNSAT 22038 59497
c (0) step 10 UNSAT 27102 71613
c (0) step 11 UNSAT 32958 85374
c (0) step 12 UNSAT 39678 100923
c (0) step 13 UNSAT 47334 118403
c (0) step 14 UNSAT 55998 137957
c (0) step 15 UNSAT 65742 159728
c (0) step 16 UNSAT 76638 183859
c (0) step 17 UNSAT 88758 210493
c (0) step 18 UNSAT 102174 239773
c (0) step 19 UNSAT 116958 271842
c (0) step 20 UNSAT 133182 306843
c (0) step 21 UNSAT 150918 344919
c (0) step 22 UNSAT 170238 386213
c (0) step 23 UNSAT 191214 430868
c (0) step 24 UNSAT 213918 479027
c (0) step 25 UNSAT 238422 530833
c (0) step 26 UNSAT 264798 586429
c (0) step 27 UNSAT 293118 645958
c (1) step 28 UNSAT 323454 709563
c (1) step 29 UNSAT 355878 777387
c (1) step 30 UNSAT 390462 849573
c (1) step 31 UNSAT 427278 926264
c (1) step 32 UNSAT 466398 1007603
c (1) step 33 UNSAT 507894 1093733
c (1) step 34 UNSAT 551838 1184797
c (1) step 35 UNSAT 598302 1280938
c (1) step 36 UNSAT 647358 1382299
c (2) step 37 UNSAT 699078 1489023
c (2) step 38 UNSAT 753534 1601253
c (2) step 39 UNSAT 810798 1719132
c (3) step 40 SAT 870942 1842803
a YES
a 1 5 10 12 13 22 26 27 30 33 35 37 42 44 49 50 55 58 61 62 64 72 73 75 78 84 91 96 101 102 104 105 114 115 118 119 123 128 130 131 133 139 144 145 146 149 151 152 159 160 165 167 168 169 170 172 175 179 184 186 188 190 191 193 195 201 203 204 210 211 216 218 219
a 1 5 10 12 22 26 27 30 33 35 37 42 44 49 50 55 58 61 62 64 72 73 75 78 84 91 96 101 102 104 105 114 115 118 119 123 128 130 131 133 139 144 145 146 149 151 152 159 160 165 167 168 169 170 172 175 179 184 186 188 190 191 193 195 199 201 203 204 210 211 216 218 219
a 1 5 10 12 22 26 27 30 33 35 37 42 44 49 50 55 58 61 62 64 72 73 75 78 84 91 96 101 102 104 105 114 115 118 119 123 128 130 131 133 139 144 145 146 149 151 152 159 165 167 168 169 170 172 175 179 184 186 188 190 191 193 195 199 201 203 204 210 211 215 216 218 219
a 1 5 10 12 22 26 27 30 33 35 37 42 44 49 50 55 58 61 62 64 72 73 75 78 84 91 96 101 102 104 105 114 115 118 119 123 128 130 131 133 139 144 145 146 149 151 152 158 159 165 167 168 170 172 175 179 184 186 188 190 191 193 195 199 201 203 204 210 211 215 216 218 219
a 1 5 10 12 22 26 27 30 33 35 37 42 44 49 50 55 58 61 62 64 72 73 75 78 84 91 96 101 102 104 105 114 115 118 119 123 128 130 131 135 139 144 145 146 149 151 152 158 159 165 167 168 170 172 175 179 184 186 188 190 191 193 195 199 201 203 204 210 211 215 216 218 219
a 1 5 10 12 22 26 27 30 33 35 37 42 44 49 50 55 58 61 62 64 72 73 75 78 84 91 92 96 101 102 104 105 114 115 118 119 123 128 130 131 135 139 144 145 146 149 151 152 158 159 165 167 170 172 175 179 184 186 188 190 191 193 195 199 201 203 204 210 211 215 216 218 219
a 1 5 10 12 22 26 27 30 33 35 37 42 44 49 50 55 58 61 62 64 72 73 75 78 84 92 96 101 102 104 105 114 115 118 119 123 128 130 131 132 135 139 144 145 146 149 151 152 158 159 165 167 170 172 175 179 184 186 188 190 191 193 195 199 201 203 204 210 211 215 216 218 219
a 1 5 10 12 22 26 27 30 33 35 37 42 44 49 50 55 58 61 62 64 72 73 75 78 84 90 92 96 101 102 104 105 114 115 118 119 128 130 131 132 135 139 144 145 146 149 151 152 158 159 165 167 170 172 175 179 184 186 188 190 191 193 195 199 201 203 204 210 211 215 216 218 219
a 1 5 10 12 22 26 27 30 33 35 37 42 44 49 50 55 58 61 62 64 72 73 75 78 84 90 92 96 101 102 104 105 114 115 118 119 128 130 131 132 135 139 144 145 146 149 151 152 158 159 167 170 172 173 175 179 184 186 188 190 191 193 195 199 201 203 204 210 211 215 216 218 219
a 1 5 10 12 22 26 27 30 33 35 37 42 44 49 50 55 58 61 62 64 72 73 78 84 90 92 96 101 102 104 105 114 115 118 119 128 130 131 132 135 139 144 145 146 149 150 151 152 158 159 167 170 172 173 175 179 184 186 188 190 191 193 195 199 201 203 204 210 211 215 216 218 219
a 1 5 10 12 22 26 27 30 33 37 42 44 49 50 55 58 61 62 64 72 73 78 84 90 92 96 101 102 104 105 110 114 115 118 119 128 130 131 132 135 139 144 145 146 149 150 151 152 158 159 167 170 172 173 175 179 184 186 188 190 191 193 195 199 201 203 204 210 211 215 216 218 219
a 1 5 10 22 26 27 30 33 37 42 44 49 50 55 58 61 62 64 72 73 78 84 90 92 96 101 102 104 105 110 114 115 118 119 128 130 131 132 135 138 139 144 145 146 149 150 151 152 158 159 167 170 172 173 175 179 184 186 188 190 191 193 195 199 201 203 204 210 211 215 216 218 219
a 1 5 10 22 26 27 30 33 37 42 44 49 50 55 58 61 62 64 72 78 84 90 92 95 96 101 102 104 105 110 114 115 118 119 128 130 131 132 135 138 139 144 145 146 149 150 151 152 158 159 167 170 172 173 175 179 184 186 188 190 191 193 195 199 201 203 204 210 211 215 216 218 219
a 1 5 10 22 26 27 30 33 37 42 44 49 50 55 58 61 62 64 72 78 84 90 92 95 96 101 102 104 105 110 114 115 118 119 128 130 131 132 135 138 139 144 145 146 147 149 150 151 152 158 167 170 172 173 175 179 184 186 188 190 191 193 195 199 201 203 204 210 211 215 216 218 219
a 1 5 10 22 26 27 30 33 37 42 44 49 50 51 55 58 61 62 64 72 78 84 90 92 95 96 101 102 104 105 110 114 115 118 128 130 131 132 135 138 139 144 145 146 147 149 150 151 152 158 167 170 172 173 175 179 184 186 188 190 191 193 195 199 201 203 204 210 211 215 216 218 219
a 1 5 10 22 26 27 30 33 37 42 44 49 50 51 55 58 61 62 64 65 72 78 84 90 92 95 96 101 102 104 105 110 114 115 118 128 130 131 132 135 138 139 144 145 146 147 149 150 151 152 158 167 170 172 173 175 179 184 186 188 190 193 195 199 201 203 204 210 211 215 216 218 219
a 1 5 10 22 26 27 30 33 37 42 44 49 50 51 55 58 61 62 64 65 72 78 84 90 92 95 96 101 102 104 105 110 114 115 118 128 130 131 132 135 138 139 144 145 146 147 149 150 151 152 158 167 170 172 173 175 179 184 186 188 190 193 195 199 201 202 203 204 210 211 215 218 219
a 1 5 10 22 26 27 30 33 37 42 44 49 50 51 55 58 61 62 64 65 72 77 78 84 90 92 95 96 101 102 104 105 110 114 115 118 128 130 131 132 135 138 139 144 145 146 147 149 150 151 152 158 167 170 172 173 175 179 184 186 188 190 193 195 199 201 202 203 210 211 215 218 219
a 1 5 10 22 26 27 30 33 37 42 44 49 50 51 55 58 61 62 64 65 72 77 78 84 90 92 95 96 101 102 104 105 107 110 114 115 128 130 131 132 135 138 139 144 145 146 147 149 150 151 152 158 167 170 172 173 175 179 184 186 188 190 193 195 199 201 202 203 210 211 215 218 219
a 1 5 10 22 26 27 30 33 37 44 49 50 51 55 58 61 62 64 65 72 77 78 84 90 92 95 96 101 102 104 105 107 110 114 115 128 130 131 132 135 138 139 144 145 146 147 149 150 151 152 158 167 170 172 173 175 179 184 186 188 190 193 195 199 201 202 203 208 210 211 215 218 219
a 1 5 10 22 26 27 30 33 37 44 49 50 51 55 58 61 62 64 65 72 77 78 84 90 92 95 96 101 102 104 105 107 110 114 128 130 131 132 135 138 139 144 145 146 147 149 150 151 152 158 167 170 172 173 174 175 179 184 186 188 190 193 195 199 201 202 203 208 210 211 215 218 219
a 1 5 10 22 26 27 30 33 37 40 44 49 50 51 55 58 61 64 65 72 77 78 84 90 92 95 96 101 102 104 105 107 110 114 128 130 131 132 135 138 139 144 145 146 147 149 150 151 152 158 167 170 172 173 174 175 179 184 186 188 190 193 195 199 201 202 203 208 210 211 215 218 219
a 1 5 10 22 26 27 30 33 37 40 44 49 50 51 55 58 61 64 65 72 77 78 84 89 90 92 95 96 101 102 104 107 110 114 128 130 131 132 135 138 139 144 145 146 147 149 150 151 152 158 167 170 172 173 174 175 179 184 186 188 190 193 195 199 201 202 203 208 210 211 215 218 219
a 1 5 10 22 26 27 30 33 37 40 44 49 50 51 55 58 61 64 65 72 77 78 84 89 90 92 95 96 101 102 104 107 110 114 128 130 131 132 135 138 139 144 146 147 149 150 151 152 158 167 170 172 173 174 175 176 179 184 186 188 190 193 195 199 201 202 203 208 210 211 215 218 219
a 1 5 10 22 26 27 30 37 40 44 49 50 51 55 58 61 64 65 72 77 78 84 89 90 92 95 96 101 102 104 107 110 114 128 130 131 132 135 138 139 144 146 147 149 150 151 152 158 167 170 172 173 174 175 176 178 179 184 186 188 190 193 195 199 201 202 203 208 210 211 215 218 219
a 1 5 10 22 26 27 30 37 40 44 49 50 51 55 58 61 64 65 72 77 78 84 89 90 92 95 96 101 102 104 107 110 114 128 130 131 132 135 138 139 144 146 147 149 150 151 152 158 170 172 173 174 175 176 178 179 184 186 188 190 193 195 199 201 202 203 205 208 210 211 215 218 219
a 1 5 10 22 26 27 30 37 40 44 50 51 55 58 61 64 65 72 77 78 84 89 90 92 95 96 101 102 104 107 110 114 124 128 130 131 132 135 138 139 144 146 147 149 150 151 152 158 170 172 173 174 175 176 178 179 184 186 188 190 193 195 199 201 202 203 205 208 210 211 215 218 219
a 1 5 10 22 26 27 30 37 40 44 50 51 55 58 61 64 65 72 77 78 84 89 90 92 95 96 101 102 104 107 110 114 124 128 130 131 132 135 138 139 144 146 147 149 150 151 152 158 166 170 172 173 174 176 178 179 184 186 188 190 193 195 199 201 202 203 205 208 210 211 215 218 219
a 1 5 10 22 26 27 30 37 40 44 50 51 55 58 61 64 65 72 77 84 89 90 92 94 95 96 101 102 104 107 110 114 124 128 130 131 132 135 138 139 144 146 147 149 150 151 152 158 166 170 172 173 174 176 178 179 184 186 188 190 193 195 199 201 202 203 205 208 210 211 215 218 219
a 1 5 10 22 26 27 30 37 40 44 50 51 55 58 61 65 72 77 84 89 90 92 94 95 96 101 102 104 107 110 114 124 128 130 131 132 135 138 139 144 146 147 149 150 151 152 158 166 170 172 173 174 176 178 179 180 184 186 188 190 193 195 199 201 202 203 205 208 210 211 215 218 219
a 1 5 10 22 26 27 30 37 40 44 51 55 58 61 65 72 77 84 89 90 92 94 95 96 101 102 104 107 110 114 124 128 130 131 132 135 138 139 144 146 147 149 150 151 152 157 158 166 170 172 173 174 176 178 179 180 184 186 188 190 193 195 199 201 202 203 205 208 210 211 215 218 219
a 1 5 10 22 26 27 30 37 40 44 51 55 58 61 65 72 77 84 89 90 92 94 95 96 101 102 104 107 110 114 124 128 130 131 132 135 138 139 140 144 146 147 149 150 151 152 157 158 166 170 172 173 174 176 178 180 184 186 188 190 193 195 199 201 202 203 205 208 210 211 215 218 219
a 1 5 10 22 26 27 30 37 40 44 51 55 58 61 65 72 77 84 87 89 90 92 94 95 96 101 102 104 107 110 114 124 128 131 132 135 138 139 140 144 146 147 149 150 151 152 157 158 166 170 172 173 174 176 178 180 184 186 188 190 193 195 199 201 202 203 205 208 210 211 215 218 219
a 1 5 10 22 26 27 30 37 40 44 51 55 58 61 65 72 77 84 87 89 90 92 94 95 96 101 102 104 107 110 114 124 131 132 135 138 139 140 144 146 147 149 150 151 152 157 158 166 170 172 173 174 176 178 180 184 186 188 190 193 195 196 199 201 202 203 205 208 210 211 215 218 219
a 1 5 10 22 27 30 37 40 44 51 55 58 61 65 72 77 84 87 89 90 92 94 95 96 101 102 104 107 110 114 124 127 131 132 135 138 139 140 144 146 147 149 150 151 152 157 158 166 170 172 173 174 176 178 180 184 186 188 190 193 195 196 199 201 202 203 205 208 210 211 215 218 219
a 1 5 10 22 27 30 37 40 44 51 55 58 61 65 72 77 84 87 89 90 92 94 95 96 101 102 107 110 114 124 127 129 131 132 135 138 139 140 144 146 147 149 150 151 152 157 158 166 170 172 173 174 176 178 180 184 186 188 190 193 195 196 199 201 202 203 205 208 210 211 215 218 219
a 1 5 10 22 27 30 37 40 41 44 51 55 58 61 65 72 77 84 87 89 90 92 94 95 96 101 102 107 110 114 124 127 129 131 132 135 138 139 140 144 146 147 150 151 152 157 158 166 170 172 173 174 176 178 180 184 186 188 190 193 195 196 199 201 202 203 205 208 210 211 215 218 219
a 1 5 10 22 27 30 37 40 41 51 55 58 61 65 68 72 77 84 87 89 90 92 94 95 96 101 102 107 110 114 124 127 129 131 132 135 138 139 140 144 146 147 150 151 152 157 158 166 170 172 173 174 176 178 180 184 186 188 190 193 195 196 199 201 202 203 205 208 210 211 215 218 219
a 1 5 10 22 27 30 37 40 41 51 55 58 61 65 68 72 77 84 87 89 90 92 94 95 96 101 102 107 110 112 114 124 127 129 131 132 135 138 139 140 144 146 147 150 151 152 157 158 166 170 172 173 174 176 178 180 184 186 188 190 193 195 196 199 201 202 205 208 210 211 215 218 219
a 1 5 10 22 27 30 32 37 40 41 51 55 58 61 65 68 72 77 84 87 89 90 92 94 95 96 101 102 107 110 112 114 124 127 129 131 132 135 138 139 140 144 146 147 150 151 152 157 158 166 170 172 173 174 176 178 180 184 186 188 190 193 195 196 199 201 202 205 208 211 215 218 219
a 1 5 10 22 27 30 32 37 40 41 51 55 58 61 65 68 72 77 84 87 89 90 92 94 95 96 101 102 107 110 112 114 124 127 129 131 132 135 136 138 139 140 144 146 147 150 151 152 157 158 166 170 172 173 174 176 178 180 184 186 188 190 193 195 196 199 201 202 205 208 211 215 218
	Command being timed: "/Users/soh/app/scala-2.12.4/bin/scala -J-Xms32g -J-Xmx32g -cp /Users/soh/app/IsrForCompetition230719-15h37m/scop.jar:/Users/soh/app/IsrForCompetition230719-15h37m/isr4competition_2.12-1.3.5.jar fun.scop.app.isr.IsrSolverTj05 benchmark/ISR-benchmark/random_instance/random_instance017_graph003.col benchmark/ISR-benchmark/random_instance/random_instance017_graph003.dat cadical /Users/soh/app/IsrForCompetition230719-15h37m/cadical"
	User time (seconds): 4.44
	System time (seconds): 0.78
	Percent of CPU this job got: 126%
	Elapsed (wall clock) time (h:mm:ss or m:ss): 0:04.13
	Average shared text size (kbytes): 0
	Average unshared data size (kbytes): 0
	Average stack size (kbytes): 0
	Average total size (kbytes): 0
	Maximum resident set size (kbytes): 13579976704
	Average resident set size (kbytes): 0
	Major (requiring I/O) page faults: 0
	Minor (reclaiming a frame) page faults: 842984
	Voluntary context switches: 36
	Involuntary context switches: 3637
	Swaps: 0
	File system inputs: 0
	File system outputs: 0
	Socket messages sent: 41
	Socket messages received: 0
	Signals delivered: 5
	Page size (bytes): 4096
	Exit status: 0
FINISHED CPU 5.22 MEM 0 MAXMEM 0 STALE 1
#RESULT: UNK
#FIN: FIN
#CPU: 5.22
#MAXMEM: 0
c 
#END: [Wed Jul 19 16:21:31 2023]
