#BEGIN: [Wed Jul 19 16:21:25 2023]
#HOST: mini30.local
#TIMELIMIT: 7200
#MEMLIMIT: 0
#FREQ: 10
#SOLVER: sat-based-isr-tj05-230719-15h37m
#ARG1: benchmark/ISR-benchmark/random_instance/random_instance017_graph002.col
#ARG2: benchmark/ISR-benchmark/random_instance/random_instance017_graph002.dat
#COMMAND: /Users/soh/app/scala-2.12.4/bin/scala -J-Xms32g -J-Xmx32g -cp /Users/soh/app/IsrForCompetition230719-15h37m/scop.jar:/Users/soh/app/IsrForCompetition230719-15h37m/isr4competition_2.12-1.3.5.jar fun.scop.app.isr.IsrSolverTj05 benchmark/ISR-benchmark/random_instance/random_instance017_graph002.col benchmark/ISR-benchmark/random_instance/random_instance017_graph002.dat cadical /Users/soh/app/IsrForCompetition230719-15h37m/cadical
#Nodes: 221
#Edges: 663
c (0) step 1 UNSAT 1394 4617
c (0) step 2 UNSAT 2702 8689
c (0) step 3 UNSAT 4214 13234
c (0) step 4 UNSAT 5998 18387
c (0) step 5 UNSAT 8122 24283
c (0) step 6 UNSAT 10654 31057
c (0) step 7 UNSAT 13662 38844
c (0) step 8 UNSAT 17214 47779
c (0) step 9 UNSAT 21378 57997
c (0) step 10 UNSAT 26222 69633
c (0) step 11 UNSAT 31814 82822
c (0) step 12 UNSAT 38222 97699
c (0) step 13 UNSAT 45514 114399
c (0) step 14 UNSAT 53758 133057
c (0) step 15 UNSAT 63022 153808
c (0) step 16 UNSAT 73374 176787
c (0) step 17 UNSAT 84882 202129
c (0) step 18 UNSAT 97614 229969
c (0) step 19 UNSAT 111638 260442
c (0) step 20 UNSAT 127022 293683
c (0) step 21 UNSAT 143834 329827
c (0) step 22 UNSAT 162142 369009
c (0) step 23 UNSAT 182014 411364
c (0) step 24 UNSAT 203518 457027
c (0) step 25 UNSAT 226722 506133
c (0) step 26 UNSAT 251694 558817
c (0) step 27 UNSAT 278502 615214
c (0) step 28 UNSAT 307214 675459
c (1) step 29 UNSAT 337898 739687
c (1) step 30 UNSAT 370622 808033
c (1) step 31 UNSAT 405454 880632
c (1) step 32 UNSAT 442462 957619
c (1) step 33 UNSAT 481714 1039129
c (1) step 34 UNSAT 523278 1125297
c (1) step 35 UNSAT 567222 1216258
c (1) step 36 UNSAT 613614 1312147
c (1) step 37 UNSAT 662522 1413099
c (2) step 38 UNSAT 714014 1519249
c (2) step 39 UNSAT 768158 1630732
c (2) step 40 UNSAT 825022 1747683
c (2) step 41 UNSAT 884674 1870237
c (2) step 42 UNSAT 947182 1998529
c (3) step 43 SAT 1012614 2132694
a YES
a 2 4 5 6 7 8 19 22 24 26 27 32 33 34 35 38 41 42 43 47 59 60 61 62 65 66 68 71 72 75 81 83 85 88 90 100 111 114 116 120 122 131 132 137 139 143 144 147 154 164 166 167 168 179 180 181 183 186 187 188 193 194 196 198 200 201 213 216 220
a 2 4 5 6 7 8 19 22 24 26 27 32 33 34 35 38 41 42 43 47 59 60 61 62 65 66 68 71 72 73 75 83 85 88 90 100 111 114 116 120 122 131 132 137 139 143 144 147 154 164 166 167 168 179 180 181 183 186 187 188 193 194 196 198 200 201 213 216 220
a 2 4 5 6 7 8 19 22 24 26 27 32 33 34 35 38 41 42 43 47 59 60 61 62 65 66 68 71 72 73 75 83 88 90 100 111 114 116 120 122 131 132 137 139 143 144 147 154 164 166 167 168 179 180 181 183 186 187 188 189 193 194 196 198 200 201 213 216 220
a 4 5 6 7 8 19 22 24 26 27 32 33 34 35 38 41 42 43 47 59 60 61 62 65 66 68 71 72 73 75 83 88 90 100 111 114 116 120 122 131 132 137 139 143 144 147 154 164 166 167 168 169 179 180 181 183 186 187 188 189 193 194 196 198 200 201 213 216 220
a 4 5 6 7 8 19 22 24 26 27 32 33 34 35 38 41 42 43 47 48 59 60 61 62 66 68 71 72 73 75 83 88 90 100 111 114 116 120 122 131 132 137 139 143 144 147 154 164 166 167 168 169 179 180 181 183 186 187 188 189 193 194 196 198 200 201 213 216 220
a 4 5 6 7 8 19 20 22 24 26 27 32 33 34 35 38 41 42 43 47 48 59 60 61 62 66 68 71 72 73 75 83 88 90 100 111 114 116 120 122 131 132 137 139 143 144 147 154 164 166 167 169 179 180 181 183 186 187 188 189 193 194 196 198 200 201 213 216 220
a 4 5 6 7 8 19 20 22 24 26 27 32 33 34 35 38 41 42 43 47 48 59 60 61 62 66 68 71 72 73 75 83 88 90 111 114 116 120 122 131 132 137 139 143 144 147 153 154 164 166 167 169 179 180 181 183 186 187 188 189 193 194 196 198 200 201 213 216 220
a 4 5 6 7 8 19 20 22 24 26 27 32 33 34 35 38 41 42 43 47 48 59 60 61 62 66 68 71 72 73 75 83 88 90 111 114 116 120 122 131 132 137 139 143 144 147 153 154 164 166 167 169 179 180 181 183 186 187 188 189 193 194 196 198 200 201 207 216 220
a 4 5 6 7 8 19 20 22 24 26 27 32 33 34 35 38 41 42 43 47 48 59 60 61 62 66 71 72 73 75 83 88 90 111 114 116 120 122 131 132 137 139 143 144 147 153 154 164 166 167 169 179 180 181 183 186 187 188 189 193 194 196 197 198 200 201 207 216 220
a 4 5 6 7 8 19 20 22 24 26 27 32 34 35 38 41 42 43 47 48 59 60 61 62 66 71 72 73 75 83 88 90 111 114 116 120 122 131 132 137 139 143 144 147 153 154 164 166 167 169 176 179 180 181 183 186 187 188 189 193 194 196 197 198 200 201 207 216 220
a 4 5 6 7 8 19 20 22 24 26 27 32 34 35 38 41 42 43 47 48 59 60 61 62 66 71 72 73 75 83 88 90 111 114 116 120 131 132 137 139 140 143 144 147 153 154 164 166 167 169 176 179 180 181 183 186 187 188 189 193 194 196 197 198 200 201 207 216 220
a 4 5 6 7 8 19 20 22 24 26 27 32 34 35 38 41 42 43 47 48 59 60 61 62 66 71 72 73 75 83 88 90 111 114 116 119 131 132 137 139 140 143 144 147 153 154 164 166 167 169 176 179 180 181 183 186 187 188 189 193 194 196 197 198 200 201 207 216 220
a 4 5 6 7 8 19 20 22 24 26 27 32 34 35 38 41 42 43 47 48 59 60 61 62 66 71 72 73 75 83 88 90 111 112 114 116 119 131 132 137 139 140 143 144 147 153 154 164 166 167 169 176 179 180 181 186 187 188 189 193 194 196 197 198 200 201 207 216 220
a 4 5 6 7 8 19 20 22 24 27 32 34 35 38 41 42 43 47 48 59 60 61 62 66 71 72 73 75 83 88 90 111 112 114 116 119 131 132 137 139 140 143 144 147 153 154 164 166 167 169 176 179 180 181 186 187 188 189 193 194 196 197 198 199 200 201 207 216 220
a 4 5 6 7 8 19 20 22 24 27 32 34 35 38 41 42 43 48 59 60 61 62 66 71 72 73 75 83 88 90 111 112 114 116 119 131 132 137 139 140 143 144 147 153 154 156 164 166 167 169 176 179 180 181 186 187 188 189 193 194 196 197 198 199 200 201 207 216 220
a 4 5 6 7 8 19 20 22 24 27 32 34 35 38 41 42 43 48 59 60 61 62 66 71 73 75 83 88 90 110 111 112 114 116 119 131 132 137 139 140 143 144 147 153 154 156 164 166 167 169 176 179 180 181 186 187 188 189 193 194 196 197 198 199 200 201 207 216 220
a 4 5 6 7 8 19 20 22 24 27 32 34 38 41 42 43 48 59 60 61 62 66 71 73 75 83 88 90 110 111 112 114 116 119 131 132 137 139 140 143 144 147 148 153 154 156 164 166 167 169 176 179 180 181 186 187 188 189 193 194 196 197 198 199 200 201 207 216 220
a 4 5 6 7 8 19 20 22 24 27 32 34 38 41 42 43 48 59 60 61 62 66 71 73 75 83 88 90 108 110 111 112 114 116 119 131 132 137 139 140 144 147 148 153 154 156 164 166 167 169 176 179 180 181 186 187 188 189 193 194 196 197 198 199 200 201 207 216 220
a 4 5 6 7 8 19 20 22 24 27 32 34 41 42 43 48 59 60 61 62 66 71 73 75 83 88 90 108 110 111 112 114 116 119 131 132 137 139 140 144 147 148 153 154 156 164 166 167 169 174 176 179 180 181 186 187 188 189 193 194 196 197 198 199 200 201 207 216 220
a 4 5 6 7 8 19 20 22 24 27 32 34 41 42 43 48 59 60 61 62 66 71 73 75 83 84 88 90 108 110 111 112 114 116 119 131 132 137 139 140 147 148 153 154 156 164 166 167 169 174 176 179 180 181 186 187 188 189 193 194 196 197 198 199 200 201 207 216 220
a 4 5 6 7 8 19 20 24 27 32 34 41 42 43 48 59 60 61 62 66 71 73 75 83 84 88 90 108 110 111 112 114 116 119 131 132 137 139 140 142 147 148 153 154 156 164 166 167 169 174 176 179 180 181 186 187 188 189 193 194 196 197 198 199 200 201 207 216 220
a 4 5 6 7 8 19 20 24 27 32 34 41 42 43 48 59 60 61 62 66 71 73 75 83 84 88 90 108 110 111 112 114 116 119 129 131 132 137 139 140 142 147 148 153 156 164 166 167 169 174 176 179 180 181 186 187 188 189 193 194 196 197 198 199 200 201 207 216 220
a 4 5 6 7 8 19 20 24 27 32 34 41 42 43 48 59 60 61 62 66 71 73 75 79 83 84 88 90 108 110 111 112 114 116 119 129 131 137 139 140 142 147 148 153 156 164 166 167 169 174 176 179 180 181 186 187 188 189 193 194 196 197 198 199 200 201 207 216 220
a 4 5 6 7 8 19 20 24 27 32 34 41 42 48 59 60 61 62 66 71 73 75 79 83 84 88 90 108 110 111 112 114 116 117 119 129 131 137 139 140 142 147 148 153 156 164 166 167 169 174 176 179 180 181 186 187 188 189 193 194 196 197 198 199 200 201 207 216 220
a 4 5 6 7 8 19 20 24 27 32 34 41 42 48 59 60 61 62 66 71 73 75 79 83 84 88 90 108 110 111 112 114 116 117 119 129 131 137 139 140 142 147 148 153 156 164 166 167 169 174 176 179 181 186 187 188 189 193 194 196 197 198 199 200 201 207 210 216 220
a 4 5 6 7 8 19 20 24 27 32 34 41 42 48 59 60 61 62 64 66 71 73 75 79 83 84 88 90 108 110 112 114 116 117 119 129 131 137 139 140 142 147 148 153 156 164 166 167 169 174 176 179 181 186 187 188 189 193 194 196 197 198 199 200 201 207 210 216 220
a 4 5 6 7 8 19 20 24 27 32 34 41 42 48 51 59 60 61 62 64 66 71 73 75 79 83 84 88 90 108 110 112 116 117 119 129 131 137 139 140 142 147 148 153 156 164 166 167 169 174 176 179 181 186 187 188 189 193 194 196 197 198 199 200 201 207 210 216 220
a 4 5 6 7 8 19 20 24 27 32 34 41 42 48 51 59 60 61 62 64 66 71 73 75 79 83 84 88 90 108 110 112 116 117 119 129 131 137 139 140 142 147 148 153 156 164 166 167 169 174 176 179 181 186 187 188 189 191 193 194 196 197 198 199 200 201 207 210 216
a 4 5 6 7 8 19 20 24 27 32 34 41 42 48 50 51 59 60 61 62 64 66 71 73 75 79 83 84 88 90 108 110 112 116 117 119 129 131 137 139 140 142 147 148 153 156 164 166 169 174 176 179 181 186 187 188 189 191 193 194 196 197 198 199 200 201 207 210 216
a 4 5 6 7 8 19 20 24 27 31 32 34 41 42 48 50 51 59 60 61 62 64 66 71 73 75 79 83 84 88 90 108 110 112 116 117 119 129 131 137 139 140 142 147 148 153 156 164 169 174 176 179 181 186 187 188 189 191 193 194 196 197 198 199 200 201 207 210 216
a 4 5 6 7 8 19 20 24 27 31 32 41 42 44 48 50 51 59 60 61 62 64 66 71 73 75 79 83 84 88 90 108 110 112 116 117 119 129 131 137 139 140 142 147 148 153 156 164 169 174 176 179 181 186 187 188 189 191 193 194 196 197 198 199 200 201 207 210 216
a 4 5 6 8 19 20 24 27 31 32 41 42 44 48 50 51 59 60 61 62 64 66 71 73 75 79 83 84 88 90 108 110 112 116 117 119 129 131 137 139 140 142 147 148 153 156 164 169 174 176 179 181 186 187 188 189 191 193 194 196 197 198 199 200 201 202 207 210 216
a 4 5 6 8 19 20 24 27 31 41 42 44 48 50 51 59 60 61 62 64 66 71 73 75 79 83 84 88 90 99 108 110 112 116 117 119 129 131 137 139 140 142 147 148 153 156 164 169 174 176 179 181 186 187 188 189 191 193 194 196 197 198 199 200 201 202 207 210 216
a 4 5 6 8 19 20 24 27 31 41 42 44 48 50 51 59 60 61 62 64 66 71 73 75 79 83 84 88 90 99 108 110 112 116 117 119 129 131 137 139 140 142 147 148 153 156 158 164 169 174 176 179 181 186 187 188 189 191 193 194 196 197 198 199 200 202 207 210 216
a 4 5 6 8 19 20 24 27 31 41 42 44 48 50 51 59 60 61 62 64 66 71 73 75 79 83 84 88 90 99 108 110 112 116 117 119 129 131 137 139 140 142 147 148 153 156 158 163 164 169 174 176 179 181 186 187 188 189 191 193 194 196 197 198 199 202 207 210 216
a 4 5 6 8 19 20 24 27 31 41 42 44 48 50 51 59 60 61 64 66 71 73 75 79 83 84 88 90 99 108 110 112 116 117 119 129 131 137 139 140 142 147 148 153 156 158 160 163 164 169 174 176 179 181 186 187 188 189 191 193 194 196 197 198 199 202 207 210 216
a 4 5 6 8 19 20 24 27 31 41 42 44 48 50 51 59 60 61 64 66 71 73 79 83 84 88 90 99 108 110 112 116 117 119 129 131 137 139 140 142 147 148 153 156 158 159 160 163 164 169 174 176 179 181 186 187 188 189 191 193 194 196 197 198 199 202 207 210 216
a 5 6 8 19 20 24 27 31 41 42 44 48 50 51 59 60 61 64 66 71 73 79 83 84 88 90 99 108 110 112 116 117 119 129 131 137 139 140 142 147 148 153 156 158 159 160 162 163 164 169 174 176 179 181 186 187 188 189 191 193 194 196 197 198 199 202 207 210 216
a 5 6 8 19 20 27 29 31 41 42 44 48 50 51 59 60 61 64 66 71 73 79 83 84 88 90 99 108 110 112 116 117 119 129 131 137 139 140 142 147 148 153 156 158 159 160 162 163 164 169 174 176 179 181 186 187 188 189 191 193 194 196 197 198 199 202 207 210 216
a 5 6 8 18 19 20 27 29 31 42 44 48 50 51 59 60 61 64 66 71 73 79 83 84 88 90 99 108 110 112 116 117 119 129 131 137 139 140 142 147 148 153 156 158 159 160 162 163 164 169 174 176 179 181 186 187 188 189 191 193 194 196 197 198 199 202 207 210 216
a 5 6 8 18 19 20 27 29 31 42 44 48 50 51 59 60 61 64 66 71 73 79 83 84 88 90 99 108 110 112 116 117 119 129 131 137 139 140 142 147 148 153 156 158 159 160 162 163 164 169 174 176 179 181 186 187 188 189 191 193 196 197 198 199 202 207 210 212 216
a 5 6 8 10 18 19 20 27 29 31 42 44 48 50 51 59 60 61 64 66 71 73 79 83 84 88 90 99 108 110 112 116 117 119 129 131 137 139 140 142 147 148 153 156 158 159 160 162 163 164 169 174 176 179 181 186 187 188 189 191 193 197 198 199 202 207 210 212 216
a 5 6 8 10 12 18 19 20 27 29 31 42 44 48 50 51 59 60 61 64 66 71 73 79 83 84 88 90 99 108 110 112 116 117 119 129 131 137 139 140 142 147 148 153 156 158 159 160 162 163 164 169 174 176 179 181 187 188 189 191 193 197 198 199 202 207 210 212 216
a 5 6 8 10 12 18 19 20 27 29 31 42 44 48 50 51 59 61 63 64 66 71 73 79 83 84 88 90 99 108 110 112 116 117 119 129 131 137 139 140 142 147 148 153 156 158 159 160 162 163 164 169 174 176 179 181 187 188 189 191 193 197 198 199 202 207 210 212 216
	Command being timed: "/Users/soh/app/scala-2.12.4/bin/scala -J-Xms32g -J-Xmx32g -cp /Users/soh/app/IsrForCompetition230719-15h37m/scop.jar:/Users/soh/app/IsrForCompetition230719-15h37m/isr4competition_2.12-1.3.5.jar fun.scop.app.isr.IsrSolverTj05 benchmark/ISR-benchmark/random_instance/random_instance017_graph002.col benchmark/ISR-benchmark/random_instance/random_instance017_graph002.dat cadical /Users/soh/app/IsrForCompetition230719-15h37m/cadical"
	User time (seconds): 4.93
	System time (seconds): 0.88
	Percent of CPU this job got: 123%
	Elapsed (wall clock) time (h:mm:ss or m:ss): 0:04.70
	Average shared text size (kbytes): 0
	Average unshared data size (kbytes): 0
	Average stack size (kbytes): 0
	Average total size (kbytes): 0
	Maximum resident set size (kbytes): 15569256448
	Average resident set size (kbytes): 0
	Major (requiring I/O) page faults: 4
	Minor (reclaiming a frame) page faults: 961226
	Voluntary context switches: 35
	Involuntary context switches: 3580
	Swaps: 0
	File system inputs: 0
	File system outputs: 0
	Socket messages sent: 40
	Socket messages received: 0
	Signals delivered: 7
	Page size (bytes): 4096
	Exit status: 0
FINISHED CPU 5.81 MEM 0 MAXMEM 0 STALE 1
#RESULT: UNK
#FIN: FIN
#CPU: 5.81
#MAXMEM: 0
c 
#END: [Wed Jul 19 16:21:30 2023]
