#BEGIN: [Wed Jul 19 16:21:29 2023]
#HOST: mini27.local
#TIMELIMIT: 7200
#MEMLIMIT: 0
#FREQ: 10
#SOLVER: sat-based-isr-tj05-230719-15h37m
#ARG1: benchmark/ISR-benchmark/random_instance/random_instance017_graph004.col
#ARG2: benchmark/ISR-benchmark/random_instance/random_instance017_graph004.dat
#COMMAND: /Users/soh/app/scala-2.12.4/bin/scala -J-Xms32g -J-Xmx32g -cp /Users/soh/app/IsrForCompetition230719-15h37m/scop.jar:/Users/soh/app/IsrForCompetition230719-15h37m/isr4competition_2.12-1.3.5.jar fun.scop.app.isr.IsrSolverTj05 benchmark/ISR-benchmark/random_instance/random_instance017_graph004.col benchmark/ISR-benchmark/random_instance/random_instance017_graph004.dat cadical /Users/soh/app/IsrForCompetition230719-15h37m/cadical
#Nodes: 220
#Edges: 663
WARNING. There is missing goal nodes: {84}
c (0) step 1 UNSAT 1388 4603
c (0) step 2 UNSAT 2691 8662
c (0) step 3 UNSAT 4198 13194
c (0) step 4 UNSAT 5977 18334
c (0) step 5 UNSAT 8096 24217
c (0) step 6 UNSAT 10623 30978
c (0) step 7 UNSAT 13626 38752
c (0) step 8 UNSAT 17173 47674
c (0) step 9 UNSAT 21332 57879
c (0) step 10 UNSAT 26171 69502
c (0) step 11 UNSAT 31758 82678
c (0) step 12 UNSAT 38161 97542
c (0) step 13 UNSAT 45448 114229
c (0) step 14 UNSAT 53687 132874
c (0) step 15 UNSAT 62946 153612
c (0) step 16 UNSAT 73293 176578
c (0) step 17 UNSAT 84796 201907
c (0) step 18 UNSAT 97523 229734
c (0) step 19 UNSAT 111542 260194
c (0) step 20 UNSAT 126921 293422
c (0) step 21 UNSAT 143728 329553
c (0) step 22 UNSAT 162031 368722
c (0) step 23 UNSAT 181898 411064
c (0) step 24 UNSAT 203397 456714
c (0) step 25 UNSAT 226596 505807
c (0) step 26 UNSAT 251563 558478
c (0) step 27 UNSAT 278366 614862
c (0) step 28 UNSAT 307073 675094
c (1) step 29 UNSAT 337752 739309
c (1) step 30 UNSAT 370471 807642
c (1) step 31 UNSAT 405298 880228
c (1) step 32 UNSAT 442301 957202
c (1) step 33 UNSAT 481548 1038699
c (1) step 34 UNSAT 523107 1124854
c (1) step 35 UNSAT 567046 1215802
c (1) step 36 UNSAT 613433 1311678
c (1) step 37 UNSAT 662336 1412617
c (70) step 38 SAT 713823 1518754
a YES
a 3 5 12 15 18 30 34 37 39 40 44 48 51 53 59 63 64 65 68 69 71 72 76 77 80 87 91 97 98 99 105 109 112 115 116 117 120 123 127 129 132 134 135 136 141 144 145 153 155 156 162 165 167 172 180 181 182 184 189 190 198 199 200 204 208 210 214 215 221
a 3 5 12 15 18 30 34 37 39 44 48 51 53 59 63 64 65 68 69 71 72 76 77 80 87 91 97 98 99 105 109 112 115 116 117 120 123 127 129 132 134 135 136 141 144 145 153 155 156 157 162 165 167 172 180 181 182 184 189 190 198 199 200 204 208 210 214 215 221
a 3 12 15 18 30 34 37 39 44 48 51 53 59 63 64 65 68 69 71 72 76 77 80 87 91 97 98 99 105 109 112 115 116 117 120 123 127 129 132 134 135 136 141 144 145 153 155 156 157 162 164 165 167 172 180 181 182 184 189 190 198 199 200 204 208 210 214 215 221
a 3 12 15 18 30 34 37 39 44 48 51 53 59 63 64 65 68 69 71 72 76 77 80 87 91 97 98 99 105 109 112 115 116 117 120 123 129 132 134 135 136 141 143 144 145 153 155 156 157 162 164 165 167 172 180 181 182 184 189 190 198 199 200 204 208 210 214 215 221
a 3 12 15 18 30 34 39 44 48 51 53 59 63 64 65 68 69 71 72 76 77 80 87 91 97 98 99 105 109 112 115 116 117 120 123 129 132 134 135 136 141 143 144 145 153 155 156 157 162 164 165 167 172 180 181 182 184 188 189 190 198 199 200 204 208 210 214 215 221
a 3 12 15 18 30 34 39 44 48 51 53 59 63 64 65 68 69 71 72 76 77 80 87 91 97 98 99 105 109 112 115 116 117 120 123 129 132 134 135 136 141 143 144 145 153 155 156 157 162 164 165 166 167 172 180 181 184 188 189 190 198 199 200 204 208 210 214 215 221
a 3 12 15 18 30 34 39 44 48 51 53 59 63 64 65 68 69 71 72 76 77 80 87 91 97 98 99 105 109 112 115 116 117 120 123 129 132 134 135 136 141 143 144 145 153 155 156 157 162 164 165 166 167 172 180 181 184 185 188 189 190 198 199 200 208 210 214 215 221
a 3 12 15 18 30 34 39 44 48 51 53 59 63 64 65 68 69 71 72 76 77 80 87 91 94 97 98 99 105 109 112 115 116 117 120 123 129 132 134 135 136 141 143 144 145 153 155 156 157 162 164 165 166 167 172 180 181 184 185 188 189 190 198 199 200 208 210 214 221
a 3 12 15 18 21 30 34 39 44 48 51 53 59 63 64 65 68 69 71 72 76 77 80 87 91 94 97 98 99 105 109 112 115 116 117 120 123 129 132 134 135 136 141 143 144 145 153 155 156 157 162 164 166 167 172 180 181 184 185 188 189 190 198 199 200 208 210 214 221
a 3 12 15 18 21 30 34 39 44 48 51 59 62 63 64 65 68 69 71 72 76 77 80 87 91 94 97 98 99 105 109 112 115 116 117 120 123 129 132 134 135 136 141 143 144 145 153 155 156 157 162 164 166 167 172 180 181 184 185 188 189 190 198 199 200 208 210 214 221
a 3 12 15 18 20 21 30 34 39 44 48 51 62 63 64 65 68 69 71 72 76 77 80 87 91 94 97 98 99 105 109 112 115 116 117 120 123 129 132 134 135 136 141 143 144 145 153 155 156 157 162 164 166 167 172 180 181 184 185 188 189 190 198 199 200 208 210 214 221
a 3 12 15 18 20 21 30 34 39 44 51 62 63 64 65 68 69 71 72 76 77 80 87 91 94 95 97 98 99 105 109 112 115 116 117 120 123 129 132 134 135 136 141 143 144 145 153 155 156 157 162 164 166 167 172 180 181 184 185 188 189 190 198 199 200 208 210 214 221
a 3 12 15 18 20 21 26 30 34 39 44 51 62 63 64 65 68 69 71 72 76 77 80 87 91 94 95 97 99 105 109 112 115 116 117 120 123 129 132 134 135 136 141 143 144 145 153 155 156 157 162 164 166 167 172 180 181 184 185 188 189 190 198 199 200 208 210 214 221
a 3 12 15 18 20 21 26 30 34 39 44 50 51 62 63 64 65 68 69 72 76 77 80 87 91 94 95 97 99 105 109 112 115 116 117 120 123 129 132 134 135 136 141 143 144 145 153 155 156 157 162 164 166 167 172 180 181 184 185 188 189 190 198 199 200 208 210 214 221
a 1 3 12 15 18 20 21 26 30 34 39 44 50 51 62 63 64 65 68 69 72 76 77 80 87 91 94 95 97 99 105 109 112 115 116 117 120 123 129 132 134 135 136 141 143 144 153 155 156 157 162 164 166 167 172 180 181 184 185 188 189 190 198 199 200 208 210 214 221
a 1 3 12 15 18 20 21 26 30 34 39 44 50 51 62 63 64 65 68 69 72 76 77 80 87 91 94 95 97 99 105 109 112 115 116 117 120 123 129 132 134 135 136 141 143 144 153 155 156 157 162 164 166 167 172 180 181 184 185 188 189 190 198 199 200 201 208 210 214
a 1 3 12 15 18 20 21 26 30 34 39 44 50 51 62 63 64 65 68 69 72 76 77 80 87 91 94 95 97 99 105 109 112 114 115 116 117 123 129 132 134 135 136 141 143 144 153 155 156 157 162 164 166 167 172 180 181 184 185 188 189 190 198 199 200 201 208 210 214
a 1 3 12 15 18 20 21 26 30 34 39 44 50 51 62 63 64 65 68 69 72 76 77 80 87 91 94 95 97 99 105 109 112 114 115 116 117 123 129 132 134 135 136 141 143 144 153 155 156 157 162 164 166 167 172 173 180 181 184 185 188 189 190 199 200 201 208 210 214
a 1 3 12 15 18 20 21 26 30 34 39 44 50 51 55 62 63 64 65 68 69 72 76 77 80 87 91 94 95 97 99 105 112 114 115 116 117 123 129 132 134 135 136 141 143 144 153 155 156 157 162 164 166 167 172 173 180 181 184 185 188 189 190 199 200 201 208 210 214
a 1 3 12 15 18 20 21 26 30 34 39 44 50 51 55 62 63 64 65 68 69 72 75 76 77 80 87 91 94 95 97 99 105 112 114 115 116 117 123 129 132 134 135 136 141 143 144 155 156 157 162 164 166 167 172 173 180 181 184 185 188 189 190 199 200 201 208 210 214
a 1 3 12 15 18 20 21 26 30 34 39 44 50 51 55 62 63 64 65 68 69 72 75 76 77 80 87 91 94 95 97 99 105 112 114 115 116 117 123 129 132 135 136 141 143 144 155 156 157 162 164 166 167 168 172 173 180 181 184 185 188 189 190 199 200 201 208 210 214
a 1 3 12 14 15 18 20 21 26 30 34 39 44 50 51 55 62 63 64 65 68 69 72 75 76 77 80 87 91 94 95 97 99 105 112 114 116 117 123 129 132 135 136 141 143 144 155 156 157 162 164 166 167 168 172 173 180 181 184 185 188 189 190 199 200 201 208 210 214
a 1 3 12 14 15 18 20 21 26 30 34 39 44 50 51 55 62 63 64 65 68 69 72 75 76 77 80 87 91 94 95 97 99 105 112 114 116 117 123 129 132 135 136 141 143 144 149 155 156 157 162 164 166 167 168 173 180 181 184 185 188 189 190 199 200 201 208 210 214
a 1 3 9 12 14 15 18 20 21 26 30 34 39 44 50 51 55 62 63 64 65 69 72 75 76 77 80 87 91 94 95 97 99 105 112 114 116 117 123 129 132 135 136 141 143 144 149 155 156 157 162 164 166 167 168 173 180 181 184 185 188 189 190 199 200 201 208 210 214
a 1 3 9 12 14 15 18 20 21 26 30 34 39 44 50 51 55 62 63 64 65 69 72 75 76 77 80 87 91 94 95 97 99 105 112 114 116 117 123 129 132 135 136 141 143 144 149 155 156 157 162 164 166 167 168 173 180 181 184 185 188 189 190 199 200 201 203 208 214
a 1 3 9 12 14 15 18 20 21 26 30 34 39 44 50 51 55 62 63 64 65 69 72 75 76 77 80 87 91 94 95 97 99 105 112 114 117 123 129 132 135 136 141 143 144 149 155 156 157 162 164 166 167 168 173 180 181 184 185 188 189 190 199 200 201 203 207 208 214
a 1 3 9 12 14 15 18 20 21 26 30 32 34 39 44 50 51 55 62 63 64 65 69 72 75 76 77 80 87 94 95 97 99 105 112 114 117 123 129 132 135 136 141 143 144 149 155 156 157 162 164 166 167 168 173 180 181 184 185 188 189 190 199 200 201 203 207 208 214
a 1 3 9 12 14 15 18 20 21 26 30 32 34 39 44 50 51 55 62 63 64 65 66 69 72 75 76 77 80 87 94 95 97 99 105 112 114 117 123 129 132 135 136 141 143 144 149 155 156 157 164 166 167 168 173 180 181 184 185 188 189 190 199 200 201 203 207 208 214
a 1 3 9 12 14 15 18 20 21 26 30 32 34 39 44 50 51 55 62 63 64 65 66 69 72 75 76 77 80 87 92 94 95 97 99 105 112 114 117 123 129 132 135 136 141 143 149 155 156 157 164 166 167 168 173 180 181 184 185 188 189 190 199 200 201 203 207 208 214
a 1 3 9 12 14 15 16 18 20 21 26 30 32 34 39 44 50 51 55 62 63 64 65 66 69 72 75 76 77 80 92 94 95 97 99 105 112 114 117 123 129 132 135 136 141 143 149 155 156 157 164 166 167 168 173 180 181 184 185 188 189 190 199 200 201 203 207 208 214
a 1 3 9 12 14 15 16 18 20 21 26 30 32 34 39 44 50 51 55 62 63 64 65 66 69 72 75 77 80 92 94 95 97 99 100 105 112 114 117 123 129 132 135 136 141 143 149 155 156 157 164 166 167 168 173 180 181 184 185 188 189 190 199 200 201 203 207 208 214
a 1 3 9 14 15 16 18 20 21 26 30 32 34 39 44 50 51 55 62 63 64 65 66 69 72 75 77 80 92 94 95 97 99 100 105 112 114 117 123 129 132 133 135 136 141 143 149 155 156 157 164 166 167 168 173 180 181 184 185 188 189 190 199 200 201 203 207 208 214
a 1 3 9 14 15 16 18 20 21 26 30 32 34 39 44 50 51 55 62 63 64 66 69 72 75 77 80 92 94 95 97 99 100 105 107 112 114 117 123 129 132 133 135 136 141 143 149 155 156 157 164 166 167 168 173 180 181 184 185 188 189 190 199 200 201 203 207 208 214
a 1 3 9 14 15 16 18 20 21 26 30 32 34 39 44 46 50 51 55 62 63 64 66 69 72 75 77 80 92 94 95 97 99 100 105 107 112 114 117 123 129 132 133 135 136 141 143 149 155 156 157 164 166 167 168 173 180 181 184 185 188 189 190 199 201 203 207 208 214
a 1 3 9 14 15 16 18 20 21 26 30 32 34 39 44 46 50 51 55 62 63 64 66 69 72 75 77 80 92 94 95 97 99 100 105 107 114 117 123 129 132 133 135 136 141 143 149 155 156 157 158 164 166 167 168 173 180 181 184 185 188 189 190 199 201 203 207 208 214
a 1 3 9 14 15 16 18 20 21 23 26 30 32 34 39 44 46 50 51 55 62 63 64 66 69 72 75 77 92 94 95 97 99 100 105 107 114 117 123 129 132 133 135 136 141 143 149 155 156 157 158 164 166 167 168 173 180 181 184 185 188 189 190 199 201 203 207 208 214
a 1 3 9 14 15 16 18 20 21 23 26 30 32 39 44 46 50 51 55 62 63 64 66 69 72 75 77 92 94 95 97 99 100 105 107 114 117 123 129 132 133 135 136 141 143 149 155 156 157 158 164 166 167 168 173 178 180 181 184 185 188 189 190 199 201 203 207 208 214
a 1 3 9 14 15 16 18 20 21 23 26 30 32 39 44 46 50 51 55 62 64 66 69 72 75 77 89 92 94 95 97 99 100 105 107 114 117 123 129 132 133 135 136 141 143 149 155 156 157 158 164 166 167 168 173 178 180 181 184 185 188 189 190 199 201 203 207 208 214
a 1 3 9 14 15 16 18 20 21 23 26 30 32 39 44 46 50 51 55 62 64 66 69 72 75 77 89 92 93 94 95 99 100 105 107 114 117 123 129 132 133 135 136 141 143 149 155 156 157 158 164 166 167 168 173 178 180 181 184 185 188 189 190 199 201 203 207 208 214
	Command being timed: "/Users/soh/app/scala-2.12.4/bin/scala -J-Xms32g -J-Xmx32g -cp /Users/soh/app/IsrForCompetition230719-15h37m/scop.jar:/Users/soh/app/IsrForCompetition230719-15h37m/isr4competition_2.12-1.3.5.jar fun.scop.app.isr.IsrSolverTj05 benchmark/ISR-benchmark/random_instance/random_instance017_graph004.col benchmark/ISR-benchmark/random_instance/random_instance017_graph004.dat cadical /Users/soh/app/IsrForCompetition230719-15h37m/cadical"
	User time (seconds): 71.13
	System time (seconds): 0.96
	Percent of CPU this job got: 101%
	Elapsed (wall clock) time (h:mm:ss or m:ss): 1:10.97
	Average shared text size (kbytes): 0
	Average unshared data size (kbytes): 0
	Average stack size (kbytes): 0
	Average total size (kbytes): 0
	Maximum resident set size (kbytes): 12392726528
	Average resident set size (kbytes): 0
	Major (requiring I/O) page faults: 0
	Minor (reclaiming a frame) page faults: 778669
	Voluntary context switches: 36
	Involuntary context switches: 4983
	Swaps: 0
	File system inputs: 0
	File system outputs: 0
	Socket messages sent: 44
	Socket messages received: 0
	Signals delivered: 6
	Page size (bytes): 4096
	Exit status: 0
FINISHED CPU 72.09 MEM 0 MAXMEM 0 STALE 1
#RESULT: UNK
#FIN: FIN
#CPU: 72.09
#MAXMEM: 0
c 
#END: [Wed Jul 19 16:22:40 2023]
