#BEGIN: [Tue Aug  8 18:25:13 2023]
#HOST: mini24.local
#TIMELIMIT: 1800
#MEMLIMIT: 0
#FREQ: 10
#SOLVER: recon
#ARG1: benchmark/ISR-benchmark/random_instance/random_instance006_graph004.col
#ARG2: benchmark/ISR-benchmark/random_instance/random_instance006_graph004.dat
#COMMAND: /Users/soh/app/recon/src/recon benchmark/ISR-benchmark/random_instance/random_instance006_graph004.col benchmark/ISR-benchmark/random_instance/random_instance006_graph004.dat
c Copyright Volker Turau & Christoph Weyer, 2022
c Institute of Telematics
c Hamburg University of Technology, Hamburg, Germany
c Contact: turau@tuhh.de
c Graph file: benchmark/ISR-benchmark/random_instance/random_instance006_graph004.col
c Target file: benchmark/ISR-benchmark/random_instance/random_instance006_graph004.dat
c Size of independent set: 26
c Number of nodes of graph: 78
c Number of edges of graph: 234
c Average degree of graph: 6.00
s 3 5 6 11 17 19 28 29 30 33 38 41 42 43 49 50 55 57 58 62 63 64 66 70 74 75 
t 6 11 17 19 21 24 29 30 33 38 39 42 43 47 52 55 57 58 59 62 63 64 68 69 70 75 
c BFS found 13 new nodes in level 1 (total 14/244032232)
c BFS found 180 new nodes in level 2 (total 194/244032232)
c BFS found 1641 new nodes in level 3 (total 1835/244032232)
c BFS found 10218 new nodes in level 4 (total 12052/244032232)
c BFS found 44991 new nodes in level 5 (total 57017/244032232)
c BFS found 144662 new nodes in level 6 (total 201193/244032232)
c BFS found 362342 new nodes in level 7 (total 559286/244032232)
c BFS exiting found=true count=1284879 max_count=244032232
c Found with: Breadth First Search
a YES
a 3 5 6 11 17 19 28 29 30 33 38 41 42 43 49 50 55 57 58 62 63 64 66 70 74 75 
a 3 5 6 11 17 19 29 30 33 38 41 42 43 49 50 55 57 58 62 63 64 66 68 70 74 75 
a 3 5 6 11 17 19 29 30 33 38 41 42 43 49 50 55 57 58 62 63 64 68 69 70 74 75 
a 3 5 6 11 17 19 29 30 33 38 39 41 42 43 49 55 57 58 62 63 64 68 69 70 74 75 
a 3 5 6 11 17 19 29 30 33 38 39 41 42 43 49 52 55 57 58 62 63 64 68 69 70 75 
a 3 5 6 11 17 19 24 29 30 33 38 39 41 42 43 52 55 57 58 62 63 64 68 69 70 75 
a 5 6 11 17 19 21 24 29 30 33 38 39 41 42 43 52 55 57 58 62 63 64 68 69 70 75 
a 5 6 11 17 19 21 24 29 30 33 38 39 42 43 47 52 55 57 58 62 63 64 68 69 70 75 
a 6 11 17 19 21 24 29 30 33 38 39 42 43 47 52 55 57 58 59 62 63 64 68 69 70 75 
c Length: 8
	Command being timed: "/Users/soh/app/recon/src/recon benchmark/ISR-benchmark/random_instance/random_instance006_graph004.col benchmark/ISR-benchmark/random_instance/random_instance006_graph004.dat"
	User time (seconds): 21.92
	System time (seconds): 0.06
	Percent of CPU this job got: 99%
	Elapsed (wall clock) time (h:mm:ss or m:ss): 0:21.99
	Average shared text size (kbytes): 0
	Average unshared data size (kbytes): 0
	Average stack size (kbytes): 0
	Average total size (kbytes): 0
	Maximum resident set size (kbytes): 587776000
	Average resident set size (kbytes): 0
	Major (requiring I/O) page faults: 0
	Minor (reclaiming a frame) page faults: 36022
	Voluntary context switches: 18
	Involuntary context switches: 111
	Swaps: 0
	File system inputs: 0
	File system outputs: 0
	Socket messages sent: 36
	Socket messages received: 0
	Signals delivered: 0
	Page size (bytes): 4096
	Exit status: 0
FINISHED CPU 21.98 MEM 0 MAXMEM 0 STALE 1
#RESULT: UNK
#FIN: FIN
#CPU: 21.98
#MAXMEM: 0
c 
#END: [Tue Aug  8 18:25:35 2023]
