#BEGIN: [Tue Aug  1 12:58:42 2023]
#HOST: mini24.local
#TIMELIMIT: 7200
#MEMLIMIT: 0
#FREQ: 10
#SOLVER: ddreconf230801-10h10m
#ARG1: benchmark/ISR-benchmark/random_instance/random_instance004_graph001.col
#ARG2: benchmark/ISR-benchmark/random_instance/random_instance004_graph001.dat
#COMMAND: /Users/soh/app/ddreconf230801-10h10m/ddreconf benchmark/ISR-benchmark/random_instance/random_instance004_graph001.col --indset --stwidth --stfile=benchmark/ISR-benchmark/random_instance/random_instance004_graph001.dat
Input graph file parsed. # of vertices = 52, # of edges = 156
s 4 5 7 25 14 27 28 29 31 36 35 39 40 46 50
t 1 3 7 25 11 19 20 21 28 31 34 41 42 44 48
Solution space ZDD construction start
Solution space ZDD construction end
Solution space ZDD construction time = 1.056411
Solution space ZDD size = 138652
# of elements in the solution space = 227597732
Start computing the width of the solution space graph
Zs_1 construction time = 0.000390, # ZDD nodes = 58, # elems = 9
Zt_1 construction time = 0.000126, # ZDD nodes = 75, # elems = 16
Zs_2 construction time = 0.000395, # ZDD nodes = 186, # elems = 75
Zt_2 construction time = 0.000779, # ZDD nodes = 361, # elems = 252
Zs_3 construction time = 0.001585, # ZDD nodes = 656, # elems = 506
Zt_3 construction time = 0.004133, # ZDD nodes = 1414, # elems = 2516
Zs_4 construction time = 0.007916, # ZDD nodes = 2173, # elems = 2836
Zt_4 construction time = 0.020950, # ZDD nodes = 4545, # elems = 15661
Zs_5 construction time = 0.041781, # ZDD nodes = 6444, # elems = 13281
Zt_5 construction time = 0.111060, # ZDD nodes = 12260, # elems = 64202
Zs_6 construction time = 0.178118, # ZDD nodes = 15956, # elems = 50284
Reconf seq found. Shortest length = 11
Zt_6 construction time = 0.332364, # ZDD nodes = 27018, # elems = 181449
Zs_7 construction time = 0.612872, # ZDD nodes = 33232, # elems = 148585
Zt_7 construction time = 1.035806, # ZDD nodes = 49355, # elems = 367236
Zs_8 construction time = 1.346928, # ZDD nodes = 58421, # elems = 331067
Zt_8 construction time = 2.614516, # ZDD nodes = 75302, # elems = 554854
Zs_9 construction time = 2.665587, # ZDD nodes = 87032, # elems = 545427
Zt_9 construction time = 4.482724, # ZDD nodes = 95498, # elems = 646997
Zs_10 construction time = 4.435181, # ZDD nodes = 107376, # elems = 663706
Zt_10 construction time = 5.320746, # ZDD nodes = 98589, # elems = 573183
Zs_11 construction time = 6.421775, # ZDD nodes = 107763, # elems = 597132
Zt_11 construction time = 5.301312, # ZDD nodes = 80426, # elems = 362488
Card(Zs_0 & Zt_11) = 1
Card(Zs_1 & Zt_10) = 4
Card(Zs_2 & Zt_9) = 15
Card(Zs_3 & Zt_8) = 31
Card(Zs_4 & Zt_7) = 46
Card(Zs_5 & Zt_6) = 72
Card(Zs_6 & Zt_5) = 94
Card(Zs_7 & Zt_4) = 85
Card(Zs_8 & Zt_3) = 53
Card(Zs_9 & Zt_2) = 21
Card(Zs_10 & Zt_1) = 5
Card(Zs_11 & Zt_0) = 1
max card = 94
max card index = 6
a YES
a 4 5 7 14 25 27 28 29 31 35 36 39 40 46 50
a 4 5 7 14 25 28 29 31 35 36 39 40 44 46 50
a 4 5 7 14 25 28 29 31 36 39 40 42 44 46 50
a 5 7 14 25 28 29 31 36 39 40 41 42 44 46 50
a 5 7 14 25 28 29 31 34 36 39 40 41 42 44 50
a 5 7 14 21 25 28 29 31 34 36 39 41 42 44 50
a 5 7 14 21 25 28 29 31 34 36 41 42 44 48 50
a 7 14 20 21 25 28 29 31 34 36 41 42 44 48 50
a 1 7 14 20 21 25 28 31 34 36 41 42 44 48 50
a 1 7 14 19 20 21 25 28 31 34 36 41 42 44 48
a 1 7 11 19 20 21 25 28 31 34 36 41 42 44 48
a 1 3 7 11 19 20 21 25 28 31 34 41 42 44 48
Reconfiguration time = 35.153307
	Command being timed: "/Users/soh/app/ddreconf230801-10h10m/ddreconf benchmark/ISR-benchmark/random_instance/random_instance004_graph001.col --indset --stwidth --stfile=benchmark/ISR-benchmark/random_instance/random_instance004_graph001.dat"
	User time (seconds): 35.57
	System time (seconds): 0.79
	Percent of CPU this job got: 99%
	Elapsed (wall clock) time (h:mm:ss or m:ss): 0:36.38
	Average shared text size (kbytes): 0
	Average unshared data size (kbytes): 0
	Average stack size (kbytes): 0
	Average total size (kbytes): 0
	Maximum resident set size (kbytes): 11997200384
	Average resident set size (kbytes): 0
	Major (requiring I/O) page faults: 0
	Minor (reclaiming a frame) page faults: 898537
	Voluntary context switches: 21
	Involuntary context switches: 177
	Swaps: 0
	File system inputs: 0
	File system outputs: 0
	Socket messages sent: 35
	Socket messages received: 0
	Signals delivered: 0
	Page size (bytes): 4096
	Exit status: 0
FINISHED CPU 36.36 MEM 0 MAXMEM 0 STALE 1
#RESULT: UNK
#FIN: FIN
#CPU: 36.36
#MAXMEM: 0
c 
#END: [Tue Aug  1 12:59:19 2023]
