#BEGIN: [Wed Jul 19 16:20:45 2023]
#HOST: mini28.local
#TIMELIMIT: 7200
#MEMLIMIT: 0
#FREQ: 10
#SOLVER: sat-based-isr-tj05-230719-15h37m
#ARG1: benchmark/ISR-benchmark/random_instance/random_instance003_graph004.col
#ARG2: benchmark/ISR-benchmark/random_instance/random_instance003_graph004.dat
#COMMAND: /Users/soh/app/scala-2.12.4/bin/scala -J-Xms32g -J-Xmx32g -cp /Users/soh/app/IsrForCompetition230719-15h37m/scop.jar:/Users/soh/app/IsrForCompetition230719-15h37m/isr4competition_2.12-1.3.5.jar fun.scop.app.isr.IsrSolverTj05 benchmark/ISR-benchmark/random_instance/random_instance003_graph004.col benchmark/ISR-benchmark/random_instance/random_instance003_graph004.dat cadical /Users/soh/app/IsrForCompetition230719-15h37m/cadical
#Nodes: 39
#Edges: 117
c (0) step 1 UNSAT 247 812
c (0) step 2 SAT 480 1532
a YES
a 1 2 8 12 13 14 15 20 26 28 29 32 35 38
a 1 2 8 12 13 14 15 20 23 28 29 32 35 38
a 1 2 8 10 12 14 15 20 23 28 29 32 35 38
	Command being timed: "/Users/soh/app/scala-2.12.4/bin/scala -J-Xms32g -J-Xmx32g -cp /Users/soh/app/IsrForCompetition230719-15h37m/scop.jar:/Users/soh/app/IsrForCompetition230719-15h37m/isr4competition_2.12-1.3.5.jar fun.scop.app.isr.IsrSolverTj05 benchmark/ISR-benchmark/random_instance/random_instance003_graph004.col benchmark/ISR-benchmark/random_instance/random_instance003_graph004.dat cadical /Users/soh/app/IsrForCompetition230719-15h37m/cadical"
	User time (seconds): 0.75
	System time (seconds): 0.08
	Percent of CPU this job got: 112%
	Elapsed (wall clock) time (h:mm:ss or m:ss): 0:00.75
	Average shared text size (kbytes): 0
	Average unshared data size (kbytes): 0
	Average stack size (kbytes): 0
	Average total size (kbytes): 0
	Maximum resident set size (kbytes): 813236224
	Average resident set size (kbytes): 0
	Major (requiring I/O) page faults: 0
	Minor (reclaiming a frame) page faults: 55594
	Voluntary context switches: 34
	Involuntary context switches: 2630
	Swaps: 0
	File system inputs: 0
	File system outputs: 0
	Socket messages sent: 39
	Socket messages received: 0
	Signals delivered: 5
	Page size (bytes): 4096
	Exit status: 0
FINISHED CPU 0.83 MEM 0 MAXMEM 0 STALE 1
#RESULT: UNK
#FIN: FIN
#CPU: 0.83
#MAXMEM: 0
c 
#END: [Wed Jul 19 16:20:46 2023]
