#BEGIN: [Wed Jul 19 16:21:30 2023]
#HOST: mini30.local
#TIMELIMIT: 7200
#MEMLIMIT: 0
#FREQ: 10
#SOLVER: sat-based-isr-tj05-230719-15h37m
#ARG1: benchmark/ISR-benchmark/random_instance/random_instance017_graph005.col
#ARG2: benchmark/ISR-benchmark/random_instance/random_instance017_graph005.dat
#COMMAND: /Users/soh/app/scala-2.12.4/bin/scala -J-Xms32g -J-Xmx32g -cp /Users/soh/app/IsrForCompetition230719-15h37m/scop.jar:/Users/soh/app/IsrForCompetition230719-15h37m/isr4competition_2.12-1.3.5.jar fun.scop.app.isr.IsrSolverTj05 benchmark/ISR-benchmark/random_instance/random_instance017_graph005.col benchmark/ISR-benchmark/random_instance/random_instance017_graph005.dat cadical /Users/soh/app/IsrForCompetition230719-15h37m/cadical
#Nodes: 221
#Edges: 663
c (0) step 1 UNSAT 1395 4620
c (0) step 2 UNSAT 2706 8700
c (0) step 3 UNSAT 4224 13260
c (0) step 4 UNSAT 6018 18437
c (0) step 5 UNSAT 8157 24368
c (0) step 6 UNSAT 10710 31190
c (0) step 7 UNSAT 13746 39040
c (0) step 8 UNSAT 17334 48055
c (0) step 9 UNSAT 21543 58372
c (0) step 10 UNSAT 26442 70128
c (0) step 11 UNSAT 32100 83460
c (0) step 12 UNSAT 38586 98505
c (0) step 13 UNSAT 45969 115400
c (0) step 14 UNSAT 54318 134282
c (0) step 15 UNSAT 63702 155288
c (0) step 16 UNSAT 74190 178555
c (0) step 17 UNSAT 85851 204220
c (0) step 18 UNSAT 98754 232420
c (0) step 19 UNSAT 112968 263292
c (0) step 20 UNSAT 128562 296973
c (0) step 21 UNSAT 145605 333600
c (0) step 22 UNSAT 164166 373310
c (0) step 23 UNSAT 184314 416240
c (0) step 24 UNSAT 206118 462527
c (0) step 25 UNSAT 229647 512308
c (0) step 26 UNSAT 254970 565720
c (0) step 27 UNSAT 282156 622900
c (0) step 28 UNSAT 311274 683985
c (1) step 29 UNSAT 342393 749112
c (1) step 30 UNSAT 375582 818418
c (1) step 31 UNSAT 410910 892040
c (1) step 32 UNSAT 448446 970115
c (1) step 33 UNSAT 488259 1052780
c (1) step 34 UNSAT 530418 1140172
c (1) step 35 UNSAT 574992 1232428
c (1) step 36 UNSAT 622050 1329685
c (1) step 37 UNSAT 671661 1432080
c (2) step 38 UNSAT 723894 1539750
c (2) step 39 UNSAT 778818 1652832
c (2) step 40 UNSAT 836502 1771463
c (2) step 41 UNSAT 897015 1895780
c (2) step 42 UNSAT 960426 2025920
c (2) step 43 UNSAT 1026804 2162020
c (3) step 44 UNSAT 1096218 2304217
c (3) step 45 UNSAT 1168737 2452648
c (3) step 46 UNSAT 1244430 2607450
c (3) step 47 UNSAT 1323366 2768760
c (5) step 48 SAT 1405614 2936715
a YES
a 3 4 6 7 8 11 13 15 22 28 29 33 41 45 47 50 56 58 59 60 62 65 68 73 74 75 79 84 93 96 101 102 108 110 111 113 117 119 122 124 126 129 131 132 133 137 140 150 160 163 164 165 166 172 181 184 185 189 192 195 196 200 202 205 206 208 209 212 213 217
a 3 4 6 7 8 11 13 15 22 28 29 33 41 45 47 50 56 58 59 60 62 65 68 73 74 75 79 84 93 96 101 102 108 110 111 113 117 119 122 124 126 129 132 133 137 140 150 160 163 164 165 166 172 177 181 184 185 189 192 195 196 200 202 205 206 208 209 212 213 217
a 3 4 6 7 8 11 13 15 17 22 28 29 33 41 45 47 50 56 58 59 60 62 65 68 73 74 75 79 84 93 96 101 102 108 110 111 113 117 119 122 124 126 129 132 133 137 140 150 160 163 164 165 166 172 177 181 184 185 189 192 195 196 200 202 205 206 208 209 212 213
a 3 4 6 7 8 11 13 15 17 22 28 29 33 41 45 47 50 56 58 59 60 62 65 68 73 74 75 79 84 93 96 101 102 108 110 111 113 117 119 122 124 126 129 132 133 134 137 140 150 160 163 164 165 166 172 177 181 184 185 189 192 195 196 200 202 205 206 208 212 213
a 3 4 6 7 8 11 13 15 17 22 28 29 33 41 45 47 50 56 58 59 60 62 65 68 73 74 75 79 84 93 96 101 102 108 110 111 113 117 119 122 124 126 129 132 133 134 137 140 150 160 163 164 165 166 172 177 181 184 185 189 192 195 196 200 202 205 206 208 213 220
a 3 4 6 7 8 11 13 15 17 18 22 28 29 33 41 45 47 50 56 58 59 60 62 65 68 73 74 75 79 84 93 96 101 102 108 110 111 113 117 119 122 124 126 129 132 133 134 137 140 150 160 163 164 165 166 172 177 181 184 185 189 192 195 196 200 202 205 208 213 220
a 3 4 6 7 8 11 13 15 17 18 22 28 29 33 41 45 47 50 56 58 59 60 62 65 68 73 74 75 79 84 93 96 101 102 104 108 110 111 113 117 119 122 124 126 129 132 133 134 137 140 150 160 163 165 166 172 177 181 184 185 189 192 195 196 200 202 205 208 213 220
a 3 4 6 7 8 11 13 15 17 18 22 28 29 33 41 45 47 50 56 58 59 60 62 65 68 73 74 75 79 84 93 96 101 102 104 108 110 111 113 117 119 122 124 126 129 132 133 134 137 140 150 160 163 165 172 176 177 181 184 185 189 192 195 196 200 202 205 208 213 220
a 3 4 6 7 8 11 13 15 17 18 22 28 29 32 33 41 45 47 50 56 58 59 60 62 65 68 73 74 75 79 84 93 96 101 102 104 108 110 111 113 117 119 122 124 126 129 132 134 137 140 150 160 163 165 172 176 177 181 184 185 189 192 195 196 200 202 205 208 213 220
a 3 4 6 7 8 11 13 15 17 18 22 28 29 32 33 41 45 47 50 56 58 59 60 62 65 68 73 74 75 79 84 90 93 96 101 102 104 108 110 111 113 117 119 122 124 126 129 132 134 137 140 150 160 163 165 176 177 181 184 185 189 192 195 196 200 202 205 208 213 220
a 3 4 6 7 8 11 13 15 17 18 22 28 29 32 33 41 45 47 50 56 58 59 60 62 65 68 73 74 75 79 84 90 93 96 101 102 104 108 110 111 117 119 122 124 126 129 132 134 137 140 150 160 163 165 176 177 181 184 185 189 192 195 196 200 202 205 207 208 213 220
a 3 4 6 7 8 11 13 15 17 18 22 28 29 32 33 41 45 47 50 56 58 59 60 62 65 68 74 75 79 84 90 93 96 101 102 104 108 110 111 117 119 122 124 126 129 132 134 137 140 150 155 160 163 165 176 177 181 184 185 189 192 195 196 200 202 205 207 208 213 220
a 3 4 6 7 8 11 13 15 17 18 22 23 28 29 32 33 41 45 47 50 56 58 59 60 62 65 68 74 75 79 84 90 93 96 101 102 104 108 110 111 117 119 122 124 126 129 132 134 137 140 150 155 160 163 165 176 177 181 184 185 189 195 196 200 202 205 207 208 213 220
a 3 4 6 7 8 11 13 15 17 18 22 23 28 29 32 33 41 45 47 50 56 58 59 60 62 68 74 75 79 84 90 93 96 101 102 104 108 110 111 117 119 122 124 126 129 132 134 137 140 150 155 160 163 165 176 177 181 184 185 189 195 196 200 202 203 205 207 208 213 220
a 3 4 6 7 8 11 13 15 17 18 22 23 28 29 32 33 41 45 47 50 56 58 59 62 68 74 75 79 84 90 93 96 101 102 104 108 110 111 117 119 122 124 126 129 132 134 137 140 150 155 160 163 165 176 177 181 184 185 189 195 196 199 200 202 203 205 207 208 213 220
a 3 4 6 7 8 11 13 15 17 18 22 23 28 29 32 33 41 45 47 50 56 58 62 68 74 75 79 84 90 93 96 101 102 104 108 110 111 117 119 122 124 126 129 132 134 137 140 150 151 155 160 163 165 176 177 181 184 185 189 195 196 199 200 202 203 205 207 208 213 220
a 3 4 6 7 8 11 13 15 17 18 22 23 28 29 32 33 41 47 50 56 58 62 68 74 75 79 84 90 93 96 101 102 104 108 110 111 117 119 122 124 126 129 132 134 137 140 148 150 151 155 160 163 165 176 177 181 184 185 189 195 196 199 200 202 203 205 207 208 213 220
a 3 4 6 7 8 11 13 15 17 18 22 23 28 29 32 33 41 47 50 56 58 68 74 75 79 84 90 93 96 101 102 104 108 110 111 117 119 122 124 126 129 132 134 137 140 147 148 150 151 155 160 163 165 176 177 181 184 185 189 195 196 199 200 202 203 205 207 208 213 220
a 3 4 6 7 8 11 13 15 17 18 22 23 28 29 32 33 41 43 47 50 56 58 68 74 79 84 90 93 96 101 102 104 108 110 111 117 119 122 124 126 129 132 134 137 140 147 148 150 151 155 160 163 165 176 177 181 184 185 189 195 196 199 200 202 203 205 207 208 213 220
a 3 4 6 7 8 11 13 15 17 18 22 23 28 29 32 33 41 43 47 49 50 56 58 68 74 79 84 90 93 96 101 102 104 108 110 111 117 119 122 124 126 129 132 134 137 140 147 148 151 155 160 163 165 176 177 181 184 185 189 195 196 199 200 202 203 205 207 208 213 220
a 3 4 6 7 8 11 13 15 17 18 22 23 28 29 32 33 41 43 47 49 50 53 56 58 68 74 79 84 90 93 96 101 102 104 108 110 111 117 119 122 124 126 129 132 134 137 140 147 148 151 155 160 163 165 176 177 181 185 189 195 196 199 200 202 203 205 207 208 213 220
a 3 4 6 7 8 11 13 15 17 18 22 23 28 29 32 33 41 43 47 49 50 53 56 58 68 74 79 90 93 96 101 102 104 108 110 111 117 119 122 124 126 129 132 134 137 140 147 148 151 155 160 163 165 176 177 179 181 185 189 195 196 199 200 202 203 205 207 208 213 220
a 3 4 6 7 8 11 13 15 17 18 22 23 28 29 32 33 41 43 47 49 50 53 56 68 74 79 90 93 96 101 102 104 107 108 110 111 117 119 122 124 126 129 132 134 137 140 147 148 151 155 160 163 165 176 177 179 181 185 189 195 196 199 200 202 203 205 207 208 213 220
a 3 4 6 7 8 11 13 15 17 18 22 23 28 29 32 33 41 43 47 49 50 53 56 68 79 90 93 96 101 102 104 107 108 110 111 117 119 122 124 126 129 132 134 137 140 147 148 151 155 159 160 163 165 176 177 179 181 185 189 195 196 199 200 202 203 205 207 208 213 220
a 3 4 6 7 8 11 13 15 17 18 22 23 28 29 32 33 43 47 49 50 53 56 68 79 90 93 96 101 102 104 107 108 110 111 117 119 122 124 126 129 132 134 137 140 147 148 151 155 159 160 163 165 176 177 178 179 181 185 189 195 196 199 200 202 203 205 207 208 213 220
a 3 4 6 7 8 11 13 15 17 18 22 23 28 29 32 33 43 47 49 50 53 56 68 79 90 93 96 101 102 104 107 108 110 111 119 122 124 126 129 132 134 137 140 147 148 151 155 159 160 163 165 176 177 178 179 181 185 189 195 196 199 200 202 203 205 207 208 213 219 220
a 3 4 6 7 8 11 13 15 17 18 22 23 28 29 32 33 43 47 49 50 53 56 68 79 90 93 96 101 102 104 107 108 110 111 119 122 124 126 129 132 134 137 140 147 148 151 155 159 160 163 165 176 177 178 179 181 185 189 195 196 199 202 203 205 207 208 211 213 219 220
a 3 4 6 7 8 11 13 15 17 18 22 23 28 29 32 33 43 47 49 50 53 56 68 79 90 92 93 96 101 102 104 107 108 110 111 119 122 124 126 129 132 134 137 140 147 148 151 155 159 160 163 165 176 177 178 179 181 185 189 195 196 199 202 203 207 208 211 213 219 220
a 3 4 6 7 8 11 13 15 17 18 22 23 28 29 30 32 33 43 47 49 50 53 56 68 79 90 92 93 96 101 102 104 107 110 111 119 122 124 126 129 132 134 137 140 147 148 151 155 159 160 163 165 176 177 178 179 181 185 189 195 196 199 202 203 207 208 211 213 219 220
a 3 4 6 7 8 11 13 15 17 18 22 23 29 30 32 33 39 43 47 49 50 53 56 68 79 90 92 93 96 101 102 104 107 110 111 119 122 124 126 129 132 134 137 140 147 148 151 155 159 160 163 165 176 177 178 179 181 185 189 195 196 199 202 203 207 208 211 213 219 220
a 3 4 6 7 8 11 13 15 17 18 19 22 23 29 30 32 33 39 43 47 49 50 53 56 68 79 90 92 93 96 101 102 104 107 110 111 119 122 124 126 129 132 134 137 140 147 148 151 155 159 160 163 165 176 177 178 179 181 185 189 195 196 199 202 203 207 208 211 219 220
a 3 4 6 7 8 11 13 15 17 18 19 23 29 30 32 33 39 43 47 49 50 53 56 68 79 90 92 93 96 101 102 104 107 110 111 119 122 124 126 129 132 134 137 140 147 148 151 155 156 159 160 163 165 176 177 178 179 181 185 189 195 196 199 202 203 207 208 211 219 220
a 3 4 6 7 8 11 13 17 18 19 23 26 29 30 32 33 39 43 47 49 50 53 56 68 79 90 92 93 96 101 102 104 107 110 111 119 122 124 126 129 132 134 137 140 147 148 151 155 156 159 160 163 165 176 177 178 179 181 185 189 195 196 199 202 203 207 208 211 219 220
a 3 4 6 7 11 13 17 18 19 23 25 26 29 30 32 33 39 43 47 49 50 53 56 68 79 90 92 93 96 101 102 104 107 110 111 119 122 124 126 129 132 134 137 140 147 148 151 155 156 159 160 163 165 176 177 178 179 181 185 189 195 196 199 202 203 207 208 211 219 220
a 3 4 6 7 11 13 17 18 19 23 25 26 29 30 32 33 39 43 47 49 50 53 56 68 71 79 90 92 93 96 101 102 104 107 110 111 119 122 124 126 129 132 134 137 140 147 148 151 155 156 159 160 163 165 176 177 178 179 181 185 189 195 196 199 203 207 208 211 219 220
a 3 4 6 7 10 11 13 17 18 19 23 25 26 29 30 32 33 39 43 47 49 50 53 56 68 71 79 90 92 93 96 101 102 104 107 110 111 119 122 126 129 132 134 137 140 147 148 151 155 156 159 160 163 165 176 177 178 179 181 185 189 195 196 199 203 207 208 211 219 220
a 3 4 6 7 10 11 13 17 18 19 23 25 26 29 30 32 33 39 43 47 49 50 53 56 68 71 79 90 92 93 96 101 102 104 107 110 111 119 122 126 129 132 134 137 140 147 148 151 155 156 157 159 160 163 165 176 177 178 179 181 185 195 196 199 203 207 208 211 219 220
a 3 4 6 7 10 11 13 17 18 19 23 25 26 29 30 32 33 39 43 47 49 53 56 68 69 71 79 90 92 93 96 101 102 104 107 110 111 119 122 126 129 132 134 137 140 147 148 151 155 156 157 159 160 163 165 176 177 178 179 181 185 195 196 199 203 207 208 211 219 220
a 3 4 6 7 10 11 13 14 17 18 19 23 25 26 29 30 32 33 39 43 47 49 53 56 68 69 71 79 90 92 96 101 102 104 107 110 111 119 122 126 129 132 134 137 140 147 148 151 155 156 157 159 160 163 165 176 177 178 179 181 185 195 196 199 203 207 208 211 219 220
a 3 4 6 10 11 13 14 17 18 19 23 25 26 29 30 32 33 39 43 47 49 53 56 68 69 71 79 90 92 96 99 101 102 104 107 110 111 119 122 126 129 132 134 137 140 147 148 151 155 156 157 159 160 163 165 176 177 178 179 181 185 195 196 199 203 207 208 211 219 220
a 3 4 6 10 11 13 14 17 18 19 23 25 26 29 30 32 33 39 43 47 49 53 56 68 69 71 79 90 92 96 99 101 102 104 107 110 111 119 122 126 129 132 134 137 140 143 147 148 151 155 156 157 159 163 165 176 177 178 179 181 185 195 196 199 203 207 208 211 219 220
a 3 6 10 11 13 14 17 18 19 23 25 26 29 30 32 33 39 43 47 49 53 56 68 69 71 79 90 92 96 99 101 102 104 107 110 111 119 122 126 129 132 134 137 140 142 143 147 148 151 155 156 157 159 163 165 176 177 178 179 181 185 195 196 199 203 207 208 211 219 220
a 6 10 11 13 14 17 18 19 23 25 26 29 30 32 33 39 43 47 49 53 56 68 69 71 79 90 92 96 99 101 102 104 107 110 111 119 122 126 129 132 134 137 140 142 143 146 147 148 151 155 156 157 159 163 165 176 177 178 179 181 185 195 196 199 203 207 208 211 219 220
a 6 10 11 13 14 17 18 19 23 25 26 29 30 32 33 39 43 47 49 53 56 63 68 69 71 79 90 92 96 99 101 102 104 107 110 119 122 126 129 132 134 137 140 142 143 146 147 148 151 155 156 157 159 163 165 176 177 178 179 181 185 195 196 199 203 207 208 211 219 220
a 6 10 11 13 14 17 18 19 23 25 26 29 30 32 33 39 43 44 47 49 53 56 63 68 69 71 79 90 92 96 99 101 102 104 107 110 122 126 129 132 134 137 140 142 143 146 147 148 151 155 156 157 159 163 165 176 177 178 179 181 185 195 196 199 203 207 208 211 219 220
a 6 10 11 13 14 17 18 19 23 25 26 29 30 32 33 39 43 44 47 49 53 56 57 63 68 69 71 79 90 92 96 99 101 104 107 110 122 126 129 132 134 137 140 142 143 146 147 148 151 155 156 157 159 163 165 176 177 178 179 181 185 195 196 199 203 207 208 211 219 220
a 6 10 11 13 14 17 18 19 23 25 26 29 30 32 33 39 43 44 47 49 53 56 57 63 69 71 79 90 92 96 99 101 104 106 107 110 122 126 129 132 134 137 140 142 143 146 147 148 151 155 156 157 159 163 165 176 177 178 179 181 185 195 196 199 203 207 208 211 219 220
a 6 10 11 13 14 17 18 19 23 25 26 29 30 32 39 43 44 47 49 53 56 57 63 69 71 79 90 92 96 99 101 104 106 107 110 122 126 129 132 134 137 140 142 143 146 147 148 151 152 155 156 157 159 163 165 176 177 178 179 181 185 195 196 199 203 207 208 211 219 220
a 6 10 11 13 14 17 18 19 23 25 26 29 30 32 39 43 44 47 49 53 56 57 63 69 71 79 90 92 96 99 101 104 106 107 110 122 126 129 132 134 137 140 142 143 146 147 148 151 152 155 156 157 159 163 165 176 177 178 179 181 195 196 199 203 207 208 210 211 219 220
	Command being timed: "/Users/soh/app/scala-2.12.4/bin/scala -J-Xms32g -J-Xmx32g -cp /Users/soh/app/IsrForCompetition230719-15h37m/scop.jar:/Users/soh/app/IsrForCompetition230719-15h37m/isr4competition_2.12-1.3.5.jar fun.scop.app.isr.IsrSolverTj05 benchmark/ISR-benchmark/random_instance/random_instance017_graph005.col benchmark/ISR-benchmark/random_instance/random_instance017_graph005.dat cadical /Users/soh/app/IsrForCompetition230719-15h37m/cadical"
	User time (seconds): 6.32
	System time (seconds): 1.17
	Percent of CPU this job got: 116%
	Elapsed (wall clock) time (h:mm:ss or m:ss): 0:06.43
	Average shared text size (kbytes): 0
	Average unshared data size (kbytes): 0
	Average stack size (kbytes): 0
	Average total size (kbytes): 0
	Maximum resident set size (kbytes): 21228617728
	Average resident set size (kbytes): 0
	Major (requiring I/O) page faults: 0
	Minor (reclaiming a frame) page faults: 1312405
	Voluntary context switches: 38
	Involuntary context switches: 3603
	Swaps: 0
	File system inputs: 0
	File system outputs: 0
	Socket messages sent: 40
	Socket messages received: 0
	Signals delivered: 7
	Page size (bytes): 4096
	Exit status: 0
FINISHED CPU 7.49 MEM 0 MAXMEM 0 STALE 1
#RESULT: UNK
#FIN: FIN
#CPU: 7.49
#MAXMEM: 0
c 
#END: [Wed Jul 19 16:21:37 2023]
