#BEGIN: [Wed Jul 19 16:21:37 2023]
#HOST: mini30.local
#TIMELIMIT: 7200
#MEMLIMIT: 0
#FREQ: 10
#SOLVER: sat-based-isr-tj05-230719-15h37m
#ARG1: benchmark/ISR-benchmark/random_instance/random_instance018_graph005.col
#ARG2: benchmark/ISR-benchmark/random_instance/random_instance018_graph005.dat
#COMMAND: /Users/soh/app/scala-2.12.4/bin/scala -J-Xms32g -J-Xmx32g -cp /Users/soh/app/IsrForCompetition230719-15h37m/scop.jar:/Users/soh/app/IsrForCompetition230719-15h37m/isr4competition_2.12-1.3.5.jar fun.scop.app.isr.IsrSolverTj05 benchmark/ISR-benchmark/random_instance/random_instance018_graph005.col benchmark/ISR-benchmark/random_instance/random_instance018_graph005.dat cadical /Users/soh/app/IsrForCompetition230719-15h37m/cadical
#Nodes: 234
#Edges: 702
c (0) step 1 UNSAT 1479 4898
c (0) step 2 UNSAT 2873 9234
c (0) step 3 UNSAT 4492 14092
c (0) step 4 UNSAT 6411 19621
c (0) step 5 UNSAT 8705 25970
c (0) step 6 UNSAT 11449 33288
c (0) step 7 UNSAT 14718 41724
c (0) step 8 UNSAT 18587 51427
c (0) step 9 UNSAT 23131 62546
c (0) step 10 UNSAT 28425 75230
c (0) step 11 UNSAT 34544 89628
c (0) step 12 UNSAT 41563 105889
c (0) step 13 UNSAT 49557 124162
c (0) step 14 UNSAT 58601 144596
c (0) step 15 UNSAT 68770 167340
c (0) step 16 UNSAT 80139 192543
c (0) step 17 UNSAT 92783 220354
c (0) step 18 UNSAT 106777 250922
c (0) step 19 UNSAT 122196 284396
c (0) step 20 UNSAT 139115 320925
c (0) step 21 UNSAT 157609 360658
c (0) step 22 UNSAT 177753 403744
c (0) step 23 UNSAT 199622 450332
c (0) step 24 UNSAT 223291 500571
c (0) step 25 UNSAT 248835 554610
c (0) step 26 UNSAT 276329 612598
c (1) step 27 UNSAT 305848 674684
c (1) step 28 UNSAT 337467 741017
c (1) step 29 UNSAT 371261 811746
c (1) step 30 UNSAT 407305 887020
c (1) step 31 UNSAT 445674 966988
c (1) step 32 UNSAT 486443 1051799
c (1) step 33 UNSAT 529687 1141602
c (1) step 34 UNSAT 575481 1236546
c (1) step 35 UNSAT 623900 1336780
c (2) step 36 UNSAT 675019 1442453
c (2) step 37 UNSAT 728913 1553714
c (2) step 38 UNSAT 785657 1670712
c (2) step 39 UNSAT 845326 1793596
c (2) step 40 UNSAT 907995 1922515
c (2) step 41 UNSAT 973739 2057618
c (2) step 42 UNSAT 1042633 2199054
c (3) step 43 UNSAT 1114752 2346972
c (3) step 44 UNSAT 1190171 2501521
c (4) step 45 SAT 1268965 2662850
a YES
a 3 6 7 10 16 20 24 25 32 33 43 44 45 50 58 60 63 67 68 74 87 88 90 91 94 95 97 98 99 100 101 102 103 111 114 116 118 119 120 122 130 132 133 138 141 144 148 149 153 158 163 167 171 177 179 181 183 184 189 190 191 192 197 204 205 206 209 213 215 216 220 223 224 225 228 230
a 3 6 7 10 16 17 20 24 25 32 33 43 44 45 50 58 60 63 67 68 74 87 88 90 91 94 95 97 98 99 100 101 102 103 111 114 116 118 119 120 122 130 132 133 138 141 144 148 149 153 158 163 167 171 177 179 181 183 184 189 190 191 192 197 204 205 206 209 213 215 220 223 224 225 228 230
a 3 6 7 10 16 17 20 24 25 32 33 43 44 50 58 60 63 67 68 74 87 88 90 91 94 95 97 98 99 100 101 102 103 111 114 116 118 119 120 122 130 132 133 138 141 144 148 149 153 158 163 167 171 177 179 181 183 184 189 190 191 192 197 204 205 206 209 211 213 215 220 223 224 225 228 230
a 3 6 7 10 16 17 20 24 32 33 43 44 50 58 60 63 67 68 74 87 88 90 91 94 95 97 98 99 100 101 102 103 111 114 116 118 119 120 122 130 132 133 138 141 144 148 149 153 158 163 167 168 171 177 179 181 183 184 189 190 191 192 197 204 205 206 209 211 213 215 220 223 224 225 228 230
a 3 6 7 10 16 17 20 24 32 33 43 44 50 58 63 67 68 74 87 88 90 91 94 95 97 98 99 100 101 102 103 111 114 116 118 119 120 122 130 132 133 138 141 144 148 149 153 158 163 164 167 168 171 177 179 181 183 184 189 190 191 192 197 204 205 206 209 211 213 215 220 223 224 225 228 230
a 3 6 7 10 16 17 20 24 32 33 43 44 50 58 63 67 68 74 87 88 90 91 94 97 98 99 100 101 102 103 111 114 116 118 119 120 122 123 130 132 133 138 141 144 148 149 153 158 163 164 167 168 171 177 179 181 183 184 189 190 191 192 197 204 205 206 209 211 213 215 220 223 224 225 228 230
a 3 6 7 10 16 17 20 24 32 33 43 44 50 58 63 68 74 87 88 90 91 94 97 98 99 100 101 102 103 106 111 114 116 118 119 120 122 123 130 132 133 138 141 144 148 149 153 158 163 164 167 168 171 177 179 181 183 184 189 190 191 192 197 204 205 206 209 211 213 215 220 223 224 225 228 230
a 3 6 7 10 16 17 20 24 32 33 43 44 50 54 58 63 68 74 87 88 90 91 97 98 99 100 101 102 103 106 111 114 116 118 119 120 122 123 130 132 133 138 141 144 148 149 153 158 163 164 167 168 171 177 179 181 183 184 189 190 191 192 197 204 205 206 209 211 213 215 220 223 224 225 228 230
a 3 6 7 10 15 16 17 20 24 32 33 43 44 50 54 58 63 68 74 87 88 90 91 97 98 99 100 101 102 103 106 111 114 116 118 119 120 122 123 130 132 138 141 144 148 149 153 158 163 164 167 168 171 177 179 181 183 184 189 190 191 192 197 204 205 206 209 211 213 215 220 223 224 225 228 230
a 3 6 7 10 15 16 17 20 24 32 33 43 44 50 54 58 63 68 74 87 88 90 91 97 98 99 100 101 102 103 106 111 114 116 118 119 120 122 123 130 132 138 141 144 148 149 153 158 162 163 164 167 168 171 177 179 181 183 184 189 190 191 197 204 205 206 209 211 213 215 220 223 224 225 228 230
a 3 6 7 10 15 16 17 20 24 32 33 43 44 50 54 58 59 63 68 74 87 88 90 91 97 98 99 100 101 102 103 106 111 114 116 118 119 120 122 123 130 132 138 141 144 148 149 153 158 162 163 164 167 168 171 177 179 181 183 184 189 190 191 197 204 205 206 209 211 213 215 220 223 224 225 230
a 3 6 7 9 10 15 16 17 20 24 32 33 43 44 50 54 58 59 63 68 74 87 88 90 91 97 98 99 100 101 102 106 111 114 116 118 119 120 122 123 130 132 138 141 144 148 149 153 158 162 163 164 167 168 171 177 179 181 183 184 189 190 191 197 204 205 206 209 211 213 215 220 223 224 225 230
a 3 6 7 9 10 15 16 17 20 24 32 33 43 44 50 54 58 59 63 68 74 87 88 90 91 97 98 99 100 101 102 106 111 114 116 118 119 120 122 123 132 138 141 144 148 149 153 158 162 163 164 167 168 171 177 179 181 183 184 189 190 191 197 198 204 205 206 209 211 213 215 220 223 224 225 230
a 3 6 7 9 10 15 16 17 20 24 32 33 43 44 50 54 58 59 63 68 74 87 88 90 91 97 98 99 100 101 102 106 111 114 116 118 119 120 122 123 132 138 140 141 144 148 149 153 158 162 163 164 167 168 171 177 179 181 183 184 189 190 191 197 198 204 205 206 209 211 213 215 220 223 224 230
a 3 6 7 9 10 15 16 17 20 24 29 32 33 43 44 50 54 58 59 63 68 74 87 88 90 91 97 98 99 100 101 102 106 111 114 116 118 119 120 122 123 132 138 140 141 144 148 149 153 158 162 163 164 167 168 171 177 179 181 183 184 189 190 191 197 198 204 205 206 211 213 215 220 223 224 230
a 3 6 7 9 10 15 16 17 20 24 29 32 33 43 44 50 54 58 59 63 68 74 87 88 90 91 97 98 99 100 101 102 106 111 114 116 118 119 120 122 123 132 138 140 141 144 148 149 153 158 162 163 164 167 168 171 177 179 181 183 184 189 190 191 197 198 205 206 211 213 215 220 223 224 227 230
a 3 6 7 9 10 15 16 17 20 24 29 32 33 43 44 50 54 58 59 63 68 74 84 87 88 90 91 97 98 99 100 101 102 106 111 114 116 118 119 120 122 123 132 138 140 141 144 148 149 153 158 162 163 164 167 168 171 177 179 181 183 184 189 190 197 198 205 206 211 213 215 220 223 224 227 230
a 3 6 7 9 10 15 16 17 20 24 29 32 33 43 44 50 54 58 59 63 68 74 84 88 90 91 97 98 99 100 101 102 106 111 114 116 118 119 120 122 123 132 138 140 141 144 148 149 153 158 162 163 164 167 168 171 177 179 181 183 184 189 190 193 197 198 205 206 211 213 215 220 223 224 227 230
a 3 6 7 9 10 15 16 17 20 24 29 32 33 43 44 50 54 58 59 63 68 74 84 88 90 91 97 98 99 100 101 102 106 111 114 116 118 119 120 122 123 138 140 141 144 148 149 153 158 162 163 164 167 168 171 177 178 179 181 183 184 189 190 193 197 198 205 206 211 213 215 220 223 224 227 230
a 3 6 7 9 10 15 16 17 20 24 29 32 33 43 44 46 50 54 58 59 63 68 74 84 88 90 91 97 99 100 101 102 106 111 114 116 118 119 120 122 123 138 140 141 144 148 149 153 158 162 163 164 167 168 171 177 178 179 181 183 184 189 190 193 197 198 205 206 211 213 215 220 223 224 227 230
a 3 6 7 9 10 15 16 17 20 24 29 32 33 43 44 46 50 54 58 59 63 68 74 84 88 90 91 97 99 100 101 102 106 111 114 116 118 119 120 122 123 138 140 141 144 148 149 153 158 162 163 164 167 168 171 177 178 179 181 183 189 190 193 197 198 205 206 211 213 215 220 223 224 227 230 231
a 3 6 7 9 10 15 16 17 20 24 29 32 33 43 44 46 50 54 59 63 68 74 84 88 90 91 97 99 100 101 102 106 111 114 116 118 119 120 122 123 138 140 141 144 148 149 153 158 162 163 164 167 168 171 177 178 179 181 183 189 190 193 197 198 205 206 211 213 215 220 223 224 227 230 231 233
a 3 6 7 9 15 16 17 20 24 29 32 33 43 44 46 50 54 59 63 68 74 84 88 90 91 97 99 100 101 102 106 110 111 114 116 118 119 120 122 123 138 140 141 144 148 149 153 158 162 163 164 167 168 171 177 178 179 181 183 189 190 193 197 198 205 206 211 213 215 220 223 224 227 230 231 233
a 3 6 7 9 15 17 20 24 29 32 33 43 44 46 50 54 59 63 68 74 84 88 90 91 97 99 100 101 102 106 110 111 114 116 118 119 120 122 123 138 140 141 144 148 149 153 158 162 163 164 167 168 171 177 178 179 181 183 189 190 193 197 198 205 206 211 213 215 220 222 223 224 227 230 231 233
a 3 6 7 9 15 17 20 24 29 32 33 43 44 46 50 54 59 63 68 74 84 88 90 91 97 100 101 102 106 110 111 114 116 118 119 120 122 123 138 140 141 144 148 149 153 158 162 163 164 167 168 171 177 178 179 181 183 188 189 190 193 197 198 205 206 211 213 215 220 222 223 224 227 230 231 233
a 3 6 7 9 15 17 20 24 29 32 33 43 44 46 50 54 59 63 68 74 84 88 89 90 91 97 100 101 102 106 110 111 114 116 118 119 120 122 123 138 140 141 148 149 153 158 162 163 164 167 168 171 177 178 179 181 183 188 189 190 193 197 198 205 206 211 213 215 220 222 223 224 227 230 231 233
a 3 6 7 9 15 17 20 24 29 32 33 43 44 46 50 54 59 63 68 74 84 88 89 90 91 97 100 101 102 106 110 111 114 116 118 119 120 122 123 138 140 141 148 149 153 162 163 164 167 168 171 177 178 179 181 183 188 189 190 193 197 198 199 205 206 211 213 215 220 222 223 224 227 230 231 233
a 3 6 7 9 15 17 20 24 29 32 33 43 44 46 50 54 59 63 68 74 84 88 89 90 91 97 100 101 102 106 110 111 112 114 116 118 119 120 122 123 138 140 141 148 149 153 162 164 167 168 171 177 178 179 181 183 188 189 190 193 197 198 199 205 206 211 213 215 220 222 223 224 227 230 231 233
a 3 6 7 9 15 17 20 24 29 32 33 43 44 46 50 54 59 63 68 74 84 88 89 90 91 97 100 101 102 106 110 111 112 114 116 118 119 120 122 123 138 139 140 141 148 149 153 162 164 167 168 171 177 178 179 183 188 189 190 193 197 198 199 205 206 211 213 215 220 222 223 224 227 230 231 233
a 3 6 7 9 15 17 20 24 29 32 33 43 46 50 54 59 63 68 74 84 88 89 90 91 97 100 101 102 106 110 111 112 114 116 118 119 120 122 123 138 139 140 141 148 149 153 161 162 164 167 168 171 177 178 179 183 188 189 190 193 197 198 199 205 206 211 213 215 220 222 223 224 227 230 231 233
a 3 6 7 9 15 17 20 24 29 32 33 43 46 50 54 59 63 68 74 84 88 89 90 91 97 100 101 102 106 110 111 112 114 116 118 119 120 122 123 138 139 140 141 147 148 149 153 161 162 164 167 168 171 177 178 183 188 189 190 193 197 198 199 205 206 211 213 215 220 222 223 224 227 230 231 233
a 3 6 7 9 15 17 20 24 29 32 33 46 50 54 59 63 68 74 78 84 88 89 90 91 97 100 101 102 106 110 111 112 114 116 118 119 120 122 123 138 139 140 141 147 148 149 153 161 162 164 167 168 171 177 178 183 188 189 190 193 197 198 199 205 206 211 213 215 220 222 223 224 227 230 231 233
a 3 6 7 9 13 15 17 20 24 29 32 33 46 50 54 59 63 68 74 78 84 88 89 90 91 100 101 102 106 110 111 112 114 116 118 119 120 122 123 138 139 140 141 147 148 149 153 161 162 164 167 168 171 177 178 183 188 189 190 193 197 198 199 205 206 211 213 215 220 222 223 224 227 230 231 233
a 3 6 7 9 13 15 17 20 24 29 32 33 37 46 50 54 59 63 68 74 78 84 88 89 90 91 100 101 102 106 110 111 112 114 116 118 119 120 122 123 138 139 140 141 147 148 149 153 161 162 164 167 168 171 177 178 183 188 189 190 193 197 198 199 205 206 211 215 220 222 223 224 227 230 231 233
a 3 6 7 9 13 15 17 20 24 29 32 33 37 46 50 54 59 63 68 74 78 84 88 89 90 91 100 101 102 106 110 111 112 114 116 118 119 120 121 122 123 138 139 140 141 147 148 149 153 161 162 164 167 168 171 177 178 183 188 189 190 193 197 198 199 205 206 211 215 222 223 224 227 230 231 233
a 3 6 7 9 13 15 17 20 24 29 32 33 37 46 50 54 59 63 68 74 78 84 88 89 90 91 100 101 102 106 110 111 112 114 116 118 119 120 121 122 123 128 138 139 140 141 147 148 149 153 161 162 164 167 168 171 177 178 183 188 189 190 193 198 199 205 206 211 215 222 223 224 227 230 231 233
a 3 7 9 13 15 17 20 24 29 32 33 37 46 50 54 59 63 68 74 76 78 84 88 89 90 91 100 101 102 106 110 111 112 114 116 118 119 120 121 122 123 128 138 139 140 141 147 148 149 153 161 162 164 167 168 171 177 178 183 188 189 190 193 198 199 205 206 211 215 222 223 224 227 230 231 233
a 3 7 9 13 15 17 20 29 32 33 37 46 50 54 59 63 68 69 74 76 78 84 88 89 90 91 100 101 102 106 110 111 112 114 116 118 119 120 121 122 123 128 138 139 140 141 147 148 149 153 161 162 164 167 168 171 177 178 183 188 189 190 193 198 199 205 206 211 215 222 223 224 227 230 231 233
a 3 7 9 13 15 17 20 29 32 33 37 46 50 54 59 63 69 74 76 78 84 88 89 90 91 100 101 102 106 110 111 112 114 116 118 119 120 121 122 123 128 138 139 140 141 147 148 149 153 161 162 164 167 168 171 177 178 183 188 189 190 193 198 199 205 206 210 211 215 222 223 224 227 230 231 233
a 3 7 9 13 15 17 20 29 31 32 33 37 46 50 54 59 63 69 74 76 78 84 88 89 90 91 100 101 102 106 110 111 112 114 116 119 120 121 122 123 128 138 139 140 141 147 148 149 153 161 162 164 167 168 171 177 178 183 188 189 190 193 198 199 205 206 210 211 215 222 223 224 227 230 231 233
a 3 7 9 13 15 17 20 29 31 32 33 37 46 50 54 59 63 69 74 76 78 84 88 89 90 91 100 101 102 106 110 111 112 114 116 119 120 121 122 123 128 138 139 140 141 147 148 149 153 161 162 164 168 171 177 178 183 188 189 190 193 198 199 205 206 210 211 215 221 222 223 224 227 230 231 233
a 3 7 9 13 15 17 20 29 31 32 33 37 46 54 59 63 69 74 76 78 84 88 89 90 91 100 101 102 106 110 111 112 114 116 119 120 121 122 123 128 129 138 139 140 141 147 148 149 153 161 162 164 168 171 177 178 183 188 189 190 193 198 199 205 206 210 211 215 221 222 223 224 227 230 231 233
a 3 7 9 13 15 17 20 29 31 32 33 37 46 54 59 63 69 70 74 76 78 84 88 89 90 91 100 101 102 106 110 112 114 116 119 120 121 122 123 128 129 138 139 140 141 147 148 149 153 161 162 164 168 171 177 178 183 188 189 190 193 198 199 205 206 210 211 215 221 222 223 224 227 230 231 233
a 3 7 9 13 15 17 20 29 31 32 33 35 37 46 54 59 63 69 70 74 76 78 84 88 89 90 91 100 101 102 106 110 112 114 116 119 120 121 122 123 128 129 138 139 140 141 147 148 149 153 161 162 164 168 171 177 178 183 188 189 190 193 198 199 205 210 211 215 221 222 223 224 227 230 231 233
a 3 9 13 15 17 20 29 31 32 33 35 37 46 54 59 63 69 70 74 76 78 84 88 89 90 91 100 101 102 106 110 112 114 116 119 120 121 122 123 128 129 138 139 140 141 147 148 149 153 161 162 164 168 171 177 178 183 188 189 190 193 198 199 203 205 210 211 215 221 222 223 224 227 230 231 233
a 3 9 13 15 17 20 29 31 32 33 35 37 46 51 54 59 63 69 70 74 76 78 84 88 89 90 91 100 101 102 106 110 112 114 116 119 120 121 122 123 128 129 138 139 140 141 147 148 149 153 161 162 164 168 171 177 178 183 188 189 190 193 198 199 203 205 210 211 215 221 222 223 224 227 231 233
	Command being timed: "/Users/soh/app/scala-2.12.4/bin/scala -J-Xms32g -J-Xmx32g -cp /Users/soh/app/IsrForCompetition230719-15h37m/scop.jar:/Users/soh/app/IsrForCompetition230719-15h37m/isr4competition_2.12-1.3.5.jar fun.scop.app.isr.IsrSolverTj05 benchmark/ISR-benchmark/random_instance/random_instance018_graph005.col benchmark/ISR-benchmark/random_instance/random_instance018_graph005.dat cadical /Users/soh/app/IsrForCompetition230719-15h37m/cadical"
	User time (seconds): 5.84
	System time (seconds): 1.11
	Percent of CPU this job got: 119%
	Elapsed (wall clock) time (h:mm:ss or m:ss): 0:05.84
	Average shared text size (kbytes): 0
	Average unshared data size (kbytes): 0
	Average stack size (kbytes): 0
	Average total size (kbytes): 0
	Maximum resident set size (kbytes): 20050509824
	Average resident set size (kbytes): 0
	Major (requiring I/O) page faults: 0
	Minor (reclaiming a frame) page faults: 1236004
	Voluntary context switches: 35
	Involuntary context switches: 3568
	Swaps: 0
	File system inputs: 0
	File system outputs: 0
	Socket messages sent: 37
	Socket messages received: 0
	Signals delivered: 8
	Page size (bytes): 4096
	Exit status: 0
FINISHED CPU 6.95 MEM 0 MAXMEM 0 STALE 1
#RESULT: UNK
#FIN: FIN
#CPU: 6.95
#MAXMEM: 0
c 
#END: [Wed Jul 19 16:21:43 2023]
