#BEGIN: [Tue Aug  8 19:39:13 2023]
#HOST: mini30.local
#TIMELIMIT: 1800
#MEMLIMIT: 0
#FREQ: 10
#SOLVER: recon
#ARG1: benchmark/ISR-benchmark/random_instance/random_instance012_graph001.col
#ARG2: benchmark/ISR-benchmark/random_instance/random_instance012_graph001.dat
#COMMAND: /Users/soh/app/recon/src/recon benchmark/ISR-benchmark/random_instance/random_instance012_graph001.col benchmark/ISR-benchmark/random_instance/random_instance012_graph001.dat
c Copyright Volker Turau & Christoph Weyer, 2022
c Institute of Telematics
c Hamburg University of Technology, Hamburg, Germany
c Contact: turau@tuhh.de
c Graph file: benchmark/ISR-benchmark/random_instance/random_instance012_graph001.col
c Target file: benchmark/ISR-benchmark/random_instance/random_instance012_graph001.dat
c Size of independent set: 54
c Number of nodes of graph: 156
c Number of edges of graph: 468
c Average degree of graph: 6.00
s 4 7 12 16 19 20 21 24 30 32 36 37 42 43 50 51 52 53 57 61 62 64 65 72 76 79 80 83 87 100 101 102 103 104 108 109 112 114 117 118 121 125 126 129 138 142 145 148 149 150 151 152 154 155 
t 4 7 8 12 15 17 18 20 25 29 33 36 38 39 44 48 55 56 57 60 61 62 63 64 67 72 75 76 77 78 82 84 90 93 100 107 109 112 113 117 119 125 129 131 133 136 139 142 144 145 148 149 153 154 
c BFS found 22 new nodes in level 1 (total 23/223696213)
c BFS found 451 new nodes in level 2 (total 474/223696213)
c BFS found 5900 new nodes in level 3 (total 6374/223696213)
c BFS found 57344 new nodes in level 4 (total 63717/223696213)
c BFS found 439235 new nodes in level 5 (total 502915/223696213)
c BFS found 2775356 new nodes in level 6 (total 3277103/223696213)
c BFS found 15106122 new nodes in level 7 (total 18364363/223696213)
TIMEOUT CPU 1800 MEM 0 MAXMEM 0
#RESULT: UNK
#FIN: TO
#CPU: 1800
#MAXMEM: 0
c 23395 killed(2). 23394 killed(2). 23395 killed(9). 23394 killed(9). 
#END: [Tue Aug  8 20:09:13 2023]
