#BEGIN: [Wed Jul 19 16:21:23 2023]
#HOST: mini27.local
#TIMELIMIT: 7200
#MEMLIMIT: 0
#FREQ: 10
#SOLVER: sat-based-isr-tj05-230719-15h37m
#ARG1: benchmark/ISR-benchmark/random_instance/random_instance016_graph005.col
#ARG2: benchmark/ISR-benchmark/random_instance/random_instance016_graph005.dat
#COMMAND: /Users/soh/app/scala-2.12.4/bin/scala -J-Xms32g -J-Xmx32g -cp /Users/soh/app/IsrForCompetition230719-15h37m/scop.jar:/Users/soh/app/IsrForCompetition230719-15h37m/isr4competition_2.12-1.3.5.jar fun.scop.app.isr.IsrSolverTj05 benchmark/ISR-benchmark/random_instance/random_instance016_graph005.col benchmark/ISR-benchmark/random_instance/random_instance016_graph005.dat cadical /Users/soh/app/IsrForCompetition230719-15h37m/cadical
#Nodes: 208
#Edges: 624
c (0) step 1 UNSAT 1319 4366
c (0) step 2 UNSAT 2571 8254
c (0) step 3 UNSAT 4036 12636
c (0) step 4 UNSAT 5785 17653
c (0) step 5 UNSAT 7889 23446
c (0) step 6 UNSAT 10419 30156
c (0) step 7 UNSAT 13446 37924
c (0) step 8 UNSAT 17041 46891
c (0) step 9 UNSAT 21275 57198
c (0) step 10 UNSAT 26219 68986
c (0) step 11 UNSAT 31944 82396
c (0) step 12 UNSAT 38521 97569
c (0) step 13 UNSAT 46021 114646
c (0) step 14 UNSAT 54515 133768
c (0) step 15 UNSAT 64074 155076
c (0) step 16 UNSAT 74769 178711
c (0) step 17 UNSAT 86671 204814
c (0) step 18 UNSAT 99851 233526
c (0) step 19 UNSAT 114380 264988
c (0) step 20 UNSAT 130329 299341
c (0) step 21 UNSAT 147769 336726
c (0) step 22 UNSAT 166771 377284
c (0) step 23 UNSAT 187406 421156
c (0) step 24 UNSAT 209745 468483
c (0) step 25 UNSAT 233859 519406
c (0) step 26 UNSAT 259819 574066
c (0) step 27 UNSAT 287696 632604
c (0) step 28 UNSAT 317561 695161
c (1) step 29 UNSAT 349485 761878
c (1) step 30 UNSAT 383539 832896
c (1) step 31 UNSAT 419794 908356
c (1) step 32 UNSAT 458321 988399
c (1) step 33 UNSAT 499191 1073166
c (1) step 34 UNSAT 542475 1162798
c (1) step 35 UNSAT 588244 1257436
c (1) step 36 UNSAT 636569 1357221
c (1) step 37 UNSAT 687521 1462294
c (2) step 38 UNSAT 741171 1572796
c (2) step 39 UNSAT 797590 1688868
c (2) step 40 UNSAT 856849 1810651
c (2) step 41 UNSAT 919019 1938286
c (2) step 42 UNSAT 984171 2071914
c (2) step 43 UNSAT 1052376 2211676
c (3) step 44 UNSAT 1123705 2357713
c (3) step 45 UNSAT 1198229 2510166
c (5) step 46 SAT 1276019 2669176
a YES
a 2 4 5 10 11 13 23 26 28 33 34 35 36 40 42 46 50 54 55 62 66 71 75 77 78 84 90 91 94 97 98 99 101 102 104 108 115 116 120 127 129 131 133 135 139 140 145 147 150 152 156 158 160 161 162 165 166 168 174 180 181 184 186 187 188 192 193 194 196 198 203 205
a 2 4 5 10 11 23 26 28 33 34 35 36 40 42 46 50 54 55 62 66 69 71 75 77 78 84 90 91 94 97 98 99 101 102 104 108 115 116 120 127 129 131 133 135 139 140 145 147 150 152 156 158 160 161 162 165 166 168 174 180 181 184 186 187 188 192 193 194 196 198 203 205
a 2 4 5 10 11 23 26 28 33 34 35 36 40 42 46 50 54 55 62 66 69 71 75 77 84 90 91 94 97 98 99 101 102 104 108 115 116 120 123 127 129 131 133 135 139 140 145 147 150 152 156 158 160 161 162 165 166 168 174 180 181 184 186 187 188 192 193 194 196 198 203 205
a 2 4 5 10 11 23 26 33 34 35 36 40 42 46 50 54 55 58 62 66 69 71 75 77 84 90 91 94 97 98 99 101 102 104 108 115 116 120 123 127 129 131 133 135 139 140 145 147 150 152 156 158 160 161 162 165 166 168 174 180 181 184 186 187 188 192 193 194 196 198 203 205
a 2 4 5 10 11 23 25 26 33 35 36 40 42 46 50 54 55 58 62 66 69 71 75 77 84 90 91 94 97 98 99 101 102 104 108 115 116 120 123 127 129 131 133 135 139 140 145 147 150 152 156 158 160 161 162 165 166 168 174 180 181 184 186 187 188 192 193 194 196 198 203 205
a 2 4 5 10 11 25 26 33 35 36 40 42 46 50 54 55 58 62 66 69 71 75 77 84 90 91 92 94 97 98 99 101 102 104 108 115 116 120 123 127 129 131 133 135 139 140 145 147 150 152 156 158 160 161 162 165 166 168 174 180 181 184 186 187 188 192 193 194 196 198 203 205
a 2 4 5 6 10 11 25 26 33 35 36 42 46 50 54 55 58 62 66 69 71 75 77 84 90 91 92 94 97 98 99 101 102 104 108 115 116 120 123 127 129 131 133 135 139 140 145 147 150 152 156 158 160 161 162 165 166 168 174 180 181 184 186 187 188 192 193 194 196 198 203 205
a 2 4 5 6 10 11 25 26 33 35 36 42 46 54 55 58 62 66 69 71 75 77 84 90 91 92 94 97 98 99 101 102 104 108 115 116 120 123 127 129 131 133 135 137 139 140 145 147 150 152 156 158 160 161 162 165 166 168 174 180 181 184 186 187 188 192 193 194 196 198 203 205
a 2 4 5 6 10 11 25 26 32 33 35 36 42 46 54 55 58 62 66 69 71 75 77 84 90 91 92 97 98 99 101 102 104 108 115 116 120 123 127 129 131 133 135 137 139 140 145 147 150 152 156 158 160 161 162 165 166 168 174 180 181 184 186 187 188 192 193 194 196 198 203 205
a 2 4 5 6 10 11 25 26 32 33 35 36 42 46 51 54 55 58 62 66 69 71 75 77 84 90 91 92 97 98 99 101 102 104 108 115 120 123 127 129 131 133 135 137 139 140 145 147 150 152 156 158 160 161 162 165 166 168 174 180 181 184 186 187 188 192 193 194 196 198 203 205
a 2 4 5 6 10 11 25 26 32 33 35 36 42 46 51 52 54 55 58 62 66 69 71 75 77 84 90 91 92 97 98 99 101 102 104 108 115 120 123 127 129 131 133 135 137 139 140 145 147 150 152 156 158 160 161 162 165 166 168 174 180 181 184 186 187 188 192 193 194 196 198 203
a 2 4 5 6 11 25 26 32 33 35 36 42 46 51 52 54 55 58 62 66 69 71 75 77 84 88 90 91 92 97 98 99 101 102 104 108 115 120 123 127 129 131 133 135 137 139 140 145 147 150 152 156 158 160 161 162 165 166 168 174 180 181 184 186 187 188 192 193 194 196 198 203
a 2 4 5 6 11 25 26 32 33 35 36 42 46 51 52 54 55 58 60 62 66 69 71 75 77 84 88 90 91 92 98 99 101 102 104 108 115 120 123 127 129 131 133 135 137 139 140 145 147 150 152 156 158 160 161 162 165 166 168 174 180 181 184 186 187 188 192 193 194 196 198 203
a 2 4 5 6 11 25 26 32 33 35 36 42 46 51 52 54 55 58 60 62 66 69 71 75 77 84 88 90 91 92 98 99 101 102 104 108 115 120 123 127 129 131 133 135 137 139 140 145 147 150 152 156 158 160 161 162 165 166 168 174 180 181 184 186 187 192 193 194 196 198 203 208
a 2 4 5 6 11 25 26 32 33 35 36 42 46 51 52 54 55 58 60 62 66 69 71 75 77 84 88 90 91 92 98 99 101 102 104 108 115 120 123 127 129 131 133 135 137 138 139 140 145 147 150 152 156 158 160 161 162 165 166 168 174 180 181 184 186 187 192 193 194 196 203 208
a 2 4 5 6 11 25 26 32 33 35 36 42 46 51 52 54 55 58 60 62 66 69 71 75 77 84 88 90 91 92 98 99 101 102 104 108 115 120 123 127 129 131 133 135 137 138 139 140 145 147 150 152 158 160 161 162 165 166 168 174 180 181 184 186 187 189 192 193 194 196 203 208
a 2 4 5 6 11 25 26 31 32 33 35 36 42 46 51 52 54 55 58 60 62 66 69 71 75 77 84 88 90 91 92 98 99 102 104 108 115 120 123 127 129 131 133 135 137 138 139 140 145 147 150 152 158 160 161 162 165 166 168 174 180 181 184 186 187 189 192 193 194 196 203 208
a 2 4 5 6 11 25 26 31 32 33 35 36 42 46 51 52 54 55 58 60 62 66 69 71 75 77 84 88 90 91 92 98 99 102 104 108 115 118 120 123 127 129 131 133 135 137 138 139 140 145 147 150 152 158 160 161 162 165 166 168 180 181 184 186 187 189 192 193 194 196 203 208
a 2 4 5 6 11 25 26 31 32 33 36 42 46 51 52 54 55 58 60 62 64 66 69 71 75 77 84 88 90 91 92 98 99 102 104 108 115 118 120 123 127 129 131 133 135 137 138 139 140 145 147 150 152 158 160 161 162 165 166 168 180 181 184 186 187 189 192 193 194 196 203 208
a 4 5 6 11 25 26 31 32 33 36 42 46 51 52 54 55 58 60 62 64 66 69 71 75 77 84 88 90 91 92 98 99 102 104 108 115 118 120 123 127 129 131 133 135 137 138 139 140 145 147 150 152 158 160 161 162 165 166 168 180 181 183 184 186 187 189 192 193 194 196 203 208
a 4 5 6 11 25 26 31 32 33 36 42 46 51 52 55 58 60 62 64 66 69 71 75 77 84 88 90 91 92 98 99 102 104 108 114 115 118 120 123 127 129 131 133 135 137 138 139 140 145 147 150 152 158 160 161 162 165 166 168 180 181 183 184 186 187 189 192 193 194 196 203 208
a 4 5 6 11 25 26 31 32 33 36 42 46 51 52 55 58 60 62 64 66 69 71 75 84 88 90 91 92 98 99 102 104 108 114 115 118 120 123 127 129 131 133 135 137 138 139 140 145 147 150 152 158 160 161 162 165 166 168 170 180 181 183 184 186 187 189 192 193 194 196 203 208
a 4 5 6 11 25 26 31 32 33 36 42 46 51 52 55 58 60 62 64 66 69 71 75 84 88 90 91 92 98 99 102 104 108 114 115 118 120 123 127 129 131 133 134 135 137 138 139 140 145 147 150 152 158 160 161 162 165 166 168 170 181 183 184 186 187 189 192 193 194 196 203 208
a 4 5 6 11 25 26 31 32 36 42 46 51 52 55 58 60 62 64 66 69 71 75 84 88 90 91 92 98 99 102 104 108 114 115 118 120 121 123 127 129 131 133 134 135 137 138 139 140 145 147 150 152 158 160 161 162 165 166 168 170 181 183 184 186 187 189 192 193 194 196 203 208
a 4 5 6 11 25 26 31 32 36 42 46 51 52 55 58 60 62 64 66 69 71 75 84 88 90 91 92 98 99 102 104 108 114 115 118 120 121 123 127 129 133 134 135 137 138 139 140 145 147 150 152 158 160 161 162 165 166 168 170 181 183 184 186 187 189 191 192 193 194 196 203 208
a 4 5 6 11 25 26 31 32 36 42 46 51 52 55 58 60 62 64 66 69 71 75 84 88 90 91 92 98 99 102 104 108 114 115 118 120 121 123 127 129 133 134 135 137 138 139 140 145 147 150 152 158 160 161 162 166 168 170 177 181 183 184 186 187 189 191 192 193 194 196 203 208
a 4 5 6 11 25 26 31 32 36 42 46 51 52 55 58 60 62 64 66 69 71 75 84 88 90 91 92 98 99 102 104 108 114 115 118 120 121 123 127 129 133 134 135 137 138 139 140 145 147 150 152 158 161 162 166 168 170 171 177 181 183 184 186 187 189 191 192 193 194 196 203 208
a 4 5 6 11 25 31 32 36 42 46 51 52 53 55 58 60 62 64 66 69 71 75 84 88 90 91 92 98 99 102 104 108 114 115 118 120 121 123 127 129 133 134 135 137 138 139 140 145 147 150 152 158 161 162 166 168 170 171 177 181 183 184 186 187 189 191 192 193 194 196 203 208
a 4 5 6 11 25 31 32 36 42 46 51 52 53 55 58 60 62 64 66 69 71 75 88 90 91 92 98 99 102 104 108 109 114 115 118 120 121 123 127 129 133 134 135 137 138 139 140 145 147 150 152 158 161 162 166 168 170 171 177 181 183 184 186 187 189 191 192 193 194 196 203 208
a 4 5 6 11 25 31 32 36 42 46 51 52 53 55 58 60 62 64 66 69 71 75 88 90 91 92 98 99 102 104 108 109 114 115 118 120 121 123 129 133 134 135 137 138 139 140 145 147 150 152 158 161 162 166 168 169 170 171 177 181 183 184 186 187 189 191 192 193 194 196 203 208
a 4 5 6 11 25 31 32 36 42 46 51 52 53 55 58 60 62 64 66 69 70 71 75 88 90 91 92 98 99 102 104 108 109 114 115 118 120 121 123 129 133 134 135 137 138 139 140 145 147 150 152 161 162 166 168 169 170 171 177 181 183 184 186 187 189 191 192 193 194 196 203 208
a 4 5 6 11 25 31 32 36 42 46 51 52 53 55 58 60 62 64 69 70 71 75 88 89 90 91 92 98 99 102 104 108 109 114 115 118 120 121 123 129 133 134 135 137 138 139 140 145 147 150 152 161 162 166 168 169 170 171 177 181 183 184 186 187 189 191 192 193 194 196 203 208
a 4 5 6 11 25 31 32 36 42 46 51 52 53 55 58 60 62 64 69 70 71 72 75 88 89 90 91 92 98 99 102 104 108 109 114 115 118 120 121 123 129 133 134 135 137 138 139 140 145 147 150 152 162 166 168 169 170 171 177 181 183 184 186 187 189 191 192 193 194 196 203 208
a 4 5 6 11 25 31 32 36 42 44 46 51 52 53 55 58 60 62 64 69 70 71 72 75 88 89 90 91 92 98 99 102 104 108 109 114 115 118 120 121 123 129 133 134 135 137 138 139 140 145 147 150 152 162 166 168 169 170 171 177 181 183 184 186 187 189 191 192 194 196 203 208
a 4 5 6 11 25 31 32 36 42 44 46 51 52 53 55 58 60 62 64 69 70 71 72 75 88 89 90 91 92 98 99 102 104 108 109 114 115 118 120 121 123 129 133 134 135 137 138 139 145 147 150 152 162 166 168 169 170 171 177 181 183 184 186 187 189 191 192 194 196 200 203 208
a 4 5 6 11 25 31 32 36 42 44 46 51 52 53 55 58 60 62 64 69 70 72 75 88 89 90 91 92 98 99 102 104 108 109 114 115 118 120 121 122 123 129 133 134 135 137 138 139 145 147 150 152 162 166 168 169 170 171 177 181 183 184 186 187 189 191 192 194 196 200 203 208
a 4 5 6 11 25 31 32 36 42 44 46 51 52 53 55 57 58 60 62 64 69 70 72 75 88 89 91 92 98 99 102 104 108 109 114 115 118 120 121 122 123 129 133 134 135 137 138 139 145 147 150 152 162 166 168 169 170 171 177 181 183 184 186 187 189 191 192 194 196 200 203 208
a 4 5 6 11 25 31 32 36 42 44 46 51 52 53 55 57 58 60 62 64 69 70 72 75 88 89 91 92 98 99 100 102 104 108 109 114 118 120 121 122 123 129 133 134 135 137 138 139 145 147 150 152 162 166 168 169 170 171 177 181 183 184 186 187 189 191 192 194 196 200 203 208
a 4 5 6 11 25 31 32 36 37 42 44 46 51 52 53 55 57 58 60 62 64 69 70 72 75 88 89 91 92 98 99 100 102 104 108 109 114 118 120 121 122 123 129 134 135 137 138 139 145 147 150 152 162 166 168 169 170 171 177 181 183 184 186 187 189 191 192 194 196 200 203 208
a 4 5 6 11 25 31 32 36 37 42 44 46 51 52 53 55 57 58 60 62 64 69 70 72 75 88 89 91 92 98 99 100 102 104 108 109 114 118 120 121 122 123 129 134 135 137 138 139 142 145 147 150 152 162 166 169 170 171 177 181 183 184 186 187 189 191 192 194 196 200 203 208
a 4 5 6 11 25 31 32 36 37 42 44 46 51 52 53 55 57 58 60 62 64 69 70 72 88 89 91 92 98 99 100 102 104 108 109 114 118 120 121 122 123 129 134 135 137 138 139 142 145 147 150 152 162 166 169 170 171 175 177 181 183 184 186 187 189 191 192 194 196 200 203 208
a 4 5 6 11 25 31 32 36 37 42 44 46 51 52 53 55 57 58 60 62 64 69 70 72 88 89 91 92 98 99 100 102 104 108 109 110 114 118 120 121 122 123 129 134 135 137 138 139 142 145 147 152 162 166 169 170 171 175 177 181 183 184 186 187 189 191 192 194 196 200 203 208
a 4 5 6 11 25 31 32 36 37 42 44 46 48 51 52 53 55 57 58 60 62 64 69 70 72 88 89 91 92 98 99 100 102 104 108 109 110 114 118 120 121 122 123 129 134 135 137 138 139 142 145 147 162 166 169 170 171 175 177 181 183 184 186 187 189 191 192 194 196 200 203 208
a 4 5 6 11 19 25 31 32 36 37 42 44 46 48 51 52 53 55 57 58 60 62 64 69 70 72 88 89 91 92 98 99 100 102 104 108 109 110 114 118 120 121 122 123 129 134 135 137 138 139 142 145 147 162 166 169 170 171 175 177 181 183 184 186 187 189 191 192 194 196 200 208
a 4 5 6 11 19 25 31 32 36 37 42 43 44 46 48 51 52 53 55 57 58 60 62 64 69 70 72 88 89 91 92 98 99 100 102 104 108 109 110 114 118 120 121 122 123 129 134 135 137 138 139 142 145 147 166 169 170 171 175 177 181 183 184 186 187 189 191 192 194 196 200 208
a 3 4 5 6 11 19 25 31 32 36 37 42 43 44 46 48 51 52 53 55 57 58 60 62 64 69 70 72 88 89 91 92 98 99 100 102 108 109 110 114 118 120 121 122 123 129 134 135 137 138 139 142 145 147 166 169 170 171 175 177 181 183 184 186 187 189 191 192 194 196 200 208
a 3 4 5 6 11 19 25 31 32 36 37 42 43 44 46 48 51 52 53 55 56 57 58 60 62 64 69 70 72 88 89 91 92 98 99 100 102 108 109 110 114 118 120 121 122 123 129 134 135 137 138 139 142 145 147 166 169 170 171 175 177 181 183 184 186 189 191 192 194 196 200 208
	Command being timed: "/Users/soh/app/scala-2.12.4/bin/scala -J-Xms32g -J-Xmx32g -cp /Users/soh/app/IsrForCompetition230719-15h37m/scop.jar:/Users/soh/app/IsrForCompetition230719-15h37m/isr4competition_2.12-1.3.5.jar fun.scop.app.isr.IsrSolverTj05 benchmark/ISR-benchmark/random_instance/random_instance016_graph005.col benchmark/ISR-benchmark/random_instance/random_instance016_graph005.dat cadical /Users/soh/app/IsrForCompetition230719-15h37m/cadical"
	User time (seconds): 5.92
	System time (seconds): 1.11
	Percent of CPU this job got: 119%
	Elapsed (wall clock) time (h:mm:ss or m:ss): 0:05.89
	Average shared text size (kbytes): 0
	Average unshared data size (kbytes): 0
	Average stack size (kbytes): 0
	Average total size (kbytes): 0
	Maximum resident set size (kbytes): 19625050112
	Average resident set size (kbytes): 0
	Major (requiring I/O) page faults: 0
	Minor (reclaiming a frame) page faults: 1211389
	Voluntary context switches: 36
	Involuntary context switches: 3577
	Swaps: 0
	File system inputs: 0
	File system outputs: 0
	Socket messages sent: 42
	Socket messages received: 0
	Signals delivered: 7
	Page size (bytes): 4096
	Exit status: 0
FINISHED CPU 7.03 MEM 0 MAXMEM 0 STALE 1
#RESULT: UNK
#FIN: FIN
#CPU: 7.03
#MAXMEM: 0
c 
#END: [Wed Jul 19 16:21:29 2023]
