#BEGIN: [Tue Aug  1 15:59:41 2023]
#HOST: mini21.local
#TIMELIMIT: 7200
#MEMLIMIT: 0
#FREQ: 10
#SOLVER: ddreconf230801-10h10m
#ARG1: benchmark/ISR-benchmark/random_instance/random_instance010_graph003.col
#ARG2: benchmark/ISR-benchmark/random_instance/random_instance010_graph003.dat
#COMMAND: /Users/soh/app/ddreconf230801-10h10m/ddreconf benchmark/ISR-benchmark/random_instance/random_instance010_graph003.col --indset --stwidth --stfile=benchmark/ISR-benchmark/random_instance/random_instance010_graph003.dat
Input graph file parsed. # of vertices = 130, # of edges = 390
s 3 8 11 14 15 16 17 18 19 21 23 25 27 30 34 36 38 57 41 44 45 105 52 64 94 68 72 73 83 79 81 82 85 87 91 124 96 130 104 111 125 112 114 120 129 123
t 9 10 11 14 16 21 22 23 24 25 26 27 30 38 57 46 48 49 50 51 53 59 63 64 94 67 72 126 79 80 81 84 85 87 88 91 93 98 116 102 111 125 115 119 127 123
Solution space ZDD construction start
Command terminated by signal 9
	Command being timed: "/Users/soh/app/ddreconf230801-10h10m/ddreconf benchmark/ISR-benchmark/random_instance/random_instance010_graph003.col --indset --stwidth --stfile=benchmark/ISR-benchmark/random_instance/random_instance010_graph003.dat"
	User time (seconds): 1629.95
	System time (seconds): 1951.29
	Percent of CPU this job got: 58%
	Elapsed (wall clock) time (h:mm:ss or m:ss): 1:41:45
	Average shared text size (kbytes): 0
	Average unshared data size (kbytes): 0
	Average stack size (kbytes): 0
	Average total size (kbytes): 0
	Maximum resident set size (kbytes): 254431428608
	Average resident set size (kbytes): 0
	Major (requiring I/O) page faults: 0
	Minor (reclaiming a frame) page faults: 261333236
	Voluntary context switches: 4550217
	Involuntary context switches: 3311588
	Swaps: 0
	File system inputs: 0
	File system outputs: 0
	Socket messages sent: 36
	Socket messages received: 0
	Signals delivered: 0
	Page size (bytes): 4096
	Exit status: 0
FINISHED CPU 3581.24 MEM 0 MAXMEM 0 STALE 1
#RESULT: UNK
#FIN: FIN
#CPU: 3581.24
#MAXMEM: 0
c 
#END: [Tue Aug  1 17:41:27 2023]
