#BEGIN: [Tue Aug  8 17:59:24 2023]
#HOST: mini24.local
#TIMELIMIT: 1800
#MEMLIMIT: 0
#FREQ: 10
#SOLVER: recon
#ARG1: benchmark/ISR-benchmark/random_instance/random_instance005_graph005.col
#ARG2: benchmark/ISR-benchmark/random_instance/random_instance005_graph005.dat
#COMMAND: /Users/soh/app/recon/src/recon benchmark/ISR-benchmark/random_instance/random_instance005_graph005.col benchmark/ISR-benchmark/random_instance/random_instance005_graph005.dat
c Copyright Volker Turau & Christoph Weyer, 2022
c Institute of Telematics
c Hamburg University of Technology, Hamburg, Germany
c Contact: turau@tuhh.de
c Graph file: benchmark/ISR-benchmark/random_instance/random_instance005_graph005.col
c Target file: benchmark/ISR-benchmark/random_instance/random_instance005_graph005.dat
c Size of independent set: 20
c Number of nodes of graph: 65
c Number of edges of graph: 195
c Average degree of graph: 6.00
s 1 3 5 8 9 10 13 19 20 26 32 39 41 43 46 47 51 53 58 59 
t 6 7 10 13 14 15 19 21 28 29 32 43 44 46 48 51 53 55 58 62 
c BFS found 17 new nodes in level 1 (total 18/244032232)
c BFS found 262 new nodes in level 2 (total 280/244032232)
c BFS found 2467 new nodes in level 3 (total 2747/244032232)
c BFS found 16246 new nodes in level 4 (total 18992/244032232)
c BFS found 81084 new nodes in level 5 (total 100039/244032232)
c BFS found 326342 new nodes in level 6 (total 425578/244032232)
c BFS found 1114057 new nodes in level 7 (total 1532606/244032232)
c BFS found 3317416 new nodes in level 8 (total 4808715/244032232)
c BFS found 8651474 new nodes in level 9 (total 13274327/244032232)
c BFS found 19439246 new nodes in level 10 (total 32023781/244032232)
c BFS exiting found=true count=52136815 max_count=244032232
c Found with: Breadth First Search
a YES
a 1 3 5 8 9 10 13 19 20 26 32 39 41 43 46 47 51 53 58 59 
a 3 5 8 9 10 13 19 20 26 32 39 41 43 46 47 51 53 58 59 62 
a 3 5 7 8 9 10 13 19 20 26 32 39 41 43 46 47 51 53 58 62 
a 3 5 6 7 8 9 10 13 19 20 26 32 41 43 46 47 51 53 58 62 
a 3 5 6 7 8 10 13 14 19 20 26 32 41 43 46 47 51 53 58 62 
a 3 5 6 7 8 10 13 14 19 20 26 32 43 44 46 47 51 53 58 62 
a 3 5 6 7 8 10 13 14 19 20 21 26 32 43 44 46 51 53 58 62 
a 3 6 7 8 10 13 14 15 19 20 21 26 32 43 44 46 51 53 58 62 
a 3 6 7 8 10 13 14 15 19 21 26 28 32 43 44 46 51 53 58 62 
a 3 6 7 8 10 13 14 15 19 21 28 32 43 44 46 48 51 53 58 62 
a 3 6 7 10 13 14 15 19 21 28 32 43 44 46 48 51 53 55 58 62 
a 6 7 10 13 14 15 19 21 28 29 32 43 44 46 48 51 53 55 58 62 
c Length: 11
	Command being timed: "/Users/soh/app/recon/src/recon benchmark/ISR-benchmark/random_instance/random_instance005_graph005.col benchmark/ISR-benchmark/random_instance/random_instance005_graph005.dat"
	User time (seconds): 1535.76
	System time (seconds): 3.10
	Percent of CPU this job got: 99%
	Elapsed (wall clock) time (h:mm:ss or m:ss): 25:39.02
	Average shared text size (kbytes): 0
	Average unshared data size (kbytes): 0
	Average stack size (kbytes): 0
	Average total size (kbytes): 0
	Maximum resident set size (kbytes): 22096740352
	Average resident set size (kbytes): 0
	Major (requiring I/O) page faults: 0
	Minor (reclaiming a frame) page faults: 1489907
	Voluntary context switches: 18
	Involuntary context switches: 5148
	Swaps: 0
	File system inputs: 0
	File system outputs: 0
	Socket messages sent: 36
	Socket messages received: 0
	Signals delivered: 0
	Page size (bytes): 4096
	Exit status: 0
FINISHED CPU 1538.86 MEM 0 MAXMEM 0 STALE 1
#RESULT: UNK
#FIN: FIN
#CPU: 1538.86
#MAXMEM: 0
c 
#END: [Tue Aug  8 18:25:03 2023]
