#BEGIN: [Wed Jul 19 16:21:21 2023]
#HOST: mini23.local
#TIMELIMIT: 7200
#MEMLIMIT: 0
#FREQ: 10
#SOLVER: sat-based-isr-tj05-230719-15h37m
#ARG1: benchmark/ISR-benchmark/random_instance/random_instance016_graph003.col
#ARG2: benchmark/ISR-benchmark/random_instance/random_instance016_graph003.dat
#COMMAND: /Users/soh/app/scala-2.12.4/bin/scala -J-Xms32g -J-Xmx32g -cp /Users/soh/app/IsrForCompetition230719-15h37m/scop.jar:/Users/soh/app/IsrForCompetition230719-15h37m/isr4competition_2.12-1.3.5.jar fun.scop.app.isr.IsrSolverTj05 benchmark/ISR-benchmark/random_instance/random_instance016_graph003.col benchmark/ISR-benchmark/random_instance/random_instance016_graph003.dat cadical /Users/soh/app/IsrForCompetition230719-15h37m/cadical
#Nodes: 208
#Edges: 624
c (0) step 1 UNSAT 1314 4351
c (0) step 2 UNSAT 2551 8199
c (0) step 3 UNSAT 3986 12506
c (0) step 4 UNSAT 5685 17403
c (0) step 5 UNSAT 7714 23021
c (0) step 6 UNSAT 10139 29491
c (0) step 7 UNSAT 13026 36944
c (0) step 8 UNSAT 16441 45511
c (0) step 9 UNSAT 20450 55323
c (0) step 10 UNSAT 25119 66511
c (0) step 11 UNSAT 30514 79206
c (0) step 12 UNSAT 36701 93539
c (0) step 13 UNSAT 43746 109641
c (0) step 14 UNSAT 51715 127643
c (0) step 15 UNSAT 60674 147676
c (0) step 16 UNSAT 70689 169871
c (0) step 17 UNSAT 81826 194359
c (0) step 18 UNSAT 94151 221271
c (0) step 19 UNSAT 107730 250738
c (0) step 20 UNSAT 122629 282891
c (0) step 21 UNSAT 138914 317861
c (0) step 22 UNSAT 156651 355779
c (0) step 23 UNSAT 175906 396776
c (0) step 24 UNSAT 196745 440983
c (0) step 25 UNSAT 219234 488531
c (0) step 26 UNSAT 243439 539551
c (0) step 27 UNSAT 269426 594174
c (0) step 28 UNSAT 297261 652531
c (1) step 29 UNSAT 327010 714753
c (1) step 30 UNSAT 358739 780971
c (1) step 31 UNSAT 392514 851316
c (1) step 32 UNSAT 428401 925919
c (1) step 33 UNSAT 466466 1004911
c (1) step 34 UNSAT 506775 1088423
c (1) step 35 UNSAT 549394 1176586
c (1) step 36 UNSAT 594389 1269531
c (1) step 37 UNSAT 641826 1367389
c (2) step 38 UNSAT 691771 1470291
c (3) step 39 SAT 744290 1578368
a YES
a 1 2 4 6 12 15 24 26 28 29 30 31 32 41 42 45 47 52 54 55 57 63 64 65 66 69 70 72 73 76 80 83 93 96 101 113 114 119 124 125 131 133 137 138 142 149 150 156 161 162 163 165 172 180 181 183 187 188 192 194 197 198 199 200 202 203 207
a 1 2 4 6 12 15 24 28 29 30 31 32 41 42 45 47 52 54 55 57 63 64 65 66 69 70 72 73 76 80 83 93 96 101 113 114 119 124 125 131 133 137 138 142 149 150 156 161 162 163 165 172 180 181 183 187 188 189 192 194 197 198 199 200 202 203 207
a 1 2 4 6 12 15 24 28 29 30 31 32 41 42 45 47 54 55 57 61 63 64 65 66 69 70 72 73 76 80 83 93 96 101 113 114 119 124 125 131 133 137 138 142 149 150 156 161 162 163 165 172 180 181 183 187 188 189 192 194 197 198 199 200 202 203 207
a 1 2 4 6 12 15 24 28 29 30 31 32 41 42 45 47 54 55 57 61 64 65 66 69 70 72 73 76 80 81 83 93 96 101 113 114 119 124 125 131 133 137 138 142 149 150 156 161 162 163 165 172 180 181 183 187 188 189 192 194 197 198 199 200 202 203 207
a 1 2 4 6 12 15 24 28 29 30 31 32 41 42 45 47 48 54 55 57 61 64 66 69 70 72 73 76 80 81 83 93 96 101 113 114 119 124 125 131 133 137 138 142 149 150 156 161 162 163 165 172 180 181 183 187 188 189 192 194 197 198 199 200 202 203 207
a 1 2 4 6 12 15 24 28 29 31 32 41 42 45 47 48 54 55 57 61 64 66 69 70 72 73 74 76 80 81 83 93 96 101 113 114 119 124 125 131 133 137 138 142 149 150 156 161 162 163 165 172 180 181 183 187 188 189 192 194 197 198 199 200 202 203 207
a 1 2 4 5 6 12 15 24 28 29 31 32 42 45 47 48 54 55 57 61 64 66 69 70 72 73 74 76 80 81 83 93 96 101 113 114 119 124 125 131 133 137 138 142 149 150 156 161 162 163 165 172 180 181 183 187 188 189 192 194 197 198 199 200 202 203 207
a 1 2 4 5 6 10 12 15 24 28 29 31 32 42 45 47 48 54 55 57 61 64 66 69 70 72 73 74 76 81 83 93 96 101 113 114 119 124 125 131 133 137 138 142 149 150 156 161 162 163 165 172 180 181 183 187 188 189 192 194 197 198 199 200 202 203 207
a 1 2 4 5 6 10 12 15 24 28 29 31 32 42 47 48 54 55 57 61 64 66 69 70 72 73 74 76 81 83 93 94 96 101 113 114 119 124 125 131 133 137 138 142 149 150 156 161 162 163 165 172 180 181 183 187 188 189 192 194 197 198 199 200 202 203 207
a 1 2 4 5 6 10 12 15 24 28 29 31 32 35 42 47 48 54 55 57 61 64 66 69 70 72 73 74 76 81 93 94 96 101 113 114 119 124 125 131 133 137 138 142 149 150 156 161 162 163 165 172 180 181 183 187 188 189 192 194 197 198 199 200 202 203 207
a 1 2 4 5 6 10 12 15 24 28 29 31 32 34 35 42 47 48 54 55 61 64 66 69 70 72 73 74 76 81 93 94 96 101 113 114 119 124 125 131 133 137 138 142 149 150 156 161 162 163 165 172 180 181 183 187 188 189 192 194 197 198 199 200 202 203 207
a 1 2 4 5 6 10 12 15 24 28 29 31 32 34 35 42 47 48 54 55 61 64 66 69 70 72 73 74 81 93 94 96 101 113 114 119 124 125 131 133 137 138 142 148 149 150 156 161 162 163 165 172 180 181 183 187 188 189 192 194 197 198 199 200 202 203 207
a 1 2 4 5 6 10 12 15 24 28 29 31 34 35 42 47 48 51 54 55 61 64 66 69 70 72 73 74 81 93 94 96 101 113 114 119 124 125 131 133 137 138 142 148 149 150 156 161 162 163 165 172 180 181 183 187 188 189 192 194 197 198 199 200 202 203 207
a 1 2 4 5 6 10 12 15 24 29 31 34 35 42 47 48 51 54 55 61 64 66 68 69 70 72 73 74 81 93 94 96 101 113 114 119 124 125 131 133 137 138 142 148 149 150 156 161 162 163 165 172 180 181 183 187 188 189 192 194 197 198 199 200 202 203 207
a 1 2 4 5 6 10 12 24 29 31 34 35 42 47 48 51 54 55 61 64 66 68 69 70 72 73 74 81 91 93 94 96 101 113 114 119 124 125 131 133 137 138 142 148 149 150 156 161 162 163 165 172 180 181 183 187 188 189 192 194 197 198 199 200 202 203 207
a 1 2 4 5 6 10 12 24 29 34 35 42 47 48 51 54 55 61 64 66 68 69 70 72 73 74 81 91 93 94 96 98 101 113 114 119 124 125 131 133 137 138 142 148 149 150 156 161 162 163 165 172 180 181 183 187 188 189 192 194 197 198 199 200 202 203 207
a 1 2 4 5 6 10 12 24 29 34 35 42 47 48 51 54 55 61 64 66 68 70 72 73 74 81 91 93 94 96 98 101 113 114 119 124 125 131 133 137 138 142 148 149 150 156 161 162 163 165 171 172 180 181 183 187 188 189 192 194 197 198 199 200 202 203 207
a 1 2 4 5 6 10 12 24 29 34 35 42 47 48 51 54 55 61 64 66 68 70 72 73 74 81 91 93 94 96 98 101 114 119 122 124 125 131 133 137 138 142 148 149 150 156 161 162 163 165 171 172 180 181 183 187 188 189 192 194 197 198 199 200 202 203 207
a 1 2 4 5 6 10 12 24 29 34 35 42 47 48 51 54 55 61 64 66 68 70 72 73 74 81 91 93 94 96 98 101 105 114 119 122 124 125 131 133 137 138 142 148 149 150 156 161 162 163 165 171 172 180 181 183 187 189 192 194 197 198 199 200 202 203 207
a 1 2 4 5 6 10 12 24 29 34 35 42 47 48 51 54 55 61 64 66 68 70 72 73 74 81 91 93 94 96 98 101 105 114 119 122 124 125 131 133 137 138 142 148 149 150 156 161 162 163 165 171 172 178 180 181 183 189 192 194 197 198 199 200 202 203 207
a 1 2 4 5 6 10 12 24 29 34 35 42 47 48 50 51 54 55 61 64 66 68 70 72 73 74 81 91 93 94 96 98 101 105 114 119 122 124 125 131 133 137 138 142 148 149 150 156 161 162 163 165 171 172 178 181 183 189 192 194 197 198 199 200 202 203 207
a 1 2 4 5 6 10 12 14 24 29 34 35 42 47 48 50 51 54 55 61 64 68 70 72 73 74 81 91 93 94 96 98 101 105 114 119 122 124 125 131 133 137 138 142 148 149 150 156 161 162 163 165 171 172 178 181 183 189 192 194 197 198 199 200 202 203 207
a 1 2 4 5 6 10 12 14 24 29 34 35 42 47 48 50 51 54 55 61 64 68 70 72 73 74 81 91 93 94 96 98 101 105 114 119 122 124 125 131 133 137 138 142 148 149 150 156 160 161 162 165 171 172 178 181 183 189 192 194 197 198 199 200 202 203 207
a 1 2 4 5 6 10 12 14 24 29 34 35 42 47 48 50 51 54 55 61 64 68 70 72 73 74 81 91 93 94 96 98 100 101 105 114 119 122 124 125 131 133 137 138 142 148 149 150 156 160 162 165 171 172 178 181 183 189 192 194 197 198 199 200 202 203 207
a 1 2 4 5 6 10 12 14 24 29 34 35 42 47 48 50 51 54 55 61 64 68 70 72 73 74 81 91 92 93 94 96 98 100 101 105 114 119 122 124 125 131 133 137 138 142 148 149 150 156 160 162 165 171 172 178 181 183 189 192 194 197 198 200 202 203 207
a 1 2 4 5 6 10 12 14 24 34 35 42 47 48 50 51 54 55 61 64 68 70 71 72 73 74 81 91 92 93 94 96 98 100 101 105 114 119 122 124 125 131 133 137 138 142 148 149 150 156 160 162 165 171 172 178 181 183 189 192 194 197 198 200 202 203 207
a 1 2 4 5 6 10 12 14 24 34 35 42 47 48 50 51 54 55 56 61 64 68 70 71 72 74 81 91 92 93 94 96 98 100 101 105 114 119 122 124 125 131 133 137 138 142 148 149 150 156 160 162 165 171 172 178 181 183 189 192 194 197 198 200 202 203 207
a 1 2 4 5 6 10 12 14 24 34 35 42 47 48 50 51 54 55 56 61 64 68 70 71 72 74 81 91 92 93 94 96 98 100 101 105 114 119 122 124 125 131 133 137 138 139 142 148 149 150 156 160 162 165 171 172 178 181 183 189 192 194 197 198 200 202 207
a 1 2 4 5 6 10 12 14 24 34 35 42 47 48 50 51 54 55 56 61 64 68 70 71 72 74 81 91 92 93 94 96 98 100 101 105 114 119 122 124 125 131 137 138 139 142 148 149 150 156 160 162 165 171 172 178 181 182 183 189 192 194 197 198 200 202 207
a 1 2 4 5 6 10 11 12 14 24 34 35 42 48 50 51 54 55 56 61 64 68 70 71 72 74 81 91 92 93 94 96 98 100 101 105 114 119 122 124 125 131 137 138 139 142 148 149 150 156 160 162 165 171 172 178 181 182 183 189 192 194 197 198 200 202 207
a 1 2 4 5 6 10 11 12 14 22 24 34 35 42 48 50 51 54 55 56 61 64 68 70 71 72 74 81 91 92 93 94 96 98 100 101 105 114 119 122 124 125 131 137 138 139 142 148 149 150 156 160 162 165 171 172 178 181 182 183 189 192 194 198 200 202 207
a 1 2 4 5 6 10 11 12 14 22 24 34 35 42 48 50 51 54 55 56 61 64 68 70 71 72 74 78 81 91 92 93 94 96 98 100 105 114 119 122 124 125 131 137 138 139 142 148 149 150 156 160 162 165 171 172 178 181 182 183 189 192 194 198 200 202 207
a 1 2 4 5 6 10 11 12 14 22 24 34 35 38 42 48 50 51 54 55 56 61 64 68 70 71 72 74 78 81 91 92 93 94 96 98 100 105 114 122 124 125 131 137 138 139 142 148 149 150 156 160 162 165 171 172 178 181 182 183 189 192 194 198 200 202 207
a 1 2 4 5 6 10 11 12 14 22 24 34 35 38 42 48 50 51 54 55 56 61 64 68 70 71 72 74 78 81 91 92 93 94 96 98 100 105 114 122 124 125 131 137 138 139 148 149 150 156 160 162 165 171 172 178 181 182 183 189 192 193 194 198 200 202 207
a 1 2 4 5 6 10 11 12 14 22 24 34 35 38 42 48 50 51 54 55 56 61 64 68 70 71 72 74 78 81 91 92 93 94 96 98 100 104 105 114 122 124 125 131 137 138 139 148 149 150 156 160 162 165 171 172 178 181 182 183 189 192 193 198 200 202 207
a 1 2 4 5 6 10 11 12 14 22 24 34 35 38 42 48 50 51 54 55 56 61 64 68 70 71 72 74 78 81 91 92 93 94 96 98 100 104 105 114 122 124 125 131 137 138 139 148 150 156 157 160 162 165 171 172 178 181 182 183 189 192 193 198 200 202 207
a 1 2 4 5 6 10 11 12 14 22 24 34 35 38 39 42 48 50 51 54 55 56 61 64 68 70 71 72 74 78 81 91 92 93 94 96 98 100 104 105 114 122 124 125 137 138 139 148 150 156 157 160 162 165 171 172 178 181 182 183 189 192 193 198 200 202 207
a 1 2 4 5 6 10 11 12 14 22 24 34 35 38 39 42 48 50 51 54 55 56 61 64 68 70 71 72 74 78 81 91 92 93 94 96 98 100 104 105 114 115 122 124 125 137 138 139 148 150 156 157 160 165 171 172 178 181 182 183 189 192 193 198 200 202 207
a 1 4 5 6 10 11 12 14 19 22 24 34 35 38 39 42 48 50 51 54 55 56 61 64 68 70 71 72 74 78 81 91 92 93 94 96 98 100 104 105 114 115 122 124 125 137 138 139 148 150 156 157 160 165 171 172 178 181 182 183 189 192 193 198 200 202 207
a 4 5 6 10 11 12 14 19 22 24 34 35 38 39 42 48 50 51 54 55 56 61 64 68 70 71 72 74 78 81 91 92 93 94 96 98 100 104 105 114 115 122 124 125 137 138 139 148 150 156 157 160 165 171 172 174 178 181 182 183 189 192 193 198 200 202 207
	Command being timed: "/Users/soh/app/scala-2.12.4/bin/scala -J-Xms32g -J-Xmx32g -cp /Users/soh/app/IsrForCompetition230719-15h37m/scop.jar:/Users/soh/app/IsrForCompetition230719-15h37m/isr4competition_2.12-1.3.5.jar fun.scop.app.isr.IsrSolverTj05 benchmark/ISR-benchmark/random_instance/random_instance016_graph003.col benchmark/ISR-benchmark/random_instance/random_instance016_graph003.dat cadical /Users/soh/app/IsrForCompetition230719-15h37m/cadical"
	User time (seconds): 4.20
	System time (seconds): 0.66
	Percent of CPU this job got: 127%
	Elapsed (wall clock) time (h:mm:ss or m:ss): 0:03.81
	Average shared text size (kbytes): 0
	Average unshared data size (kbytes): 0
	Average stack size (kbytes): 0
	Average total size (kbytes): 0
	Maximum resident set size (kbytes): 11984977920
	Average resident set size (kbytes): 0
	Major (requiring I/O) page faults: 0
	Minor (reclaiming a frame) page faults: 745332
	Voluntary context switches: 37
	Involuntary context switches: 3510
	Swaps: 0
	File system inputs: 0
	File system outputs: 0
	Socket messages sent: 41
	Socket messages received: 0
	Signals delivered: 6
	Page size (bytes): 4096
	Exit status: 0
FINISHED CPU 4.86 MEM 0 MAXMEM 0 STALE 1
#RESULT: UNK
#FIN: FIN
#CPU: 4.86
#MAXMEM: 0
c 
#END: [Wed Jul 19 16:21:25 2023]
