#BEGIN: [Wed Jul 19 16:21:43 2023]
#HOST: mini28.local
#TIMELIMIT: 7200
#MEMLIMIT: 0
#FREQ: 10
#SOLVER: sat-based-isr-tj05-230719-15h37m
#ARG1: benchmark/ISR-benchmark/random_instance/random_instance019_graph001.col
#ARG2: benchmark/ISR-benchmark/random_instance/random_instance019_graph001.dat
#COMMAND: /Users/soh/app/scala-2.12.4/bin/scala -J-Xms32g -J-Xmx32g -cp /Users/soh/app/IsrForCompetition230719-15h37m/scop.jar:/Users/soh/app/IsrForCompetition230719-15h37m/isr4competition_2.12-1.3.5.jar fun.scop.app.isr.IsrSolverTj05 benchmark/ISR-benchmark/random_instance/random_instance019_graph001.col benchmark/ISR-benchmark/random_instance/random_instance019_graph001.dat cadical /Users/soh/app/IsrForCompetition230719-15h37m/cadical
#Nodes: 247
#Edges: 741
c (0) step 1 UNSAT 1560 5167
c (0) step 2 UNSAT 3028 9735
c (0) step 3 UNSAT 4730 14846
c (0) step 4 UNSAT 6744 20655
c (0) step 5 UNSAT 9148 27317
c (0) step 6 UNSAT 12020 34987
c (0) step 7 UNSAT 15438 43820
c (0) step 8 UNSAT 19480 53971
c (0) step 9 UNSAT 24224 65595
c (0) step 10 UNSAT 29748 78847
c (0) step 11 UNSAT 36130 93882
c (0) step 12 UNSAT 43448 110855
c (0) step 13 UNSAT 51780 129921
c (0) step 14 UNSAT 61204 151235
c (0) step 15 UNSAT 71798 174952
c (0) step 16 UNSAT 83640 201227
c (0) step 17 UNSAT 96808 230215
c (0) step 18 UNSAT 111380 262071
c (0) step 19 UNSAT 127434 296950
c (0) step 20 UNSAT 145048 335007
c (0) step 21 UNSAT 164300 376397
c (0) step 22 UNSAT 185268 421275
c (0) step 23 UNSAT 208030 469796
c (0) step 24 UNSAT 232664 522115
c (0) step 25 UNSAT 259248 578387
c (0) step 26 UNSAT 287860 638767
c (1) step 27 UNSAT 318578 703410
c (1) step 28 UNSAT 351480 772471
c (1) step 29 UNSAT 386644 846105
c (1) step 30 UNSAT 424148 924467
c (1) step 31 UNSAT 464070 1007712
c (1) step 32 UNSAT 506488 1095995
c (1) step 33 UNSAT 551480 1189471
c (1) step 34 UNSAT 599124 1288295
c (1) step 35 UNSAT 649498 1392622
c (2) step 36 UNSAT 702680 1502607
c (2) step 37 UNSAT 758748 1618405
c (2) step 38 UNSAT 817780 1740171
c (2) step 39 UNSAT 879854 1868060
c (2) step 40 UNSAT 945048 2002227
c (2) step 41 UNSAT 1013440 2142827
c (3) step 42 UNSAT 1085108 2290015
c (3) step 43 UNSAT 1160130 2443946
c (3) step 44 UNSAT 1238584 2604775
c (3) step 45 UNSAT 1320548 2772657
c (3) step 46 UNSAT 1406100 2947747
c (4) step 47 UNSAT 1495318 3130200
c (6) step 48 SAT 1588280 3320171
a YES
a 5 10 12 16 18 19 25 27 30 32 38 44 45 46 56 61 62 63 68 71 76 78 81 82 86 88 89 91 100 111 112 117 119 125 128 130 132 133 136 138 139 145 146 149 151 155 156 157 163 168 169 171 172 177 179 180 184 185 186 190 194 196 198 199 201 202 203 205 206 211 217 219 220 226 227 228 236 238 239
a 5 10 12 16 18 19 25 27 30 32 38 44 45 46 56 61 62 63 68 71 76 78 81 82 86 88 89 91 100 111 112 117 119 125 128 130 132 133 136 138 139 145 146 149 151 155 156 157 163 168 169 172 177 179 180 184 185 186 189 190 194 196 198 199 201 202 203 205 206 211 217 219 220 226 227 228 236 238 239
a 5 10 12 16 18 19 27 30 32 38 44 45 46 56 61 62 63 68 71 76 78 81 82 86 88 89 90 91 100 111 112 117 119 125 128 130 132 133 136 138 139 145 146 149 151 155 156 157 163 168 169 172 177 179 180 184 185 186 189 190 194 196 198 199 201 202 203 205 206 211 217 219 220 226 227 228 236 238 239
a 5 8 10 12 16 18 19 27 30 32 38 44 45 46 56 61 62 63 68 71 76 78 81 82 86 88 89 90 91 100 111 112 117 119 125 128 130 132 133 136 138 145 146 149 151 155 156 157 163 168 169 172 177 179 180 184 185 186 189 190 194 196 198 199 201 202 203 205 206 211 217 219 220 226 227 228 236 238 239
a 5 8 10 12 16 18 19 27 30 32 38 44 45 46 56 61 62 63 68 71 76 78 81 82 86 88 89 90 91 100 105 111 112 117 119 125 128 130 132 133 136 138 145 146 149 155 156 157 163 168 169 172 177 179 180 184 185 186 189 190 194 196 198 199 201 202 203 205 206 211 217 219 220 226 227 228 236 238 239
a 5 8 10 12 16 18 19 27 30 32 34 38 44 45 56 61 62 63 68 71 76 78 81 82 86 88 89 90 91 100 105 111 112 117 119 125 128 130 132 133 136 138 145 146 149 155 156 157 163 168 169 172 177 179 180 184 185 186 189 190 194 196 198 199 201 202 203 205 206 211 217 219 220 226 227 228 236 238 239
a 5 8 10 12 16 18 19 27 30 34 38 44 45 56 61 62 63 68 71 76 78 81 82 86 88 89 90 91 100 105 111 112 117 119 125 128 130 132 133 136 138 141 145 146 149 155 156 157 163 168 169 172 177 179 180 184 185 186 189 190 194 196 198 199 201 202 203 205 206 211 217 219 220 226 227 228 236 238 239
a 5 8 10 12 16 18 19 27 30 34 38 44 45 56 61 62 63 68 76 78 81 82 86 88 89 90 91 100 105 111 112 117 119 125 128 130 132 133 136 138 141 145 146 149 155 156 157 163 168 169 172 177 179 180 184 185 186 189 190 194 196 198 199 201 202 203 205 206 211 217 219 220 226 227 228 236 238 239 246
a 5 8 10 12 16 18 19 27 30 34 38 44 45 56 61 62 63 68 76 78 81 82 86 88 90 91 100 103 105 111 112 117 119 125 128 130 132 133 136 138 141 145 146 149 155 156 157 163 168 169 172 177 179 180 184 185 186 189 190 194 196 198 199 201 202 203 205 206 211 217 219 220 226 227 228 236 238 239 246
a 5 8 10 12 16 18 19 27 30 34 38 43 44 45 56 61 62 63 68 76 78 81 82 86 88 90 91 100 103 105 111 112 117 119 125 128 130 132 133 136 138 141 145 146 149 155 156 157 163 168 169 172 177 179 180 184 185 186 189 190 194 196 198 199 201 202 203 206 211 217 219 220 226 227 228 236 238 239 246
a 5 8 10 12 13 16 18 19 27 30 34 38 43 44 45 61 62 63 68 76 78 81 82 86 88 90 91 100 103 105 111 112 117 119 125 128 130 132 133 136 138 141 145 146 149 155 156 157 163 168 169 172 177 179 180 184 185 186 189 190 194 196 198 199 201 202 203 206 211 217 219 220 226 227 228 236 238 239 246
a 5 8 10 12 13 16 18 19 27 30 34 38 43 44 45 61 62 63 68 76 78 81 82 86 88 90 91 100 103 105 111 112 117 119 125 128 130 132 133 136 138 141 145 146 149 155 156 157 161 163 168 169 172 177 179 180 184 185 189 190 194 196 198 199 201 202 203 206 211 217 219 220 226 227 228 236 238 239 246
a 5 8 10 12 13 16 18 19 27 30 34 38 43 44 45 61 62 63 68 76 78 81 82 86 88 90 91 100 103 105 111 112 117 119 125 128 130 132 133 136 138 141 145 146 155 156 157 161 163 168 169 172 177 179 180 184 185 189 190 194 196 198 199 201 202 203 206 211 217 219 220 226 227 228 236 238 239 240 246
a 5 8 10 12 13 16 18 19 27 30 34 38 43 44 45 61 62 63 68 76 78 81 82 86 88 90 91 100 103 105 111 112 117 119 125 128 129 130 132 133 136 138 141 145 146 155 156 157 161 163 168 169 172 177 179 180 184 185 189 190 194 196 199 201 202 203 206 211 217 219 220 226 227 228 236 238 239 240 246
a 5 8 10 12 13 16 18 19 27 30 34 38 43 44 45 61 62 63 68 74 76 78 81 82 86 88 90 91 100 103 105 112 117 119 125 128 129 130 132 133 136 138 141 145 146 155 156 157 161 163 168 169 172 177 179 180 184 185 189 190 194 196 199 201 202 203 206 211 217 219 220 226 227 228 236 238 239 240 246
a 5 8 10 12 13 16 18 19 27 30 34 38 43 44 45 61 62 63 74 76 78 81 82 86 88 90 91 100 103 105 112 117 119 125 128 129 130 132 133 136 138 141 145 146 155 156 157 161 163 168 169 172 177 179 180 184 185 189 190 194 196 199 201 202 203 206 211 212 217 219 220 226 227 228 236 238 239 240 246
a 5 8 10 12 13 16 18 19 27 30 34 38 43 44 45 61 62 63 74 76 78 81 82 84 86 88 90 91 100 103 105 112 117 119 125 128 129 130 133 136 138 141 145 146 155 156 157 161 163 168 169 172 177 179 180 184 185 189 190 194 196 199 201 202 203 206 211 212 217 219 220 226 227 228 236 238 239 240 246
a 5 8 10 12 13 16 18 19 27 30 34 38 43 44 45 55 61 62 63 74 76 78 81 82 84 86 88 90 91 100 103 105 112 117 119 125 128 129 130 133 136 138 141 145 146 155 156 157 161 163 168 169 172 177 179 180 184 185 189 190 194 199 201 202 203 206 211 212 217 219 220 226 227 228 236 238 239 240 246
a 5 8 10 12 13 16 18 19 27 30 34 38 43 44 45 55 61 62 63 74 76 78 81 82 84 86 88 90 91 100 103 105 112 117 119 125 128 129 130 133 136 138 141 145 146 155 156 157 161 163 168 169 172 179 180 184 185 189 190 193 194 199 201 202 203 206 211 212 217 219 220 226 227 228 236 238 239 240 246
a 5 8 10 12 13 16 18 19 27 30 34 38 43 44 45 55 61 62 63 74 76 78 81 82 84 86 88 90 91 100 103 105 112 117 119 125 128 129 130 133 136 138 141 144 145 146 155 156 157 161 163 168 169 172 179 180 184 185 189 190 193 194 199 202 203 206 211 212 217 219 220 226 227 228 236 238 239 240 246
a 5 8 10 12 13 16 18 19 27 30 34 38 43 44 45 55 61 63 74 76 78 81 82 84 86 88 90 91 100 103 105 112 117 119 125 128 129 130 133 136 138 141 144 145 146 155 156 157 161 163 166 168 169 172 179 180 184 185 189 190 193 194 199 202 203 206 211 212 217 219 220 226 227 228 236 238 239 240 246
a 5 8 10 12 13 16 18 19 27 30 34 38 43 44 45 55 63 74 76 78 81 82 84 86 88 90 91 100 103 105 112 117 119 125 128 129 130 133 136 138 141 144 145 146 147 155 156 157 161 163 166 168 169 172 179 180 184 185 189 190 193 194 199 202 203 206 211 212 217 219 220 226 227 228 236 238 239 240 246
a 5 8 10 12 13 16 18 19 27 30 34 35 38 43 44 45 55 63 74 76 78 81 84 86 88 90 91 100 103 105 112 117 119 125 128 129 130 133 136 138 141 144 145 146 147 155 156 157 161 163 166 168 169 172 179 180 184 185 189 190 193 194 199 202 203 206 211 212 217 219 220 226 227 228 236 238 239 240 246
a 5 8 10 12 13 16 18 19 27 30 34 35 38 43 44 45 55 63 74 76 78 81 84 86 88 90 91 99 100 103 105 112 117 119 125 129 130 133 136 138 141 144 145 146 147 155 156 157 161 163 166 168 169 172 179 180 184 185 189 190 193 194 199 202 203 206 211 212 217 219 220 226 227 228 236 238 239 240 246
a 5 8 10 12 13 16 18 19 20 27 30 34 35 38 43 44 45 55 63 74 76 78 81 84 86 88 90 91 99 100 103 105 112 117 119 125 129 130 133 136 138 141 144 145 146 147 155 157 161 163 166 168 169 172 179 180 184 185 189 190 193 194 199 202 203 206 211 212 217 219 220 226 227 228 236 238 239 240 246
a 5 8 10 13 16 18 19 20 23 27 30 34 35 38 43 44 45 55 63 74 76 78 81 84 86 88 90 91 99 100 103 105 112 117 119 125 129 130 133 136 138 141 144 145 146 147 155 157 161 163 166 168 169 172 179 180 184 185 189 190 193 194 199 202 203 206 211 212 217 219 220 226 227 228 236 238 239 240 246
a 3 5 8 10 13 16 18 19 20 23 27 30 34 35 38 43 44 45 55 63 74 76 78 81 84 86 88 90 91 99 100 103 105 112 117 119 125 129 130 133 138 141 144 145 146 147 155 157 161 163 166 168 169 172 179 180 184 185 189 190 193 194 199 202 203 206 211 212 217 219 220 226 227 228 236 238 239 240 246
a 3 5 8 10 13 16 18 19 20 23 27 30 34 35 38 43 44 45 50 55 63 74 76 78 81 84 86 88 90 91 99 100 103 105 112 117 119 125 129 130 133 138 141 144 145 146 147 155 157 161 163 166 168 169 172 179 180 184 185 189 190 193 194 202 203 206 211 212 217 219 220 226 227 228 236 238 239 240 246
a 3 5 8 10 13 16 18 19 20 23 27 30 34 35 38 43 45 50 55 63 74 76 78 81 84 86 88 90 91 99 100 103 105 112 117 119 125 129 130 133 138 141 144 145 146 147 155 157 161 163 164 166 168 169 172 179 180 184 185 189 190 193 194 202 203 206 211 212 217 219 220 226 227 228 236 238 239 240 246
a 3 5 8 10 13 16 18 19 20 23 27 30 34 35 38 43 45 50 55 63 74 76 78 81 84 86 88 90 91 99 103 105 112 117 119 125 129 130 133 138 141 144 145 146 147 155 157 161 163 164 166 168 169 172 178 179 180 184 185 189 190 193 194 202 203 206 211 212 217 219 220 226 227 228 236 238 239 240 246
a 3 5 8 10 13 16 18 19 20 23 27 30 34 35 38 43 45 50 55 63 74 76 78 81 84 86 88 90 91 99 103 105 112 117 119 125 129 130 133 138 141 144 145 146 147 155 157 161 163 164 166 168 169 170 172 178 179 180 184 185 189 190 193 194 202 203 206 211 212 219 220 226 227 228 236 238 239 240 246
a 3 5 8 10 13 16 18 19 20 23 27 30 34 35 38 43 45 49 50 55 63 74 76 78 81 84 86 88 90 91 99 103 105 112 117 119 125 129 130 133 141 144 145 146 147 155 157 161 163 164 166 168 169 170 172 178 179 180 184 185 189 190 193 194 202 203 206 211 212 219 220 226 227 228 236 238 239 240 246
a 3 5 8 10 13 16 18 19 20 23 27 30 34 35 38 43 45 49 50 55 63 74 76 78 81 84 86 88 90 91 99 103 105 112 117 119 125 129 130 133 141 144 145 146 147 155 157 161 163 164 166 168 170 172 178 179 180 181 184 185 189 190 193 194 202 203 206 211 212 219 220 226 227 228 236 238 239 240 246
a 3 5 8 10 13 16 18 19 20 23 27 30 34 35 38 42 43 45 49 50 55 63 74 76 78 81 84 86 88 90 91 99 103 105 112 117 119 125 129 130 133 141 144 145 146 147 155 157 161 163 164 166 168 170 172 178 179 180 181 184 185 189 190 193 194 202 203 206 212 219 220 226 227 228 236 238 239 240 246
a 3 4 5 8 10 13 16 18 19 20 23 27 30 34 35 38 42 43 45 49 50 55 63 74 76 78 81 84 86 88 90 91 99 103 105 112 117 119 125 129 130 133 141 144 145 146 147 155 157 161 163 164 166 168 170 172 178 179 180 181 184 189 190 193 194 202 203 206 212 219 220 226 227 228 236 238 239 240 246
a 3 4 5 8 10 13 16 18 19 20 23 27 30 34 35 38 42 43 45 49 50 55 63 74 76 78 81 84 86 88 90 91 99 103 105 112 117 119 125 129 130 141 144 145 146 147 155 157 161 163 164 166 168 170 172 178 179 180 181 184 189 190 193 194 202 203 206 212 219 220 226 227 228 235 236 238 239 240 246
a 3 4 5 8 10 13 16 18 19 20 23 27 30 34 35 38 42 43 45 49 50 55 63 74 76 78 81 84 86 88 90 91 99 103 105 112 117 119 125 129 130 141 144 145 146 147 155 157 161 163 164 166 168 170 172 178 179 180 181 184 189 190 193 194 202 203 206 207 212 219 220 227 228 235 236 238 239 240 246
a 3 4 5 8 10 13 16 18 19 20 23 27 29 30 34 35 38 42 43 45 49 50 55 63 74 76 78 81 84 86 88 90 91 99 103 105 112 117 119 125 129 130 141 144 145 146 147 155 161 163 164 166 168 170 172 178 179 180 181 184 189 190 193 194 202 203 206 207 212 219 220 227 228 235 236 238 239 240 246
a 3 4 5 8 10 13 16 18 19 20 23 27 29 30 34 35 38 42 43 45 49 50 55 63 74 78 81 84 86 88 90 91 99 103 105 112 117 119 125 129 130 141 144 145 146 147 155 161 163 164 166 168 170 172 178 179 180 181 184 189 190 193 194 202 203 206 207 208 212 219 220 227 228 235 236 238 239 240 246
a 3 4 5 8 10 13 16 18 19 20 23 27 29 30 34 35 38 42 43 45 49 50 55 63 74 78 81 84 86 88 90 91 94 99 103 105 112 117 119 125 129 130 141 144 145 146 147 155 161 163 164 166 168 170 172 178 179 180 181 184 189 190 193 194 202 203 207 208 212 219 220 227 228 235 236 238 239 240 246
a 3 4 5 8 10 13 16 18 19 20 23 27 29 30 34 35 38 42 43 45 49 50 55 63 74 78 81 83 84 86 88 90 91 94 99 103 105 112 117 119 125 129 130 141 144 145 146 147 155 161 163 164 166 168 170 172 178 179 180 181 184 189 190 193 194 202 203 207 208 212 219 220 228 235 236 238 239 240 246
a 3 4 5 8 10 13 16 18 19 20 23 27 29 30 34 35 38 42 43 45 49 50 55 63 74 78 81 83 84 86 88 90 91 94 99 103 105 112 117 125 129 130 141 144 145 146 147 155 161 163 164 166 168 170 172 178 179 180 181 184 189 190 191 193 194 202 203 207 208 212 219 220 228 235 236 238 239 240 246
a 3 4 5 8 10 13 16 18 19 20 23 27 29 30 34 35 38 42 43 45 49 50 55 63 74 78 81 83 84 86 88 90 91 94 99 103 105 112 117 125 129 130 141 144 145 146 147 155 161 163 164 166 168 170 172 175 178 179 180 181 184 189 190 191 193 194 202 203 207 208 212 219 220 235 236 238 239 240 246
a 3 4 5 8 10 13 16 18 19 20 23 27 29 30 34 35 38 42 43 45 49 50 55 63 74 78 83 84 86 88 90 91 94 99 103 105 112 117 125 126 129 130 141 144 145 146 147 155 161 163 164 166 168 170 172 175 178 179 180 181 184 189 190 191 193 194 202 203 207 208 212 219 220 235 236 238 239 240 246
a 3 4 5 8 10 13 16 18 19 20 23 27 29 30 34 35 38 42 43 45 49 50 55 60 63 74 78 83 84 86 88 90 91 94 99 103 105 112 125 126 129 130 141 144 145 146 147 155 161 163 164 166 168 170 172 175 178 179 180 181 184 189 190 191 193 194 202 203 207 208 212 219 220 235 236 238 239 240 246
a 3 4 5 8 10 13 16 18 19 20 23 27 29 30 34 35 38 42 43 45 48 49 50 55 60 63 74 78 83 84 86 88 90 91 94 99 103 105 112 126 129 130 141 144 145 146 147 155 161 163 164 166 168 170 172 175 178 179 180 181 184 189 190 191 193 194 202 203 207 208 212 219 220 235 236 238 239 240 246
a 3 4 5 8 10 13 16 18 19 20 23 27 29 30 34 35 38 42 43 45 48 49 50 55 60 63 74 78 83 84 86 88 90 91 94 99 103 105 112 126 129 130 141 144 145 146 147 155 161 163 164 166 168 170 172 175 178 179 180 181 184 189 190 191 193 194 202 203 207 208 209 212 219 220 235 236 239 240 246
a 3 4 5 8 10 13 16 18 19 20 23 27 29 30 34 35 38 42 43 45 48 49 50 55 60 63 74 78 83 84 86 88 90 91 94 99 103 104 105 112 126 129 130 141 144 145 146 147 155 161 163 164 166 168 170 172 175 178 179 180 181 184 189 190 191 193 194 202 207 208 209 212 219 220 235 236 239 240 246
a 3 4 5 8 10 13 16 18 19 20 23 27 29 30 34 35 38 42 43 45 48 49 50 55 60 63 74 78 83 84 88 90 91 94 99 103 104 105 109 112 126 129 130 141 144 145 146 147 155 161 163 164 166 168 170 172 175 178 179 180 181 184 189 190 191 193 194 202 207 208 209 212 219 220 235 236 239 240 246
	Command being timed: "/Users/soh/app/scala-2.12.4/bin/scala -J-Xms32g -J-Xmx32g -cp /Users/soh/app/IsrForCompetition230719-15h37m/scop.jar:/Users/soh/app/IsrForCompetition230719-15h37m/isr4competition_2.12-1.3.5.jar fun.scop.app.isr.IsrSolverTj05 benchmark/ISR-benchmark/random_instance/random_instance019_graph001.col benchmark/ISR-benchmark/random_instance/random_instance019_graph001.dat cadical /Users/soh/app/IsrForCompetition230719-15h37m/cadical"
	User time (seconds): 7.11
	System time (seconds): 1.39
	Percent of CPU this job got: 115%
	Elapsed (wall clock) time (h:mm:ss or m:ss): 0:07.40
	Average shared text size (kbytes): 0
	Average unshared data size (kbytes): 0
	Average stack size (kbytes): 0
	Average total size (kbytes): 0
	Maximum resident set size (kbytes): 24910184448
	Average resident set size (kbytes): 0
	Major (requiring I/O) page faults: 0
	Minor (reclaiming a frame) page faults: 1529152
	Voluntary context switches: 39
	Involuntary context switches: 3649
	Swaps: 0
	File system inputs: 0
	File system outputs: 0
	Socket messages sent: 45
	Socket messages received: 0
	Signals delivered: 8
	Page size (bytes): 4096
	Exit status: 0
FINISHED CPU 8.5 MEM 0 MAXMEM 0 STALE 1
#RESULT: UNK
#FIN: FIN
#CPU: 8.5
#MAXMEM: 0
c 
#END: [Wed Jul 19 16:21:50 2023]
