#BEGIN: [Tue Aug  1 15:52:40 2023]
#HOST: mini25.local
#TIMELIMIT: 7200
#MEMLIMIT: 0
#FREQ: 10
#SOLVER: ddreconf230801-10h10m
#ARG1: benchmark/ISR-benchmark/random_instance/random_instance010_graph002.col
#ARG2: benchmark/ISR-benchmark/random_instance/random_instance010_graph002.dat
#COMMAND: /Users/soh/app/ddreconf230801-10h10m/ddreconf benchmark/ISR-benchmark/random_instance/random_instance010_graph002.col --indset --stwidth --stfile=benchmark/ISR-benchmark/random_instance/random_instance010_graph002.dat
Input graph file parsed. # of vertices = 130, # of edges = 390
s 2 5 6 7 12 14 21 22 24 26 27 29 37 38 39 44 50 76 58 61 64 103 81 70 73 74 83 85 127 87 88 110 93 107 116 118 106 125 120
t 2 7 9 14 16 19 22 23 26 38 39 46 48 49 53 55 57 115 103 68 81 72 83 85 127 88 90 121 107 98 99 104 116 118 105 130 108 122 129
Solution space ZDD construction start
Command terminated by signal 9
	Command being timed: "/Users/soh/app/ddreconf230801-10h10m/ddreconf benchmark/ISR-benchmark/random_instance/random_instance010_graph002.col --indset --stwidth --stfile=benchmark/ISR-benchmark/random_instance/random_instance010_graph002.dat"
	User time (seconds): 1876.24
	System time (seconds): 1615.48
	Percent of CPU this job got: 65%
	Elapsed (wall clock) time (h:mm:ss or m:ss): 1:29:03
	Average shared text size (kbytes): 0
	Average unshared data size (kbytes): 0
	Average stack size (kbytes): 0
	Average total size (kbytes): 0
	Maximum resident set size (kbytes): 256189579264
	Average resident set size (kbytes): 0
	Major (requiring I/O) page faults: 0
	Minor (reclaiming a frame) page faults: 248549818
	Voluntary context switches: 3322730
	Involuntary context switches: 2697883
	Swaps: 0
	File system inputs: 0
	File system outputs: 0
	Socket messages sent: 37
	Socket messages received: 0
	Signals delivered: 0
	Page size (bytes): 4096
	Exit status: 0
FINISHED CPU 3491.72 MEM 0 MAXMEM 0 STALE 1
#RESULT: UNK
#FIN: FIN
#CPU: 3491.72
#MAXMEM: 0
c 
#END: [Tue Aug  1 17:21:44 2023]
