#BEGIN: [Wed Jul 19 16:21:31 2023]
#HOST: mini28.local
#TIMELIMIT: 7200
#MEMLIMIT: 0
#FREQ: 10
#SOLVER: sat-based-isr-tj05-230719-15h37m
#ARG1: benchmark/ISR-benchmark/random_instance/random_instance018_graph001.col
#ARG2: benchmark/ISR-benchmark/random_instance/random_instance018_graph001.dat
#COMMAND: /Users/soh/app/scala-2.12.4/bin/scala -J-Xms32g -J-Xmx32g -cp /Users/soh/app/IsrForCompetition230719-15h37m/scop.jar:/Users/soh/app/IsrForCompetition230719-15h37m/isr4competition_2.12-1.3.5.jar fun.scop.app.isr.IsrSolverTj05 benchmark/ISR-benchmark/random_instance/random_instance018_graph001.col benchmark/ISR-benchmark/random_instance/random_instance018_graph001.dat cadical /Users/soh/app/IsrForCompetition230719-15h37m/cadical
#Nodes: 233
#Edges: 702
WARNING. There is missing goal nodes: {34}
c (0) step 1 UNSAT 1475 4890
c (0) step 2 UNSAT 2870 9229
c (0) step 3 UNSAT 4496 14104
c (0) step 4 UNSAT 6430 19668
c (0) step 5 UNSAT 8749 26074
c (0) step 6 UNSAT 11530 33475
c (0) step 7 UNSAT 14850 42024
c (0) step 8 UNSAT 18786 51874
c (0) step 9 UNSAT 23415 63178
c (0) step 10 UNSAT 28814 76089
c (0) step 11 UNSAT 35060 90760
c (0) step 12 UNSAT 42230 107344
c (0) step 13 UNSAT 50401 125994
c (0) step 14 UNSAT 59650 146863
c (0) step 15 UNSAT 70054 170104
c (0) step 16 UNSAT 81690 195870
c (0) step 17 UNSAT 94635 224314
c (0) step 18 UNSAT 108966 255589
c (0) step 19 UNSAT 124760 289848
c (0) step 20 UNSAT 142094 327244
c (0) step 21 UNSAT 161045 367930
c (0) step 22 UNSAT 181690 412059
c (0) step 23 UNSAT 204106 459784
c (0) step 24 UNSAT 228370 511258
c (0) step 25 UNSAT 254559 566634
c (0) step 26 UNSAT 282750 626065
c (1) step 27 UNSAT 313020 689704
c (1) step 28 UNSAT 345446 757704
c (1) step 29 UNSAT 380105 830218
c (1) step 30 UNSAT 417074 907399
c (1) step 31 UNSAT 456430 989400
c (1) step 32 UNSAT 498250 1076374
c (1) step 33 UNSAT 542611 1168474
c (1) step 34 UNSAT 589590 1265853
c (1) step 35 UNSAT 639264 1368664
c (2) step 36 UNSAT 691710 1477060
c (2) step 37 UNSAT 747005 1591194
c (2) step 38 UNSAT 805226 1711219
c (2) step 39 UNSAT 866450 1837288
c (2) step 40 UNSAT 930754 1969554
c (3) step 41 SAT 998215 2108170
a YES
a 2 6 9 20 21 24 28 29 30 42 43 44 46 51 54 55 62 73 75 76 82 83 97 99 100 101 102 106 107 108 109 110 117 119 122 126 130 135 136 138 144 145 148 149 150 151 152 157 158 159 162 163 166 168 169 170 171 172 174 177 179 182 197 206 207 208 214 216 220 224 225 226 227 228 229 231 232 233
a 2 6 9 20 21 24 28 29 30 42 43 44 51 54 55 62 73 75 76 82 83 97 99 100 101 102 106 107 108 109 110 117 119 122 126 130 135 136 138 144 145 148 149 150 151 152 157 158 159 162 163 166 168 169 170 171 172 174 177 179 181 182 197 206 207 208 214 216 220 224 225 226 227 228 229 231 232 233
a 2 9 20 21 24 28 29 30 42 43 44 51 54 55 62 65 73 75 76 82 83 97 99 100 101 102 106 107 108 109 110 117 119 122 126 130 135 136 138 144 145 148 149 150 151 152 157 158 159 162 163 166 168 169 170 171 172 174 177 179 181 182 197 206 207 208 214 216 220 224 225 226 227 228 229 231 232 233
a 2 9 20 21 24 28 29 30 42 43 44 51 54 55 62 65 73 75 76 83 97 99 100 101 102 106 107 108 109 110 114 117 119 122 126 130 135 136 138 144 145 148 149 150 151 152 157 158 159 162 163 166 168 169 170 171 172 174 177 179 181 182 197 206 207 208 214 216 220 224 225 226 227 228 229 231 232 233
a 2 9 20 21 24 28 29 30 42 43 44 51 54 55 62 65 73 75 83 97 99 100 101 102 106 107 108 109 110 114 117 119 122 126 130 135 136 138 144 145 148 149 150 151 152 157 158 159 162 163 166 168 169 170 171 172 174 177 178 179 181 182 197 206 207 208 214 216 220 224 225 226 227 228 229 231 232 233
a 2 9 20 21 24 28 29 30 42 43 44 51 54 55 62 65 69 73 75 83 97 99 100 101 102 106 107 108 109 110 114 117 119 122 126 130 136 138 144 145 148 149 150 151 152 157 158 159 162 163 166 168 169 170 171 172 174 177 178 179 181 182 197 206 207 208 214 216 220 224 225 226 227 228 229 231 232 233
a 2 9 20 21 24 28 29 30 36 42 43 44 51 54 55 62 65 69 73 75 83 97 99 100 101 102 106 107 108 109 110 114 117 119 122 126 130 136 138 144 145 148 149 150 151 152 157 158 159 162 163 166 168 169 171 172 174 177 178 179 181 182 197 206 207 208 214 216 220 224 225 226 227 228 229 231 232 233
a 1 2 9 20 21 24 28 29 30 36 42 43 44 51 54 55 62 65 69 73 75 83 97 99 100 101 102 106 107 108 109 110 114 117 119 122 126 130 136 138 144 145 148 149 150 151 152 157 158 159 162 163 166 168 169 171 172 174 177 178 179 181 182 197 206 207 208 214 216 224 225 226 227 228 229 231 232 233
a 1 2 9 20 21 24 28 29 36 42 43 44 51 54 55 62 65 69 73 75 83 95 97 99 100 101 102 106 107 108 109 110 114 117 119 122 126 130 136 138 144 145 148 149 150 151 152 157 158 159 162 163 166 168 169 171 172 174 177 178 179 181 182 197 206 207 208 214 216 224 225 226 227 228 229 231 232 233
a 1 2 9 20 21 24 28 29 36 42 43 44 51 54 55 62 65 69 73 75 83 95 97 100 101 102 103 106 107 108 109 110 114 117 119 122 126 130 136 138 144 145 148 149 150 151 152 157 158 159 162 163 166 168 169 171 172 174 177 178 179 181 182 197 206 207 208 214 216 224 225 226 227 228 229 231 232 233
a 1 2 9 20 21 24 29 36 42 43 44 51 54 55 62 65 69 73 75 83 95 97 100 101 102 103 106 107 108 109 110 114 117 119 122 126 130 136 138 144 145 148 149 150 151 152 157 158 159 162 163 166 168 169 171 172 174 177 178 179 181 182 196 197 206 207 208 214 216 224 225 226 227 228 229 231 232 233
a 1 2 9 20 21 24 29 36 42 43 44 51 54 55 62 65 69 73 75 83 95 97 100 101 102 103 106 107 108 109 110 114 115 117 119 122 126 130 136 138 144 145 148 149 150 151 152 157 158 159 162 163 166 168 169 171 172 174 177 178 179 181 182 196 197 206 207 208 214 216 224 225 226 227 229 231 232 233
a 1 2 9 20 21 24 29 36 42 43 44 51 54 55 62 65 69 73 75 83 95 97 100 101 102 103 106 107 108 109 110 114 115 117 119 126 130 136 138 144 145 148 149 150 151 152 157 158 159 162 163 166 168 169 171 172 174 177 178 179 181 182 195 196 197 206 207 208 214 216 224 225 226 227 229 231 232 233
a 1 2 9 20 21 24 29 36 42 43 44 50 51 54 55 62 65 69 73 75 83 95 97 100 101 102 103 106 107 108 109 110 114 115 117 119 126 130 136 144 145 148 149 150 151 152 157 158 159 162 163 166 168 169 171 172 174 177 178 179 181 182 195 196 197 206 207 208 214 216 224 225 226 227 229 231 232 233
a 1 2 9 20 21 24 29 36 42 43 44 50 51 54 55 62 65 69 73 75 83 95 97 100 101 102 103 106 107 108 109 110 114 115 117 119 126 130 136 144 145 148 149 151 152 157 158 159 162 163 166 168 169 171 172 174 177 178 179 181 182 195 196 197 204 206 207 208 214 216 224 225 226 227 229 231 232 233
a 1 2 9 20 21 24 29 36 42 43 44 50 54 55 62 65 69 73 75 83 91 95 97 100 101 102 103 106 107 108 109 110 114 115 117 119 126 130 136 144 145 148 149 151 152 157 158 159 162 163 166 168 169 171 172 174 177 178 179 181 182 195 196 197 204 206 207 208 214 216 224 225 226 227 229 231 232 233
a 1 2 9 20 21 24 29 36 42 43 44 50 54 55 62 65 69 73 75 83 91 95 97 100 101 102 103 106 107 108 109 110 114 115 117 119 126 130 136 144 145 148 149 151 152 157 158 162 163 166 168 169 171 172 174 177 178 179 181 182 195 196 197 204 206 207 208 210 214 216 224 225 226 227 229 231 232 233
a 1 2 9 20 21 24 29 36 42 43 44 50 54 55 65 69 73 75 83 91 95 97 100 101 102 103 106 107 108 109 110 114 115 117 119 120 126 130 136 144 145 148 149 151 152 157 158 162 163 166 168 169 171 172 174 177 178 179 181 182 195 196 197 204 206 207 208 210 214 216 224 225 226 227 229 231 232 233
a 1 2 9 20 21 24 29 36 42 44 50 54 55 65 69 73 75 83 91 95 97 100 101 102 103 106 107 108 109 110 114 115 117 119 120 126 130 136 144 145 148 149 151 152 157 158 162 163 166 168 169 171 172 174 177 178 179 181 182 185 195 196 197 204 206 207 208 210 214 216 224 225 226 227 229 231 232 233
a 1 2 9 20 21 24 29 36 42 44 50 54 55 65 69 73 75 83 91 95 97 100 101 102 103 106 107 108 109 110 114 115 117 119 120 126 130 136 144 146 148 149 151 152 157 158 162 163 166 168 169 171 172 174 177 178 179 181 182 185 195 196 197 204 206 207 208 210 214 216 224 225 226 227 229 231 232 233
a 1 2 9 20 21 22 24 29 36 42 44 50 54 55 65 69 73 75 83 91 95 97 100 101 102 103 106 107 108 109 110 114 115 117 119 120 126 130 136 144 146 148 149 151 152 157 158 162 163 166 168 169 172 174 177 178 179 181 182 185 195 196 197 204 206 207 208 210 214 216 224 225 226 227 229 231 232 233
a 1 2 9 20 21 22 24 29 36 42 44 50 54 55 65 69 73 75 83 91 95 97 100 101 102 103 106 107 108 109 110 114 115 117 119 120 126 130 136 144 146 148 149 151 152 157 158 162 163 164 166 168 169 172 177 178 179 181 182 185 195 196 197 204 206 207 208 210 214 216 224 225 226 227 229 231 232 233
a 1 2 9 21 22 24 29 36 42 44 50 54 55 65 69 73 75 83 91 95 97 100 101 102 103 106 107 108 109 110 114 115 117 119 120 126 130 136 144 146 148 149 151 152 157 158 162 163 164 165 166 168 169 172 177 178 179 181 182 185 195 196 197 204 206 207 208 210 214 216 224 225 226 227 229 231 232 233
a 1 2 9 21 22 24 29 36 42 44 50 54 55 65 69 73 75 78 83 91 95 97 100 101 102 103 106 107 108 109 110 114 115 117 119 120 126 130 136 144 146 148 149 151 152 157 158 162 163 164 165 166 168 169 172 178 179 181 182 185 195 196 197 204 206 207 208 210 214 216 224 225 226 227 229 231 232 233
a 1 2 9 21 22 24 29 36 42 44 50 54 55 64 65 69 73 75 78 83 91 95 97 100 101 102 103 106 107 108 109 110 114 115 117 119 120 126 130 136 144 146 148 149 151 152 157 158 162 163 164 165 166 168 169 172 178 179 181 182 185 195 196 197 204 206 207 208 210 214 216 224 225 226 227 229 231 233
a 1 2 9 15 21 22 24 29 36 42 44 50 54 55 64 65 69 73 75 78 83 91 95 97 100 101 102 103 106 107 108 109 110 114 115 117 119 120 126 130 136 144 146 148 149 151 152 157 158 162 163 164 165 166 168 169 172 178 179 181 182 185 195 196 197 204 207 208 210 214 216 224 225 226 227 229 231 233
a 1 2 9 15 21 22 24 29 36 42 44 50 54 55 64 65 69 73 75 78 83 91 95 97 100 101 102 103 106 107 108 109 110 114 115 117 119 120 126 130 136 144 146 149 151 152 157 158 160 162 163 164 165 166 168 169 172 178 179 181 182 185 195 196 197 204 207 208 210 214 216 224 225 226 227 229 231 233
a 1 2 9 15 21 22 24 29 36 42 44 50 54 55 64 65 69 73 75 78 83 91 95 97 100 101 102 103 106 107 108 109 110 114 115 117 119 120 126 130 136 144 146 149 151 152 157 158 160 163 164 165 166 168 169 172 178 179 181 182 185 192 195 196 197 204 207 208 210 214 216 224 225 226 227 229 231 233
a 1 2 9 15 21 22 24 29 36 42 44 45 50 54 55 64 65 69 73 75 78 83 91 95 97 100 101 102 103 106 107 108 109 110 114 115 117 119 120 126 130 136 144 146 149 151 152 157 158 160 163 164 165 166 168 169 172 178 179 181 182 185 192 195 196 197 204 207 208 210 214 216 224 226 227 229 231 233
a 1 2 9 15 21 22 24 29 36 38 42 44 45 50 54 55 64 65 69 73 75 78 83 91 95 97 100 101 102 103 106 107 108 109 110 114 115 117 119 120 126 130 136 144 146 149 151 152 157 158 160 163 164 165 166 168 169 172 178 179 181 182 185 192 195 196 197 204 207 208 210 214 216 224 227 229 231 233
a 1 2 9 15 21 22 24 29 36 38 42 44 45 50 54 55 64 65 69 73 75 78 83 91 95 96 97 100 101 102 103 106 107 108 109 110 114 115 117 119 120 126 130 136 144 146 149 151 152 157 158 160 163 164 165 166 168 169 172 178 179 181 182 185 192 195 196 197 204 207 208 210 214 224 227 229 231 233
a 1 2 9 15 21 22 24 29 36 38 42 44 45 50 54 55 64 65 69 73 75 78 83 91 93 95 96 97 100 101 102 103 106 107 108 109 110 114 115 117 119 120 126 130 136 144 146 149 151 152 157 158 160 163 164 165 166 168 169 172 178 179 181 182 185 192 195 196 197 204 207 208 210 214 224 229 231 233
a 1 2 9 15 21 22 24 29 36 38 42 44 45 50 54 55 64 65 69 73 75 78 83 91 93 95 96 97 100 101 102 103 106 107 108 109 110 114 115 117 119 120 126 130 136 144 146 149 151 152 157 158 160 163 164 165 166 169 172 178 179 181 182 185 192 195 196 197 204 207 208 210 214 224 229 230 231 233
a 1 2 9 15 16 21 22 24 29 36 38 42 44 45 50 54 55 64 65 69 73 75 78 83 91 93 95 96 97 100 101 102 103 106 107 108 109 110 114 115 117 119 120 126 130 136 144 146 149 151 157 158 160 163 164 165 166 169 172 178 179 181 182 185 192 195 196 197 204 207 208 210 214 224 229 230 231 233
a 1 2 9 15 16 21 22 24 29 36 38 42 45 49 50 54 55 64 65 69 73 75 78 83 91 93 95 96 97 100 101 102 103 106 107 108 109 110 114 115 117 119 120 126 130 136 144 146 149 151 157 158 160 163 164 165 166 169 172 178 179 181 182 185 192 195 196 197 204 207 208 210 214 224 229 230 231 233
a 1 2 9 15 16 21 22 24 29 36 38 42 45 49 50 54 55 64 65 69 73 75 78 91 93 95 96 97 100 101 102 103 106 107 108 109 110 114 115 117 119 120 126 130 136 144 146 149 151 157 158 160 163 164 165 166 169 172 178 179 181 182 183 185 192 195 196 197 204 207 208 210 214 224 229 230 231 233
a 1 2 9 15 16 17 21 22 24 29 36 38 42 45 49 50 54 55 64 65 69 73 75 78 91 93 95 96 97 100 101 102 103 106 107 108 109 110 114 115 117 119 120 126 130 136 144 146 149 151 157 158 160 163 164 165 166 169 172 178 179 181 182 183 185 192 195 196 197 204 207 208 210 214 224 229 230 233
a 1 2 9 15 16 17 21 22 24 29 36 38 42 45 49 50 54 55 64 65 69 73 75 78 91 93 95 96 97 100 101 102 103 106 107 109 110 114 115 117 119 120 126 130 136 144 146 149 151 157 158 160 163 164 165 166 169 172 178 179 181 182 183 185 192 195 196 197 204 207 208 210 212 214 224 229 230 233
a 1 2 9 15 16 17 21 22 24 29 36 38 42 45 49 50 54 55 64 65 69 72 73 75 78 91 93 95 96 97 100 101 102 103 106 107 109 110 114 115 117 119 120 126 130 144 146 149 151 157 158 160 163 164 165 166 169 172 178 179 181 182 183 185 192 195 196 197 204 207 208 210 212 214 224 229 230 233
a 1 2 9 15 16 17 21 22 24 29 36 38 42 45 48 49 50 54 55 64 65 69 72 73 75 78 91 93 95 96 97 100 102 103 106 107 109 110 114 115 117 119 120 126 130 144 146 149 151 157 158 160 163 164 165 166 169 172 178 179 181 182 183 185 192 195 196 197 204 207 208 210 212 214 224 229 230 233
a 1 2 9 15 16 17 21 22 24 29 36 38 42 45 48 49 50 54 55 64 65 69 72 73 75 78 87 91 93 95 96 97 100 102 103 106 107 109 110 114 115 117 119 120 130 144 146 149 151 157 158 160 163 164 165 166 169 172 178 179 181 182 183 185 192 195 196 197 204 207 208 210 212 214 224 229 230 233
a 1 2 9 15 16 17 21 22 24 27 29 36 38 42 45 48 49 50 54 55 64 65 69 72 73 75 78 87 91 93 95 96 97 100 102 103 106 107 109 110 114 115 117 119 120 130 144 146 149 151 157 158 160 163 164 165 166 169 172 178 179 181 182 183 185 192 195 196 197 204 207 208 210 212 214 229 230 233
	Command being timed: "/Users/soh/app/scala-2.12.4/bin/scala -J-Xms32g -J-Xmx32g -cp /Users/soh/app/IsrForCompetition230719-15h37m/scop.jar:/Users/soh/app/IsrForCompetition230719-15h37m/isr4competition_2.12-1.3.5.jar fun.scop.app.isr.IsrSolverTj05 benchmark/ISR-benchmark/random_instance/random_instance018_graph001.col benchmark/ISR-benchmark/random_instance/random_instance018_graph001.dat cadical /Users/soh/app/IsrForCompetition230719-15h37m/cadical"
	User time (seconds): 4.96
	System time (seconds): 0.86
	Percent of CPU this job got: 122%
	Elapsed (wall clock) time (h:mm:ss or m:ss): 0:04.75
	Average shared text size (kbytes): 0
	Average unshared data size (kbytes): 0
	Average stack size (kbytes): 0
	Average total size (kbytes): 0
	Maximum resident set size (kbytes): 15364882432
	Average resident set size (kbytes): 0
	Major (requiring I/O) page faults: 0
	Minor (reclaiming a frame) page faults: 949336
	Voluntary context switches: 36
	Involuntary context switches: 3572
	Swaps: 0
	File system inputs: 0
	File system outputs: 0
	Socket messages sent: 42
	Socket messages received: 0
	Signals delivered: 6
	Page size (bytes): 4096
	Exit status: 0
FINISHED CPU 5.82 MEM 0 MAXMEM 0 STALE 1
#RESULT: UNK
#FIN: FIN
#CPU: 5.82
#MAXMEM: 0
c 
#END: [Wed Jul 19 16:21:36 2023]
