#BEGIN: [Wed Jul 19 16:21:37 2023]
#HOST: mini23.local
#TIMELIMIT: 7200
#MEMLIMIT: 0
#FREQ: 10
#SOLVER: sat-based-isr-tj05-230719-15h37m
#ARG1: benchmark/ISR-benchmark/random_instance/random_instance018_graph004.col
#ARG2: benchmark/ISR-benchmark/random_instance/random_instance018_graph004.dat
#COMMAND: /Users/soh/app/scala-2.12.4/bin/scala -J-Xms32g -J-Xmx32g -cp /Users/soh/app/IsrForCompetition230719-15h37m/scop.jar:/Users/soh/app/IsrForCompetition230719-15h37m/isr4competition_2.12-1.3.5.jar fun.scop.app.isr.IsrSolverTj05 benchmark/ISR-benchmark/random_instance/random_instance018_graph004.col benchmark/ISR-benchmark/random_instance/random_instance018_graph004.dat cadical /Users/soh/app/IsrForCompetition230719-15h37m/cadical
#Nodes: 233
#Edges: 702
WARNING. There is missing goal nodes: {15}
c (0) step 1 UNSAT 1472 4881
c (0) step 2 UNSAT 2858 9196
c (0) step 3 UNSAT 4466 14026
c (0) step 4 UNSAT 6370 19518
c (0) step 5 UNSAT 8644 25819
c (0) step 6 UNSAT 11362 33076
c (0) step 7 UNSAT 14598 41436
c (0) step 8 UNSAT 18426 51046
c (0) step 9 UNSAT 22920 62053
c (0) step 10 UNSAT 28154 74604
c (0) step 11 UNSAT 34202 88846
c (0) step 12 UNSAT 41138 104926
c (0) step 13 UNSAT 49036 122991
c (0) step 14 UNSAT 57970 143188
c (0) step 15 UNSAT 68014 165664
c (0) step 16 UNSAT 79242 190566
c (0) step 17 UNSAT 91728 218041
c (0) step 18 UNSAT 105546 248236
c (0) step 19 UNSAT 120770 281298
c (0) step 20 UNSAT 137474 317374
c (0) step 21 UNSAT 155732 356611
c (0) step 22 UNSAT 175618 399156
c (0) step 23 UNSAT 197206 445156
c (0) step 24 UNSAT 220570 494758
c (0) step 25 UNSAT 245784 548109
c (0) step 26 UNSAT 272922 605356
c (0) step 27 UNSAT 302058 666646
c (1) step 28 UNSAT 333266 732126
c (1) step 29 UNSAT 366620 801943
c (1) step 30 UNSAT 402194 876244
c (1) step 31 UNSAT 440062 955176
c (1) step 32 UNSAT 480298 1038886
c (1) step 33 UNSAT 522976 1127521
c (1) step 34 UNSAT 568170 1221228
c (1) step 35 UNSAT 615954 1320154
c (1) step 36 UNSAT 666402 1424446
c (2) step 37 UNSAT 719588 1534251
c (2) step 38 UNSAT 775586 1649716
c (2) step 39 UNSAT 834470 1770988
c (2) step 40 UNSAT 896314 1898214
c (2) step 41 UNSAT 961192 2031541
c (2) step 42 UNSAT 1029178 2171116
c (3) step 43 UNSAT 1100346 2317086
c (3) step 44 UNSAT 1174770 2469598
c (3) step 45 UNSAT 1252524 2628799
c (3) step 46 UNSAT 1333682 2794836
c (3) step 47 UNSAT 1418318 2967856
c (4) step 48 UNSAT 1506506 3148006
c (4) step 49 UNSAT 1598320 3335433
c (4) step 50 UNSAT 1693834 3530284
c (7) step 51 SAT 1793122 3732706
a YES
a 1 2 6 9 10 13 16 17 19 20 23 27 29 30 31 34 35 38 43 49 53 57 58 62 64 68 82 83 84 90 91 93 95 96 97 99 101 104 108 112 116 119 120 122 126 131 137 140 142 156 157 162 164 167 168 172 173 175 176 177 179 180 189 190 199 200 203 204 207 211 218 224 225 229 230
a 1 6 9 10 13 16 17 19 20 23 27 29 30 31 34 35 38 43 49 53 57 58 62 64 68 82 83 84 90 91 93 94 95 96 97 99 101 104 108 112 116 119 120 122 126 131 137 140 142 156 157 162 164 167 168 172 173 175 176 177 179 180 189 190 199 200 203 204 207 211 218 224 225 229 230
a 1 4 6 9 10 13 16 17 19 20 23 27 29 30 31 34 35 38 43 49 53 57 58 62 64 68 82 83 84 90 91 93 94 95 96 97 99 104 108 112 116 119 120 122 126 131 137 140 142 156 157 162 164 167 168 172 173 175 176 177 179 180 189 190 199 200 203 204 207 211 218 224 225 229 230
a 1 4 6 9 10 13 16 17 19 20 23 27 29 30 31 34 35 43 49 53 57 58 62 64 68 82 83 84 90 91 93 94 95 96 97 99 103 104 108 112 116 119 120 122 126 131 137 140 142 156 157 162 164 167 168 172 173 175 176 177 179 180 189 190 199 200 203 204 207 211 218 224 225 229 230
a 1 4 6 9 10 13 16 17 19 20 23 27 29 31 34 35 43 49 53 57 58 62 64 68 82 83 84 90 91 93 94 95 96 97 99 103 104 108 112 116 119 120 122 126 131 137 140 142 146 156 157 162 164 167 168 172 173 175 176 177 179 180 189 190 199 200 203 204 207 211 218 224 225 229 230
a 1 4 6 9 10 13 16 17 19 20 23 27 29 31 34 35 43 49 53 57 58 62 64 68 82 83 84 90 91 93 94 95 96 97 99 103 108 109 112 116 119 120 122 126 131 137 140 142 146 156 157 162 164 167 168 172 173 175 176 177 179 180 189 190 199 200 203 204 207 211 218 224 225 229 230
a 1 4 6 9 10 13 16 17 19 20 23 27 29 31 34 35 43 49 53 57 58 62 64 68 82 83 84 90 91 93 94 95 96 97 99 103 108 109 112 115 116 119 120 122 126 131 137 140 142 146 156 157 162 164 167 168 172 173 175 176 177 179 180 189 190 199 200 203 204 211 218 224 225 229 230
a 1 4 6 9 10 13 16 17 19 20 23 27 29 31 34 35 43 49 53 57 58 61 62 64 68 82 83 84 90 91 93 94 95 96 97 99 103 108 109 112 115 116 119 120 122 131 137 140 142 146 156 157 162 164 167 168 172 173 175 176 177 179 180 189 190 199 200 203 204 211 218 224 225 229 230
a 1 4 6 9 10 13 16 17 19 20 23 27 29 31 34 35 43 49 53 57 58 61 62 64 68 82 83 84 90 91 93 94 95 96 97 99 103 109 112 115 116 119 120 122 131 137 140 142 146 156 157 162 164 167 168 172 173 175 176 177 179 180 181 189 190 199 200 203 204 211 218 224 225 229 230
a 1 4 6 9 10 13 16 17 19 20 23 27 29 31 34 35 43 49 53 57 58 61 62 64 68 82 83 84 90 91 93 94 95 96 97 99 103 109 112 115 116 119 120 122 131 137 140 142 146 156 162 164 167 168 172 173 175 176 177 179 180 181 189 190 193 199 200 203 204 211 218 224 225 229 230
a 1 4 6 9 10 13 16 17 19 20 23 27 29 31 34 35 43 49 53 57 58 61 64 68 80 82 83 84 90 91 93 94 95 96 97 99 103 109 112 115 116 119 120 122 131 137 140 142 146 156 162 164 167 168 172 173 175 176 177 179 180 181 189 190 193 199 200 203 204 211 218 224 225 229 230
a 1 4 6 9 10 13 16 17 19 20 23 27 29 31 34 35 43 49 57 58 61 64 68 80 82 83 84 90 91 93 94 95 96 97 99 103 109 112 115 116 119 120 122 131 137 140 142 146 149 156 162 164 167 168 172 173 175 176 177 179 180 181 189 190 193 199 200 203 204 211 218 224 225 229 230
a 1 4 6 9 10 13 16 17 19 20 23 27 29 31 34 35 43 45 49 57 61 64 68 80 82 83 84 90 91 93 94 95 96 97 99 103 109 112 115 116 119 120 122 131 137 140 142 146 149 156 162 164 167 168 172 173 175 176 177 179 180 181 189 190 193 199 200 203 204 211 218 224 225 229 230
a 1 4 6 9 10 13 16 17 19 20 23 27 29 31 34 35 45 49 57 61 64 68 80 82 83 84 90 91 93 94 95 96 97 99 100 103 109 112 115 116 119 120 122 131 137 140 142 146 149 156 162 164 167 168 172 173 175 176 177 179 180 181 189 190 193 199 200 203 204 211 218 224 225 229 230
a 1 4 6 9 10 11 13 16 17 19 20 23 27 29 31 34 35 45 49 57 61 64 68 80 82 83 84 90 91 94 95 96 97 99 100 103 109 112 115 116 119 120 122 131 137 140 142 146 149 156 162 164 167 168 172 173 175 176 177 179 180 181 189 190 193 199 200 203 204 211 218 224 225 229 230
a 1 4 6 9 10 11 13 16 17 19 20 23 27 29 31 34 45 49 57 61 64 68 80 82 83 84 90 91 94 95 96 97 99 100 103 109 112 115 116 119 120 122 131 137 140 142 146 149 156 162 164 167 168 170 172 173 175 176 177 179 180 181 189 190 193 199 200 203 204 211 218 224 225 229 230
a 1 4 6 9 10 11 13 16 17 19 20 23 27 29 31 45 49 57 61 64 68 80 82 83 84 88 90 91 94 95 96 97 99 100 103 109 112 115 116 119 120 122 131 137 140 142 146 149 156 162 164 167 168 170 172 173 175 176 177 179 180 181 189 190 193 199 200 203 204 211 218 224 225 229 230
a 1 4 6 9 10 11 13 16 17 19 20 23 27 29 31 33 45 49 57 61 64 68 80 82 83 88 90 91 94 95 96 97 99 100 103 109 112 115 116 119 120 122 131 137 140 142 146 149 156 162 164 167 168 170 172 173 175 176 177 179 180 181 189 190 193 199 200 203 204 211 218 224 225 229 230
a 1 4 6 9 10 11 13 16 17 19 20 23 27 29 31 33 36 45 49 57 61 64 68 80 82 83 88 90 91 94 95 96 97 99 100 103 109 112 115 116 119 120 122 131 137 140 142 146 149 156 162 164 167 168 170 172 173 175 176 177 179 180 181 189 190 193 199 200 203 204 211 218 224 225 229
a 1 4 6 9 10 11 13 16 17 19 20 23 27 29 31 33 36 45 49 57 61 64 68 80 82 83 88 90 91 94 95 96 97 99 100 103 109 112 115 116 119 120 122 131 137 140 142 146 149 156 162 164 167 168 170 172 173 175 176 177 179 180 181 186 189 190 193 199 200 203 204 218 224 225 229
a 1 4 6 9 10 11 13 16 17 19 20 23 27 29 31 33 36 45 49 57 61 64 68 80 82 83 87 88 90 91 94 95 96 97 99 100 103 109 112 115 116 119 120 122 131 137 140 142 146 149 156 162 164 167 170 172 173 175 176 177 179 180 181 186 189 190 193 199 200 203 204 218 224 225 229
a 1 4 6 9 10 11 13 16 17 19 20 23 27 29 31 33 36 45 49 57 61 64 68 80 82 83 87 88 90 91 94 95 96 97 99 100 103 109 112 115 116 119 120 122 131 137 140 142 146 149 156 162 164 167 170 172 173 176 177 179 180 181 186 189 190 193 199 200 203 204 206 218 224 225 229
a 1 4 6 9 10 11 16 17 19 20 23 27 29 31 33 36 45 49 57 61 64 68 80 82 83 87 88 90 91 94 95 96 97 99 100 103 109 112 115 116 119 120 122 131 137 140 142 146 149 156 162 164 167 170 172 173 176 177 179 180 181 183 186 189 190 193 199 200 203 204 206 218 224 225 229
a 1 4 6 9 10 11 16 17 19 20 23 27 29 31 33 36 45 49 57 61 64 68 80 82 83 87 88 90 91 94 95 96 97 99 100 103 109 112 115 116 119 120 122 131 137 140 142 146 149 156 162 164 167 170 172 176 177 179 180 181 183 186 189 190 193 199 200 203 204 206 218 224 225 227 229
a 1 4 6 9 10 11 17 19 20 23 27 29 31 33 36 45 49 57 61 64 68 80 82 83 87 88 90 91 94 95 96 97 99 100 103 109 112 115 116 119 120 122 131 137 140 142 146 149 155 156 162 164 167 170 172 176 177 179 180 181 183 186 189 190 193 199 200 203 204 206 218 224 225 227 229
a 1 4 6 9 10 11 19 20 23 27 29 31 33 36 45 49 57 61 64 68 80 82 83 87 88 90 91 94 95 96 97 99 100 103 109 112 115 116 119 120 122 131 137 140 142 146 149 155 156 162 164 167 170 172 176 177 179 180 181 182 183 186 189 190 193 199 200 203 204 206 218 224 225 227 229
a 1 4 6 9 10 11 19 20 23 27 29 31 33 36 45 49 57 59 61 64 68 80 82 83 87 88 90 91 94 95 96 97 100 103 109 112 115 116 119 120 122 131 137 140 142 146 149 155 156 162 164 167 170 172 176 177 179 180 181 182 183 186 189 190 193 199 200 203 204 206 218 224 225 227 229
a 1 4 6 9 10 11 19 20 23 27 29 31 33 36 44 45 49 57 59 61 64 68 80 82 83 87 88 90 91 94 95 96 97 100 103 109 112 115 116 119 120 122 131 137 140 142 146 149 155 156 162 167 170 172 176 177 179 180 181 182 183 186 189 190 193 199 200 203 204 206 218 224 225 227 229
a 1 4 6 9 10 11 19 20 23 27 29 33 36 44 45 49 57 59 61 64 68 80 82 83 87 88 90 91 94 95 96 97 100 103 109 112 115 116 119 120 122 131 137 140 142 146 149 155 156 162 166 167 170 172 176 177 179 180 181 182 183 186 189 190 193 199 200 203 204 206 218 224 225 227 229
a 1 4 6 9 10 11 19 20 23 27 29 33 36 44 45 49 57 59 61 64 68 80 82 83 87 88 90 91 94 95 96 97 100 103 109 112 115 116 119 120 122 131 137 140 142 146 149 155 156 162 166 170 172 176 177 179 180 181 182 183 186 189 190 193 199 200 203 204 206 208 218 224 225 227 229
a 1 4 6 9 10 11 19 20 23 27 29 33 36 44 45 49 57 59 61 64 68 80 82 83 87 88 90 91 94 95 96 97 100 103 109 112 115 116 119 120 122 131 137 140 142 146 149 155 162 166 170 172 176 177 179 180 181 182 183 186 189 190 193 199 200 203 204 206 208 218 224 225 227 229 232
a 1 4 6 9 10 11 20 23 27 29 33 36 37 44 45 49 57 59 61 64 68 80 82 83 87 88 90 91 94 95 96 97 100 103 109 112 115 116 119 120 122 131 137 140 142 146 149 155 162 166 170 172 176 177 179 180 181 182 183 186 189 190 193 199 200 203 204 206 208 218 224 225 227 229 232
a 1 4 6 9 10 11 20 23 27 29 33 36 37 44 45 49 57 59 61 64 68 80 82 83 87 88 90 91 94 95 96 97 100 103 109 112 115 116 119 120 122 131 137 140 142 146 149 155 162 166 170 176 177 179 180 181 182 183 186 189 190 193 199 200 202 203 204 206 208 218 224 225 227 229 232
a 1 4 6 9 10 11 20 23 27 29 33 36 37 44 45 49 57 59 61 64 68 80 82 83 87 88 90 91 94 95 96 97 100 103 109 112 115 116 119 120 122 127 131 137 140 146 149 155 162 166 170 176 177 179 180 181 182 183 186 189 190 193 199 200 202 203 204 206 208 218 224 225 227 229 232
a 1 4 6 9 10 11 23 27 29 33 36 37 44 45 49 57 59 61 64 68 80 82 83 87 88 90 91 94 95 96 97 100 103 109 112 113 115 116 119 120 122 127 131 137 140 146 149 155 162 166 170 176 177 179 180 181 182 183 186 189 190 193 199 200 202 203 204 206 208 218 224 225 227 229 232
a 1 4 6 9 10 11 23 27 33 36 37 44 45 49 57 59 61 64 66 68 80 82 83 87 88 90 91 94 95 96 97 100 103 109 112 113 115 116 119 120 122 127 131 137 140 146 149 155 162 166 170 176 177 179 180 181 182 183 186 189 190 193 199 200 202 203 204 206 208 218 224 225 227 229 232
a 1 4 6 9 10 11 23 27 33 36 37 44 45 49 57 59 61 64 66 68 80 81 82 83 87 88 90 91 94 95 96 97 100 103 109 112 113 115 116 119 120 122 127 131 137 140 146 149 155 162 166 170 176 177 179 180 181 182 183 186 189 190 193 199 200 202 203 204 206 208 218 224 227 229 232
a 1 4 6 9 10 11 23 27 33 36 37 44 45 49 57 59 61 64 66 68 80 81 82 83 87 88 90 91 94 95 96 97 100 102 103 109 112 113 115 116 119 120 122 127 131 137 140 146 149 155 162 166 170 176 177 179 180 181 182 183 186 189 190 193 199 200 202 204 206 208 218 224 227 229 232
a 1 4 6 9 10 11 23 27 33 36 37 44 45 49 57 59 61 64 66 68 80 81 82 83 87 88 90 91 94 95 96 97 100 102 103 109 112 113 115 116 118 119 120 122 127 137 140 146 149 155 162 166 170 176 177 179 180 181 182 183 186 189 190 193 199 200 202 204 206 208 218 224 227 229 232
a 1 4 6 9 10 11 23 27 33 36 37 40 44 45 49 57 59 61 64 66 68 80 81 82 83 87 88 90 91 94 95 96 97 100 102 103 109 112 113 115 116 118 119 120 122 127 137 140 146 149 155 166 170 176 177 179 180 181 182 183 186 189 190 193 199 200 202 204 206 208 218 224 227 229 232
a 1 4 6 9 10 11 23 27 33 36 37 40 44 45 49 57 59 61 64 66 68 80 81 82 83 87 88 90 91 94 95 96 97 100 102 103 109 112 113 115 116 118 120 122 127 137 140 146 149 155 166 170 176 177 179 180 181 182 183 185 186 189 190 193 199 200 202 204 206 208 218 224 227 229 232
a 1 4 6 9 10 11 23 27 33 36 37 40 44 45 49 57 59 61 64 66 68 80 81 82 83 87 88 90 91 94 95 96 97 100 102 103 109 112 113 115 116 118 120 127 137 140 146 149 155 166 170 176 177 179 180 181 182 183 185 186 189 190 193 199 200 202 204 206 208 210 218 224 227 229 232
a 1 4 6 9 10 11 14 23 27 33 36 37 40 44 45 49 57 59 61 64 66 68 80 81 82 83 87 88 90 94 95 96 97 100 102 103 109 112 113 115 116 118 120 127 137 140 146 149 155 166 170 176 177 179 180 181 182 183 185 186 189 190 193 199 200 202 204 206 208 210 218 224 227 229 232
a 1 4 6 9 10 11 14 23 27 33 36 37 40 44 45 49 57 59 61 64 66 68 80 81 82 83 87 88 90 94 95 96 97 100 102 103 109 112 113 115 116 118 120 127 137 140 146 149 155 166 170 176 177 179 180 181 182 183 185 186 188 189 190 193 200 202 204 206 208 210 218 224 227 229 232
a 1 4 6 9 10 11 14 23 27 33 36 37 40 44 45 49 57 59 61 64 66 68 80 81 82 83 87 88 90 94 95 97 100 102 103 109 112 113 115 116 118 120 127 137 140 146 149 155 166 170 176 177 179 180 181 182 183 185 186 188 189 190 193 200 202 204 206 208 210 218 224 227 229 232 233
a 1 4 6 9 10 11 14 23 27 33 36 37 40 44 45 49 55 57 59 61 64 66 68 80 81 82 83 87 88 90 94 95 97 100 102 103 109 112 113 115 116 118 120 127 137 140 146 149 155 166 170 176 177 179 180 181 182 183 185 186 188 189 190 193 202 204 206 208 210 218 224 227 229 232 233
a 1 4 6 9 10 11 14 23 27 33 36 37 40 44 45 49 55 57 59 61 64 65 66 68 80 81 82 83 87 88 90 94 97 100 102 103 109 112 113 115 116 118 120 127 137 140 146 149 155 166 170 176 177 179 180 181 182 183 185 186 188 189 190 193 202 204 206 208 210 218 224 227 229 232 233
a 1 4 6 9 10 11 14 18 23 27 33 36 37 40 44 45 49 55 57 59 61 64 65 66 68 80 81 82 83 87 88 90 94 97 100 102 103 109 112 113 115 118 120 127 137 140 146 149 155 166 170 176 177 179 180 181 182 183 185 186 188 189 190 193 202 204 206 208 210 218 224 227 229 232 233
a 4 6 9 10 11 14 18 23 27 33 36 37 40 44 45 49 55 57 59 61 64 65 66 68 80 81 82 83 87 88 90 94 97 100 102 103 109 112 113 115 118 120 127 137 140 146 149 155 166 169 170 176 177 179 180 181 182 183 185 186 188 189 190 193 202 204 206 208 210 218 224 227 229 232 233
a 4 6 9 10 11 14 18 22 23 27 33 36 37 40 44 45 49 55 57 59 61 64 65 66 68 80 81 83 87 88 90 94 97 100 102 103 109 112 113 115 118 120 127 137 140 146 149 155 166 169 170 176 177 179 180 181 182 183 185 186 188 189 190 193 202 204 206 208 210 218 224 227 229 232 233
a 4 6 9 10 11 14 18 22 23 26 27 33 36 37 40 44 45 49 55 57 59 61 64 65 66 68 80 81 83 87 88 90 94 97 100 102 103 109 112 113 115 118 120 127 137 140 146 149 155 166 169 170 176 177 179 180 181 182 183 185 186 188 189 190 193 202 204 206 208 210 218 227 229 232 233
a 4 6 9 10 11 14 18 22 23 26 27 33 36 37 40 44 45 49 55 57 59 61 64 65 66 68 72 80 81 83 87 88 90 94 97 100 102 103 109 112 113 115 118 120 127 137 146 149 155 166 169 170 176 177 179 180 181 182 183 185 186 188 189 190 193 202 204 206 208 210 218 227 229 232 233
	Command being timed: "/Users/soh/app/scala-2.12.4/bin/scala -J-Xms32g -J-Xmx32g -cp /Users/soh/app/IsrForCompetition230719-15h37m/scop.jar:/Users/soh/app/IsrForCompetition230719-15h37m/isr4competition_2.12-1.3.5.jar fun.scop.app.isr.IsrSolverTj05 benchmark/ISR-benchmark/random_instance/random_instance018_graph004.col benchmark/ISR-benchmark/random_instance/random_instance018_graph004.dat cadical /Users/soh/app/IsrForCompetition230719-15h37m/cadical"
	User time (seconds): 7.66
	System time (seconds): 1.40
	Percent of CPU this job got: 113%
	Elapsed (wall clock) time (h:mm:ss or m:ss): 0:07.97
	Average shared text size (kbytes): 0
	Average unshared data size (kbytes): 0
	Average stack size (kbytes): 0
	Average total size (kbytes): 0
	Maximum resident set size (kbytes): 27910471680
	Average resident set size (kbytes): 0
	Major (requiring I/O) page faults: 0
	Minor (reclaiming a frame) page faults: 1714816
	Voluntary context switches: 35
	Involuntary context switches: 3644
	Swaps: 0
	File system inputs: 0
	File system outputs: 0
	Socket messages sent: 39
	Socket messages received: 0
	Signals delivered: 8
	Page size (bytes): 4096
	Exit status: 0
FINISHED CPU 9.06 MEM 0 MAXMEM 0 STALE 1
#RESULT: UNK
#FIN: FIN
#CPU: 9.06
#MAXMEM: 0
c 
#END: [Wed Jul 19 16:21:45 2023]
