#BEGIN: [Wed Jul 19 16:20:43 2023]
#HOST: mini28.local
#TIMELIMIT: 7200
#MEMLIMIT: 0
#FREQ: 10
#SOLVER: sat-based-isr-tj05-230719-15h37m
#ARG1: benchmark/ISR-benchmark/random_instance/random_instance002_graph005.col
#ARG2: benchmark/ISR-benchmark/random_instance/random_instance002_graph005.dat
#COMMAND: /Users/soh/app/scala-2.12.4/bin/scala -J-Xms32g -J-Xmx32g -cp /Users/soh/app/IsrForCompetition230719-15h37m/scop.jar:/Users/soh/app/IsrForCompetition230719-15h37m/isr4competition_2.12-1.3.5.jar fun.scop.app.isr.IsrSolverTj05 benchmark/ISR-benchmark/random_instance/random_instance002_graph005.col benchmark/ISR-benchmark/random_instance/random_instance002_graph005.dat cadical /Users/soh/app/IsrForCompetition230719-15h37m/cadical
#Nodes: 26
#Edges: 78
c (0) step 1 UNSAT 162 531
c (0) step 2 UNSAT 309 987
c (0) step 3 SAT 474 1482
a YES
a 7 10 12 15 16 20 21
a 7 10 12 16 19 20 21
a 7 10 12 16 19 21 24
a 7 11 12 16 19 21 24
	Command being timed: "/Users/soh/app/scala-2.12.4/bin/scala -J-Xms32g -J-Xmx32g -cp /Users/soh/app/IsrForCompetition230719-15h37m/scop.jar:/Users/soh/app/IsrForCompetition230719-15h37m/isr4competition_2.12-1.3.5.jar fun.scop.app.isr.IsrSolverTj05 benchmark/ISR-benchmark/random_instance/random_instance002_graph005.col benchmark/ISR-benchmark/random_instance/random_instance002_graph005.dat cadical /Users/soh/app/IsrForCompetition230719-15h37m/cadical"
	User time (seconds): 0.74
	System time (seconds): 0.08
	Percent of CPU this job got: 120%
	Elapsed (wall clock) time (h:mm:ss or m:ss): 0:00.68
	Average shared text size (kbytes): 0
	Average unshared data size (kbytes): 0
	Average stack size (kbytes): 0
	Average total size (kbytes): 0
	Maximum resident set size (kbytes): 812515328
	Average resident set size (kbytes): 0
	Major (requiring I/O) page faults: 0
	Minor (reclaiming a frame) page faults: 55543
	Voluntary context switches: 35
	Involuntary context switches: 2641
	Swaps: 0
	File system inputs: 0
	File system outputs: 0
	Socket messages sent: 39
	Socket messages received: 0
	Signals delivered: 5
	Page size (bytes): 4096
	Exit status: 0
FINISHED CPU 0.82 MEM 0 MAXMEM 0 STALE 1
#RESULT: UNK
#FIN: FIN
#CPU: 0.82
#MAXMEM: 0
c 
#END: [Wed Jul 19 16:20:44 2023]
