#BEGIN: [Wed Jul 19 16:21:05 2023]
#HOST: mini27.local
#TIMELIMIT: 7200
#MEMLIMIT: 0
#FREQ: 10
#SOLVER: sat-based-isr-tj05-230719-15h37m
#ARG1: benchmark/ISR-benchmark/random_instance/random_instance012_graph004.col
#ARG2: benchmark/ISR-benchmark/random_instance/random_instance012_graph004.dat
#COMMAND: /Users/soh/app/scala-2.12.4/bin/scala -J-Xms32g -J-Xmx32g -cp /Users/soh/app/IsrForCompetition230719-15h37m/scop.jar:/Users/soh/app/IsrForCompetition230719-15h37m/isr4competition_2.12-1.3.5.jar fun.scop.app.isr.IsrSolverTj05 benchmark/ISR-benchmark/random_instance/random_instance012_graph004.col benchmark/ISR-benchmark/random_instance/random_instance012_graph004.dat cadical /Users/soh/app/IsrForCompetition230719-15h37m/cadical
#Nodes: 156
#Edges: 468
c (0) step 1 UNSAT 982 3251
c (0) step 2 UNSAT 1899 6107
c (0) step 3 UNSAT 2954 9282
c (0) step 4 UNSAT 4193 12867
c (0) step 5 UNSAT 5662 16953
c (0) step 6 UNSAT 7407 21631
c (0) step 7 UNSAT 9474 26992
c (0) step 8 UNSAT 11909 33127
c (0) step 9 UNSAT 14758 40127
c (0) step 10 UNSAT 18067 48083
c (0) step 11 UNSAT 21882 57086
c (0) step 12 UNSAT 26249 67227
c (0) step 13 UNSAT 31214 78597
c (0) step 14 UNSAT 36823 91287
c (0) step 15 UNSAT 43122 105388
c (0) step 16 UNSAT 50157 120991
c (0) step 17 UNSAT 57974 138187
c (0) step 18 UNSAT 66619 157067
c (0) step 19 UNSAT 76138 177722
c (0) step 20 UNSAT 86577 200243
c (0) step 21 UNSAT 97982 224721
c (0) step 22 UNSAT 110399 251247
c (0) step 23 UNSAT 123874 279912
c (0) step 24 UNSAT 138453 310807
c (0) step 25 UNSAT 154182 344023
c (0) step 26 UNSAT 171107 379651
c (0) step 27 UNSAT 189274 417782
c (0) step 28 UNSAT 208729 458507
c (0) step 29 UNSAT 229518 501917
c (0) step 30 UNSAT 251687 548103
c (0) step 31 UNSAT 275282 597156
c (0) step 32 UNSAT 300349 649167
c (1) step 33 SAT 326934 704227
a YES
a 6 10 11 12 15 19 20 23 24 27 29 40 46 47 49 62 65 66 70 72 73 74 76 81 83 93 98 104 105 106 108 112 115 116 121 126 133 135 137 138 142 144 145 148 149 150 152
a 6 10 12 15 19 20 23 24 27 29 40 46 47 49 62 65 66 70 72 73 74 76 81 83 93 98 104 105 106 108 112 115 116 121 126 133 135 136 137 138 142 144 145 148 149 150 152
a 6 10 12 15 19 20 23 24 27 29 40 47 49 62 65 66 70 72 73 74 76 81 83 93 98 101 104 105 106 108 112 115 116 121 126 133 135 136 137 138 142 144 145 148 149 150 152
a 6 10 12 15 19 20 23 24 27 29 40 47 49 58 62 65 66 70 72 73 74 76 81 83 93 98 101 104 105 106 108 112 116 121 126 133 135 136 137 138 142 144 145 148 149 150 152
a 6 10 12 15 19 20 23 24 27 29 40 47 49 58 62 65 66 70 72 73 74 76 81 83 93 98 101 104 105 106 108 112 113 116 121 126 133 135 136 137 138 142 145 148 149 150 152
a 6 10 12 15 19 20 23 24 27 29 39 40 47 49 58 62 65 66 70 72 73 74 76 81 83 93 98 101 104 105 106 108 112 113 116 121 126 133 136 137 138 142 145 148 149 150 152
a 6 10 12 15 19 20 23 24 27 29 39 40 47 49 58 62 66 70 72 73 74 76 77 81 83 93 98 101 104 105 106 108 112 113 116 121 126 133 136 137 138 142 145 148 149 150 152
a 6 10 12 15 19 20 23 24 27 29 39 40 47 49 58 62 70 72 73 74 76 77 81 83 93 94 98 101 104 105 106 108 112 113 116 121 126 133 136 137 138 142 145 148 149 150 152
a 6 10 12 15 19 20 23 24 27 29 39 40 49 58 62 70 72 73 74 76 77 81 83 93 94 98 101 104 105 106 108 112 113 116 121 126 133 136 137 138 140 142 145 148 149 150 152
a 6 10 12 15 19 20 23 24 27 29 39 40 49 58 62 70 72 73 74 76 77 81 83 93 94 98 101 104 105 106 108 112 113 116 120 121 126 133 136 137 138 140 145 148 149 150 152
a 6 10 12 15 19 20 23 24 27 29 39 40 49 58 62 68 70 72 73 74 76 77 81 83 93 94 98 101 104 105 106 108 112 113 116 120 121 126 133 136 137 138 140 145 148 149 150
a 6 10 12 15 19 20 23 27 29 39 40 49 58 62 68 70 72 73 74 76 77 81 83 93 94 98 101 104 105 106 108 110 112 113 116 120 121 126 133 136 137 138 140 145 148 149 150
a 6 10 12 15 19 23 27 29 39 40 49 58 62 68 70 72 73 74 76 77 81 83 93 94 98 101 103 104 105 106 108 110 112 113 116 120 121 126 133 136 137 138 140 145 148 149 150
a 6 10 12 15 19 23 27 29 39 40 49 58 62 68 70 73 74 76 77 81 83 93 94 98 99 101 103 104 105 106 108 110 112 113 116 120 121 126 133 136 137 138 140 145 148 149 150
a 6 10 12 15 19 23 27 29 39 40 49 58 62 68 70 73 76 77 81 83 90 93 94 98 99 101 103 104 105 106 108 110 112 113 116 120 121 126 133 136 137 138 140 145 148 149 150
a 6 10 12 15 19 23 27 29 39 40 49 58 62 68 70 73 76 77 81 83 89 90 93 94 98 99 101 103 104 105 106 108 110 112 113 120 121 126 133 136 137 138 140 145 148 149 150
a 6 10 12 15 19 23 27 29 39 40 49 58 62 68 70 73 76 77 81 83 86 89 90 93 94 98 99 101 103 104 105 106 110 112 113 120 121 126 133 136 137 138 140 145 148 149 150
a 6 10 12 15 19 23 27 29 39 40 49 58 62 68 70 73 76 77 79 81 83 86 89 90 93 94 98 99 101 103 105 106 110 112 113 120 121 126 133 136 137 138 140 145 148 149 150
a 6 10 12 15 19 23 27 29 39 40 49 55 58 62 68 70 73 76 77 79 81 83 86 89 90 93 94 98 99 101 103 105 106 110 112 113 120 121 126 136 137 138 140 145 148 149 150
a 6 10 12 15 19 23 27 29 39 40 49 55 58 62 68 70 71 73 76 77 79 81 83 86 89 90 93 94 98 99 101 103 105 106 110 113 120 121 126 136 137 138 140 145 148 149 150
a 6 10 12 15 19 23 29 39 40 49 55 58 62 68 70 71 73 76 77 79 81 83 86 89 90 93 94 98 99 101 103 105 106 110 113 120 121 125 126 136 137 138 140 145 148 149 150
a 6 10 12 15 23 29 39 40 49 55 58 61 62 68 70 71 73 76 77 79 81 83 86 89 90 93 94 98 99 101 103 105 106 110 113 120 121 125 126 136 137 138 140 145 148 149 150
a 6 10 12 15 23 29 39 40 49 52 55 58 61 62 68 70 71 73 76 77 79 83 86 89 90 93 94 98 99 101 103 105 106 110 113 120 121 125 126 136 137 138 140 145 148 149 150
a 6 10 12 15 23 29 39 40 42 49 52 55 58 61 62 68 70 71 73 76 77 79 83 86 89 90 93 94 99 101 103 105 106 110 113 120 121 125 126 136 137 138 140 145 148 149 150
a 6 10 12 15 23 29 39 40 42 49 52 55 58 61 62 68 70 71 73 76 77 79 83 86 89 90 93 94 99 101 103 105 106 110 113 120 121 125 134 136 137 138 140 145 148 149 150
a 6 10 15 23 29 33 39 40 42 49 52 55 58 61 62 68 70 71 73 76 77 79 83 86 89 90 93 94 99 101 103 105 106 110 113 120 121 125 134 136 137 138 140 145 148 149 150
a 6 10 15 23 29 33 39 40 42 49 52 55 58 61 62 68 70 71 73 76 77 79 83 86 89 90 93 94 99 101 103 105 106 110 113 118 120 121 125 134 136 137 138 140 145 149 150
a 6 10 15 29 33 39 40 42 49 52 55 58 61 62 68 70 71 73 76 77 79 83 86 89 90 93 94 99 101 103 105 106 110 113 118 120 121 123 125 134 136 137 138 140 145 149 150
a 6 10 15 29 31 33 39 40 42 49 52 55 58 61 62 68 70 71 73 76 77 79 83 86 89 90 93 94 99 101 103 105 106 110 113 118 120 121 123 125 134 136 137 138 140 145 149
a 6 9 10 15 29 31 33 39 40 42 49 52 55 58 61 62 68 70 71 73 76 77 79 83 86 89 90 93 94 99 101 103 105 106 110 113 118 120 121 123 125 134 136 137 138 140 145
a 6 9 10 15 29 31 33 39 40 42 49 50 52 55 58 61 62 68 70 71 76 77 79 83 86 89 90 93 94 99 101 103 105 106 110 113 118 120 121 123 125 134 136 137 138 140 145
a 6 9 10 15 29 31 33 39 42 49 50 52 55 58 61 62 64 68 70 71 76 77 79 83 86 89 90 93 94 99 101 103 105 106 110 113 118 120 121 123 125 134 136 137 138 140 145
a 4 6 9 10 15 31 33 39 42 49 50 52 55 58 61 62 64 68 70 71 76 77 79 83 86 89 90 93 94 99 101 103 105 106 110 113 118 120 121 123 125 134 136 137 138 140 145
a 4 6 9 10 15 31 33 39 42 50 52 53 55 58 61 62 64 68 70 71 76 77 79 83 86 89 90 93 94 99 101 103 105 106 110 113 118 120 121 123 125 134 136 137 138 140 145
	Command being timed: "/Users/soh/app/scala-2.12.4/bin/scala -J-Xms32g -J-Xmx32g -cp /Users/soh/app/IsrForCompetition230719-15h37m/scop.jar:/Users/soh/app/IsrForCompetition230719-15h37m/isr4competition_2.12-1.3.5.jar fun.scop.app.isr.IsrSolverTj05 benchmark/ISR-benchmark/random_instance/random_instance012_graph004.col benchmark/ISR-benchmark/random_instance/random_instance012_graph004.dat cadical /Users/soh/app/IsrForCompetition230719-15h37m/cadical"
	User time (seconds): 2.68
	System time (seconds): 0.35
	Percent of CPU this job got: 142%
	Elapsed (wall clock) time (h:mm:ss or m:ss): 0:02.13
	Average shared text size (kbytes): 0
	Average unshared data size (kbytes): 0
	Average stack size (kbytes): 0
	Average total size (kbytes): 0
	Maximum resident set size (kbytes): 5649596416
	Average resident set size (kbytes): 0
	Major (requiring I/O) page faults: 0
	Minor (reclaiming a frame) page faults: 352061
	Voluntary context switches: 35
	Involuntary context switches: 3556
	Swaps: 0
	File system inputs: 0
	File system outputs: 0
	Socket messages sent: 39
	Socket messages received: 0
	Signals delivered: 4
	Page size (bytes): 4096
	Exit status: 0
FINISHED CPU 3.03 MEM 0 MAXMEM 0 STALE 1
#RESULT: UNK
#FIN: FIN
#CPU: 3.03
#MAXMEM: 0
c 
#END: [Wed Jul 19 16:21:07 2023]
