#BEGIN: [Tue Aug  8 21:04:13 2023]
#HOST: mini21.local
#TIMELIMIT: 1800
#MEMLIMIT: 0
#FREQ: 10
#SOLVER: recon
#ARG1: benchmark/ISR-benchmark/random_instance/random_instance016_graph003.col
#ARG2: benchmark/ISR-benchmark/random_instance/random_instance016_graph003.dat
#COMMAND: /Users/soh/app/recon/src/recon benchmark/ISR-benchmark/random_instance/random_instance016_graph003.col benchmark/ISR-benchmark/random_instance/random_instance016_graph003.dat
c Copyright Volker Turau & Christoph Weyer, 2022
c Institute of Telematics
c Hamburg University of Technology, Hamburg, Germany
c Contact: turau@tuhh.de
c Graph file: benchmark/ISR-benchmark/random_instance/random_instance016_graph003.col
c Target file: benchmark/ISR-benchmark/random_instance/random_instance016_graph003.dat
c Size of independent set: 67
c Number of nodes of graph: 208
c Number of edges of graph: 624
c Average degree of graph: 6.00
s 1 2 4 6 12 15 24 26 28 29 30 31 32 41 42 45 47 52 54 55 57 63 64 65 66 69 70 72 73 76 80 83 93 96 101 113 114 119 124 125 131 133 137 138 142 149 150 156 161 162 163 165 172 180 181 183 187 188 192 194 197 198 199 200 202 203 207 
t 4 5 6 10 11 12 14 19 22 24 34 35 38 39 42 48 50 51 54 55 56 61 64 68 70 71 72 74 78 81 91 92 93 94 96 98 100 104 105 114 115 122 124 125 137 138 139 148 150 156 157 160 165 171 172 174 178 181 182 183 189 192 193 198 200 202 207 
c BFS found 40 new nodes in level 1 (total 41/206488812)
c BFS found 1517 new nodes in level 2 (total 1558/206488812)
c BFS found 42047 new nodes in level 3 (total 43605/206488812)
c BFS found 884579 new nodes in level 4 (total 928183/206488812)
c BFS found 14888300 new nodes in level 5 (total 15816378/206488812)
TIMEOUT CPU 1800 MEM 0 MAXMEM 0
#RESULT: UNK
#FIN: TO
#CPU: 1800
#MAXMEM: 0
c 85786 killed(2). 85787 killed(2). 85786 killed(9). 85787 killed(9). 
#END: [Tue Aug  8 21:34:14 2023]
