#BEGIN: [Wed Jul 19 16:21:07 2023]
#HOST: mini27.local
#TIMELIMIT: 7200
#MEMLIMIT: 0
#FREQ: 10
#SOLVER: sat-based-isr-tj05-230719-15h37m
#ARG1: benchmark/ISR-benchmark/random_instance/random_instance013_graph003.col
#ARG2: benchmark/ISR-benchmark/random_instance/random_instance013_graph003.dat
#COMMAND: /Users/soh/app/scala-2.12.4/bin/scala -J-Xms32g -J-Xmx32g -cp /Users/soh/app/IsrForCompetition230719-15h37m/scop.jar:/Users/soh/app/IsrForCompetition230719-15h37m/isr4competition_2.12-1.3.5.jar fun.scop.app.isr.IsrSolverTj05 benchmark/ISR-benchmark/random_instance/random_instance013_graph003.col benchmark/ISR-benchmark/random_instance/random_instance013_graph003.dat cadical /Users/soh/app/IsrForCompetition230719-15h37m/cadical
#Nodes: 169
#Edges: 507
c (0) step 1 UNSAT 1062 3517
c (0) step 2 UNSAT 2050 6597
c (0) step 3 UNSAT 3182 10010
c (0) step 4 UNSAT 4506 13851
c (0) step 5 UNSAT 6070 18215
c (0) step 6 UNSAT 7922 23197
c (0) step 7 UNSAT 10110 28892
c (0) step 8 UNSAT 12682 35395
c (0) step 9 UNSAT 15686 42801
c (0) step 10 UNSAT 19170 51205
c (0) step 11 UNSAT 23182 60702
c (0) step 12 UNSAT 27770 71387
c (0) step 13 UNSAT 32982 83355
c (0) step 14 UNSAT 38866 96701
c (0) step 15 UNSAT 45470 111520
c (0) step 16 UNSAT 52842 127907
c (0) step 17 UNSAT 61030 145957
c (0) step 18 UNSAT 70082 165765
c (0) step 19 UNSAT 80046 187426
c (0) step 20 UNSAT 90970 211035
c (0) step 21 UNSAT 102902 236687
c (0) step 22 UNSAT 115890 264477
c (0) step 23 UNSAT 129982 294500
c (0) step 24 UNSAT 145226 326851
c (0) step 25 UNSAT 161670 361625
c (0) step 26 UNSAT 179362 398917
c (0) step 27 UNSAT 198350 438822
c (0) step 28 UNSAT 218682 481435
c (0) step 29 UNSAT 240406 526851
c (1) step 30 SAT 263570 575165
a YES
a 3 5 7 12 15 20 21 30 31 32 35 37 38 39 47 60 63 67 68 70 71 78 80 84 87 90 93 95 96 109 113 121 123 124 127 135 136 137 138 142 147 150 151 156 158 166 167 168 169
a 3 5 7 12 15 20 21 30 31 32 35 37 38 39 47 60 63 67 68 70 71 78 80 84 87 90 93 95 96 109 113 121 123 124 127 135 136 137 138 142 145 147 150 156 158 166 167 168 169
a 3 5 7 12 15 20 21 30 31 32 35 37 38 39 47 60 63 67 68 70 71 78 80 84 87 90 93 95 96 100 109 113 121 123 124 127 135 136 137 138 142 145 147 150 158 166 167 168 169
a 3 5 7 12 15 20 21 30 31 32 35 37 38 39 47 60 63 68 70 71 78 80 84 87 90 92 93 95 96 100 109 113 121 123 124 127 135 136 137 138 142 145 147 150 158 166 167 168 169
a 3 5 7 10 12 15 20 21 30 31 32 35 37 38 39 47 60 63 68 70 71 78 80 84 87 90 92 93 95 96 100 109 113 121 123 124 127 135 136 137 138 142 145 147 150 158 167 168 169
a 3 5 7 10 12 15 20 21 30 31 32 35 37 38 39 60 63 68 70 71 78 80 84 87 90 92 93 95 96 100 109 110 113 121 123 124 127 135 136 137 138 142 145 147 150 158 167 168 169
a 5 7 8 10 12 15 20 21 30 31 32 35 37 38 39 60 63 68 70 71 78 80 84 87 90 92 93 95 96 100 109 110 113 121 123 124 127 135 136 137 138 142 145 147 150 158 167 168 169
a 5 7 8 10 12 15 20 30 31 32 35 37 38 39 40 60 63 68 70 71 78 80 84 87 90 92 93 95 96 100 109 110 113 121 123 124 127 135 136 137 138 142 145 147 150 158 167 168 169
a 7 8 10 12 15 20 30 31 32 35 37 38 39 40 60 63 68 70 71 78 79 80 84 87 90 92 93 95 96 100 109 110 113 121 123 124 127 135 136 137 138 142 145 147 150 158 167 168 169
a 7 8 10 12 15 20 30 32 35 37 38 39 40 60 63 68 70 71 72 78 79 80 84 87 90 92 93 95 96 100 109 110 113 121 123 124 127 135 136 137 138 142 145 147 150 158 167 168 169
a 7 8 10 12 15 20 30 32 35 37 38 39 40 60 63 68 70 71 72 78 79 80 84 87 90 92 93 95 96 100 110 113 121 123 124 127 135 136 137 138 142 145 147 149 150 158 167 168 169
a 7 8 10 12 15 20 28 30 32 37 38 39 40 60 63 68 70 71 72 78 79 80 84 87 90 92 93 95 96 100 110 113 121 123 124 127 135 136 137 138 142 145 147 149 150 158 167 168 169
a 7 8 10 12 15 20 28 30 32 37 39 40 60 63 68 70 71 72 78 79 80 84 87 90 92 93 95 96 100 110 113 121 123 124 127 132 135 136 137 138 142 145 147 149 150 158 167 168 169
a 7 8 10 12 15 20 27 28 30 37 39 40 60 63 68 70 71 72 78 79 80 84 87 90 92 93 95 96 100 110 113 121 123 124 127 132 135 136 137 138 142 145 147 149 150 158 167 168 169
a 7 8 10 12 15 20 27 28 30 37 39 40 60 63 68 70 71 72 78 79 80 84 87 90 92 93 95 100 110 113 121 123 124 127 132 135 136 137 138 142 145 147 149 150 154 158 167 168 169
a 7 8 10 12 15 20 27 28 30 37 39 40 60 63 68 70 71 72 78 79 80 84 87 90 92 93 100 110 113 121 123 124 127 132 135 136 137 138 142 145 147 148 149 150 154 158 167 168 169
a 7 8 10 12 15 20 27 28 30 37 40 60 63 68 70 71 72 78 79 80 84 87 90 92 93 100 110 113 121 123 124 127 132 135 136 137 138 139 142 145 147 148 149 150 154 158 167 168 169
a 7 8 10 12 15 20 27 28 30 37 40 60 63 68 70 71 72 78 79 80 84 87 88 92 93 100 110 113 121 123 124 127 132 135 136 137 138 139 142 145 147 148 149 150 154 158 167 168 169
a 7 8 10 12 15 20 27 28 30 37 40 60 63 68 70 72 78 79 80 84 87 88 92 93 100 110 113 121 123 124 127 132 135 136 137 138 139 142 144 145 147 148 149 150 154 158 167 168 169
a 7 8 10 12 15 20 27 28 30 37 40 60 63 70 72 75 78 79 80 84 87 88 92 93 100 110 113 121 123 124 127 132 135 136 137 138 139 142 144 145 147 148 149 150 154 158 167 168 169
a 7 8 10 12 20 27 28 30 36 37 40 60 63 70 72 75 78 79 80 84 87 88 92 93 100 110 113 121 123 124 127 132 135 136 137 138 139 142 144 145 147 148 149 150 154 158 167 168 169
a 7 8 10 12 20 27 28 30 36 37 40 52 60 63 70 72 75 78 79 80 87 88 92 93 100 110 113 121 123 124 127 132 135 136 137 138 139 142 144 145 147 148 149 150 154 158 167 168 169
a 7 8 10 12 20 27 28 30 36 37 40 52 60 63 70 72 75 78 79 80 87 88 92 93 100 110 113 121 123 124 129 132 135 136 137 138 139 142 144 145 147 148 149 150 154 158 167 168 169
a 7 8 10 12 20 27 28 30 36 37 40 52 60 63 70 72 75 78 79 80 87 88 92 93 100 110 113 115 121 123 129 132 135 136 137 138 139 142 144 145 147 148 149 150 154 158 167 168 169
a 7 8 10 12 20 27 28 30 36 37 40 41 52 60 63 70 72 75 78 79 80 87 88 92 93 100 110 113 115 121 123 129 132 135 136 137 139 142 144 145 147 148 149 150 154 158 167 168 169
a 7 8 10 20 27 28 30 36 37 40 41 52 60 63 70 72 75 78 79 80 87 88 92 93 100 110 113 115 116 121 123 129 132 135 136 137 139 142 144 145 147 148 149 150 154 158 167 168 169
a 7 8 10 20 27 28 30 36 37 40 41 52 60 63 72 75 78 79 80 87 88 92 93 100 110 113 115 116 121 123 129 132 135 136 137 139 142 143 144 145 147 148 149 150 154 158 167 168 169
a 7 8 10 20 27 28 30 36 37 40 41 52 60 63 72 75 79 80 87 88 92 93 100 106 110 113 115 116 121 123 129 132 135 136 137 139 142 143 144 145 147 148 149 150 154 158 167 168 169
a 7 8 10 20 27 28 30 36 37 40 41 52 60 63 64 72 75 79 80 87 88 92 93 100 106 110 115 116 121 123 129 132 135 136 137 139 142 143 144 145 147 148 149 150 154 158 167 168 169
a 7 8 10 18 20 27 28 30 36 37 40 41 52 60 63 64 72 75 79 80 87 88 92 93 100 106 110 115 116 121 123 129 132 135 136 137 139 143 144 145 147 148 149 150 154 158 167 168 169
a 7 8 10 18 20 27 28 30 36 37 40 41 52 60 63 64 72 75 79 80 87 88 92 93 100 106 110 115 116 121 123 129 132 135 136 137 139 143 144 145 147 148 149 150 154 158 165 168 169
	Command being timed: "/Users/soh/app/scala-2.12.4/bin/scala -J-Xms32g -J-Xmx32g -cp /Users/soh/app/IsrForCompetition230719-15h37m/scop.jar:/Users/soh/app/IsrForCompetition230719-15h37m/isr4competition_2.12-1.3.5.jar fun.scop.app.isr.IsrSolverTj05 benchmark/ISR-benchmark/random_instance/random_instance013_graph003.col benchmark/ISR-benchmark/random_instance/random_instance013_graph003.dat cadical /Users/soh/app/IsrForCompetition230719-15h37m/cadical"
	User time (seconds): 2.46
	System time (seconds): 0.30
	Percent of CPU this job got: 146%
	Elapsed (wall clock) time (h:mm:ss or m:ss): 0:01.89
	Average shared text size (kbytes): 0
	Average unshared data size (kbytes): 0
	Average stack size (kbytes): 0
	Average total size (kbytes): 0
	Maximum resident set size (kbytes): 4749639680
	Average resident set size (kbytes): 0
	Major (requiring I/O) page faults: 0
	Minor (reclaiming a frame) page faults: 296544
	Voluntary context switches: 36
	Involuntary context switches: 3389
	Swaps: 0
	File system inputs: 0
	File system outputs: 0
	Socket messages sent: 42
	Socket messages received: 0
	Signals delivered: 5
	Page size (bytes): 4096
	Exit status: 0
FINISHED CPU 2.76 MEM 0 MAXMEM 0 STALE 1
#RESULT: UNK
#FIN: FIN
#CPU: 2.76
#MAXMEM: 0
c 
#END: [Wed Jul 19 16:21:09 2023]
