#BEGIN: [Tue Aug  8 19:00:13 2023]
#HOST: mini27.local
#TIMELIMIT: 1800
#MEMLIMIT: 0
#FREQ: 10
#SOLVER: recon
#ARG1: benchmark/ISR-benchmark/random_instance/random_instance009_graph001.col
#ARG2: benchmark/ISR-benchmark/random_instance/random_instance009_graph001.dat
#COMMAND: /Users/soh/app/recon/src/recon benchmark/ISR-benchmark/random_instance/random_instance009_graph001.col benchmark/ISR-benchmark/random_instance/random_instance009_graph001.dat
c Copyright Volker Turau & Christoph Weyer, 2022
c Institute of Telematics
c Hamburg University of Technology, Hamburg, Germany
c Contact: turau@tuhh.de
c Graph file: benchmark/ISR-benchmark/random_instance/random_instance009_graph001.col
c Target file: benchmark/ISR-benchmark/random_instance/random_instance009_graph001.dat
c Size of independent set: 33
c Number of nodes of graph: 117
c Number of edges of graph: 351
c Average degree of graph: 6.00
s 1 10 13 14 15 19 23 31 33 34 41 47 48 50 53 55 56 61 62 73 74 85 86 88 91 92 95 101 103 108 110 111 113 
t 7 8 10 11 15 19 25 27 31 32 40 41 42 43 51 61 72 73 78 80 85 86 87 90 92 98 100 103 104 107 110 114 117 
c BFS found 30 new nodes in level 1 (total 31/244032232)
c BFS found 784 new nodes in level 2 (total 815/244032232)
c BFS found 14913 new nodes in level 3 (total 15728/244032232)
c BFS found 221574 new nodes in level 4 (total 237302/244032232)
c BFS found 2670356 new nodes in level 5 (total 2907603/244032232)
c BFS found 26735877 new nodes in level 6 (total 29641181/244032232)
TIMEOUT CPU 1800 MEM 0 MAXMEM 0
#RESULT: UNK
#FIN: TO
#CPU: 1800
#MAXMEM: 0
c 22851 killed(2). 22850 killed(2). 22851 killed(9). 22850 killed(9). 
#END: [Tue Aug  8 19:30:13 2023]
