#BEGIN: [Tue Aug  8 17:58:15 2023]
#HOST: mini29.local
#TIMELIMIT: 1800
#MEMLIMIT: 0
#FREQ: 10
#SOLVER: recon
#ARG1: benchmark/ISR-benchmark/random_instance/random_instance002_graph004.col
#ARG2: benchmark/ISR-benchmark/random_instance/random_instance002_graph004.dat
#COMMAND: /Users/soh/app/recon/src/recon benchmark/ISR-benchmark/random_instance/random_instance002_graph004.col benchmark/ISR-benchmark/random_instance/random_instance002_graph004.dat
c Copyright Volker Turau & Christoph Weyer, 2022
c Institute of Telematics
c Hamburg University of Technology, Hamburg, Germany
c Contact: turau@tuhh.de
c Graph file: benchmark/ISR-benchmark/random_instance/random_instance002_graph004.col
c Target file: benchmark/ISR-benchmark/random_instance/random_instance002_graph004.dat
c Size of independent set: 8
c Number of nodes of graph: 26
c Number of edges of graph: 78
c Average degree of graph: 6.00
s 2 3 6 7 10 11 12 20 
t 2 4 5 8 15 16 17 18 
c BFS found 4 new nodes in level 1 (total 5/268435456)
c BFS found 25 new nodes in level 2 (total 30/268435456)
c BFS found 52 new nodes in level 3 (total 82/268435456)
c BFS found 83 new nodes in level 4 (total 165/268435456)
c BFS found 90 new nodes in level 5 (total 244/268435456)
c BFS found 69 new nodes in level 6 (total 288/268435456)
c BFS exiting found=true count=266 max_count=268435456
c Found with: Breadth First Search
a YES
a 2 3 6 7 10 11 12 20 
a 2 3 6 7 8 11 12 20 
a 2 3 5 6 8 11 12 20 
a 2 4 5 6 8 11 12 20 
a 2 4 5 6 8 12 18 20 
a 2 4 5 6 8 17 18 20 
a 2 4 5 6 8 16 17 18 
a 2 4 5 8 15 16 17 18 
c Length: 7
	Command being timed: "/Users/soh/app/recon/src/recon benchmark/ISR-benchmark/random_instance/random_instance002_graph004.col benchmark/ISR-benchmark/random_instance/random_instance002_graph004.dat"
	User time (seconds): 0.00
	System time (seconds): 0.00
	Percent of CPU this job got: 12%
	Elapsed (wall clock) time (h:mm:ss or m:ss): 0:00.00
	Average shared text size (kbytes): 0
	Average unshared data size (kbytes): 0
	Average stack size (kbytes): 0
	Average total size (kbytes): 0
	Maximum resident set size (kbytes): 3342336
	Average resident set size (kbytes): 0
	Major (requiring I/O) page faults: 0
	Minor (reclaiming a frame) page faults: 345
	Voluntary context switches: 17
	Involuntary context switches: 2
	Swaps: 0
	File system inputs: 0
	File system outputs: 0
	Socket messages sent: 34
	Socket messages received: 0
	Signals delivered: 0
	Page size (bytes): 4096
	Exit status: 0
FINISHED CPU 0 MEM 0 MAXMEM 0 STALE 1
#RESULT: UNK
#FIN: FIN
#CPU: 0
#MAXMEM: 0
c 
#END: [Tue Aug  8 17:58:15 2023]
