#BEGIN: [Wed Jul 19 16:21:13 2023]
#HOST: mini28.local
#TIMELIMIT: 7200
#MEMLIMIT: 0
#FREQ: 10
#SOLVER: sat-based-isr-tj05-230719-15h37m
#ARG1: benchmark/ISR-benchmark/random_instance/random_instance014_graph004.col
#ARG2: benchmark/ISR-benchmark/random_instance/random_instance014_graph004.dat
#COMMAND: /Users/soh/app/scala-2.12.4/bin/scala -J-Xms32g -J-Xmx32g -cp /Users/soh/app/IsrForCompetition230719-15h37m/scop.jar:/Users/soh/app/IsrForCompetition230719-15h37m/isr4competition_2.12-1.3.5.jar fun.scop.app.isr.IsrSolverTj05 benchmark/ISR-benchmark/random_instance/random_instance014_graph004.col benchmark/ISR-benchmark/random_instance/random_instance014_graph004.dat cadical /Users/soh/app/IsrForCompetition230719-15h37m/cadical
#Nodes: 182
#Edges: 546
c (0) step 1 UNSAT 1147 3798
c (0) step 2 UNSAT 2221 7142
c (0) step 3 UNSAT 3460 10868
c (0) step 4 UNSAT 4919 15085
c (0) step 5 UNSAT 6653 19902
c (0) step 6 UNSAT 8717 25428
c (0) step 7 UNSAT 11166 31772
c (0) step 8 UNSAT 14055 39043
c (0) step 9 UNSAT 17439 47350
c (0) step 10 UNSAT 21373 56802
c (0) step 11 UNSAT 25912 67508
c (0) step 12 UNSAT 31111 79577
c (0) step 13 UNSAT 37025 93118
c (0) step 14 UNSAT 43709 108240
c (0) step 15 UNSAT 51218 125052
c (0) step 16 UNSAT 59607 143663
c (0) step 17 UNSAT 68931 164182
c (0) step 18 UNSAT 79245 186718
c (0) step 19 UNSAT 90604 211380
c (0) step 20 UNSAT 103063 238277
c (0) step 21 UNSAT 116677 267518
c (0) step 22 UNSAT 131501 299212
c (0) step 23 UNSAT 147590 333468
c (0) step 24 UNSAT 164999 370395
c (0) step 25 UNSAT 183783 410102
c (0) step 26 UNSAT 203997 452698
c (0) step 27 UNSAT 225696 498292
c (0) step 28 UNSAT 248935 546993
c (0) step 29 UNSAT 273769 598910
c (0) step 30 UNSAT 300253 654152
c (1) step 31 UNSAT 328442 712828
c (1) step 32 UNSAT 358391 775047
c (1) step 33 UNSAT 390155 840918
c (1) step 34 UNSAT 423789 910550
c (1) step 35 UNSAT 459348 984052
c (1) step 36 UNSAT 496887 1061533
c (3) step 37 SAT 536461 1143102
a YES
a 3 4 6 7 9 10 16 20 21 24 25 30 31 38 39 41 44 45 50 53 58 64 66 71 72 76 77 78 85 87 90 91 92 94 95 97 103 107 119 121 122 124 128 130 131 144 147 148 149 150 156 164 178 179 180 182
a 3 6 7 9 10 16 20 21 24 25 30 31 38 39 41 44 45 50 53 58 64 66 71 72 76 77 78 85 87 90 91 92 94 95 97 103 107 119 121 122 124 128 130 131 140 144 147 148 149 150 156 164 178 179 180 182
a 3 6 7 9 10 16 20 21 24 25 30 31 38 39 41 44 45 50 53 58 64 66 71 72 76 77 78 85 87 90 91 92 94 95 97 103 110 119 121 122 124 128 130 131 140 144 147 148 149 150 156 164 178 179 180 182
a 3 6 7 9 10 16 20 24 25 30 31 38 39 41 44 45 50 53 58 64 66 71 72 76 77 78 85 87 90 91 92 94 95 97 99 103 110 119 121 122 124 128 130 131 140 144 147 148 149 150 156 164 178 179 180 182
a 3 6 7 9 10 13 16 20 24 25 30 31 38 39 41 45 50 53 58 64 66 71 72 76 77 78 85 87 90 91 92 94 95 97 99 103 110 119 121 122 124 128 130 131 140 144 147 148 149 150 156 164 178 179 180 182
a 3 6 7 9 10 13 16 20 24 25 26 30 31 38 39 41 45 50 53 58 64 66 71 72 76 77 78 85 87 90 91 92 94 95 97 99 103 110 119 121 122 124 128 130 131 140 144 147 148 149 150 156 164 178 179 182
a 3 6 7 9 10 13 16 20 24 25 26 30 31 38 39 41 45 50 53 58 64 66 71 72 76 77 78 85 87 88 90 91 92 94 95 97 99 103 110 119 121 122 124 128 130 131 140 147 148 149 150 156 164 178 179 182
a 3 6 7 9 10 13 16 20 24 25 26 30 31 38 39 41 45 50 53 58 64 66 71 72 76 78 85 87 88 90 91 92 93 94 95 97 99 103 110 119 121 122 124 128 130 131 140 147 148 149 150 156 164 178 179 182
a 3 6 7 9 10 13 16 20 24 25 26 30 31 38 39 41 45 50 53 58 64 66 71 72 76 78 85 87 88 90 91 92 93 94 95 97 99 103 104 110 119 121 122 124 128 130 131 140 147 148 149 150 156 178 179 182
a 3 6 7 9 10 13 16 20 24 25 26 30 31 38 39 41 45 50 53 58 64 66 71 72 76 78 85 87 88 90 91 92 93 94 95 97 99 103 104 110 119 122 124 128 130 131 140 147 148 149 150 156 173 178 179 182
a 3 6 7 9 10 13 16 20 24 25 26 30 31 38 39 41 42 45 50 53 58 64 66 71 76 78 85 87 88 90 91 92 93 94 95 97 99 103 104 110 119 122 124 128 130 131 140 147 148 149 150 156 173 178 179 182
a 3 6 7 9 10 13 16 20 24 25 26 30 31 38 39 41 42 45 50 53 58 64 66 71 76 78 85 87 88 90 91 92 93 94 95 97 99 103 104 110 119 122 124 128 131 140 141 147 148 149 150 156 173 178 179 182
a 3 6 7 9 10 13 20 24 25 26 30 31 38 39 41 42 45 50 53 58 64 66 71 76 78 85 87 88 90 91 92 93 94 95 97 99 103 104 110 119 122 124 128 131 140 141 145 147 148 149 150 156 173 178 179 182
a 3 6 7 9 10 13 24 25 26 30 31 38 39 41 42 45 50 53 57 58 64 66 71 76 78 85 87 88 90 91 92 93 94 95 97 99 103 104 110 119 122 124 128 131 140 141 145 147 148 149 150 156 173 178 179 182
a 3 6 7 9 10 13 24 25 26 30 31 38 39 41 42 45 50 53 57 58 64 66 71 76 78 85 87 88 90 91 93 94 95 97 99 103 104 110 119 122 124 128 131 140 141 145 147 148 149 150 156 168 173 178 179 182
a 3 6 7 9 10 13 24 25 26 30 31 39 41 42 45 50 53 57 58 62 64 66 71 76 78 85 87 88 90 91 93 94 95 97 99 103 104 110 119 122 124 128 131 140 141 145 147 148 149 150 156 168 173 178 179 182
a 3 6 7 9 10 13 24 25 26 30 31 39 41 42 45 50 53 57 58 62 64 66 71 76 78 85 87 88 90 91 93 94 95 97 99 103 104 110 119 122 124 128 131 140 141 145 147 148 149 150 156 159 168 173 178 182
a 3 6 7 9 10 13 24 25 26 30 31 39 41 42 45 50 53 57 58 62 64 66 69 71 76 78 85 87 88 90 91 93 94 95 97 99 103 104 110 119 122 124 128 131 140 141 145 147 149 150 156 159 168 173 178 182
a 3 6 7 10 13 24 25 26 30 31 39 41 42 45 50 53 57 58 62 64 66 69 71 76 78 79 85 87 88 90 91 93 94 95 97 99 103 104 110 119 122 124 128 131 140 141 145 147 149 150 156 159 168 173 178 182
a 3 6 7 10 13 24 25 26 30 31 39 41 42 45 50 53 57 58 62 64 66 69 71 76 78 79 85 87 88 90 91 93 94 97 99 103 104 110 119 122 124 128 131 140 141 145 147 149 150 153 156 159 168 173 178 182
a 3 6 10 13 24 25 26 30 31 39 40 41 42 45 50 53 57 58 62 64 66 69 71 76 78 79 85 87 88 90 91 93 94 97 99 103 104 110 119 122 124 128 131 140 141 145 147 149 150 153 156 159 168 173 178 182
a 6 10 13 24 25 26 30 31 39 40 41 42 45 49 50 53 57 58 62 64 66 69 71 76 78 79 85 87 88 90 91 93 94 97 99 103 104 110 119 122 124 128 131 140 141 145 147 149 150 153 156 159 168 173 178 182
a 6 10 13 24 25 26 30 31 39 40 41 42 45 49 50 53 57 58 62 64 66 69 71 76 78 79 85 87 88 90 91 93 94 97 99 103 104 110 122 124 128 131 140 141 143 145 147 149 150 153 156 159 168 173 178 182
a 6 8 10 13 24 25 26 30 31 39 40 41 42 45 49 50 53 57 58 62 64 66 69 71 76 78 79 85 88 90 91 93 94 97 99 103 104 110 122 124 128 131 140 141 143 145 147 149 150 153 156 159 168 173 178 182
a 6 8 10 13 24 25 26 30 31 39 40 41 42 45 49 50 53 57 58 62 64 66 69 71 76 78 79 85 88 90 91 93 94 97 99 104 110 122 124 128 131 140 141 143 145 147 149 150 153 156 158 159 168 173 178 182
a 8 10 13 24 25 26 30 31 39 40 41 42 45 49 50 53 57 58 62 64 66 69 71 76 78 79 85 88 90 91 93 94 97 99 104 110 122 124 128 131 132 140 141 143 145 147 149 150 153 156 158 159 168 173 178 182
a 8 10 13 17 24 25 26 30 31 39 40 41 42 45 49 50 53 57 58 62 64 66 69 71 76 78 79 85 88 90 91 93 94 97 99 104 110 122 124 128 131 132 140 141 143 145 147 149 153 156 158 159 168 173 178 182
a 8 10 13 17 24 25 26 30 39 40 41 42 45 49 50 53 55 57 58 62 64 66 69 71 76 78 79 85 88 90 91 93 94 97 99 104 110 122 124 128 131 132 140 141 143 145 147 149 153 156 158 159 168 173 178 182
a 8 10 13 17 24 25 26 30 39 40 42 45 49 50 53 55 57 58 62 64 66 69 71 76 78 79 85 88 90 91 93 94 97 99 104 110 112 122 124 128 131 132 140 141 143 145 147 149 153 156 158 159 168 173 178 182
a 8 10 13 17 24 25 26 30 39 40 42 45 46 49 50 53 55 57 58 62 64 66 69 71 76 78 79 85 88 90 91 93 94 97 99 104 110 112 122 128 131 132 140 141 143 145 147 149 153 156 158 159 168 173 178 182
a 8 10 13 17 24 25 26 30 39 40 42 45 46 49 50 55 57 58 62 64 66 69 71 76 78 79 85 88 90 91 93 94 97 99 104 110 111 112 122 128 131 132 140 141 143 145 147 149 153 156 158 159 168 173 178 182
a 8 10 13 17 24 25 26 30 39 40 42 45 46 49 50 55 56 57 62 64 66 69 71 76 78 79 85 88 90 91 93 94 97 99 104 110 111 112 122 128 131 132 140 141 143 145 147 149 153 156 158 159 168 173 178 182
a 8 10 13 17 24 25 26 30 39 40 42 45 46 49 50 55 56 57 62 64 66 69 71 78 79 85 88 90 91 93 94 97 99 104 110 111 112 122 128 131 132 140 141 143 145 147 149 153 156 158 159 168 173 174 178 182
a 8 10 13 17 24 25 26 30 39 40 42 45 46 49 50 55 56 57 62 64 66 68 69 71 78 79 85 88 90 91 93 94 97 99 104 110 111 112 122 128 131 132 140 141 143 145 147 149 153 156 158 159 168 173 174 182
a 8 10 13 17 24 25 26 30 39 40 42 45 46 49 50 55 56 57 62 64 66 68 69 71 78 79 85 88 90 91 93 94 97 99 104 110 111 112 122 128 131 132 137 140 141 143 145 147 149 153 158 159 168 173 174 182
a 8 10 13 17 24 25 26 30 39 40 42 45 46 49 50 55 56 57 62 64 66 68 69 71 78 79 88 90 91 93 94 97 99 104 110 111 112 117 122 128 131 132 137 140 141 143 145 147 149 153 158 159 168 173 174 182
a 8 10 13 17 24 25 26 30 39 40 42 45 46 49 50 55 56 57 62 64 66 68 69 71 78 79 88 90 91 93 94 99 104 110 111 112 117 122 123 128 131 132 137 140 141 143 145 147 149 153 158 159 168 173 174 182
a 8 10 13 17 24 25 26 30 39 40 42 45 46 49 50 55 56 57 62 64 66 68 69 71 78 79 88 90 91 93 94 99 104 110 111 112 117 122 123 128 131 132 137 140 141 143 145 147 149 153 158 159 168 169 173 174
	Command being timed: "/Users/soh/app/scala-2.12.4/bin/scala -J-Xms32g -J-Xmx32g -cp /Users/soh/app/IsrForCompetition230719-15h37m/scop.jar:/Users/soh/app/IsrForCompetition230719-15h37m/isr4competition_2.12-1.3.5.jar fun.scop.app.isr.IsrSolverTj05 benchmark/ISR-benchmark/random_instance/random_instance014_graph004.col benchmark/ISR-benchmark/random_instance/random_instance014_graph004.dat cadical /Users/soh/app/IsrForCompetition230719-15h37m/cadical"
	User time (seconds): 4.91
	System time (seconds): 0.56
	Percent of CPU this job got: 123%
	Elapsed (wall clock) time (h:mm:ss or m:ss): 0:04.45
	Average shared text size (kbytes): 0
	Average unshared data size (kbytes): 0
	Average stack size (kbytes): 0
	Average total size (kbytes): 0
	Maximum resident set size (kbytes): 8893038592
	Average resident set size (kbytes): 0
	Major (requiring I/O) page faults: 0
	Minor (reclaiming a frame) page faults: 562304
	Voluntary context switches: 33
	Involuntary context switches: 3605
	Swaps: 0
	File system inputs: 0
	File system outputs: 0
	Socket messages sent: 37
	Socket messages received: 0
	Signals delivered: 5
	Page size (bytes): 4096
	Exit status: 0
FINISHED CPU 5.47 MEM 0 MAXMEM 0 STALE 1
#RESULT: UNK
#FIN: FIN
#CPU: 5.47
#MAXMEM: 0
c 
#END: [Wed Jul 19 16:21:17 2023]
