#BEGIN: [Wed Jul 19 16:20:50 2023]
#HOST: mini30.local
#TIMELIMIT: 7200
#MEMLIMIT: 0
#FREQ: 10
#SOLVER: sat-based-isr-tj05-230719-15h37m
#ARG1: benchmark/ISR-benchmark/random_instance/random_instance006_graph001.col
#ARG2: benchmark/ISR-benchmark/random_instance/random_instance006_graph001.dat
#COMMAND: /Users/soh/app/scala-2.12.4/bin/scala -J-Xms32g -J-Xmx32g -cp /Users/soh/app/IsrForCompetition230719-15h37m/scop.jar:/Users/soh/app/IsrForCompetition230719-15h37m/isr4competition_2.12-1.3.5.jar fun.scop.app.isr.IsrSolverTj05 benchmark/ISR-benchmark/random_instance/random_instance006_graph001.col benchmark/ISR-benchmark/random_instance/random_instance006_graph001.dat cadical /Users/soh/app/IsrForCompetition230719-15h37m/cadical
#Nodes: 78
#Edges: 234
c (0) step 1 UNSAT 490 1619
c (0) step 2 UNSAT 945 3035
c (0) step 3 UNSAT 1466 4602
c (0) step 4 UNSAT 2075 6363
c (0) step 5 UNSAT 2794 8361
c (0) step 6 UNSAT 3645 10639
c (0) step 7 UNSAT 4650 13240
c (0) step 8 UNSAT 5831 16207
c (0) step 9 UNSAT 7210 19583
c (0) step 10 UNSAT 8809 23411
c (0) step 11 UNSAT 10650 27734
c (0) step 12 UNSAT 12755 32595
c (0) step 13 UNSAT 15146 38037
c (0) step 14 UNSAT 17845 44103
c (0) step 15 UNSAT 20874 50836
c (0) step 16 SAT 24255 58279
a YES
a 4 5 6 12 15 17 21 24 25 27 29 31 36 43 44 47 49 52 57 63 73 75 77
a 4 6 12 15 17 21 24 25 27 29 31 36 43 44 47 49 52 57 63 65 73 75 77
a 4 6 8 12 15 17 21 24 25 27 29 31 36 43 44 47 49 57 63 65 73 75 77
a 4 6 8 12 13 15 17 21 25 27 29 31 36 43 44 47 49 57 63 65 73 75 77
a 4 6 8 12 13 15 17 25 27 29 31 36 43 44 47 49 57 63 65 73 75 76 77
a 4 8 12 13 15 17 25 27 29 31 33 36 43 44 47 49 57 63 65 73 75 76 77
a 4 8 12 13 15 17 25 27 29 31 33 36 43 44 47 49 54 57 63 65 73 76 77
a 4 8 10 12 13 15 17 25 27 29 31 33 36 43 44 49 54 57 63 65 73 76 77
a 4 8 10 11 12 13 15 17 27 29 31 33 36 43 44 49 54 57 63 65 73 76 77
a 8 10 11 12 13 15 17 27 29 31 33 36 43 44 49 54 57 63 65 73 76 77 78
a 8 10 11 12 13 15 17 27 29 31 33 43 44 49 54 55 57 63 65 73 76 77 78
a 8 10 11 12 13 15 17 27 28 29 31 33 43 44 54 55 57 63 65 73 76 77 78
a 8 10 11 12 13 15 17 27 28 29 31 33 37 44 54 55 57 63 65 73 76 77 78
a 8 10 11 12 13 15 17 27 28 31 33 37 44 54 55 57 58 63 65 73 76 77 78
a 8 10 11 12 13 15 17 27 28 31 33 37 44 53 54 55 57 58 63 65 76 77 78
a 8 10 11 12 13 15 17 27 28 31 33 37 44 53 54 55 57 58 65 71 76 77 78
a 8 10 11 12 13 15 17 27 28 33 37 44 53 54 55 57 58 65 67 71 76 77 78
	Command being timed: "/Users/soh/app/scala-2.12.4/bin/scala -J-Xms32g -J-Xmx32g -cp /Users/soh/app/IsrForCompetition230719-15h37m/scop.jar:/Users/soh/app/IsrForCompetition230719-15h37m/isr4competition_2.12-1.3.5.jar fun.scop.app.isr.IsrSolverTj05 benchmark/ISR-benchmark/random_instance/random_instance006_graph001.col benchmark/ISR-benchmark/random_instance/random_instance006_graph001.dat cadical /Users/soh/app/IsrForCompetition230719-15h37m/cadical"
	User time (seconds): 1.34
	System time (seconds): 0.11
	Percent of CPU this job got: 178%
	Elapsed (wall clock) time (h:mm:ss or m:ss): 0:00.81
	Average shared text size (kbytes): 0
	Average unshared data size (kbytes): 0
	Average stack size (kbytes): 0
	Average total size (kbytes): 0
	Maximum resident set size (kbytes): 1194049536
	Average resident set size (kbytes): 0
	Major (requiring I/O) page faults: 0
	Minor (reclaiming a frame) page faults: 78831
	Voluntary context switches: 35
	Involuntary context switches: 2914
	Swaps: 0
	File system inputs: 0
	File system outputs: 0
	Socket messages sent: 39
	Socket messages received: 0
	Signals delivered: 4
	Page size (bytes): 4096
	Exit status: 0
FINISHED CPU 1.45 MEM 0 MAXMEM 0 STALE 1
#RESULT: UNK
#FIN: FIN
#CPU: 1.45
#MAXMEM: 0
c 
#END: [Wed Jul 19 16:20:51 2023]
