#BEGIN: [Wed Jul 19 16:21:18 2023]
#HOST: mini28.local
#TIMELIMIT: 7200
#MEMLIMIT: 0
#FREQ: 10
#SOLVER: sat-based-isr-tj05-230719-15h37m
#ARG1: benchmark/ISR-benchmark/random_instance/random_instance015_graph005.col
#ARG2: benchmark/ISR-benchmark/random_instance/random_instance015_graph005.dat
#COMMAND: /Users/soh/app/scala-2.12.4/bin/scala -J-Xms32g -J-Xmx32g -cp /Users/soh/app/IsrForCompetition230719-15h37m/scop.jar:/Users/soh/app/IsrForCompetition230719-15h37m/isr4competition_2.12-1.3.5.jar fun.scop.app.isr.IsrSolverTj05 benchmark/ISR-benchmark/random_instance/random_instance015_graph005.col benchmark/ISR-benchmark/random_instance/random_instance015_graph005.dat cadical /Users/soh/app/IsrForCompetition230719-15h37m/cadical
#Nodes: 194
#Edges: 585
WARNING. There is missing goal nodes: {178}
c (0) step 1 UNSAT 1227 4068
c (0) step 2 UNSAT 2385 7671
c (0) step 3 UNSAT 3732 11712
c (0) step 4 UNSAT 5331 16316
c (0) step 5 UNSAT 7245 21608
c (0) step 6 UNSAT 9537 27713
c (0) step 7 UNSAT 12270 34756
c (0) step 8 UNSAT 15507 42862
c (0) step 9 UNSAT 19311 52156
c (0) step 10 UNSAT 23745 62763
c (0) step 11 UNSAT 28872 74808
c (0) step 12 UNSAT 34755 88416
c (0) step 13 UNSAT 41457 103712
c (0) step 14 UNSAT 49041 120821
c (0) step 15 UNSAT 57570 139868
c (0) step 16 UNSAT 67107 160978
c (0) step 17 UNSAT 77715 184276
c (0) step 18 UNSAT 89457 209887
c (0) step 19 UNSAT 102396 237936
c (0) step 20 UNSAT 116595 268548
c (0) step 21 UNSAT 132117 301848
c (0) step 22 UNSAT 149025 337961
c (0) step 23 UNSAT 167382 377012
c (0) step 24 UNSAT 187251 419126
c (0) step 25 UNSAT 208695 464428
c (0) step 26 UNSAT 231777 513043
c (0) step 27 UNSAT 256560 565096
c (0) step 28 UNSAT 283107 620712
c (0) step 29 UNSAT 311481 680016
c (1) step 30 UNSAT 341745 743133
c (1) step 31 UNSAT 373962 810188
c (1) step 32 SAT 408195 881306
a YES
a 3 6 8 9 11 18 19 22 25 38 41 44 45 46 49 50 51 66 70 73 75 76 79 80 81 84 86 87 88 92 97 98 99 104 107 111 115 116 122 127 130 131 137 139 143 145 149 153 155 156 157 159 161 163 166 171 174 177 180 182 183 184 186 190
a 3 6 8 9 11 15 18 19 22 25 38 41 44 45 46 49 50 51 66 70 73 75 76 79 80 81 84 86 87 88 92 97 98 99 104 107 111 115 116 122 127 130 131 137 139 143 145 149 153 155 156 157 159 161 163 166 171 174 180 182 183 184 186 190
a 3 8 9 11 15 18 19 22 25 38 41 44 45 46 49 50 51 66 69 70 73 75 76 79 80 81 84 86 87 88 92 97 98 99 104 107 111 115 116 122 127 130 131 137 139 143 145 149 153 155 156 157 159 161 163 166 171 174 180 182 183 184 186 190
a 3 8 9 11 15 18 19 22 25 38 41 44 45 46 49 50 51 66 69 70 73 75 76 79 80 81 84 86 87 88 92 97 98 99 104 107 111 115 116 122 127 130 131 132 137 139 145 149 153 155 156 157 159 161 163 166 171 174 180 182 183 184 186 190
a 3 8 9 11 15 18 19 22 25 38 41 44 45 46 49 50 51 66 69 70 73 75 76 79 80 81 86 87 88 92 97 98 99 104 105 107 111 115 116 122 127 130 131 132 137 139 145 149 153 155 156 157 159 161 163 166 171 174 180 182 183 184 186 190
a 3 8 9 11 15 18 19 22 25 38 41 42 44 45 46 49 50 51 66 69 70 73 75 76 79 80 81 86 88 92 97 98 99 104 105 107 111 115 116 122 127 130 131 132 137 139 145 149 153 155 156 157 159 161 163 166 171 174 180 182 183 184 186 190
a 3 8 9 11 15 18 19 22 25 38 41 42 44 45 46 49 50 51 66 69 70 73 75 76 79 80 81 86 88 92 97 98 99 101 104 105 107 111 116 122 127 130 131 132 137 139 145 149 153 155 156 157 159 161 163 166 171 174 180 182 183 184 186 190
a 8 9 11 15 18 19 22 25 38 41 42 43 44 45 46 49 50 51 66 69 70 73 75 76 79 80 81 86 88 92 97 98 99 101 104 105 107 111 116 122 127 130 131 132 137 139 145 149 153 155 156 157 159 161 163 166 171 174 180 182 183 184 186 190
a 8 9 11 15 18 19 22 25 33 38 41 42 43 44 45 46 49 50 51 66 69 70 73 75 76 79 80 81 86 88 92 97 98 99 101 104 105 107 111 116 122 127 130 131 132 137 139 145 149 153 156 157 159 161 163 166 171 174 180 182 183 184 186 190
a 8 9 11 15 18 19 22 25 33 38 41 42 43 44 45 46 48 49 50 51 66 69 70 73 75 76 79 80 81 86 92 97 98 99 101 104 105 107 111 116 122 127 130 131 132 137 139 145 149 153 156 157 159 161 163 166 171 174 180 182 183 184 186 190
a 8 9 11 15 18 22 25 33 38 41 42 43 44 45 46 48 49 50 51 66 69 70 73 75 76 79 80 81 86 92 97 98 99 101 104 105 107 111 116 122 127 130 131 132 137 139 145 149 153 156 157 159 161 163 166 171 174 180 182 183 184 185 186 190
a 8 9 11 15 18 22 25 33 38 39 42 43 44 45 46 48 49 50 51 66 69 70 73 75 76 79 80 81 86 92 97 98 99 101 104 105 107 111 116 122 127 130 131 132 137 139 145 149 153 156 157 159 161 163 166 171 174 180 182 183 184 185 186 190
a 8 9 11 15 18 25 33 38 39 42 43 44 45 46 48 49 50 51 66 69 70 73 75 76 79 80 81 83 86 92 97 98 99 101 104 105 107 111 116 122 127 130 131 132 137 139 145 149 153 156 157 159 161 163 166 171 174 180 182 183 184 185 186 190
a 8 9 11 15 18 25 33 38 39 42 43 44 45 46 48 49 50 51 69 70 73 75 76 79 80 81 83 86 92 97 98 99 101 104 105 107 111 116 122 127 130 131 132 137 139 145 149 153 156 157 159 161 163 166 171 172 174 180 182 183 184 185 186 190
a 8 9 11 15 18 25 33 38 39 42 43 44 45 46 48 49 50 69 70 73 75 76 79 80 81 83 86 92 97 98 99 101 104 105 107 111 116 122 127 130 131 132 137 139 145 149 153 156 157 159 161 163 166 171 172 174 180 182 183 184 185 186 190 193
a 8 9 11 15 18 25 30 33 38 39 42 43 44 45 46 48 49 50 69 70 73 75 76 79 80 81 83 92 97 98 99 101 104 105 107 111 116 122 127 130 131 132 137 139 145 149 153 156 157 159 161 163 166 171 172 174 180 182 183 184 185 186 190 193
a 8 9 15 18 25 30 33 38 39 42 43 44 45 46 48 49 50 69 70 73 75 76 79 80 81 83 92 97 98 99 101 104 105 107 109 111 116 122 127 130 131 132 137 139 145 149 153 156 157 159 161 163 166 171 172 174 180 182 183 184 185 186 190 193
a 8 9 15 18 25 30 33 38 39 42 43 44 45 46 48 49 50 69 70 73 75 76 79 80 81 83 92 97 98 99 101 104 105 107 109 111 116 122 127 128 130 131 132 137 139 145 149 153 156 157 159 161 163 166 171 172 174 180 182 183 184 185 190 193
a 8 9 15 25 30 33 38 39 42 43 44 45 46 48 49 50 69 70 73 75 76 79 80 81 83 92 97 98 99 101 104 105 107 109 111 116 122 125 127 128 130 131 132 137 139 145 149 153 156 157 159 161 163 166 171 172 174 180 182 183 184 185 190 193
a 8 9 15 25 30 33 38 39 42 43 44 45 46 48 49 50 69 70 73 75 76 79 80 81 83 92 97 98 99 101 104 105 107 109 111 116 122 124 125 127 128 130 131 132 137 139 145 149 153 156 157 159 161 163 166 171 172 174 180 182 184 185 190 193
a 8 9 15 25 30 33 38 39 42 43 44 45 46 48 49 50 69 70 73 75 76 79 80 81 83 92 97 98 99 101 104 105 107 109 111 116 122 124 125 127 128 130 131 132 137 139 145 149 153 156 157 159 160 163 166 171 172 174 180 182 184 185 190 193
a 8 9 13 15 25 30 33 38 39 42 43 44 45 46 48 49 50 69 70 73 75 76 79 80 83 92 97 98 99 101 104 105 107 109 111 116 122 124 125 127 128 130 131 132 137 139 145 149 153 156 157 159 160 163 166 171 172 174 180 182 184 185 190 193
a 8 9 13 15 20 25 30 33 38 39 42 43 44 45 46 48 49 50 69 70 73 75 76 79 80 83 92 97 98 99 101 104 105 107 109 111 116 122 124 125 127 128 130 131 132 137 139 145 153 156 157 159 160 163 166 171 172 174 180 182 184 185 190 193
a 8 9 13 15 20 25 30 33 38 39 42 43 44 45 46 48 49 50 69 70 73 75 76 79 80 83 92 97 98 99 101 104 105 107 109 111 116 122 124 125 127 128 130 131 132 137 139 145 148 153 157 159 160 163 166 171 172 174 180 182 184 185 190 193
a 8 9 13 15 20 25 30 33 38 39 42 43 44 45 46 48 49 50 69 70 73 75 76 79 80 83 92 97 98 99 101 104 105 107 109 111 116 122 124 125 127 128 129 130 131 132 137 139 145 148 153 157 160 163 166 171 172 174 180 182 184 185 190 193
a 8 9 13 15 20 25 30 33 38 39 42 43 44 45 46 48 49 50 69 70 73 75 76 79 80 83 92 97 98 99 101 102 104 105 107 109 111 116 122 124 125 127 128 129 130 131 132 137 139 148 153 157 160 163 166 171 172 174 180 182 184 185 190 193
a 8 9 13 15 20 25 30 33 38 39 42 43 44 45 46 48 49 50 54 69 70 73 75 76 79 80 83 92 97 98 99 101 102 104 105 107 109 116 122 124 125 127 128 129 130 131 132 137 139 148 153 157 160 163 166 171 172 174 180 182 184 185 190 193
a 8 9 13 15 20 25 30 33 38 39 42 43 44 45 46 48 49 50 54 55 69 70 73 75 76 79 80 83 92 97 98 99 101 102 104 105 107 109 116 122 124 125 127 128 129 130 131 132 137 139 148 153 157 160 163 166 172 174 180 182 184 185 190 193
a 8 9 13 15 20 25 30 33 38 39 42 43 44 45 46 48 49 50 54 55 69 70 73 75 76 79 80 83 92 97 98 101 102 104 105 107 109 116 122 124 125 127 128 129 130 131 132 137 139 146 148 153 157 160 163 166 172 174 180 182 184 185 190 193
a 8 9 13 15 20 25 30 33 38 39 42 43 44 45 46 48 49 50 54 55 69 70 73 75 76 79 80 83 92 97 98 101 102 104 105 107 109 116 122 124 125 127 128 129 130 131 132 137 146 148 153 157 160 163 165 166 172 174 180 182 184 185 190 193
a 8 9 13 15 20 25 30 33 38 39 42 43 44 45 46 48 49 50 54 55 69 70 73 75 76 79 80 83 92 97 98 101 102 104 105 107 109 112 116 122 124 125 127 128 129 131 132 137 146 148 153 157 160 163 165 166 172 174 180 182 184 185 190 193
a 8 9 13 15 20 25 30 33 38 39 42 43 44 45 46 48 49 50 54 55 69 70 73 75 76 79 80 83 92 96 97 98 101 102 104 105 107 109 112 116 122 124 125 127 128 129 131 132 137 146 148 153 157 160 163 165 166 172 174 180 182 184 185 193
a 5 8 9 13 15 20 25 30 33 38 39 42 43 44 45 46 48 49 50 54 55 69 70 73 75 76 79 80 83 92 96 97 98 101 102 104 105 107 109 112 116 122 124 125 127 128 129 131 132 146 148 153 157 160 163 165 166 172 174 180 182 184 185 193
	Command being timed: "/Users/soh/app/scala-2.12.4/bin/scala -J-Xms32g -J-Xmx32g -cp /Users/soh/app/IsrForCompetition230719-15h37m/scop.jar:/Users/soh/app/IsrForCompetition230719-15h37m/isr4competition_2.12-1.3.5.jar fun.scop.app.isr.IsrSolverTj05 benchmark/ISR-benchmark/random_instance/random_instance015_graph005.col benchmark/ISR-benchmark/random_instance/random_instance015_graph005.dat cadical /Users/soh/app/IsrForCompetition230719-15h37m/cadical"
	User time (seconds): 3.16
	System time (seconds): 0.43
	Percent of CPU this job got: 142%
	Elapsed (wall clock) time (h:mm:ss or m:ss): 0:02.52
	Average shared text size (kbytes): 0
	Average unshared data size (kbytes): 0
	Average stack size (kbytes): 0
	Average total size (kbytes): 0
	Maximum resident set size (kbytes): 7145799680
	Average resident set size (kbytes): 0
	Major (requiring I/O) page faults: 0
	Minor (reclaiming a frame) page faults: 445902
	Voluntary context switches: 36
	Involuntary context switches: 3465
	Swaps: 0
	File system inputs: 0
	File system outputs: 0
	Socket messages sent: 39
	Socket messages received: 0
	Signals delivered: 5
	Page size (bytes): 4096
	Exit status: 0
FINISHED CPU 3.59 MEM 0 MAXMEM 0 STALE 1
#RESULT: UNK
#FIN: FIN
#CPU: 3.59
#MAXMEM: 0
c 
#END: [Wed Jul 19 16:21:20 2023]
