#BEGIN: [Tue Aug  8 19:31:13 2023]
#HOST: mini27.local
#TIMELIMIT: 1800
#MEMLIMIT: 0
#FREQ: 10
#SOLVER: recon
#ARG1: benchmark/ISR-benchmark/random_instance/random_instance010_graph005.col
#ARG2: benchmark/ISR-benchmark/random_instance/random_instance010_graph005.dat
#COMMAND: /Users/soh/app/recon/src/recon benchmark/ISR-benchmark/random_instance/random_instance010_graph005.col benchmark/ISR-benchmark/random_instance/random_instance010_graph005.dat
c Copyright Volker Turau & Christoph Weyer, 2022
c Institute of Telematics
c Hamburg University of Technology, Hamburg, Germany
c Contact: turau@tuhh.de
c Graph file: benchmark/ISR-benchmark/random_instance/random_instance010_graph005.col
c Target file: benchmark/ISR-benchmark/random_instance/random_instance010_graph005.dat
c Size of independent set: 40
c Number of nodes of graph: 130
c Number of edges of graph: 390
c Average degree of graph: 6.00
s 4 5 6 10 17 18 21 23 33 35 39 40 49 53 59 61 62 67 70 73 75 77 83 85 87 89 90 91 96 97 100 103 104 105 110 111 118 124 128 130 
t 1 4 6 12 14 16 18 20 26 27 29 39 44 45 49 53 55 56 57 58 61 63 65 66 67 70 75 77 78 87 103 105 106 110 113 122 127 128 129 130 
c BFS found 34 new nodes in level 1 (total 35/223696213)
c BFS found 1109 new nodes in level 2 (total 1144/223696213)
c BFS found 24664 new nodes in level 3 (total 25808/223696213)
c BFS found 410630 new nodes in level 4 (total 436438/223696213)
c BFS found 5367357 new nodes in level 5 (total 5803732/223696213)
c BFS found 56869108 new nodes in level 6 (total 62668985/223696213)
TIMEOUT CPU 1800 MEM 0 MAXMEM 0
#RESULT: UNK
#FIN: TO
#CPU: 1800
#MAXMEM: 0
c 22870 killed(2). 22869 killed(2). 22870 killed(9). 22869 killed(9). 
#END: [Tue Aug  8 20:01:13 2023]
