#BEGIN: [Tue Aug  8 22:06:15 2023]
#HOST: mini28.local
#TIMELIMIT: 1800
#MEMLIMIT: 0
#FREQ: 10
#SOLVER: recon
#ARG1: benchmark/ISR-benchmark/random_instance/random_instance019_graph004.col
#ARG2: benchmark/ISR-benchmark/random_instance/random_instance019_graph004.dat
#COMMAND: /Users/soh/app/recon/src/recon benchmark/ISR-benchmark/random_instance/random_instance019_graph004.col benchmark/ISR-benchmark/random_instance/random_instance019_graph004.dat
c Copyright Volker Turau & Christoph Weyer, 2022
c Institute of Telematics
c Hamburg University of Technology, Hamburg, Germany
c Contact: turau@tuhh.de
c Graph file: benchmark/ISR-benchmark/random_instance/random_instance019_graph004.col
c Target file: benchmark/ISR-benchmark/random_instance/random_instance019_graph004.dat
c Size of independent set: 80
c Number of nodes of graph: 247
c Number of edges of graph: 741
c Average degree of graph: 6.00
s 1 3 5 6 7 10 13 14 22 23 32 33 35 45 46 52 53 55 57 60 62 65 66 67 68 69 70 73 76 77 88 94 98 99 100 101 105 110 116 119 124 129 137 142 144 145 147 148 149 150 154 155 163 166 167 172 173 175 179 183 186 191 195 196 201 207 209 211 213 218 224 225 226 229 230 231 234 238 243 245 
t 1 4 5 8 12 17 20 23 24 25 31 35 38 39 40 46 48 50 52 53 61 66 69 70 71 72 76 78 83 84 87 89 90 91 97 101 105 106 112 116 118 127 130 131 135 138 141 144 145 149 151 153 155 157 159 161 164 166 169 171 174 175 191 194 199 201 204 207 211 216 217 219 220 225 230 231 236 238 239 242 
c BFS found 43 new nodes in level 1 (total 44/206488812)
c BFS found 1805 new nodes in level 2 (total 1849/206488812)
c BFS found 53787 new nodes in level 3 (total 55636/206488812)
c BFS found 1255972 new nodes in level 4 (total 1311608/206488812)
c BFS found 23919466 new nodes in level 5 (total 25231007/206488812)
TIMEOUT CPU 1800 MEM 0 MAXMEM 0
#RESULT: UNK
#FIN: TO
#CPU: 1800
#MAXMEM: 0
c 26241 killed(2). 26240 killed(2). 26241 killed(9). 26240 killed(9). 
#END: [Tue Aug  8 22:36:16 2023]
