#BEGIN: [Wed Jul 19 16:20:58 2023]
#HOST: mini30.local
#TIMELIMIT: 7200
#MEMLIMIT: 0
#FREQ: 10
#SOLVER: sat-based-isr-tj05-230719-15h37m
#ARG1: benchmark/ISR-benchmark/random_instance/random_instance009_graph004.col
#ARG2: benchmark/ISR-benchmark/random_instance/random_instance009_graph004.dat
#COMMAND: /Users/soh/app/scala-2.12.4/bin/scala -J-Xms32g -J-Xmx32g -cp /Users/soh/app/IsrForCompetition230719-15h37m/scop.jar:/Users/soh/app/IsrForCompetition230719-15h37m/isr4competition_2.12-1.3.5.jar fun.scop.app.isr.IsrSolverTj05 benchmark/ISR-benchmark/random_instance/random_instance009_graph004.col benchmark/ISR-benchmark/random_instance/random_instance009_graph004.dat cadical /Users/soh/app/IsrForCompetition230719-15h37m/cadical
#Nodes: 116
#Edges: 351
WARNING. There is missing goal nodes: {41}
c (0) step 1 UNSAT 732 2427
c (0) step 2 UNSAT 1419 4566
c (0) step 3 UNSAT 2214 6954
c (0) step 4 UNSAT 3153 9662
c (0) step 5 UNSAT 4272 12761
c (0) step 6 UNSAT 5607 16322
c (0) step 7 UNSAT 7194 20416
c (0) step 8 UNSAT 9069 25114
c (0) step 9 UNSAT 11268 30487
c (0) step 10 UNSAT 13827 36606
c (0) step 11 UNSAT 16782 43542
c (0) step 12 UNSAT 20169 51366
c (0) step 13 UNSAT 24024 60149
c (0) step 14 UNSAT 28383 69962
c (0) step 15 UNSAT 33282 80876
c (0) step 16 UNSAT 38757 92962
c (0) step 17 UNSAT 44844 106291
c (0) step 18 UNSAT 51579 120934
c (0) step 19 UNSAT 58998 136962
c (0) step 20 UNSAT 67137 154446
c (0) step 21 UNSAT 76032 173457
c (0) step 22 UNSAT 85719 194066
c (0) step 23 UNSAT 96234 216344
c (2) step 24 UNSAT 107613 240362
c (2) step 25 SAT 119892 266191
a YES
a 3 6 12 14 17 19 21 25 29 32 34 39 43 44 45 48 50 51 56 63 64 72 73 75 76 78 85 92 93 94 99 100 101 102 112 113 116
a 3 6 12 14 17 19 21 25 29 32 34 39 43 44 45 48 50 51 56 63 64 72 73 74 75 76 78 85 92 93 94 99 100 101 102 112 113
a 3 6 12 14 17 19 25 29 32 34 39 43 44 45 48 50 51 56 63 64 72 73 74 75 76 78 81 85 92 93 94 99 100 101 102 112 113
a 3 6 14 17 19 25 29 32 34 39 43 44 45 48 50 51 56 63 64 68 72 73 74 75 76 78 81 85 92 93 94 99 100 101 102 112 113
a 3 6 14 17 19 25 28 29 32 34 39 43 44 45 48 50 51 63 64 68 72 73 74 75 76 78 81 85 92 93 94 99 100 101 102 112 113
a 3 14 17 19 25 28 29 32 34 39 43 44 45 48 50 51 63 64 68 69 72 73 74 75 76 78 81 85 92 93 94 99 100 101 102 112 113
a 14 17 19 23 25 28 29 32 34 39 43 44 45 48 50 51 63 64 68 69 72 73 74 75 76 78 81 85 92 93 94 99 100 101 102 112 113
a 2 14 17 19 23 25 28 32 34 39 43 44 45 48 50 51 63 64 68 69 72 73 74 75 76 78 81 85 92 93 94 99 100 101 102 112 113
a 2 14 17 19 23 25 28 32 34 39 43 44 45 46 48 50 51 63 68 69 72 73 74 75 76 78 81 85 92 93 94 99 100 101 102 112 113
a 2 14 17 19 23 25 28 32 34 39 43 44 46 48 50 51 63 68 69 72 73 74 75 76 78 81 85 92 93 94 99 100 101 102 111 112 113
a 2 14 17 19 23 25 28 32 34 39 43 44 46 48 50 51 63 67 68 69 72 73 74 75 76 78 81 85 92 93 94 100 101 102 111 112 113
a 2 14 17 19 23 25 28 32 34 39 40 43 44 46 48 50 51 63 67 68 69 72 73 74 75 76 78 81 85 92 93 100 101 102 111 112 113
a 2 4 14 17 19 23 25 28 32 34 39 40 43 44 46 48 50 51 63 67 68 69 72 73 74 75 76 78 81 85 92 93 100 101 102 111 112
a 2 4 14 17 19 23 25 28 32 34 39 40 43 44 46 48 50 51 63 67 68 69 72 73 74 75 76 78 81 85 92 93 100 101 106 111 112
a 2 4 14 17 23 25 28 32 34 35 39 40 43 44 46 48 50 51 63 67 68 69 72 73 74 75 76 78 81 85 92 93 100 101 106 111 112
a 1 2 4 14 17 23 25 28 32 35 39 40 43 44 46 48 50 51 63 67 68 69 72 73 74 75 76 78 81 85 92 93 100 101 106 111 112
a 1 2 4 14 17 23 25 28 32 35 39 40 43 44 46 48 50 51 52 63 67 68 69 72 73 74 75 76 81 85 92 93 100 101 106 111 112
a 1 2 4 14 17 23 24 25 28 32 35 39 40 44 46 48 50 51 52 63 67 68 69 72 73 74 75 76 81 85 92 93 100 101 106 111 112
a 1 2 4 14 17 23 24 25 28 31 32 35 39 40 44 46 50 51 52 63 67 68 69 72 73 74 75 76 81 85 92 93 100 101 106 111 112
a 1 2 4 14 17 23 24 25 28 31 32 35 39 40 44 46 50 51 52 63 67 68 69 71 72 73 74 75 76 81 85 92 93 101 106 111 112
a 1 2 4 14 16 17 23 24 25 28 31 32 35 39 40 44 46 50 51 52 63 67 68 69 71 72 73 74 75 76 81 85 93 101 106 111 112
a 1 2 4 14 16 17 23 24 25 28 31 32 35 39 40 44 46 50 51 52 63 67 68 69 71 73 74 75 76 81 85 93 101 106 109 111 112
a 1 2 4 14 16 17 23 24 25 28 31 32 35 39 40 44 46 50 51 52 63 67 68 69 71 73 74 75 76 81 91 93 101 106 109 111 112
a 1 2 4 14 16 17 20 23 24 25 28 31 32 35 39 40 44 46 50 51 52 63 67 68 69 71 74 75 76 81 91 93 101 106 109 111 112
a 1 2 4 14 16 17 20 23 24 25 28 31 32 35 39 40 44 46 50 51 52 63 67 68 69 71 74 75 81 91 93 101 106 109 111 112 114
a 1 4 14 16 17 20 23 24 25 28 31 32 35 39 40 44 46 50 51 52 54 63 67 68 69 71 74 75 81 91 93 101 106 109 111 112 114
	Command being timed: "/Users/soh/app/scala-2.12.4/bin/scala -J-Xms32g -J-Xmx32g -cp /Users/soh/app/IsrForCompetition230719-15h37m/scop.jar:/Users/soh/app/IsrForCompetition230719-15h37m/isr4competition_2.12-1.3.5.jar fun.scop.app.isr.IsrSolverTj05 benchmark/ISR-benchmark/random_instance/random_instance009_graph004.col benchmark/ISR-benchmark/random_instance/random_instance009_graph004.dat cadical /Users/soh/app/IsrForCompetition230719-15h37m/cadical"
	User time (seconds): 3.87
	System time (seconds): 0.20
	Percent of CPU this job got: 131%
	Elapsed (wall clock) time (h:mm:ss or m:ss): 0:03.09
	Average shared text size (kbytes): 0
	Average unshared data size (kbytes): 0
	Average stack size (kbytes): 0
	Average total size (kbytes): 0
	Maximum resident set size (kbytes): 2676604928
	Average resident set size (kbytes): 0
	Major (requiring I/O) page faults: 0
	Minor (reclaiming a frame) page faults: 171114
	Voluntary context switches: 34
	Involuntary context switches: 3251
	Swaps: 0
	File system inputs: 0
	File system outputs: 0
	Socket messages sent: 39
	Socket messages received: 0
	Signals delivered: 6
	Page size (bytes): 4096
	Exit status: 0
FINISHED CPU 4.07 MEM 0 MAXMEM 0 STALE 1
#RESULT: UNK
#FIN: FIN
#CPU: 4.07
#MAXMEM: 0
c 
#END: [Wed Jul 19 16:21:01 2023]
