#BEGIN: [Tue Aug  1 15:44:41 2023]
#HOST: mini30.local
#TIMELIMIT: 7200
#MEMLIMIT: 0
#FREQ: 10
#SOLVER: ddreconf230801-10h10m
#ARG1: benchmark/ISR-benchmark/random_instance/random_instance009_graph005.col
#ARG2: benchmark/ISR-benchmark/random_instance/random_instance009_graph005.dat
#COMMAND: /Users/soh/app/ddreconf230801-10h10m/ddreconf benchmark/ISR-benchmark/random_instance/random_instance009_graph005.col --indset --stwidth --stfile=benchmark/ISR-benchmark/random_instance/random_instance009_graph005.dat
Input graph file parsed. # of vertices = 117, # of edges = 351
s 2 3 8 14 15 16 19 20 76 24 32 34 50 39 114 55 60 63 104 68 69 70 72 75 77 117 106 80 83 85 116 92 94 95 99 112 102 108
t 8 10 14 16 19 76 22 23 28 29 38 39 40 42 66 46 48 52 55 57 63 104 65 69 71 73 75 77 117 79 82 85 91 92 95 112 105 111
Solution space ZDD construction start
Command terminated by signal 9
	Command being timed: "/Users/soh/app/ddreconf230801-10h10m/ddreconf benchmark/ISR-benchmark/random_instance/random_instance009_graph005.col --indset --stwidth --stfile=benchmark/ISR-benchmark/random_instance/random_instance009_graph005.dat"
	User time (seconds): 1596.82
	System time (seconds): 1966.61
	Percent of CPU this job got: 61%
	Elapsed (wall clock) time (h:mm:ss or m:ss): 1:36:53
	Average shared text size (kbytes): 0
	Average unshared data size (kbytes): 0
	Average stack size (kbytes): 0
	Average total size (kbytes): 0
	Maximum resident set size (kbytes): 254867701760
	Average resident set size (kbytes): 0
	Major (requiring I/O) page faults: 0
	Minor (reclaiming a frame) page faults: 277618024
	Voluntary context switches: 3907761
	Involuntary context switches: 3209424
	Swaps: 0
	File system inputs: 0
	File system outputs: 0
	Socket messages sent: 34
	Socket messages received: 0
	Signals delivered: 0
	Page size (bytes): 4096
	Exit status: 0
FINISHED CPU 3563.43 MEM 0 MAXMEM 0 STALE 1
#RESULT: UNK
#FIN: FIN
#CPU: 3563.43
#MAXMEM: 0
c 
#END: [Tue Aug  1 17:21:35 2023]
