#BEGIN: [Tue Aug  8 22:09:15 2023]
#HOST: mini23.local
#TIMELIMIT: 1800
#MEMLIMIT: 0
#FREQ: 10
#SOLVER: recon
#ARG1: benchmark/ISR-benchmark/random_instance/random_instance020_graph004.col
#ARG2: benchmark/ISR-benchmark/random_instance/random_instance020_graph004.dat
#COMMAND: /Users/soh/app/recon/src/recon benchmark/ISR-benchmark/random_instance/random_instance020_graph004.col benchmark/ISR-benchmark/random_instance/random_instance020_graph004.dat
c Copyright Volker Turau & Christoph Weyer, 2022
c Institute of Telematics
c Hamburg University of Technology, Hamburg, Germany
c Contact: turau@tuhh.de
c Graph file: benchmark/ISR-benchmark/random_instance/random_instance020_graph004.col
c Target file: benchmark/ISR-benchmark/random_instance/random_instance020_graph004.dat
c Size of independent set: 89
c Number of nodes of graph: 260
c Number of edges of graph: 780
c Average degree of graph: 6.00
s 3 7 8 9 10 16 18 20 21 22 25 26 30 31 34 35 39 41 46 56 57 58 59 62 63 66 72 75 76 79 80 83 84 85 86 94 100 101 106 116 117 118 120 122 123 125 126 128 129 139 140 141 142 143 144 159 160 162 166 169 170 172 174 175 179 182 183 184 185 196 198 199 200 202 204 208 212 214 217 218 223 226 227 231 234 243 245 249 253 
t 1 2 3 7 9 12 13 14 18 26 30 31 33 34 35 36 41 44 48 52 53 61 63 64 66 76 79 80 81 84 85 86 87 92 93 94 100 101 103 104 107 112 118 120 122 125 127 128 129 138 141 143 144 145 147 154 157 158 162 166 169 172 175 182 183 190 196 198 200 202 204 208 212 213 217 223 224 229 231 233 234 235 245 248 249 251 253 258 260 
c BFS found 42 new nodes in level 1 (total 43/191739611)
c BFS found 1861 new nodes in level 2 (total 1904/191739611)
c BFS found 60785 new nodes in level 3 (total 62689/191739611)
c BFS found 1495696 new nodes in level 4 (total 1558385/191739611)
c BFS found 29554812 new nodes in level 5 (total 31113110/191739611)
TIMEOUT CPU 1800 MEM 0 MAXMEM 0
#RESULT: UNK
#FIN: TO
#CPU: 1800
#MAXMEM: 0
c 12583 killed(2). 12582 killed(2). 12583 killed(9). 12582 killed(9). 
#END: [Tue Aug  8 22:39:16 2023]
