#BEGIN: [Tue Aug  1 12:59:39 2023]
#HOST: mini24.local
#TIMELIMIT: 7200
#MEMLIMIT: 0
#FREQ: 10
#SOLVER: ddreconf230801-10h10m
#ARG1: benchmark/ISR-benchmark/random_instance/random_instance005_graph001.col
#ARG2: benchmark/ISR-benchmark/random_instance/random_instance005_graph001.dat
#COMMAND: /Users/soh/app/ddreconf230801-10h10m/ddreconf benchmark/ISR-benchmark/random_instance/random_instance005_graph001.col --indset --stwidth --stfile=benchmark/ISR-benchmark/random_instance/random_instance005_graph001.dat
Input graph file parsed. # of vertices = 65, # of edges = 195
s 35 12 20 23 24 31 32 39 40 61 64 58 57 47 52 65 62 55 53 56
t 6 35 13 15 16 19 20 24 33 34 37 40 41 44 60 58 47 48 65 56
Solution space ZDD construction start
Solution space ZDD construction end
Solution space ZDD construction time = 20.347287
Solution space ZDD size = 1702838
# of elements in the solution space = 48187380654
Start computing the width of the solution space graph
Zs_1 construction time = 0.000212, # ZDD nodes = 115, # elems = 12
Zt_1 construction time = 0.000229, # ZDD nodes = 85, # elems = 10
Zs_2 construction time = 0.001182, # ZDD nodes = 559, # elems = 163
Zt_2 construction time = 0.001072, # ZDD nodes = 451, # elems = 128
Zs_3 construction time = 0.008091, # ZDD nodes = 2325, # elems = 1588
Zt_3 construction time = 0.006054, # ZDD nodes = 1901, # elems = 1222
Zs_4 construction time = 0.046965, # ZDD nodes = 8334, # elems = 11028
Zt_4 construction time = 0.033401, # ZDD nodes = 6708, # elems = 9387
Zs_5 construction time = 1.002028, # ZDD nodes = 25460, # elems = 58344
Zt_5 construction time = 0.219389, # ZDD nodes = 20483, # elems = 56876
Zs_6 construction time = 0.997040, # ZDD nodes = 67369, # elems = 249456
Zt_6 construction time = 0.803377, # ZDD nodes = 54400, # elems = 275481
Reconf seq found. Shortest length = 12
Zs_7 construction time = 3.538648, # ZDD nodes = 155756, # elems = 899423
Zt_7 construction time = 2.677898, # ZDD nodes = 126782, # elems = 1076845
Zs_8 construction time = 10.103354, # ZDD nodes = 316370, # elems = 2772257
Zt_8 construction time = 10.631275, # ZDD nodes = 260054, # elems = 3426477
Zs_9 construction time = 27.208843, # ZDD nodes = 562871, # elems = 7216845
Zt_9 construction time = 22.607220, # ZDD nodes = 472497, # elems = 8883445
Zs_10 construction time = 64.572122, # ZDD nodes = 870289, # elems = 15471114
Zt_10 construction time = 50.567887, # ZDD nodes = 758258, # elems = 18525645
Zs_11 construction time = 111.674140, # ZDD nodes = 1160309, # elems = 26607653
Zt_11 construction time = 97.517826, # ZDD nodes = 1061006, # elems = 30406145
Zs_12 construction time = 149.936613, # ZDD nodes = 1325015, # elems = 35810714
Zt_12 construction time = 151.851279, # ZDD nodes = 1275425, # elems = 38379181
Card(Zs_0 & Zt_12) = 1
Card(Zs_1 & Zt_11) = 5
Card(Zs_2 & Zt_10) = 21
Card(Zs_3 & Zt_9) = 47
Card(Zs_4 & Zt_8) = 75
Card(Zs_5 & Zt_7) = 106
Card(Zs_6 & Zt_6) = 139
Card(Zs_7 & Zt_5) = 161
Card(Zs_8 & Zt_4) = 141
Card(Zs_9 & Zt_3) = 81
Card(Zs_10 & Zt_2) = 28
Card(Zs_11 & Zt_1) = 6
Card(Zs_12 & Zt_0) = 1
max card = 161
max card index = 7
a YES
a 12 20 23 24 31 32 35 39 40 47 52 53 55 56 57 58 61 62 64 65
a 12 20 23 24 32 35 39 40 47 52 53 55 56 57 58 60 61 62 64 65
a 12 20 23 24 32 33 35 39 40 47 52 53 55 56 57 58 60 61 62 65
a 12 20 24 32 33 35 37 39 40 47 52 53 55 56 57 58 60 61 62 65
a 20 24 32 33 35 37 39 40 44 47 52 53 55 56 57 58 60 61 62 65
a 20 24 32 33 35 37 39 40 44 47 48 53 55 56 57 58 60 61 62 65
a 20 24 32 33 35 37 39 40 41 44 47 48 53 55 56 57 58 60 62 65
a 20 24 32 33 34 35 37 39 40 41 44 47 48 53 55 56 58 60 62 65
a 19 20 24 32 33 34 35 37 40 41 44 47 48 53 55 56 58 60 62 65
a 15 19 20 24 32 33 34 35 37 40 41 44 47 48 55 56 58 60 62 65
a 6 15 19 20 24 32 33 34 35 37 40 41 44 47 48 56 58 60 62 65
a 6 15 16 19 20 24 32 33 34 35 37 40 41 44 47 48 56 58 60 65
a 6 13 15 16 19 20 24 33 34 35 37 40 41 44 47 48 56 58 60 65
Reconfiguration time = 708.824593
	Command being timed: "/Users/soh/app/ddreconf230801-10h10m/ddreconf benchmark/ISR-benchmark/random_instance/random_instance005_graph001.col --indset --stwidth --stfile=benchmark/ISR-benchmark/random_instance/random_instance005_graph001.dat"
	User time (seconds): 717.25
	System time (seconds): 13.61
	Percent of CPU this job got: 99%
	Elapsed (wall clock) time (h:mm:ss or m:ss): 12:10.91
	Average shared text size (kbytes): 0
	Average unshared data size (kbytes): 0
	Average stack size (kbytes): 0
	Average total size (kbytes): 0
	Maximum resident set size (kbytes): 146414878720
	Average resident set size (kbytes): 0
	Major (requiring I/O) page faults: 0
	Minor (reclaiming a frame) page faults: 15901064
	Voluntary context switches: 20
	Involuntary context switches: 3825
	Swaps: 0
	File system inputs: 0
	File system outputs: 0
	Socket messages sent: 34
	Socket messages received: 0
	Signals delivered: 0
	Page size (bytes): 4096
	Exit status: 0
FINISHED CPU 730.86 MEM 0 MAXMEM 0 STALE 1
#RESULT: UNK
#FIN: FIN
#CPU: 730.86
#MAXMEM: 0
c 
#END: [Tue Aug  1 13:11:50 2023]
