#BEGIN: [Wed Jul 19 16:20:59 2023]
#HOST: mini23.local
#TIMELIMIT: 7200
#MEMLIMIT: 0
#FREQ: 10
#SOLVER: sat-based-isr-tj05-230719-15h37m
#ARG1: benchmark/ISR-benchmark/random_instance/random_instance009_graph005.col
#ARG2: benchmark/ISR-benchmark/random_instance/random_instance009_graph005.dat
#COMMAND: /Users/soh/app/scala-2.12.4/bin/scala -J-Xms32g -J-Xmx32g -cp /Users/soh/app/IsrForCompetition230719-15h37m/scop.jar:/Users/soh/app/IsrForCompetition230719-15h37m/isr4competition_2.12-1.3.5.jar fun.scop.app.isr.IsrSolverTj05 benchmark/ISR-benchmark/random_instance/random_instance009_graph005.col benchmark/ISR-benchmark/random_instance/random_instance009_graph005.dat cadical /Users/soh/app/IsrForCompetition230719-15h37m/cadical
#Nodes: 117
#Edges: 351
c (0) step 1 UNSAT 739 2444
c (0) step 2 UNSAT 1434 4604
c (0) step 3 UNSAT 2240 7020
c (0) step 4 UNSAT 3194 9765
c (0) step 5 UNSAT 4333 12912
c (0) step 6 UNSAT 5694 16534
c (0) step 7 UNSAT 7314 20704
c (0) step 8 UNSAT 9230 25495
c (0) step 9 UNSAT 11479 30980
c (0) step 10 UNSAT 14098 37232
c (0) step 11 UNSAT 17124 44324
c (0) step 12 UNSAT 20594 52329
c (0) step 13 UNSAT 24545 61320
c (0) step 14 UNSAT 29014 71370
c (0) step 15 UNSAT 34038 82552
c (0) step 16 UNSAT 39654 94939
c (0) step 17 UNSAT 45899 108604
c (0) step 18 UNSAT 52810 123620
c (0) step 19 UNSAT 60424 140060
c (0) step 20 UNSAT 68778 157997
c (0) step 21 SAT 77909 177504
a YES
a 2 3 8 14 15 16 19 20 24 32 34 39 50 55 60 63 68 69 70 72 75 76 77 80 83 85 92 94 95 99 102 104 106 108 112 114 116 117
a 2 8 14 15 16 19 20 24 32 34 39 50 55 60 63 68 69 70 72 75 76 77 80 83 85 92 94 95 99 102 104 106 108 111 112 114 116 117
a 2 8 14 15 16 19 20 24 32 34 39 50 55 60 63 68 69 70 75 76 77 79 80 83 85 92 94 95 99 102 104 106 108 111 112 114 116 117
a 2 8 14 15 16 19 20 24 32 34 39 40 55 60 63 68 69 70 75 76 77 79 80 83 85 92 94 95 99 102 104 106 108 111 112 114 116 117
a 2 8 14 15 16 19 20 24 32 34 38 39 40 55 60 63 68 69 75 76 77 79 80 83 85 92 94 95 99 102 104 106 108 111 112 114 116 117
a 2 8 14 15 16 19 20 24 28 32 34 38 39 40 55 60 63 68 69 75 76 77 79 80 83 85 92 94 95 99 102 104 108 111 112 114 116 117
a 2 8 14 15 16 19 20 23 24 28 32 34 38 39 40 55 60 63 68 69 75 76 77 79 80 85 92 94 95 99 102 104 108 111 112 114 116 117
a 2 8 14 15 16 19 20 23 24 28 32 34 38 39 40 55 60 63 68 69 73 75 76 77 79 80 85 92 94 95 102 104 108 111 112 114 116 117
a 2 8 14 15 16 19 20 23 24 28 32 34 38 39 40 55 60 63 68 69 73 75 76 77 79 82 85 92 94 95 102 104 108 111 112 114 116 117
a 2 8 14 16 19 20 23 24 28 32 34 38 39 40 55 60 63 66 68 69 73 75 76 77 79 82 85 92 94 95 102 104 108 111 112 114 116 117
a 2 8 14 16 19 20 23 24 28 32 34 38 39 40 48 55 63 66 68 69 73 75 76 77 79 82 85 92 94 95 102 104 108 111 112 114 116 117
a 2 8 14 16 19 20 23 24 28 32 34 38 39 40 42 48 55 63 66 68 69 73 75 76 77 79 82 85 92 94 95 102 104 111 112 114 116 117
a 2 8 14 16 19 20 22 23 24 28 32 34 38 39 40 42 48 55 63 66 68 69 73 75 76 77 79 82 85 92 95 102 104 111 112 114 116 117
a 2 8 14 16 19 20 22 23 24 28 32 34 38 39 40 42 48 55 57 63 66 68 69 73 75 76 77 79 82 85 92 95 102 104 111 112 116 117
a 2 8 14 16 19 20 22 23 24 28 32 34 38 39 40 42 46 48 55 57 63 66 69 73 75 76 77 79 82 85 92 95 102 104 111 112 116 117
a 2 8 14 16 19 20 22 23 24 28 32 34 38 39 40 42 46 48 55 57 63 66 69 73 75 76 77 79 82 85 91 92 95 102 104 111 112 117
a 2 8 14 16 19 20 22 23 24 28 29 32 34 38 39 40 42 46 48 55 57 63 66 69 73 75 76 77 79 82 85 91 92 95 104 111 112 117
a 2 8 10 14 16 19 22 23 24 28 29 32 34 38 39 40 42 46 48 55 57 63 66 69 73 75 76 77 79 82 85 91 92 95 104 111 112 117
a 2 8 10 14 16 19 22 23 24 28 29 32 38 39 40 42 46 48 55 57 63 66 69 71 73 75 76 77 79 82 85 91 92 95 104 111 112 117
a 2 8 10 14 16 19 22 23 24 28 29 38 39 40 42 46 48 55 57 63 65 66 69 71 73 75 76 77 79 82 85 91 92 95 104 111 112 117
a 2 8 10 14 16 19 22 23 28 29 38 39 40 42 46 48 55 57 63 65 66 69 71 73 75 76 77 79 82 85 91 92 95 104 105 111 112 117
a 8 10 14 16 19 22 23 28 29 38 39 40 42 46 48 52 55 57 63 65 66 69 71 73 75 76 77 79 82 85 91 92 95 104 105 111 112 117
	Command being timed: "/Users/soh/app/scala-2.12.4/bin/scala -J-Xms32g -J-Xmx32g -cp /Users/soh/app/IsrForCompetition230719-15h37m/scop.jar:/Users/soh/app/IsrForCompetition230719-15h37m/isr4competition_2.12-1.3.5.jar fun.scop.app.isr.IsrSolverTj05 benchmark/ISR-benchmark/random_instance/random_instance009_graph005.col benchmark/ISR-benchmark/random_instance/random_instance009_graph005.dat cadical /Users/soh/app/IsrForCompetition230719-15h37m/cadical"
	User time (seconds): 1.64
	System time (seconds): 0.15
	Percent of CPU this job got: 170%
	Elapsed (wall clock) time (h:mm:ss or m:ss): 0:01.05
	Average shared text size (kbytes): 0
	Average unshared data size (kbytes): 0
	Average stack size (kbytes): 0
	Average total size (kbytes): 0
	Maximum resident set size (kbytes): 1982021632
	Average resident set size (kbytes): 0
	Major (requiring I/O) page faults: 0
	Minor (reclaiming a frame) page faults: 126910
	Voluntary context switches: 35
	Involuntary context switches: 3263
	Swaps: 0
	File system inputs: 0
	File system outputs: 0
	Socket messages sent: 39
	Socket messages received: 0
	Signals delivered: 5
	Page size (bytes): 4096
	Exit status: 0
FINISHED CPU 1.79 MEM 0 MAXMEM 0 STALE 1
#RESULT: UNK
#FIN: FIN
#CPU: 1.79
#MAXMEM: 0
c 
#END: [Wed Jul 19 16:21:00 2023]
