#BEGIN: [Wed Jul 19 16:21:22 2023]
#HOST: mini30.local
#TIMELIMIT: 7200
#MEMLIMIT: 0
#FREQ: 10
#SOLVER: sat-based-isr-tj05-230719-15h37m
#ARG1: benchmark/ISR-benchmark/random_instance/random_instance016_graph004.col
#ARG2: benchmark/ISR-benchmark/random_instance/random_instance016_graph004.dat
#COMMAND: /Users/soh/app/scala-2.12.4/bin/scala -J-Xms32g -J-Xmx32g -cp /Users/soh/app/IsrForCompetition230719-15h37m/scop.jar:/Users/soh/app/IsrForCompetition230719-15h37m/isr4competition_2.12-1.3.5.jar fun.scop.app.isr.IsrSolverTj05 benchmark/ISR-benchmark/random_instance/random_instance016_graph004.col benchmark/ISR-benchmark/random_instance/random_instance016_graph004.dat cadical /Users/soh/app/IsrForCompetition230719-15h37m/cadical
#Nodes: 208
#Edges: 624
c (0) step 1 UNSAT 1313 4348
c (0) step 2 UNSAT 2547 8188
c (0) step 3 UNSAT 3976 12480
c (0) step 4 UNSAT 5665 17353
c (0) step 5 UNSAT 7679 22936
c (0) step 6 UNSAT 10083 29358
c (0) step 7 UNSAT 12942 36748
c (0) step 8 UNSAT 16321 45235
c (0) step 9 UNSAT 20285 54948
c (0) step 10 UNSAT 24899 66016
c (0) step 11 UNSAT 30228 78568
c (0) step 12 UNSAT 36337 92733
c (0) step 13 UNSAT 43291 108640
c (0) step 14 UNSAT 51155 126418
c (0) step 15 UNSAT 59994 146196
c (0) step 16 UNSAT 69873 168103
c (0) step 17 UNSAT 80857 192268
c (0) step 18 UNSAT 93011 218820
c (0) step 19 UNSAT 106400 247888
c (0) step 20 UNSAT 121089 279601
c (0) step 21 UNSAT 137143 314088
c (0) step 22 UNSAT 154627 351478
c (0) step 23 UNSAT 173606 391900
c (0) step 24 UNSAT 194145 435483
c (0) step 25 UNSAT 216309 482356
c (0) step 26 UNSAT 240163 532648
c (0) step 27 UNSAT 265772 586488
c (0) step 28 UNSAT 293201 644005
c (1) step 29 UNSAT 322515 705328
c (1) step 30 UNSAT 353779 770586
c (1) step 31 UNSAT 387058 839908
c (1) step 32 UNSAT 422417 913423
c (1) step 33 UNSAT 459921 991260
c (1) step 34 UNSAT 499635 1073548
c (2) step 35 SAT 541624 1160416
a YES
a 6 10 16 18 20 24 26 28 35 36 37 41 42 47 48 54 56 57 59 60 64 65 67 68 74 75 77 81 87 89 92 95 100 104 105 109 111 120 121 129 134 136 138 139 141 145 148 152 155 159 161 163 164 166 168 178 179 180 183 186 190 192 202 203 205 208
a 6 10 16 18 20 24 26 28 36 37 41 42 47 48 54 56 57 59 60 64 65 67 68 74 75 77 81 87 89 92 95 100 104 105 109 111 120 121 129 134 136 138 139 141 145 148 152 155 159 161 163 164 166 168 178 179 180 183 186 190 192 195 202 203 205 208
a 6 10 16 18 20 24 26 28 36 37 39 41 42 47 48 54 56 57 59 60 64 65 67 74 75 77 81 87 89 92 95 100 104 105 109 111 120 121 129 134 136 138 139 141 145 148 152 155 159 161 163 164 166 168 178 179 180 183 186 190 192 195 202 203 205 208
a 6 10 16 18 20 24 26 28 31 36 37 39 41 47 48 54 56 57 59 60 64 65 67 74 75 77 81 87 89 92 95 100 104 105 109 111 120 121 129 134 136 138 139 141 145 148 152 155 159 161 163 164 166 168 178 179 180 183 186 190 192 195 202 203 205 208
a 6 10 16 18 20 24 26 28 31 36 37 39 40 41 47 48 54 56 57 59 60 64 65 67 74 75 77 81 87 89 92 95 100 104 105 109 111 120 121 129 134 136 138 139 141 145 148 152 159 161 163 164 166 168 178 179 180 183 186 190 192 195 202 203 205 208
a 6 10 16 18 20 24 26 28 31 36 37 39 40 41 47 48 54 56 57 59 60 64 65 67 74 75 77 81 87 89 92 95 100 104 105 109 111 120 121 129 132 136 138 139 141 145 148 152 159 161 163 164 166 168 178 179 180 183 186 190 192 195 202 203 205 208
a 6 10 16 18 20 24 26 28 31 36 37 39 40 41 47 48 54 56 57 59 60 64 65 67 74 77 81 87 89 92 95 100 104 105 109 111 120 121 129 132 136 138 139 141 145 147 148 152 159 161 163 164 166 168 178 179 180 183 186 190 192 195 202 203 205 208
a 6 10 16 18 20 24 26 28 31 36 37 39 40 41 47 48 54 56 57 59 60 64 65 67 69 74 81 87 89 92 95 100 104 105 109 111 120 121 129 132 136 138 139 141 145 147 148 152 159 161 163 164 166 168 178 179 180 183 186 190 192 195 202 203 205 208
a 6 10 16 18 20 24 26 28 31 36 37 39 40 41 47 48 54 56 57 59 60 64 67 69 74 81 87 89 92 95 100 104 105 109 111 120 121 129 132 136 138 139 141 145 147 148 152 159 161 163 164 166 168 178 179 180 183 186 190 192 195 196 202 203 205 208
a 6 10 16 18 20 24 26 28 31 36 37 39 40 41 47 48 54 56 57 59 60 67 69 74 81 87 89 92 95 100 104 105 109 111 120 121 129 132 136 138 139 141 145 147 148 152 159 161 163 164 166 168 176 178 179 180 183 186 190 192 195 196 202 203 205 208
a 6 10 16 18 20 24 26 28 31 36 37 39 40 41 47 48 54 56 57 59 67 69 74 81 87 89 91 92 95 100 104 105 109 111 120 121 129 132 136 138 139 141 145 147 148 152 159 161 163 164 166 168 176 178 179 180 183 186 190 192 195 196 202 203 205 208
a 6 10 16 18 20 24 26 28 31 36 37 39 40 47 48 54 56 57 59 62 67 69 74 81 87 89 91 92 95 100 104 105 109 111 120 121 129 132 136 138 139 141 145 147 148 152 159 161 163 164 166 168 176 178 179 180 183 186 190 192 195 196 202 203 205 208
a 6 10 16 18 20 24 26 31 34 36 37 39 40 47 48 54 56 57 59 62 67 69 74 81 87 89 91 92 95 100 104 105 109 111 120 121 129 132 136 138 139 141 145 147 148 152 159 161 163 164 166 168 176 178 179 180 183 186 190 192 195 196 202 203 205 208
a 6 10 16 18 20 24 26 31 34 36 37 39 40 47 48 54 56 57 59 62 67 69 74 87 89 91 92 94 95 100 104 105 109 111 120 121 129 132 136 138 139 141 145 147 148 152 159 161 163 164 166 168 176 178 179 180 183 186 190 192 195 196 202 203 205 208
a 6 10 16 18 20 24 26 31 34 36 37 39 40 47 48 54 56 57 59 62 67 69 74 87 89 91 92 93 94 95 100 104 105 109 111 120 121 129 132 136 138 139 141 145 147 148 152 159 161 163 164 166 168 176 178 180 183 186 190 192 195 196 202 203 205 208
a 6 10 16 18 20 24 26 31 34 36 37 39 40 47 48 54 56 57 59 62 67 69 74 87 89 91 92 93 94 95 100 104 105 109 111 120 121 129 132 136 138 139 141 145 147 148 152 159 161 163 164 166 168 175 176 178 180 183 186 190 192 195 196 202 203 208
a 6 10 16 18 20 24 26 31 34 36 37 39 40 47 49 54 56 57 59 62 67 69 74 87 89 91 92 93 94 95 100 104 105 109 111 120 121 129 132 136 138 139 141 145 147 148 152 159 161 163 164 166 168 175 176 178 180 183 186 190 192 195 196 202 203 208
a 6 10 16 18 20 26 31 34 36 37 39 40 47 49 54 56 57 59 62 66 67 69 74 87 89 91 92 93 94 95 100 104 105 109 111 120 121 129 132 136 138 139 141 145 147 148 152 159 161 163 164 166 168 175 176 178 180 183 186 190 192 195 196 202 203 208
a 6 8 10 16 18 20 26 31 34 36 37 39 40 47 49 54 56 57 59 62 66 67 69 74 87 89 91 92 93 94 95 100 104 105 109 111 120 121 129 132 136 138 139 141 145 147 148 152 159 161 163 164 166 168 175 176 178 180 183 186 190 192 195 196 203 208
a 6 8 10 16 17 18 20 26 31 34 36 37 39 40 47 49 54 56 57 59 62 66 67 69 74 87 89 91 92 93 94 95 100 104 105 109 111 120 121 129 132 136 138 139 141 145 147 148 152 159 161 163 164 166 168 175 176 178 180 183 186 190 195 196 203 208
a 6 8 10 16 17 18 20 22 26 31 34 36 37 39 40 49 54 56 57 59 62 66 67 69 74 87 89 91 92 93 94 95 100 104 105 109 111 120 121 129 132 136 138 139 141 145 147 148 152 159 161 163 164 166 168 175 176 178 180 183 186 190 195 196 203 208
a 6 8 10 16 17 18 20 22 26 31 34 36 37 39 40 49 54 56 57 59 62 66 67 69 74 87 89 91 92 93 94 95 100 104 105 109 111 120 121 129 132 136 138 139 141 145 147 148 152 159 161 163 164 166 175 176 178 180 183 185 186 190 195 196 203 208
a 6 8 10 16 17 18 20 22 26 31 34 36 37 39 40 49 54 56 57 59 62 66 67 69 74 87 89 91 92 93 94 95 100 104 105 109 111 120 121 124 129 132 136 138 139 141 147 148 152 159 161 163 164 166 175 176 178 180 183 185 186 190 195 196 203 208
a 6 8 10 16 17 18 20 22 26 31 34 36 37 39 40 49 54 56 57 59 62 66 67 69 74 87 88 89 91 92 93 94 95 100 104 105 109 111 120 121 124 129 132 136 138 139 141 147 148 152 159 163 164 166 175 176 178 180 183 185 186 190 195 196 203 208
a 6 8 10 16 17 18 20 22 26 31 34 36 37 39 40 49 54 56 57 59 62 66 67 69 74 87 88 89 91 92 93 94 95 100 104 105 109 111 118 120 121 124 129 132 136 138 139 141 147 148 159 163 164 166 175 176 178 180 183 185 186 190 195 196 203 208
a 4 6 8 10 16 17 18 20 22 26 31 34 36 37 39 40 49 54 56 57 59 62 66 67 69 74 87 88 89 91 92 93 94 95 100 104 105 109 111 118 120 121 124 129 132 138 139 141 147 148 159 163 164 166 175 176 178 180 183 185 186 190 195 196 203 208
a 4 6 8 10 16 17 18 20 22 26 31 34 36 37 39 40 49 54 56 57 59 62 66 67 69 74 87 88 89 91 92 93 94 95 100 104 105 109 118 120 121 123 124 129 132 138 139 141 147 148 159 163 164 166 175 176 178 180 183 185 186 190 195 196 203 208
a 4 6 8 10 16 17 18 22 26 31 34 36 37 39 40 49 54 56 57 59 62 66 67 69 74 87 88 89 91 92 93 94 95 100 104 105 109 116 118 120 121 123 124 129 132 138 139 141 147 148 159 163 164 166 175 176 178 180 183 185 186 190 195 196 203 208
a 4 6 8 10 16 17 18 22 26 31 34 36 37 39 40 49 54 56 57 59 62 66 67 69 74 87 88 89 91 92 93 94 95 100 104 109 116 118 120 121 123 124 129 132 138 139 141 147 148 159 163 164 166 175 176 178 180 183 185 186 190 195 196 197 203 208
a 4 6 8 10 16 17 18 22 26 31 34 36 37 39 40 49 54 56 57 59 62 66 67 69 74 87 88 89 91 92 93 94 95 100 104 109 116 118 120 121 123 124 125 129 132 138 139 141 147 148 159 163 164 175 176 178 180 183 185 186 190 195 196 197 203 208
a 4 6 8 10 16 17 18 22 26 31 34 36 37 39 40 49 54 56 57 59 62 66 67 69 74 87 88 89 91 92 93 94 95 104 109 116 118 120 121 123 124 125 129 132 138 139 141 147 148 157 159 163 164 175 176 178 180 183 185 186 190 195 196 197 203 208
a 4 6 8 10 16 17 18 22 26 31 34 36 37 39 40 49 54 57 59 62 66 67 69 74 79 87 88 89 91 92 93 94 95 104 109 116 118 120 121 123 124 125 129 132 138 139 141 147 148 157 159 163 164 175 176 178 180 183 185 186 190 195 196 197 203 208
a 4 6 8 10 15 16 17 18 22 26 31 34 36 37 39 40 49 54 57 59 62 66 67 69 74 79 87 88 89 91 92 93 94 95 104 109 116 118 120 121 123 124 125 129 132 139 141 147 148 157 159 163 164 175 176 178 180 183 185 186 190 195 196 197 203 208
a 4 6 8 10 15 16 17 18 22 26 31 34 36 37 39 40 49 54 57 59 62 66 67 69 74 79 87 88 89 91 93 94 95 104 109 116 118 120 121 123 124 125 129 132 139 141 147 148 154 157 159 163 164 175 176 178 180 183 185 186 190 195 196 197 203 208
a 4 6 8 10 15 16 17 18 22 26 31 32 34 36 37 39 40 49 54 57 59 62 66 67 69 74 79 87 88 89 91 93 94 95 104 109 116 118 120 121 123 124 125 129 132 139 141 147 154 157 159 163 164 175 176 178 180 183 185 186 190 195 196 197 203 208
a 4 6 8 15 16 17 18 22 26 31 32 34 36 37 39 40 46 49 54 57 59 62 66 67 69 74 79 87 88 89 91 93 94 95 104 109 116 118 120 121 123 124 125 129 132 139 141 147 154 157 159 163 164 175 176 178 180 183 185 186 190 195 196 197 203 208
	Command being timed: "/Users/soh/app/scala-2.12.4/bin/scala -J-Xms32g -J-Xmx32g -cp /Users/soh/app/IsrForCompetition230719-15h37m/scop.jar:/Users/soh/app/IsrForCompetition230719-15h37m/isr4competition_2.12-1.3.5.jar fun.scop.app.isr.IsrSolverTj05 benchmark/ISR-benchmark/random_instance/random_instance016_graph004.col benchmark/ISR-benchmark/random_instance/random_instance016_graph004.dat cadical /Users/soh/app/IsrForCompetition230719-15h37m/cadical"
	User time (seconds): 3.51
	System time (seconds): 0.54
	Percent of CPU this job got: 133%
	Elapsed (wall clock) time (h:mm:ss or m:ss): 0:03.03
	Average shared text size (kbytes): 0
	Average unshared data size (kbytes): 0
	Average stack size (kbytes): 0
	Average total size (kbytes): 0
	Maximum resident set size (kbytes): 9140092928
	Average resident set size (kbytes): 0
	Major (requiring I/O) page faults: 0
	Minor (reclaiming a frame) page faults: 569926
	Voluntary context switches: 35
	Involuntary context switches: 3461
	Swaps: 0
	File system inputs: 0
	File system outputs: 0
	Socket messages sent: 39
	Socket messages received: 0
	Signals delivered: 5
	Page size (bytes): 4096
	Exit status: 0
FINISHED CPU 4.05 MEM 0 MAXMEM 0 STALE 1
#RESULT: UNK
#FIN: FIN
#CPU: 4.05
#MAXMEM: 0
c 
#END: [Wed Jul 19 16:21:25 2023]
