#BEGIN: [Tue Aug  8 21:12:13 2023]
#HOST: mini30.local
#TIMELIMIT: 1800
#MEMLIMIT: 0
#FREQ: 10
#SOLVER: recon
#ARG1: benchmark/ISR-benchmark/random_instance/random_instance017_graph003.col
#ARG2: benchmark/ISR-benchmark/random_instance/random_instance017_graph003.dat
#COMMAND: /Users/soh/app/recon/src/recon benchmark/ISR-benchmark/random_instance/random_instance017_graph003.col benchmark/ISR-benchmark/random_instance/random_instance017_graph003.dat
c Copyright Volker Turau & Christoph Weyer, 2022
c Institute of Telematics
c Hamburg University of Technology, Hamburg, Germany
c Contact: turau@tuhh.de
c Graph file: benchmark/ISR-benchmark/random_instance/random_instance017_graph003.col
c Target file: benchmark/ISR-benchmark/random_instance/random_instance017_graph003.dat
c Size of independent set: 73
c Number of nodes of graph: 221
c Number of edges of graph: 663
c Average degree of graph: 6.00
s 1 5 10 12 13 22 26 27 30 33 35 37 42 44 49 50 55 58 61 62 64 72 73 75 78 84 91 96 101 102 104 105 114 115 118 119 123 128 130 131 133 139 144 145 146 149 151 152 159 160 165 167 168 169 170 172 175 179 184 186 188 190 191 193 195 201 203 204 210 211 216 218 219 
t 1 5 10 22 27 30 32 37 40 41 51 55 58 61 65 68 72 77 84 87 89 90 92 94 95 96 101 102 107 110 112 114 124 127 129 131 132 135 136 138 139 140 144 146 147 150 151 152 157 158 166 170 172 173 174 176 178 180 184 186 188 190 193 195 196 199 201 202 205 208 211 215 218 
c BFS found 34 new nodes in level 1 (total 35/206488812)
c BFS found 1091 new nodes in level 2 (total 1126/206488812)
c BFS found 26453 new nodes in level 3 (total 27579/206488812)
c BFS found 480164 new nodes in level 4 (total 507743/206488812)
c BFS found 6918537 new nodes in level 5 (total 7426266/206488812)
TIMEOUT CPU 1800 MEM 0 MAXMEM 0
#RESULT: UNK
#FIN: TO
#CPU: 1800
#MAXMEM: 0
c 23450 killed(2). 23449 killed(2). 23450 killed(9). 23449 killed(9). 
#END: [Tue Aug  8 21:42:14 2023]
