#BEGIN: [Wed Jul 19 16:21:45 2023]
#HOST: mini23.local
#TIMELIMIT: 7200
#MEMLIMIT: 0
#FREQ: 10
#SOLVER: sat-based-isr-tj05-230719-15h37m
#ARG1: benchmark/ISR-benchmark/random_instance/random_instance019_graph003.col
#ARG2: benchmark/ISR-benchmark/random_instance/random_instance019_graph003.dat
#COMMAND: /Users/soh/app/scala-2.12.4/bin/scala -J-Xms32g -J-Xmx32g -cp /Users/soh/app/IsrForCompetition230719-15h37m/scop.jar:/Users/soh/app/IsrForCompetition230719-15h37m/isr4competition_2.12-1.3.5.jar fun.scop.app.isr.IsrSolverTj05 benchmark/ISR-benchmark/random_instance/random_instance019_graph003.col benchmark/ISR-benchmark/random_instance/random_instance019_graph003.dat cadical /Users/soh/app/IsrForCompetition230719-15h37m/cadical
#Nodes: 247
#Edges: 741
c (0) step 1 UNSAT 1560 5167
c (0) step 2 UNSAT 3028 9735
c (0) step 3 UNSAT 4730 14846
c (0) step 4 UNSAT 6744 20655
c (0) step 5 UNSAT 9148 27317
c (0) step 6 UNSAT 12020 34987
c (0) step 7 UNSAT 15438 43820
c (0) step 8 UNSAT 19480 53971
c (0) step 9 UNSAT 24224 65595
c (0) step 10 UNSAT 29748 78847
c (0) step 11 UNSAT 36130 93882
c (0) step 12 UNSAT 43448 110855
c (0) step 13 UNSAT 51780 129921
c (0) step 14 UNSAT 61204 151235
c (0) step 15 UNSAT 71798 174952
c (0) step 16 UNSAT 83640 201227
c (0) step 17 UNSAT 96808 230215
c (0) step 18 UNSAT 111380 262071
c (0) step 19 UNSAT 127434 296950
c (0) step 20 UNSAT 145048 335007
c (0) step 21 UNSAT 164300 376397
c (0) step 22 UNSAT 185268 421275
c (0) step 23 UNSAT 208030 469796
c (0) step 24 UNSAT 232664 522115
c (0) step 25 UNSAT 259248 578387
c (0) step 26 UNSAT 287860 638767
c (1) step 27 UNSAT 318578 703410
c (1) step 28 UNSAT 351480 772471
c (1) step 29 UNSAT 386644 846105
c (1) step 30 UNSAT 424148 924467
c (1) step 31 UNSAT 464070 1007712
c (1) step 32 UNSAT 506488 1095995
c (1) step 33 UNSAT 551480 1189471
c (1) step 34 UNSAT 599124 1288295
c (1) step 35 UNSAT 649498 1392622
c (2) step 36 UNSAT 702680 1502607
c (2) step 37 UNSAT 758748 1618405
c (2) step 38 UNSAT 817780 1740171
c (2) step 39 UNSAT 879854 1868060
c (2) step 40 UNSAT 945048 2002227
c (2) step 41 UNSAT 1013440 2142827
c (3) step 42 UNSAT 1085108 2290015
c (3) step 43 UNSAT 1160130 2443946
c (3) step 44 UNSAT 1238584 2604775
c (3) step 45 UNSAT 1320548 2772657
c (3) step 46 UNSAT 1406100 2947747
c (4) step 47 UNSAT 1495318 3130200
c (4) step 48 UNSAT 1588280 3320171
c (4) step 49 UNSAT 1685064 3517815
c (4) step 50 UNSAT 1785748 3723287
c (5) step 51 UNSAT 1890410 3936742
c (5) step 52 UNSAT 1999128 4158335
c (5) step 53 UNSAT 2111980 4388221
c (6) step 54 UNSAT 2229044 4626555
c (6) step 55 UNSAT 2350398 4873492
c (9) step 56 SAT 2476120 5129187
a YES
a 5 9 14 15 16 19 23 26 28 30 31 32 37 43 50 58 59 67 68 71 74 76 78 81 91 97 99 104 106 107 111 112 113 116 118 119 120 123 133 134 142 149 150 152 153 162 164 165 166 167 168 172 173 175 179 180 183 185 187 190 192 193 200 205 207 210 212 213 217 218 219 228 229 230 231 233 234 238 240
a 5 9 14 15 16 19 23 26 28 30 31 32 37 43 50 59 67 68 71 74 76 78 81 91 97 99 104 106 107 111 112 113 116 118 119 120 123 133 134 142 149 150 152 153 162 164 165 166 167 168 172 173 175 179 180 183 185 187 190 192 193 200 205 207 210 212 213 217 218 219 228 229 230 231 233 234 235 238 240
a 5 9 14 15 16 19 23 26 28 30 31 32 37 43 50 59 67 68 71 74 76 78 81 91 97 99 104 106 107 111 112 113 116 118 119 120 123 127 133 134 149 150 152 153 162 164 165 166 167 168 172 173 175 179 180 183 185 187 190 192 193 200 205 207 210 212 213 217 218 219 228 229 230 231 233 234 235 238 240
a 5 9 14 15 19 23 26 28 30 31 32 37 43 50 59 67 68 71 74 76 78 81 91 97 99 104 106 107 111 112 113 116 118 119 120 123 127 133 134 149 150 152 153 162 164 165 166 167 168 172 173 175 179 180 183 185 187 190 192 193 200 205 207 210 212 213 217 218 219 221 228 229 230 231 233 234 235 238 240
a 5 9 14 15 19 23 26 28 31 32 37 43 50 59 67 68 71 74 76 78 81 91 97 99 104 106 107 111 112 113 116 118 119 120 123 127 133 134 149 150 152 153 162 164 165 166 167 168 172 173 175 179 180 183 185 187 190 192 193 200 205 207 208 210 212 213 217 218 219 221 228 229 230 231 233 234 235 238 240
a 5 9 14 15 19 23 26 28 31 32 37 43 50 53 59 67 71 74 76 78 81 91 97 99 104 106 107 111 112 113 116 118 119 120 123 127 133 134 149 150 152 153 162 164 165 166 167 168 172 173 175 179 180 183 185 187 190 192 193 200 205 207 208 210 212 213 217 218 219 221 228 229 230 231 233 234 235 238 240
a 1 5 9 14 15 19 23 26 28 31 32 37 43 50 53 59 67 71 74 76 78 81 91 99 104 106 107 111 112 113 116 118 119 120 123 127 133 134 149 150 152 153 162 164 165 166 167 168 172 173 175 179 180 183 185 187 190 192 193 200 205 207 208 210 212 213 217 218 219 221 228 229 230 231 233 234 235 238 240
a 1 5 9 14 15 19 23 26 28 32 36 37 43 50 53 59 67 71 74 76 78 81 91 99 104 106 107 111 112 113 116 118 119 120 123 127 133 134 149 150 152 153 162 164 165 166 167 168 172 173 175 179 180 183 185 187 190 192 193 200 205 207 208 210 212 213 217 218 219 221 228 229 230 231 233 234 235 238 240
a 1 5 9 14 15 19 23 26 28 32 36 37 43 48 50 53 59 67 71 74 76 78 81 91 99 104 106 107 111 112 113 116 118 119 120 123 127 133 134 149 150 152 153 162 164 165 166 167 168 172 173 175 179 180 183 185 187 190 192 193 200 205 207 208 210 212 213 217 218 221 228 229 230 231 233 234 235 238 240
a 1 5 9 14 15 19 23 26 28 32 36 37 43 48 50 53 59 67 71 74 76 78 81 91 99 104 106 107 111 112 113 116 118 119 120 123 127 133 134 149 150 152 153 160 162 164 165 166 167 168 172 173 175 179 180 183 185 187 190 192 193 200 205 207 208 210 212 213 217 218 221 229 230 231 233 234 235 238 240
a 1 5 9 14 15 19 23 26 28 32 36 37 43 48 50 53 59 67 71 74 76 78 81 91 99 104 106 107 111 112 113 116 118 119 120 123 127 133 134 149 150 152 153 160 162 164 165 166 167 168 172 173 174 175 179 180 183 185 187 190 192 193 200 205 207 208 212 213 217 218 221 229 230 231 233 234 235 238 240
a 1 5 9 14 15 19 23 26 28 32 36 37 43 48 50 53 59 67 71 74 76 78 81 91 99 104 106 107 111 112 113 116 118 119 120 123 127 133 134 149 150 152 153 154 160 162 164 165 166 167 168 172 173 174 175 180 183 185 187 190 192 193 200 205 207 208 212 213 217 218 221 229 230 231 233 234 235 238 240
a 1 5 9 14 19 23 26 28 32 36 37 43 48 50 53 59 67 71 74 76 78 81 91 95 99 104 106 107 111 112 113 116 118 119 120 123 127 133 134 149 150 152 153 154 160 162 164 165 166 167 168 172 173 174 175 180 183 185 187 190 192 193 200 205 207 208 212 213 217 218 221 229 230 231 233 234 235 238 240
a 1 5 9 14 19 23 26 28 32 36 37 43 48 50 53 59 67 71 74 76 78 81 91 95 99 104 106 107 111 112 113 116 118 119 120 123 127 133 134 147 149 150 152 153 154 160 162 164 165 166 167 172 173 174 175 180 183 185 187 190 192 193 200 205 207 208 212 213 217 218 221 229 230 231 233 234 235 238 240
a 1 5 9 14 23 26 28 32 36 37 43 48 50 53 59 65 67 71 74 76 78 81 91 95 99 104 106 107 111 112 113 116 118 119 120 123 127 133 134 147 149 150 152 153 154 160 162 164 165 166 167 172 173 174 175 180 183 185 187 190 192 193 200 205 207 208 212 213 217 218 221 229 230 231 233 234 235 238 240
a 1 5 9 14 23 26 28 32 36 37 43 48 50 53 59 65 67 71 74 76 78 79 81 91 95 99 104 106 107 111 112 113 116 118 119 120 123 127 133 134 147 149 150 152 153 154 160 162 164 165 166 167 172 173 174 175 180 183 185 187 190 193 200 205 207 208 212 213 217 218 221 229 230 231 233 234 235 238 240
a 1 9 14 23 26 28 32 36 37 43 48 50 53 59 64 65 67 71 74 76 78 79 81 91 95 99 104 106 107 111 112 113 116 118 119 120 123 127 133 134 147 149 150 152 153 154 160 162 164 165 166 167 172 173 174 175 180 183 185 187 190 193 200 205 207 208 212 213 217 218 221 229 230 231 233 234 235 238 240
a 1 9 14 23 26 28 32 36 37 43 48 50 53 59 64 65 67 71 74 76 78 79 81 91 95 99 104 106 107 111 112 113 116 118 119 120 123 127 133 134 147 149 150 152 153 154 160 162 164 165 166 167 172 173 174 180 183 185 187 190 193 195 200 205 207 208 212 213 217 218 221 229 230 231 233 234 235 238 240
a 1 9 14 23 26 28 32 36 37 43 48 50 53 59 64 65 67 71 74 76 78 79 81 91 95 99 104 106 107 111 112 113 116 118 119 120 123 127 133 134 147 149 150 152 153 154 160 162 164 166 167 172 173 174 180 183 185 187 190 193 195 200 205 207 208 212 213 217 218 221 229 230 231 233 234 235 238 239 240
a 1 9 14 23 26 28 32 36 37 43 48 50 53 59 64 65 67 71 74 76 78 79 81 91 95 99 104 106 107 111 112 113 116 118 119 120 123 124 127 133 134 147 150 152 153 154 160 162 164 166 167 172 173 174 180 183 185 187 190 193 195 200 205 207 208 212 213 217 218 221 229 230 231 233 234 235 238 239 240
a 1 9 14 23 26 28 32 36 37 43 48 50 53 59 64 65 67 71 74 76 78 79 81 91 95 99 104 106 107 111 112 113 118 119 120 123 124 127 133 134 147 150 152 153 154 160 162 164 166 167 172 173 174 180 183 185 187 190 193 195 200 202 205 207 208 212 213 217 218 221 229 230 231 233 234 235 238 239 240
a 1 9 14 23 26 28 32 36 37 43 48 50 53 59 64 65 67 71 74 76 78 79 81 91 95 99 104 106 111 112 113 118 119 120 123 124 127 133 134 147 150 152 153 154 160 162 164 166 167 172 173 174 180 183 185 187 190 193 195 200 202 205 207 208 212 213 217 218 221 229 230 231 233 234 235 238 239 240 247
a 1 9 14 23 26 28 32 36 37 43 48 50 53 59 64 65 67 71 74 76 78 79 81 91 95 99 104 111 112 113 118 119 120 123 124 127 133 134 147 150 152 153 154 157 160 162 164 166 167 172 173 174 180 183 185 187 190 193 195 200 202 205 207 208 212 213 217 218 221 229 230 231 233 234 235 238 239 240 247
a 1 9 14 23 26 28 32 36 37 43 48 50 53 59 64 65 67 71 74 76 78 79 81 91 95 99 104 105 111 112 113 118 119 120 123 124 127 133 134 147 150 152 153 154 157 160 162 164 166 167 172 174 180 183 185 187 190 193 195 200 202 205 207 208 212 213 217 218 221 229 230 231 233 234 235 238 239 240 247
a 1 9 14 23 26 28 32 36 37 43 48 50 53 59 64 65 67 71 74 76 79 81 91 95 99 104 105 111 112 113 118 119 120 123 124 127 133 134 147 150 152 153 154 156 157 160 162 164 166 167 172 174 180 183 185 187 190 193 195 200 202 205 207 208 212 213 217 218 221 229 230 231 233 234 235 238 239 240 247
a 1 9 14 23 26 28 32 36 37 42 43 48 50 53 59 64 65 67 71 74 76 79 81 91 95 99 104 105 111 112 113 118 119 123 124 127 133 134 147 150 152 153 154 156 157 160 162 164 166 167 172 174 180 183 185 187 190 193 195 200 202 205 207 208 212 213 217 218 221 229 230 231 233 234 235 238 239 240 247
a 1 9 14 23 26 28 32 36 37 41 42 43 48 50 53 59 64 65 67 71 74 76 79 81 91 95 99 104 105 111 112 118 119 123 124 127 133 134 147 150 152 153 154 156 157 160 162 164 166 167 172 174 180 183 185 187 190 193 195 200 202 205 207 208 212 213 217 218 221 229 230 231 233 234 235 238 239 240 247
a 1 9 14 23 26 28 32 36 37 41 42 43 48 50 53 59 64 65 67 71 74 76 79 81 95 99 104 105 111 112 118 119 123 124 127 133 134 147 150 152 153 154 156 157 160 162 164 166 167 171 172 174 180 183 185 187 190 193 195 200 202 205 207 208 212 213 217 218 221 229 230 231 233 234 235 238 239 240 247
a 1 9 14 23 26 28 32 36 37 41 42 43 48 53 59 64 65 67 71 74 76 79 81 95 99 104 105 111 112 118 119 123 124 127 133 134 147 150 152 153 154 156 157 160 162 164 166 167 171 172 174 180 183 185 187 190 193 195 200 202 205 207 208 212 213 214 217 218 221 229 230 231 233 234 235 238 239 240 247
a 1 9 14 23 26 28 32 36 37 41 42 43 48 53 59 64 65 67 71 74 76 79 81 93 95 99 104 105 111 112 118 119 123 124 127 134 147 150 152 153 154 156 157 160 162 164 166 167 171 172 174 180 183 185 187 190 193 195 200 202 205 207 208 212 213 214 217 218 221 229 230 231 233 234 235 238 239 240 247
a 1 9 14 23 26 28 32 36 37 41 42 43 48 53 57 59 64 65 67 71 74 76 79 81 93 95 99 104 105 111 112 118 119 123 124 127 134 147 150 152 153 154 156 157 160 162 164 166 167 171 172 174 180 185 187 190 193 195 200 202 205 207 208 212 213 214 217 218 221 229 230 231 233 234 235 238 239 240 247
a 1 9 14 23 26 28 32 36 37 41 42 43 48 53 57 59 64 65 67 71 74 76 79 81 93 95 99 104 105 112 118 119 123 124 127 134 147 150 152 153 154 156 157 160 162 164 166 167 171 172 174 180 182 185 187 190 193 195 200 202 205 207 208 212 213 214 217 218 221 229 230 231 233 234 235 238 239 240 247
a 1 9 14 23 26 28 32 36 37 41 42 43 48 53 57 59 64 65 71 74 76 79 81 93 95 99 104 105 112 118 119 123 124 127 134 147 150 152 153 154 156 157 160 162 164 166 167 171 172 174 178 180 182 185 187 190 193 195 200 202 205 207 208 212 213 214 217 218 221 229 230 231 233 234 235 238 239 240 247
a 1 9 14 23 26 28 32 36 37 41 42 43 48 53 57 59 64 65 71 74 76 79 81 93 95 99 104 105 112 118 119 123 124 127 134 147 150 152 153 154 156 157 160 162 164 166 167 171 172 174 178 180 182 185 187 189 190 193 195 200 202 205 207 208 212 213 214 217 218 221 229 230 231 233 234 235 239 240 247
a 1 9 14 23 26 28 32 36 37 41 42 43 48 53 57 59 64 65 71 74 76 79 81 93 95 99 104 105 112 118 119 123 124 127 134 147 150 152 153 154 156 157 160 162 164 166 167 171 172 174 178 182 185 187 189 190 193 195 200 202 203 205 207 208 212 213 214 217 218 221 229 230 231 233 234 235 239 240 247
a 1 9 14 23 26 28 32 36 37 41 42 43 48 53 57 59 64 65 71 74 76 79 81 93 95 99 104 105 112 118 119 123 124 127 134 147 150 153 154 156 157 160 162 164 166 167 171 172 174 178 182 185 187 189 190 193 195 200 202 203 205 207 208 212 213 214 217 218 221 229 230 231 233 234 235 239 240 244 247
a 1 9 14 23 26 28 32 36 37 41 42 43 48 53 57 64 65 71 74 76 79 81 89 93 95 99 104 105 112 118 119 123 124 127 134 147 150 153 154 156 157 160 162 164 166 167 171 172 174 178 182 185 187 189 190 193 195 200 202 203 205 207 208 212 213 214 217 218 221 229 230 231 233 234 235 239 240 244 247
a 1 9 14 23 26 28 32 36 37 41 42 48 53 57 64 65 71 74 76 79 81 89 93 95 99 104 105 112 118 119 123 124 127 134 147 150 153 154 156 157 160 162 164 166 167 171 172 174 178 182 185 187 189 190 193 195 200 202 203 205 207 208 212 213 214 216 217 218 221 229 230 231 233 234 235 239 240 244 247
a 1 9 14 23 26 28 32 36 37 41 42 48 53 57 64 65 71 74 76 79 81 89 93 95 99 104 105 112 114 118 119 123 124 127 134 147 150 153 154 156 157 160 164 166 167 171 172 174 178 182 185 187 189 190 193 195 200 202 203 205 207 208 212 213 214 216 217 218 221 229 230 231 233 234 235 239 240 244 247
a 1 9 14 23 26 28 32 36 37 41 42 48 53 57 64 65 71 74 76 79 89 93 95 99 104 105 112 114 118 119 123 124 127 134 147 150 153 154 156 157 160 164 166 167 171 172 174 178 182 185 187 189 190 193 195 199 200 202 203 205 207 208 212 213 214 216 217 218 221 229 230 231 233 234 235 239 240 244 247
a 1 9 14 23 26 28 32 36 37 41 42 48 53 57 64 65 71 74 76 79 89 93 95 99 104 105 112 114 118 119 123 124 127 134 147 150 153 154 156 157 160 164 166 167 171 172 174 178 182 185 187 189 193 195 196 199 200 202 203 205 207 208 212 213 214 216 217 218 221 229 230 231 233 234 235 239 240 244 247
a 1 9 12 14 23 26 28 32 36 37 41 42 48 53 57 64 65 71 74 76 79 89 93 95 99 104 105 112 114 118 119 123 124 127 134 147 150 153 154 156 157 160 164 166 167 171 172 174 178 182 185 189 193 195 196 199 200 202 203 205 207 208 212 213 214 216 217 218 221 229 230 231 233 234 235 239 240 244 247
a 1 9 12 14 23 26 28 32 36 37 41 42 48 51 53 57 64 65 71 74 76 79 89 93 95 99 104 105 112 114 118 119 123 124 127 134 147 150 153 154 156 157 160 164 166 167 171 172 174 178 182 185 189 193 195 196 199 200 202 203 205 207 208 212 213 214 216 217 218 221 229 230 231 233 235 239 240 244 247
a 1 9 12 14 23 26 28 32 36 37 41 42 48 51 53 57 64 65 71 76 79 89 93 95 99 104 105 112 114 118 119 121 123 124 127 134 147 150 153 154 156 157 160 164 166 167 171 172 174 178 182 185 189 193 195 196 199 200 202 203 205 207 208 212 213 214 216 217 218 221 229 230 231 233 235 239 240 244 247
a 1 9 12 14 23 26 28 32 36 37 41 42 48 51 53 57 62 64 65 71 76 79 89 93 95 99 104 105 112 114 118 119 121 123 124 127 134 147 150 153 154 156 157 160 164 167 171 172 174 178 182 185 189 193 195 196 199 200 202 203 205 207 208 212 213 214 216 217 218 221 229 230 231 233 235 239 240 244 247
a 1 9 12 14 23 26 28 32 36 37 38 41 42 48 51 53 57 62 64 65 71 76 79 89 93 95 99 104 105 112 114 118 119 121 123 124 127 134 147 150 154 156 157 160 164 167 171 172 174 178 182 185 189 193 195 196 199 200 202 203 205 207 208 212 213 214 216 217 218 221 229 230 231 233 235 239 240 244 247
a 1 9 10 12 14 23 26 28 32 36 37 38 41 42 48 51 53 57 62 64 65 71 76 79 89 93 95 99 104 105 112 114 118 119 121 123 124 127 134 147 150 154 156 157 160 164 167 171 172 174 178 182 185 189 193 195 196 199 200 202 203 205 207 208 212 214 216 217 218 221 229 230 231 233 235 239 240 244 247
a 1 9 10 12 14 23 26 28 32 36 37 38 41 42 48 51 53 57 62 64 65 71 76 79 86 89 93 95 99 104 105 112 114 118 119 121 123 124 127 134 147 150 154 156 157 160 164 167 171 172 174 178 182 185 189 193 195 196 199 200 202 203 205 207 208 212 214 216 217 218 221 229 230 231 235 239 240 244 247
a 1 9 10 12 14 23 26 28 32 36 37 38 41 42 48 51 53 57 62 64 65 71 76 77 79 86 89 93 95 99 104 105 112 114 118 119 121 123 124 127 134 147 150 154 156 157 160 164 167 171 172 174 178 182 185 189 193 195 196 199 200 202 203 205 207 208 212 214 216 217 218 221 229 231 235 239 240 244 247
a 1 9 10 12 14 23 26 28 32 36 37 38 41 42 48 51 53 57 62 64 65 71 76 77 79 86 89 93 95 99 104 105 112 114 118 119 121 123 124 127 134 147 150 154 156 157 160 164 171 172 174 178 182 185 189 193 195 196 199 200 202 203 205 207 208 212 214 216 217 218 221 229 231 235 239 240 243 244 247
a 1 9 10 12 14 23 26 28 32 36 37 38 41 42 48 51 53 57 62 64 65 71 76 77 79 86 88 89 93 95 99 104 105 112 114 118 119 121 123 124 127 134 147 150 154 156 157 160 164 171 172 174 178 182 189 193 195 196 199 200 202 203 205 207 208 212 214 216 217 218 221 229 231 235 239 240 243 244 247
a 1 9 10 12 14 21 23 26 28 32 36 37 38 41 42 48 51 53 57 62 64 65 71 76 77 79 86 88 89 93 95 99 104 105 112 114 118 119 121 123 124 127 134 147 150 154 156 157 160 164 171 174 178 182 189 193 195 196 199 200 202 203 205 207 208 212 214 216 217 218 221 229 231 235 239 240 243 244 247
a 1 9 10 12 14 21 23 26 27 28 32 36 37 38 41 42 48 51 53 57 62 64 65 71 76 77 79 86 88 89 93 95 99 104 105 112 114 118 119 121 123 124 127 134 147 150 154 156 157 160 164 171 174 178 182 189 195 196 199 200 202 203 205 207 208 212 214 216 217 218 221 229 231 235 239 240 243 244 247
a 1 9 10 12 14 21 23 25 26 27 28 32 36 37 38 41 42 48 51 53 57 62 64 65 71 76 77 79 86 88 89 93 95 99 104 105 112 114 118 119 121 124 127 134 147 150 154 156 157 160 164 171 174 178 182 189 195 196 199 200 202 203 205 207 208 212 214 216 217 218 221 229 231 235 239 240 243 244 247
a 1 9 10 12 14 21 23 25 26 27 28 32 36 37 38 41 42 48 51 53 57 62 64 65 71 77 79 80 86 88 89 93 95 99 104 105 112 114 118 119 121 124 127 134 147 150 154 156 157 160 164 171 174 178 182 189 195 196 199 200 202 203 205 207 208 212 214 216 217 218 221 229 231 235 239 240 243 244 247
a 1 9 10 12 14 20 21 23 25 26 27 28 32 36 37 38 41 42 48 51 53 57 62 64 65 71 77 79 80 86 88 89 93 95 99 104 105 112 114 118 119 121 124 127 134 147 150 154 156 157 160 164 171 174 178 182 189 195 196 199 200 202 203 207 208 212 214 216 217 218 221 229 231 235 239 240 243 244 247
a 1 9 10 12 14 20 21 23 25 26 27 28 32 36 37 38 41 42 48 51 53 57 62 64 65 71 77 79 80 86 88 89 93 95 99 104 105 112 114 118 119 121 124 127 134 147 150 154 156 157 160 164 171 174 178 182 189 195 196 199 200 202 203 207 208 211 212 214 216 217 218 221 229 235 239 240 243 244 247
	Command being timed: "/Users/soh/app/scala-2.12.4/bin/scala -J-Xms32g -J-Xmx32g -cp /Users/soh/app/IsrForCompetition230719-15h37m/scop.jar:/Users/soh/app/IsrForCompetition230719-15h37m/isr4competition_2.12-1.3.5.jar fun.scop.app.isr.IsrSolverTj05 benchmark/ISR-benchmark/random_instance/random_instance019_graph003.col benchmark/ISR-benchmark/random_instance/random_instance019_graph003.dat cadical /Users/soh/app/IsrForCompetition230719-15h37m/cadical"
	User time (seconds): 9.66
	System time (seconds): 1.91
	Percent of CPU this job got: 110%
	Elapsed (wall clock) time (h:mm:ss or m:ss): 0:10.45
	Average shared text size (kbytes): 0
	Average unshared data size (kbytes): 0
	Average stack size (kbytes): 0
	Average total size (kbytes): 0
	Maximum resident set size (kbytes): 37547884544
	Average resident set size (kbytes): 0
	Major (requiring I/O) page faults: 0
	Minor (reclaiming a frame) page faults: 2305242
	Voluntary context switches: 35
	Involuntary context switches: 3854
	Swaps: 0
	File system inputs: 0
	File system outputs: 0
	Socket messages sent: 43
	Socket messages received: 0
	Signals delivered: 8
	Page size (bytes): 4096
	Exit status: 0
FINISHED CPU 11.57 MEM 0 MAXMEM 0 STALE 1
#RESULT: UNK
#FIN: FIN
#CPU: 11.57
#MAXMEM: 0
c 
#END: [Wed Jul 19 16:21:56 2023]
