#BEGIN: [Tue Aug  1 18:43:42 2023]
#HOST: mini22.local
#TIMELIMIT: 7200
#MEMLIMIT: 0
#FREQ: 10
#SOLVER: ddreconf230801-10h10m
#ARG1: benchmark/ISR-benchmark/random_instance/random_instance014_graph001.col
#ARG2: benchmark/ISR-benchmark/random_instance/random_instance014_graph001.dat
#COMMAND: /Users/soh/app/ddreconf230801-10h10m/ddreconf benchmark/ISR-benchmark/random_instance/random_instance014_graph001.col --indset --stwidth --stfile=benchmark/ISR-benchmark/random_instance/random_instance014_graph001.dat
Input graph file parsed. # of vertices = 182, # of edges = 546
s 1 5 7 8 17 18 19 27 29 33 36 38 42 44 49 50 52 55 56 59 62 64 65 69 71 74 79 80 88 90 92 93 94 95 121 101 155 103 105 106 112 115 116 172 159 127 128 131 170 134 137 173 144 146 147 152 156 158 167 165 182
t 9 14 23 31 33 38 42 44 45 47 49 50 51 53 54 55 56 59 60 61 63 64 71 72 77 79 80 135 84 90 92 93 94 96 101 155 105 108 116 117 120 172 129 131 132 170 177 137 139 162 142 180 181 154 161 171 179 167 166 175 176
Solution space ZDD construction start
Command terminated by signal 9
	Command being timed: "/Users/soh/app/ddreconf230801-10h10m/ddreconf benchmark/ISR-benchmark/random_instance/random_instance014_graph001.col --indset --stwidth --stfile=benchmark/ISR-benchmark/random_instance/random_instance014_graph001.dat"
	User time (seconds): 1653.30
	System time (seconds): 1239.25
	Percent of CPU this job got: 71%
	Elapsed (wall clock) time (h:mm:ss or m:ss): 1:07:15
	Average shared text size (kbytes): 0
	Average unshared data size (kbytes): 0
	Average stack size (kbytes): 0
	Average total size (kbytes): 0
	Maximum resident set size (kbytes): 254703042560
	Average resident set size (kbytes): 0
	Major (requiring I/O) page faults: 0
	Minor (reclaiming a frame) page faults: 241386499
	Voluntary context switches: 2005184
	Involuntary context switches: 2156322
	Swaps: 0
	File system inputs: 0
	File system outputs: 0
	Socket messages sent: 37
	Socket messages received: 0
	Signals delivered: 0
	Page size (bytes): 4096
	Exit status: 0
FINISHED CPU 2892.55 MEM 0 MAXMEM 0 STALE 1
#RESULT: UNK
#FIN: FIN
#CPU: 2892.55
#MAXMEM: 0
c 
#END: [Tue Aug  1 19:50:58 2023]
