#BEGIN: [Tue Aug  8 17:59:12 2023]
#HOST: mini23.local
#TIMELIMIT: 1800
#MEMLIMIT: 0
#FREQ: 10
#SOLVER: recon
#ARG1: benchmark/ISR-benchmark/random_instance/random_instance005_graph004.col
#ARG2: benchmark/ISR-benchmark/random_instance/random_instance005_graph004.dat
#COMMAND: /Users/soh/app/recon/src/recon benchmark/ISR-benchmark/random_instance/random_instance005_graph004.col benchmark/ISR-benchmark/random_instance/random_instance005_graph004.dat
c Copyright Volker Turau & Christoph Weyer, 2022
c Institute of Telematics
c Hamburg University of Technology, Hamburg, Germany
c Contact: turau@tuhh.de
c Graph file: benchmark/ISR-benchmark/random_instance/random_instance005_graph004.col
c Target file: benchmark/ISR-benchmark/random_instance/random_instance005_graph004.dat
c Size of independent set: 18
c Number of nodes of graph: 65
c Number of edges of graph: 195
c Average degree of graph: 6.00
s 6 12 13 18 23 28 30 33 36 37 38 40 46 49 51 54 58 63 
t 4 7 9 12 13 18 19 21 25 30 34 38 40 49 50 57 63 65 
c BFS found 12 new nodes in level 1 (total 13/244032232)
c BFS found 95 new nodes in level 2 (total 108/244032232)
c BFS found 642 new nodes in level 3 (total 750/244032232)
c BFS found 3757 new nodes in level 4 (total 4507/244032232)
c BFS found 19138 new nodes in level 5 (total 23641/244032232)
c BFS found 83676 new nodes in level 6 (total 107219/244032232)
c BFS found 311816 new nodes in level 7 (total 418097/244032232)
c BFS found 987216 new nodes in level 8 (total 1399045/244032232)
c BFS found 2663364 new nodes in level 9 (total 4028275/244032232)
c BFS exiting found=true count=7941552 max_count=244032232
c Found with: Breadth First Search
a YES
a 6 12 13 18 23 28 30 33 36 37 38 40 46 49 51 54 58 63 
a 6 12 13 18 23 28 30 33 34 37 38 40 46 49 51 54 58 63 
a 6 9 12 13 18 23 28 30 33 34 37 38 40 46 49 54 58 63 
a 6 9 12 13 18 28 30 33 34 37 38 40 46 49 54 58 63 65 
a 4 6 9 12 13 18 28 30 33 34 38 40 46 49 54 58 63 65 
a 4 6 9 12 13 18 25 28 30 33 34 38 40 49 54 58 63 65 
a 4 6 9 12 13 18 25 28 30 34 38 40 49 50 54 58 63 65 
a 4 6 7 9 12 13 18 25 30 34 38 40 49 50 54 58 63 65 
a 4 6 7 9 12 13 18 19 25 30 34 38 40 49 50 58 63 65 
a 4 7 9 12 13 18 19 21 25 30 34 38 40 49 50 58 63 65 
a 4 7 9 12 13 18 19 21 25 30 34 38 40 49 50 57 63 65 
c Length: 10
	Command being timed: "/Users/soh/app/recon/src/recon benchmark/ISR-benchmark/random_instance/random_instance005_graph004.col benchmark/ISR-benchmark/random_instance/random_instance005_graph004.dat"
	User time (seconds): 130.34
	System time (seconds): 0.40
	Percent of CPU this job got: 99%
	Elapsed (wall clock) time (h:mm:ss or m:ss): 2:10.76
	Average shared text size (kbytes): 0
	Average unshared data size (kbytes): 0
	Average stack size (kbytes): 0
	Average total size (kbytes): 0
	Maximum resident set size (kbytes): 3341189120
	Average resident set size (kbytes): 0
	Major (requiring I/O) page faults: 0
	Minor (reclaiming a frame) page faults: 219979
	Voluntary context switches: 18
	Involuntary context switches: 490
	Swaps: 0
	File system inputs: 0
	File system outputs: 0
	Socket messages sent: 36
	Socket messages received: 0
	Signals delivered: 0
	Page size (bytes): 4096
	Exit status: 0
FINISHED CPU 130.74 MEM 0 MAXMEM 0 STALE 1
#RESULT: UNK
#FIN: FIN
#CPU: 130.74
#MAXMEM: 0
c 
#END: [Tue Aug  8 18:01:22 2023]
