#BEGIN: [Tue Aug  8 17:58:18 2023]
#HOST: mini29.local
#TIMELIMIT: 1800
#MEMLIMIT: 0
#FREQ: 10
#SOLVER: recon
#ARG1: benchmark/ISR-benchmark/random_instance/random_instance004_graph003.col
#ARG2: benchmark/ISR-benchmark/random_instance/random_instance004_graph003.dat
#COMMAND: /Users/soh/app/recon/src/recon benchmark/ISR-benchmark/random_instance/random_instance004_graph003.col benchmark/ISR-benchmark/random_instance/random_instance004_graph003.dat
c Copyright Volker Turau & Christoph Weyer, 2022
c Institute of Telematics
c Hamburg University of Technology, Hamburg, Germany
c Contact: turau@tuhh.de
c Graph file: benchmark/ISR-benchmark/random_instance/random_instance004_graph003.col
c Target file: benchmark/ISR-benchmark/random_instance/random_instance004_graph003.dat
c Size of independent set: 16
c Number of nodes of graph: 52
c Number of edges of graph: 156
c Average degree of graph: 6.00
s 7 8 10 11 17 19 20 21 24 25 29 30 35 40 42 47 
t 5 7 10 16 18 19 20 21 23 24 25 29 30 40 41 47 
c BFS found 13 new nodes in level 1 (total 14/268435456)
c BFS found 140 new nodes in level 2 (total 154/268435456)
c BFS found 1111 new nodes in level 3 (total 1265/268435456)
c BFS found 6188 new nodes in level 4 (total 7453/268435456)
c BFS exiting found=true count=15484 max_count=268435456
c Found with: Breadth First Search
a YES
a 7 8 10 11 17 19 20 21 24 25 29 30 35 40 42 47 
a 7 8 10 11 16 17 19 20 21 24 25 29 30 40 42 47 
a 7 8 10 11 16 17 18 19 20 21 24 25 29 30 40 47 
a 5 7 8 10 11 16 18 19 20 21 24 25 29 30 40 47 
a 5 7 10 11 16 18 19 20 21 23 24 25 29 30 40 47 
a 5 7 10 16 18 19 20 21 23 24 25 29 30 40 41 47 
c Length: 5
	Command being timed: "/Users/soh/app/recon/src/recon benchmark/ISR-benchmark/random_instance/random_instance004_graph003.col benchmark/ISR-benchmark/random_instance/random_instance004_graph003.dat"
	User time (seconds): 0.06
	System time (seconds): 0.00
	Percent of CPU this job got: 90%
	Elapsed (wall clock) time (h:mm:ss or m:ss): 0:00.07
	Average shared text size (kbytes): 0
	Average unshared data size (kbytes): 0
	Average stack size (kbytes): 0
	Average total size (kbytes): 0
	Maximum resident set size (kbytes): 9748480
	Average resident set size (kbytes): 0
	Major (requiring I/O) page faults: 0
	Minor (reclaiming a frame) page faults: 736
	Voluntary context switches: 17
	Involuntary context switches: 3
	Swaps: 0
	File system inputs: 0
	File system outputs: 0
	Socket messages sent: 34
	Socket messages received: 0
	Signals delivered: 0
	Page size (bytes): 4096
	Exit status: 0
FINISHED CPU 0.06 MEM 0 MAXMEM 0 STALE 1
#RESULT: UNK
#FIN: FIN
#CPU: 0.06
#MAXMEM: 0
c 
#END: [Tue Aug  8 17:58:18 2023]
