#BEGIN: [Wed Jul 19 16:22:06 2023]
#HOST: mini23.local
#TIMELIMIT: 7200
#MEMLIMIT: 0
#FREQ: 10
#SOLVER: sat-based-isr-tj05-230719-15h37m
#ARG1: benchmark/ISR-benchmark/random_instance/random_instance020_graph004.col
#ARG2: benchmark/ISR-benchmark/random_instance/random_instance020_graph004.dat
#COMMAND: /Users/soh/app/scala-2.12.4/bin/scala -J-Xms32g -J-Xmx32g -cp /Users/soh/app/IsrForCompetition230719-15h37m/scop.jar:/Users/soh/app/IsrForCompetition230719-15h37m/isr4competition_2.12-1.3.5.jar fun.scop.app.isr.IsrSolverTj05 benchmark/ISR-benchmark/random_instance/random_instance020_graph004.col benchmark/ISR-benchmark/random_instance/random_instance020_graph004.dat cadical /Users/soh/app/IsrForCompetition230719-15h37m/cadical
#Nodes: 257
#Edges: 780
WARNING. There is missing goal nodes: {234, 212, 76}
c (0) step 1 UNSAT 1627 5406
c (0) step 2 UNSAT 3166 10199
c (0) step 3 UNSAT 4960 15584
c (0) step 4 UNSAT 7094 21730
c (0) step 5 UNSAT 9653 28806
c (0) step 6 UNSAT 12722 36981
c (0) step 7 UNSAT 16386 46424
c (0) step 8 UNSAT 20730 57304
c (0) step 9 UNSAT 25839 69790
c (0) step 10 UNSAT 31798 84051
c (0) step 11 UNSAT 38692 100256
c (0) step 12 UNSAT 46606 118574
c (0) step 13 UNSAT 55625 139174
c (0) step 14 UNSAT 65834 162225
c (0) step 15 UNSAT 77318 187896
c (0) step 16 UNSAT 90162 216356
c (0) step 17 UNSAT 104451 247774
c (0) step 18 UNSAT 120270 282319
c (0) step 19 UNSAT 137704 320160
c (0) step 20 UNSAT 156838 361466
c (0) step 21 UNSAT 177757 406406
c (0) step 22 UNSAT 200546 455149
c (0) step 23 UNSAT 225290 507864
c (0) step 24 UNSAT 252074 564720
c (0) step 25 UNSAT 280983 625886
c (1) step 26 UNSAT 312102 691531
c (1) step 27 UNSAT 345516 761824
c (1) step 28 UNSAT 381310 836934
c (1) step 29 UNSAT 419569 917030
c (1) step 30 UNSAT 460378 1002281
c (1) step 31 UNSAT 503822 1092856
c (1) step 32 UNSAT 549986 1188924
c (1) step 33 UNSAT 598955 1290654
c (1) step 34 UNSAT 650814 1398215
c (2) step 35 UNSAT 705648 1511776
c (2) step 36 UNSAT 763542 1631506
c (2) step 37 UNSAT 824581 1757574
c (3) step 38 SAT 888850 1890149
a YES
a 3 7 8 9 10 16 18 20 21 22 25 26 30 31 34 35 39 41 46 56 57 58 59 62 63 66 72 75 79 80 83 84 85 86 94 100 101 106 116 117 118 120 122 123 125 126 128 129 139 140 141 142 143 144 159 160 162 166 169 170 172 174 175 179 182 183 184 185 196 198 199 200 202 204 208 214 217 218 223 226 227 231 243 245 249 253
a 3 7 8 9 10 16 18 20 21 22 25 26 30 31 34 35 39 41 46 56 57 58 59 63 66 72 75 79 80 83 84 85 86 94 100 101 106 116 117 118 120 122 123 125 126 128 129 138 139 140 141 142 143 144 159 160 162 166 169 170 172 174 175 179 182 183 184 185 196 198 199 200 202 204 208 214 217 218 223 226 227 231 243 245 249 253
a 3 7 8 9 10 16 18 20 21 22 25 26 30 31 34 35 39 41 46 53 56 57 58 59 63 66 72 75 79 80 84 85 86 94 100 101 106 116 117 118 120 122 123 125 126 128 129 138 139 140 141 142 143 144 159 160 162 166 169 170 172 174 175 179 182 183 184 185 196 198 199 200 202 204 208 214 217 218 223 226 227 231 243 245 249 253
a 1 3 7 8 9 10 16 18 20 21 22 25 26 30 31 34 35 39 41 46 53 56 57 58 59 63 66 72 75 79 80 84 85 86 94 100 101 106 116 118 120 122 123 125 126 128 129 138 139 140 141 142 143 144 159 160 162 166 169 170 172 174 175 179 182 183 184 185 196 198 199 200 202 204 208 214 217 218 223 226 227 231 243 245 249 253
a 1 3 7 8 9 10 16 18 20 21 22 25 26 30 31 34 35 39 41 46 52 53 56 58 59 63 66 72 75 79 80 84 85 86 94 100 101 106 116 118 120 122 123 125 126 128 129 138 139 140 141 142 143 144 159 160 162 166 169 170 172 174 175 179 182 183 184 185 196 198 199 200 202 204 208 214 217 218 223 226 227 231 243 245 249 253
a 1 2 3 7 8 9 10 16 18 20 21 22 25 26 30 31 34 35 39 41 46 52 53 56 58 59 63 66 72 75 79 80 84 85 86 94 100 101 106 116 118 120 122 123 125 126 128 129 138 139 140 141 143 144 159 160 162 166 169 170 172 174 175 179 182 183 184 185 196 198 199 200 202 204 208 214 217 218 223 226 227 231 243 245 249 253
a 1 2 3 7 8 9 10 16 18 21 22 25 26 30 31 34 35 39 41 46 52 53 56 58 59 63 66 72 75 79 80 84 85 86 92 94 100 101 106 116 118 120 122 123 125 126 128 129 138 139 140 141 143 144 159 160 162 166 169 170 172 174 175 179 182 183 184 185 196 198 199 200 202 204 208 214 217 218 223 226 227 231 243 245 249 253
a 1 2 3 7 9 10 16 18 21 22 25 26 30 31 34 35 39 41 46 52 53 56 58 59 63 66 72 75 79 80 84 85 86 92 94 100 101 106 116 118 120 122 123 125 126 128 129 138 139 140 141 143 144 159 160 162 166 169 170 172 174 175 179 182 183 184 185 196 198 199 200 202 204 208 214 217 218 223 226 227 231 243 245 249 251 253
a 1 2 3 7 9 10 16 18 22 25 26 30 31 34 35 39 41 46 52 53 56 58 59 63 66 72 75 79 80 84 85 86 92 94 100 101 106 116 118 120 122 123 125 126 128 129 138 139 140 141 143 144 157 159 160 162 166 169 170 172 174 175 179 182 183 184 185 196 198 199 200 202 204 208 214 217 218 223 226 227 231 243 245 249 251 253
a 1 2 3 7 9 10 16 18 22 25 26 30 31 34 35 39 41 46 48 52 53 56 58 59 63 66 75 79 80 84 85 86 92 94 100 101 106 116 118 120 122 123 125 126 128 129 138 139 140 141 143 144 157 159 160 162 166 169 170 172 174 175 179 182 183 184 185 196 198 199 200 202 204 208 214 217 218 223 226 227 231 243 245 249 251 253
a 1 2 3 7 9 10 16 18 22 25 26 30 31 34 35 39 41 46 48 52 53 56 58 59 63 66 75 79 80 84 85 86 92 94 100 101 106 118 120 122 123 125 126 127 128 129 138 139 140 141 143 144 157 159 160 162 166 169 170 172 174 175 179 182 183 184 185 196 198 199 200 202 204 208 214 217 218 223 226 227 231 243 245 249 251 253
a 1 2 3 7 9 10 16 18 25 26 30 31 34 35 39 41 46 48 52 53 56 58 59 63 66 75 79 80 84 85 86 92 94 100 101 106 118 120 122 123 125 126 127 128 129 138 139 140 141 143 144 157 159 160 162 166 169 170 172 174 175 179 182 183 184 185 196 198 199 200 202 204 208 214 217 218 223 226 227 231 233 243 245 249 251 253
a 1 2 3 7 9 10 16 18 25 26 30 31 34 35 39 41 46 48 52 53 56 58 59 63 66 79 80 84 85 86 92 94 100 101 106 118 120 122 123 125 126 127 128 129 138 139 140 141 143 144 157 159 160 162 166 169 170 172 174 175 179 182 183 184 185 196 198 199 200 202 204 208 214 217 218 223 226 227 231 233 243 245 249 251 253 258
a 1 2 3 7 9 10 16 18 25 26 30 31 34 35 39 41 46 48 52 53 56 58 59 63 66 79 80 84 85 86 87 92 94 100 101 118 120 122 123 125 126 127 128 129 138 139 140 141 143 144 157 159 160 162 166 169 170 172 174 175 179 182 183 184 185 196 198 199 200 202 204 208 214 217 218 223 226 227 231 233 243 245 249 251 253 258
a 1 2 3 7 9 10 16 18 25 26 30 31 34 35 39 41 46 48 52 53 56 58 59 63 66 79 80 84 85 86 87 92 94 100 101 118 120 122 123 125 126 127 128 129 138 139 140 141 143 144 157 159 160 162 166 169 170 172 174 175 179 182 183 184 185 196 198 199 200 202 204 208 214 217 223 224 226 227 231 233 243 245 249 251 253 258
a 1 2 3 7 9 10 16 18 25 26 30 31 34 35 39 41 46 48 52 53 56 58 59 63 66 79 80 84 85 86 87 92 94 100 101 118 120 122 123 125 126 127 128 129 138 139 140 141 143 144 157 159 160 162 166 169 170 172 174 175 179 182 183 184 196 198 199 200 202 204 208 213 214 217 223 224 226 227 231 233 243 245 249 251 253 258
a 1 2 3 7 9 10 16 18 25 26 30 31 34 35 39 41 46 48 52 53 58 59 61 63 66 79 80 84 85 86 87 92 94 100 101 118 120 122 123 125 126 127 128 129 138 139 140 141 143 144 157 159 160 162 166 169 170 172 174 175 179 182 183 184 196 198 199 200 202 204 208 213 214 217 223 224 226 227 231 233 243 245 249 251 253 258
a 1 2 3 7 9 10 16 18 25 26 30 31 34 35 39 41 46 48 52 53 58 59 61 63 66 79 80 84 85 86 87 92 94 100 101 118 120 122 123 125 126 127 128 129 138 139 140 141 143 144 157 160 162 166 169 170 172 174 175 179 182 183 184 196 198 199 200 202 204 208 213 214 217 223 224 226 227 231 233 235 243 245 249 251 253 258
a 1 2 3 7 9 10 16 18 25 26 30 31 34 35 39 41 46 48 52 53 58 59 61 63 66 79 80 84 85 86 87 92 94 100 101 118 120 122 123 125 126 127 128 129 138 139 140 141 143 144 154 157 160 162 166 169 170 172 175 179 182 183 184 196 198 199 200 202 204 208 213 214 217 223 224 226 227 231 233 235 243 245 249 251 253 258
a 1 2 3 7 9 10 16 18 25 26 30 31 34 35 39 41 46 48 52 53 58 61 63 66 79 80 84 85 86 87 92 94 100 101 112 118 120 122 123 125 126 127 128 129 138 139 140 141 143 144 154 157 160 162 166 169 170 172 175 179 182 183 184 196 198 199 200 202 204 208 213 214 217 223 224 226 227 231 233 235 243 245 249 251 253 258
a 1 2 3 7 9 10 16 18 25 26 30 31 34 35 39 41 48 52 53 58 61 63 66 79 80 84 85 86 87 92 94 100 101 107 112 118 120 122 123 125 126 127 128 129 138 139 140 141 143 144 154 157 160 162 166 169 170 172 175 179 182 183 184 196 198 199 200 202 204 208 213 214 217 223 224 226 227 231 233 235 243 245 249 251 253 258
a 1 2 3 7 9 10 16 18 25 26 30 31 34 35 39 41 48 52 53 58 61 63 66 79 80 84 85 86 87 92 94 100 101 107 112 118 120 122 123 125 126 127 128 129 138 140 141 143 144 154 157 158 160 162 166 169 170 172 175 179 182 183 184 196 198 199 200 202 204 208 213 214 217 223 224 226 227 231 233 235 243 245 249 251 253 258
a 1 2 3 7 9 10 16 18 25 26 30 31 34 35 39 41 48 52 53 58 61 63 66 79 80 84 85 86 87 92 94 100 101 107 112 118 120 122 123 125 126 127 128 129 138 140 141 143 144 147 154 157 158 160 162 166 169 170 172 175 182 183 184 196 198 199 200 202 204 208 213 214 217 223 224 226 227 231 233 235 243 245 249 251 253 258
a 1 2 3 7 9 16 18 25 26 30 31 34 35 39 41 48 52 53 58 61 63 66 79 80 84 85 86 87 92 94 100 101 107 112 118 120 122 123 125 126 127 128 129 138 140 141 143 144 145 147 154 157 158 160 162 166 169 170 172 175 182 183 184 196 198 199 200 202 204 208 213 214 217 223 224 226 227 231 233 235 243 245 249 251 253 258
a 1 2 3 7 9 16 18 25 26 30 31 34 35 39 41 48 52 53 58 61 63 66 79 80 84 85 86 87 92 94 100 101 103 107 112 118 120 122 125 126 127 128 129 138 140 141 143 144 145 147 154 157 158 160 162 166 169 170 172 175 182 183 184 196 198 199 200 202 204 208 213 214 217 223 224 226 227 231 233 235 243 245 249 251 253 258
a 1 2 3 7 9 18 25 26 30 31 34 35 39 41 48 52 53 58 61 63 66 79 80 81 84 85 86 87 92 94 100 101 103 107 112 118 120 122 125 126 127 128 129 138 140 141 143 144 145 147 154 157 158 160 162 166 169 170 172 175 182 183 184 196 198 199 200 202 204 208 213 214 217 223 224 226 227 231 233 235 243 245 249 251 253 258
a 1 2 3 7 9 18 25 26 30 31 34 35 36 39 41 48 52 53 58 61 63 66 79 80 81 84 85 86 87 92 94 100 101 103 107 112 118 120 122 125 127 128 129 138 140 141 143 144 145 147 154 157 158 160 162 166 169 170 172 175 182 183 184 196 198 199 200 202 204 208 213 214 217 223 224 226 227 231 233 235 243 245 249 251 253 258
a 1 2 3 7 9 13 18 26 30 31 34 35 36 39 41 48 52 53 58 61 63 66 79 80 81 84 85 86 87 92 94 100 101 103 107 112 118 120 122 125 127 128 129 138 140 141 143 144 145 147 154 157 158 160 162 166 169 170 172 175 182 183 184 196 198 199 200 202 204 208 213 214 217 223 224 226 227 231 233 235 243 245 249 251 253 258
a 1 2 3 7 9 13 18 26 30 31 34 35 36 39 41 48 52 53 58 61 63 66 79 80 81 84 85 86 87 92 94 100 101 103 107 112 118 120 122 125 127 128 129 138 140 141 143 144 145 147 154 157 158 160 162 166 169 170 172 175 182 183 196 198 199 200 202 204 208 213 214 217 223 224 226 227 231 233 235 243 245 248 249 251 253 258
a 1 2 3 7 9 12 13 18 26 30 31 34 35 36 41 48 52 53 58 61 63 66 79 80 81 84 85 86 87 92 94 100 101 103 107 112 118 120 122 125 127 128 129 138 140 141 143 144 145 147 154 157 158 160 162 166 169 170 172 175 182 183 196 198 199 200 202 204 208 213 214 217 223 224 226 227 231 233 235 243 245 248 249 251 253 258
a 1 2 3 7 9 12 13 18 26 30 31 34 35 36 41 48 52 53 58 61 63 66 79 80 81 84 85 86 87 92 94 100 101 103 107 112 118 120 122 125 127 128 129 138 141 143 144 145 147 154 157 158 160 162 166 169 170 172 175 182 183 196 198 199 200 202 204 208 213 214 217 223 224 226 227 229 231 233 235 243 245 248 249 251 253 258
a 1 2 3 7 9 12 13 18 26 30 31 34 35 36 41 48 52 53 61 63 64 66 79 80 81 84 85 86 87 92 94 100 101 103 107 112 118 120 122 125 127 128 129 138 141 143 144 145 147 154 157 158 160 162 166 169 170 172 175 182 183 196 198 199 200 202 204 208 213 214 217 223 224 226 227 229 231 233 235 243 245 248 249 251 253 258
a 1 2 3 7 9 12 13 18 26 30 31 34 35 36 41 48 52 53 61 63 64 66 79 80 81 84 85 86 87 92 94 100 101 103 107 112 118 120 122 125 127 128 129 138 141 143 144 145 147 154 157 158 160 162 166 169 170 172 175 182 183 190 196 198 200 202 204 208 213 214 217 223 224 226 227 229 231 233 235 243 245 248 249 251 253 258
a 1 2 3 7 9 12 13 18 26 30 31 34 35 36 41 48 52 53 61 63 64 66 79 80 81 84 85 86 87 92 93 94 100 101 103 107 112 118 120 122 125 127 128 129 138 141 143 144 145 147 154 157 158 160 162 166 169 170 172 175 182 183 190 196 198 200 202 204 208 213 214 217 223 224 226 227 229 231 233 235 245 248 249 251 253 258
a 1 2 3 7 9 12 13 18 26 30 31 34 35 36 41 48 52 53 61 63 64 66 79 80 81 84 85 86 87 92 93 94 100 101 103 107 112 118 120 122 125 127 128 129 138 141 143 144 145 147 154 157 158 160 162 166 169 172 175 182 183 190 196 198 200 202 204 208 213 214 217 223 224 226 227 229 231 233 235 245 248 249 251 253 258 260
a 1 2 3 7 9 12 13 18 26 30 31 34 35 36 41 44 48 52 53 61 63 64 66 79 80 81 84 85 86 87 92 93 94 100 101 103 107 112 118 120 122 125 127 128 129 138 141 143 144 145 147 154 157 158 160 162 166 169 172 175 182 183 190 196 198 200 202 204 208 213 214 217 223 224 226 229 231 233 235 245 248 249 251 253 258 260
a 1 2 3 7 9 12 13 14 18 26 30 31 34 35 36 41 44 48 52 53 61 63 64 66 79 80 81 84 85 86 87 92 93 94 100 101 103 107 112 118 120 122 125 127 128 129 138 141 143 144 145 147 154 157 158 160 162 166 169 172 175 182 183 190 196 198 200 202 204 208 213 214 217 223 224 229 231 233 235 245 248 249 251 253 258 260
a 1 2 3 7 9 12 13 14 18 26 30 31 33 34 35 36 41 44 48 52 53 61 63 64 66 79 80 81 84 85 86 87 92 93 94 100 101 103 107 112 118 120 122 125 127 128 129 138 141 143 144 145 147 154 157 158 162 166 169 172 175 182 183 190 196 198 200 202 204 208 213 214 217 223 224 229 231 233 235 245 248 249 251 253 258 260
a 1 2 3 7 9 12 13 14 18 26 30 31 33 34 35 36 41 44 48 52 53 61 63 64 66 79 80 81 84 85 86 87 92 93 94 100 101 103 104 107 112 118 120 122 125 127 128 129 138 141 143 144 145 147 154 157 158 162 166 169 172 175 182 183 190 196 198 200 202 204 208 213 217 223 224 229 231 233 235 245 248 249 251 253 258 260
	Command being timed: "/Users/soh/app/scala-2.12.4/bin/scala -J-Xms32g -J-Xmx32g -cp /Users/soh/app/IsrForCompetition230719-15h37m/scop.jar:/Users/soh/app/IsrForCompetition230719-15h37m/isr4competition_2.12-1.3.5.jar fun.scop.app.isr.IsrSolverTj05 benchmark/ISR-benchmark/random_instance/random_instance020_graph004.col benchmark/ISR-benchmark/random_instance/random_instance020_graph004.dat cadical /Users/soh/app/IsrForCompetition230719-15h37m/cadical"
	User time (seconds): 4.57
	System time (seconds): 0.74
	Percent of CPU this job got: 125%
	Elapsed (wall clock) time (h:mm:ss or m:ss): 0:04.23
	Average shared text size (kbytes): 0
	Average unshared data size (kbytes): 0
	Average stack size (kbytes): 0
	Average total size (kbytes): 0
	Maximum resident set size (kbytes): 13999161344
	Average resident set size (kbytes): 0
	Major (requiring I/O) page faults: 0
	Minor (reclaiming a frame) page faults: 866939
	Voluntary context switches: 35
	Involuntary context switches: 3587
	Swaps: 0
	File system inputs: 0
	File system outputs: 0
	Socket messages sent: 41
	Socket messages received: 0
	Signals delivered: 5
	Page size (bytes): 4096
	Exit status: 0
FINISHED CPU 5.31 MEM 0 MAXMEM 0 STALE 1
#RESULT: UNK
#FIN: FIN
#CPU: 5.31
#MAXMEM: 0
c 
#END: [Wed Jul 19 16:22:10 2023]
