#BEGIN: [Tue Aug  1 17:13:41 2023]
#HOST: mini24.local
#TIMELIMIT: 7200
#MEMLIMIT: 0
#FREQ: 10
#SOLVER: ddreconf230801-10h10m
#ARG1: benchmark/ISR-benchmark/random_instance/random_instance011_graph003.col
#ARG2: benchmark/ISR-benchmark/random_instance/random_instance011_graph003.dat
#COMMAND: /Users/soh/app/ddreconf230801-10h10m/ddreconf benchmark/ISR-benchmark/random_instance/random_instance011_graph003.col --indset --stwidth --stfile=benchmark/ISR-benchmark/random_instance/random_instance011_graph003.dat
Input graph file parsed. # of vertices = 143, # of edges = 429
s 4 7 10 19 21 24 33 35 37 38 40 42 43 44 46 47 48 68 52 53 56 60 65 66 67 72 77 82 86 98 100 101 104 109 115 132 120 118 131 138 123 126 128 130 135
t 6 7 8 10 11 12 14 16 18 21 23 24 25 35 39 45 46 47 50 75 68 53 57 58 60 61 65 72 73 74 77 80 90 98 100 106 109 110 143 132 117 123 126 130 135
Solution space ZDD construction start
Command terminated by signal 9
	Command being timed: "/Users/soh/app/ddreconf230801-10h10m/ddreconf benchmark/ISR-benchmark/random_instance/random_instance011_graph003.col --indset --stwidth --stfile=benchmark/ISR-benchmark/random_instance/random_instance011_graph003.dat"
	User time (seconds): 1928.22
	System time (seconds): 1753.42
	Percent of CPU this job got: 72%
	Elapsed (wall clock) time (h:mm:ss or m:ss): 1:24:06
	Average shared text size (kbytes): 0
	Average unshared data size (kbytes): 0
	Average stack size (kbytes): 0
	Average total size (kbytes): 0
	Maximum resident set size (kbytes): 253679452160
	Average resident set size (kbytes): 0
	Major (requiring I/O) page faults: 0
	Minor (reclaiming a frame) page faults: 332924539
	Voluntary context switches: 2312042
	Involuntary context switches: 4794923
	Swaps: 0
	File system inputs: 0
	File system outputs: 0
	Socket messages sent: 34
	Socket messages received: 0
	Signals delivered: 0
	Page size (bytes): 4096
	Exit status: 0
FINISHED CPU 3681.64 MEM 0 MAXMEM 0 STALE 1
#RESULT: UNK
#FIN: FIN
#CPU: 3681.64
#MAXMEM: 0
c 
#END: [Tue Aug  1 18:37:49 2023]
