#BEGIN: [Tue Aug  8 20:36:12 2023]
#HOST: mini23.local
#TIMELIMIT: 1800
#MEMLIMIT: 0
#FREQ: 10
#SOLVER: recon
#ARG1: benchmark/ISR-benchmark/random_instance/random_instance015_graph002.col
#ARG2: benchmark/ISR-benchmark/random_instance/random_instance015_graph002.dat
#COMMAND: /Users/soh/app/recon/src/recon benchmark/ISR-benchmark/random_instance/random_instance015_graph002.col benchmark/ISR-benchmark/random_instance/random_instance015_graph002.dat
c Copyright Volker Turau & Christoph Weyer, 2022
c Institute of Telematics
c Hamburg University of Technology, Hamburg, Germany
c Contact: turau@tuhh.de
c Graph file: benchmark/ISR-benchmark/random_instance/random_instance015_graph002.col
c Target file: benchmark/ISR-benchmark/random_instance/random_instance015_graph002.dat
c Size of independent set: 61
c Number of nodes of graph: 195
c Number of edges of graph: 585
c Average degree of graph: 6.00
s 2 5 8 9 11 15 16 18 21 29 30 35 43 45 46 57 60 64 66 68 70 75 76 80 84 85 87 92 93 97 101 106 109 110 111 112 113 114 116 119 120 130 131 132 133 137 140 143 144 147 151 155 161 162 176 180 184 185 191 193 194 
t 2 3 5 9 13 15 16 19 21 26 29 32 42 43 45 53 61 64 66 67 69 70 81 82 85 87 92 93 100 101 106 110 111 114 115 117 123 126 127 129 130 131 135 137 143 144 149 152 154 157 162 167 168 170 172 173 174 179 185 186 187 
c BFS found 49 new nodes in level 1 (total 50/206488812)
c BFS found 2565 new nodes in level 2 (total 2615/206488812)
c BFS found 96810 new nodes in level 3 (total 99425/206488812)
c BFS found 2749770 new nodes in level 4 (total 2849195/206488812)
c BFS found 62033855 new nodes in level 5 (total 64882883/206488812)
TIMEOUT CPU 1800 MEM 0 MAXMEM 0
#RESULT: UNK
#FIN: TO
#CPU: 1800
#MAXMEM: 0
c 12496 killed(2). 12497 killed(2). 12496 killed(9). 12497 killed(9). 
#END: [Tue Aug  8 21:06:13 2023]
