#BEGIN: [Tue Aug  8 21:38:13 2023]
#HOST: mini23.local
#TIMELIMIT: 1800
#MEMLIMIT: 0
#FREQ: 10
#SOLVER: recon
#ARG1: benchmark/ISR-benchmark/random_instance/random_instance018_graph005.col
#ARG2: benchmark/ISR-benchmark/random_instance/random_instance018_graph005.dat
#COMMAND: /Users/soh/app/recon/src/recon benchmark/ISR-benchmark/random_instance/random_instance018_graph005.col benchmark/ISR-benchmark/random_instance/random_instance018_graph005.dat
c Copyright Volker Turau & Christoph Weyer, 2022
c Institute of Telematics
c Hamburg University of Technology, Hamburg, Germany
c Contact: turau@tuhh.de
c Graph file: benchmark/ISR-benchmark/random_instance/random_instance018_graph005.col
c Target file: benchmark/ISR-benchmark/random_instance/random_instance018_graph005.dat
c Size of independent set: 76
c Number of nodes of graph: 234
c Number of edges of graph: 702
c Average degree of graph: 6.00
s 3 6 7 10 16 20 24 25 32 33 43 44 45 50 58 60 63 67 68 74 87 88 90 91 94 95 97 98 99 100 101 102 103 111 114 116 118 119 120 122 130 132 133 138 141 144 148 149 153 158 163 167 171 177 179 181 183 184 189 190 191 192 197 204 205 206 209 213 215 216 220 223 224 225 228 230 
t 3 9 13 15 17 20 29 31 32 33 35 37 46 51 54 59 63 69 70 74 76 78 84 88 89 90 91 100 101 102 106 110 112 114 116 119 120 121 122 123 128 129 138 139 140 141 147 148 149 153 161 162 164 168 171 177 178 183 188 189 190 193 198 199 203 205 210 211 215 221 222 223 224 227 231 233 
c BFS found 37 new nodes in level 1 (total 38/206488812)
c BFS found 1359 new nodes in level 2 (total 1397/206488812)
c BFS found 35340 new nodes in level 3 (total 36737/206488812)
c BFS found 701964 new nodes in level 4 (total 738700/206488812)
c BFS found 11094866 new nodes in level 5 (total 11833439/206488812)
TIMEOUT CPU 1800 MEM 0 MAXMEM 0
#RESULT: UNK
#FIN: TO
#CPU: 1800
#MAXMEM: 0
c 12533 killed(2). 12532 killed(2). 12533 killed(9). 12532 killed(9). 
#END: [Tue Aug  8 22:08:14 2023]
